[4.327s] Invoking command in '/home/misys/forza_ws/race_stack/system_identification/nodes/id_controller': PYTHONPATH=/home/misys/forza_ws/race_stack/build/id_controller/prefix_override:/usr/lib/python3/dist-packages/colcon_core/task/python/colcon_distutils_commands:/home/misys/forza_ws/race_stack/install/id_controller/lib/python3.10/site-packages:${PYTHONPATH} /usr/bin/python3 -W ignore:setup.py install is deprecated -W ignore:easy_install command is deprecated setup.py egg_info --egg-base ../../../build/id_controller build --build-base /home/misys/forza_ws/race_stack/build/id_controller/build install --record /home/misys/forza_ws/race_stack/build/id_controller/install.log --single-version-externally-managed install_data
[5.442s] running egg_info
[5.443s] creating ../../../build/id_controller/id_controller.egg-info
[5.444s] writing ../../../build/id_controller/id_controller.egg-info/PKG-INFO
[5.444s] writing dependency_links to ../../../build/id_controller/id_controller.egg-info/dependency_links.txt
[5.445s] writing entry points to ../../../build/id_controller/id_controller.egg-info/entry_points.txt
[5.458s] writing requirements to ../../../build/id_controller/id_controller.egg-info/requires.txt
[5.458s] writing top-level names to ../../../build/id_controller/id_controller.egg-info/top_level.txt
[5.459s] writing manifest file '../../../build/id_controller/id_controller.egg-info/SOURCES.txt'
[5.466s] reading manifest file '../../../build/id_controller/id_controller.egg-info/SOURCES.txt'
[5.466s] adding license file 'LICENSE'
[5.467s] writing manifest file '../../../build/id_controller/id_controller.egg-info/SOURCES.txt'
[5.467s] running build
[5.468s] running build_py
[5.469s] creating /home/misys/forza_ws/race_stack/build/id_controller/build
[5.470s] creating /home/misys/forza_ws/race_stack/build/id_controller/build/lib
[5.470s] creating /home/misys/forza_ws/race_stack/build/id_controller/build/lib/id_controller
[5.470s] copying id_controller/__init__.py -> /home/misys/forza_ws/race_stack/build/id_controller/build/lib/id_controller
[5.474s] running install
[5.475s] running install_lib
[5.478s] creating /home/misys/forza_ws/race_stack/install/id_controller/lib/python3.10/site-packages/id_controller
[5.486s] copying /home/misys/forza_ws/race_stack/build/id_controller/build/lib/id_controller/__init__.py -> /home/misys/forza_ws/race_stack/install/id_controller/lib/python3.10/site-packages/id_controller
[5.488s] byte-compiling /home/misys/forza_ws/race_stack/install/id_controller/lib/python3.10/site-packages/id_controller/__init__.py to __init__.cpython-310.pyc
[5.489s] running install_data
[5.489s] creating /home/misys/forza_ws/race_stack/install/id_controller/share/ament_index
[5.489s] creating /home/misys/forza_ws/race_stack/install/id_controller/share/ament_index/resource_index
[5.490s] creating /home/misys/forza_ws/race_stack/install/id_controller/share/ament_index/resource_index/packages
[5.490s] copying resource/id_controller -> /home/misys/forza_ws/race_stack/install/id_controller/share/ament_index/resource_index/packages
[5.490s] copying package.xml -> /home/misys/forza_ws/race_stack/install/id_controller/share/id_controller
[5.502s] running install_egg_info
[5.508s] Copying ../../../build/id_controller/id_controller.egg-info to /home/misys/forza_ws/race_stack/install/id_controller/lib/python3.10/site-packages/id_controller-0.0.0-py3.10.egg-info
[5.511s] running install_scripts
[5.611s] writing list of installed files to '/home/misys/forza_ws/race_stack/build/id_controller/install.log'
[5.836s] Invoked command in '/home/misys/forza_ws/race_stack/system_identification/nodes/id_controller' returned '0': PYTHONPATH=/home/misys/forza_ws/race_stack/build/id_controller/prefix_override:/usr/lib/python3/dist-packages/colcon_core/task/python/colcon_distutils_commands:/home/misys/forza_ws/race_stack/install/id_controller/lib/python3.10/site-packages:${PYTHONPATH} /usr/bin/python3 -W ignore:setup.py install is deprecated -W ignore:easy_install command is deprecated setup.py egg_info --egg-base ../../../build/id_controller build --build-base /home/misys/forza_ws/race_stack/build/id_controller/build install --record /home/misys/forza_ws/race_stack/build/id_controller/install.log --single-version-externally-managed install_data
