[6.881s] Invoking command in '/home/misys/forza_ws/race_stack/planner/global_planner': PYTHONPATH=/home/misys/forza_ws/race_stack/build/global_planner/prefix_override:/usr/lib/python3/dist-packages/colcon_core/task/python/colcon_distutils_commands:/home/misys/forza_ws/race_stack/install/global_planner/lib/python3.10/site-packages:${PYTHONPATH} /usr/bin/python3 -W ignore:setup.py install is deprecated -W ignore:easy_install command is deprecated setup.py egg_info --egg-base ../../build/global_planner build --build-base /home/misys/forza_ws/race_stack/build/global_planner/build install --record /home/misys/forza_ws/race_stack/build/global_planner/install.log --single-version-externally-managed install_data
[9.554s] running egg_info
[9.564s] writing ../../build/global_planner/global_planner.egg-info/PKG-INFO
[9.568s] writing dependency_links to ../../build/global_planner/global_planner.egg-info/dependency_links.txt
[9.572s] writing entry points to ../../build/global_planner/global_planner.egg-info/entry_points.txt
[9.578s] writing requirements to ../../build/global_planner/global_planner.egg-info/requires.txt
[9.578s] writing top-level names to ../../build/global_planner/global_planner.egg-info/top_level.txt
[9.588s] reading manifest file '../../build/global_planner/global_planner.egg-info/SOURCES.txt'
[9.594s] adding license file 'LICENSE'
[9.595s] writing manifest file '../../build/global_planner/global_planner.egg-info/SOURCES.txt'
[9.596s] running build
[9.610s] running build_py
[9.610s] running install
[9.610s] running install_lib
[9.612s] running install_data
[9.629s] running install_egg_info
[9.634s] removing '/home/misys/forza_ws/race_stack/install/global_planner/lib/python3.10/site-packages/global_planner-0.0.0-py3.10.egg-info' (and everything under it)
[9.643s] Copying ../../build/global_planner/global_planner.egg-info to /home/misys/forza_ws/race_stack/install/global_planner/lib/python3.10/site-packages/global_planner-0.0.0-py3.10.egg-info
[9.645s] running install_scripts
[9.765s] Installing global_planner script to /home/misys/forza_ws/race_stack/install/global_planner/lib/global_planner
[9.772s] Installing global_trajectory_publisher script to /home/misys/forza_ws/race_stack/install/global_planner/lib/global_planner
[9.773s] writing list of installed files to '/home/misys/forza_ws/race_stack/build/global_planner/install.log'
[11.497s] Invoked command in '/home/misys/forza_ws/race_stack/planner/global_planner' returned '0': PYTHONPATH=/home/misys/forza_ws/race_stack/build/global_planner/prefix_override:/usr/lib/python3/dist-packages/colcon_core/task/python/colcon_distutils_commands:/home/misys/forza_ws/race_stack/install/global_planner/lib/python3.10/site-packages:${PYTHONPATH} /usr/bin/python3 -W ignore:setup.py install is deprecated -W ignore:easy_install command is deprecated setup.py egg_info --egg-base ../../build/global_planner build --build-base /home/misys/forza_ws/race_stack/build/global_planner/build install --record /home/misys/forza_ws/race_stack/build/global_planner/install.log --single-version-externally-managed install_data
