[0.054s] Invoking command in '/home/misys/forza_ws/race_stack/build/ackermann_mux': CMAKE_PREFIX_PATH=/opt/ros/humble /usr/bin/cmake --build /home/misys/forza_ws/race_stack/build/ackermann_mux -- -j6 -l6
[1.078s] [35m[1mConsolidate compiler generated dependencies of target ackermann_mux[0m
[1.078s] [100%] Built target ackermann_mux
[1.798s] Invoked command in '/home/misys/forza_ws/race_stack/build/ackermann_mux' returned '0': CMAKE_PREFIX_PATH=/opt/ros/humble /usr/bin/cmake --build /home/misys/forza_ws/race_stack/build/ackermann_mux -- -j6 -l6
[1.824s] Invoking command in '/home/misys/forza_ws/race_stack/build/ackermann_mux': CMAKE_PREFIX_PATH=/opt/ros/humble /usr/bin/cmake --install /home/misys/forza_ws/race_stack/build/ackermann_mux
[1.844s] -- Install configuration: ""
[1.844s] -- Up-to-date: /home/misys/forza_ws/race_stack/install/ackermann_mux/lib/ackermann_mux/ackermann_mux
[1.845s] -- Up-to-date: /home/misys/forza_ws/race_stack/install/ackermann_mux/share/ackermann_mux/launch
[1.846s] -- Up-to-date: /home/misys/forza_ws/race_stack/install/ackermann_mux/share/ackermann_mux/launch/ackermann_mux_launch.py
[1.846s] -- Up-to-date: /home/misys/forza_ws/race_stack/install/ackermann_mux/share/ackermann_mux/config
[1.846s] -- Up-to-date: /home/misys/forza_ws/race_stack/install/ackermann_mux/share/ackermann_mux/config/ackermann_mux_topics.yaml
[1.846s] -- Up-to-date: /home/misys/forza_ws/race_stack/install/ackermann_mux/share/ackermann_mux/config/joystick.yaml
[1.846s] -- Up-to-date: /home/misys/forza_ws/race_stack/install/ackermann_mux/share/ackermann_mux/config/ackermann_mux_locks.yaml
[1.846s] -- Up-to-date: /home/misys/forza_ws/race_stack/install/ackermann_mux/include
[1.846s] -- Up-to-date: /home/misys/forza_ws/race_stack/install/ackermann_mux/include/ackermann_mux
[1.846s] -- Up-to-date: /home/misys/forza_ws/race_stack/install/ackermann_mux/include/ackermann_mux/params_helpers.hpp
[1.847s] -- Up-to-date: /home/misys/forza_ws/race_stack/install/ackermann_mux/include/ackermann_mux/topic_handle.hpp
[1.847s] -- Up-to-date: /home/misys/forza_ws/race_stack/install/ackermann_mux/include/ackermann_mux/ackermann_mux_diagnostics_status.hpp
[1.847s] -- Up-to-date: /home/misys/forza_ws/race_stack/install/ackermann_mux/include/ackermann_mux/utils.hpp
[1.847s] -- Up-to-date: /home/misys/forza_ws/race_stack/install/ackermann_mux/include/ackermann_mux/ackermann_mux.hpp
[1.847s] -- Up-to-date: /home/misys/forza_ws/race_stack/install/ackermann_mux/include/ackermann_mux/ackermann_mux_diagnostics.hpp
[1.847s] -- Up-to-date: /home/misys/forza_ws/race_stack/install/ackermann_mux/share/ament_index/resource_index/package_run_dependencies/ackermann_mux
[1.847s] -- Up-to-date: /home/misys/forza_ws/race_stack/install/ackermann_mux/share/ament_index/resource_index/parent_prefix_path/ackermann_mux
[1.847s] -- Up-to-date: /home/misys/forza_ws/race_stack/install/ackermann_mux/share/ackermann_mux/environment/ament_prefix_path.sh
[1.847s] -- Up-to-date: /home/misys/forza_ws/race_stack/install/ackermann_mux/share/ackermann_mux/environment/ament_prefix_path.dsv
[1.848s] -- Up-to-date: /home/misys/forza_ws/race_stack/install/ackermann_mux/share/ackermann_mux/environment/path.sh
[1.848s] -- Up-to-date: /home/misys/forza_ws/race_stack/install/ackermann_mux/share/ackermann_mux/environment/path.dsv
[1.848s] -- Up-to-date: /home/misys/forza_ws/race_stack/install/ackermann_mux/share/ackermann_mux/local_setup.bash
[1.848s] -- Up-to-date: /home/misys/forza_ws/race_stack/install/ackermann_mux/share/ackermann_mux/local_setup.sh
[1.850s] -- Up-to-date: /home/misys/forza_ws/race_stack/install/ackermann_mux/share/ackermann_mux/local_setup.zsh
[1.852s] -- Up-to-date: /home/misys/forza_ws/race_stack/install/ackermann_mux/share/ackermann_mux/local_setup.dsv
[1.852s] -- Installing: /home/misys/forza_ws/race_stack/install/ackermann_mux/share/ackermann_mux/package.dsv
[1.853s] -- Up-to-date: /home/misys/forza_ws/race_stack/install/ackermann_mux/share/ament_index/resource_index/packages/ackermann_mux
[1.853s] -- Up-to-date: /home/misys/forza_ws/race_stack/install/ackermann_mux/share/ackermann_mux/cmake/ament_cmake_export_include_directories-extras.cmake
[1.855s] -- Up-to-date: /home/misys/forza_ws/race_stack/install/ackermann_mux/share/ackermann_mux/cmake/ament_cmake_export_dependencies-extras.cmake
[1.856s] -- Up-to-date: /home/misys/forza_ws/race_stack/install/ackermann_mux/share/ackermann_mux/cmake/ackermann_muxConfig.cmake
[1.858s] -- Up-to-date: /home/misys/forza_ws/race_stack/install/ackermann_mux/share/ackermann_mux/cmake/ackermann_muxConfig-version.cmake
[1.859s] -- Up-to-date: /home/misys/forza_ws/race_stack/install/ackermann_mux/share/ackermann_mux/package.xml
[1.940s] Invoked command in '/home/misys/forza_ws/race_stack/build/ackermann_mux' returned '0': CMAKE_PREFIX_PATH=/opt/ros/humble /usr/bin/cmake --install /home/misys/forza_ws/race_stack/build/ackermann_mux
