[0.091s] Invoking command in '/home/misys/forza_ws/race_stack/build/vesc_msgs': CMAKE_PREFIX_PATH=${CMAKE_PREFIX_PATH}:/home/misys/forza_ws/race_stack/install/f1tenth_stack:/home/misys/forza_ws/race_stack/install/joy_teleop:/home/misys/forza_ws/race_stack/install/steering_lookup:/home/misys/forza_ws/race_stack/install/state_machine:/home/misys/forza_ws/race_stack/install/slam_tuner:/home/misys/forza_ws/race_stack/install/state_estimation:/home/misys/forza_ws/race_stack/install/map_editor:/home/misys/forza_ws/race_stack/install/stack_master:/home/misys/forza_ws/race_stack/install/spline_planner:/home/misys/forza_ws/race_stack/install/sector_tuner:/home/misys/forza_ws/race_stack/install/perception:/home/misys/forza_ws/race_stack/install/particle_filter:/home/misys/forza_ws/race_stack/install/opponent_publisher:/home/misys/forza_ws/race_stack/install/mouse_teleop:/home/misys/forza_ws/race_stack/install/lap_analyser:/home/misys/forza_ws/race_stack/install/key_teleop:/home/misys/forza_ws/race_stack/install/id_controller:/home/misys/forza_ws/race_stack/install/global_planner:/home/misys/forza_ws/race_stack/install/frenet_odom_republisher:/home/misys/forza_ws/race_stack/install/frenet_conversion:/home/misys/forza_ws/race_stack/install/f1tenth_gym_ros:/home/misys/forza_ws/race_stack/install/controller:/opt/ros/humble /usr/bin/cmake --build /home/misys/forza_ws/race_stack/build/vesc_msgs -- -j6 -l6
[0.972s] [ 10%] Built target vesc_msgs__rosidl_generator_c
[0.972s] [ 12%] Built target vesc_msgs__cpp
[0.973s] [ 12%] Built target ament_cmake_python_copy_vesc_msgs
[0.973s] [ 23%] Built target vesc_msgs__rosidl_typesupport_introspection_c
[0.973s] [ 34%] Built target vesc_msgs__rosidl_typesupport_c
[0.973s] [ 45%] Built target vesc_msgs__rosidl_typesupport_fastrtps_c
[0.973s] [ 67%] Built target vesc_msgs__rosidl_typesupport_introspection_cpp
[0.973s] [ 56%] Built target vesc_msgs__rosidl_typesupport_fastrtps_cpp
[0.973s] [ 78%] Built target vesc_msgs__rosidl_typesupport_cpp
[0.974s] [ 78%] Built target vesc_msgs
[0.974s] [ 80%] Built target vesc_msgs__py
[0.987s] [ 89%] Built target vesc_msgs__rosidl_generator_py
[1.160s] [ 92%] Built target vesc_msgs__rosidl_typesupport_introspection_c__pyext
[1.175s] [ 96%] Built target vesc_msgs__rosidl_typesupport_fastrtps_c__pyext
[1.181s] [100%] Built target vesc_msgs__rosidl_typesupport_c__pyext
[1.402s] running egg_info
[1.403s] writing vesc_msgs.egg-info/PKG-INFO
[1.404s] writing dependency_links to vesc_msgs.egg-info/dependency_links.txt
[1.404s] writing top-level names to vesc_msgs.egg-info/top_level.txt
[1.410s] reading manifest file 'vesc_msgs.egg-info/SOURCES.txt'
[1.411s] writing manifest file 'vesc_msgs.egg-info/SOURCES.txt'
[1.503s] [100%] Built target ament_cmake_python_build_vesc_msgs_egg
[1.873s] Invoked command in '/home/misys/forza_ws/race_stack/build/vesc_msgs' returned '0': CMAKE_PREFIX_PATH=${CMAKE_PREFIX_PATH}:/home/misys/forza_ws/race_stack/install/f1tenth_stack:/home/misys/forza_ws/race_stack/install/joy_teleop:/home/misys/forza_ws/race_stack/install/steering_lookup:/home/misys/forza_ws/race_stack/install/state_machine:/home/misys/forza_ws/race_stack/install/slam_tuner:/home/misys/forza_ws/race_stack/install/state_estimation:/home/misys/forza_ws/race_stack/install/map_editor:/home/misys/forza_ws/race_stack/install/stack_master:/home/misys/forza_ws/race_stack/install/spline_planner:/home/misys/forza_ws/race_stack/install/sector_tuner:/home/misys/forza_ws/race_stack/install/perception:/home/misys/forza_ws/race_stack/install/particle_filter:/home/misys/forza_ws/race_stack/install/opponent_publisher:/home/misys/forza_ws/race_stack/install/mouse_teleop:/home/misys/forza_ws/race_stack/install/lap_analyser:/home/misys/forza_ws/race_stack/install/key_teleop:/home/misys/forza_ws/race_stack/install/id_controller:/home/misys/forza_ws/race_stack/install/global_planner:/home/misys/forza_ws/race_stack/install/frenet_odom_republisher:/home/misys/forza_ws/race_stack/install/frenet_conversion:/home/misys/forza_ws/race_stack/install/f1tenth_gym_ros:/home/misys/forza_ws/race_stack/install/controller:/opt/ros/humble /usr/bin/cmake --build /home/misys/forza_ws/race_stack/build/vesc_msgs -- -j6 -l6
[1.878s] Invoking command in '/home/misys/forza_ws/race_stack/build/vesc_msgs': CMAKE_PREFIX_PATH=${CMAKE_PREFIX_PATH}:/home/misys/forza_ws/race_stack/install/f1tenth_stack:/home/misys/forza_ws/race_stack/install/joy_teleop:/home/misys/forza_ws/race_stack/install/steering_lookup:/home/misys/forza_ws/race_stack/install/state_machine:/home/misys/forza_ws/race_stack/install/slam_tuner:/home/misys/forza_ws/race_stack/install/state_estimation:/home/misys/forza_ws/race_stack/install/map_editor:/home/misys/forza_ws/race_stack/install/stack_master:/home/misys/forza_ws/race_stack/install/spline_planner:/home/misys/forza_ws/race_stack/install/sector_tuner:/home/misys/forza_ws/race_stack/install/perception:/home/misys/forza_ws/race_stack/install/particle_filter:/home/misys/forza_ws/race_stack/install/opponent_publisher:/home/misys/forza_ws/race_stack/install/mouse_teleop:/home/misys/forza_ws/race_stack/install/lap_analyser:/home/misys/forza_ws/race_stack/install/key_teleop:/home/misys/forza_ws/race_stack/install/id_controller:/home/misys/forza_ws/race_stack/install/global_planner:/home/misys/forza_ws/race_stack/install/frenet_odom_republisher:/home/misys/forza_ws/race_stack/install/frenet_conversion:/home/misys/forza_ws/race_stack/install/f1tenth_gym_ros:/home/misys/forza_ws/race_stack/install/controller:/opt/ros/humble /usr/bin/cmake --install /home/misys/forza_ws/race_stack/build/vesc_msgs
[1.897s] -- Install configuration: ""
[1.897s] -- Up-to-date: /home/misys/forza_ws/race_stack/install/vesc_msgs/share/ament_index/resource_index/rosidl_interfaces/vesc_msgs
[1.898s] -- Up-to-date: /home/misys/forza_ws/race_stack/install/vesc_msgs/include/vesc_msgs/vesc_msgs
[1.899s] -- Up-to-date: /home/misys/forza_ws/race_stack/install/vesc_msgs/include/vesc_msgs/vesc_msgs/msg
[1.899s] -- Up-to-date: /home/misys/forza_ws/race_stack/install/vesc_msgs/include/vesc_msgs/vesc_msgs/msg/detail
[1.899s] -- Up-to-date: /home/misys/forza_ws/race_stack/install/vesc_msgs/include/vesc_msgs/vesc_msgs/msg/detail/vesc_state_stamped__functions.c
[1.900s] -- Up-to-date: /home/misys/forza_ws/race_stack/install/vesc_msgs/include/vesc_msgs/vesc_msgs/msg/detail/vesc_imu__functions.h
[1.900s] -- Up-to-date: /home/misys/forza_ws/race_stack/install/vesc_msgs/include/vesc_msgs/vesc_msgs/msg/detail/vesc_state_stamped__struct.h
[1.900s] -- Up-to-date: /home/misys/forza_ws/race_stack/install/vesc_msgs/include/vesc_msgs/vesc_msgs/msg/detail/vesc_state_stamped__functions.h
[1.900s] -- Up-to-date: /home/misys/forza_ws/race_stack/install/vesc_msgs/include/vesc_msgs/vesc_msgs/msg/detail/vesc_state_stamped__type_support.h
[1.900s] -- Up-to-date: /home/misys/forza_ws/race_stack/install/vesc_msgs/include/vesc_msgs/vesc_msgs/msg/detail/vesc_state__struct.h
[1.900s] -- Up-to-date: /home/misys/forza_ws/race_stack/install/vesc_msgs/include/vesc_msgs/vesc_msgs/msg/detail/vesc_state__functions.h
[1.901s] -- Up-to-date: /home/misys/forza_ws/race_stack/install/vesc_msgs/include/vesc_msgs/vesc_msgs/msg/detail/vesc_imu__functions.c
[1.901s] -- Up-to-date: /home/misys/forza_ws/race_stack/install/vesc_msgs/include/vesc_msgs/vesc_msgs/msg/detail/vesc_imu__type_support.h
[1.901s] -- Up-to-date: /home/misys/forza_ws/race_stack/install/vesc_msgs/include/vesc_msgs/vesc_msgs/msg/detail/vesc_state__type_support.h
[1.901s] -- Up-to-date: /home/misys/forza_ws/race_stack/install/vesc_msgs/include/vesc_msgs/vesc_msgs/msg/detail/vesc_state__functions.c
[1.901s] -- Up-to-date: /home/misys/forza_ws/race_stack/install/vesc_msgs/include/vesc_msgs/vesc_msgs/msg/detail/vesc_imu__struct.h
[1.902s] -- Up-to-date: /home/misys/forza_ws/race_stack/install/vesc_msgs/include/vesc_msgs/vesc_msgs/msg/detail/vesc_imu_stamped__struct.h
[1.902s] -- Up-to-date: /home/misys/forza_ws/race_stack/install/vesc_msgs/include/vesc_msgs/vesc_msgs/msg/detail/vesc_imu_stamped__functions.h
[1.902s] -- Up-to-date: /home/misys/forza_ws/race_stack/install/vesc_msgs/include/vesc_msgs/vesc_msgs/msg/detail/vesc_imu_stamped__type_support.h
[1.902s] -- Up-to-date: /home/misys/forza_ws/race_stack/install/vesc_msgs/include/vesc_msgs/vesc_msgs/msg/detail/vesc_imu_stamped__functions.c
[1.902s] -- Up-to-date: /home/misys/forza_ws/race_stack/install/vesc_msgs/include/vesc_msgs/vesc_msgs/msg/rosidl_generator_c__visibility_control.h
[1.902s] -- Up-to-date: /home/misys/forza_ws/race_stack/install/vesc_msgs/include/vesc_msgs/vesc_msgs/msg/vesc_imu_stamped.h
[1.903s] -- Up-to-date: /home/misys/forza_ws/race_stack/install/vesc_msgs/include/vesc_msgs/vesc_msgs/msg/vesc_state_stamped.h
[1.903s] -- Up-to-date: /home/misys/forza_ws/race_stack/install/vesc_msgs/include/vesc_msgs/vesc_msgs/msg/vesc_imu.h
[1.903s] -- Up-to-date: /home/misys/forza_ws/race_stack/install/vesc_msgs/include/vesc_msgs/vesc_msgs/msg/vesc_state.h
[1.903s] -- Up-to-date: /home/misys/forza_ws/race_stack/install/vesc_msgs/share/vesc_msgs/environment/library_path.sh
[1.903s] -- Up-to-date: /home/misys/forza_ws/race_stack/install/vesc_msgs/share/vesc_msgs/environment/library_path.dsv
[1.903s] -- Up-to-date: /home/misys/forza_ws/race_stack/install/vesc_msgs/lib/libvesc_msgs__rosidl_generator_c.so
[1.905s] -- Up-to-date: /home/misys/forza_ws/race_stack/install/vesc_msgs/include/vesc_msgs/vesc_msgs
[1.906s] -- Up-to-date: /home/misys/forza_ws/race_stack/install/vesc_msgs/include/vesc_msgs/vesc_msgs/msg
[1.906s] -- Up-to-date: /home/misys/forza_ws/race_stack/install/vesc_msgs/include/vesc_msgs/vesc_msgs/msg/detail
[1.906s] -- Up-to-date: /home/misys/forza_ws/race_stack/install/vesc_msgs/include/vesc_msgs/vesc_msgs/msg/detail/vesc_imu_stamped__rosidl_typesupport_fastrtps_c.h
[1.907s] -- Up-to-date: /home/misys/forza_ws/race_stack/install/vesc_msgs/include/vesc_msgs/vesc_msgs/msg/detail/vesc_state__rosidl_typesupport_fastrtps_c.h
[1.907s] -- Up-to-date: /home/misys/forza_ws/race_stack/install/vesc_msgs/include/vesc_msgs/vesc_msgs/msg/detail/vesc_state_stamped__rosidl_typesupport_fastrtps_c.h
[1.907s] -- Up-to-date: /home/misys/forza_ws/race_stack/install/vesc_msgs/include/vesc_msgs/vesc_msgs/msg/detail/vesc_imu__rosidl_typesupport_fastrtps_c.h
[1.908s] -- Up-to-date: /home/misys/forza_ws/race_stack/install/vesc_msgs/include/vesc_msgs/vesc_msgs/msg/rosidl_typesupport_fastrtps_c__visibility_control.h
[1.908s] -- Up-to-date: /home/misys/forza_ws/race_stack/install/vesc_msgs/lib/libvesc_msgs__rosidl_typesupport_fastrtps_c.so
[1.908s] -- Up-to-date: /home/misys/forza_ws/race_stack/install/vesc_msgs/include/vesc_msgs/vesc_msgs
[1.909s] -- Up-to-date: /home/misys/forza_ws/race_stack/install/vesc_msgs/include/vesc_msgs/vesc_msgs/msg
[1.909s] -- Up-to-date: /home/misys/forza_ws/race_stack/install/vesc_msgs/include/vesc_msgs/vesc_msgs/msg/detail
[1.909s] -- Up-to-date: /home/misys/forza_ws/race_stack/install/vesc_msgs/include/vesc_msgs/vesc_msgs/msg/detail/vesc_imu__rosidl_typesupport_introspection_c.h
[1.909s] -- Up-to-date: /home/misys/forza_ws/race_stack/install/vesc_msgs/include/vesc_msgs/vesc_msgs/msg/detail/vesc_state_stamped__type_support.c
[1.910s] -- Up-to-date: /home/misys/forza_ws/race_stack/install/vesc_msgs/include/vesc_msgs/vesc_msgs/msg/detail/vesc_state__type_support.c
[1.910s] -- Up-to-date: /home/misys/forza_ws/race_stack/install/vesc_msgs/include/vesc_msgs/vesc_msgs/msg/detail/vesc_imu_stamped__type_support.c
[1.910s] -- Up-to-date: /home/misys/forza_ws/race_stack/install/vesc_msgs/include/vesc_msgs/vesc_msgs/msg/detail/vesc_imu__type_support.c
[1.910s] -- Up-to-date: /home/misys/forza_ws/race_stack/install/vesc_msgs/include/vesc_msgs/vesc_msgs/msg/detail/vesc_state_stamped__rosidl_typesupport_introspection_c.h
[1.910s] -- Up-to-date: /home/misys/forza_ws/race_stack/install/vesc_msgs/include/vesc_msgs/vesc_msgs/msg/detail/vesc_imu_stamped__rosidl_typesupport_introspection_c.h
[1.910s] -- Up-to-date: /home/misys/forza_ws/race_stack/install/vesc_msgs/include/vesc_msgs/vesc_msgs/msg/detail/vesc_state__rosidl_typesupport_introspection_c.h
[1.911s] -- Up-to-date: /home/misys/forza_ws/race_stack/install/vesc_msgs/include/vesc_msgs/vesc_msgs/msg/rosidl_typesupport_introspection_c__visibility_control.h
[1.911s] -- Up-to-date: /home/misys/forza_ws/race_stack/install/vesc_msgs/lib/libvesc_msgs__rosidl_typesupport_introspection_c.so
[1.911s] -- Up-to-date: /home/misys/forza_ws/race_stack/install/vesc_msgs/lib/libvesc_msgs__rosidl_typesupport_c.so
[1.911s] -- Up-to-date: /home/misys/forza_ws/race_stack/install/vesc_msgs/include/vesc_msgs/vesc_msgs
[1.911s] -- Up-to-date: /home/misys/forza_ws/race_stack/install/vesc_msgs/include/vesc_msgs/vesc_msgs/msg
[1.912s] -- Up-to-date: /home/misys/forza_ws/race_stack/install/vesc_msgs/include/vesc_msgs/vesc_msgs/msg/rosidl_generator_cpp__visibility_control.hpp
[1.914s] -- Up-to-date: /home/misys/forza_ws/race_stack/install/vesc_msgs/include/vesc_msgs/vesc_msgs/msg/detail
[1.915s] -- Up-to-date: /home/misys/forza_ws/race_stack/install/vesc_msgs/include/vesc_msgs/vesc_msgs/msg/detail/vesc_imu__builder.hpp
[1.915s] -- Up-to-date: /home/misys/forza_ws/race_stack/install/vesc_msgs/include/vesc_msgs/vesc_msgs/msg/detail/vesc_state_stamped__traits.hpp
[1.915s] -- Up-to-date: /home/misys/forza_ws/race_stack/install/vesc_msgs/include/vesc_msgs/vesc_msgs/msg/detail/vesc_imu__type_support.hpp
[1.915s] -- Up-to-date: /home/misys/forza_ws/race_stack/install/vesc_msgs/include/vesc_msgs/vesc_msgs/msg/detail/vesc_imu_stamped__struct.hpp
[1.915s] -- Up-to-date: /home/misys/forza_ws/race_stack/install/vesc_msgs/include/vesc_msgs/vesc_msgs/msg/detail/vesc_imu__struct.hpp
[1.915s] -- Up-to-date: /home/misys/forza_ws/race_stack/install/vesc_msgs/include/vesc_msgs/vesc_msgs/msg/detail/vesc_state_stamped__type_support.hpp
[1.915s] -- Up-to-date: /home/misys/forza_ws/race_stack/install/vesc_msgs/include/vesc_msgs/vesc_msgs/msg/detail/vesc_state_stamped__builder.hpp
[1.931s] -- Up-to-date: /home/misys/forza_ws/race_stack/install/vesc_msgs/include/vesc_msgs/vesc_msgs/msg/detail/vesc_imu_stamped__builder.hpp
[1.931s] -- Up-to-date: /home/misys/forza_ws/race_stack/install/vesc_msgs/include/vesc_msgs/vesc_msgs/msg/detail/vesc_imu_stamped__traits.hpp
[1.931s] -- Up-to-date: /home/misys/forza_ws/race_stack/install/vesc_msgs/include/vesc_msgs/vesc_msgs/msg/detail/vesc_state__builder.hpp
[1.931s] -- Up-to-date: /home/misys/forza_ws/race_stack/install/vesc_msgs/include/vesc_msgs/vesc_msgs/msg/detail/vesc_state__struct.hpp
[1.931s] -- Up-to-date: /home/misys/forza_ws/race_stack/install/vesc_msgs/include/vesc_msgs/vesc_msgs/msg/detail/vesc_state__type_support.hpp
[1.932s] -- Up-to-date: /home/misys/forza_ws/race_stack/install/vesc_msgs/include/vesc_msgs/vesc_msgs/msg/detail/vesc_imu_stamped__type_support.hpp
[1.932s] -- Up-to-date: /home/misys/forza_ws/race_stack/install/vesc_msgs/include/vesc_msgs/vesc_msgs/msg/detail/vesc_state__traits.hpp
[1.932s] -- Up-to-date: /home/misys/forza_ws/race_stack/install/vesc_msgs/include/vesc_msgs/vesc_msgs/msg/detail/vesc_imu__traits.hpp
[1.932s] -- Up-to-date: /home/misys/forza_ws/race_stack/install/vesc_msgs/include/vesc_msgs/vesc_msgs/msg/detail/vesc_state_stamped__struct.hpp
[1.932s] -- Up-to-date: /home/misys/forza_ws/race_stack/install/vesc_msgs/include/vesc_msgs/vesc_msgs/msg/vesc_imu.hpp
[1.932s] -- Up-to-date: /home/misys/forza_ws/race_stack/install/vesc_msgs/include/vesc_msgs/vesc_msgs/msg/vesc_imu_stamped.hpp
[1.932s] -- Up-to-date: /home/misys/forza_ws/race_stack/install/vesc_msgs/include/vesc_msgs/vesc_msgs/msg/vesc_state_stamped.hpp
[1.932s] -- Up-to-date: /home/misys/forza_ws/race_stack/install/vesc_msgs/include/vesc_msgs/vesc_msgs/msg/vesc_state.hpp
[1.933s] -- Up-to-date: /home/misys/forza_ws/race_stack/install/vesc_msgs/include/vesc_msgs/vesc_msgs
[1.933s] -- Up-to-date: /home/misys/forza_ws/race_stack/install/vesc_msgs/include/vesc_msgs/vesc_msgs/msg
[1.933s] -- Up-to-date: /home/misys/forza_ws/race_stack/install/vesc_msgs/include/vesc_msgs/vesc_msgs/msg/detail
[1.933s] -- Up-to-date: /home/misys/forza_ws/race_stack/install/vesc_msgs/include/vesc_msgs/vesc_msgs/msg/detail/vesc_imu_stamped__rosidl_typesupport_fastrtps_cpp.hpp
[1.933s] -- Up-to-date: /home/misys/forza_ws/race_stack/install/vesc_msgs/include/vesc_msgs/vesc_msgs/msg/detail/vesc_imu__rosidl_typesupport_fastrtps_cpp.hpp
[1.938s] -- Up-to-date: /home/misys/forza_ws/race_stack/install/vesc_msgs/include/vesc_msgs/vesc_msgs/msg/detail/vesc_state_stamped__rosidl_typesupport_fastrtps_cpp.hpp
[1.938s] -- Up-to-date: /home/misys/forza_ws/race_stack/install/vesc_msgs/include/vesc_msgs/vesc_msgs/msg/detail/dds_fastrtps
[1.939s] -- Up-to-date: /home/misys/forza_ws/race_stack/install/vesc_msgs/include/vesc_msgs/vesc_msgs/msg/detail/vesc_state__rosidl_typesupport_fastrtps_cpp.hpp
[1.939s] -- Up-to-date: /home/misys/forza_ws/race_stack/install/vesc_msgs/include/vesc_msgs/vesc_msgs/msg/rosidl_typesupport_fastrtps_cpp__visibility_control.h
[1.939s] -- Up-to-date: /home/misys/forza_ws/race_stack/install/vesc_msgs/lib/libvesc_msgs__rosidl_typesupport_fastrtps_cpp.so
[1.941s] -- Up-to-date: /home/misys/forza_ws/race_stack/install/vesc_msgs/include/vesc_msgs/vesc_msgs
[1.941s] -- Up-to-date: /home/misys/forza_ws/race_stack/install/vesc_msgs/include/vesc_msgs/vesc_msgs/msg
[1.942s] -- Up-to-date: /home/misys/forza_ws/race_stack/install/vesc_msgs/include/vesc_msgs/vesc_msgs/msg/detail
[1.943s] -- Up-to-date: /home/misys/forza_ws/race_stack/install/vesc_msgs/include/vesc_msgs/vesc_msgs/msg/detail/vesc_imu__rosidl_typesupport_introspection_cpp.hpp
[1.943s] -- Up-to-date: /home/misys/forza_ws/race_stack/install/vesc_msgs/include/vesc_msgs/vesc_msgs/msg/detail/vesc_imu_stamped__type_support.cpp
[1.944s] -- Up-to-date: /home/misys/forza_ws/race_stack/install/vesc_msgs/include/vesc_msgs/vesc_msgs/msg/detail/vesc_imu__type_support.cpp
[1.945s] -- Up-to-date: /home/misys/forza_ws/race_stack/install/vesc_msgs/include/vesc_msgs/vesc_msgs/msg/detail/vesc_state_stamped__rosidl_typesupport_introspection_cpp.hpp
[1.947s] -- Up-to-date: /home/misys/forza_ws/race_stack/install/vesc_msgs/include/vesc_msgs/vesc_msgs/msg/detail/vesc_imu_stamped__rosidl_typesupport_introspection_cpp.hpp
[1.947s] -- Up-to-date: /home/misys/forza_ws/race_stack/install/vesc_msgs/include/vesc_msgs/vesc_msgs/msg/detail/vesc_state__type_support.cpp
[1.948s] -- Up-to-date: /home/misys/forza_ws/race_stack/install/vesc_msgs/include/vesc_msgs/vesc_msgs/msg/detail/vesc_state__rosidl_typesupport_introspection_cpp.hpp
[1.949s] -- Up-to-date: /home/misys/forza_ws/race_stack/install/vesc_msgs/include/vesc_msgs/vesc_msgs/msg/detail/vesc_state_stamped__type_support.cpp
[1.949s] -- Up-to-date: /home/misys/forza_ws/race_stack/install/vesc_msgs/lib/libvesc_msgs__rosidl_typesupport_introspection_cpp.so
[1.949s] -- Up-to-date: /home/misys/forza_ws/race_stack/install/vesc_msgs/lib/libvesc_msgs__rosidl_typesupport_cpp.so
[1.950s] -- Up-to-date: /home/misys/forza_ws/race_stack/install/vesc_msgs/share/vesc_msgs/environment/pythonpath.sh
[1.952s] -- Up-to-date: /home/misys/forza_ws/race_stack/install/vesc_msgs/share/vesc_msgs/environment/pythonpath.dsv
[1.952s] -- Up-to-date: /home/misys/forza_ws/race_stack/install/vesc_msgs/local/lib/python3.10/dist-packages/vesc_msgs-1.2.0-py3.10.egg-info
[1.953s] -- Installing: /home/misys/forza_ws/race_stack/install/vesc_msgs/local/lib/python3.10/dist-packages/vesc_msgs-1.2.0-py3.10.egg-info/dependency_links.txt
[1.953s] -- Installing: /home/misys/forza_ws/race_stack/install/vesc_msgs/local/lib/python3.10/dist-packages/vesc_msgs-1.2.0-py3.10.egg-info/PKG-INFO
[1.953s] -- Installing: /home/misys/forza_ws/race_stack/install/vesc_msgs/local/lib/python3.10/dist-packages/vesc_msgs-1.2.0-py3.10.egg-info/top_level.txt
[1.953s] -- Installing: /home/misys/forza_ws/race_stack/install/vesc_msgs/local/lib/python3.10/dist-packages/vesc_msgs-1.2.0-py3.10.egg-info/SOURCES.txt
[1.953s] -- Up-to-date: /home/misys/forza_ws/race_stack/install/vesc_msgs/local/lib/python3.10/dist-packages/vesc_msgs
[1.953s] -- Up-to-date: /home/misys/forza_ws/race_stack/install/vesc_msgs/local/lib/python3.10/dist-packages/vesc_msgs/_vesc_msgs_s.ep.rosidl_typesupport_c.c
[1.953s] -- Up-to-date: /home/misys/forza_ws/race_stack/install/vesc_msgs/local/lib/python3.10/dist-packages/vesc_msgs/vesc_msgs_s__rosidl_typesupport_c.cpython-310-aarch64-linux-gnu.so
[1.953s] -- Up-to-date: /home/misys/forza_ws/race_stack/install/vesc_msgs/local/lib/python3.10/dist-packages/vesc_msgs/vesc_msgs_s__rosidl_typesupport_introspection_c.cpython-310-aarch64-linux-gnu.so
[1.954s] -- Up-to-date: /home/misys/forza_ws/race_stack/install/vesc_msgs/local/lib/python3.10/dist-packages/vesc_msgs/msg
[1.954s] -- Up-to-date: /home/misys/forza_ws/race_stack/install/vesc_msgs/local/lib/python3.10/dist-packages/vesc_msgs/msg/_vesc_imu_stamped.py
[1.954s] -- Up-to-date: /home/misys/forza_ws/race_stack/install/vesc_msgs/local/lib/python3.10/dist-packages/vesc_msgs/msg/_vesc_state.py
[1.954s] -- Up-to-date: /home/misys/forza_ws/race_stack/install/vesc_msgs/local/lib/python3.10/dist-packages/vesc_msgs/msg/_vesc_state_stamped.py
[1.954s] -- Up-to-date: /home/misys/forza_ws/race_stack/install/vesc_msgs/local/lib/python3.10/dist-packages/vesc_msgs/msg/__init__.py
[1.954s] -- Up-to-date: /home/misys/forza_ws/race_stack/install/vesc_msgs/local/lib/python3.10/dist-packages/vesc_msgs/msg/_vesc_state_stamped_s.c
[1.954s] -- Up-to-date: /home/misys/forza_ws/race_stack/install/vesc_msgs/local/lib/python3.10/dist-packages/vesc_msgs/msg/_vesc_imu_s.c
[1.954s] -- Up-to-date: /home/misys/forza_ws/race_stack/install/vesc_msgs/local/lib/python3.10/dist-packages/vesc_msgs/msg/_vesc_imu_stamped_s.c
[1.955s] -- Up-to-date: /home/misys/forza_ws/race_stack/install/vesc_msgs/local/lib/python3.10/dist-packages/vesc_msgs/msg/_vesc_state_s.c
[1.955s] -- Up-to-date: /home/misys/forza_ws/race_stack/install/vesc_msgs/local/lib/python3.10/dist-packages/vesc_msgs/msg/_vesc_imu.py
[1.955s] -- Up-to-date: /home/misys/forza_ws/race_stack/install/vesc_msgs/local/lib/python3.10/dist-packages/vesc_msgs/_vesc_msgs_s.ep.rosidl_typesupport_introspection_c.c
[1.955s] -- Up-to-date: /home/misys/forza_ws/race_stack/install/vesc_msgs/local/lib/python3.10/dist-packages/vesc_msgs/_vesc_msgs_s.ep.rosidl_typesupport_fastrtps_c.c
[1.955s] -- Up-to-date: /home/misys/forza_ws/race_stack/install/vesc_msgs/local/lib/python3.10/dist-packages/vesc_msgs/__init__.py
[1.955s] -- Up-to-date: /home/misys/forza_ws/race_stack/install/vesc_msgs/local/lib/python3.10/dist-packages/vesc_msgs/libvesc_msgs__rosidl_generator_py.so
[1.955s] -- Up-to-date: /home/misys/forza_ws/race_stack/install/vesc_msgs/local/lib/python3.10/dist-packages/vesc_msgs/vesc_msgs_s__rosidl_typesupport_fastrtps_c.cpython-310-aarch64-linux-gnu.so
[2.082s] Listing '/home/misys/forza_ws/race_stack/install/vesc_msgs/local/lib/python3.10/dist-packages/vesc_msgs'...
[2.082s] Listing '/home/misys/forza_ws/race_stack/install/vesc_msgs/local/lib/python3.10/dist-packages/vesc_msgs/msg'...
[2.096s] -- Up-to-date: /home/misys/forza_ws/race_stack/install/vesc_msgs/local/lib/python3.10/dist-packages/vesc_msgs/vesc_msgs_s__rosidl_typesupport_fastrtps_c.cpython-310-aarch64-linux-gnu.so
[2.097s] -- Up-to-date: /home/misys/forza_ws/race_stack/install/vesc_msgs/local/lib/python3.10/dist-packages/vesc_msgs/vesc_msgs_s__rosidl_typesupport_introspection_c.cpython-310-aarch64-linux-gnu.so
[2.098s] -- Up-to-date: /home/misys/forza_ws/race_stack/install/vesc_msgs/local/lib/python3.10/dist-packages/vesc_msgs/vesc_msgs_s__rosidl_typesupport_c.cpython-310-aarch64-linux-gnu.so
[2.099s] -- Up-to-date: /home/misys/forza_ws/race_stack/install/vesc_msgs/lib/libvesc_msgs__rosidl_generator_py.so
[2.099s] -- Up-to-date: /home/misys/forza_ws/race_stack/install/vesc_msgs/share/vesc_msgs/msg/VescState.idl
[2.100s] -- Up-to-date: /home/misys/forza_ws/race_stack/install/vesc_msgs/share/vesc_msgs/msg/VescStateStamped.idl
[2.100s] -- Up-to-date: /home/misys/forza_ws/race_stack/install/vesc_msgs/share/vesc_msgs/msg/VescImu.idl
[2.100s] -- Up-to-date: /home/misys/forza_ws/race_stack/install/vesc_msgs/share/vesc_msgs/msg/VescImuStamped.idl
[2.100s] -- Up-to-date: /home/misys/forza_ws/race_stack/install/vesc_msgs/share/vesc_msgs/msg/VescState.msg
[2.100s] -- Up-to-date: /home/misys/forza_ws/race_stack/install/vesc_msgs/share/vesc_msgs/msg/VescStateStamped.msg
[2.101s] -- Up-to-date: /home/misys/forza_ws/race_stack/install/vesc_msgs/share/vesc_msgs/msg/VescImu.msg
[2.101s] -- Up-to-date: /home/misys/forza_ws/race_stack/install/vesc_msgs/share/vesc_msgs/msg/VescImuStamped.msg
[2.101s] -- Up-to-date: /home/misys/forza_ws/race_stack/install/vesc_msgs/share/ament_index/resource_index/package_run_dependencies/vesc_msgs
[2.101s] -- Up-to-date: /home/misys/forza_ws/race_stack/install/vesc_msgs/share/ament_index/resource_index/parent_prefix_path/vesc_msgs
[2.101s] -- Up-to-date: /home/misys/forza_ws/race_stack/install/vesc_msgs/share/vesc_msgs/environment/ament_prefix_path.sh
[2.102s] -- Up-to-date: /home/misys/forza_ws/race_stack/install/vesc_msgs/share/vesc_msgs/environment/ament_prefix_path.dsv
[2.102s] -- Up-to-date: /home/misys/forza_ws/race_stack/install/vesc_msgs/share/vesc_msgs/environment/path.sh
[2.102s] -- Up-to-date: /home/misys/forza_ws/race_stack/install/vesc_msgs/share/vesc_msgs/environment/path.dsv
[2.102s] -- Up-to-date: /home/misys/forza_ws/race_stack/install/vesc_msgs/share/vesc_msgs/local_setup.bash
[2.103s] -- Up-to-date: /home/misys/forza_ws/race_stack/install/vesc_msgs/share/vesc_msgs/local_setup.sh
[2.103s] -- Up-to-date: /home/misys/forza_ws/race_stack/install/vesc_msgs/share/vesc_msgs/local_setup.zsh
[2.103s] -- Up-to-date: /home/misys/forza_ws/race_stack/install/vesc_msgs/share/vesc_msgs/local_setup.dsv
[2.103s] -- Installing: /home/misys/forza_ws/race_stack/install/vesc_msgs/share/vesc_msgs/package.dsv
[2.105s] -- Up-to-date: /home/misys/forza_ws/race_stack/install/vesc_msgs/share/ament_index/resource_index/packages/vesc_msgs
[2.105s] -- Up-to-date: /home/misys/forza_ws/race_stack/install/vesc_msgs/share/vesc_msgs/cmake/export_vesc_msgs__rosidl_generator_cExport.cmake
[2.106s] -- Up-to-date: /home/misys/forza_ws/race_stack/install/vesc_msgs/share/vesc_msgs/cmake/export_vesc_msgs__rosidl_generator_cExport-noconfig.cmake
[2.106s] -- Up-to-date: /home/misys/forza_ws/race_stack/install/vesc_msgs/share/vesc_msgs/cmake/export_vesc_msgs__rosidl_typesupport_fastrtps_cExport.cmake
[2.106s] -- Up-to-date: /home/misys/forza_ws/race_stack/install/vesc_msgs/share/vesc_msgs/cmake/export_vesc_msgs__rosidl_typesupport_fastrtps_cExport-noconfig.cmake
[2.107s] -- Up-to-date: /home/misys/forza_ws/race_stack/install/vesc_msgs/share/vesc_msgs/cmake/vesc_msgs__rosidl_typesupport_introspection_cExport.cmake
[2.111s] -- Up-to-date: /home/misys/forza_ws/race_stack/install/vesc_msgs/share/vesc_msgs/cmake/vesc_msgs__rosidl_typesupport_introspection_cExport-noconfig.cmake
[2.111s] -- Up-to-date: /home/misys/forza_ws/race_stack/install/vesc_msgs/share/vesc_msgs/cmake/vesc_msgs__rosidl_typesupport_cExport.cmake
[2.112s] -- Up-to-date: /home/misys/forza_ws/race_stack/install/vesc_msgs/share/vesc_msgs/cmake/vesc_msgs__rosidl_typesupport_cExport-noconfig.cmake
[2.112s] -- Up-to-date: /home/misys/forza_ws/race_stack/install/vesc_msgs/share/vesc_msgs/cmake/export_vesc_msgs__rosidl_generator_cppExport.cmake
[2.112s] -- Up-to-date: /home/misys/forza_ws/race_stack/install/vesc_msgs/share/vesc_msgs/cmake/export_vesc_msgs__rosidl_typesupport_fastrtps_cppExport.cmake
[2.112s] -- Up-to-date: /home/misys/forza_ws/race_stack/install/vesc_msgs/share/vesc_msgs/cmake/export_vesc_msgs__rosidl_typesupport_fastrtps_cppExport-noconfig.cmake
[2.113s] -- Up-to-date: /home/misys/forza_ws/race_stack/install/vesc_msgs/share/vesc_msgs/cmake/vesc_msgs__rosidl_typesupport_introspection_cppExport.cmake
[2.113s] -- Up-to-date: /home/misys/forza_ws/race_stack/install/vesc_msgs/share/vesc_msgs/cmake/vesc_msgs__rosidl_typesupport_introspection_cppExport-noconfig.cmake
[2.113s] -- Up-to-date: /home/misys/forza_ws/race_stack/install/vesc_msgs/share/vesc_msgs/cmake/vesc_msgs__rosidl_typesupport_cppExport.cmake
[2.113s] -- Up-to-date: /home/misys/forza_ws/race_stack/install/vesc_msgs/share/vesc_msgs/cmake/vesc_msgs__rosidl_typesupport_cppExport-noconfig.cmake
[2.113s] -- Up-to-date: /home/misys/forza_ws/race_stack/install/vesc_msgs/share/vesc_msgs/cmake/export_vesc_msgs__rosidl_generator_pyExport.cmake
[2.114s] -- Up-to-date: /home/misys/forza_ws/race_stack/install/vesc_msgs/share/vesc_msgs/cmake/export_vesc_msgs__rosidl_generator_pyExport-noconfig.cmake
[2.115s] -- Up-to-date: /home/misys/forza_ws/race_stack/install/vesc_msgs/share/vesc_msgs/cmake/rosidl_cmake-extras.cmake
[2.115s] -- Up-to-date: /home/misys/forza_ws/race_stack/install/vesc_msgs/share/vesc_msgs/cmake/ament_cmake_export_dependencies-extras.cmake
[2.115s] -- Up-to-date: /home/misys/forza_ws/race_stack/install/vesc_msgs/share/vesc_msgs/cmake/ament_cmake_export_include_directories-extras.cmake
[2.115s] -- Up-to-date: /home/misys/forza_ws/race_stack/install/vesc_msgs/share/vesc_msgs/cmake/ament_cmake_export_libraries-extras.cmake
[2.121s] -- Up-to-date: /home/misys/forza_ws/race_stack/install/vesc_msgs/share/vesc_msgs/cmake/ament_cmake_export_targets-extras.cmake
[2.124s] -- Up-to-date: /home/misys/forza_ws/race_stack/install/vesc_msgs/share/vesc_msgs/cmake/rosidl_cmake_export_typesupport_targets-extras.cmake
[2.125s] -- Up-to-date: /home/misys/forza_ws/race_stack/install/vesc_msgs/share/vesc_msgs/cmake/rosidl_cmake_export_typesupport_libraries-extras.cmake
[2.125s] -- Up-to-date: /home/misys/forza_ws/race_stack/install/vesc_msgs/share/vesc_msgs/cmake/vesc_msgsConfig.cmake
[2.125s] -- Up-to-date: /home/misys/forza_ws/race_stack/install/vesc_msgs/share/vesc_msgs/cmake/vesc_msgsConfig-version.cmake
[2.126s] -- Up-to-date: /home/misys/forza_ws/race_stack/install/vesc_msgs/share/vesc_msgs/package.xml
[2.915s] Invoked command in '/home/misys/forza_ws/race_stack/build/vesc_msgs' returned '0': CMAKE_PREFIX_PATH=${CMAKE_PREFIX_PATH}:/home/misys/forza_ws/race_stack/install/f1tenth_stack:/home/misys/forza_ws/race_stack/install/joy_teleop:/home/misys/forza_ws/race_stack/install/steering_lookup:/home/misys/forza_ws/race_stack/install/state_machine:/home/misys/forza_ws/race_stack/install/slam_tuner:/home/misys/forza_ws/race_stack/install/state_estimation:/home/misys/forza_ws/race_stack/install/map_editor:/home/misys/forza_ws/race_stack/install/stack_master:/home/misys/forza_ws/race_stack/install/spline_planner:/home/misys/forza_ws/race_stack/install/sector_tuner:/home/misys/forza_ws/race_stack/install/perception:/home/misys/forza_ws/race_stack/install/particle_filter:/home/misys/forza_ws/race_stack/install/opponent_publisher:/home/misys/forza_ws/race_stack/install/mouse_teleop:/home/misys/forza_ws/race_stack/install/lap_analyser:/home/misys/forza_ws/race_stack/install/key_teleop:/home/misys/forza_ws/race_stack/install/id_controller:/home/misys/forza_ws/race_stack/install/global_planner:/home/misys/forza_ws/race_stack/install/frenet_odom_republisher:/home/misys/forza_ws/race_stack/install/frenet_conversion:/home/misys/forza_ws/race_stack/install/f1tenth_gym_ros:/home/misys/forza_ws/race_stack/install/controller:/opt/ros/humble /usr/bin/cmake --install /home/misys/forza_ws/race_stack/build/vesc_msgs
