[3.164s] Invoking command in '/home/misys/forza_ws/race_stack/state_machine': PYTHONPATH=/home/misys/forza_ws/race_stack/build/state_machine/prefix_override:/usr/lib/python3/dist-packages/colcon_core/task/python/colcon_distutils_commands:/home/misys/forza_ws/race_stack/install/state_machine/lib/python3.10/site-packages:${PYTHONPATH} /usr/bin/python3 -W ignore:setup.py install is deprecated -W ignore:easy_install command is deprecated setup.py egg_info --egg-base ../build/state_machine build --build-base /home/misys/forza_ws/race_stack/build/state_machine/build install --record /home/misys/forza_ws/race_stack/build/state_machine/install.log --single-version-externally-managed install_data
[3.823s] running egg_info
[3.824s] writing ../build/state_machine/state_machine.egg-info/PKG-INFO
[3.825s] writing dependency_links to ../build/state_machine/state_machine.egg-info/dependency_links.txt
[3.825s] writing entry points to ../build/state_machine/state_machine.egg-info/entry_points.txt
[3.826s] writing requirements to ../build/state_machine/state_machine.egg-info/requires.txt
[3.826s] writing top-level names to ../build/state_machine/state_machine.egg-info/top_level.txt
[3.830s] reading manifest file '../build/state_machine/state_machine.egg-info/SOURCES.txt'
[3.830s] adding license file 'LICENSE'
[3.832s] writing manifest file '../build/state_machine/state_machine.egg-info/SOURCES.txt'
[3.832s] running build
[3.832s] running build_py
[3.833s] running install
[3.834s] running install_lib
[3.838s] running install_data
[3.838s] running install_egg_info
[3.843s] removing '/home/misys/forza_ws/race_stack/install/state_machine/lib/python3.10/site-packages/state_machine-0.0.0-py3.10.egg-info' (and everything under it)
[3.843s] Copying ../build/state_machine/state_machine.egg-info to /home/misys/forza_ws/race_stack/install/state_machine/lib/python3.10/site-packages/state_machine-0.0.0-py3.10.egg-info
[3.846s] running install_scripts
[3.890s] Installing state_machine script to /home/misys/forza_ws/race_stack/install/state_machine/lib/state_machine
[3.891s] writing list of installed files to '/home/misys/forza_ws/race_stack/build/state_machine/install.log'
[4.750s] Invoked command in '/home/misys/forza_ws/race_stack/state_machine' returned '0': PYTHONPATH=/home/misys/forza_ws/race_stack/build/state_machine/prefix_override:/usr/lib/python3/dist-packages/colcon_core/task/python/colcon_distutils_commands:/home/misys/forza_ws/race_stack/install/state_machine/lib/python3.10/site-packages:${PYTHONPATH} /usr/bin/python3 -W ignore:setup.py install is deprecated -W ignore:easy_install command is deprecated setup.py egg_info --egg-base ../build/state_machine build --build-base /home/misys/forza_ws/race_stack/build/state_machine/build install --record /home/misys/forza_ws/race_stack/build/state_machine/install.log --single-version-externally-managed install_data
