[3.171s] Invoking command in '/home/misys/forza_ws/race_stack/planner/global_planner': PYTHONPATH=/home/misys/forza_ws/race_stack/build/global_planner/prefix_override:/usr/lib/python3/dist-packages/colcon_core/task/python/colcon_distutils_commands:/home/misys/forza_ws/race_stack/install/global_planner/lib/python3.10/site-packages:${PYTHONPATH} /usr/bin/python3 -W ignore:setup.py install is deprecated -W ignore:easy_install command is deprecated setup.py egg_info --egg-base ../../build/global_planner build --build-base /home/misys/forza_ws/race_stack/build/global_planner/build install --record /home/misys/forza_ws/race_stack/build/global_planner/install.log --single-version-externally-managed install_data
[3.860s] running egg_info
[3.861s] writing ../../build/global_planner/global_planner.egg-info/PKG-INFO
[3.862s] writing dependency_links to ../../build/global_planner/global_planner.egg-info/dependency_links.txt
[3.863s] writing entry points to ../../build/global_planner/global_planner.egg-info/entry_points.txt
[3.863s] writing requirements to ../../build/global_planner/global_planner.egg-info/requires.txt
[3.863s] writing top-level names to ../../build/global_planner/global_planner.egg-info/top_level.txt
[3.867s] reading manifest file '../../build/global_planner/global_planner.egg-info/SOURCES.txt'
[3.868s] adding license file 'LICENSE'
[3.869s] writing manifest file '../../build/global_planner/global_planner.egg-info/SOURCES.txt'
[3.869s] running build
[3.869s] running build_py
[3.870s] running install
[3.871s] running install_lib
[3.875s] running install_data
[3.875s] running install_egg_info
[3.880s] removing '/home/misys/forza_ws/race_stack/install/global_planner/lib/python3.10/site-packages/global_planner-0.0.0-py3.10.egg-info' (and everything under it)
[3.881s] Copying ../../build/global_planner/global_planner.egg-info to /home/misys/forza_ws/race_stack/install/global_planner/lib/python3.10/site-packages/global_planner-0.0.0-py3.10.egg-info
[3.884s] running install_scripts
[3.939s] Installing global_planner script to /home/misys/forza_ws/race_stack/install/global_planner/lib/global_planner
[3.939s] Installing global_trajectory_publisher script to /home/misys/forza_ws/race_stack/install/global_planner/lib/global_planner
[3.939s] writing list of installed files to '/home/misys/forza_ws/race_stack/build/global_planner/install.log'
[4.051s] Invoked command in '/home/misys/forza_ws/race_stack/planner/global_planner' returned '0': PYTHONPATH=/home/misys/forza_ws/race_stack/build/global_planner/prefix_override:/usr/lib/python3/dist-packages/colcon_core/task/python/colcon_distutils_commands:/home/misys/forza_ws/race_stack/install/global_planner/lib/python3.10/site-packages:${PYTHONPATH} /usr/bin/python3 -W ignore:setup.py install is deprecated -W ignore:easy_install command is deprecated setup.py egg_info --egg-base ../../build/global_planner build --build-base /home/misys/forza_ws/race_stack/build/global_planner/build install --record /home/misys/forza_ws/race_stack/build/global_planner/install.log --single-version-externally-managed install_data
