[9.222s] Invoking command in '/home/misys/forza_ws/race_stack/system_identification/steering_lookup': PYTHONPATH=/home/misys/forza_ws/race_stack/build/steering_lookup/prefix_override:/usr/lib/python3/dist-packages/colcon_core/task/python/colcon_distutils_commands:/home/misys/forza_ws/race_stack/install/steering_lookup/lib/python3.10/site-packages:${PYTHONPATH} /usr/bin/python3 -W ignore:setup.py install is deprecated -W ignore:easy_install command is deprecated setup.py egg_info --egg-base ../../build/steering_lookup build --build-base /home/misys/forza_ws/race_stack/build/steering_lookup/build install --record /home/misys/forza_ws/race_stack/build/steering_lookup/install.log --single-version-externally-managed install_data
[11.006s] running egg_info
[11.006s] writing ../../build/steering_lookup/steering_lookup.egg-info/PKG-INFO
[11.007s] writing dependency_links to ../../build/steering_lookup/steering_lookup.egg-info/dependency_links.txt
[11.007s] writing requirements to ../../build/steering_lookup/steering_lookup.egg-info/requires.txt
[11.007s] writing top-level names to ../../build/steering_lookup/steering_lookup.egg-info/top_level.txt
[11.016s] reading manifest file '../../build/steering_lookup/steering_lookup.egg-info/SOURCES.txt'
[11.017s] adding license file 'LICENSE'
[11.017s] writing manifest file '../../build/steering_lookup/steering_lookup.egg-info/SOURCES.txt'
[11.017s] running build
[11.017s] running build_py
[11.024s] running install
[11.025s] running install_lib
[11.025s] running install_data
[11.028s] running install_egg_info
[11.039s] removing '/home/misys/forza_ws/race_stack/install/steering_lookup/lib/python3.10/site-packages/steering_lookup-0.0.0-py3.10.egg-info' (and everything under it)
[11.042s] Copying ../../build/steering_lookup/steering_lookup.egg-info to /home/misys/forza_ws/race_stack/install/steering_lookup/lib/python3.10/site-packages/steering_lookup-0.0.0-py3.10.egg-info
[11.042s] running install_scripts
[11.128s] writing list of installed files to '/home/misys/forza_ws/race_stack/build/steering_lookup/install.log'
[12.622s] Invoked command in '/home/misys/forza_ws/race_stack/system_identification/steering_lookup' returned '0': PYTHONPATH=/home/misys/forza_ws/race_stack/build/steering_lookup/prefix_override:/usr/lib/python3/dist-packages/colcon_core/task/python/colcon_distutils_commands:/home/misys/forza_ws/race_stack/install/steering_lookup/lib/python3.10/site-packages:${PYTHONPATH} /usr/bin/python3 -W ignore:setup.py install is deprecated -W ignore:easy_install command is deprecated setup.py egg_info --egg-base ../../build/steering_lookup build --build-base /home/misys/forza_ws/race_stack/build/steering_lookup/build install --record /home/misys/forza_ws/race_stack/build/steering_lookup/install.log --single-version-externally-managed install_data
