[1.753s] Invoking command in '/home/misys/forza_ws/race_stack/controller': PYTHONPATH=/home/misys/forza_ws/race_stack/build/controller/prefix_override:/usr/lib/python3/dist-packages/colcon_core/task/python/colcon_distutils_commands:/home/misys/forza_ws/race_stack/install/controller/lib/python3.10/site-packages:${PYTHONPATH} /usr/bin/python3 -W ignore:setup.py install is deprecated -W ignore:easy_install command is deprecated setup.py egg_info --egg-base ../build/controller build --build-base /home/misys/forza_ws/race_stack/build/controller/build install --record /home/misys/forza_ws/race_stack/build/controller/install.log --single-version-externally-managed install_data
[2.395s] running egg_info
[2.396s] writing ../build/controller/controller.egg-info/PKG-INFO
[2.397s] writing dependency_links to ../build/controller/controller.egg-info/dependency_links.txt
[2.397s] writing entry points to ../build/controller/controller.egg-info/entry_points.txt
[2.397s] writing requirements to ../build/controller/controller.egg-info/requires.txt
[2.397s] writing top-level names to ../build/controller/controller.egg-info/top_level.txt
[2.402s] reading manifest file '../build/controller/controller.egg-info/SOURCES.txt'
[2.402s] adding license file 'LICENSE'
[2.403s] writing manifest file '../build/controller/controller.egg-info/SOURCES.txt'
[2.403s] running build
[2.403s] running build_py
[2.404s] copying controller/controller_manager.py -> /home/misys/forza_ws/race_stack/build/controller/build/lib/controller
[2.405s] running install
[2.405s] running install_lib
[2.407s] copying /home/misys/forza_ws/race_stack/build/controller/build/lib/controller/controller_manager.py -> /home/misys/forza_ws/race_stack/install/controller/lib/python3.10/site-packages/controller
[2.409s] byte-compiling /home/misys/forza_ws/race_stack/install/controller/lib/python3.10/site-packages/controller/controller_manager.py to controller_manager.cpython-310.pyc
[2.418s] running install_data
[2.418s] running install_egg_info
[2.423s] removing '/home/misys/forza_ws/race_stack/install/controller/lib/python3.10/site-packages/controller-0.0.0-py3.10.egg-info' (and everything under it)
[2.423s] Copying ../build/controller/controller.egg-info to /home/misys/forza_ws/race_stack/install/controller/lib/python3.10/site-packages/controller-0.0.0-py3.10.egg-info
[2.426s] running install_scripts
[2.473s] Installing controller script to /home/misys/forza_ws/race_stack/install/controller/lib/controller
[2.474s] writing list of installed files to '/home/misys/forza_ws/race_stack/build/controller/install.log'
[2.545s] Invoked command in '/home/misys/forza_ws/race_stack/controller' returned '0': PYTHONPATH=/home/misys/forza_ws/race_stack/build/controller/prefix_override:/usr/lib/python3/dist-packages/colcon_core/task/python/colcon_distutils_commands:/home/misys/forza_ws/race_stack/install/controller/lib/python3.10/site-packages:${PYTHONPATH} /usr/bin/python3 -W ignore:setup.py install is deprecated -W ignore:easy_install command is deprecated setup.py egg_info --egg-base ../build/controller build --build-base /home/misys/forza_ws/race_stack/build/controller/build install --record /home/misys/forza_ws/race_stack/build/controller/install.log --single-version-externally-managed install_data
