[5.726s] Invoking command in '/home/misys/forza_ws/race_stack/system_identification/nodes/id_controller': PYTHONPATH=/home/misys/forza_ws/race_stack/build/id_controller/prefix_override:/usr/lib/python3/dist-packages/colcon_core/task/python/colcon_distutils_commands:/home/misys/forza_ws/race_stack/install/id_controller/lib/python3.10/site-packages:${PYTHONPATH} /usr/bin/python3 -W ignore:setup.py install is deprecated -W ignore:easy_install command is deprecated setup.py egg_info --egg-base ../../../build/id_controller build --build-base /home/misys/forza_ws/race_stack/build/id_controller/build install --record /home/misys/forza_ws/race_stack/build/id_controller/install.log --single-version-externally-managed install_data
[7.173s] running egg_info
[7.177s] writing ../../../build/id_controller/id_controller.egg-info/PKG-INFO
[7.178s] writing dependency_links to ../../../build/id_controller/id_controller.egg-info/dependency_links.txt
[7.178s] writing entry points to ../../../build/id_controller/id_controller.egg-info/entry_points.txt
[7.179s] writing requirements to ../../../build/id_controller/id_controller.egg-info/requires.txt
[7.179s] writing top-level names to ../../../build/id_controller/id_controller.egg-info/top_level.txt
[7.193s] reading manifest file '../../../build/id_controller/id_controller.egg-info/SOURCES.txt'
[7.194s] adding license file 'LICENSE'
[7.201s] writing manifest file '../../../build/id_controller/id_controller.egg-info/SOURCES.txt'
[7.202s] running build
[7.202s] running build_py
[7.202s] running install
[7.203s] running install_lib
[7.218s] running install_data
[7.218s] running install_egg_info
[7.221s] removing '/home/misys/forza_ws/race_stack/install/id_controller/lib/python3.10/site-packages/id_controller-0.0.0-py3.10.egg-info' (and everything under it)
[7.223s] Copying ../../../build/id_controller/id_controller.egg-info to /home/misys/forza_ws/race_stack/install/id_controller/lib/python3.10/site-packages/id_controller-0.0.0-py3.10.egg-info
[7.226s] running install_scripts
[7.290s] writing list of installed files to '/home/misys/forza_ws/race_stack/build/id_controller/install.log'
[8.404s] Invoked command in '/home/misys/forza_ws/race_stack/system_identification/nodes/id_controller' returned '0': PYTHONPATH=/home/misys/forza_ws/race_stack/build/id_controller/prefix_override:/usr/lib/python3/dist-packages/colcon_core/task/python/colcon_distutils_commands:/home/misys/forza_ws/race_stack/install/id_controller/lib/python3.10/site-packages:${PYTHONPATH} /usr/bin/python3 -W ignore:setup.py install is deprecated -W ignore:easy_install command is deprecated setup.py egg_info --egg-base ../../../build/id_controller build --build-base /home/misys/forza_ws/race_stack/build/id_controller/build install --record /home/misys/forza_ws/race_stack/build/id_controller/install.log --single-version-externally-managed install_data
