[4.215s] Invoking command in '/home/misys/forza_ws/race_stack/state_estimation': PYTHONPATH=/home/misys/forza_ws/race_stack/build/state_estimation/prefix_override:/usr/lib/python3/dist-packages/colcon_core/task/python/colcon_distutils_commands:/home/misys/forza_ws/race_stack/install/state_estimation/lib/python3.10/site-packages:${PYTHONPATH} /usr/bin/python3 -W ignore:setup.py install is deprecated -W ignore:easy_install command is deprecated setup.py egg_info --egg-base ../build/state_estimation build --build-base /home/misys/forza_ws/race_stack/build/state_estimation/build install --record /home/misys/forza_ws/race_stack/build/state_estimation/install.log --single-version-externally-managed install_data
[4.929s] running egg_info
[4.931s] writing ../build/state_estimation/state_estimation.egg-info/PKG-INFO
[4.931s] writing dependency_links to ../build/state_estimation/state_estimation.egg-info/dependency_links.txt
[4.932s] writing entry points to ../build/state_estimation/state_estimation.egg-info/entry_points.txt
[4.932s] writing requirements to ../build/state_estimation/state_estimation.egg-info/requires.txt
[4.933s] writing top-level names to ../build/state_estimation/state_estimation.egg-info/top_level.txt
[4.937s] reading manifest file '../build/state_estimation/state_estimation.egg-info/SOURCES.txt'
[4.939s] adding license file 'LICENSE'
[4.940s] writing manifest file '../build/state_estimation/state_estimation.egg-info/SOURCES.txt'
[4.940s] running build
[4.940s] running build_py
[4.941s] running install
[4.942s] running install_lib
[4.948s] running install_data
[4.948s] copying launch/ekf_launch.py -> /home/misys/forza_ws/race_stack/install/state_estimation/share/state_estimation/launch
[4.948s] running install_egg_info
[4.950s] removing '/home/misys/forza_ws/race_stack/install/state_estimation/lib/python3.10/site-packages/state_estimation-0.0.0-py3.10.egg-info' (and everything under it)
[4.951s] Copying ../build/state_estimation/state_estimation.egg-info to /home/misys/forza_ws/race_stack/install/state_estimation/lib/python3.10/site-packages/state_estimation-0.0.0-py3.10.egg-info
[4.954s] running install_scripts
[5.007s] Installing carstate_node script to /home/misys/forza_ws/race_stack/install/state_estimation/lib/state_estimation
[5.007s] writing list of installed files to '/home/misys/forza_ws/race_stack/build/state_estimation/install.log'
[5.216s] Invoked command in '/home/misys/forza_ws/race_stack/state_estimation' returned '0': PYTHONPATH=/home/misys/forza_ws/race_stack/build/state_estimation/prefix_override:/usr/lib/python3/dist-packages/colcon_core/task/python/colcon_distutils_commands:/home/misys/forza_ws/race_stack/install/state_estimation/lib/python3.10/site-packages:${PYTHONPATH} /usr/bin/python3 -W ignore:setup.py install is deprecated -W ignore:easy_install command is deprecated setup.py egg_info --egg-base ../build/state_estimation build --build-base /home/misys/forza_ws/race_stack/build/state_estimation/build install --record /home/misys/forza_ws/race_stack/build/state_estimation/install.log --single-version-externally-managed install_data
