[5.012s] Invoking command in '/home/misys/forza_ws/race_stack/base_system/f110_simulator/f1tenth_gym_ros': PYTHONPATH=/home/misys/forza_ws/race_stack/build/f1tenth_gym_ros/prefix_override:/usr/lib/python3/dist-packages/colcon_core/task/python/colcon_distutils_commands:/home/misys/forza_ws/race_stack/install/f1tenth_gym_ros/lib/python3.10/site-packages:${PYTHONPATH} /usr/bin/python3 -W ignore:setup.py install is deprecated -W ignore:easy_install command is deprecated setup.py egg_info --egg-base ../../../build/f1tenth_gym_ros build --build-base /home/misys/forza_ws/race_stack/build/f1tenth_gym_ros/build install --record /home/misys/forza_ws/race_stack/build/f1tenth_gym_ros/install.log --single-version-externally-managed install_data
[6.509s] running egg_info
[6.526s] creating ../../../build/f1tenth_gym_ros/f1tenth_gym_ros.egg-info
[6.526s] writing ../../../build/f1tenth_gym_ros/f1tenth_gym_ros.egg-info/PKG-INFO
[6.527s] writing dependency_links to ../../../build/f1tenth_gym_ros/f1tenth_gym_ros.egg-info/dependency_links.txt
[6.527s] writing entry points to ../../../build/f1tenth_gym_ros/f1tenth_gym_ros.egg-info/entry_points.txt
[6.528s] writing requirements to ../../../build/f1tenth_gym_ros/f1tenth_gym_ros.egg-info/requires.txt
[6.528s] writing top-level names to ../../../build/f1tenth_gym_ros/f1tenth_gym_ros.egg-info/top_level.txt
[6.529s] writing manifest file '../../../build/f1tenth_gym_ros/f1tenth_gym_ros.egg-info/SOURCES.txt'
[6.546s] reading manifest file '../../../build/f1tenth_gym_ros/f1tenth_gym_ros.egg-info/SOURCES.txt'
[6.546s] adding license file 'LICENSE'
[6.548s] writing manifest file '../../../build/f1tenth_gym_ros/f1tenth_gym_ros.egg-info/SOURCES.txt'
[6.548s] running build
[6.548s] running build_py
[6.548s] creating /home/misys/forza_ws/race_stack/build/f1tenth_gym_ros/build
[6.549s] creating /home/misys/forza_ws/race_stack/build/f1tenth_gym_ros/build/lib
[6.549s] creating /home/misys/forza_ws/race_stack/build/f1tenth_gym_ros/build/lib/f1tenth_gym_ros
[6.562s] copying f1tenth_gym_ros/gym_bridge.py -> /home/misys/forza_ws/race_stack/build/f1tenth_gym_ros/build/lib/f1tenth_gym_ros
[6.564s] copying f1tenth_gym_ros/__init__.py -> /home/misys/forza_ws/race_stack/build/f1tenth_gym_ros/build/lib/f1tenth_gym_ros
[6.565s] running install
[6.566s] running install_lib
[6.568s] creating /home/misys/forza_ws/race_stack/install/f1tenth_gym_ros/lib/python3.10/site-packages/f1tenth_gym_ros
[6.568s] copying /home/misys/forza_ws/race_stack/build/f1tenth_gym_ros/build/lib/f1tenth_gym_ros/gym_bridge.py -> /home/misys/forza_ws/race_stack/install/f1tenth_gym_ros/lib/python3.10/site-packages/f1tenth_gym_ros
[6.568s] copying /home/misys/forza_ws/race_stack/build/f1tenth_gym_ros/build/lib/f1tenth_gym_ros/__init__.py -> /home/misys/forza_ws/race_stack/install/f1tenth_gym_ros/lib/python3.10/site-packages/f1tenth_gym_ros
[6.570s] byte-compiling /home/misys/forza_ws/race_stack/install/f1tenth_gym_ros/lib/python3.10/site-packages/f1tenth_gym_ros/gym_bridge.py to gym_bridge.cpython-310.pyc
[6.578s] byte-compiling /home/misys/forza_ws/race_stack/install/f1tenth_gym_ros/lib/python3.10/site-packages/f1tenth_gym_ros/__init__.py to __init__.cpython-310.pyc
[6.585s] running install_data
[6.586s] creating /home/misys/forza_ws/race_stack/install/f1tenth_gym_ros/share/ament_index
[6.590s] creating /home/misys/forza_ws/race_stack/install/f1tenth_gym_ros/share/ament_index/resource_index
[6.590s] creating /home/misys/forza_ws/race_stack/install/f1tenth_gym_ros/share/ament_index/resource_index/packages
[6.591s] copying resource/f1tenth_gym_ros -> /home/misys/forza_ws/race_stack/install/f1tenth_gym_ros/share/ament_index/resource_index/packages
[6.591s] copying package.xml -> /home/misys/forza_ws/race_stack/install/f1tenth_gym_ros/share/f1tenth_gym_ros
[6.597s] creating /home/misys/forza_ws/race_stack/install/f1tenth_gym_ros/share/f1tenth_gym_ros/launch
[6.597s] copying launch/opp_racecar.xacro -> /home/misys/forza_ws/race_stack/install/f1tenth_gym_ros/share/f1tenth_gym_ros/launch
[6.598s] copying launch/ego_racecar.xacro -> /home/misys/forza_ws/race_stack/install/f1tenth_gym_ros/share/f1tenth_gym_ros/launch
[6.598s] copying launch/gym_bridge_launch.py -> /home/misys/forza_ws/race_stack/install/f1tenth_gym_ros/share/f1tenth_gym_ros/launch
[6.599s] copying launch/gym_bridge.rviz -> /home/misys/forza_ws/race_stack/install/f1tenth_gym_ros/share/f1tenth_gym_ros/launch
[6.599s] copying launch/gym_bridge_launch_test.py -> /home/misys/forza_ws/race_stack/install/f1tenth_gym_ros/share/f1tenth_gym_ros/launch
[6.600s] creating /home/misys/forza_ws/race_stack/install/f1tenth_gym_ros/share/f1tenth_gym_ros/config
[6.600s] copying config/opp_racecar.xacro -> /home/misys/forza_ws/race_stack/install/f1tenth_gym_ros/share/f1tenth_gym_ros/config
[6.601s] copying config/ego_racecar.xacro -> /home/misys/forza_ws/race_stack/install/f1tenth_gym_ros/share/f1tenth_gym_ros/config
[6.607s] copying config/gym_bridge.rviz -> /home/misys/forza_ws/race_stack/install/f1tenth_gym_ros/share/f1tenth_gym_ros/config
[6.613s] running install_egg_info
[6.620s] Copying ../../../build/f1tenth_gym_ros/f1tenth_gym_ros.egg-info to /home/misys/forza_ws/race_stack/install/f1tenth_gym_ros/lib/python3.10/site-packages/f1tenth_gym_ros-0.0.0-py3.10.egg-info
[6.622s] running install_scripts
[6.782s] Installing gym_bridge script to /home/misys/forza_ws/race_stack/install/f1tenth_gym_ros/lib/f1tenth_gym_ros
[6.783s] writing list of installed files to '/home/misys/forza_ws/race_stack/build/f1tenth_gym_ros/install.log'
[7.026s] Invoked command in '/home/misys/forza_ws/race_stack/base_system/f110_simulator/f1tenth_gym_ros' returned '0': PYTHONPATH=/home/misys/forza_ws/race_stack/build/f1tenth_gym_ros/prefix_override:/usr/lib/python3/dist-packages/colcon_core/task/python/colcon_distutils_commands:/home/misys/forza_ws/race_stack/install/f1tenth_gym_ros/lib/python3.10/site-packages:${PYTHONPATH} /usr/bin/python3 -W ignore:setup.py install is deprecated -W ignore:easy_install command is deprecated setup.py egg_info --egg-base ../../../build/f1tenth_gym_ros build --build-base /home/misys/forza_ws/race_stack/build/f1tenth_gym_ros/build install --record /home/misys/forza_ws/race_stack/build/f1tenth_gym_ros/install.log --single-version-externally-managed install_data
