[1.903s] Invoking command in '/home/misys/forza_ws/race_stack/base_system/f1tenth_system/f1tenth_stack': AMENT_PREFIX_PATH=/home/misys/forza_ws/race_stack/install/vesc:/home/misys/forza_ws/race_stack/install/vesc_driver:/home/misys/forza_ws/race_stack/install/vesc_ackermann:/home/misys/forza_ws/race_stack/install/joy_teleop:/home/misys/forza_ws/race_stack/install/vesc_msgs:/home/misys/forza_ws/race_stack/install/teleop_tools_msgs:/home/misys/forza_ws/race_stack/install/ackermann_mux:${AMENT_PREFIX_PATH} CMAKE_PREFIX_PATH=/home/misys/forza_ws/race_stack/install/vesc:/home/misys/forza_ws/race_stack/install/vesc_driver:/home/misys/forza_ws/race_stack/install/vesc_ackermann:/home/misys/forza_ws/race_stack/install/vesc_msgs:/home/misys/forza_ws/race_stack/install/teleop_tools_msgs:/home/misys/forza_ws/race_stack/install/ackermann_mux LD_LIBRARY_PATH=/home/misys/forza_ws/race_stack/install/vesc_driver/lib:/home/misys/forza_ws/race_stack/install/vesc_ackermann/lib:/home/misys/forza_ws/race_stack/install/vesc_msgs/lib:/home/misys/forza_ws/race_stack/install/teleop_tools_msgs/lib:/opt/ros/humble/opt/rviz_ogre_vendor/lib:/opt/ros/humble/lib/aarch64-linux-gnu:/opt/ros/humble/lib:/usr/local/cuda/lib64 PYTHONPATH=/home/misys/forza_ws/race_stack/build/f1tenth_stack/prefix_override:/usr/lib/python3/dist-packages/colcon_core/task/python/colcon_distutils_commands:/home/misys/forza_ws/race_stack/install/f1tenth_stack/lib/python3.10/site-packages:/home/misys/forza_ws/race_stack/install/joy_teleop/lib/python3.10/site-packages:/home/misys/forza_ws/race_stack/install/vesc_msgs/local/lib/python3.10/dist-packages:/home/misys/forza_ws/race_stack/install/teleop_tools_msgs/local/lib/python3.10/dist-packages:${PYTHONPATH} /usr/bin/python3 -W ignore:setup.py install is deprecated -W ignore:easy_install command is deprecated setup.py egg_info --egg-base ../../../build/f1tenth_stack build --build-base /home/misys/forza_ws/race_stack/build/f1tenth_stack/build install --record /home/misys/forza_ws/race_stack/build/f1tenth_stack/install.log --single-version-externally-managed install_data
[2.482s] running egg_info
[2.483s] writing ../../../build/f1tenth_stack/f1tenth_stack.egg-info/PKG-INFO
[2.483s] writing dependency_links to ../../../build/f1tenth_stack/f1tenth_stack.egg-info/dependency_links.txt
[2.484s] writing entry points to ../../../build/f1tenth_stack/f1tenth_stack.egg-info/entry_points.txt
[2.484s] writing requirements to ../../../build/f1tenth_stack/f1tenth_stack.egg-info/requires.txt
[2.485s] writing top-level names to ../../../build/f1tenth_stack/f1tenth_stack.egg-info/top_level.txt
[2.489s] reading manifest file '../../../build/f1tenth_stack/f1tenth_stack.egg-info/SOURCES.txt'
[2.492s] writing manifest file '../../../build/f1tenth_stack/f1tenth_stack.egg-info/SOURCES.txt'
[2.492s] running build
[2.492s] running build_py
[2.493s] running install
[2.493s] running install_lib
[2.496s] running install_data
[2.497s] running install_egg_info
[2.500s] removing '/home/misys/forza_ws/race_stack/install/f1tenth_stack/lib/python3.10/site-packages/f1tenth_stack-0.0.1-py3.10.egg-info' (and everything under it)
[2.501s] Copying ../../../build/f1tenth_stack/f1tenth_stack.egg-info to /home/misys/forza_ws/race_stack/install/f1tenth_stack/lib/python3.10/site-packages/f1tenth_stack-0.0.1-py3.10.egg-info
[2.503s] running install_scripts
[2.543s] Installing tf_publisher script to /home/misys/forza_ws/race_stack/install/f1tenth_stack/lib/f1tenth_stack
[2.543s] Installing throttle_interpolator script to /home/misys/forza_ws/race_stack/install/f1tenth_stack/lib/f1tenth_stack
[2.544s] writing list of installed files to '/home/misys/forza_ws/race_stack/build/f1tenth_stack/install.log'
[2.618s] Invoked command in '/home/misys/forza_ws/race_stack/base_system/f1tenth_system/f1tenth_stack' returned '0': AMENT_PREFIX_PATH=/home/misys/forza_ws/race_stack/install/vesc:/home/misys/forza_ws/race_stack/install/vesc_driver:/home/misys/forza_ws/race_stack/install/vesc_ackermann:/home/misys/forza_ws/race_stack/install/joy_teleop:/home/misys/forza_ws/race_stack/install/vesc_msgs:/home/misys/forza_ws/race_stack/install/teleop_tools_msgs:/home/misys/forza_ws/race_stack/install/ackermann_mux:${AMENT_PREFIX_PATH} CMAKE_PREFIX_PATH=/home/misys/forza_ws/race_stack/install/vesc:/home/misys/forza_ws/race_stack/install/vesc_driver:/home/misys/forza_ws/race_stack/install/vesc_ackermann:/home/misys/forza_ws/race_stack/install/vesc_msgs:/home/misys/forza_ws/race_stack/install/teleop_tools_msgs:/home/misys/forza_ws/race_stack/install/ackermann_mux LD_LIBRARY_PATH=/home/misys/forza_ws/race_stack/install/vesc_driver/lib:/home/misys/forza_ws/race_stack/install/vesc_ackermann/lib:/home/misys/forza_ws/race_stack/install/vesc_msgs/lib:/home/misys/forza_ws/race_stack/install/teleop_tools_msgs/lib:/opt/ros/humble/opt/rviz_ogre_vendor/lib:/opt/ros/humble/lib/aarch64-linux-gnu:/opt/ros/humble/lib:/usr/local/cuda/lib64 PYTHONPATH=/home/misys/forza_ws/race_stack/build/f1tenth_stack/prefix_override:/usr/lib/python3/dist-packages/colcon_core/task/python/colcon_distutils_commands:/home/misys/forza_ws/race_stack/install/f1tenth_stack/lib/python3.10/site-packages:/home/misys/forza_ws/race_stack/install/joy_teleop/lib/python3.10/site-packages:/home/misys/forza_ws/race_stack/install/vesc_msgs/local/lib/python3.10/dist-packages:/home/misys/forza_ws/race_stack/install/teleop_tools_msgs/local/lib/python3.10/dist-packages:${PYTHONPATH} /usr/bin/python3 -W ignore:setup.py install is deprecated -W ignore:easy_install command is deprecated setup.py egg_info --egg-base ../../../build/f1tenth_stack build --build-base /home/misys/forza_ws/race_stack/build/f1tenth_stack/build install --record /home/misys/forza_ws/race_stack/build/f1tenth_stack/install.log --single-version-externally-managed install_data
