[4.045s] Invoking command in '/home/misys/forza_ws/race_stack/controller': PYTHONPATH=/home/misys/forza_ws/race_stack/build/controller/prefix_override:/usr/lib/python3/dist-packages/colcon_core/task/python/colcon_distutils_commands:/home/misys/forza_ws/race_stack/install/controller/lib/python3.10/site-packages:${PYTHONPATH} /usr/bin/python3 -W ignore:setup.py install is deprecated -W ignore:easy_install command is deprecated setup.py egg_info --egg-base ../build/controller build --build-base /home/misys/forza_ws/race_stack/build/controller/build install --record /home/misys/forza_ws/race_stack/build/controller/install.log --single-version-externally-managed install_data
[4.767s] running egg_info
[4.770s] writing ../build/controller/controller.egg-info/PKG-INFO
[4.771s] writing dependency_links to ../build/controller/controller.egg-info/dependency_links.txt
[4.771s] writing entry points to ../build/controller/controller.egg-info/entry_points.txt
[4.771s] writing requirements to ../build/controller/controller.egg-info/requires.txt
[4.771s] writing top-level names to ../build/controller/controller.egg-info/top_level.txt
[4.780s] reading manifest file '../build/controller/controller.egg-info/SOURCES.txt'
[4.781s] adding license file 'LICENSE'
[4.783s] writing manifest file '../build/controller/controller.egg-info/SOURCES.txt'
[4.783s] running build
[4.783s] running build_py
[4.784s] running install
[4.785s] running install_lib
[4.802s] running install_data
[4.802s] running install_egg_info
[4.803s] removing '/home/misys/forza_ws/race_stack/install/controller/lib/python3.10/site-packages/controller-0.0.0-py3.10.egg-info' (and everything under it)
[4.803s] Copying ../build/controller/controller.egg-info to /home/misys/forza_ws/race_stack/install/controller/lib/python3.10/site-packages/controller-0.0.0-py3.10.egg-info
[4.803s] running install_scripts
[4.850s] Installing controller script to /home/misys/forza_ws/race_stack/install/controller/lib/controller
[4.851s] writing list of installed files to '/home/misys/forza_ws/race_stack/build/controller/install.log'
[5.003s] Invoked command in '/home/misys/forza_ws/race_stack/controller' returned '0': PYTHONPATH=/home/misys/forza_ws/race_stack/build/controller/prefix_override:/usr/lib/python3/dist-packages/colcon_core/task/python/colcon_distutils_commands:/home/misys/forza_ws/race_stack/install/controller/lib/python3.10/site-packages:${PYTHONPATH} /usr/bin/python3 -W ignore:setup.py install is deprecated -W ignore:easy_install command is deprecated setup.py egg_info --egg-base ../build/controller build --build-base /home/misys/forza_ws/race_stack/build/controller/build install --record /home/misys/forza_ws/race_stack/build/controller/install.log --single-version-externally-managed install_data
