[0.179s] Invoking command in '/home/misys/forza_ws/race_stack/build/vesc_ackermann': CMAKE_PREFIX_PATH=/home/misys/forza_ws/race_stack/install/vesc_msgs:/home/misys/forza_ws/race_stack/install/vesc:/home/misys/forza_ws/race_stack/install/vesc_driver:/home/misys/forza_ws/race_stack/install/vesc_ackermann:/home/misys/forza_ws/race_stack/install/urg_node2:/home/misys/forza_ws/race_stack/install/udp_msgs:/home/misys/forza_ws/race_stack/install/teleop_tools:/home/misys/forza_ws/race_stack/install/teleop_tools_msgs:/home/misys/forza_ws/race_stack/install/slam_toolbox:/home/misys/forza_ws/race_stack/install/f110_msgs:/home/misys/forza_ws/race_stack/install/ackermann_mux:/home/misys/forza_ws/race_stack/install/f1tenth_stack:/home/misys/forza_ws/race_stack/install/joy_teleop:/home/misys/forza_ws/race_stack/install/steering_lookup:/home/misys/forza_ws/race_stack/install/state_machine:/home/misys/forza_ws/race_stack/install/slam_tuner:/home/misys/forza_ws/race_stack/install/state_estimation:/home/misys/forza_ws/race_stack/install/map_editor:/home/misys/forza_ws/race_stack/install/stack_master:/home/misys/forza_ws/race_stack/install/spline_planner:/home/misys/forza_ws/race_stack/install/sector_tuner:/home/misys/forza_ws/race_stack/install/se_pose_to_tf_bridge:/home/misys/forza_ws/race_stack/install/perception:/home/misys/forza_ws/race_stack/install/particle_filter:/home/misys/forza_ws/race_stack/install/opponent_publisher:/home/misys/forza_ws/race_stack/install/mouse_teleop:/home/misys/forza_ws/race_stack/install/lap_analyser:/home/misys/forza_ws/race_stack/install/key_teleop:/home/misys/forza_ws/race_stack/install/id_controller:/home/misys/forza_ws/race_stack/install/global_planner:/home/misys/forza_ws/race_stack/install/frenet_odom_republisher:/home/misys/forza_ws/race_stack/install/frenet_conversion:/home/misys/forza_ws/race_stack/install/f1tenth_gym_ros:/home/misys/forza_ws/race_stack/install/controller:/opt/ros/humble LD_LIBRARY_PATH=/home/misys/forza_ws/race_stack/install/vesc_msgs/lib:/home/misys/forza_ws/race_stack/install/vesc_driver/lib:/home/misys/forza_ws/race_stack/install/vesc_ackermann/lib:/home/misys/forza_ws/race_stack/install/urg_node2/lib:/home/misys/forza_ws/race_stack/install/udp_msgs/lib:/home/misys/forza_ws/race_stack/install/teleop_tools_msgs/lib:/home/misys/forza_ws/race_stack/install/slam_toolbox/lib:/home/misys/forza_ws/race_stack/install/f110_msgs/lib:/opt/ros/humble/opt/rviz_ogre_vendor/lib:/opt/ros/humble/lib/aarch64-linux-gnu:/opt/ros/humble/lib:/usr/local/cuda/lib64 /usr/bin/cmake /home/misys/forza_ws/race_stack/sensors/vesc/vesc_ackermann -DCMAKE_INSTALL_PREFIX=/home/misys/forza_ws/race_stack/install/vesc_ackermann
[0.512s] -- The C compiler identification is GNU 11.4.0
[0.770s] -- The CXX compiler identification is GNU 11.4.0
[0.804s] -- Detecting C compiler ABI info
[1.258s] -- Detecting C compiler ABI info - done
[1.282s] -- Check for working C compiler: /usr/bin/cc - skipped
[1.282s] -- Detecting C compile features
[1.283s] -- Detecting C compile features - done
[1.296s] -- Detecting CXX compiler ABI info
[1.778s] -- Detecting CXX compiler ABI info - done
[1.802s] -- Check for working CXX compiler: /usr/bin/c++ - skipped
[1.807s] -- Detecting CXX compile features
[1.807s] -- Detecting CXX compile features - done
[1.842s] -- Found ament_cmake_auto: 1.3.11 (/opt/ros/humble/share/ament_cmake_auto/cmake)
[2.762s] -- Found Python3: /usr/bin/python3 (found version "3.10.12") found components: Interpreter 
[3.793s] -- Found rosidl_generator_c: 3.1.6 (/opt/ros/humble/share/rosidl_generator_c/cmake)
[3.830s] -- Found rosidl_adapter: 3.1.6 (/opt/ros/humble/share/rosidl_adapter/cmake)
[3.899s] -- Found rosidl_generator_cpp: 3.1.6 (/opt/ros/humble/share/rosidl_generator_cpp/cmake)
[4.000s] -- Using all available rosidl_typesupport_c: rosidl_typesupport_fastrtps_c;rosidl_typesupport_introspection_c
[4.134s] -- Using all available rosidl_typesupport_cpp: rosidl_typesupport_fastrtps_cpp;rosidl_typesupport_introspection_cpp
[4.674s] -- Found rmw_implementation_cmake: 6.1.2 (/opt/ros/humble/share/rmw_implementation_cmake/cmake)
[4.715s] -- Found rmw_fastrtps_cpp: 6.2.7 (/opt/ros/humble/share/rmw_fastrtps_cpp/cmake)
[5.265s] -- Found OpenSSL: /usr/lib/aarch64-linux-gnu/libcrypto.so (found version "3.0.2")  
[5.427s] -- Found FastRTPS: /opt/ros/humble/include  
[5.585s] -- Using RMW implementation 'rmw_fastrtps_cpp' as default
[5.623s] -- Looking for pthread.h
[6.027s] -- Looking for pthread.h - found
[6.028s] -- Performing Test CMAKE_HAVE_LIBC_PTHREAD
[6.302s] -- Performing Test CMAKE_HAVE_LIBC_PTHREAD - Success
[6.304s] -- Found Threads: TRUE  
[6.925s] -- Found ament_lint_auto: 0.12.12 (/opt/ros/humble/share/ament_lint_auto/cmake)
[7.094s] -- Added test 'copyright' to check source files copyright and LICENSE
[7.107s] -- Added test 'cppcheck' to perform static code analysis on C / C++ code
[7.107s] -- Configured cppcheck include dirs: /home/misys/forza_ws/race_stack/sensors/vesc/vesc_ackermann/include
[7.108s] -- Configured cppcheck exclude dirs and/or files: 
[7.115s] -- Added test 'cpplint' to check C / C++ code against the Google style
[7.115s] -- Configured cpplint exclude dirs and/or files: 
[7.133s] -- Added test 'lint_cmake' to check CMake code style
[7.139s] -- Added test 'uncrustify' to check C / C++ code style
[7.139s] -- Configured uncrustify additional arguments: 
[7.153s] -- Added test 'xmllint' to check XML markup files
[7.173s] -- Configuring done
[7.295s] -- Generating done
[7.331s] -- Build files have been written to: /home/misys/forza_ws/race_stack/build/vesc_ackermann
[8.168s] Invoked command in '/home/misys/forza_ws/race_stack/build/vesc_ackermann' returned '0': CMAKE_PREFIX_PATH=/home/misys/forza_ws/race_stack/install/vesc_msgs:/home/misys/forza_ws/race_stack/install/vesc:/home/misys/forza_ws/race_stack/install/vesc_driver:/home/misys/forza_ws/race_stack/install/vesc_ackermann:/home/misys/forza_ws/race_stack/install/urg_node2:/home/misys/forza_ws/race_stack/install/udp_msgs:/home/misys/forza_ws/race_stack/install/teleop_tools:/home/misys/forza_ws/race_stack/install/teleop_tools_msgs:/home/misys/forza_ws/race_stack/install/slam_toolbox:/home/misys/forza_ws/race_stack/install/f110_msgs:/home/misys/forza_ws/race_stack/install/ackermann_mux:/home/misys/forza_ws/race_stack/install/f1tenth_stack:/home/misys/forza_ws/race_stack/install/joy_teleop:/home/misys/forza_ws/race_stack/install/steering_lookup:/home/misys/forza_ws/race_stack/install/state_machine:/home/misys/forza_ws/race_stack/install/slam_tuner:/home/misys/forza_ws/race_stack/install/state_estimation:/home/misys/forza_ws/race_stack/install/map_editor:/home/misys/forza_ws/race_stack/install/stack_master:/home/misys/forza_ws/race_stack/install/spline_planner:/home/misys/forza_ws/race_stack/install/sector_tuner:/home/misys/forza_ws/race_stack/install/se_pose_to_tf_bridge:/home/misys/forza_ws/race_stack/install/perception:/home/misys/forza_ws/race_stack/install/particle_filter:/home/misys/forza_ws/race_stack/install/opponent_publisher:/home/misys/forza_ws/race_stack/install/mouse_teleop:/home/misys/forza_ws/race_stack/install/lap_analyser:/home/misys/forza_ws/race_stack/install/key_teleop:/home/misys/forza_ws/race_stack/install/id_controller:/home/misys/forza_ws/race_stack/install/global_planner:/home/misys/forza_ws/race_stack/install/frenet_odom_republisher:/home/misys/forza_ws/race_stack/install/frenet_conversion:/home/misys/forza_ws/race_stack/install/f1tenth_gym_ros:/home/misys/forza_ws/race_stack/install/controller:/opt/ros/humble LD_LIBRARY_PATH=/home/misys/forza_ws/race_stack/install/vesc_msgs/lib:/home/misys/forza_ws/race_stack/install/vesc_driver/lib:/home/misys/forza_ws/race_stack/install/vesc_ackermann/lib:/home/misys/forza_ws/race_stack/install/urg_node2/lib:/home/misys/forza_ws/race_stack/install/udp_msgs/lib:/home/misys/forza_ws/race_stack/install/teleop_tools_msgs/lib:/home/misys/forza_ws/race_stack/install/slam_toolbox/lib:/home/misys/forza_ws/race_stack/install/f110_msgs/lib:/opt/ros/humble/opt/rviz_ogre_vendor/lib:/opt/ros/humble/lib/aarch64-linux-gnu:/opt/ros/humble/lib:/usr/local/cuda/lib64 /usr/bin/cmake /home/misys/forza_ws/race_stack/sensors/vesc/vesc_ackermann -DCMAKE_INSTALL_PREFIX=/home/misys/forza_ws/race_stack/install/vesc_ackermann
[8.170s] Invoking command in '/home/misys/forza_ws/race_stack/build/vesc_ackermann': CMAKE_PREFIX_PATH=/home/misys/forza_ws/race_stack/install/vesc_msgs:/home/misys/forza_ws/race_stack/install/vesc:/home/misys/forza_ws/race_stack/install/vesc_driver:/home/misys/forza_ws/race_stack/install/vesc_ackermann:/home/misys/forza_ws/race_stack/install/urg_node2:/home/misys/forza_ws/race_stack/install/udp_msgs:/home/misys/forza_ws/race_stack/install/teleop_tools:/home/misys/forza_ws/race_stack/install/teleop_tools_msgs:/home/misys/forza_ws/race_stack/install/slam_toolbox:/home/misys/forza_ws/race_stack/install/f110_msgs:/home/misys/forza_ws/race_stack/install/ackermann_mux:/home/misys/forza_ws/race_stack/install/f1tenth_stack:/home/misys/forza_ws/race_stack/install/joy_teleop:/home/misys/forza_ws/race_stack/install/steering_lookup:/home/misys/forza_ws/race_stack/install/state_machine:/home/misys/forza_ws/race_stack/install/slam_tuner:/home/misys/forza_ws/race_stack/install/state_estimation:/home/misys/forza_ws/race_stack/install/map_editor:/home/misys/forza_ws/race_stack/install/stack_master:/home/misys/forza_ws/race_stack/install/spline_planner:/home/misys/forza_ws/race_stack/install/sector_tuner:/home/misys/forza_ws/race_stack/install/se_pose_to_tf_bridge:/home/misys/forza_ws/race_stack/install/perception:/home/misys/forza_ws/race_stack/install/particle_filter:/home/misys/forza_ws/race_stack/install/opponent_publisher:/home/misys/forza_ws/race_stack/install/mouse_teleop:/home/misys/forza_ws/race_stack/install/lap_analyser:/home/misys/forza_ws/race_stack/install/key_teleop:/home/misys/forza_ws/race_stack/install/id_controller:/home/misys/forza_ws/race_stack/install/global_planner:/home/misys/forza_ws/race_stack/install/frenet_odom_republisher:/home/misys/forza_ws/race_stack/install/frenet_conversion:/home/misys/forza_ws/race_stack/install/f1tenth_gym_ros:/home/misys/forza_ws/race_stack/install/controller:/opt/ros/humble LD_LIBRARY_PATH=/home/misys/forza_ws/race_stack/install/vesc_msgs/lib:/home/misys/forza_ws/race_stack/install/vesc_driver/lib:/home/misys/forza_ws/race_stack/install/vesc_ackermann/lib:/home/misys/forza_ws/race_stack/install/urg_node2/lib:/home/misys/forza_ws/race_stack/install/udp_msgs/lib:/home/misys/forza_ws/race_stack/install/teleop_tools_msgs/lib:/home/misys/forza_ws/race_stack/install/slam_toolbox/lib:/home/misys/forza_ws/race_stack/install/f110_msgs/lib:/opt/ros/humble/opt/rviz_ogre_vendor/lib:/opt/ros/humble/lib/aarch64-linux-gnu:/opt/ros/humble/lib:/usr/local/cuda/lib64 /usr/bin/cmake --build /home/misys/forza_ws/race_stack/build/vesc_ackermann -- -j6 -l6
[8.329s] [ 14%] [32mBuilding CXX object CMakeFiles/vesc_ackermann.dir/src/ackermann_to_vesc.cpp.o[0m
[29.593s] [ 28%] [32mBuilding CXX object CMakeFiles/vesc_ackermann.dir/src/vesc_to_odom.cpp.o[0m
[55.732s] [ 42%] [32m[1mLinking CXX shared library libvesc_ackermann.so[0m
[57.938s] [ 42%] Built target vesc_ackermann
[57.989s] [ 57%] [32mBuilding CXX object CMakeFiles/vesc_to_odom_node.dir/rclcpp_components/node_main_vesc_to_odom_node.cpp.o[0m
[64.774s] [ 71%] [32m[1mLinking CXX executable vesc_to_odom_node[0m
[65.040s] [ 71%] Built target vesc_to_odom_node
[65.088s] [ 85%] [32mBuilding CXX object CMakeFiles/ackermann_to_vesc_node.dir/rclcpp_components/node_main_ackermann_to_vesc_node.cpp.o[0m
[71.871s] [100%] [32m[1mLinking CXX executable ackermann_to_vesc_node[0m
[72.135s] [100%] Built target ackermann_to_vesc_node
[72.173s] Invoked command in '/home/misys/forza_ws/race_stack/build/vesc_ackermann' returned '0': CMAKE_PREFIX_PATH=/home/misys/forza_ws/race_stack/install/vesc_msgs:/home/misys/forza_ws/race_stack/install/vesc:/home/misys/forza_ws/race_stack/install/vesc_driver:/home/misys/forza_ws/race_stack/install/vesc_ackermann:/home/misys/forza_ws/race_stack/install/urg_node2:/home/misys/forza_ws/race_stack/install/udp_msgs:/home/misys/forza_ws/race_stack/install/teleop_tools:/home/misys/forza_ws/race_stack/install/teleop_tools_msgs:/home/misys/forza_ws/race_stack/install/slam_toolbox:/home/misys/forza_ws/race_stack/install/f110_msgs:/home/misys/forza_ws/race_stack/install/ackermann_mux:/home/misys/forza_ws/race_stack/install/f1tenth_stack:/home/misys/forza_ws/race_stack/install/joy_teleop:/home/misys/forza_ws/race_stack/install/steering_lookup:/home/misys/forza_ws/race_stack/install/state_machine:/home/misys/forza_ws/race_stack/install/slam_tuner:/home/misys/forza_ws/race_stack/install/state_estimation:/home/misys/forza_ws/race_stack/install/map_editor:/home/misys/forza_ws/race_stack/install/stack_master:/home/misys/forza_ws/race_stack/install/spline_planner:/home/misys/forza_ws/race_stack/install/sector_tuner:/home/misys/forza_ws/race_stack/install/se_pose_to_tf_bridge:/home/misys/forza_ws/race_stack/install/perception:/home/misys/forza_ws/race_stack/install/particle_filter:/home/misys/forza_ws/race_stack/install/opponent_publisher:/home/misys/forza_ws/race_stack/install/mouse_teleop:/home/misys/forza_ws/race_stack/install/lap_analyser:/home/misys/forza_ws/race_stack/install/key_teleop:/home/misys/forza_ws/race_stack/install/id_controller:/home/misys/forza_ws/race_stack/install/global_planner:/home/misys/forza_ws/race_stack/install/frenet_odom_republisher:/home/misys/forza_ws/race_stack/install/frenet_conversion:/home/misys/forza_ws/race_stack/install/f1tenth_gym_ros:/home/misys/forza_ws/race_stack/install/controller:/opt/ros/humble LD_LIBRARY_PATH=/home/misys/forza_ws/race_stack/install/vesc_msgs/lib:/home/misys/forza_ws/race_stack/install/vesc_driver/lib:/home/misys/forza_ws/race_stack/install/vesc_ackermann/lib:/home/misys/forza_ws/race_stack/install/urg_node2/lib:/home/misys/forza_ws/race_stack/install/udp_msgs/lib:/home/misys/forza_ws/race_stack/install/teleop_tools_msgs/lib:/home/misys/forza_ws/race_stack/install/slam_toolbox/lib:/home/misys/forza_ws/race_stack/install/f110_msgs/lib:/opt/ros/humble/opt/rviz_ogre_vendor/lib:/opt/ros/humble/lib/aarch64-linux-gnu:/opt/ros/humble/lib:/usr/local/cuda/lib64 /usr/bin/cmake --build /home/misys/forza_ws/race_stack/build/vesc_ackermann -- -j6 -l6
[72.177s] Invoking command in '/home/misys/forza_ws/race_stack/build/vesc_ackermann': CMAKE_PREFIX_PATH=/home/misys/forza_ws/race_stack/install/vesc_msgs:/home/misys/forza_ws/race_stack/install/vesc:/home/misys/forza_ws/race_stack/install/vesc_driver:/home/misys/forza_ws/race_stack/install/vesc_ackermann:/home/misys/forza_ws/race_stack/install/urg_node2:/home/misys/forza_ws/race_stack/install/udp_msgs:/home/misys/forza_ws/race_stack/install/teleop_tools:/home/misys/forza_ws/race_stack/install/teleop_tools_msgs:/home/misys/forza_ws/race_stack/install/slam_toolbox:/home/misys/forza_ws/race_stack/install/f110_msgs:/home/misys/forza_ws/race_stack/install/ackermann_mux:/home/misys/forza_ws/race_stack/install/f1tenth_stack:/home/misys/forza_ws/race_stack/install/joy_teleop:/home/misys/forza_ws/race_stack/install/steering_lookup:/home/misys/forza_ws/race_stack/install/state_machine:/home/misys/forza_ws/race_stack/install/slam_tuner:/home/misys/forza_ws/race_stack/install/state_estimation:/home/misys/forza_ws/race_stack/install/map_editor:/home/misys/forza_ws/race_stack/install/stack_master:/home/misys/forza_ws/race_stack/install/spline_planner:/home/misys/forza_ws/race_stack/install/sector_tuner:/home/misys/forza_ws/race_stack/install/se_pose_to_tf_bridge:/home/misys/forza_ws/race_stack/install/perception:/home/misys/forza_ws/race_stack/install/particle_filter:/home/misys/forza_ws/race_stack/install/opponent_publisher:/home/misys/forza_ws/race_stack/install/mouse_teleop:/home/misys/forza_ws/race_stack/install/lap_analyser:/home/misys/forza_ws/race_stack/install/key_teleop:/home/misys/forza_ws/race_stack/install/id_controller:/home/misys/forza_ws/race_stack/install/global_planner:/home/misys/forza_ws/race_stack/install/frenet_odom_republisher:/home/misys/forza_ws/race_stack/install/frenet_conversion:/home/misys/forza_ws/race_stack/install/f1tenth_gym_ros:/home/misys/forza_ws/race_stack/install/controller:/opt/ros/humble LD_LIBRARY_PATH=/home/misys/forza_ws/race_stack/install/vesc_msgs/lib:/home/misys/forza_ws/race_stack/install/vesc_driver/lib:/home/misys/forza_ws/race_stack/install/vesc_ackermann/lib:/home/misys/forza_ws/race_stack/install/urg_node2/lib:/home/misys/forza_ws/race_stack/install/udp_msgs/lib:/home/misys/forza_ws/race_stack/install/teleop_tools_msgs/lib:/home/misys/forza_ws/race_stack/install/slam_toolbox/lib:/home/misys/forza_ws/race_stack/install/f110_msgs/lib:/opt/ros/humble/opt/rviz_ogre_vendor/lib:/opt/ros/humble/lib/aarch64-linux-gnu:/opt/ros/humble/lib:/usr/local/cuda/lib64 /usr/bin/cmake --install /home/misys/forza_ws/race_stack/build/vesc_ackermann
[72.196s] -- Install configuration: ""
[72.196s] -- Installing: /home/misys/forza_ws/race_stack/install/vesc_ackermann/lib/vesc_ackermann/ackermann_to_vesc_node
[72.197s] -- Set runtime path of "/home/misys/forza_ws/race_stack/install/vesc_ackermann/lib/vesc_ackermann/ackermann_to_vesc_node" to ""
[72.197s] -- Installing: /home/misys/forza_ws/race_stack/install/vesc_ackermann/lib/vesc_ackermann/vesc_to_odom_node
[72.199s] -- Set runtime path of "/home/misys/forza_ws/race_stack/install/vesc_ackermann/lib/vesc_ackermann/vesc_to_odom_node" to ""
[72.199s] -- Installing: /home/misys/forza_ws/race_stack/install/vesc_ackermann/include
[72.199s] -- Installing: /home/misys/forza_ws/race_stack/install/vesc_ackermann/include/vesc_ackermann
[72.199s] -- Installing: /home/misys/forza_ws/race_stack/install/vesc_ackermann/include/vesc_ackermann/ackermann_to_vesc.hpp
[72.200s] -- Installing: /home/misys/forza_ws/race_stack/install/vesc_ackermann/include/vesc_ackermann/vesc_to_odom.hpp
[72.201s] -- Installing: /home/misys/forza_ws/race_stack/install/vesc_ackermann/share/vesc_ackermann/environment/library_path.sh
[72.201s] -- Installing: /home/misys/forza_ws/race_stack/install/vesc_ackermann/share/vesc_ackermann/environment/library_path.dsv
[72.202s] -- Installing: /home/misys/forza_ws/race_stack/install/vesc_ackermann/lib/libvesc_ackermann.so
[72.234s] -- Set runtime path of "/home/misys/forza_ws/race_stack/install/vesc_ackermann/lib/libvesc_ackermann.so" to ""
[72.234s] -- Installing: /home/misys/forza_ws/race_stack/install/vesc_ackermann/share/vesc_ackermann/launch
[72.234s] -- Installing: /home/misys/forza_ws/race_stack/install/vesc_ackermann/share/vesc_ackermann/launch/vesc_to_odom_node.launch.xml
[72.234s] -- Installing: /home/misys/forza_ws/race_stack/install/vesc_ackermann/share/vesc_ackermann/launch/ackermann_to_vesc_node.launch.xml
[72.234s] -- Installing: /home/misys/forza_ws/race_stack/install/vesc_ackermann/share/ament_index/resource_index/package_run_dependencies/vesc_ackermann
[72.235s] -- Installing: /home/misys/forza_ws/race_stack/install/vesc_ackermann/share/ament_index/resource_index/parent_prefix_path/vesc_ackermann
[72.236s] -- Installing: /home/misys/forza_ws/race_stack/install/vesc_ackermann/share/vesc_ackermann/environment/ament_prefix_path.sh
[72.236s] -- Installing: /home/misys/forza_ws/race_stack/install/vesc_ackermann/share/vesc_ackermann/environment/ament_prefix_path.dsv
[72.236s] -- Installing: /home/misys/forza_ws/race_stack/install/vesc_ackermann/share/vesc_ackermann/environment/path.sh
[72.237s] -- Installing: /home/misys/forza_ws/race_stack/install/vesc_ackermann/share/vesc_ackermann/environment/path.dsv
[72.237s] -- Installing: /home/misys/forza_ws/race_stack/install/vesc_ackermann/share/vesc_ackermann/local_setup.bash
[72.238s] -- Installing: /home/misys/forza_ws/race_stack/install/vesc_ackermann/share/vesc_ackermann/local_setup.sh
[72.238s] -- Installing: /home/misys/forza_ws/race_stack/install/vesc_ackermann/share/vesc_ackermann/local_setup.zsh
[72.239s] -- Installing: /home/misys/forza_ws/race_stack/install/vesc_ackermann/share/vesc_ackermann/local_setup.dsv
[72.239s] -- Installing: /home/misys/forza_ws/race_stack/install/vesc_ackermann/share/vesc_ackermann/package.dsv
[72.240s] -- Installing: /home/misys/forza_ws/race_stack/install/vesc_ackermann/share/ament_index/resource_index/packages/vesc_ackermann
[72.240s] -- Installing: /home/misys/forza_ws/race_stack/install/vesc_ackermann/share/ament_index/resource_index/rclcpp_components/vesc_ackermann
[72.241s] -- Installing: /home/misys/forza_ws/race_stack/install/vesc_ackermann/share/vesc_ackermann/cmake/ament_cmake_export_dependencies-extras.cmake
[72.241s] -- Installing: /home/misys/forza_ws/race_stack/install/vesc_ackermann/share/vesc_ackermann/cmake/ament_cmake_export_include_directories-extras.cmake
[72.242s] -- Installing: /home/misys/forza_ws/race_stack/install/vesc_ackermann/share/vesc_ackermann/cmake/ament_cmake_export_libraries-extras.cmake
[72.242s] -- Installing: /home/misys/forza_ws/race_stack/install/vesc_ackermann/share/vesc_ackermann/cmake/vesc_ackermannConfig.cmake
[72.243s] -- Installing: /home/misys/forza_ws/race_stack/install/vesc_ackermann/share/vesc_ackermann/cmake/vesc_ackermannConfig-version.cmake
[72.243s] -- Installing: /home/misys/forza_ws/race_stack/install/vesc_ackermann/share/vesc_ackermann/package.xml
[72.250s] Invoked command in '/home/misys/forza_ws/race_stack/build/vesc_ackermann' returned '0': CMAKE_PREFIX_PATH=/home/misys/forza_ws/race_stack/install/vesc_msgs:/home/misys/forza_ws/race_stack/install/vesc:/home/misys/forza_ws/race_stack/install/vesc_driver:/home/misys/forza_ws/race_stack/install/vesc_ackermann:/home/misys/forza_ws/race_stack/install/urg_node2:/home/misys/forza_ws/race_stack/install/udp_msgs:/home/misys/forza_ws/race_stack/install/teleop_tools:/home/misys/forza_ws/race_stack/install/teleop_tools_msgs:/home/misys/forza_ws/race_stack/install/slam_toolbox:/home/misys/forza_ws/race_stack/install/f110_msgs:/home/misys/forza_ws/race_stack/install/ackermann_mux:/home/misys/forza_ws/race_stack/install/f1tenth_stack:/home/misys/forza_ws/race_stack/install/joy_teleop:/home/misys/forza_ws/race_stack/install/steering_lookup:/home/misys/forza_ws/race_stack/install/state_machine:/home/misys/forza_ws/race_stack/install/slam_tuner:/home/misys/forza_ws/race_stack/install/state_estimation:/home/misys/forza_ws/race_stack/install/map_editor:/home/misys/forza_ws/race_stack/install/stack_master:/home/misys/forza_ws/race_stack/install/spline_planner:/home/misys/forza_ws/race_stack/install/sector_tuner:/home/misys/forza_ws/race_stack/install/se_pose_to_tf_bridge:/home/misys/forza_ws/race_stack/install/perception:/home/misys/forza_ws/race_stack/install/particle_filter:/home/misys/forza_ws/race_stack/install/opponent_publisher:/home/misys/forza_ws/race_stack/install/mouse_teleop:/home/misys/forza_ws/race_stack/install/lap_analyser:/home/misys/forza_ws/race_stack/install/key_teleop:/home/misys/forza_ws/race_stack/install/id_controller:/home/misys/forza_ws/race_stack/install/global_planner:/home/misys/forza_ws/race_stack/install/frenet_odom_republisher:/home/misys/forza_ws/race_stack/install/frenet_conversion:/home/misys/forza_ws/race_stack/install/f1tenth_gym_ros:/home/misys/forza_ws/race_stack/install/controller:/opt/ros/humble LD_LIBRARY_PATH=/home/misys/forza_ws/race_stack/install/vesc_msgs/lib:/home/misys/forza_ws/race_stack/install/vesc_driver/lib:/home/misys/forza_ws/race_stack/install/vesc_ackermann/lib:/home/misys/forza_ws/race_stack/install/urg_node2/lib:/home/misys/forza_ws/race_stack/install/udp_msgs/lib:/home/misys/forza_ws/race_stack/install/teleop_tools_msgs/lib:/home/misys/forza_ws/race_stack/install/slam_toolbox/lib:/home/misys/forza_ws/race_stack/install/f110_msgs/lib:/opt/ros/humble/opt/rviz_ogre_vendor/lib:/opt/ros/humble/lib/aarch64-linux-gnu:/opt/ros/humble/lib:/usr/local/cuda/lib64 /usr/bin/cmake --install /home/misys/forza_ws/race_stack/build/vesc_ackermann
