[4.564s] Invoking command in '/home/misys/forza_ws/race_stack/state_machine': PYTHONPATH=/home/misys/forza_ws/race_stack/build/state_machine/prefix_override:/usr/lib/python3/dist-packages/colcon_core/task/python/colcon_distutils_commands:/home/misys/forza_ws/race_stack/install/state_machine/lib/python3.10/site-packages:${PYTHONPATH} /usr/bin/python3 -W ignore:setup.py install is deprecated -W ignore:easy_install command is deprecated setup.py egg_info --egg-base ../build/state_machine build --build-base /home/misys/forza_ws/race_stack/build/state_machine/build install --record /home/misys/forza_ws/race_stack/build/state_machine/install.log --single-version-externally-managed install_data
[5.274s] running egg_info
[5.276s] writing ../build/state_machine/state_machine.egg-info/PKG-INFO
[5.277s] writing dependency_links to ../build/state_machine/state_machine.egg-info/dependency_links.txt
[5.278s] writing entry points to ../build/state_machine/state_machine.egg-info/entry_points.txt
[5.278s] writing requirements to ../build/state_machine/state_machine.egg-info/requires.txt
[5.279s] writing top-level names to ../build/state_machine/state_machine.egg-info/top_level.txt
[5.280s] reading manifest file '../build/state_machine/state_machine.egg-info/SOURCES.txt'
[5.281s] adding license file 'LICENSE'
[5.282s] writing manifest file '../build/state_machine/state_machine.egg-info/SOURCES.txt'
[5.283s] running build
[5.283s] running build_py
[5.284s] running install
[5.284s] running install_lib
[5.288s] running install_data
[5.288s] running install_egg_info
[5.292s] removing '/home/misys/forza_ws/race_stack/install/state_machine/lib/python3.10/site-packages/state_machine-0.0.0-py3.10.egg-info' (and everything under it)
[5.293s] Copying ../build/state_machine/state_machine.egg-info to /home/misys/forza_ws/race_stack/install/state_machine/lib/python3.10/site-packages/state_machine-0.0.0-py3.10.egg-info
[5.296s] running install_scripts
[5.348s] Installing state_machine script to /home/misys/forza_ws/race_stack/install/state_machine/lib/state_machine
[5.349s] writing list of installed files to '/home/misys/forza_ws/race_stack/build/state_machine/install.log'
[5.439s] Invoked command in '/home/misys/forza_ws/race_stack/state_machine' returned '0': PYTHONPATH=/home/misys/forza_ws/race_stack/build/state_machine/prefix_override:/usr/lib/python3/dist-packages/colcon_core/task/python/colcon_distutils_commands:/home/misys/forza_ws/race_stack/install/state_machine/lib/python3.10/site-packages:${PYTHONPATH} /usr/bin/python3 -W ignore:setup.py install is deprecated -W ignore:easy_install command is deprecated setup.py egg_info --egg-base ../build/state_machine build --build-base /home/misys/forza_ws/race_stack/build/state_machine/build install --record /home/misys/forza_ws/race_stack/build/state_machine/install.log --single-version-externally-managed install_data
