[4.393s] Invoking command in '/home/misys/forza_ws/race_stack/perception': PYTHONPATH=/home/misys/forza_ws/race_stack/build/perception/prefix_override:/usr/lib/python3/dist-packages/colcon_core/task/python/colcon_distutils_commands:/home/misys/forza_ws/race_stack/install/perception/lib/python3.10/site-packages:${PYTHONPATH} /usr/bin/python3 -W ignore:setup.py install is deprecated -W ignore:easy_install command is deprecated setup.py egg_info --egg-base ../build/perception build --build-base /home/misys/forza_ws/race_stack/build/perception/build install --record /home/misys/forza_ws/race_stack/build/perception/install.log --single-version-externally-managed install_data
[5.210s] running egg_info
[5.212s] writing ../build/perception/perception.egg-info/PKG-INFO
[5.213s] writing dependency_links to ../build/perception/perception.egg-info/dependency_links.txt
[5.213s] writing entry points to ../build/perception/perception.egg-info/entry_points.txt
[5.214s] writing requirements to ../build/perception/perception.egg-info/requires.txt
[5.214s] writing top-level names to ../build/perception/perception.egg-info/top_level.txt
[5.220s] reading manifest file '../build/perception/perception.egg-info/SOURCES.txt'
[5.220s] adding license file 'LICENSE'
[5.222s] writing manifest file '../build/perception/perception.egg-info/SOURCES.txt'
[5.222s] running build
[5.222s] running build_py
[5.223s] running install
[5.224s] running install_lib
[5.228s] running install_data
[5.228s] running install_egg_info
[5.242s] removing '/home/misys/forza_ws/race_stack/install/perception/lib/python3.10/site-packages/perception-0.0.0-py3.10.egg-info' (and everything under it)
[5.248s] Copying ../build/perception/perception.egg-info to /home/misys/forza_ws/race_stack/install/perception/lib/python3.10/site-packages/perception-0.0.0-py3.10.egg-info
[5.248s] running install_scripts
[5.299s] Installing detect script to /home/misys/forza_ws/race_stack/install/perception/lib/perception
[5.304s] Installing tracking script to /home/misys/forza_ws/race_stack/install/perception/lib/perception
[5.305s] writing list of installed files to '/home/misys/forza_ws/race_stack/build/perception/install.log'
[5.413s] Invoked command in '/home/misys/forza_ws/race_stack/perception' returned '0': PYTHONPATH=/home/misys/forza_ws/race_stack/build/perception/prefix_override:/usr/lib/python3/dist-packages/colcon_core/task/python/colcon_distutils_commands:/home/misys/forza_ws/race_stack/install/perception/lib/python3.10/site-packages:${PYTHONPATH} /usr/bin/python3 -W ignore:setup.py install is deprecated -W ignore:easy_install command is deprecated setup.py egg_info --egg-base ../build/perception build --build-base /home/misys/forza_ws/race_stack/build/perception/build install --record /home/misys/forza_ws/race_stack/build/perception/install.log --single-version-externally-managed install_data
