Traceback (most recent call last):
  File "/home/misys/forza_ws/race_stack/stack_master/setup.py", line 1, in <module>
    from setuptools import setup
  File "/home/misys/.local/lib/python3.10/site-packages/setuptools/__init__.py", line 16, in <module>
    import setuptools.version
  File "/home/misys/.local/lib/python3.10/site-packages/setuptools/version.py", line 1, in <module>
    import pkg_resources
  File "/home/misys/.local/lib/python3.10/site-packages/pkg_resources/__init__.py", line 3243, in <module>
    def _initialize_master_working_set():
  File "/home/misys/.local/lib/python3.10/site-packages/pkg_resources/__init__.py", line 3226, in _call_aside
    f(*args, **kwargs)
  File "/home/misys/.local/lib/python3.10/site-packages/pkg_resources/__init__.py", line 3278, in _initialize_master_working_set
    list(map(working_set.add_entry, sys.path))
  File "/home/misys/.local/lib/python3.10/site-packages/pkg_resources/__init__.py", line 608, in add_entry
    for dist in find_distributions(entry, True):
  File "/home/misys/.local/lib/python3.10/site-packages/pkg_resources/__init__.py", line 2063, in find_on_path
    for dist in factory(fullpath):
  File "/home/misys/.local/lib/python3.10/site-packages/pkg_resources/__init__.py", line 2120, in distributions_from_metadata
    if os.path.isdir(path):
  File "/usr/lib/python3.10/genericpath.py", line 42, in isdir
    st = os.stat(s)
KeyboardInterrupt
