[1.991s] Invoking command in '/home/misys/forza_ws/race_stack/stack_master': PYTHONPATH=/home/misys/forza_ws/race_stack/build/stack_master/prefix_override:/usr/lib/python3/dist-packages/colcon_core/task/python/colcon_distutils_commands:/home/misys/forza_ws/race_stack/install/stack_master/lib/python3.10/site-packages:${PYTHONPATH} /usr/bin/python3 -W ignore:setup.py install is deprecated -W ignore:easy_install command is deprecated setup.py egg_info --egg-base ../build/stack_master build --build-base /home/misys/forza_ws/race_stack/build/stack_master/build install --record /home/misys/forza_ws/race_stack/build/stack_master/install.log --single-version-externally-managed install_data
[2.636s] Traceback (most recent call last):
[2.636s]   File "/home/misys/forza_ws/race_stack/stack_master/setup.py", line 1, in <module>
[2.640s]     from setuptools import setup
[2.640s]   File "/home/misys/.local/lib/python3.10/site-packages/setuptools/__init__.py", line 16, in <module>
[2.650s]     import setuptools.version
[2.650s]   File "/home/misys/.local/lib/python3.10/site-packages/setuptools/version.py", line 1, in <module>
[2.651s]     import pkg_resources
[2.651s]   File "/home/misys/.local/lib/python3.10/site-packages/pkg_resources/__init__.py", line 3243, in <module>
[2.652s]     def _initialize_master_working_set():
[2.652s]   File "/home/misys/.local/lib/python3.10/site-packages/pkg_resources/__init__.py", line 3226, in _call_aside
[2.654s]     f(*args, **kwargs)
[2.654s]   File "/home/misys/.local/lib/python3.10/site-packages/pkg_resources/__init__.py", line 3278, in _initialize_master_working_set
[2.655s]     list(map(working_set.add_entry, sys.path))
[2.656s]   File "/home/misys/.local/lib/python3.10/site-packages/pkg_resources/__init__.py", line 608, in add_entry
[2.656s]     for dist in find_distributions(entry, True):
[2.656s]   File "/home/misys/.local/lib/python3.10/site-packages/pkg_resources/__init__.py", line 2063, in find_on_path
[2.658s]     for dist in factory(fullpath):
[2.658s]   File "/home/misys/.local/lib/python3.10/site-packages/pkg_resources/__init__.py", line 2120, in distributions_from_metadata
[2.659s]     if os.path.isdir(path):
[2.659s]   File "/usr/lib/python3.10/genericpath.py", line 42, in isdir
[2.660s]     st = os.stat(s)
[2.660s] KeyboardInterrupt
[2.803s] Invoked command in '/home/misys/forza_ws/race_stack/stack_master' returned '-2': PYTHONPATH=/home/misys/forza_ws/race_stack/build/stack_master/prefix_override:/usr/lib/python3/dist-packages/colcon_core/task/python/colcon_distutils_commands:/home/misys/forza_ws/race_stack/install/stack_master/lib/python3.10/site-packages:${PYTHONPATH} /usr/bin/python3 -W ignore:setup.py install is deprecated -W ignore:easy_install command is deprecated setup.py egg_info --egg-base ../build/stack_master build --build-base /home/misys/forza_ws/race_stack/build/stack_master/build install --record /home/misys/forza_ws/race_stack/build/stack_master/install.log --single-version-externally-managed install_data
