[3.307s] Invoking command in '/home/misys/forza_ws/race_stack/base_system/f1tenth_system/teleop_tools/key_teleop': PYTHONPATH=/home/misys/forza_ws/race_stack/build/key_teleop/prefix_override:/usr/lib/python3/dist-packages/colcon_core/task/python/colcon_distutils_commands:/home/misys/forza_ws/race_stack/install/key_teleop/lib/python3.10/site-packages:${PYTHONPATH} /usr/bin/python3 -W ignore:setup.py install is deprecated -W ignore:easy_install command is deprecated setup.py egg_info --egg-base ../../../../build/key_teleop build --build-base /home/misys/forza_ws/race_stack/build/key_teleop/build install --record /home/misys/forza_ws/race_stack/build/key_teleop/install.log --single-version-externally-managed install_data
[4.294s] running egg_info
[4.298s] writing ../../../../build/key_teleop/key_teleop.egg-info/PKG-INFO
[4.299s] writing dependency_links to ../../../../build/key_teleop/key_teleop.egg-info/dependency_links.txt
[4.299s] writing entry points to ../../../../build/key_teleop/key_teleop.egg-info/entry_points.txt
[4.302s] writing requirements to ../../../../build/key_teleop/key_teleop.egg-info/requires.txt
[4.302s] writing top-level names to ../../../../build/key_teleop/key_teleop.egg-info/top_level.txt
[4.306s] reading manifest file '../../../../build/key_teleop/key_teleop.egg-info/SOURCES.txt'
[4.307s] adding license file 'LICENSE'
[4.310s] writing manifest file '../../../../build/key_teleop/key_teleop.egg-info/SOURCES.txt'
[4.310s] running build
[4.310s] running build_py
[4.311s] running install
[4.315s] running install_lib
[4.319s] running install_data
[4.320s] running install_egg_info
[4.326s] removing '/home/misys/forza_ws/race_stack/install/key_teleop/lib/python3.10/site-packages/key_teleop-1.5.0-py3.10.egg-info' (and everything under it)
[4.341s] Copying ../../../../build/key_teleop/key_teleop.egg-info to /home/misys/forza_ws/race_stack/install/key_teleop/lib/python3.10/site-packages/key_teleop-1.5.0-py3.10.egg-info
[4.347s] running install_scripts
[4.404s] Installing key_teleop script to /home/misys/forza_ws/race_stack/install/key_teleop/lib/key_teleop
[4.409s] writing list of installed files to '/home/misys/forza_ws/race_stack/build/key_teleop/install.log'
[5.360s] Invoked command in '/home/misys/forza_ws/race_stack/base_system/f1tenth_system/teleop_tools/key_teleop' returned '0': PYTHONPATH=/home/misys/forza_ws/race_stack/build/key_teleop/prefix_override:/usr/lib/python3/dist-packages/colcon_core/task/python/colcon_distutils_commands:/home/misys/forza_ws/race_stack/install/key_teleop/lib/python3.10/site-packages:${PYTHONPATH} /usr/bin/python3 -W ignore:setup.py install is deprecated -W ignore:easy_install command is deprecated setup.py egg_info --egg-base ../../../../build/key_teleop build --build-base /home/misys/forza_ws/race_stack/build/key_teleop/build install --record /home/misys/forza_ws/race_stack/build/key_teleop/install.log --single-version-externally-managed install_data
