[0.088s] Invoking command in '/home/misys/forza_ws/race_stack/build/teleop_tools_msgs': CMAKE_PREFIX_PATH=${CMAKE_PREFIX_PATH}:/home/misys/forza_ws/race_stack/install/f1tenth_stack:/home/misys/forza_ws/race_stack/install/joy_teleop:/home/misys/forza_ws/race_stack/install/steering_lookup:/home/misys/forza_ws/race_stack/install/state_machine:/home/misys/forza_ws/race_stack/install/slam_tuner:/home/misys/forza_ws/race_stack/install/state_estimation:/home/misys/forza_ws/race_stack/install/map_editor:/home/misys/forza_ws/race_stack/install/stack_master:/home/misys/forza_ws/race_stack/install/spline_planner:/home/misys/forza_ws/race_stack/install/sector_tuner:/home/misys/forza_ws/race_stack/install/perception:/home/misys/forza_ws/race_stack/install/particle_filter:/home/misys/forza_ws/race_stack/install/opponent_publisher:/home/misys/forza_ws/race_stack/install/mouse_teleop:/home/misys/forza_ws/race_stack/install/lap_analyser:/home/misys/forza_ws/race_stack/install/key_teleop:/home/misys/forza_ws/race_stack/install/id_controller:/home/misys/forza_ws/race_stack/install/global_planner:/home/misys/forza_ws/race_stack/install/frenet_odom_republisher:/home/misys/forza_ws/race_stack/install/frenet_conversion:/home/misys/forza_ws/race_stack/install/f1tenth_gym_ros:/home/misys/forza_ws/race_stack/install/controller:/opt/ros/humble /usr/bin/cmake --build /home/misys/forza_ws/race_stack/build/teleop_tools_msgs -- -j6 -l6
[0.865s] [  3%] Built target teleop_tools_msgs__cpp
[0.865s] [  3%] Built target ament_cmake_python_copy_teleop_tools_msgs
[0.865s] [ 12%] Built target teleop_tools_msgs__rosidl_typesupport_introspection_cpp
[1.058s] running egg_info
[1.059s] writing teleop_tools_msgs.egg-info/PKG-INFO
[1.059s] writing dependency_links to teleop_tools_msgs.egg-info/dependency_links.txt
[1.060s] writing top-level names to teleop_tools_msgs.egg-info/top_level.txt
[1.066s] reading manifest file 'teleop_tools_msgs.egg-info/SOURCES.txt'
[1.067s] writing manifest file 'teleop_tools_msgs.egg-info/SOURCES.txt'
[1.148s] [ 12%] Built target ament_cmake_python_build_teleop_tools_msgs_egg
[1.204s] [ 22%] Built target teleop_tools_msgs__rosidl_typesupport_fastrtps_cpp
[1.259s] [ 32%] Built target teleop_tools_msgs__rosidl_typesupport_cpp
[1.313s] [ 41%] Built target teleop_tools_msgs__rosidl_generator_c
[1.367s] [ 51%] Built target teleop_tools_msgs__rosidl_typesupport_fastrtps_c
[1.416s] [ 61%] Built target teleop_tools_msgs__rosidl_typesupport_c
[1.470s] [ 70%] Built target teleop_tools_msgs__rosidl_typesupport_introspection_c
[1.520s] [ 70%] Built target teleop_tools_msgs
[1.570s] [ 74%] Built target teleop_tools_msgs__py
[1.622s] [ 80%] Built target teleop_tools_msgs__rosidl_generator_py
[1.679s] [ 87%] Built target teleop_tools_msgs__rosidl_typesupport_fastrtps_c__pyext
[1.742s] [ 93%] Built target teleop_tools_msgs__rosidl_typesupport_c__pyext
[1.830s] [100%] Built target teleop_tools_msgs__rosidl_typesupport_introspection_c__pyext
[2.544s] Invoked command in '/home/misys/forza_ws/race_stack/build/teleop_tools_msgs' returned '0': CMAKE_PREFIX_PATH=${CMAKE_PREFIX_PATH}:/home/misys/forza_ws/race_stack/install/f1tenth_stack:/home/misys/forza_ws/race_stack/install/joy_teleop:/home/misys/forza_ws/race_stack/install/steering_lookup:/home/misys/forza_ws/race_stack/install/state_machine:/home/misys/forza_ws/race_stack/install/slam_tuner:/home/misys/forza_ws/race_stack/install/state_estimation:/home/misys/forza_ws/race_stack/install/map_editor:/home/misys/forza_ws/race_stack/install/stack_master:/home/misys/forza_ws/race_stack/install/spline_planner:/home/misys/forza_ws/race_stack/install/sector_tuner:/home/misys/forza_ws/race_stack/install/perception:/home/misys/forza_ws/race_stack/install/particle_filter:/home/misys/forza_ws/race_stack/install/opponent_publisher:/home/misys/forza_ws/race_stack/install/mouse_teleop:/home/misys/forza_ws/race_stack/install/lap_analyser:/home/misys/forza_ws/race_stack/install/key_teleop:/home/misys/forza_ws/race_stack/install/id_controller:/home/misys/forza_ws/race_stack/install/global_planner:/home/misys/forza_ws/race_stack/install/frenet_odom_republisher:/home/misys/forza_ws/race_stack/install/frenet_conversion:/home/misys/forza_ws/race_stack/install/f1tenth_gym_ros:/home/misys/forza_ws/race_stack/install/controller:/opt/ros/humble /usr/bin/cmake --build /home/misys/forza_ws/race_stack/build/teleop_tools_msgs -- -j6 -l6
[2.547s] Invoking command in '/home/misys/forza_ws/race_stack/build/teleop_tools_msgs': CMAKE_PREFIX_PATH=${CMAKE_PREFIX_PATH}:/home/misys/forza_ws/race_stack/install/f1tenth_stack:/home/misys/forza_ws/race_stack/install/joy_teleop:/home/misys/forza_ws/race_stack/install/steering_lookup:/home/misys/forza_ws/race_stack/install/state_machine:/home/misys/forza_ws/race_stack/install/slam_tuner:/home/misys/forza_ws/race_stack/install/state_estimation:/home/misys/forza_ws/race_stack/install/map_editor:/home/misys/forza_ws/race_stack/install/stack_master:/home/misys/forza_ws/race_stack/install/spline_planner:/home/misys/forza_ws/race_stack/install/sector_tuner:/home/misys/forza_ws/race_stack/install/perception:/home/misys/forza_ws/race_stack/install/particle_filter:/home/misys/forza_ws/race_stack/install/opponent_publisher:/home/misys/forza_ws/race_stack/install/mouse_teleop:/home/misys/forza_ws/race_stack/install/lap_analyser:/home/misys/forza_ws/race_stack/install/key_teleop:/home/misys/forza_ws/race_stack/install/id_controller:/home/misys/forza_ws/race_stack/install/global_planner:/home/misys/forza_ws/race_stack/install/frenet_odom_republisher:/home/misys/forza_ws/race_stack/install/frenet_conversion:/home/misys/forza_ws/race_stack/install/f1tenth_gym_ros:/home/misys/forza_ws/race_stack/install/controller:/opt/ros/humble /usr/bin/cmake --install /home/misys/forza_ws/race_stack/build/teleop_tools_msgs
[2.567s] -- Install configuration: ""
[2.567s] -- Up-to-date: /home/misys/forza_ws/race_stack/install/teleop_tools_msgs/share/ament_index/resource_index/rosidl_interfaces/teleop_tools_msgs
[2.568s] -- Up-to-date: /home/misys/forza_ws/race_stack/install/teleop_tools_msgs/include/teleop_tools_msgs/teleop_tools_msgs
[2.569s] -- Up-to-date: /home/misys/forza_ws/race_stack/install/teleop_tools_msgs/include/teleop_tools_msgs/teleop_tools_msgs/action
[2.570s] -- Up-to-date: /home/misys/forza_ws/race_stack/install/teleop_tools_msgs/include/teleop_tools_msgs/teleop_tools_msgs/action/detail
[2.570s] -- Up-to-date: /home/misys/forza_ws/race_stack/install/teleop_tools_msgs/include/teleop_tools_msgs/teleop_tools_msgs/action/detail/increment__struct.h
[2.571s] -- Up-to-date: /home/misys/forza_ws/race_stack/install/teleop_tools_msgs/include/teleop_tools_msgs/teleop_tools_msgs/action/detail/increment__type_support.h
[2.614s] -- Up-to-date: /home/misys/forza_ws/race_stack/install/teleop_tools_msgs/include/teleop_tools_msgs/teleop_tools_msgs/action/detail/increment__functions.h
[2.615s] -- Up-to-date: /home/misys/forza_ws/race_stack/install/teleop_tools_msgs/include/teleop_tools_msgs/teleop_tools_msgs/action/detail/increment__functions.c
[2.615s] -- Up-to-date: /home/misys/forza_ws/race_stack/install/teleop_tools_msgs/include/teleop_tools_msgs/teleop_tools_msgs/action/increment.h
[2.615s] -- Up-to-date: /home/misys/forza_ws/race_stack/install/teleop_tools_msgs/include/teleop_tools_msgs/teleop_tools_msgs/msg
[2.615s] -- Up-to-date: /home/misys/forza_ws/race_stack/install/teleop_tools_msgs/include/teleop_tools_msgs/teleop_tools_msgs/msg/rosidl_generator_c__visibility_control.h
[2.615s] -- Up-to-date: /home/misys/forza_ws/race_stack/install/teleop_tools_msgs/share/teleop_tools_msgs/environment/library_path.sh
[2.616s] -- Up-to-date: /home/misys/forza_ws/race_stack/install/teleop_tools_msgs/share/teleop_tools_msgs/environment/library_path.dsv
[2.616s] -- Up-to-date: /home/misys/forza_ws/race_stack/install/teleop_tools_msgs/lib/libteleop_tools_msgs__rosidl_generator_c.so
[2.620s] -- Up-to-date: /home/misys/forza_ws/race_stack/install/teleop_tools_msgs/include/teleop_tools_msgs/teleop_tools_msgs
[2.620s] -- Up-to-date: /home/misys/forza_ws/race_stack/install/teleop_tools_msgs/include/teleop_tools_msgs/teleop_tools_msgs/action
[2.620s] -- Up-to-date: /home/misys/forza_ws/race_stack/install/teleop_tools_msgs/include/teleop_tools_msgs/teleop_tools_msgs/action/detail
[2.620s] -- Up-to-date: /home/misys/forza_ws/race_stack/install/teleop_tools_msgs/include/teleop_tools_msgs/teleop_tools_msgs/action/detail/increment__rosidl_typesupport_fastrtps_c.h
[2.620s] -- Up-to-date: /home/misys/forza_ws/race_stack/install/teleop_tools_msgs/include/teleop_tools_msgs/teleop_tools_msgs/msg
[2.620s] -- Up-to-date: /home/misys/forza_ws/race_stack/install/teleop_tools_msgs/include/teleop_tools_msgs/teleop_tools_msgs/msg/rosidl_typesupport_fastrtps_c__visibility_control.h
[2.620s] -- Up-to-date: /home/misys/forza_ws/race_stack/install/teleop_tools_msgs/lib/libteleop_tools_msgs__rosidl_typesupport_fastrtps_c.so
[2.621s] -- Up-to-date: /home/misys/forza_ws/race_stack/install/teleop_tools_msgs/include/teleop_tools_msgs/teleop_tools_msgs
[2.621s] -- Up-to-date: /home/misys/forza_ws/race_stack/install/teleop_tools_msgs/include/teleop_tools_msgs/teleop_tools_msgs/action
[2.621s] -- Up-to-date: /home/misys/forza_ws/race_stack/install/teleop_tools_msgs/include/teleop_tools_msgs/teleop_tools_msgs/action/detail
[2.621s] -- Up-to-date: /home/misys/forza_ws/race_stack/install/teleop_tools_msgs/include/teleop_tools_msgs/teleop_tools_msgs/action/detail/increment__rosidl_typesupport_introspection_c.h
[2.621s] -- Up-to-date: /home/misys/forza_ws/race_stack/install/teleop_tools_msgs/include/teleop_tools_msgs/teleop_tools_msgs/action/detail/increment__type_support.c
[2.621s] -- Up-to-date: /home/misys/forza_ws/race_stack/install/teleop_tools_msgs/include/teleop_tools_msgs/teleop_tools_msgs/msg
[2.621s] -- Up-to-date: /home/misys/forza_ws/race_stack/install/teleop_tools_msgs/include/teleop_tools_msgs/teleop_tools_msgs/msg/rosidl_typesupport_introspection_c__visibility_control.h
[2.621s] -- Up-to-date: /home/misys/forza_ws/race_stack/install/teleop_tools_msgs/lib/libteleop_tools_msgs__rosidl_typesupport_introspection_c.so
[2.627s] -- Up-to-date: /home/misys/forza_ws/race_stack/install/teleop_tools_msgs/lib/libteleop_tools_msgs__rosidl_typesupport_c.so
[2.628s] -- Up-to-date: /home/misys/forza_ws/race_stack/install/teleop_tools_msgs/include/teleop_tools_msgs/teleop_tools_msgs
[2.628s] -- Up-to-date: /home/misys/forza_ws/race_stack/install/teleop_tools_msgs/include/teleop_tools_msgs/teleop_tools_msgs/action
[2.628s] -- Up-to-date: /home/misys/forza_ws/race_stack/install/teleop_tools_msgs/include/teleop_tools_msgs/teleop_tools_msgs/action/detail
[2.629s] -- Up-to-date: /home/misys/forza_ws/race_stack/install/teleop_tools_msgs/include/teleop_tools_msgs/teleop_tools_msgs/action/detail/increment__builder.hpp
[2.629s] -- Up-to-date: /home/misys/forza_ws/race_stack/install/teleop_tools_msgs/include/teleop_tools_msgs/teleop_tools_msgs/action/detail/increment__traits.hpp
[2.629s] -- Up-to-date: /home/misys/forza_ws/race_stack/install/teleop_tools_msgs/include/teleop_tools_msgs/teleop_tools_msgs/action/detail/increment__struct.hpp
[2.629s] -- Up-to-date: /home/misys/forza_ws/race_stack/install/teleop_tools_msgs/include/teleop_tools_msgs/teleop_tools_msgs/action/detail/increment__type_support.hpp
[2.630s] -- Up-to-date: /home/misys/forza_ws/race_stack/install/teleop_tools_msgs/include/teleop_tools_msgs/teleop_tools_msgs/action/increment.hpp
[2.630s] -- Up-to-date: /home/misys/forza_ws/race_stack/install/teleop_tools_msgs/include/teleop_tools_msgs/teleop_tools_msgs/msg
[2.630s] -- Up-to-date: /home/misys/forza_ws/race_stack/install/teleop_tools_msgs/include/teleop_tools_msgs/teleop_tools_msgs/msg/rosidl_generator_cpp__visibility_control.hpp
[2.630s] -- Up-to-date: /home/misys/forza_ws/race_stack/install/teleop_tools_msgs/include/teleop_tools_msgs/teleop_tools_msgs
[2.630s] -- Up-to-date: /home/misys/forza_ws/race_stack/install/teleop_tools_msgs/include/teleop_tools_msgs/teleop_tools_msgs/action
[2.630s] -- Up-to-date: /home/misys/forza_ws/race_stack/install/teleop_tools_msgs/include/teleop_tools_msgs/teleop_tools_msgs/action/detail
[2.630s] -- Up-to-date: /home/misys/forza_ws/race_stack/install/teleop_tools_msgs/include/teleop_tools_msgs/teleop_tools_msgs/action/detail/increment__rosidl_typesupport_fastrtps_cpp.hpp
[2.630s] -- Up-to-date: /home/misys/forza_ws/race_stack/install/teleop_tools_msgs/include/teleop_tools_msgs/teleop_tools_msgs/action/detail/dds_fastrtps
[2.632s] -- Up-to-date: /home/misys/forza_ws/race_stack/install/teleop_tools_msgs/include/teleop_tools_msgs/teleop_tools_msgs/msg
[2.632s] -- Up-to-date: /home/misys/forza_ws/race_stack/install/teleop_tools_msgs/include/teleop_tools_msgs/teleop_tools_msgs/msg/rosidl_typesupport_fastrtps_cpp__visibility_control.h
[2.646s] -- Up-to-date: /home/misys/forza_ws/race_stack/install/teleop_tools_msgs/lib/libteleop_tools_msgs__rosidl_typesupport_fastrtps_cpp.so
[2.647s] -- Up-to-date: /home/misys/forza_ws/race_stack/install/teleop_tools_msgs/include/teleop_tools_msgs/teleop_tools_msgs
[2.647s] -- Up-to-date: /home/misys/forza_ws/race_stack/install/teleop_tools_msgs/include/teleop_tools_msgs/teleop_tools_msgs/action
[2.648s] -- Up-to-date: /home/misys/forza_ws/race_stack/install/teleop_tools_msgs/include/teleop_tools_msgs/teleop_tools_msgs/action/detail
[2.648s] -- Up-to-date: /home/misys/forza_ws/race_stack/install/teleop_tools_msgs/include/teleop_tools_msgs/teleop_tools_msgs/action/detail/increment__type_support.cpp
[2.648s] -- Up-to-date: /home/misys/forza_ws/race_stack/install/teleop_tools_msgs/include/teleop_tools_msgs/teleop_tools_msgs/action/detail/increment__rosidl_typesupport_introspection_cpp.hpp
[2.648s] -- Up-to-date: /home/misys/forza_ws/race_stack/install/teleop_tools_msgs/lib/libteleop_tools_msgs__rosidl_typesupport_introspection_cpp.so
[2.648s] -- Up-to-date: /home/misys/forza_ws/race_stack/install/teleop_tools_msgs/lib/libteleop_tools_msgs__rosidl_typesupport_cpp.so
[2.649s] -- Up-to-date: /home/misys/forza_ws/race_stack/install/teleop_tools_msgs/share/teleop_tools_msgs/environment/pythonpath.sh
[2.649s] -- Up-to-date: /home/misys/forza_ws/race_stack/install/teleop_tools_msgs/share/teleop_tools_msgs/environment/pythonpath.dsv
[2.649s] -- Up-to-date: /home/misys/forza_ws/race_stack/install/teleop_tools_msgs/local/lib/python3.10/dist-packages/teleop_tools_msgs-1.5.0-py3.10.egg-info
[2.649s] -- Installing: /home/misys/forza_ws/race_stack/install/teleop_tools_msgs/local/lib/python3.10/dist-packages/teleop_tools_msgs-1.5.0-py3.10.egg-info/dependency_links.txt
[2.649s] -- Installing: /home/misys/forza_ws/race_stack/install/teleop_tools_msgs/local/lib/python3.10/dist-packages/teleop_tools_msgs-1.5.0-py3.10.egg-info/PKG-INFO
[2.649s] -- Installing: /home/misys/forza_ws/race_stack/install/teleop_tools_msgs/local/lib/python3.10/dist-packages/teleop_tools_msgs-1.5.0-py3.10.egg-info/top_level.txt
[2.649s] -- Installing: /home/misys/forza_ws/race_stack/install/teleop_tools_msgs/local/lib/python3.10/dist-packages/teleop_tools_msgs-1.5.0-py3.10.egg-info/SOURCES.txt
[2.649s] -- Up-to-date: /home/misys/forza_ws/race_stack/install/teleop_tools_msgs/local/lib/python3.10/dist-packages/teleop_tools_msgs
[2.650s] -- Up-to-date: /home/misys/forza_ws/race_stack/install/teleop_tools_msgs/local/lib/python3.10/dist-packages/teleop_tools_msgs/_teleop_tools_msgs_s.ep.rosidl_typesupport_c.c
[2.650s] -- Up-to-date: /home/misys/forza_ws/race_stack/install/teleop_tools_msgs/local/lib/python3.10/dist-packages/teleop_tools_msgs/teleop_tools_msgs_s__rosidl_typesupport_introspection_c.cpython-310-aarch64-linux-gnu.so
[2.650s] -- Up-to-date: /home/misys/forza_ws/race_stack/install/teleop_tools_msgs/local/lib/python3.10/dist-packages/teleop_tools_msgs/teleop_tools_msgs_s__rosidl_typesupport_fastrtps_c.cpython-310-aarch64-linux-gnu.so
[2.650s] -- Up-to-date: /home/misys/forza_ws/race_stack/install/teleop_tools_msgs/local/lib/python3.10/dist-packages/teleop_tools_msgs/libteleop_tools_msgs__rosidl_generator_py.so
[2.650s] -- Up-to-date: /home/misys/forza_ws/race_stack/install/teleop_tools_msgs/local/lib/python3.10/dist-packages/teleop_tools_msgs/_teleop_tools_msgs_s.ep.rosidl_typesupport_introspection_c.c
[2.650s] -- Up-to-date: /home/misys/forza_ws/race_stack/install/teleop_tools_msgs/local/lib/python3.10/dist-packages/teleop_tools_msgs/_teleop_tools_msgs_s.ep.rosidl_typesupport_fastrtps_c.c
[2.650s] -- Up-to-date: /home/misys/forza_ws/race_stack/install/teleop_tools_msgs/local/lib/python3.10/dist-packages/teleop_tools_msgs/action
[2.650s] -- Up-to-date: /home/misys/forza_ws/race_stack/install/teleop_tools_msgs/local/lib/python3.10/dist-packages/teleop_tools_msgs/action/_increment.py
[2.650s] -- Up-to-date: /home/misys/forza_ws/race_stack/install/teleop_tools_msgs/local/lib/python3.10/dist-packages/teleop_tools_msgs/action/_increment_s.c
[2.651s] -- Up-to-date: /home/misys/forza_ws/race_stack/install/teleop_tools_msgs/local/lib/python3.10/dist-packages/teleop_tools_msgs/action/__init__.py
[2.651s] -- Up-to-date: /home/misys/forza_ws/race_stack/install/teleop_tools_msgs/local/lib/python3.10/dist-packages/teleop_tools_msgs/__init__.py
[2.651s] -- Up-to-date: /home/misys/forza_ws/race_stack/install/teleop_tools_msgs/local/lib/python3.10/dist-packages/teleop_tools_msgs/teleop_tools_msgs_s__rosidl_typesupport_c.cpython-310-aarch64-linux-gnu.so
[2.733s] Listing '/home/misys/forza_ws/race_stack/install/teleop_tools_msgs/local/lib/python3.10/dist-packages/teleop_tools_msgs'...
[2.734s] Listing '/home/misys/forza_ws/race_stack/install/teleop_tools_msgs/local/lib/python3.10/dist-packages/teleop_tools_msgs/action'...
[2.757s] -- Up-to-date: /home/misys/forza_ws/race_stack/install/teleop_tools_msgs/local/lib/python3.10/dist-packages/teleop_tools_msgs/teleop_tools_msgs_s__rosidl_typesupport_fastrtps_c.cpython-310-aarch64-linux-gnu.so
[2.758s] -- Up-to-date: /home/misys/forza_ws/race_stack/install/teleop_tools_msgs/local/lib/python3.10/dist-packages/teleop_tools_msgs/teleop_tools_msgs_s__rosidl_typesupport_introspection_c.cpython-310-aarch64-linux-gnu.so
[2.758s] -- Up-to-date: /home/misys/forza_ws/race_stack/install/teleop_tools_msgs/local/lib/python3.10/dist-packages/teleop_tools_msgs/teleop_tools_msgs_s__rosidl_typesupport_c.cpython-310-aarch64-linux-gnu.so
[2.759s] -- Up-to-date: /home/misys/forza_ws/race_stack/install/teleop_tools_msgs/lib/libteleop_tools_msgs__rosidl_generator_py.so
[2.759s] -- Up-to-date: /home/misys/forza_ws/race_stack/install/teleop_tools_msgs/share/teleop_tools_msgs/action/Increment.idl
[2.760s] -- Up-to-date: /home/misys/forza_ws/race_stack/install/teleop_tools_msgs/share/teleop_tools_msgs/action/Increment.action
[2.760s] -- Up-to-date: /home/misys/forza_ws/race_stack/install/teleop_tools_msgs/share/ament_index/resource_index/package_run_dependencies/teleop_tools_msgs
[2.760s] -- Up-to-date: /home/misys/forza_ws/race_stack/install/teleop_tools_msgs/share/ament_index/resource_index/parent_prefix_path/teleop_tools_msgs
[2.760s] -- Up-to-date: /home/misys/forza_ws/race_stack/install/teleop_tools_msgs/share/teleop_tools_msgs/environment/ament_prefix_path.sh
[2.761s] -- Up-to-date: /home/misys/forza_ws/race_stack/install/teleop_tools_msgs/share/teleop_tools_msgs/environment/ament_prefix_path.dsv
[2.761s] -- Up-to-date: /home/misys/forza_ws/race_stack/install/teleop_tools_msgs/share/teleop_tools_msgs/environment/path.sh
[2.761s] -- Up-to-date: /home/misys/forza_ws/race_stack/install/teleop_tools_msgs/share/teleop_tools_msgs/environment/path.dsv
[2.761s] -- Up-to-date: /home/misys/forza_ws/race_stack/install/teleop_tools_msgs/share/teleop_tools_msgs/local_setup.bash
[2.761s] -- Up-to-date: /home/misys/forza_ws/race_stack/install/teleop_tools_msgs/share/teleop_tools_msgs/local_setup.sh
[2.761s] -- Up-to-date: /home/misys/forza_ws/race_stack/install/teleop_tools_msgs/share/teleop_tools_msgs/local_setup.zsh
[2.762s] -- Up-to-date: /home/misys/forza_ws/race_stack/install/teleop_tools_msgs/share/teleop_tools_msgs/local_setup.dsv
[2.762s] -- Installing: /home/misys/forza_ws/race_stack/install/teleop_tools_msgs/share/teleop_tools_msgs/package.dsv
[2.762s] -- Up-to-date: /home/misys/forza_ws/race_stack/install/teleop_tools_msgs/share/ament_index/resource_index/packages/teleop_tools_msgs
[2.762s] -- Up-to-date: /home/misys/forza_ws/race_stack/install/teleop_tools_msgs/share/teleop_tools_msgs/cmake/export_teleop_tools_msgs__rosidl_generator_cExport.cmake
[2.762s] -- Up-to-date: /home/misys/forza_ws/race_stack/install/teleop_tools_msgs/share/teleop_tools_msgs/cmake/export_teleop_tools_msgs__rosidl_generator_cExport-noconfig.cmake
[2.762s] -- Up-to-date: /home/misys/forza_ws/race_stack/install/teleop_tools_msgs/share/teleop_tools_msgs/cmake/export_teleop_tools_msgs__rosidl_typesupport_fastrtps_cExport.cmake
[2.763s] -- Up-to-date: /home/misys/forza_ws/race_stack/install/teleop_tools_msgs/share/teleop_tools_msgs/cmake/export_teleop_tools_msgs__rosidl_typesupport_fastrtps_cExport-noconfig.cmake
[2.763s] -- Up-to-date: /home/misys/forza_ws/race_stack/install/teleop_tools_msgs/share/teleop_tools_msgs/cmake/teleop_tools_msgs__rosidl_typesupport_introspection_cExport.cmake
[2.763s] -- Up-to-date: /home/misys/forza_ws/race_stack/install/teleop_tools_msgs/share/teleop_tools_msgs/cmake/teleop_tools_msgs__rosidl_typesupport_introspection_cExport-noconfig.cmake
[2.763s] -- Up-to-date: /home/misys/forza_ws/race_stack/install/teleop_tools_msgs/share/teleop_tools_msgs/cmake/teleop_tools_msgs__rosidl_typesupport_cExport.cmake
[2.763s] -- Up-to-date: /home/misys/forza_ws/race_stack/install/teleop_tools_msgs/share/teleop_tools_msgs/cmake/teleop_tools_msgs__rosidl_typesupport_cExport-noconfig.cmake
[2.764s] -- Up-to-date: /home/misys/forza_ws/race_stack/install/teleop_tools_msgs/share/teleop_tools_msgs/cmake/export_teleop_tools_msgs__rosidl_generator_cppExport.cmake
[2.764s] -- Up-to-date: /home/misys/forza_ws/race_stack/install/teleop_tools_msgs/share/teleop_tools_msgs/cmake/export_teleop_tools_msgs__rosidl_typesupport_fastrtps_cppExport.cmake
[2.764s] -- Up-to-date: /home/misys/forza_ws/race_stack/install/teleop_tools_msgs/share/teleop_tools_msgs/cmake/export_teleop_tools_msgs__rosidl_typesupport_fastrtps_cppExport-noconfig.cmake
[2.764s] -- Up-to-date: /home/misys/forza_ws/race_stack/install/teleop_tools_msgs/share/teleop_tools_msgs/cmake/teleop_tools_msgs__rosidl_typesupport_introspection_cppExport.cmake
[2.765s] -- Up-to-date: /home/misys/forza_ws/race_stack/install/teleop_tools_msgs/share/teleop_tools_msgs/cmake/teleop_tools_msgs__rosidl_typesupport_introspection_cppExport-noconfig.cmake
[2.765s] -- Up-to-date: /home/misys/forza_ws/race_stack/install/teleop_tools_msgs/share/teleop_tools_msgs/cmake/teleop_tools_msgs__rosidl_typesupport_cppExport.cmake
[2.765s] -- Up-to-date: /home/misys/forza_ws/race_stack/install/teleop_tools_msgs/share/teleop_tools_msgs/cmake/teleop_tools_msgs__rosidl_typesupport_cppExport-noconfig.cmake
[2.765s] -- Up-to-date: /home/misys/forza_ws/race_stack/install/teleop_tools_msgs/share/teleop_tools_msgs/cmake/export_teleop_tools_msgs__rosidl_generator_pyExport.cmake
[2.766s] -- Up-to-date: /home/misys/forza_ws/race_stack/install/teleop_tools_msgs/share/teleop_tools_msgs/cmake/export_teleop_tools_msgs__rosidl_generator_pyExport-noconfig.cmake
[2.766s] -- Up-to-date: /home/misys/forza_ws/race_stack/install/teleop_tools_msgs/share/teleop_tools_msgs/cmake/rosidl_cmake-extras.cmake
[2.766s] -- Up-to-date: /home/misys/forza_ws/race_stack/install/teleop_tools_msgs/share/teleop_tools_msgs/cmake/ament_cmake_export_dependencies-extras.cmake
[2.766s] -- Up-to-date: /home/misys/forza_ws/race_stack/install/teleop_tools_msgs/share/teleop_tools_msgs/cmake/ament_cmake_export_include_directories-extras.cmake
[2.766s] -- Up-to-date: /home/misys/forza_ws/race_stack/install/teleop_tools_msgs/share/teleop_tools_msgs/cmake/ament_cmake_export_libraries-extras.cmake
[2.766s] -- Up-to-date: /home/misys/forza_ws/race_stack/install/teleop_tools_msgs/share/teleop_tools_msgs/cmake/ament_cmake_export_targets-extras.cmake
[2.766s] -- Up-to-date: /home/misys/forza_ws/race_stack/install/teleop_tools_msgs/share/teleop_tools_msgs/cmake/rosidl_cmake_export_typesupport_targets-extras.cmake
[2.766s] -- Up-to-date: /home/misys/forza_ws/race_stack/install/teleop_tools_msgs/share/teleop_tools_msgs/cmake/rosidl_cmake_export_typesupport_libraries-extras.cmake
[2.767s] -- Up-to-date: /home/misys/forza_ws/race_stack/install/teleop_tools_msgs/share/teleop_tools_msgs/cmake/teleop_tools_msgsConfig.cmake
[2.767s] -- Up-to-date: /home/misys/forza_ws/race_stack/install/teleop_tools_msgs/share/teleop_tools_msgs/cmake/teleop_tools_msgsConfig-version.cmake
[2.777s] -- Up-to-date: /home/misys/forza_ws/race_stack/install/teleop_tools_msgs/share/teleop_tools_msgs/package.xml
[2.784s] Invoked command in '/home/misys/forza_ws/race_stack/build/teleop_tools_msgs' returned '0': CMAKE_PREFIX_PATH=${CMAKE_PREFIX_PATH}:/home/misys/forza_ws/race_stack/install/f1tenth_stack:/home/misys/forza_ws/race_stack/install/joy_teleop:/home/misys/forza_ws/race_stack/install/steering_lookup:/home/misys/forza_ws/race_stack/install/state_machine:/home/misys/forza_ws/race_stack/install/slam_tuner:/home/misys/forza_ws/race_stack/install/state_estimation:/home/misys/forza_ws/race_stack/install/map_editor:/home/misys/forza_ws/race_stack/install/stack_master:/home/misys/forza_ws/race_stack/install/spline_planner:/home/misys/forza_ws/race_stack/install/sector_tuner:/home/misys/forza_ws/race_stack/install/perception:/home/misys/forza_ws/race_stack/install/particle_filter:/home/misys/forza_ws/race_stack/install/opponent_publisher:/home/misys/forza_ws/race_stack/install/mouse_teleop:/home/misys/forza_ws/race_stack/install/lap_analyser:/home/misys/forza_ws/race_stack/install/key_teleop:/home/misys/forza_ws/race_stack/install/id_controller:/home/misys/forza_ws/race_stack/install/global_planner:/home/misys/forza_ws/race_stack/install/frenet_odom_republisher:/home/misys/forza_ws/race_stack/install/frenet_conversion:/home/misys/forza_ws/race_stack/install/f1tenth_gym_ros:/home/misys/forza_ws/race_stack/install/controller:/opt/ros/humble /usr/bin/cmake --install /home/misys/forza_ws/race_stack/build/teleop_tools_msgs
