[4.540s] Invoking command in '/home/misys/forza_ws/race_stack/state_machine': PYTHONPATH=/home/misys/forza_ws/race_stack/build/state_machine/prefix_override:/usr/lib/python3/dist-packages/colcon_core/task/python/colcon_distutils_commands:/home/misys/forza_ws/race_stack/install/state_machine/lib/python3.10/site-packages:${PYTHONPATH} /usr/bin/python3 -W ignore:setup.py install is deprecated -W ignore:easy_install command is deprecated setup.py egg_info --egg-base ../build/state_machine build --build-base /home/misys/forza_ws/race_stack/build/state_machine/build install --record /home/misys/forza_ws/race_stack/build/state_machine/install.log --single-version-externally-managed install_data
[5.290s] running egg_info
[5.292s] writing ../build/state_machine/state_machine.egg-info/PKG-INFO
[5.293s] writing dependency_links to ../build/state_machine/state_machine.egg-info/dependency_links.txt
[5.294s] writing entry points to ../build/state_machine/state_machine.egg-info/entry_points.txt
[5.294s] writing requirements to ../build/state_machine/state_machine.egg-info/requires.txt
[5.295s] writing top-level names to ../build/state_machine/state_machine.egg-info/top_level.txt
[5.301s] reading manifest file '../build/state_machine/state_machine.egg-info/SOURCES.txt'
[5.301s] adding license file 'LICENSE'
[5.303s] writing manifest file '../build/state_machine/state_machine.egg-info/SOURCES.txt'
[5.303s] running build
[5.303s] running build_py
[5.304s] running install
[5.305s] running install_lib
[5.309s] running install_data
[5.310s] running install_egg_info
[5.314s] removing '/home/misys/forza_ws/race_stack/install/state_machine/lib/python3.10/site-packages/state_machine-0.0.0-py3.10.egg-info' (and everything under it)
[5.316s] Copying ../build/state_machine/state_machine.egg-info to /home/misys/forza_ws/race_stack/install/state_machine/lib/python3.10/site-packages/state_machine-0.0.0-py3.10.egg-info
[5.320s] running install_scripts
[5.381s] Installing state_machine script to /home/misys/forza_ws/race_stack/install/state_machine/lib/state_machine
[5.382s] writing list of installed files to '/home/misys/forza_ws/race_stack/build/state_machine/install.log'
[5.496s] Invoked command in '/home/misys/forza_ws/race_stack/state_machine' returned '0': PYTHONPATH=/home/misys/forza_ws/race_stack/build/state_machine/prefix_override:/usr/lib/python3/dist-packages/colcon_core/task/python/colcon_distutils_commands:/home/misys/forza_ws/race_stack/install/state_machine/lib/python3.10/site-packages:${PYTHONPATH} /usr/bin/python3 -W ignore:setup.py install is deprecated -W ignore:easy_install command is deprecated setup.py egg_info --egg-base ../build/state_machine build --build-base /home/misys/forza_ws/race_stack/build/state_machine/build install --record /home/misys/forza_ws/race_stack/build/state_machine/install.log --single-version-externally-managed install_data
