[3.701s] Invoking command in '/home/misys/forza_ws/race_stack/state_machine': PYTHONPATH=/home/misys/forza_ws/race_stack/build/state_machine/prefix_override:/usr/lib/python3/dist-packages/colcon_core/task/python/colcon_distutils_commands:/home/misys/forza_ws/race_stack/install/state_machine/lib/python3.10/site-packages:${PYTHONPATH} /usr/bin/python3 -W ignore:setup.py install is deprecated -W ignore:easy_install command is deprecated setup.py egg_info --egg-base ../build/state_machine build --build-base /home/misys/forza_ws/race_stack/build/state_machine/build install --record /home/misys/forza_ws/race_stack/build/state_machine/install.log --single-version-externally-managed install_data
[4.501s] running egg_info
[4.502s] writing ../build/state_machine/state_machine.egg-info/PKG-INFO
[4.504s] writing dependency_links to ../build/state_machine/state_machine.egg-info/dependency_links.txt
[4.504s] writing entry points to ../build/state_machine/state_machine.egg-info/entry_points.txt
[4.504s] writing requirements to ../build/state_machine/state_machine.egg-info/requires.txt
[4.505s] writing top-level names to ../build/state_machine/state_machine.egg-info/top_level.txt
[4.510s] reading manifest file '../build/state_machine/state_machine.egg-info/SOURCES.txt'
[4.510s] adding license file 'LICENSE'
[4.512s] writing manifest file '../build/state_machine/state_machine.egg-info/SOURCES.txt'
[4.512s] running build
[4.512s] running build_py
[4.513s] running install
[4.514s] running install_lib
[4.519s] running install_data
[4.519s] running install_egg_info
[4.525s] removing '/home/misys/forza_ws/race_stack/install/state_machine/lib/python3.10/site-packages/state_machine-0.0.0-py3.10.egg-info' (and everything under it)
[4.525s] Copying ../build/state_machine/state_machine.egg-info to /home/misys/forza_ws/race_stack/install/state_machine/lib/python3.10/site-packages/state_machine-0.0.0-py3.10.egg-info
[4.528s] running install_scripts
[4.588s] Installing state_machine script to /home/misys/forza_ws/race_stack/install/state_machine/lib/state_machine
[4.588s] writing list of installed files to '/home/misys/forza_ws/race_stack/build/state_machine/install.log'
[4.719s] Invoked command in '/home/misys/forza_ws/race_stack/state_machine' returned '0': PYTHONPATH=/home/misys/forza_ws/race_stack/build/state_machine/prefix_override:/usr/lib/python3/dist-packages/colcon_core/task/python/colcon_distutils_commands:/home/misys/forza_ws/race_stack/install/state_machine/lib/python3.10/site-packages:${PYTHONPATH} /usr/bin/python3 -W ignore:setup.py install is deprecated -W ignore:easy_install command is deprecated setup.py egg_info --egg-base ../build/state_machine build --build-base /home/misys/forza_ws/race_stack/build/state_machine/build install --record /home/misys/forza_ws/race_stack/build/state_machine/install.log --single-version-externally-managed install_data
