[3.972s] Invoking command in '/home/misys/forza_ws/race_stack/controller': PYTHONPATH=/home/misys/forza_ws/race_stack/build/controller/prefix_override:/usr/lib/python3/dist-packages/colcon_core/task/python/colcon_distutils_commands:/home/misys/forza_ws/race_stack/install/controller/lib/python3.10/site-packages:${PYTHONPATH} /usr/bin/python3 -W ignore:setup.py install is deprecated -W ignore:easy_install command is deprecated setup.py egg_info --egg-base ../build/controller build --build-base /home/misys/forza_ws/race_stack/build/controller/build install --record /home/misys/forza_ws/race_stack/build/controller/install.log --single-version-externally-managed install_data
[4.664s] running egg_info
[4.665s] writing ../build/controller/controller.egg-info/PKG-INFO
[4.666s] writing dependency_links to ../build/controller/controller.egg-info/dependency_links.txt
[4.666s] writing entry points to ../build/controller/controller.egg-info/entry_points.txt
[4.666s] writing requirements to ../build/controller/controller.egg-info/requires.txt
[4.666s] writing top-level names to ../build/controller/controller.egg-info/top_level.txt
[4.672s] reading manifest file '../build/controller/controller.egg-info/SOURCES.txt'
[4.673s] adding license file 'LICENSE'
[4.674s] writing manifest file '../build/controller/controller.egg-info/SOURCES.txt'
[4.674s] running build
[4.674s] running build_py
[4.675s] copying controller/pp.py -> /home/misys/forza_ws/race_stack/build/controller/build/lib/controller
[4.675s] copying controller/controller_manager.py -> /home/misys/forza_ws/race_stack/build/controller/build/lib/controller
[4.677s] running install
[4.677s] running install_lib
[4.679s] copying /home/misys/forza_ws/race_stack/build/controller/build/lib/controller/pp.py -> /home/misys/forza_ws/race_stack/install/controller/lib/python3.10/site-packages/controller
[4.680s] copying /home/misys/forza_ws/race_stack/build/controller/build/lib/controller/controller_manager.py -> /home/misys/forza_ws/race_stack/install/controller/lib/python3.10/site-packages/controller
[4.682s] byte-compiling /home/misys/forza_ws/race_stack/install/controller/lib/python3.10/site-packages/controller/pp.py to pp.cpython-310.pyc
[4.687s] byte-compiling /home/misys/forza_ws/race_stack/install/controller/lib/python3.10/site-packages/controller/controller_manager.py to controller_manager.cpython-310.pyc
[4.696s] running install_data
[4.696s] running install_egg_info
[4.701s] removing '/home/misys/forza_ws/race_stack/install/controller/lib/python3.10/site-packages/controller-0.0.0-py3.10.egg-info' (and everything under it)
[4.702s] Copying ../build/controller/controller.egg-info to /home/misys/forza_ws/race_stack/install/controller/lib/python3.10/site-packages/controller-0.0.0-py3.10.egg-info
[4.704s] running install_scripts
[4.756s] Installing controller script to /home/misys/forza_ws/race_stack/install/controller/lib/controller
[4.757s] writing list of installed files to '/home/misys/forza_ws/race_stack/build/controller/install.log'
[4.876s] Invoked command in '/home/misys/forza_ws/race_stack/controller' returned '0': PYTHONPATH=/home/misys/forza_ws/race_stack/build/controller/prefix_override:/usr/lib/python3/dist-packages/colcon_core/task/python/colcon_distutils_commands:/home/misys/forza_ws/race_stack/install/controller/lib/python3.10/site-packages:${PYTHONPATH} /usr/bin/python3 -W ignore:setup.py install is deprecated -W ignore:easy_install command is deprecated setup.py egg_info --egg-base ../build/controller build --build-base /home/misys/forza_ws/race_stack/build/controller/build install --record /home/misys/forza_ws/race_stack/build/controller/install.log --single-version-externally-managed install_data
