[2.220s] Invoking command in '/home/misys/forza_ws/race_stack/build/urg_node2': CMAKE_PREFIX_PATH=${CMAKE_PREFIX_PATH}:/home/misys/forza_ws/race_stack/install/f1tenth_stack:/home/misys/forza_ws/race_stack/install/joy_teleop:/home/misys/forza_ws/race_stack/install/steering_lookup:/home/misys/forza_ws/race_stack/install/state_machine:/home/misys/forza_ws/race_stack/install/slam_tuner:/home/misys/forza_ws/race_stack/install/state_estimation:/home/misys/forza_ws/race_stack/install/map_editor:/home/misys/forza_ws/race_stack/install/stack_master:/home/misys/forza_ws/race_stack/install/spline_planner:/home/misys/forza_ws/race_stack/install/sector_tuner:/home/misys/forza_ws/race_stack/install/perception:/home/misys/forza_ws/race_stack/install/particle_filter:/home/misys/forza_ws/race_stack/install/opponent_publisher:/home/misys/forza_ws/race_stack/install/mouse_teleop:/home/misys/forza_ws/race_stack/install/lap_analyser:/home/misys/forza_ws/race_stack/install/key_teleop:/home/misys/forza_ws/race_stack/install/id_controller:/home/misys/forza_ws/race_stack/install/global_planner:/home/misys/forza_ws/race_stack/install/frenet_odom_republisher:/home/misys/forza_ws/race_stack/install/frenet_conversion:/home/misys/forza_ws/race_stack/install/f1tenth_gym_ros:/home/misys/forza_ws/race_stack/install/controller:/opt/ros/humble /usr/bin/cmake --build /home/misys/forza_ws/race_stack/build/urg_node2 -- -j6 -l6
[2.660s] [ 45%] Built target urg_c
[2.808s] [ 55%] Built target gtest
[2.996s] [ 65%] Built target urg_node2
[3.106s] [ 75%] Built target gtest_main
[3.231s] [ 85%] Built target urg_node2_node
[3.347s] [100%] Built target urg_node2_test
[4.864s] Invoked command in '/home/misys/forza_ws/race_stack/build/urg_node2' returned '0': CMAKE_PREFIX_PATH=${CMAKE_PREFIX_PATH}:/home/misys/forza_ws/race_stack/install/f1tenth_stack:/home/misys/forza_ws/race_stack/install/joy_teleop:/home/misys/forza_ws/race_stack/install/steering_lookup:/home/misys/forza_ws/race_stack/install/state_machine:/home/misys/forza_ws/race_stack/install/slam_tuner:/home/misys/forza_ws/race_stack/install/state_estimation:/home/misys/forza_ws/race_stack/install/map_editor:/home/misys/forza_ws/race_stack/install/stack_master:/home/misys/forza_ws/race_stack/install/spline_planner:/home/misys/forza_ws/race_stack/install/sector_tuner:/home/misys/forza_ws/race_stack/install/perception:/home/misys/forza_ws/race_stack/install/particle_filter:/home/misys/forza_ws/race_stack/install/opponent_publisher:/home/misys/forza_ws/race_stack/install/mouse_teleop:/home/misys/forza_ws/race_stack/install/lap_analyser:/home/misys/forza_ws/race_stack/install/key_teleop:/home/misys/forza_ws/race_stack/install/id_controller:/home/misys/forza_ws/race_stack/install/global_planner:/home/misys/forza_ws/race_stack/install/frenet_odom_republisher:/home/misys/forza_ws/race_stack/install/frenet_conversion:/home/misys/forza_ws/race_stack/install/f1tenth_gym_ros:/home/misys/forza_ws/race_stack/install/controller:/opt/ros/humble /usr/bin/cmake --build /home/misys/forza_ws/race_stack/build/urg_node2 -- -j6 -l6
[4.868s] Invoking command in '/home/misys/forza_ws/race_stack/build/urg_node2': CMAKE_PREFIX_PATH=${CMAKE_PREFIX_PATH}:/home/misys/forza_ws/race_stack/install/f1tenth_stack:/home/misys/forza_ws/race_stack/install/joy_teleop:/home/misys/forza_ws/race_stack/install/steering_lookup:/home/misys/forza_ws/race_stack/install/state_machine:/home/misys/forza_ws/race_stack/install/slam_tuner:/home/misys/forza_ws/race_stack/install/state_estimation:/home/misys/forza_ws/race_stack/install/map_editor:/home/misys/forza_ws/race_stack/install/stack_master:/home/misys/forza_ws/race_stack/install/spline_planner:/home/misys/forza_ws/race_stack/install/sector_tuner:/home/misys/forza_ws/race_stack/install/perception:/home/misys/forza_ws/race_stack/install/particle_filter:/home/misys/forza_ws/race_stack/install/opponent_publisher:/home/misys/forza_ws/race_stack/install/mouse_teleop:/home/misys/forza_ws/race_stack/install/lap_analyser:/home/misys/forza_ws/race_stack/install/key_teleop:/home/misys/forza_ws/race_stack/install/id_controller:/home/misys/forza_ws/race_stack/install/global_planner:/home/misys/forza_ws/race_stack/install/frenet_odom_republisher:/home/misys/forza_ws/race_stack/install/frenet_conversion:/home/misys/forza_ws/race_stack/install/f1tenth_gym_ros:/home/misys/forza_ws/race_stack/install/controller:/opt/ros/humble /usr/bin/cmake --install /home/misys/forza_ws/race_stack/build/urg_node2
[5.062s] -- Install configuration: ""
[5.062s] -- Up-to-date: /home/misys/forza_ws/race_stack/install/urg_node2/lib/urg_node2/urg_node2_node
[5.062s] -- Up-to-date: /home/misys/forza_ws/race_stack/install/urg_node2/lib/liburg_node2.so
[5.062s] -- Up-to-date: /home/misys/forza_ws/race_stack/install/urg_node2/lib/liburg_c.so
[5.062s] -- Up-to-date: /home/misys/forza_ws/race_stack/install/urg_node2/share/urg_node2/launch
[5.063s] -- Up-to-date: /home/misys/forza_ws/race_stack/install/urg_node2/share/urg_node2/launch/urg_node2_component.launch.py
[5.063s] -- Up-to-date: /home/misys/forza_ws/race_stack/install/urg_node2/share/urg_node2/launch/urg_node2_2lidar.launch.py
[5.063s] -- Up-to-date: /home/misys/forza_ws/race_stack/install/urg_node2/share/urg_node2/launch/urg_node2.launch.py
[5.063s] -- Up-to-date: /home/misys/forza_ws/race_stack/install/urg_node2/share/urg_node2/config
[5.063s] -- Up-to-date: /home/misys/forza_ws/race_stack/install/urg_node2/share/urg_node2/config/params_ether.yaml
[5.063s] -- Up-to-date: /home/misys/forza_ws/race_stack/install/urg_node2/share/urg_node2/config/params_serial.yaml
[5.063s] -- Up-to-date: /home/misys/forza_ws/race_stack/install/urg_node2/share/urg_node2/config/params_ether_2nd.yaml
[5.063s] -- Up-to-date: /home/misys/forza_ws/race_stack/install/urg_node2/share/ament_index/resource_index/package_run_dependencies/urg_node2
[5.064s] -- Up-to-date: /home/misys/forza_ws/race_stack/install/urg_node2/share/ament_index/resource_index/parent_prefix_path/urg_node2
[5.064s] -- Up-to-date: /home/misys/forza_ws/race_stack/install/urg_node2/share/urg_node2/environment/ament_prefix_path.sh
[5.064s] -- Up-to-date: /home/misys/forza_ws/race_stack/install/urg_node2/share/urg_node2/environment/ament_prefix_path.dsv
[5.064s] -- Up-to-date: /home/misys/forza_ws/race_stack/install/urg_node2/share/urg_node2/environment/path.sh
[5.064s] -- Up-to-date: /home/misys/forza_ws/race_stack/install/urg_node2/share/urg_node2/environment/path.dsv
[5.064s] -- Up-to-date: /home/misys/forza_ws/race_stack/install/urg_node2/share/urg_node2/local_setup.bash
[5.064s] -- Up-to-date: /home/misys/forza_ws/race_stack/install/urg_node2/share/urg_node2/local_setup.sh
[5.064s] -- Up-to-date: /home/misys/forza_ws/race_stack/install/urg_node2/share/urg_node2/local_setup.zsh
[5.065s] -- Up-to-date: /home/misys/forza_ws/race_stack/install/urg_node2/share/urg_node2/local_setup.dsv
[5.065s] -- Installing: /home/misys/forza_ws/race_stack/install/urg_node2/share/urg_node2/package.dsv
[5.065s] -- Up-to-date: /home/misys/forza_ws/race_stack/install/urg_node2/share/ament_index/resource_index/packages/urg_node2
[5.065s] -- Up-to-date: /home/misys/forza_ws/race_stack/install/urg_node2/share/ament_index/resource_index/rclcpp_components/urg_node2
[5.065s] -- Up-to-date: /home/misys/forza_ws/race_stack/install/urg_node2/share/urg_node2/cmake/urg_node2Config.cmake
[5.065s] -- Up-to-date: /home/misys/forza_ws/race_stack/install/urg_node2/share/urg_node2/cmake/urg_node2Config-version.cmake
[5.065s] -- Up-to-date: /home/misys/forza_ws/race_stack/install/urg_node2/share/urg_node2/package.xml
[5.090s] Invoked command in '/home/misys/forza_ws/race_stack/build/urg_node2' returned '0': CMAKE_PREFIX_PATH=${CMAKE_PREFIX_PATH}:/home/misys/forza_ws/race_stack/install/f1tenth_stack:/home/misys/forza_ws/race_stack/install/joy_teleop:/home/misys/forza_ws/race_stack/install/steering_lookup:/home/misys/forza_ws/race_stack/install/state_machine:/home/misys/forza_ws/race_stack/install/slam_tuner:/home/misys/forza_ws/race_stack/install/state_estimation:/home/misys/forza_ws/race_stack/install/map_editor:/home/misys/forza_ws/race_stack/install/stack_master:/home/misys/forza_ws/race_stack/install/spline_planner:/home/misys/forza_ws/race_stack/install/sector_tuner:/home/misys/forza_ws/race_stack/install/perception:/home/misys/forza_ws/race_stack/install/particle_filter:/home/misys/forza_ws/race_stack/install/opponent_publisher:/home/misys/forza_ws/race_stack/install/mouse_teleop:/home/misys/forza_ws/race_stack/install/lap_analyser:/home/misys/forza_ws/race_stack/install/key_teleop:/home/misys/forza_ws/race_stack/install/id_controller:/home/misys/forza_ws/race_stack/install/global_planner:/home/misys/forza_ws/race_stack/install/frenet_odom_republisher:/home/misys/forza_ws/race_stack/install/frenet_conversion:/home/misys/forza_ws/race_stack/install/f1tenth_gym_ros:/home/misys/forza_ws/race_stack/install/controller:/opt/ros/humble /usr/bin/cmake --install /home/misys/forza_ws/race_stack/build/urg_node2
