[4.408s] Invoking command in '/home/misys/forza_ws/race_stack/planner/global_planner': PYTHONPATH=/home/misys/forza_ws/race_stack/build/global_planner/prefix_override:/usr/lib/python3/dist-packages/colcon_core/task/python/colcon_distutils_commands:/home/misys/forza_ws/race_stack/install/global_planner/lib/python3.10/site-packages:${PYTHONPATH} /usr/bin/python3 -W ignore:setup.py install is deprecated -W ignore:easy_install command is deprecated setup.py egg_info --egg-base ../../build/global_planner build --build-base /home/misys/forza_ws/race_stack/build/global_planner/build install --record /home/misys/forza_ws/race_stack/build/global_planner/install.log --single-version-externally-managed install_data
[5.216s] running egg_info
[5.218s] writing ../../build/global_planner/global_planner.egg-info/PKG-INFO
[5.219s] writing dependency_links to ../../build/global_planner/global_planner.egg-info/dependency_links.txt
[5.220s] writing entry points to ../../build/global_planner/global_planner.egg-info/entry_points.txt
[5.221s] writing requirements to ../../build/global_planner/global_planner.egg-info/requires.txt
[5.221s] writing top-level names to ../../build/global_planner/global_planner.egg-info/top_level.txt
[5.227s] reading manifest file '../../build/global_planner/global_planner.egg-info/SOURCES.txt'
[5.228s] adding license file 'LICENSE'
[5.230s] writing manifest file '../../build/global_planner/global_planner.egg-info/SOURCES.txt'
[5.230s] running build
[5.231s] running build_py
[5.232s] running install
[5.233s] running install_lib
[5.237s] running install_data
[5.238s] running install_egg_info
[5.243s] removing '/home/misys/forza_ws/race_stack/install/global_planner/lib/python3.10/site-packages/global_planner-0.0.0-py3.10.egg-info' (and everything under it)
[5.244s] Copying ../../build/global_planner/global_planner.egg-info to /home/misys/forza_ws/race_stack/install/global_planner/lib/python3.10/site-packages/global_planner-0.0.0-py3.10.egg-info
[5.247s] running install_scripts
[5.301s] Installing global_planner script to /home/misys/forza_ws/race_stack/install/global_planner/lib/global_planner
[5.301s] Installing global_trajectory_publisher script to /home/misys/forza_ws/race_stack/install/global_planner/lib/global_planner
[5.302s] writing list of installed files to '/home/misys/forza_ws/race_stack/build/global_planner/install.log'
[5.849s] Invoked command in '/home/misys/forza_ws/race_stack/planner/global_planner' returned '0': PYTHONPATH=/home/misys/forza_ws/race_stack/build/global_planner/prefix_override:/usr/lib/python3/dist-packages/colcon_core/task/python/colcon_distutils_commands:/home/misys/forza_ws/race_stack/install/global_planner/lib/python3.10/site-packages:${PYTHONPATH} /usr/bin/python3 -W ignore:setup.py install is deprecated -W ignore:easy_install command is deprecated setup.py egg_info --egg-base ../../build/global_planner build --build-base /home/misys/forza_ws/race_stack/build/global_planner/build install --record /home/misys/forza_ws/race_stack/build/global_planner/install.log --single-version-externally-managed install_data
