[0.115s] Invoking command in '/home/misys/forza_ws/race_stack/build/vesc_msgs': CMAKE_PREFIX_PATH=${CMAKE_PREFIX_PATH}:/home/misys/forza_ws/race_stack/install/f1tenth_stack:/home/misys/forza_ws/race_stack/install/joy_teleop:/home/misys/forza_ws/race_stack/install/steering_lookup:/home/misys/forza_ws/race_stack/install/state_machine:/home/misys/forza_ws/race_stack/install/slam_tuner:/home/misys/forza_ws/race_stack/install/state_estimation:/home/misys/forza_ws/race_stack/install/map_editor:/home/misys/forza_ws/race_stack/install/stack_master:/home/misys/forza_ws/race_stack/install/spline_planner:/home/misys/forza_ws/race_stack/install/sector_tuner:/home/misys/forza_ws/race_stack/install/perception:/home/misys/forza_ws/race_stack/install/particle_filter:/home/misys/forza_ws/race_stack/install/opponent_publisher:/home/misys/forza_ws/race_stack/install/mouse_teleop:/home/misys/forza_ws/race_stack/install/lap_analyser:/home/misys/forza_ws/race_stack/install/key_teleop:/home/misys/forza_ws/race_stack/install/id_controller:/home/misys/forza_ws/race_stack/install/global_planner:/home/misys/forza_ws/race_stack/install/frenet_odom_republisher:/home/misys/forza_ws/race_stack/install/frenet_conversion:/home/misys/forza_ws/race_stack/install/f1tenth_gym_ros:/home/misys/forza_ws/race_stack/install/controller:/opt/ros/humble /usr/bin/cmake --build /home/misys/forza_ws/race_stack/build/vesc_msgs -- -j6 -l6
[1.121s] [ 10%] Built target vesc_msgs__rosidl_generator_c
[1.121s] [ 12%] Built target vesc_msgs__cpp
[1.121s] [ 12%] Built target ament_cmake_python_copy_vesc_msgs
[1.121s] [ 23%] Built target vesc_msgs__rosidl_typesupport_introspection_c
[1.121s] [ 34%] Built target vesc_msgs__rosidl_typesupport_c
[1.122s] [ 45%] Built target vesc_msgs__rosidl_typesupport_fastrtps_c
[1.122s] [ 56%] Built target vesc_msgs__rosidl_typesupport_fastrtps_cpp
[1.122s] [ 67%] Built target vesc_msgs__rosidl_typesupport_introspection_cpp
[1.122s] [ 78%] Built target vesc_msgs__rosidl_typesupport_cpp
[1.122s] [ 78%] Built target vesc_msgs
[1.122s] [ 80%] Built target vesc_msgs__py
[1.237s] [ 89%] Built target vesc_msgs__rosidl_generator_py
[1.365s] [ 92%] Built target vesc_msgs__rosidl_typesupport_introspection_c__pyext
[1.375s] [ 96%] Built target vesc_msgs__rosidl_typesupport_fastrtps_c__pyext
[1.385s] [100%] Built target vesc_msgs__rosidl_typesupport_c__pyext
[1.487s] running egg_info
[1.488s] writing vesc_msgs.egg-info/PKG-INFO
[1.489s] writing dependency_links to vesc_msgs.egg-info/dependency_links.txt
[1.489s] writing top-level names to vesc_msgs.egg-info/top_level.txt
[1.495s] reading manifest file 'vesc_msgs.egg-info/SOURCES.txt'
[1.496s] writing manifest file 'vesc_msgs.egg-info/SOURCES.txt'
[1.580s] [100%] Built target ament_cmake_python_build_vesc_msgs_egg
[2.069s] Invoked command in '/home/misys/forza_ws/race_stack/build/vesc_msgs' returned '0': CMAKE_PREFIX_PATH=${CMAKE_PREFIX_PATH}:/home/misys/forza_ws/race_stack/install/f1tenth_stack:/home/misys/forza_ws/race_stack/install/joy_teleop:/home/misys/forza_ws/race_stack/install/steering_lookup:/home/misys/forza_ws/race_stack/install/state_machine:/home/misys/forza_ws/race_stack/install/slam_tuner:/home/misys/forza_ws/race_stack/install/state_estimation:/home/misys/forza_ws/race_stack/install/map_editor:/home/misys/forza_ws/race_stack/install/stack_master:/home/misys/forza_ws/race_stack/install/spline_planner:/home/misys/forza_ws/race_stack/install/sector_tuner:/home/misys/forza_ws/race_stack/install/perception:/home/misys/forza_ws/race_stack/install/particle_filter:/home/misys/forza_ws/race_stack/install/opponent_publisher:/home/misys/forza_ws/race_stack/install/mouse_teleop:/home/misys/forza_ws/race_stack/install/lap_analyser:/home/misys/forza_ws/race_stack/install/key_teleop:/home/misys/forza_ws/race_stack/install/id_controller:/home/misys/forza_ws/race_stack/install/global_planner:/home/misys/forza_ws/race_stack/install/frenet_odom_republisher:/home/misys/forza_ws/race_stack/install/frenet_conversion:/home/misys/forza_ws/race_stack/install/f1tenth_gym_ros:/home/misys/forza_ws/race_stack/install/controller:/opt/ros/humble /usr/bin/cmake --build /home/misys/forza_ws/race_stack/build/vesc_msgs -- -j6 -l6
[2.074s] Invoking command in '/home/misys/forza_ws/race_stack/build/vesc_msgs': CMAKE_PREFIX_PATH=${CMAKE_PREFIX_PATH}:/home/misys/forza_ws/race_stack/install/f1tenth_stack:/home/misys/forza_ws/race_stack/install/joy_teleop:/home/misys/forza_ws/race_stack/install/steering_lookup:/home/misys/forza_ws/race_stack/install/state_machine:/home/misys/forza_ws/race_stack/install/slam_tuner:/home/misys/forza_ws/race_stack/install/state_estimation:/home/misys/forza_ws/race_stack/install/map_editor:/home/misys/forza_ws/race_stack/install/stack_master:/home/misys/forza_ws/race_stack/install/spline_planner:/home/misys/forza_ws/race_stack/install/sector_tuner:/home/misys/forza_ws/race_stack/install/perception:/home/misys/forza_ws/race_stack/install/particle_filter:/home/misys/forza_ws/race_stack/install/opponent_publisher:/home/misys/forza_ws/race_stack/install/mouse_teleop:/home/misys/forza_ws/race_stack/install/lap_analyser:/home/misys/forza_ws/race_stack/install/key_teleop:/home/misys/forza_ws/race_stack/install/id_controller:/home/misys/forza_ws/race_stack/install/global_planner:/home/misys/forza_ws/race_stack/install/frenet_odom_republisher:/home/misys/forza_ws/race_stack/install/frenet_conversion:/home/misys/forza_ws/race_stack/install/f1tenth_gym_ros:/home/misys/forza_ws/race_stack/install/controller:/opt/ros/humble /usr/bin/cmake --install /home/misys/forza_ws/race_stack/build/vesc_msgs
[2.096s] -- Install configuration: ""
[2.097s] -- Up-to-date: /home/misys/forza_ws/race_stack/install/vesc_msgs/share/ament_index/resource_index/rosidl_interfaces/vesc_msgs
[2.097s] -- Up-to-date: /home/misys/forza_ws/race_stack/install/vesc_msgs/include/vesc_msgs/vesc_msgs
[2.097s] -- Up-to-date: /home/misys/forza_ws/race_stack/install/vesc_msgs/include/vesc_msgs/vesc_msgs/msg
[2.098s] -- Up-to-date: /home/misys/forza_ws/race_stack/install/vesc_msgs/include/vesc_msgs/vesc_msgs/msg/detail
[2.098s] -- Up-to-date: /home/misys/forza_ws/race_stack/install/vesc_msgs/include/vesc_msgs/vesc_msgs/msg/detail/vesc_state_stamped__functions.c
[2.099s] -- Up-to-date: /home/misys/forza_ws/race_stack/install/vesc_msgs/include/vesc_msgs/vesc_msgs/msg/detail/vesc_imu__functions.h
[2.099s] -- Up-to-date: /home/misys/forza_ws/race_stack/install/vesc_msgs/include/vesc_msgs/vesc_msgs/msg/detail/vesc_state_stamped__struct.h
[2.100s] -- Up-to-date: /home/misys/forza_ws/race_stack/install/vesc_msgs/include/vesc_msgs/vesc_msgs/msg/detail/vesc_state_stamped__functions.h
[2.101s] -- Up-to-date: /home/misys/forza_ws/race_stack/install/vesc_msgs/include/vesc_msgs/vesc_msgs/msg/detail/vesc_state_stamped__type_support.h
[2.101s] -- Up-to-date: /home/misys/forza_ws/race_stack/install/vesc_msgs/include/vesc_msgs/vesc_msgs/msg/detail/vesc_state__struct.h
[2.113s] -- Up-to-date: /home/misys/forza_ws/race_stack/install/vesc_msgs/include/vesc_msgs/vesc_msgs/msg/detail/vesc_state__functions.h
[2.114s] -- Up-to-date: /home/misys/forza_ws/race_stack/install/vesc_msgs/include/vesc_msgs/vesc_msgs/msg/detail/vesc_imu__functions.c
[2.114s] -- Up-to-date: /home/misys/forza_ws/race_stack/install/vesc_msgs/include/vesc_msgs/vesc_msgs/msg/detail/vesc_imu__type_support.h
[2.115s] -- Up-to-date: /home/misys/forza_ws/race_stack/install/vesc_msgs/include/vesc_msgs/vesc_msgs/msg/detail/vesc_state__type_support.h
[2.116s] -- Up-to-date: /home/misys/forza_ws/race_stack/install/vesc_msgs/include/vesc_msgs/vesc_msgs/msg/detail/vesc_state__functions.c
[2.116s] -- Up-to-date: /home/misys/forza_ws/race_stack/install/vesc_msgs/include/vesc_msgs/vesc_msgs/msg/detail/vesc_imu__struct.h
[2.116s] -- Up-to-date: /home/misys/forza_ws/race_stack/install/vesc_msgs/include/vesc_msgs/vesc_msgs/msg/detail/vesc_imu_stamped__struct.h
[2.116s] -- Up-to-date: /home/misys/forza_ws/race_stack/install/vesc_msgs/include/vesc_msgs/vesc_msgs/msg/detail/vesc_imu_stamped__functions.h
[2.116s] -- Up-to-date: /home/misys/forza_ws/race_stack/install/vesc_msgs/include/vesc_msgs/vesc_msgs/msg/detail/vesc_imu_stamped__type_support.h
[2.117s] -- Up-to-date: /home/misys/forza_ws/race_stack/install/vesc_msgs/include/vesc_msgs/vesc_msgs/msg/detail/vesc_imu_stamped__functions.c
[2.117s] -- Up-to-date: /home/misys/forza_ws/race_stack/install/vesc_msgs/include/vesc_msgs/vesc_msgs/msg/rosidl_generator_c__visibility_control.h
[2.117s] -- Up-to-date: /home/misys/forza_ws/race_stack/install/vesc_msgs/include/vesc_msgs/vesc_msgs/msg/vesc_imu_stamped.h
[2.117s] -- Up-to-date: /home/misys/forza_ws/race_stack/install/vesc_msgs/include/vesc_msgs/vesc_msgs/msg/vesc_state_stamped.h
[2.118s] -- Up-to-date: /home/misys/forza_ws/race_stack/install/vesc_msgs/include/vesc_msgs/vesc_msgs/msg/vesc_imu.h
[2.118s] -- Up-to-date: /home/misys/forza_ws/race_stack/install/vesc_msgs/include/vesc_msgs/vesc_msgs/msg/vesc_state.h
[2.118s] -- Up-to-date: /home/misys/forza_ws/race_stack/install/vesc_msgs/share/vesc_msgs/environment/library_path.sh
[2.118s] -- Up-to-date: /home/misys/forza_ws/race_stack/install/vesc_msgs/share/vesc_msgs/environment/library_path.dsv
[2.118s] -- Up-to-date: /home/misys/forza_ws/race_stack/install/vesc_msgs/lib/libvesc_msgs__rosidl_generator_c.so
[2.118s] -- Up-to-date: /home/misys/forza_ws/race_stack/install/vesc_msgs/include/vesc_msgs/vesc_msgs
[2.118s] -- Up-to-date: /home/misys/forza_ws/race_stack/install/vesc_msgs/include/vesc_msgs/vesc_msgs/msg
[2.118s] -- Up-to-date: /home/misys/forza_ws/race_stack/install/vesc_msgs/include/vesc_msgs/vesc_msgs/msg/detail
[2.118s] -- Up-to-date: /home/misys/forza_ws/race_stack/install/vesc_msgs/include/vesc_msgs/vesc_msgs/msg/detail/vesc_imu_stamped__rosidl_typesupport_fastrtps_c.h
[2.119s] -- Up-to-date: /home/misys/forza_ws/race_stack/install/vesc_msgs/include/vesc_msgs/vesc_msgs/msg/detail/vesc_state__rosidl_typesupport_fastrtps_c.h
[2.119s] -- Up-to-date: /home/misys/forza_ws/race_stack/install/vesc_msgs/include/vesc_msgs/vesc_msgs/msg/detail/vesc_state_stamped__rosidl_typesupport_fastrtps_c.h
[2.119s] -- Up-to-date: /home/misys/forza_ws/race_stack/install/vesc_msgs/include/vesc_msgs/vesc_msgs/msg/detail/vesc_imu__rosidl_typesupport_fastrtps_c.h
[2.119s] -- Up-to-date: /home/misys/forza_ws/race_stack/install/vesc_msgs/include/vesc_msgs/vesc_msgs/msg/rosidl_typesupport_fastrtps_c__visibility_control.h
[2.119s] -- Up-to-date: /home/misys/forza_ws/race_stack/install/vesc_msgs/lib/libvesc_msgs__rosidl_typesupport_fastrtps_c.so
[2.121s] -- Up-to-date: /home/misys/forza_ws/race_stack/install/vesc_msgs/include/vesc_msgs/vesc_msgs
[2.121s] -- Up-to-date: /home/misys/forza_ws/race_stack/install/vesc_msgs/include/vesc_msgs/vesc_msgs/msg
[2.121s] -- Up-to-date: /home/misys/forza_ws/race_stack/install/vesc_msgs/include/vesc_msgs/vesc_msgs/msg/detail
[2.121s] -- Up-to-date: /home/misys/forza_ws/race_stack/install/vesc_msgs/include/vesc_msgs/vesc_msgs/msg/detail/vesc_imu__rosidl_typesupport_introspection_c.h
[2.122s] -- Up-to-date: /home/misys/forza_ws/race_stack/install/vesc_msgs/include/vesc_msgs/vesc_msgs/msg/detail/vesc_state_stamped__type_support.c
[2.122s] -- Up-to-date: /home/misys/forza_ws/race_stack/install/vesc_msgs/include/vesc_msgs/vesc_msgs/msg/detail/vesc_state__type_support.c
[2.122s] -- Up-to-date: /home/misys/forza_ws/race_stack/install/vesc_msgs/include/vesc_msgs/vesc_msgs/msg/detail/vesc_imu_stamped__type_support.c
[2.123s] -- Up-to-date: /home/misys/forza_ws/race_stack/install/vesc_msgs/include/vesc_msgs/vesc_msgs/msg/detail/vesc_imu__type_support.c
[2.123s] -- Up-to-date: /home/misys/forza_ws/race_stack/install/vesc_msgs/include/vesc_msgs/vesc_msgs/msg/detail/vesc_state_stamped__rosidl_typesupport_introspection_c.h
[2.123s] -- Up-to-date: /home/misys/forza_ws/race_stack/install/vesc_msgs/include/vesc_msgs/vesc_msgs/msg/detail/vesc_imu_stamped__rosidl_typesupport_introspection_c.h
[2.124s] -- Up-to-date: /home/misys/forza_ws/race_stack/install/vesc_msgs/include/vesc_msgs/vesc_msgs/msg/detail/vesc_state__rosidl_typesupport_introspection_c.h
[2.124s] -- Up-to-date: /home/misys/forza_ws/race_stack/install/vesc_msgs/include/vesc_msgs/vesc_msgs/msg/rosidl_typesupport_introspection_c__visibility_control.h
[2.125s] -- Up-to-date: /home/misys/forza_ws/race_stack/install/vesc_msgs/lib/libvesc_msgs__rosidl_typesupport_introspection_c.so
[2.125s] -- Up-to-date: /home/misys/forza_ws/race_stack/install/vesc_msgs/lib/libvesc_msgs__rosidl_typesupport_c.so
[2.125s] -- Up-to-date: /home/misys/forza_ws/race_stack/install/vesc_msgs/include/vesc_msgs/vesc_msgs
[2.181s] -- Up-to-date: /home/misys/forza_ws/race_stack/install/vesc_msgs/include/vesc_msgs/vesc_msgs/msg
[2.181s] -- Up-to-date: /home/misys/forza_ws/race_stack/install/vesc_msgs/include/vesc_msgs/vesc_msgs/msg/rosidl_generator_cpp__visibility_control.hpp
[2.181s] -- Up-to-date: /home/misys/forza_ws/race_stack/install/vesc_msgs/include/vesc_msgs/vesc_msgs/msg/detail
[2.181s] -- Up-to-date: /home/misys/forza_ws/race_stack/install/vesc_msgs/include/vesc_msgs/vesc_msgs/msg/detail/vesc_imu__builder.hpp
[2.182s] -- Up-to-date: /home/misys/forza_ws/race_stack/install/vesc_msgs/include/vesc_msgs/vesc_msgs/msg/detail/vesc_state_stamped__traits.hpp
[2.182s] -- Up-to-date: /home/misys/forza_ws/race_stack/install/vesc_msgs/include/vesc_msgs/vesc_msgs/msg/detail/vesc_imu__type_support.hpp
[2.182s] -- Up-to-date: /home/misys/forza_ws/race_stack/install/vesc_msgs/include/vesc_msgs/vesc_msgs/msg/detail/vesc_imu_stamped__struct.hpp
[2.182s] -- Up-to-date: /home/misys/forza_ws/race_stack/install/vesc_msgs/include/vesc_msgs/vesc_msgs/msg/detail/vesc_imu__struct.hpp
[2.182s] -- Up-to-date: /home/misys/forza_ws/race_stack/install/vesc_msgs/include/vesc_msgs/vesc_msgs/msg/detail/vesc_state_stamped__type_support.hpp
[2.182s] -- Up-to-date: /home/misys/forza_ws/race_stack/install/vesc_msgs/include/vesc_msgs/vesc_msgs/msg/detail/vesc_state_stamped__builder.hpp
[2.182s] -- Up-to-date: /home/misys/forza_ws/race_stack/install/vesc_msgs/include/vesc_msgs/vesc_msgs/msg/detail/vesc_imu_stamped__builder.hpp
[2.182s] -- Up-to-date: /home/misys/forza_ws/race_stack/install/vesc_msgs/include/vesc_msgs/vesc_msgs/msg/detail/vesc_imu_stamped__traits.hpp
[2.183s] -- Up-to-date: /home/misys/forza_ws/race_stack/install/vesc_msgs/include/vesc_msgs/vesc_msgs/msg/detail/vesc_state__builder.hpp
[2.183s] -- Up-to-date: /home/misys/forza_ws/race_stack/install/vesc_msgs/include/vesc_msgs/vesc_msgs/msg/detail/vesc_state__struct.hpp
[2.183s] -- Up-to-date: /home/misys/forza_ws/race_stack/install/vesc_msgs/include/vesc_msgs/vesc_msgs/msg/detail/vesc_state__type_support.hpp
[2.183s] -- Up-to-date: /home/misys/forza_ws/race_stack/install/vesc_msgs/include/vesc_msgs/vesc_msgs/msg/detail/vesc_imu_stamped__type_support.hpp
[2.183s] -- Up-to-date: /home/misys/forza_ws/race_stack/install/vesc_msgs/include/vesc_msgs/vesc_msgs/msg/detail/vesc_state__traits.hpp
[2.183s] -- Up-to-date: /home/misys/forza_ws/race_stack/install/vesc_msgs/include/vesc_msgs/vesc_msgs/msg/detail/vesc_imu__traits.hpp
[2.186s] -- Up-to-date: /home/misys/forza_ws/race_stack/install/vesc_msgs/include/vesc_msgs/vesc_msgs/msg/detail/vesc_state_stamped__struct.hpp
[2.187s] -- Up-to-date: /home/misys/forza_ws/race_stack/install/vesc_msgs/include/vesc_msgs/vesc_msgs/msg/vesc_imu.hpp
[2.187s] -- Up-to-date: /home/misys/forza_ws/race_stack/install/vesc_msgs/include/vesc_msgs/vesc_msgs/msg/vesc_imu_stamped.hpp
[2.187s] -- Up-to-date: /home/misys/forza_ws/race_stack/install/vesc_msgs/include/vesc_msgs/vesc_msgs/msg/vesc_state_stamped.hpp
[2.187s] -- Up-to-date: /home/misys/forza_ws/race_stack/install/vesc_msgs/include/vesc_msgs/vesc_msgs/msg/vesc_state.hpp
[2.187s] -- Up-to-date: /home/misys/forza_ws/race_stack/install/vesc_msgs/include/vesc_msgs/vesc_msgs
[2.187s] -- Up-to-date: /home/misys/forza_ws/race_stack/install/vesc_msgs/include/vesc_msgs/vesc_msgs/msg
[2.188s] -- Up-to-date: /home/misys/forza_ws/race_stack/install/vesc_msgs/include/vesc_msgs/vesc_msgs/msg/detail
[2.188s] -- Up-to-date: /home/misys/forza_ws/race_stack/install/vesc_msgs/include/vesc_msgs/vesc_msgs/msg/detail/vesc_imu_stamped__rosidl_typesupport_fastrtps_cpp.hpp
[2.188s] -- Up-to-date: /home/misys/forza_ws/race_stack/install/vesc_msgs/include/vesc_msgs/vesc_msgs/msg/detail/vesc_imu__rosidl_typesupport_fastrtps_cpp.hpp
[2.188s] -- Up-to-date: /home/misys/forza_ws/race_stack/install/vesc_msgs/include/vesc_msgs/vesc_msgs/msg/detail/vesc_state_stamped__rosidl_typesupport_fastrtps_cpp.hpp
[2.188s] -- Up-to-date: /home/misys/forza_ws/race_stack/install/vesc_msgs/include/vesc_msgs/vesc_msgs/msg/detail/dds_fastrtps
[2.188s] -- Up-to-date: /home/misys/forza_ws/race_stack/install/vesc_msgs/include/vesc_msgs/vesc_msgs/msg/detail/vesc_state__rosidl_typesupport_fastrtps_cpp.hpp
[2.188s] -- Up-to-date: /home/misys/forza_ws/race_stack/install/vesc_msgs/include/vesc_msgs/vesc_msgs/msg/rosidl_typesupport_fastrtps_cpp__visibility_control.h
[2.197s] -- Up-to-date: /home/misys/forza_ws/race_stack/install/vesc_msgs/lib/libvesc_msgs__rosidl_typesupport_fastrtps_cpp.so
[2.197s] -- Up-to-date: /home/misys/forza_ws/race_stack/install/vesc_msgs/include/vesc_msgs/vesc_msgs
[2.197s] -- Up-to-date: /home/misys/forza_ws/race_stack/install/vesc_msgs/include/vesc_msgs/vesc_msgs/msg
[2.197s] -- Up-to-date: /home/misys/forza_ws/race_stack/install/vesc_msgs/include/vesc_msgs/vesc_msgs/msg/detail
[2.198s] -- Up-to-date: /home/misys/forza_ws/race_stack/install/vesc_msgs/include/vesc_msgs/vesc_msgs/msg/detail/vesc_imu__rosidl_typesupport_introspection_cpp.hpp
[2.198s] -- Up-to-date: /home/misys/forza_ws/race_stack/install/vesc_msgs/include/vesc_msgs/vesc_msgs/msg/detail/vesc_imu_stamped__type_support.cpp
[2.198s] -- Up-to-date: /home/misys/forza_ws/race_stack/install/vesc_msgs/include/vesc_msgs/vesc_msgs/msg/detail/vesc_imu__type_support.cpp
[2.198s] -- Up-to-date: /home/misys/forza_ws/race_stack/install/vesc_msgs/include/vesc_msgs/vesc_msgs/msg/detail/vesc_state_stamped__rosidl_typesupport_introspection_cpp.hpp
[2.198s] -- Up-to-date: /home/misys/forza_ws/race_stack/install/vesc_msgs/include/vesc_msgs/vesc_msgs/msg/detail/vesc_imu_stamped__rosidl_typesupport_introspection_cpp.hpp
[2.198s] -- Up-to-date: /home/misys/forza_ws/race_stack/install/vesc_msgs/include/vesc_msgs/vesc_msgs/msg/detail/vesc_state__type_support.cpp
[2.198s] -- Up-to-date: /home/misys/forza_ws/race_stack/install/vesc_msgs/include/vesc_msgs/vesc_msgs/msg/detail/vesc_state__rosidl_typesupport_introspection_cpp.hpp
[2.198s] -- Up-to-date: /home/misys/forza_ws/race_stack/install/vesc_msgs/include/vesc_msgs/vesc_msgs/msg/detail/vesc_state_stamped__type_support.cpp
[2.199s] -- Up-to-date: /home/misys/forza_ws/race_stack/install/vesc_msgs/lib/libvesc_msgs__rosidl_typesupport_introspection_cpp.so
[2.199s] -- Up-to-date: /home/misys/forza_ws/race_stack/install/vesc_msgs/lib/libvesc_msgs__rosidl_typesupport_cpp.so
[2.199s] -- Up-to-date: /home/misys/forza_ws/race_stack/install/vesc_msgs/share/vesc_msgs/environment/pythonpath.sh
[2.199s] -- Up-to-date: /home/misys/forza_ws/race_stack/install/vesc_msgs/share/vesc_msgs/environment/pythonpath.dsv
[2.199s] -- Up-to-date: /home/misys/forza_ws/race_stack/install/vesc_msgs/local/lib/python3.10/dist-packages/vesc_msgs-1.2.0-py3.10.egg-info
[2.199s] -- Installing: /home/misys/forza_ws/race_stack/install/vesc_msgs/local/lib/python3.10/dist-packages/vesc_msgs-1.2.0-py3.10.egg-info/dependency_links.txt
[2.199s] -- Installing: /home/misys/forza_ws/race_stack/install/vesc_msgs/local/lib/python3.10/dist-packages/vesc_msgs-1.2.0-py3.10.egg-info/PKG-INFO
[2.199s] -- Installing: /home/misys/forza_ws/race_stack/install/vesc_msgs/local/lib/python3.10/dist-packages/vesc_msgs-1.2.0-py3.10.egg-info/top_level.txt
[2.200s] -- Installing: /home/misys/forza_ws/race_stack/install/vesc_msgs/local/lib/python3.10/dist-packages/vesc_msgs-1.2.0-py3.10.egg-info/SOURCES.txt
[2.200s] -- Up-to-date: /home/misys/forza_ws/race_stack/install/vesc_msgs/local/lib/python3.10/dist-packages/vesc_msgs
[2.200s] -- Up-to-date: /home/misys/forza_ws/race_stack/install/vesc_msgs/local/lib/python3.10/dist-packages/vesc_msgs/_vesc_msgs_s.ep.rosidl_typesupport_c.c
[2.200s] -- Up-to-date: /home/misys/forza_ws/race_stack/install/vesc_msgs/local/lib/python3.10/dist-packages/vesc_msgs/vesc_msgs_s__rosidl_typesupport_c.cpython-310-aarch64-linux-gnu.so
[2.200s] -- Up-to-date: /home/misys/forza_ws/race_stack/install/vesc_msgs/local/lib/python3.10/dist-packages/vesc_msgs/vesc_msgs_s__rosidl_typesupport_introspection_c.cpython-310-aarch64-linux-gnu.so
[2.200s] -- Up-to-date: /home/misys/forza_ws/race_stack/install/vesc_msgs/local/lib/python3.10/dist-packages/vesc_msgs/msg
[2.204s] -- Up-to-date: /home/misys/forza_ws/race_stack/install/vesc_msgs/local/lib/python3.10/dist-packages/vesc_msgs/msg/_vesc_imu_stamped.py
[2.204s] -- Up-to-date: /home/misys/forza_ws/race_stack/install/vesc_msgs/local/lib/python3.10/dist-packages/vesc_msgs/msg/_vesc_state.py
[2.216s] -- Up-to-date: /home/misys/forza_ws/race_stack/install/vesc_msgs/local/lib/python3.10/dist-packages/vesc_msgs/msg/_vesc_state_stamped.py
[2.217s] -- Up-to-date: /home/misys/forza_ws/race_stack/install/vesc_msgs/local/lib/python3.10/dist-packages/vesc_msgs/msg/__init__.py
[2.219s] -- Up-to-date: /home/misys/forza_ws/race_stack/install/vesc_msgs/local/lib/python3.10/dist-packages/vesc_msgs/msg/_vesc_state_stamped_s.c
[2.219s] -- Up-to-date: /home/misys/forza_ws/race_stack/install/vesc_msgs/local/lib/python3.10/dist-packages/vesc_msgs/msg/_vesc_imu_s.c
[2.219s] -- Up-to-date: /home/misys/forza_ws/race_stack/install/vesc_msgs/local/lib/python3.10/dist-packages/vesc_msgs/msg/_vesc_imu_stamped_s.c
[2.220s] -- Up-to-date: /home/misys/forza_ws/race_stack/install/vesc_msgs/local/lib/python3.10/dist-packages/vesc_msgs/msg/_vesc_state_s.c
[2.220s] -- Up-to-date: /home/misys/forza_ws/race_stack/install/vesc_msgs/local/lib/python3.10/dist-packages/vesc_msgs/msg/_vesc_imu.py
[2.220s] -- Up-to-date: /home/misys/forza_ws/race_stack/install/vesc_msgs/local/lib/python3.10/dist-packages/vesc_msgs/_vesc_msgs_s.ep.rosidl_typesupport_introspection_c.c
[2.220s] -- Up-to-date: /home/misys/forza_ws/race_stack/install/vesc_msgs/local/lib/python3.10/dist-packages/vesc_msgs/_vesc_msgs_s.ep.rosidl_typesupport_fastrtps_c.c
[2.220s] -- Up-to-date: /home/misys/forza_ws/race_stack/install/vesc_msgs/local/lib/python3.10/dist-packages/vesc_msgs/__init__.py
[2.221s] -- Up-to-date: /home/misys/forza_ws/race_stack/install/vesc_msgs/local/lib/python3.10/dist-packages/vesc_msgs/libvesc_msgs__rosidl_generator_py.so
[2.221s] -- Up-to-date: /home/misys/forza_ws/race_stack/install/vesc_msgs/local/lib/python3.10/dist-packages/vesc_msgs/vesc_msgs_s__rosidl_typesupport_fastrtps_c.cpython-310-aarch64-linux-gnu.so
[2.319s] Listing '/home/misys/forza_ws/race_stack/install/vesc_msgs/local/lib/python3.10/dist-packages/vesc_msgs'...
[2.319s] Listing '/home/misys/forza_ws/race_stack/install/vesc_msgs/local/lib/python3.10/dist-packages/vesc_msgs/msg'...
[2.343s] -- Up-to-date: /home/misys/forza_ws/race_stack/install/vesc_msgs/local/lib/python3.10/dist-packages/vesc_msgs/vesc_msgs_s__rosidl_typesupport_fastrtps_c.cpython-310-aarch64-linux-gnu.so
[2.343s] -- Up-to-date: /home/misys/forza_ws/race_stack/install/vesc_msgs/local/lib/python3.10/dist-packages/vesc_msgs/vesc_msgs_s__rosidl_typesupport_introspection_c.cpython-310-aarch64-linux-gnu.so
[2.343s] -- Up-to-date: /home/misys/forza_ws/race_stack/install/vesc_msgs/local/lib/python3.10/dist-packages/vesc_msgs/vesc_msgs_s__rosidl_typesupport_c.cpython-310-aarch64-linux-gnu.so
[2.343s] -- Up-to-date: /home/misys/forza_ws/race_stack/install/vesc_msgs/lib/libvesc_msgs__rosidl_generator_py.so
[2.343s] -- Up-to-date: /home/misys/forza_ws/race_stack/install/vesc_msgs/share/vesc_msgs/msg/VescState.idl
[2.344s] -- Up-to-date: /home/misys/forza_ws/race_stack/install/vesc_msgs/share/vesc_msgs/msg/VescStateStamped.idl
[2.344s] -- Up-to-date: /home/misys/forza_ws/race_stack/install/vesc_msgs/share/vesc_msgs/msg/VescImu.idl
[2.344s] -- Up-to-date: /home/misys/forza_ws/race_stack/install/vesc_msgs/share/vesc_msgs/msg/VescImuStamped.idl
[2.344s] -- Up-to-date: /home/misys/forza_ws/race_stack/install/vesc_msgs/share/vesc_msgs/msg/VescState.msg
[2.344s] -- Up-to-date: /home/misys/forza_ws/race_stack/install/vesc_msgs/share/vesc_msgs/msg/VescStateStamped.msg
[2.344s] -- Up-to-date: /home/misys/forza_ws/race_stack/install/vesc_msgs/share/vesc_msgs/msg/VescImu.msg
[2.344s] -- Up-to-date: /home/misys/forza_ws/race_stack/install/vesc_msgs/share/vesc_msgs/msg/VescImuStamped.msg
[2.345s] -- Up-to-date: /home/misys/forza_ws/race_stack/install/vesc_msgs/share/ament_index/resource_index/package_run_dependencies/vesc_msgs
[2.345s] -- Up-to-date: /home/misys/forza_ws/race_stack/install/vesc_msgs/share/ament_index/resource_index/parent_prefix_path/vesc_msgs
[2.345s] -- Up-to-date: /home/misys/forza_ws/race_stack/install/vesc_msgs/share/vesc_msgs/environment/ament_prefix_path.sh
[2.345s] -- Up-to-date: /home/misys/forza_ws/race_stack/install/vesc_msgs/share/vesc_msgs/environment/ament_prefix_path.dsv
[2.345s] -- Up-to-date: /home/misys/forza_ws/race_stack/install/vesc_msgs/share/vesc_msgs/environment/path.sh
[2.345s] -- Up-to-date: /home/misys/forza_ws/race_stack/install/vesc_msgs/share/vesc_msgs/environment/path.dsv
[2.345s] -- Up-to-date: /home/misys/forza_ws/race_stack/install/vesc_msgs/share/vesc_msgs/local_setup.bash
[2.345s] -- Up-to-date: /home/misys/forza_ws/race_stack/install/vesc_msgs/share/vesc_msgs/local_setup.sh
[2.346s] -- Up-to-date: /home/misys/forza_ws/race_stack/install/vesc_msgs/share/vesc_msgs/local_setup.zsh
[2.346s] -- Up-to-date: /home/misys/forza_ws/race_stack/install/vesc_msgs/share/vesc_msgs/local_setup.dsv
[2.346s] -- Installing: /home/misys/forza_ws/race_stack/install/vesc_msgs/share/vesc_msgs/package.dsv
[2.346s] -- Up-to-date: /home/misys/forza_ws/race_stack/install/vesc_msgs/share/ament_index/resource_index/packages/vesc_msgs
[2.346s] -- Up-to-date: /home/misys/forza_ws/race_stack/install/vesc_msgs/share/vesc_msgs/cmake/export_vesc_msgs__rosidl_generator_cExport.cmake
[2.346s] -- Up-to-date: /home/misys/forza_ws/race_stack/install/vesc_msgs/share/vesc_msgs/cmake/export_vesc_msgs__rosidl_generator_cExport-noconfig.cmake
[2.346s] -- Up-to-date: /home/misys/forza_ws/race_stack/install/vesc_msgs/share/vesc_msgs/cmake/export_vesc_msgs__rosidl_typesupport_fastrtps_cExport.cmake
[2.347s] -- Up-to-date: /home/misys/forza_ws/race_stack/install/vesc_msgs/share/vesc_msgs/cmake/export_vesc_msgs__rosidl_typesupport_fastrtps_cExport-noconfig.cmake
[2.347s] -- Up-to-date: /home/misys/forza_ws/race_stack/install/vesc_msgs/share/vesc_msgs/cmake/vesc_msgs__rosidl_typesupport_introspection_cExport.cmake
[2.367s] -- Up-to-date: /home/misys/forza_ws/race_stack/install/vesc_msgs/share/vesc_msgs/cmake/vesc_msgs__rosidl_typesupport_introspection_cExport-noconfig.cmake
[2.367s] -- Up-to-date: /home/misys/forza_ws/race_stack/install/vesc_msgs/share/vesc_msgs/cmake/vesc_msgs__rosidl_typesupport_cExport.cmake
[2.368s] -- Up-to-date: /home/misys/forza_ws/race_stack/install/vesc_msgs/share/vesc_msgs/cmake/vesc_msgs__rosidl_typesupport_cExport-noconfig.cmake
[2.369s] -- Up-to-date: /home/misys/forza_ws/race_stack/install/vesc_msgs/share/vesc_msgs/cmake/export_vesc_msgs__rosidl_generator_cppExport.cmake
[2.370s] -- Up-to-date: /home/misys/forza_ws/race_stack/install/vesc_msgs/share/vesc_msgs/cmake/export_vesc_msgs__rosidl_typesupport_fastrtps_cppExport.cmake
[2.371s] -- Up-to-date: /home/misys/forza_ws/race_stack/install/vesc_msgs/share/vesc_msgs/cmake/export_vesc_msgs__rosidl_typesupport_fastrtps_cppExport-noconfig.cmake
[2.371s] -- Up-to-date: /home/misys/forza_ws/race_stack/install/vesc_msgs/share/vesc_msgs/cmake/vesc_msgs__rosidl_typesupport_introspection_cppExport.cmake
[2.372s] -- Up-to-date: /home/misys/forza_ws/race_stack/install/vesc_msgs/share/vesc_msgs/cmake/vesc_msgs__rosidl_typesupport_introspection_cppExport-noconfig.cmake
[2.372s] -- Up-to-date: /home/misys/forza_ws/race_stack/install/vesc_msgs/share/vesc_msgs/cmake/vesc_msgs__rosidl_typesupport_cppExport.cmake
[2.372s] -- Up-to-date: /home/misys/forza_ws/race_stack/install/vesc_msgs/share/vesc_msgs/cmake/vesc_msgs__rosidl_typesupport_cppExport-noconfig.cmake
[2.372s] -- Up-to-date: /home/misys/forza_ws/race_stack/install/vesc_msgs/share/vesc_msgs/cmake/export_vesc_msgs__rosidl_generator_pyExport.cmake
[2.373s] -- Up-to-date: /home/misys/forza_ws/race_stack/install/vesc_msgs/share/vesc_msgs/cmake/export_vesc_msgs__rosidl_generator_pyExport-noconfig.cmake
[2.376s] -- Up-to-date: /home/misys/forza_ws/race_stack/install/vesc_msgs/share/vesc_msgs/cmake/rosidl_cmake-extras.cmake
[2.376s] -- Up-to-date: /home/misys/forza_ws/race_stack/install/vesc_msgs/share/vesc_msgs/cmake/ament_cmake_export_dependencies-extras.cmake
[2.377s] -- Up-to-date: /home/misys/forza_ws/race_stack/install/vesc_msgs/share/vesc_msgs/cmake/ament_cmake_export_include_directories-extras.cmake
[2.377s] -- Up-to-date: /home/misys/forza_ws/race_stack/install/vesc_msgs/share/vesc_msgs/cmake/ament_cmake_export_libraries-extras.cmake
[2.377s] -- Up-to-date: /home/misys/forza_ws/race_stack/install/vesc_msgs/share/vesc_msgs/cmake/ament_cmake_export_targets-extras.cmake
[2.378s] -- Up-to-date: /home/misys/forza_ws/race_stack/install/vesc_msgs/share/vesc_msgs/cmake/rosidl_cmake_export_typesupport_targets-extras.cmake
[2.378s] -- Up-to-date: /home/misys/forza_ws/race_stack/install/vesc_msgs/share/vesc_msgs/cmake/rosidl_cmake_export_typesupport_libraries-extras.cmake
[2.378s] -- Up-to-date: /home/misys/forza_ws/race_stack/install/vesc_msgs/share/vesc_msgs/cmake/vesc_msgsConfig.cmake
[2.379s] -- Up-to-date: /home/misys/forza_ws/race_stack/install/vesc_msgs/share/vesc_msgs/cmake/vesc_msgsConfig-version.cmake
[2.379s] -- Up-to-date: /home/misys/forza_ws/race_stack/install/vesc_msgs/share/vesc_msgs/package.xml
[2.390s] Invoked command in '/home/misys/forza_ws/race_stack/build/vesc_msgs' returned '0': CMAKE_PREFIX_PATH=${CMAKE_PREFIX_PATH}:/home/misys/forza_ws/race_stack/install/f1tenth_stack:/home/misys/forza_ws/race_stack/install/joy_teleop:/home/misys/forza_ws/race_stack/install/steering_lookup:/home/misys/forza_ws/race_stack/install/state_machine:/home/misys/forza_ws/race_stack/install/slam_tuner:/home/misys/forza_ws/race_stack/install/state_estimation:/home/misys/forza_ws/race_stack/install/map_editor:/home/misys/forza_ws/race_stack/install/stack_master:/home/misys/forza_ws/race_stack/install/spline_planner:/home/misys/forza_ws/race_stack/install/sector_tuner:/home/misys/forza_ws/race_stack/install/perception:/home/misys/forza_ws/race_stack/install/particle_filter:/home/misys/forza_ws/race_stack/install/opponent_publisher:/home/misys/forza_ws/race_stack/install/mouse_teleop:/home/misys/forza_ws/race_stack/install/lap_analyser:/home/misys/forza_ws/race_stack/install/key_teleop:/home/misys/forza_ws/race_stack/install/id_controller:/home/misys/forza_ws/race_stack/install/global_planner:/home/misys/forza_ws/race_stack/install/frenet_odom_republisher:/home/misys/forza_ws/race_stack/install/frenet_conversion:/home/misys/forza_ws/race_stack/install/f1tenth_gym_ros:/home/misys/forza_ws/race_stack/install/controller:/opt/ros/humble /usr/bin/cmake --install /home/misys/forza_ws/race_stack/build/vesc_msgs
