[2.582s] Invoking command in '/home/misys/forza_ws/race_stack/base_system/f1tenth_system/teleop_tools/joy_teleop': CMAKE_PREFIX_PATH=/home/misys/forza_ws/race_stack/install/teleop_tools_msgs:/home/misys/forza_ws/race_stack/install/vesc:/home/misys/forza_ws/race_stack/install/vesc_driver:/home/misys/forza_ws/race_stack/install/vesc_ackermann:/home/misys/forza_ws/race_stack/install/vesc_msgs:/home/misys/forza_ws/race_stack/install/urg_node2:/home/misys/forza_ws/race_stack/install/teleop_tools:/home/misys/forza_ws/race_stack/install/slam_toolbox:/home/misys/forza_ws/race_stack/install/f110_msgs:/home/misys/forza_ws/race_stack/install/ackermann_mux LD_LIBRARY_PATH=/home/misys/forza_ws/race_stack/install/teleop_tools_msgs/lib:/home/misys/forza_ws/race_stack/install/vesc_driver/lib:/home/misys/forza_ws/race_stack/install/vesc_ackermann/lib:/home/misys/forza_ws/race_stack/install/vesc_msgs/lib:/home/misys/forza_ws/race_stack/install/urg_node2/lib:/home/misys/forza_ws/race_stack/install/slam_toolbox/lib:/home/misys/forza_ws/race_stack/install/f110_msgs/lib:/opt/ros/humble/opt/rviz_ogre_vendor/lib:/opt/ros/humble/lib/aarch64-linux-gnu:/opt/ros/humble/lib:/usr/local/cuda/lib64 PYTHONPATH=/home/misys/forza_ws/race_stack/build/joy_teleop/prefix_override:/usr/lib/python3/dist-packages/colcon_core/task/python/colcon_distutils_commands:/home/misys/forza_ws/race_stack/install/joy_teleop/lib/python3.10/site-packages:${PYTHONPATH} /usr/bin/python3 -W ignore:setup.py install is deprecated -W ignore:easy_install command is deprecated setup.py egg_info --egg-base ../../../../build/joy_teleop build --build-base /home/misys/forza_ws/race_stack/build/joy_teleop/build install --record /home/misys/forza_ws/race_stack/build/joy_teleop/install.log --single-version-externally-managed install_data
[3.342s] running egg_info
[3.345s] writing ../../../../build/joy_teleop/joy_teleop.egg-info/PKG-INFO
[3.345s] writing dependency_links to ../../../../build/joy_teleop/joy_teleop.egg-info/dependency_links.txt
[3.346s] writing entry points to ../../../../build/joy_teleop/joy_teleop.egg-info/entry_points.txt
[3.346s] writing requirements to ../../../../build/joy_teleop/joy_teleop.egg-info/requires.txt
[3.346s] writing top-level names to ../../../../build/joy_teleop/joy_teleop.egg-info/top_level.txt
[3.351s] reading manifest file '../../../../build/joy_teleop/joy_teleop.egg-info/SOURCES.txt'
[3.353s] writing manifest file '../../../../build/joy_teleop/joy_teleop.egg-info/SOURCES.txt'
[3.354s] running build
[3.354s] running build_py
[3.355s] running install
[3.355s] running install_lib
[3.359s] running install_data
[3.359s] running install_egg_info
[3.367s] removing '/home/misys/forza_ws/race_stack/install/joy_teleop/lib/python3.10/site-packages/joy_teleop-1.5.0-py3.10.egg-info' (and everything under it)
[3.367s] Copying ../../../../build/joy_teleop/joy_teleop.egg-info to /home/misys/forza_ws/race_stack/install/joy_teleop/lib/python3.10/site-packages/joy_teleop-1.5.0-py3.10.egg-info
[3.368s] running install_scripts
[3.415s] Installing incrementer_server script to /home/misys/forza_ws/race_stack/install/joy_teleop/lib/joy_teleop
[3.416s] Installing joy_teleop script to /home/misys/forza_ws/race_stack/install/joy_teleop/lib/joy_teleop
[3.416s] writing list of installed files to '/home/misys/forza_ws/race_stack/build/joy_teleop/install.log'
[4.322s] Invoked command in '/home/misys/forza_ws/race_stack/base_system/f1tenth_system/teleop_tools/joy_teleop' returned '0': CMAKE_PREFIX_PATH=/home/misys/forza_ws/race_stack/install/teleop_tools_msgs:/home/misys/forza_ws/race_stack/install/vesc:/home/misys/forza_ws/race_stack/install/vesc_driver:/home/misys/forza_ws/race_stack/install/vesc_ackermann:/home/misys/forza_ws/race_stack/install/vesc_msgs:/home/misys/forza_ws/race_stack/install/urg_node2:/home/misys/forza_ws/race_stack/install/teleop_tools:/home/misys/forza_ws/race_stack/install/slam_toolbox:/home/misys/forza_ws/race_stack/install/f110_msgs:/home/misys/forza_ws/race_stack/install/ackermann_mux LD_LIBRARY_PATH=/home/misys/forza_ws/race_stack/install/teleop_tools_msgs/lib:/home/misys/forza_ws/race_stack/install/vesc_driver/lib:/home/misys/forza_ws/race_stack/install/vesc_ackermann/lib:/home/misys/forza_ws/race_stack/install/vesc_msgs/lib:/home/misys/forza_ws/race_stack/install/urg_node2/lib:/home/misys/forza_ws/race_stack/install/slam_toolbox/lib:/home/misys/forza_ws/race_stack/install/f110_msgs/lib:/opt/ros/humble/opt/rviz_ogre_vendor/lib:/opt/ros/humble/lib/aarch64-linux-gnu:/opt/ros/humble/lib:/usr/local/cuda/lib64 PYTHONPATH=/home/misys/forza_ws/race_stack/build/joy_teleop/prefix_override:/usr/lib/python3/dist-packages/colcon_core/task/python/colcon_distutils_commands:/home/misys/forza_ws/race_stack/install/joy_teleop/lib/python3.10/site-packages:${PYTHONPATH} /usr/bin/python3 -W ignore:setup.py install is deprecated -W ignore:easy_install command is deprecated setup.py egg_info --egg-base ../../../../build/joy_teleop build --build-base /home/misys/forza_ws/race_stack/build/joy_teleop/build install --record /home/misys/forza_ws/race_stack/build/joy_teleop/install.log --single-version-externally-managed install_data
