[3.311s] Invoking command in '/home/misys/forza_ws/race_stack/state_estimation': PYTHONPATH=/home/misys/forza_ws/race_stack/build/state_estimation/prefix_override:/usr/lib/python3/dist-packages/colcon_core/task/python/colcon_distutils_commands:/home/misys/forza_ws/race_stack/install/state_estimation/lib/python3.10/site-packages:${PYTHONPATH} /usr/bin/python3 -W ignore:setup.py install is deprecated -W ignore:easy_install command is deprecated setup.py egg_info --egg-base ../build/state_estimation build --build-base /home/misys/forza_ws/race_stack/build/state_estimation/build install --record /home/misys/forza_ws/race_stack/build/state_estimation/install.log --single-version-externally-managed install_data
[4.024s] running egg_info
[4.025s] writing ../build/state_estimation/state_estimation.egg-info/PKG-INFO
[4.026s] writing dependency_links to ../build/state_estimation/state_estimation.egg-info/dependency_links.txt
[4.027s] writing entry points to ../build/state_estimation/state_estimation.egg-info/entry_points.txt
[4.027s] writing requirements to ../build/state_estimation/state_estimation.egg-info/requires.txt
[4.028s] writing top-level names to ../build/state_estimation/state_estimation.egg-info/top_level.txt
[4.032s] reading manifest file '../build/state_estimation/state_estimation.egg-info/SOURCES.txt'
[4.032s] adding license file 'LICENSE'
[4.034s] writing manifest file '../build/state_estimation/state_estimation.egg-info/SOURCES.txt'
[4.034s] running build
[4.034s] running build_py
[4.035s] running install
[4.035s] running install_lib
[4.039s] running install_data
[4.039s] copying launch/ekf_launch.py -> /home/misys/forza_ws/race_stack/install/state_estimation/share/state_estimation/launch
[4.040s] running install_egg_info
[4.045s] removing '/home/misys/forza_ws/race_stack/install/state_estimation/lib/python3.10/site-packages/state_estimation-0.0.0-py3.10.egg-info' (and everything under it)
[4.046s] Copying ../build/state_estimation/state_estimation.egg-info to /home/misys/forza_ws/race_stack/install/state_estimation/lib/python3.10/site-packages/state_estimation-0.0.0-py3.10.egg-info
[4.048s] running install_scripts
[4.100s] Installing carstate_node script to /home/misys/forza_ws/race_stack/install/state_estimation/lib/state_estimation
[4.101s] writing list of installed files to '/home/misys/forza_ws/race_stack/build/state_estimation/install.log'
[4.891s] Invoked command in '/home/misys/forza_ws/race_stack/state_estimation' returned '0': PYTHONPATH=/home/misys/forza_ws/race_stack/build/state_estimation/prefix_override:/usr/lib/python3/dist-packages/colcon_core/task/python/colcon_distutils_commands:/home/misys/forza_ws/race_stack/install/state_estimation/lib/python3.10/site-packages:${PYTHONPATH} /usr/bin/python3 -W ignore:setup.py install is deprecated -W ignore:easy_install command is deprecated setup.py egg_info --egg-base ../build/state_estimation build --build-base /home/misys/forza_ws/race_stack/build/state_estimation/build install --record /home/misys/forza_ws/race_stack/build/state_estimation/install.log --single-version-externally-managed install_data
