[2.869s] Invoking command in '/home/misys/forza_ws/race_stack/utilities/nodes/sector_tuner': PYTHONPATH=/home/misys/forza_ws/race_stack/build/sector_tuner/prefix_override:/usr/lib/python3/dist-packages/colcon_core/task/python/colcon_distutils_commands:/home/misys/forza_ws/race_stack/install/sector_tuner/lib/python3.10/site-packages:${PYTHONPATH} /usr/bin/python3 -W ignore:setup.py install is deprecated -W ignore:easy_install command is deprecated setup.py egg_info --egg-base ../../../build/sector_tuner build --build-base /home/misys/forza_ws/race_stack/build/sector_tuner/build install --record /home/misys/forza_ws/race_stack/build/sector_tuner/install.log --single-version-externally-managed install_data
[3.786s] running egg_info
[3.789s] writing ../../../build/sector_tuner/sector_tuner.egg-info/PKG-INFO
[3.789s] writing dependency_links to ../../../build/sector_tuner/sector_tuner.egg-info/dependency_links.txt
[3.790s] writing entry points to ../../../build/sector_tuner/sector_tuner.egg-info/entry_points.txt
[3.790s] writing requirements to ../../../build/sector_tuner/sector_tuner.egg-info/requires.txt
[3.790s] writing top-level names to ../../../build/sector_tuner/sector_tuner.egg-info/top_level.txt
[3.797s] reading manifest file '../../../build/sector_tuner/sector_tuner.egg-info/SOURCES.txt'
[3.799s] writing manifest file '../../../build/sector_tuner/sector_tuner.egg-info/SOURCES.txt'
[3.799s] running build
[3.799s] running build_py
[3.800s] running build_scripts
[3.800s] running install
[3.801s] running install_lib
[3.805s] running install_data
[3.805s] running install_egg_info
[3.810s] removing '/home/misys/forza_ws/race_stack/install/sector_tuner/lib/python3.10/site-packages/sector_tuner-0.0.0-py3.10.egg-info' (and everything under it)
[3.811s] Copying ../../../build/sector_tuner/sector_tuner.egg-info to /home/misys/forza_ws/race_stack/install/sector_tuner/lib/python3.10/site-packages/sector_tuner-0.0.0-py3.10.egg-info
[3.813s] running install_scripts
[3.857s] changing mode of /home/misys/forza_ws/race_stack/install/sector_tuner/lib/sector_tuner/finish_sector.sh to 755
[3.860s] Installing ot_interpolator script to /home/misys/forza_ws/race_stack/install/sector_tuner/lib/sector_tuner
[3.860s] Installing ot_sector_slicer script to /home/misys/forza_ws/race_stack/install/sector_tuner/lib/sector_tuner
[3.861s] Installing sector_slicer script to /home/misys/forza_ws/race_stack/install/sector_tuner/lib/sector_tuner
[3.861s] Installing sector_tuner script to /home/misys/forza_ws/race_stack/install/sector_tuner/lib/sector_tuner
[3.862s] writing list of installed files to '/home/misys/forza_ws/race_stack/build/sector_tuner/install.log'
[4.325s] Invoked command in '/home/misys/forza_ws/race_stack/utilities/nodes/sector_tuner' returned '0': PYTHONPATH=/home/misys/forza_ws/race_stack/build/sector_tuner/prefix_override:/usr/lib/python3/dist-packages/colcon_core/task/python/colcon_distutils_commands:/home/misys/forza_ws/race_stack/install/sector_tuner/lib/python3.10/site-packages:${PYTHONPATH} /usr/bin/python3 -W ignore:setup.py install is deprecated -W ignore:easy_install command is deprecated setup.py egg_info --egg-base ../../../build/sector_tuner build --build-base /home/misys/forza_ws/race_stack/build/sector_tuner/build install --record /home/misys/forza_ws/race_stack/build/sector_tuner/install.log --single-version-externally-managed install_data
