[6.414s] Invoking command in '/home/misys/forza_ws/race_stack/state_estimation': PYTHONPATH=/home/misys/forza_ws/race_stack/build/state_estimation/prefix_override:/usr/lib/python3/dist-packages/colcon_core/task/python/colcon_distutils_commands:/home/misys/forza_ws/race_stack/install/state_estimation/lib/python3.10/site-packages:${PYTHONPATH} /usr/bin/python3 -W ignore:setup.py install is deprecated -W ignore:easy_install command is deprecated setup.py egg_info --egg-base ../build/state_estimation build --build-base /home/misys/forza_ws/race_stack/build/state_estimation/build install --record /home/misys/forza_ws/race_stack/build/state_estimation/install.log --single-version-externally-managed install_data
[8.003s] running egg_info
[8.027s] writing ../build/state_estimation/state_estimation.egg-info/PKG-INFO
[8.032s] writing dependency_links to ../build/state_estimation/state_estimation.egg-info/dependency_links.txt
[8.034s] writing entry points to ../build/state_estimation/state_estimation.egg-info/entry_points.txt
[8.035s] writing requirements to ../build/state_estimation/state_estimation.egg-info/requires.txt
[8.036s] writing top-level names to ../build/state_estimation/state_estimation.egg-info/top_level.txt
[8.041s] reading manifest file '../build/state_estimation/state_estimation.egg-info/SOURCES.txt'
[8.055s] adding license file 'LICENSE'
[8.060s] writing manifest file '../build/state_estimation/state_estimation.egg-info/SOURCES.txt'
[8.060s] running build
[8.061s] running build_py
[8.061s] running install
[8.062s] running install_lib
[8.065s] running install_data
[8.066s] running install_egg_info
[8.100s] removing '/home/misys/forza_ws/race_stack/install/state_estimation/lib/python3.10/site-packages/state_estimation-0.0.0-py3.10.egg-info' (and everything under it)
[8.107s] Copying ../build/state_estimation/state_estimation.egg-info to /home/misys/forza_ws/race_stack/install/state_estimation/lib/python3.10/site-packages/state_estimation-0.0.0-py3.10.egg-info
[8.107s] running install_scripts
[8.206s] Installing carstate_node script to /home/misys/forza_ws/race_stack/install/state_estimation/lib/state_estimation
[8.215s] writing list of installed files to '/home/misys/forza_ws/race_stack/build/state_estimation/install.log'
[8.499s] Invoked command in '/home/misys/forza_ws/race_stack/state_estimation' returned '0': PYTHONPATH=/home/misys/forza_ws/race_stack/build/state_estimation/prefix_override:/usr/lib/python3/dist-packages/colcon_core/task/python/colcon_distutils_commands:/home/misys/forza_ws/race_stack/install/state_estimation/lib/python3.10/site-packages:${PYTHONPATH} /usr/bin/python3 -W ignore:setup.py install is deprecated -W ignore:easy_install command is deprecated setup.py egg_info --egg-base ../build/state_estimation build --build-base /home/misys/forza_ws/race_stack/build/state_estimation/build install --record /home/misys/forza_ws/race_stack/build/state_estimation/install.log --single-version-externally-managed install_data
