[4.840s] Invoking command in '/home/misys/forza_ws/race_stack/utilities/nodes/frenet_odom_republisher': PYTHONPATH=/home/misys/forza_ws/race_stack/build/frenet_odom_republisher/prefix_override:/usr/lib/python3/dist-packages/colcon_core/task/python/colcon_distutils_commands:/home/misys/forza_ws/race_stack/install/frenet_odom_republisher/lib/python3.10/site-packages:${PYTHONPATH} /usr/bin/python3 -W ignore:setup.py install is deprecated -W ignore:easy_install command is deprecated setup.py egg_info --egg-base ../../../build/frenet_odom_republisher build --build-base /home/misys/forza_ws/race_stack/build/frenet_odom_republisher/build install --record /home/misys/forza_ws/race_stack/build/frenet_odom_republisher/install.log --single-version-externally-managed install_data
[5.632s] running egg_info
[5.633s] writing ../../../build/frenet_odom_republisher/frenet_odom_republisher.egg-info/PKG-INFO
[5.634s] writing dependency_links to ../../../build/frenet_odom_republisher/frenet_odom_republisher.egg-info/dependency_links.txt
[5.635s] writing entry points to ../../../build/frenet_odom_republisher/frenet_odom_republisher.egg-info/entry_points.txt
[5.635s] writing requirements to ../../../build/frenet_odom_republisher/frenet_odom_republisher.egg-info/requires.txt
[5.635s] writing top-level names to ../../../build/frenet_odom_republisher/frenet_odom_republisher.egg-info/top_level.txt
[5.640s] reading manifest file '../../../build/frenet_odom_republisher/frenet_odom_republisher.egg-info/SOURCES.txt'
[5.642s] writing manifest file '../../../build/frenet_odom_republisher/frenet_odom_republisher.egg-info/SOURCES.txt'
[5.642s] running build
[5.642s] running build_py
[5.643s] running install
[5.644s] running install_lib
[5.647s] running install_data
[5.648s] running install_egg_info
[5.652s] removing '/home/misys/forza_ws/race_stack/install/frenet_odom_republisher/lib/python3.10/site-packages/frenet_odom_republisher-0.0.0-py3.10.egg-info' (and everything under it)
[5.653s] Copying ../../../build/frenet_odom_republisher/frenet_odom_republisher.egg-info to /home/misys/forza_ws/race_stack/install/frenet_odom_republisher/lib/python3.10/site-packages/frenet_odom_republisher-0.0.0-py3.10.egg-info
[5.655s] running install_scripts
[5.708s] Installing frenet_odom_republisher_node script to /home/misys/forza_ws/race_stack/install/frenet_odom_republisher/lib/frenet_odom_republisher
[5.708s] writing list of installed files to '/home/misys/forza_ws/race_stack/build/frenet_odom_republisher/install.log'
[6.625s] Invoked command in '/home/misys/forza_ws/race_stack/utilities/nodes/frenet_odom_republisher' returned '0': PYTHONPATH=/home/misys/forza_ws/race_stack/build/frenet_odom_republisher/prefix_override:/usr/lib/python3/dist-packages/colcon_core/task/python/colcon_distutils_commands:/home/misys/forza_ws/race_stack/install/frenet_odom_republisher/lib/python3.10/site-packages:${PYTHONPATH} /usr/bin/python3 -W ignore:setup.py install is deprecated -W ignore:easy_install command is deprecated setup.py egg_info --egg-base ../../../build/frenet_odom_republisher build --build-base /home/misys/forza_ws/race_stack/build/frenet_odom_republisher/build install --record /home/misys/forza_ws/race_stack/build/frenet_odom_republisher/install.log --single-version-externally-managed install_data
