[4.170s] Invoking command in '/home/misys/forza_ws/race_stack/base_system/f1tenth_system/teleop_tools/mouse_teleop': PYTHONPATH=/home/misys/forza_ws/race_stack/build/mouse_teleop/prefix_override:/usr/lib/python3/dist-packages/colcon_core/task/python/colcon_distutils_commands:/home/misys/forza_ws/race_stack/install/mouse_teleop/lib/python3.10/site-packages:${PYTHONPATH} /usr/bin/python3 -W ignore:setup.py install is deprecated -W ignore:easy_install command is deprecated setup.py egg_info --egg-base ../../../../build/mouse_teleop build --build-base /home/misys/forza_ws/race_stack/build/mouse_teleop/build install --record /home/misys/forza_ws/race_stack/build/mouse_teleop/install.log --single-version-externally-managed install_data
[5.548s] running egg_info
[5.561s] creating ../../../../build/mouse_teleop/mouse_teleop.egg-info
[5.561s] writing ../../../../build/mouse_teleop/mouse_teleop.egg-info/PKG-INFO
[5.562s] writing dependency_links to ../../../../build/mouse_teleop/mouse_teleop.egg-info/dependency_links.txt
[5.563s] writing entry points to ../../../../build/mouse_teleop/mouse_teleop.egg-info/entry_points.txt
[5.563s] writing requirements to ../../../../build/mouse_teleop/mouse_teleop.egg-info/requires.txt
[5.563s] writing top-level names to ../../../../build/mouse_teleop/mouse_teleop.egg-info/top_level.txt
[5.564s] writing manifest file '../../../../build/mouse_teleop/mouse_teleop.egg-info/SOURCES.txt'
[5.573s] reading manifest file '../../../../build/mouse_teleop/mouse_teleop.egg-info/SOURCES.txt'
[5.578s] adding license file 'LICENSE'
[5.579s] writing manifest file '../../../../build/mouse_teleop/mouse_teleop.egg-info/SOURCES.txt'
[5.587s] running build
[5.587s] running build_py
[5.587s] creating /home/misys/forza_ws/race_stack/build/mouse_teleop/build
[5.587s] creating /home/misys/forza_ws/race_stack/build/mouse_teleop/build/lib
[5.587s] creating /home/misys/forza_ws/race_stack/build/mouse_teleop/build/lib/mouse_teleop
[5.588s] copying mouse_teleop/mouse_teleop.py -> /home/misys/forza_ws/race_stack/build/mouse_teleop/build/lib/mouse_teleop
[5.589s] copying mouse_teleop/__init__.py -> /home/misys/forza_ws/race_stack/build/mouse_teleop/build/lib/mouse_teleop
[5.589s] running install
[5.590s] running install_lib
[5.592s] creating /home/misys/forza_ws/race_stack/install/mouse_teleop/lib/python3.10/site-packages/mouse_teleop
[5.598s] copying /home/misys/forza_ws/race_stack/build/mouse_teleop/build/lib/mouse_teleop/mouse_teleop.py -> /home/misys/forza_ws/race_stack/install/mouse_teleop/lib/python3.10/site-packages/mouse_teleop
[5.598s] copying /home/misys/forza_ws/race_stack/build/mouse_teleop/build/lib/mouse_teleop/__init__.py -> /home/misys/forza_ws/race_stack/install/mouse_teleop/lib/python3.10/site-packages/mouse_teleop
[5.600s] byte-compiling /home/misys/forza_ws/race_stack/install/mouse_teleop/lib/python3.10/site-packages/mouse_teleop/mouse_teleop.py to mouse_teleop.cpython-310.pyc
[5.608s] byte-compiling /home/misys/forza_ws/race_stack/install/mouse_teleop/lib/python3.10/site-packages/mouse_teleop/__init__.py to __init__.cpython-310.pyc
[5.608s] running install_data
[5.609s] copying package.xml -> /home/misys/forza_ws/race_stack/install/mouse_teleop/share/mouse_teleop
[5.609s] creating /home/misys/forza_ws/race_stack/install/mouse_teleop/share/mouse_teleop/config
[5.609s] copying config/mouse_teleop.yaml -> /home/misys/forza_ws/race_stack/install/mouse_teleop/share/mouse_teleop/config
[5.609s] creating /home/misys/forza_ws/race_stack/install/mouse_teleop/share/mouse_teleop/launch
[5.609s] copying launch/mouse_teleop.launch.py -> /home/misys/forza_ws/race_stack/install/mouse_teleop/share/mouse_teleop/launch
[5.612s] creating /home/misys/forza_ws/race_stack/install/mouse_teleop/share/ament_index
[5.618s] creating /home/misys/forza_ws/race_stack/install/mouse_teleop/share/ament_index/resource_index
[5.618s] creating /home/misys/forza_ws/race_stack/install/mouse_teleop/share/ament_index/resource_index/packages
[5.618s] copying resource/mouse_teleop -> /home/misys/forza_ws/race_stack/install/mouse_teleop/share/ament_index/resource_index/packages
[5.618s] running install_egg_info
[5.618s] Copying ../../../../build/mouse_teleop/mouse_teleop.egg-info to /home/misys/forza_ws/race_stack/install/mouse_teleop/lib/python3.10/site-packages/mouse_teleop-1.5.0-py3.10.egg-info
[5.627s] running install_scripts
[5.696s] Installing mouse_teleop script to /home/misys/forza_ws/race_stack/install/mouse_teleop/lib/mouse_teleop
[5.714s] writing list of installed files to '/home/misys/forza_ws/race_stack/build/mouse_teleop/install.log'
[5.889s] Invoked command in '/home/misys/forza_ws/race_stack/base_system/f1tenth_system/teleop_tools/mouse_teleop' returned '0': PYTHONPATH=/home/misys/forza_ws/race_stack/build/mouse_teleop/prefix_override:/usr/lib/python3/dist-packages/colcon_core/task/python/colcon_distutils_commands:/home/misys/forza_ws/race_stack/install/mouse_teleop/lib/python3.10/site-packages:${PYTHONPATH} /usr/bin/python3 -W ignore:setup.py install is deprecated -W ignore:easy_install command is deprecated setup.py egg_info --egg-base ../../../../build/mouse_teleop build --build-base /home/misys/forza_ws/race_stack/build/mouse_teleop/build install --record /home/misys/forza_ws/race_stack/build/mouse_teleop/install.log --single-version-externally-managed install_data
