[3.054s] Invoking command in '/home/misys/forza_ws/race_stack/utilities/nodes/lap_analyser': PYTHONPATH=/home/misys/forza_ws/race_stack/build/lap_analyser/prefix_override:/usr/lib/python3/dist-packages/colcon_core/task/python/colcon_distutils_commands:/home/misys/forza_ws/race_stack/install/lap_analyser/lib/python3.10/site-packages:${PYTHONPATH} /usr/bin/python3 -W ignore:setup.py install is deprecated -W ignore:easy_install command is deprecated setup.py egg_info --egg-base ../../../build/lap_analyser build --build-base /home/misys/forza_ws/race_stack/build/lap_analyser/build install --record /home/misys/forza_ws/race_stack/build/lap_analyser/install.log --single-version-externally-managed install_data
[4.071s] running egg_info
[4.072s] creating ../../../build/lap_analyser/lap_analyser.egg-info
[4.072s] writing ../../../build/lap_analyser/lap_analyser.egg-info/PKG-INFO
[4.073s] writing dependency_links to ../../../build/lap_analyser/lap_analyser.egg-info/dependency_links.txt
[4.074s] writing entry points to ../../../build/lap_analyser/lap_analyser.egg-info/entry_points.txt
[4.074s] writing requirements to ../../../build/lap_analyser/lap_analyser.egg-info/requires.txt
[4.074s] writing top-level names to ../../../build/lap_analyser/lap_analyser.egg-info/top_level.txt
[4.075s] writing manifest file '../../../build/lap_analyser/lap_analyser.egg-info/SOURCES.txt'
[4.095s] reading manifest file '../../../build/lap_analyser/lap_analyser.egg-info/SOURCES.txt'
[4.095s] adding license file 'LICENSE'
[4.096s] writing manifest file '../../../build/lap_analyser/lap_analyser.egg-info/SOURCES.txt'
[4.097s] running build
[4.097s] running build_py
[4.097s] creating /home/misys/forza_ws/race_stack/build/lap_analyser/build
[4.097s] creating /home/misys/forza_ws/race_stack/build/lap_analyser/build/lib
[4.098s] creating /home/misys/forza_ws/race_stack/build/lap_analyser/build/lib/lap_analyser
[4.098s] copying lap_analyser/lap_analyser.py -> /home/misys/forza_ws/race_stack/build/lap_analyser/build/lib/lap_analyser
[4.098s] copying lap_analyser/__init__.py -> /home/misys/forza_ws/race_stack/build/lap_analyser/build/lib/lap_analyser
[4.099s] running install
[4.099s] running install_lib
[4.101s] creating /home/misys/forza_ws/race_stack/install/lap_analyser/lib/python3.10/site-packages/lap_analyser
[4.102s] copying /home/misys/forza_ws/race_stack/build/lap_analyser/build/lib/lap_analyser/lap_analyser.py -> /home/misys/forza_ws/race_stack/install/lap_analyser/lib/python3.10/site-packages/lap_analyser
[4.102s] copying /home/misys/forza_ws/race_stack/build/lap_analyser/build/lib/lap_analyser/__init__.py -> /home/misys/forza_ws/race_stack/install/lap_analyser/lib/python3.10/site-packages/lap_analyser
[4.104s] byte-compiling /home/misys/forza_ws/race_stack/install/lap_analyser/lib/python3.10/site-packages/lap_analyser/lap_analyser.py to lap_analyser.cpython-310.pyc
[4.107s] byte-compiling /home/misys/forza_ws/race_stack/install/lap_analyser/lib/python3.10/site-packages/lap_analyser/__init__.py to __init__.cpython-310.pyc
[4.108s] running install_data
[4.108s] creating /home/misys/forza_ws/race_stack/install/lap_analyser/share/ament_index
[4.108s] creating /home/misys/forza_ws/race_stack/install/lap_analyser/share/ament_index/resource_index
[4.108s] creating /home/misys/forza_ws/race_stack/install/lap_analyser/share/ament_index/resource_index/packages
[4.108s] copying resource/lap_analyser -> /home/misys/forza_ws/race_stack/install/lap_analyser/share/ament_index/resource_index/packages
[4.109s] copying package.xml -> /home/misys/forza_ws/race_stack/install/lap_analyser/share/lap_analyser
[4.120s] creating /home/misys/forza_ws/race_stack/install/lap_analyser/share/lap_analyser/launch
[4.120s] copying launch/lap_analyser_launch.xml -> /home/misys/forza_ws/race_stack/install/lap_analyser/share/lap_analyser/launch
[4.128s] running install_egg_info
[4.133s] Copying ../../../build/lap_analyser/lap_analyser.egg-info to /home/misys/forza_ws/race_stack/install/lap_analyser/lib/python3.10/site-packages/lap_analyser-0.0.0-py3.10.egg-info
[4.135s] running install_scripts
[4.240s] Installing lap_analyser script to /home/misys/forza_ws/race_stack/install/lap_analyser/lib/lap_analyser
[4.241s] writing list of installed files to '/home/misys/forza_ws/race_stack/build/lap_analyser/install.log'
[4.383s] Invoked command in '/home/misys/forza_ws/race_stack/utilities/nodes/lap_analyser' returned '0': PYTHONPATH=/home/misys/forza_ws/race_stack/build/lap_analyser/prefix_override:/usr/lib/python3/dist-packages/colcon_core/task/python/colcon_distutils_commands:/home/misys/forza_ws/race_stack/install/lap_analyser/lib/python3.10/site-packages:${PYTHONPATH} /usr/bin/python3 -W ignore:setup.py install is deprecated -W ignore:easy_install command is deprecated setup.py egg_info --egg-base ../../../build/lap_analyser build --build-base /home/misys/forza_ws/race_stack/build/lap_analyser/build install --record /home/misys/forza_ws/race_stack/build/lap_analyser/install.log --single-version-externally-managed install_data
