[0.222s] Invoking command in '/home/misys/forza_ws/race_stack/build/vesc_msgs': CMAKE_PREFIX_PATH=${CMAKE_PREFIX_PATH}:/home/misys/forza_ws/race_stack/install/f1tenth_stack:/home/misys/forza_ws/race_stack/install/joy_teleop:/home/misys/forza_ws/race_stack/install/steering_lookup:/home/misys/forza_ws/race_stack/install/state_machine:/home/misys/forza_ws/race_stack/install/slam_tuner:/home/misys/forza_ws/race_stack/install/state_estimation:/home/misys/forza_ws/race_stack/install/map_editor:/home/misys/forza_ws/race_stack/install/stack_master:/home/misys/forza_ws/race_stack/install/spline_planner:/home/misys/forza_ws/race_stack/install/sector_tuner:/home/misys/forza_ws/race_stack/install/perception:/home/misys/forza_ws/race_stack/install/particle_filter:/home/misys/forza_ws/race_stack/install/opponent_publisher:/home/misys/forza_ws/race_stack/install/mouse_teleop:/home/misys/forza_ws/race_stack/install/lap_analyser:/home/misys/forza_ws/race_stack/install/key_teleop:/home/misys/forza_ws/race_stack/install/id_controller:/home/misys/forza_ws/race_stack/install/global_planner:/home/misys/forza_ws/race_stack/install/frenet_odom_republisher:/home/misys/forza_ws/race_stack/install/frenet_conversion:/home/misys/forza_ws/race_stack/install/f1tenth_gym_ros:/home/misys/forza_ws/race_stack/install/controller:/opt/ros/humble /usr/bin/cmake --build /home/misys/forza_ws/race_stack/build/vesc_msgs -- -j6 -l6
[3.477s] [  1%] Built target vesc_msgs__cpp
[3.477s] [  1%] Built target ament_cmake_python_copy_vesc_msgs
[3.477s] [ 12%] Built target vesc_msgs__rosidl_typesupport_introspection_cpp
[3.478s] running egg_info
[3.485s] writing vesc_msgs.egg-info/PKG-INFO
[3.486s] writing dependency_links to vesc_msgs.egg-info/dependency_links.txt
[3.486s] writing top-level names to vesc_msgs.egg-info/top_level.txt
[3.486s] reading manifest file 'vesc_msgs.egg-info/SOURCES.txt'
[3.486s] writing manifest file 'vesc_msgs.egg-info/SOURCES.txt'
[3.486s] [ 12%] Built target ament_cmake_python_build_vesc_msgs_egg
[3.607s] [ 23%] Built target vesc_msgs__rosidl_typesupport_fastrtps_cpp
[3.850s] [ 34%] Built target vesc_msgs__rosidl_typesupport_cpp
[4.190s] [ 45%] Built target vesc_msgs__rosidl_generator_c
[4.640s] [ 56%] Built target vesc_msgs__rosidl_typesupport_fastrtps_c
[4.950s] [ 67%] Built target vesc_msgs__rosidl_typesupport_c
[5.284s] [ 78%] Built target vesc_msgs__rosidl_typesupport_introspection_c
[5.465s] [ 78%] Built target vesc_msgs
[5.659s] [ 80%] Built target vesc_msgs__py
[5.864s] [ 89%] Built target vesc_msgs__rosidl_generator_py
[5.976s] [ 92%] Built target vesc_msgs__rosidl_typesupport_fastrtps_c__pyext
[6.172s] [ 96%] Built target vesc_msgs__rosidl_typesupport_c__pyext
[6.378s] [100%] Built target vesc_msgs__rosidl_typesupport_introspection_c__pyext
[7.117s] Invoked command in '/home/misys/forza_ws/race_stack/build/vesc_msgs' returned '0': CMAKE_PREFIX_PATH=${CMAKE_PREFIX_PATH}:/home/misys/forza_ws/race_stack/install/f1tenth_stack:/home/misys/forza_ws/race_stack/install/joy_teleop:/home/misys/forza_ws/race_stack/install/steering_lookup:/home/misys/forza_ws/race_stack/install/state_machine:/home/misys/forza_ws/race_stack/install/slam_tuner:/home/misys/forza_ws/race_stack/install/state_estimation:/home/misys/forza_ws/race_stack/install/map_editor:/home/misys/forza_ws/race_stack/install/stack_master:/home/misys/forza_ws/race_stack/install/spline_planner:/home/misys/forza_ws/race_stack/install/sector_tuner:/home/misys/forza_ws/race_stack/install/perception:/home/misys/forza_ws/race_stack/install/particle_filter:/home/misys/forza_ws/race_stack/install/opponent_publisher:/home/misys/forza_ws/race_stack/install/mouse_teleop:/home/misys/forza_ws/race_stack/install/lap_analyser:/home/misys/forza_ws/race_stack/install/key_teleop:/home/misys/forza_ws/race_stack/install/id_controller:/home/misys/forza_ws/race_stack/install/global_planner:/home/misys/forza_ws/race_stack/install/frenet_odom_republisher:/home/misys/forza_ws/race_stack/install/frenet_conversion:/home/misys/forza_ws/race_stack/install/f1tenth_gym_ros:/home/misys/forza_ws/race_stack/install/controller:/opt/ros/humble /usr/bin/cmake --build /home/misys/forza_ws/race_stack/build/vesc_msgs -- -j6 -l6
[7.224s] Invoking command in '/home/misys/forza_ws/race_stack/build/vesc_msgs': CMAKE_PREFIX_PATH=${CMAKE_PREFIX_PATH}:/home/misys/forza_ws/race_stack/install/f1tenth_stack:/home/misys/forza_ws/race_stack/install/joy_teleop:/home/misys/forza_ws/race_stack/install/steering_lookup:/home/misys/forza_ws/race_stack/install/state_machine:/home/misys/forza_ws/race_stack/install/slam_tuner:/home/misys/forza_ws/race_stack/install/state_estimation:/home/misys/forza_ws/race_stack/install/map_editor:/home/misys/forza_ws/race_stack/install/stack_master:/home/misys/forza_ws/race_stack/install/spline_planner:/home/misys/forza_ws/race_stack/install/sector_tuner:/home/misys/forza_ws/race_stack/install/perception:/home/misys/forza_ws/race_stack/install/particle_filter:/home/misys/forza_ws/race_stack/install/opponent_publisher:/home/misys/forza_ws/race_stack/install/mouse_teleop:/home/misys/forza_ws/race_stack/install/lap_analyser:/home/misys/forza_ws/race_stack/install/key_teleop:/home/misys/forza_ws/race_stack/install/id_controller:/home/misys/forza_ws/race_stack/install/global_planner:/home/misys/forza_ws/race_stack/install/frenet_odom_republisher:/home/misys/forza_ws/race_stack/install/frenet_conversion:/home/misys/forza_ws/race_stack/install/f1tenth_gym_ros:/home/misys/forza_ws/race_stack/install/controller:/opt/ros/humble /usr/bin/cmake --install /home/misys/forza_ws/race_stack/build/vesc_msgs
[7.272s] -- Install configuration: ""
[7.272s] -- Up-to-date: /home/misys/forza_ws/race_stack/install/vesc_msgs/share/ament_index/resource_index/rosidl_interfaces/vesc_msgs
[7.272s] -- Up-to-date: /home/misys/forza_ws/race_stack/install/vesc_msgs/include/vesc_msgs/vesc_msgs
[7.272s] -- Up-to-date: /home/misys/forza_ws/race_stack/install/vesc_msgs/include/vesc_msgs/vesc_msgs/msg
[7.272s] -- Up-to-date: /home/misys/forza_ws/race_stack/install/vesc_msgs/include/vesc_msgs/vesc_msgs/msg/detail
[7.272s] -- Up-to-date: /home/misys/forza_ws/race_stack/install/vesc_msgs/include/vesc_msgs/vesc_msgs/msg/detail/vesc_state_stamped__functions.c
[7.273s] -- Up-to-date: /home/misys/forza_ws/race_stack/install/vesc_msgs/include/vesc_msgs/vesc_msgs/msg/detail/vesc_imu__functions.h
[7.273s] -- Up-to-date: /home/misys/forza_ws/race_stack/install/vesc_msgs/include/vesc_msgs/vesc_msgs/msg/detail/vesc_state_stamped__struct.h
[7.273s] -- Up-to-date: /home/misys/forza_ws/race_stack/install/vesc_msgs/include/vesc_msgs/vesc_msgs/msg/detail/vesc_state_stamped__functions.h
[7.273s] -- Up-to-date: /home/misys/forza_ws/race_stack/install/vesc_msgs/include/vesc_msgs/vesc_msgs/msg/detail/vesc_state_stamped__type_support.h
[7.273s] -- Up-to-date: /home/misys/forza_ws/race_stack/install/vesc_msgs/include/vesc_msgs/vesc_msgs/msg/detail/vesc_state__struct.h
[7.273s] -- Up-to-date: /home/misys/forza_ws/race_stack/install/vesc_msgs/include/vesc_msgs/vesc_msgs/msg/detail/vesc_state__functions.h
[7.273s] -- Up-to-date: /home/misys/forza_ws/race_stack/install/vesc_msgs/include/vesc_msgs/vesc_msgs/msg/detail/vesc_imu__functions.c
[7.273s] -- Up-to-date: /home/misys/forza_ws/race_stack/install/vesc_msgs/include/vesc_msgs/vesc_msgs/msg/detail/vesc_imu__type_support.h
[7.273s] -- Up-to-date: /home/misys/forza_ws/race_stack/install/vesc_msgs/include/vesc_msgs/vesc_msgs/msg/detail/vesc_state__type_support.h
[7.274s] -- Up-to-date: /home/misys/forza_ws/race_stack/install/vesc_msgs/include/vesc_msgs/vesc_msgs/msg/detail/vesc_state__functions.c
[7.274s] -- Up-to-date: /home/misys/forza_ws/race_stack/install/vesc_msgs/include/vesc_msgs/vesc_msgs/msg/detail/vesc_imu__struct.h
[7.274s] -- Up-to-date: /home/misys/forza_ws/race_stack/install/vesc_msgs/include/vesc_msgs/vesc_msgs/msg/detail/vesc_imu_stamped__struct.h
[7.274s] -- Up-to-date: /home/misys/forza_ws/race_stack/install/vesc_msgs/include/vesc_msgs/vesc_msgs/msg/detail/vesc_imu_stamped__functions.h
[7.274s] -- Up-to-date: /home/misys/forza_ws/race_stack/install/vesc_msgs/include/vesc_msgs/vesc_msgs/msg/detail/vesc_imu_stamped__type_support.h
[7.274s] -- Up-to-date: /home/misys/forza_ws/race_stack/install/vesc_msgs/include/vesc_msgs/vesc_msgs/msg/detail/vesc_imu_stamped__functions.c
[7.274s] -- Up-to-date: /home/misys/forza_ws/race_stack/install/vesc_msgs/include/vesc_msgs/vesc_msgs/msg/rosidl_generator_c__visibility_control.h
[7.275s] -- Up-to-date: /home/misys/forza_ws/race_stack/install/vesc_msgs/include/vesc_msgs/vesc_msgs/msg/vesc_imu_stamped.h
[7.275s] -- Up-to-date: /home/misys/forza_ws/race_stack/install/vesc_msgs/include/vesc_msgs/vesc_msgs/msg/vesc_state_stamped.h
[7.275s] -- Up-to-date: /home/misys/forza_ws/race_stack/install/vesc_msgs/include/vesc_msgs/vesc_msgs/msg/vesc_imu.h
[7.275s] -- Up-to-date: /home/misys/forza_ws/race_stack/install/vesc_msgs/include/vesc_msgs/vesc_msgs/msg/vesc_state.h
[7.275s] -- Up-to-date: /home/misys/forza_ws/race_stack/install/vesc_msgs/share/vesc_msgs/environment/library_path.sh
[7.275s] -- Up-to-date: /home/misys/forza_ws/race_stack/install/vesc_msgs/share/vesc_msgs/environment/library_path.dsv
[7.280s] -- Up-to-date: /home/misys/forza_ws/race_stack/install/vesc_msgs/lib/libvesc_msgs__rosidl_generator_c.so
[7.280s] -- Up-to-date: /home/misys/forza_ws/race_stack/install/vesc_msgs/include/vesc_msgs/vesc_msgs
[7.280s] -- Up-to-date: /home/misys/forza_ws/race_stack/install/vesc_msgs/include/vesc_msgs/vesc_msgs/msg
[7.280s] -- Up-to-date: /home/misys/forza_ws/race_stack/install/vesc_msgs/include/vesc_msgs/vesc_msgs/msg/detail
[7.280s] -- Up-to-date: /home/misys/forza_ws/race_stack/install/vesc_msgs/include/vesc_msgs/vesc_msgs/msg/detail/vesc_imu_stamped__rosidl_typesupport_fastrtps_c.h
[7.281s] -- Up-to-date: /home/misys/forza_ws/race_stack/install/vesc_msgs/include/vesc_msgs/vesc_msgs/msg/detail/vesc_state__rosidl_typesupport_fastrtps_c.h
[7.281s] -- Up-to-date: /home/misys/forza_ws/race_stack/install/vesc_msgs/include/vesc_msgs/vesc_msgs/msg/detail/vesc_state_stamped__rosidl_typesupport_fastrtps_c.h
[7.281s] -- Up-to-date: /home/misys/forza_ws/race_stack/install/vesc_msgs/include/vesc_msgs/vesc_msgs/msg/detail/vesc_imu__rosidl_typesupport_fastrtps_c.h
[7.281s] -- Up-to-date: /home/misys/forza_ws/race_stack/install/vesc_msgs/include/vesc_msgs/vesc_msgs/msg/rosidl_typesupport_fastrtps_c__visibility_control.h
[7.281s] -- Up-to-date: /home/misys/forza_ws/race_stack/install/vesc_msgs/lib/libvesc_msgs__rosidl_typesupport_fastrtps_c.so
[7.281s] -- Up-to-date: /home/misys/forza_ws/race_stack/install/vesc_msgs/include/vesc_msgs/vesc_msgs
[7.281s] -- Up-to-date: /home/misys/forza_ws/race_stack/install/vesc_msgs/include/vesc_msgs/vesc_msgs/msg
[7.282s] -- Up-to-date: /home/misys/forza_ws/race_stack/install/vesc_msgs/include/vesc_msgs/vesc_msgs/msg/detail
[7.282s] -- Up-to-date: /home/misys/forza_ws/race_stack/install/vesc_msgs/include/vesc_msgs/vesc_msgs/msg/detail/vesc_imu__rosidl_typesupport_introspection_c.h
[7.282s] -- Up-to-date: /home/misys/forza_ws/race_stack/install/vesc_msgs/include/vesc_msgs/vesc_msgs/msg/detail/vesc_state_stamped__type_support.c
[7.282s] -- Up-to-date: /home/misys/forza_ws/race_stack/install/vesc_msgs/include/vesc_msgs/vesc_msgs/msg/detail/vesc_state__type_support.c
[7.282s] -- Up-to-date: /home/misys/forza_ws/race_stack/install/vesc_msgs/include/vesc_msgs/vesc_msgs/msg/detail/vesc_imu_stamped__type_support.c
[7.282s] -- Up-to-date: /home/misys/forza_ws/race_stack/install/vesc_msgs/include/vesc_msgs/vesc_msgs/msg/detail/vesc_imu__type_support.c
[7.283s] -- Up-to-date: /home/misys/forza_ws/race_stack/install/vesc_msgs/include/vesc_msgs/vesc_msgs/msg/detail/vesc_state_stamped__rosidl_typesupport_introspection_c.h
[7.283s] -- Up-to-date: /home/misys/forza_ws/race_stack/install/vesc_msgs/include/vesc_msgs/vesc_msgs/msg/detail/vesc_imu_stamped__rosidl_typesupport_introspection_c.h
[7.283s] -- Up-to-date: /home/misys/forza_ws/race_stack/install/vesc_msgs/include/vesc_msgs/vesc_msgs/msg/detail/vesc_state__rosidl_typesupport_introspection_c.h
[7.283s] -- Up-to-date: /home/misys/forza_ws/race_stack/install/vesc_msgs/include/vesc_msgs/vesc_msgs/msg/rosidl_typesupport_introspection_c__visibility_control.h
[7.283s] -- Up-to-date: /home/misys/forza_ws/race_stack/install/vesc_msgs/lib/libvesc_msgs__rosidl_typesupport_introspection_c.so
[7.283s] -- Up-to-date: /home/misys/forza_ws/race_stack/install/vesc_msgs/lib/libvesc_msgs__rosidl_typesupport_c.so
[7.283s] -- Up-to-date: /home/misys/forza_ws/race_stack/install/vesc_msgs/include/vesc_msgs/vesc_msgs
[7.284s] -- Up-to-date: /home/misys/forza_ws/race_stack/install/vesc_msgs/include/vesc_msgs/vesc_msgs/msg
[7.284s] -- Up-to-date: /home/misys/forza_ws/race_stack/install/vesc_msgs/include/vesc_msgs/vesc_msgs/msg/rosidl_generator_cpp__visibility_control.hpp
[7.284s] -- Up-to-date: /home/misys/forza_ws/race_stack/install/vesc_msgs/include/vesc_msgs/vesc_msgs/msg/detail
[7.284s] -- Up-to-date: /home/misys/forza_ws/race_stack/install/vesc_msgs/include/vesc_msgs/vesc_msgs/msg/detail/vesc_imu__builder.hpp
[7.284s] -- Up-to-date: /home/misys/forza_ws/race_stack/install/vesc_msgs/include/vesc_msgs/vesc_msgs/msg/detail/vesc_state_stamped__traits.hpp
[7.284s] -- Up-to-date: /home/misys/forza_ws/race_stack/install/vesc_msgs/include/vesc_msgs/vesc_msgs/msg/detail/vesc_imu__type_support.hpp
[7.285s] -- Up-to-date: /home/misys/forza_ws/race_stack/install/vesc_msgs/include/vesc_msgs/vesc_msgs/msg/detail/vesc_imu_stamped__struct.hpp
[7.285s] -- Up-to-date: /home/misys/forza_ws/race_stack/install/vesc_msgs/include/vesc_msgs/vesc_msgs/msg/detail/vesc_imu__struct.hpp
[7.285s] -- Up-to-date: /home/misys/forza_ws/race_stack/install/vesc_msgs/include/vesc_msgs/vesc_msgs/msg/detail/vesc_state_stamped__type_support.hpp
[7.285s] -- Up-to-date: /home/misys/forza_ws/race_stack/install/vesc_msgs/include/vesc_msgs/vesc_msgs/msg/detail/vesc_state_stamped__builder.hpp
[7.285s] -- Up-to-date: /home/misys/forza_ws/race_stack/install/vesc_msgs/include/vesc_msgs/vesc_msgs/msg/detail/vesc_imu_stamped__builder.hpp
[7.285s] -- Up-to-date: /home/misys/forza_ws/race_stack/install/vesc_msgs/include/vesc_msgs/vesc_msgs/msg/detail/vesc_imu_stamped__traits.hpp
[7.285s] -- Up-to-date: /home/misys/forza_ws/race_stack/install/vesc_msgs/include/vesc_msgs/vesc_msgs/msg/detail/vesc_state__builder.hpp
[7.286s] -- Up-to-date: /home/misys/forza_ws/race_stack/install/vesc_msgs/include/vesc_msgs/vesc_msgs/msg/detail/vesc_state__struct.hpp
[7.286s] -- Up-to-date: /home/misys/forza_ws/race_stack/install/vesc_msgs/include/vesc_msgs/vesc_msgs/msg/detail/vesc_state__type_support.hpp
[7.286s] -- Up-to-date: /home/misys/forza_ws/race_stack/install/vesc_msgs/include/vesc_msgs/vesc_msgs/msg/detail/vesc_imu_stamped__type_support.hpp
[7.286s] -- Up-to-date: /home/misys/forza_ws/race_stack/install/vesc_msgs/include/vesc_msgs/vesc_msgs/msg/detail/vesc_state__traits.hpp
[7.286s] -- Up-to-date: /home/misys/forza_ws/race_stack/install/vesc_msgs/include/vesc_msgs/vesc_msgs/msg/detail/vesc_imu__traits.hpp
[7.286s] -- Up-to-date: /home/misys/forza_ws/race_stack/install/vesc_msgs/include/vesc_msgs/vesc_msgs/msg/detail/vesc_state_stamped__struct.hpp
[7.289s] -- Up-to-date: /home/misys/forza_ws/race_stack/install/vesc_msgs/include/vesc_msgs/vesc_msgs/msg/vesc_imu.hpp
[7.291s] -- Up-to-date: /home/misys/forza_ws/race_stack/install/vesc_msgs/include/vesc_msgs/vesc_msgs/msg/vesc_imu_stamped.hpp
[7.291s] -- Up-to-date: /home/misys/forza_ws/race_stack/install/vesc_msgs/include/vesc_msgs/vesc_msgs/msg/vesc_state_stamped.hpp
[7.291s] -- Up-to-date: /home/misys/forza_ws/race_stack/install/vesc_msgs/include/vesc_msgs/vesc_msgs/msg/vesc_state.hpp
[7.291s] -- Up-to-date: /home/misys/forza_ws/race_stack/install/vesc_msgs/include/vesc_msgs/vesc_msgs
[7.292s] -- Up-to-date: /home/misys/forza_ws/race_stack/install/vesc_msgs/include/vesc_msgs/vesc_msgs/msg
[7.292s] -- Up-to-date: /home/misys/forza_ws/race_stack/install/vesc_msgs/include/vesc_msgs/vesc_msgs/msg/detail
[7.292s] -- Up-to-date: /home/misys/forza_ws/race_stack/install/vesc_msgs/include/vesc_msgs/vesc_msgs/msg/detail/vesc_imu_stamped__rosidl_typesupport_fastrtps_cpp.hpp
[7.292s] -- Up-to-date: /home/misys/forza_ws/race_stack/install/vesc_msgs/include/vesc_msgs/vesc_msgs/msg/detail/vesc_imu__rosidl_typesupport_fastrtps_cpp.hpp
[7.294s] -- Up-to-date: /home/misys/forza_ws/race_stack/install/vesc_msgs/include/vesc_msgs/vesc_msgs/msg/detail/vesc_state_stamped__rosidl_typesupport_fastrtps_cpp.hpp
[7.298s] -- Up-to-date: /home/misys/forza_ws/race_stack/install/vesc_msgs/include/vesc_msgs/vesc_msgs/msg/detail/dds_fastrtps
[7.298s] -- Up-to-date: /home/misys/forza_ws/race_stack/install/vesc_msgs/include/vesc_msgs/vesc_msgs/msg/detail/vesc_state__rosidl_typesupport_fastrtps_cpp.hpp
[7.298s] -- Up-to-date: /home/misys/forza_ws/race_stack/install/vesc_msgs/include/vesc_msgs/vesc_msgs/msg/rosidl_typesupport_fastrtps_cpp__visibility_control.h
[7.298s] -- Up-to-date: /home/misys/forza_ws/race_stack/install/vesc_msgs/lib/libvesc_msgs__rosidl_typesupport_fastrtps_cpp.so
[7.299s] -- Up-to-date: /home/misys/forza_ws/race_stack/install/vesc_msgs/include/vesc_msgs/vesc_msgs
[7.299s] -- Up-to-date: /home/misys/forza_ws/race_stack/install/vesc_msgs/include/vesc_msgs/vesc_msgs/msg
[7.299s] -- Up-to-date: /home/misys/forza_ws/race_stack/install/vesc_msgs/include/vesc_msgs/vesc_msgs/msg/detail
[7.299s] -- Up-to-date: /home/misys/forza_ws/race_stack/install/vesc_msgs/include/vesc_msgs/vesc_msgs/msg/detail/vesc_imu__rosidl_typesupport_introspection_cpp.hpp
[7.299s] -- Up-to-date: /home/misys/forza_ws/race_stack/install/vesc_msgs/include/vesc_msgs/vesc_msgs/msg/detail/vesc_imu_stamped__type_support.cpp
[7.299s] -- Up-to-date: /home/misys/forza_ws/race_stack/install/vesc_msgs/include/vesc_msgs/vesc_msgs/msg/detail/vesc_imu__type_support.cpp
[7.300s] -- Up-to-date: /home/misys/forza_ws/race_stack/install/vesc_msgs/include/vesc_msgs/vesc_msgs/msg/detail/vesc_state_stamped__rosidl_typesupport_introspection_cpp.hpp
[7.300s] -- Up-to-date: /home/misys/forza_ws/race_stack/install/vesc_msgs/include/vesc_msgs/vesc_msgs/msg/detail/vesc_imu_stamped__rosidl_typesupport_introspection_cpp.hpp
[7.300s] -- Up-to-date: /home/misys/forza_ws/race_stack/install/vesc_msgs/include/vesc_msgs/vesc_msgs/msg/detail/vesc_state__type_support.cpp
[7.300s] -- Up-to-date: /home/misys/forza_ws/race_stack/install/vesc_msgs/include/vesc_msgs/vesc_msgs/msg/detail/vesc_state__rosidl_typesupport_introspection_cpp.hpp
[7.300s] -- Up-to-date: /home/misys/forza_ws/race_stack/install/vesc_msgs/include/vesc_msgs/vesc_msgs/msg/detail/vesc_state_stamped__type_support.cpp
[7.300s] -- Up-to-date: /home/misys/forza_ws/race_stack/install/vesc_msgs/lib/libvesc_msgs__rosidl_typesupport_introspection_cpp.so
[7.300s] -- Up-to-date: /home/misys/forza_ws/race_stack/install/vesc_msgs/lib/libvesc_msgs__rosidl_typesupport_cpp.so
[7.301s] -- Up-to-date: /home/misys/forza_ws/race_stack/install/vesc_msgs/share/vesc_msgs/environment/pythonpath.sh
[7.301s] -- Up-to-date: /home/misys/forza_ws/race_stack/install/vesc_msgs/share/vesc_msgs/environment/pythonpath.dsv
[7.301s] -- Up-to-date: /home/misys/forza_ws/race_stack/install/vesc_msgs/local/lib/python3.10/dist-packages/vesc_msgs-1.2.0-py3.10.egg-info
[7.301s] -- Installing: /home/misys/forza_ws/race_stack/install/vesc_msgs/local/lib/python3.10/dist-packages/vesc_msgs-1.2.0-py3.10.egg-info/dependency_links.txt
[7.301s] -- Installing: /home/misys/forza_ws/race_stack/install/vesc_msgs/local/lib/python3.10/dist-packages/vesc_msgs-1.2.0-py3.10.egg-info/PKG-INFO
[7.302s] -- Installing: /home/misys/forza_ws/race_stack/install/vesc_msgs/local/lib/python3.10/dist-packages/vesc_msgs-1.2.0-py3.10.egg-info/top_level.txt
[7.302s] -- Installing: /home/misys/forza_ws/race_stack/install/vesc_msgs/local/lib/python3.10/dist-packages/vesc_msgs-1.2.0-py3.10.egg-info/SOURCES.txt
[7.302s] -- Up-to-date: /home/misys/forza_ws/race_stack/install/vesc_msgs/local/lib/python3.10/dist-packages/vesc_msgs
[7.302s] -- Up-to-date: /home/misys/forza_ws/race_stack/install/vesc_msgs/local/lib/python3.10/dist-packages/vesc_msgs/_vesc_msgs_s.ep.rosidl_typesupport_c.c
[7.302s] -- Up-to-date: /home/misys/forza_ws/race_stack/install/vesc_msgs/local/lib/python3.10/dist-packages/vesc_msgs/vesc_msgs_s__rosidl_typesupport_c.cpython-310-aarch64-linux-gnu.so
[7.302s] -- Up-to-date: /home/misys/forza_ws/race_stack/install/vesc_msgs/local/lib/python3.10/dist-packages/vesc_msgs/vesc_msgs_s__rosidl_typesupport_introspection_c.cpython-310-aarch64-linux-gnu.so
[7.302s] -- Up-to-date: /home/misys/forza_ws/race_stack/install/vesc_msgs/local/lib/python3.10/dist-packages/vesc_msgs/msg
[7.303s] -- Up-to-date: /home/misys/forza_ws/race_stack/install/vesc_msgs/local/lib/python3.10/dist-packages/vesc_msgs/msg/_vesc_imu_stamped.py
[7.303s] -- Up-to-date: /home/misys/forza_ws/race_stack/install/vesc_msgs/local/lib/python3.10/dist-packages/vesc_msgs/msg/_vesc_state.py
[7.303s] -- Up-to-date: /home/misys/forza_ws/race_stack/install/vesc_msgs/local/lib/python3.10/dist-packages/vesc_msgs/msg/_vesc_state_stamped.py
[7.303s] -- Up-to-date: /home/misys/forza_ws/race_stack/install/vesc_msgs/local/lib/python3.10/dist-packages/vesc_msgs/msg/__init__.py
[7.303s] -- Up-to-date: /home/misys/forza_ws/race_stack/install/vesc_msgs/local/lib/python3.10/dist-packages/vesc_msgs/msg/_vesc_state_stamped_s.c
[7.303s] -- Up-to-date: /home/misys/forza_ws/race_stack/install/vesc_msgs/local/lib/python3.10/dist-packages/vesc_msgs/msg/_vesc_imu_s.c
[7.303s] -- Up-to-date: /home/misys/forza_ws/race_stack/install/vesc_msgs/local/lib/python3.10/dist-packages/vesc_msgs/msg/_vesc_imu_stamped_s.c
[7.304s] -- Up-to-date: /home/misys/forza_ws/race_stack/install/vesc_msgs/local/lib/python3.10/dist-packages/vesc_msgs/msg/_vesc_state_s.c
[7.304s] -- Up-to-date: /home/misys/forza_ws/race_stack/install/vesc_msgs/local/lib/python3.10/dist-packages/vesc_msgs/msg/_vesc_imu.py
[7.304s] -- Up-to-date: /home/misys/forza_ws/race_stack/install/vesc_msgs/local/lib/python3.10/dist-packages/vesc_msgs/_vesc_msgs_s.ep.rosidl_typesupport_introspection_c.c
[7.304s] -- Up-to-date: /home/misys/forza_ws/race_stack/install/vesc_msgs/local/lib/python3.10/dist-packages/vesc_msgs/_vesc_msgs_s.ep.rosidl_typesupport_fastrtps_c.c
[7.304s] -- Up-to-date: /home/misys/forza_ws/race_stack/install/vesc_msgs/local/lib/python3.10/dist-packages/vesc_msgs/__init__.py
[7.304s] -- Up-to-date: /home/misys/forza_ws/race_stack/install/vesc_msgs/local/lib/python3.10/dist-packages/vesc_msgs/libvesc_msgs__rosidl_generator_py.so
[7.305s] -- Up-to-date: /home/misys/forza_ws/race_stack/install/vesc_msgs/local/lib/python3.10/dist-packages/vesc_msgs/vesc_msgs_s__rosidl_typesupport_fastrtps_c.cpython-310-aarch64-linux-gnu.so
[7.766s] Listing '/home/misys/forza_ws/race_stack/install/vesc_msgs/local/lib/python3.10/dist-packages/vesc_msgs'...
[7.766s] Listing '/home/misys/forza_ws/race_stack/install/vesc_msgs/local/lib/python3.10/dist-packages/vesc_msgs/msg'...
[7.859s] -- Up-to-date: /home/misys/forza_ws/race_stack/install/vesc_msgs/local/lib/python3.10/dist-packages/vesc_msgs/vesc_msgs_s__rosidl_typesupport_fastrtps_c.cpython-310-aarch64-linux-gnu.so
[7.859s] -- Up-to-date: /home/misys/forza_ws/race_stack/install/vesc_msgs/local/lib/python3.10/dist-packages/vesc_msgs/vesc_msgs_s__rosidl_typesupport_introspection_c.cpython-310-aarch64-linux-gnu.so
[7.861s] -- Up-to-date: /home/misys/forza_ws/race_stack/install/vesc_msgs/local/lib/python3.10/dist-packages/vesc_msgs/vesc_msgs_s__rosidl_typesupport_c.cpython-310-aarch64-linux-gnu.so
[7.862s] -- Up-to-date: /home/misys/forza_ws/race_stack/install/vesc_msgs/lib/libvesc_msgs__rosidl_generator_py.so
[7.863s] -- Up-to-date: /home/misys/forza_ws/race_stack/install/vesc_msgs/share/vesc_msgs/msg/VescState.idl
[7.864s] -- Up-to-date: /home/misys/forza_ws/race_stack/install/vesc_msgs/share/vesc_msgs/msg/VescStateStamped.idl
[7.865s] -- Up-to-date: /home/misys/forza_ws/race_stack/install/vesc_msgs/share/vesc_msgs/msg/VescImu.idl
[7.866s] -- Up-to-date: /home/misys/forza_ws/race_stack/install/vesc_msgs/share/vesc_msgs/msg/VescImuStamped.idl
[7.867s] -- Up-to-date: /home/misys/forza_ws/race_stack/install/vesc_msgs/share/vesc_msgs/msg/VescState.msg
[7.867s] -- Up-to-date: /home/misys/forza_ws/race_stack/install/vesc_msgs/share/vesc_msgs/msg/VescStateStamped.msg
[7.867s] -- Up-to-date: /home/misys/forza_ws/race_stack/install/vesc_msgs/share/vesc_msgs/msg/VescImu.msg
[7.867s] -- Up-to-date: /home/misys/forza_ws/race_stack/install/vesc_msgs/share/vesc_msgs/msg/VescImuStamped.msg
[7.867s] -- Up-to-date: /home/misys/forza_ws/race_stack/install/vesc_msgs/share/ament_index/resource_index/package_run_dependencies/vesc_msgs
[7.867s] -- Up-to-date: /home/misys/forza_ws/race_stack/install/vesc_msgs/share/ament_index/resource_index/parent_prefix_path/vesc_msgs
[7.868s] -- Up-to-date: /home/misys/forza_ws/race_stack/install/vesc_msgs/share/vesc_msgs/environment/ament_prefix_path.sh
[7.868s] -- Up-to-date: /home/misys/forza_ws/race_stack/install/vesc_msgs/share/vesc_msgs/environment/ament_prefix_path.dsv
[7.868s] -- Up-to-date: /home/misys/forza_ws/race_stack/install/vesc_msgs/share/vesc_msgs/environment/path.sh
[7.868s] -- Up-to-date: /home/misys/forza_ws/race_stack/install/vesc_msgs/share/vesc_msgs/environment/path.dsv
[7.868s] -- Up-to-date: /home/misys/forza_ws/race_stack/install/vesc_msgs/share/vesc_msgs/local_setup.bash
[7.868s] -- Up-to-date: /home/misys/forza_ws/race_stack/install/vesc_msgs/share/vesc_msgs/local_setup.sh
[7.869s] -- Up-to-date: /home/misys/forza_ws/race_stack/install/vesc_msgs/share/vesc_msgs/local_setup.zsh
[7.869s] -- Up-to-date: /home/misys/forza_ws/race_stack/install/vesc_msgs/share/vesc_msgs/local_setup.dsv
[7.870s] -- Installing: /home/misys/forza_ws/race_stack/install/vesc_msgs/share/vesc_msgs/package.dsv
[7.871s] -- Up-to-date: /home/misys/forza_ws/race_stack/install/vesc_msgs/share/ament_index/resource_index/packages/vesc_msgs
[7.871s] -- Up-to-date: /home/misys/forza_ws/race_stack/install/vesc_msgs/share/vesc_msgs/cmake/export_vesc_msgs__rosidl_generator_cExport.cmake
[7.873s] -- Up-to-date: /home/misys/forza_ws/race_stack/install/vesc_msgs/share/vesc_msgs/cmake/export_vesc_msgs__rosidl_generator_cExport-noconfig.cmake
[7.874s] -- Up-to-date: /home/misys/forza_ws/race_stack/install/vesc_msgs/share/vesc_msgs/cmake/export_vesc_msgs__rosidl_typesupport_fastrtps_cExport.cmake
[7.875s] -- Up-to-date: /home/misys/forza_ws/race_stack/install/vesc_msgs/share/vesc_msgs/cmake/export_vesc_msgs__rosidl_typesupport_fastrtps_cExport-noconfig.cmake
[7.876s] -- Up-to-date: /home/misys/forza_ws/race_stack/install/vesc_msgs/share/vesc_msgs/cmake/vesc_msgs__rosidl_typesupport_introspection_cExport.cmake
[7.876s] -- Up-to-date: /home/misys/forza_ws/race_stack/install/vesc_msgs/share/vesc_msgs/cmake/vesc_msgs__rosidl_typesupport_introspection_cExport-noconfig.cmake
[7.877s] -- Up-to-date: /home/misys/forza_ws/race_stack/install/vesc_msgs/share/vesc_msgs/cmake/vesc_msgs__rosidl_typesupport_cExport.cmake
[7.877s] -- Up-to-date: /home/misys/forza_ws/race_stack/install/vesc_msgs/share/vesc_msgs/cmake/vesc_msgs__rosidl_typesupport_cExport-noconfig.cmake
[7.880s] -- Up-to-date: /home/misys/forza_ws/race_stack/install/vesc_msgs/share/vesc_msgs/cmake/export_vesc_msgs__rosidl_generator_cppExport.cmake
[7.881s] -- Up-to-date: /home/misys/forza_ws/race_stack/install/vesc_msgs/share/vesc_msgs/cmake/export_vesc_msgs__rosidl_typesupport_fastrtps_cppExport.cmake
[7.886s] -- Up-to-date: /home/misys/forza_ws/race_stack/install/vesc_msgs/share/vesc_msgs/cmake/export_vesc_msgs__rosidl_typesupport_fastrtps_cppExport-noconfig.cmake
[7.886s] -- Up-to-date: /home/misys/forza_ws/race_stack/install/vesc_msgs/share/vesc_msgs/cmake/vesc_msgs__rosidl_typesupport_introspection_cppExport.cmake
[7.886s] -- Up-to-date: /home/misys/forza_ws/race_stack/install/vesc_msgs/share/vesc_msgs/cmake/vesc_msgs__rosidl_typesupport_introspection_cppExport-noconfig.cmake
[7.886s] -- Up-to-date: /home/misys/forza_ws/race_stack/install/vesc_msgs/share/vesc_msgs/cmake/vesc_msgs__rosidl_typesupport_cppExport.cmake
[7.887s] -- Up-to-date: /home/misys/forza_ws/race_stack/install/vesc_msgs/share/vesc_msgs/cmake/vesc_msgs__rosidl_typesupport_cppExport-noconfig.cmake
[7.887s] -- Up-to-date: /home/misys/forza_ws/race_stack/install/vesc_msgs/share/vesc_msgs/cmake/export_vesc_msgs__rosidl_generator_pyExport.cmake
[7.888s] -- Up-to-date: /home/misys/forza_ws/race_stack/install/vesc_msgs/share/vesc_msgs/cmake/export_vesc_msgs__rosidl_generator_pyExport-noconfig.cmake
[7.888s] -- Up-to-date: /home/misys/forza_ws/race_stack/install/vesc_msgs/share/vesc_msgs/cmake/rosidl_cmake-extras.cmake
[7.889s] -- Up-to-date: /home/misys/forza_ws/race_stack/install/vesc_msgs/share/vesc_msgs/cmake/ament_cmake_export_dependencies-extras.cmake
[7.889s] -- Up-to-date: /home/misys/forza_ws/race_stack/install/vesc_msgs/share/vesc_msgs/cmake/ament_cmake_export_include_directories-extras.cmake
[7.890s] -- Up-to-date: /home/misys/forza_ws/race_stack/install/vesc_msgs/share/vesc_msgs/cmake/ament_cmake_export_libraries-extras.cmake
[7.890s] -- Up-to-date: /home/misys/forza_ws/race_stack/install/vesc_msgs/share/vesc_msgs/cmake/ament_cmake_export_targets-extras.cmake
[7.891s] -- Up-to-date: /home/misys/forza_ws/race_stack/install/vesc_msgs/share/vesc_msgs/cmake/rosidl_cmake_export_typesupport_targets-extras.cmake
[7.891s] -- Up-to-date: /home/misys/forza_ws/race_stack/install/vesc_msgs/share/vesc_msgs/cmake/rosidl_cmake_export_typesupport_libraries-extras.cmake
[7.891s] -- Up-to-date: /home/misys/forza_ws/race_stack/install/vesc_msgs/share/vesc_msgs/cmake/vesc_msgsConfig.cmake
[7.892s] -- Up-to-date: /home/misys/forza_ws/race_stack/install/vesc_msgs/share/vesc_msgs/cmake/vesc_msgsConfig-version.cmake
[7.895s] -- Up-to-date: /home/misys/forza_ws/race_stack/install/vesc_msgs/share/vesc_msgs/package.xml
[8.249s] Invoked command in '/home/misys/forza_ws/race_stack/build/vesc_msgs' returned '0': CMAKE_PREFIX_PATH=${CMAKE_PREFIX_PATH}:/home/misys/forza_ws/race_stack/install/f1tenth_stack:/home/misys/forza_ws/race_stack/install/joy_teleop:/home/misys/forza_ws/race_stack/install/steering_lookup:/home/misys/forza_ws/race_stack/install/state_machine:/home/misys/forza_ws/race_stack/install/slam_tuner:/home/misys/forza_ws/race_stack/install/state_estimation:/home/misys/forza_ws/race_stack/install/map_editor:/home/misys/forza_ws/race_stack/install/stack_master:/home/misys/forza_ws/race_stack/install/spline_planner:/home/misys/forza_ws/race_stack/install/sector_tuner:/home/misys/forza_ws/race_stack/install/perception:/home/misys/forza_ws/race_stack/install/particle_filter:/home/misys/forza_ws/race_stack/install/opponent_publisher:/home/misys/forza_ws/race_stack/install/mouse_teleop:/home/misys/forza_ws/race_stack/install/lap_analyser:/home/misys/forza_ws/race_stack/install/key_teleop:/home/misys/forza_ws/race_stack/install/id_controller:/home/misys/forza_ws/race_stack/install/global_planner:/home/misys/forza_ws/race_stack/install/frenet_odom_republisher:/home/misys/forza_ws/race_stack/install/frenet_conversion:/home/misys/forza_ws/race_stack/install/f1tenth_gym_ros:/home/misys/forza_ws/race_stack/install/controller:/opt/ros/humble /usr/bin/cmake --install /home/misys/forza_ws/race_stack/build/vesc_msgs
