[2.398s] Invoking command in '/home/misys/forza_ws/race_stack/utilities/nodes/map_editor': AMENT_PREFIX_PATH=/home/misys/forza_ws/race_stack/install/stack_master:/home/misys/forza_ws/race_stack/install/global_planner:/home/misys/forza_ws/race_stack/install/f110_msgs:${AMENT_PREFIX_PATH} CMAKE_PREFIX_PATH=/home/misys/forza_ws/race_stack/install/f110_msgs LD_LIBRARY_PATH=/home/misys/forza_ws/race_stack/install/f110_msgs/lib:/opt/ros/humble/opt/rviz_ogre_vendor/lib:/opt/ros/humble/lib/aarch64-linux-gnu:/opt/ros/humble/lib:/usr/local/cuda/lib64 PYTHONPATH=/home/misys/forza_ws/race_stack/build/map_editor/prefix_override:/usr/lib/python3/dist-packages/colcon_core/task/python/colcon_distutils_commands:/home/misys/forza_ws/race_stack/install/map_editor/lib/python3.10/site-packages:/home/misys/forza_ws/race_stack/install/stack_master/lib/python3.10/site-packages:/home/misys/forza_ws/race_stack/install/global_planner/lib/python3.10/site-packages:/home/misys/forza_ws/race_stack/install/f110_msgs/local/lib/python3.10/dist-packages:${PYTHONPATH} /usr/bin/python3 -W ignore:setup.py install is deprecated -W ignore:easy_install command is deprecated setup.py egg_info --egg-base ../../../build/map_editor build --build-base /home/misys/forza_ws/race_stack/build/map_editor/build install --record /home/misys/forza_ws/race_stack/build/map_editor/install.log --single-version-externally-managed install_data
[3.013s] running egg_info
[3.015s] writing ../../../build/map_editor/map_editor.egg-info/PKG-INFO
[3.016s] writing dependency_links to ../../../build/map_editor/map_editor.egg-info/dependency_links.txt
[3.016s] writing requirements to ../../../build/map_editor/map_editor.egg-info/requires.txt
[3.017s] writing top-level names to ../../../build/map_editor/map_editor.egg-info/top_level.txt
[3.022s] reading manifest file '../../../build/map_editor/map_editor.egg-info/SOURCES.txt'
[3.022s] adding license file 'LICENSE'
[3.023s] writing manifest file '../../../build/map_editor/map_editor.egg-info/SOURCES.txt'
[3.024s] running build
[3.024s] running build_py
[3.025s] running install
[3.025s] running install_lib
[3.029s] running install_data
[3.029s] running install_egg_info
[3.033s] removing '/home/misys/forza_ws/race_stack/install/map_editor/lib/python3.10/site-packages/map_editor-0.0.0-py3.10.egg-info' (and everything under it)
[3.034s] Copying ../../../build/map_editor/map_editor.egg-info to /home/misys/forza_ws/race_stack/install/map_editor/lib/python3.10/site-packages/map_editor-0.0.0-py3.10.egg-info
[3.037s] running install_scripts
[3.086s] writing list of installed files to '/home/misys/forza_ws/race_stack/build/map_editor/install.log'
[3.235s] Invoked command in '/home/misys/forza_ws/race_stack/utilities/nodes/map_editor' returned '0': AMENT_PREFIX_PATH=/home/misys/forza_ws/race_stack/install/stack_master:/home/misys/forza_ws/race_stack/install/global_planner:/home/misys/forza_ws/race_stack/install/f110_msgs:${AMENT_PREFIX_PATH} CMAKE_PREFIX_PATH=/home/misys/forza_ws/race_stack/install/f110_msgs LD_LIBRARY_PATH=/home/misys/forza_ws/race_stack/install/f110_msgs/lib:/opt/ros/humble/opt/rviz_ogre_vendor/lib:/opt/ros/humble/lib/aarch64-linux-gnu:/opt/ros/humble/lib:/usr/local/cuda/lib64 PYTHONPATH=/home/misys/forza_ws/race_stack/build/map_editor/prefix_override:/usr/lib/python3/dist-packages/colcon_core/task/python/colcon_distutils_commands:/home/misys/forza_ws/race_stack/install/map_editor/lib/python3.10/site-packages:/home/misys/forza_ws/race_stack/install/stack_master/lib/python3.10/site-packages:/home/misys/forza_ws/race_stack/install/global_planner/lib/python3.10/site-packages:/home/misys/forza_ws/race_stack/install/f110_msgs/local/lib/python3.10/dist-packages:${PYTHONPATH} /usr/bin/python3 -W ignore:setup.py install is deprecated -W ignore:easy_install command is deprecated setup.py egg_info --egg-base ../../../build/map_editor build --build-base /home/misys/forza_ws/race_stack/build/map_editor/build install --record /home/misys/forza_ws/race_stack/build/map_editor/install.log --single-version-externally-managed install_data
