[1.788s] Invoking command in '/home/misys/forza_ws/race_stack/build/slam_toolbox': CMAKE_PREFIX_PATH=${CMAKE_PREFIX_PATH}:/home/misys/forza_ws/race_stack/install/f1tenth_stack:/home/misys/forza_ws/race_stack/install/joy_teleop:/home/misys/forza_ws/race_stack/install/steering_lookup:/home/misys/forza_ws/race_stack/install/state_machine:/home/misys/forza_ws/race_stack/install/slam_tuner:/home/misys/forza_ws/race_stack/install/state_estimation:/home/misys/forza_ws/race_stack/install/map_editor:/home/misys/forza_ws/race_stack/install/stack_master:/home/misys/forza_ws/race_stack/install/spline_planner:/home/misys/forza_ws/race_stack/install/sector_tuner:/home/misys/forza_ws/race_stack/install/perception:/home/misys/forza_ws/race_stack/install/particle_filter:/home/misys/forza_ws/race_stack/install/opponent_publisher:/home/misys/forza_ws/race_stack/install/mouse_teleop:/home/misys/forza_ws/race_stack/install/lap_analyser:/home/misys/forza_ws/race_stack/install/key_teleop:/home/misys/forza_ws/race_stack/install/id_controller:/home/misys/forza_ws/race_stack/install/global_planner:/home/misys/forza_ws/race_stack/install/frenet_odom_republisher:/home/misys/forza_ws/race_stack/install/frenet_conversion:/home/misys/forza_ws/race_stack/install/f1tenth_gym_ros:/home/misys/forza_ws/race_stack/install/controller:/opt/ros/humble /usr/bin/cmake --build /home/misys/forza_ws/race_stack/build/slam_toolbox -- -j6 -l6
[2.011s] [  1%] Built target slam_toolbox__cpp
[2.134s] [  7%] Built target kartoSlamToolbox
[2.141s] [ 12%] Built target slam_toolbox__rosidl_generator_c
[2.189s] [ 12%] Built target ament_cmake_python_copy_slam_toolbox
[2.291s] [ 20%] Built target slam_toolbox__rosidl_typesupport_cpp
[2.301s] [ 29%] Built target slam_toolbox__rosidl_typesupport_fastrtps_cpp
[2.302s] [ 37%] Built target slam_toolbox__rosidl_typesupport_introspection_cpp
[2.413s] [ 46%] Built target slam_toolbox__rosidl_typesupport_fastrtps_c
[2.445s] [ 54%] Built target slam_toolbox__rosidl_typesupport_introspection_c
[2.500s] [ 62%] Built target slam_toolbox__rosidl_typesupport_c
[2.642s] [ 64%] Built target SlamToolboxPlugin
[2.661s] [ 66%] Built target ceres_solver_plugin
[2.749s] [ 66%] Built target slam_toolbox
[2.848s] [ 71%] Built target toolbox_common
[2.956s] [ 71%] Built target slam_toolbox__py
[3.153s] [ 73%] Built target async_slam_toolbox
[3.189s] [ 75%] Built target merge_maps_kinematic
[3.206s] [ 76%] Built target lifelong_slam_toolbox
[3.233s] [ 77%] Built target localization_slam_toolbox
[3.312s] [ 79%] Built target sync_slam_toolbox
[3.376s] [ 87%] Built target slam_toolbox__rosidl_generator_py
[3.513s] [ 88%] Built target async_slam_toolbox_node
[3.592s] [ 90%] Built target localization_slam_toolbox_node
[3.599s] [ 91%] Built target slam_toolbox__rosidl_typesupport_fastrtps_c__pyext
[3.622s] [ 93%] Built target lifelong_slam_toolbox_node
[3.645s] [ 94%] Built target map_and_localization_slam_toolbox
[3.814s] [ 96%] Built target slam_toolbox__rosidl_typesupport_c__pyext
[3.824s] [ 98%] Built target slam_toolbox__rosidl_typesupport_introspection_c__pyext
[3.847s] [ 99%] Built target map_and_localization_slam_toolbox_node
[3.885s] [100%] Built target sync_slam_toolbox_node
[4.290s] running egg_info
[4.294s] writing slam_toolbox.egg-info/PKG-INFO
[4.294s] writing dependency_links to slam_toolbox.egg-info/dependency_links.txt
[4.294s] writing top-level names to slam_toolbox.egg-info/top_level.txt
[4.304s] reading manifest file 'slam_toolbox.egg-info/SOURCES.txt'
[4.306s] writing manifest file 'slam_toolbox.egg-info/SOURCES.txt'
[4.453s] [100%] Built target ament_cmake_python_build_slam_toolbox_egg
[4.910s] Invoked command in '/home/misys/forza_ws/race_stack/build/slam_toolbox' returned '0': CMAKE_PREFIX_PATH=${CMAKE_PREFIX_PATH}:/home/misys/forza_ws/race_stack/install/f1tenth_stack:/home/misys/forza_ws/race_stack/install/joy_teleop:/home/misys/forza_ws/race_stack/install/steering_lookup:/home/misys/forza_ws/race_stack/install/state_machine:/home/misys/forza_ws/race_stack/install/slam_tuner:/home/misys/forza_ws/race_stack/install/state_estimation:/home/misys/forza_ws/race_stack/install/map_editor:/home/misys/forza_ws/race_stack/install/stack_master:/home/misys/forza_ws/race_stack/install/spline_planner:/home/misys/forza_ws/race_stack/install/sector_tuner:/home/misys/forza_ws/race_stack/install/perception:/home/misys/forza_ws/race_stack/install/particle_filter:/home/misys/forza_ws/race_stack/install/opponent_publisher:/home/misys/forza_ws/race_stack/install/mouse_teleop:/home/misys/forza_ws/race_stack/install/lap_analyser:/home/misys/forza_ws/race_stack/install/key_teleop:/home/misys/forza_ws/race_stack/install/id_controller:/home/misys/forza_ws/race_stack/install/global_planner:/home/misys/forza_ws/race_stack/install/frenet_odom_republisher:/home/misys/forza_ws/race_stack/install/frenet_conversion:/home/misys/forza_ws/race_stack/install/f1tenth_gym_ros:/home/misys/forza_ws/race_stack/install/controller:/opt/ros/humble /usr/bin/cmake --build /home/misys/forza_ws/race_stack/build/slam_toolbox -- -j6 -l6
[4.911s] Invoking command in '/home/misys/forza_ws/race_stack/build/slam_toolbox': CMAKE_PREFIX_PATH=${CMAKE_PREFIX_PATH}:/home/misys/forza_ws/race_stack/install/f1tenth_stack:/home/misys/forza_ws/race_stack/install/joy_teleop:/home/misys/forza_ws/race_stack/install/steering_lookup:/home/misys/forza_ws/race_stack/install/state_machine:/home/misys/forza_ws/race_stack/install/slam_tuner:/home/misys/forza_ws/race_stack/install/state_estimation:/home/misys/forza_ws/race_stack/install/map_editor:/home/misys/forza_ws/race_stack/install/stack_master:/home/misys/forza_ws/race_stack/install/spline_planner:/home/misys/forza_ws/race_stack/install/sector_tuner:/home/misys/forza_ws/race_stack/install/perception:/home/misys/forza_ws/race_stack/install/particle_filter:/home/misys/forza_ws/race_stack/install/opponent_publisher:/home/misys/forza_ws/race_stack/install/mouse_teleop:/home/misys/forza_ws/race_stack/install/lap_analyser:/home/misys/forza_ws/race_stack/install/key_teleop:/home/misys/forza_ws/race_stack/install/id_controller:/home/misys/forza_ws/race_stack/install/global_planner:/home/misys/forza_ws/race_stack/install/frenet_odom_republisher:/home/misys/forza_ws/race_stack/install/frenet_conversion:/home/misys/forza_ws/race_stack/install/f1tenth_gym_ros:/home/misys/forza_ws/race_stack/install/controller:/opt/ros/humble /usr/bin/cmake --install /home/misys/forza_ws/race_stack/build/slam_toolbox
[4.978s] -- Install configuration: "Release"
[4.983s] -- Up-to-date: /home/misys/forza_ws/race_stack/install/slam_toolbox/share/ament_index/resource_index/rosidl_interfaces/slam_toolbox
[4.984s] -- Up-to-date: /home/misys/forza_ws/race_stack/install/slam_toolbox/include/slam_toolbox/slam_toolbox
[4.985s] -- Up-to-date: /home/misys/forza_ws/race_stack/install/slam_toolbox/include/slam_toolbox/slam_toolbox/msg
[4.985s] -- Up-to-date: /home/misys/forza_ws/race_stack/install/slam_toolbox/include/slam_toolbox/slam_toolbox/msg/rosidl_generator_c__visibility_control.h
[4.986s] -- Up-to-date: /home/misys/forza_ws/race_stack/install/slam_toolbox/include/slam_toolbox/slam_toolbox/srv
[4.986s] -- Up-to-date: /home/misys/forza_ws/race_stack/install/slam_toolbox/include/slam_toolbox/slam_toolbox/srv/toggle_interactive.h
[4.989s] -- Up-to-date: /home/misys/forza_ws/race_stack/install/slam_toolbox/include/slam_toolbox/slam_toolbox/srv/loop_closure.h
[4.989s] -- Up-to-date: /home/misys/forza_ws/race_stack/install/slam_toolbox/include/slam_toolbox/slam_toolbox/srv/detail
[4.989s] -- Up-to-date: /home/misys/forza_ws/race_stack/install/slam_toolbox/include/slam_toolbox/slam_toolbox/srv/detail/add_submap__struct.h
[4.989s] -- Up-to-date: /home/misys/forza_ws/race_stack/install/slam_toolbox/include/slam_toolbox/slam_toolbox/srv/detail/toggle_interactive__functions.h
[4.989s] -- Up-to-date: /home/misys/forza_ws/race_stack/install/slam_toolbox/include/slam_toolbox/slam_toolbox/srv/detail/pause__functions.h
[4.990s] -- Up-to-date: /home/misys/forza_ws/race_stack/install/slam_toolbox/include/slam_toolbox/slam_toolbox/srv/detail/serialize_pose_graph__functions.h
[4.990s] -- Up-to-date: /home/misys/forza_ws/race_stack/install/slam_toolbox/include/slam_toolbox/slam_toolbox/srv/detail/add_submap__functions.c
[4.990s] -- Up-to-date: /home/misys/forza_ws/race_stack/install/slam_toolbox/include/slam_toolbox/slam_toolbox/srv/detail/serialize_pose_graph__functions.c
[4.990s] -- Up-to-date: /home/misys/forza_ws/race_stack/install/slam_toolbox/include/slam_toolbox/slam_toolbox/srv/detail/clear_queue__struct.h
[4.990s] -- Up-to-date: /home/misys/forza_ws/race_stack/install/slam_toolbox/include/slam_toolbox/slam_toolbox/srv/detail/deserialize_pose_graph__struct.h
[4.990s] -- Up-to-date: /home/misys/forza_ws/race_stack/install/slam_toolbox/include/slam_toolbox/slam_toolbox/srv/detail/pause__type_support.h
[4.990s] -- Up-to-date: /home/misys/forza_ws/race_stack/install/slam_toolbox/include/slam_toolbox/slam_toolbox/srv/detail/clear__type_support.h
[4.990s] -- Up-to-date: /home/misys/forza_ws/race_stack/install/slam_toolbox/include/slam_toolbox/slam_toolbox/srv/detail/toggle_interactive__functions.c
[4.998s] -- Up-to-date: /home/misys/forza_ws/race_stack/install/slam_toolbox/include/slam_toolbox/slam_toolbox/srv/detail/merge_maps__struct.h
[4.998s] -- Up-to-date: /home/misys/forza_ws/race_stack/install/slam_toolbox/include/slam_toolbox/slam_toolbox/srv/detail/add_submap__type_support.h
[4.998s] -- Up-to-date: /home/misys/forza_ws/race_stack/install/slam_toolbox/include/slam_toolbox/slam_toolbox/srv/detail/add_submap__functions.h
[4.998s] -- Up-to-date: /home/misys/forza_ws/race_stack/install/slam_toolbox/include/slam_toolbox/slam_toolbox/srv/detail/save_map__type_support.h
[4.998s] -- Up-to-date: /home/misys/forza_ws/race_stack/install/slam_toolbox/include/slam_toolbox/slam_toolbox/srv/detail/clear_queue__functions.h
[4.998s] -- Up-to-date: /home/misys/forza_ws/race_stack/install/slam_toolbox/include/slam_toolbox/slam_toolbox/srv/detail/save_map__functions.c
[4.999s] -- Up-to-date: /home/misys/forza_ws/race_stack/install/slam_toolbox/include/slam_toolbox/slam_toolbox/srv/detail/serialize_pose_graph__type_support.h
[4.999s] -- Up-to-date: /home/misys/forza_ws/race_stack/install/slam_toolbox/include/slam_toolbox/slam_toolbox/srv/detail/deserialize_pose_graph__functions.h
[4.999s] -- Up-to-date: /home/misys/forza_ws/race_stack/install/slam_toolbox/include/slam_toolbox/slam_toolbox/srv/detail/clear_queue__functions.c
[4.999s] -- Up-to-date: /home/misys/forza_ws/race_stack/install/slam_toolbox/include/slam_toolbox/slam_toolbox/srv/detail/serialize_pose_graph__struct.h
[4.999s] -- Up-to-date: /home/misys/forza_ws/race_stack/install/slam_toolbox/include/slam_toolbox/slam_toolbox/srv/detail/toggle_interactive__struct.h
[4.999s] -- Up-to-date: /home/misys/forza_ws/race_stack/install/slam_toolbox/include/slam_toolbox/slam_toolbox/srv/detail/loop_closure__struct.h
[4.999s] -- Up-to-date: /home/misys/forza_ws/race_stack/install/slam_toolbox/include/slam_toolbox/slam_toolbox/srv/detail/merge_maps__functions.c
[4.999s] -- Up-to-date: /home/misys/forza_ws/race_stack/install/slam_toolbox/include/slam_toolbox/slam_toolbox/srv/detail/toggle_interactive__type_support.h
[4.999s] -- Up-to-date: /home/misys/forza_ws/race_stack/install/slam_toolbox/include/slam_toolbox/slam_toolbox/srv/detail/loop_closure__functions.c
[5.000s] -- Up-to-date: /home/misys/forza_ws/race_stack/install/slam_toolbox/include/slam_toolbox/slam_toolbox/srv/detail/deserialize_pose_graph__type_support.h
[5.000s] -- Up-to-date: /home/misys/forza_ws/race_stack/install/slam_toolbox/include/slam_toolbox/slam_toolbox/srv/detail/loop_closure__type_support.h
[5.000s] -- Up-to-date: /home/misys/forza_ws/race_stack/install/slam_toolbox/include/slam_toolbox/slam_toolbox/srv/detail/merge_maps__functions.h
[5.000s] -- Up-to-date: /home/misys/forza_ws/race_stack/install/slam_toolbox/include/slam_toolbox/slam_toolbox/srv/detail/loop_closure__functions.h
[5.000s] -- Up-to-date: /home/misys/forza_ws/race_stack/install/slam_toolbox/include/slam_toolbox/slam_toolbox/srv/detail/clear__struct.h
[5.000s] -- Up-to-date: /home/misys/forza_ws/race_stack/install/slam_toolbox/include/slam_toolbox/slam_toolbox/srv/detail/clear__functions.c
[5.000s] -- Up-to-date: /home/misys/forza_ws/race_stack/install/slam_toolbox/include/slam_toolbox/slam_toolbox/srv/detail/save_map__functions.h
[5.000s] -- Up-to-date: /home/misys/forza_ws/race_stack/install/slam_toolbox/include/slam_toolbox/slam_toolbox/srv/detail/save_map__struct.h
[5.000s] -- Up-to-date: /home/misys/forza_ws/race_stack/install/slam_toolbox/include/slam_toolbox/slam_toolbox/srv/detail/deserialize_pose_graph__functions.c
[5.001s] -- Up-to-date: /home/misys/forza_ws/race_stack/install/slam_toolbox/include/slam_toolbox/slam_toolbox/srv/detail/clear_queue__type_support.h
[5.001s] -- Up-to-date: /home/misys/forza_ws/race_stack/install/slam_toolbox/include/slam_toolbox/slam_toolbox/srv/detail/clear__functions.h
[5.001s] -- Up-to-date: /home/misys/forza_ws/race_stack/install/slam_toolbox/include/slam_toolbox/slam_toolbox/srv/detail/merge_maps__type_support.h
[5.001s] -- Up-to-date: /home/misys/forza_ws/race_stack/install/slam_toolbox/include/slam_toolbox/slam_toolbox/srv/detail/pause__functions.c
[5.001s] -- Up-to-date: /home/misys/forza_ws/race_stack/install/slam_toolbox/include/slam_toolbox/slam_toolbox/srv/detail/pause__struct.h
[5.001s] -- Up-to-date: /home/misys/forza_ws/race_stack/install/slam_toolbox/include/slam_toolbox/slam_toolbox/srv/clear.h
[5.001s] -- Up-to-date: /home/misys/forza_ws/race_stack/install/slam_toolbox/include/slam_toolbox/slam_toolbox/srv/deserialize_pose_graph.h
[5.001s] -- Up-to-date: /home/misys/forza_ws/race_stack/install/slam_toolbox/include/slam_toolbox/slam_toolbox/srv/clear_queue.h
[5.002s] -- Up-to-date: /home/misys/forza_ws/race_stack/install/slam_toolbox/include/slam_toolbox/slam_toolbox/srv/pause.h
[5.002s] -- Up-to-date: /home/misys/forza_ws/race_stack/install/slam_toolbox/include/slam_toolbox/slam_toolbox/srv/merge_maps.h
[5.002s] -- Up-to-date: /home/misys/forza_ws/race_stack/install/slam_toolbox/include/slam_toolbox/slam_toolbox/srv/add_submap.h
[5.002s] -- Up-to-date: /home/misys/forza_ws/race_stack/install/slam_toolbox/include/slam_toolbox/slam_toolbox/srv/serialize_pose_graph.h
[5.002s] -- Up-to-date: /home/misys/forza_ws/race_stack/install/slam_toolbox/include/slam_toolbox/slam_toolbox/srv/save_map.h
[5.002s] -- Up-to-date: /home/misys/forza_ws/race_stack/install/slam_toolbox/share/slam_toolbox/environment/library_path.sh
[5.002s] -- Up-to-date: /home/misys/forza_ws/race_stack/install/slam_toolbox/share/slam_toolbox/environment/library_path.dsv
[5.002s] -- Up-to-date: /home/misys/forza_ws/race_stack/install/slam_toolbox/lib/libslam_toolbox__rosidl_generator_c.so
[5.002s] -- Up-to-date: /home/misys/forza_ws/race_stack/install/slam_toolbox/include/slam_toolbox/slam_toolbox
[5.003s] -- Up-to-date: /home/misys/forza_ws/race_stack/install/slam_toolbox/include/slam_toolbox/slam_toolbox/msg
[5.003s] -- Up-to-date: /home/misys/forza_ws/race_stack/install/slam_toolbox/include/slam_toolbox/slam_toolbox/msg/rosidl_typesupport_fastrtps_c__visibility_control.h
[5.003s] -- Up-to-date: /home/misys/forza_ws/race_stack/install/slam_toolbox/include/slam_toolbox/slam_toolbox/srv
[5.003s] -- Up-to-date: /home/misys/forza_ws/race_stack/install/slam_toolbox/include/slam_toolbox/slam_toolbox/srv/detail
[5.003s] -- Up-to-date: /home/misys/forza_ws/race_stack/install/slam_toolbox/include/slam_toolbox/slam_toolbox/srv/detail/deserialize_pose_graph__rosidl_typesupport_fastrtps_c.h
[5.003s] -- Up-to-date: /home/misys/forza_ws/race_stack/install/slam_toolbox/include/slam_toolbox/slam_toolbox/srv/detail/serialize_pose_graph__rosidl_typesupport_fastrtps_c.h
[5.003s] -- Up-to-date: /home/misys/forza_ws/race_stack/install/slam_toolbox/include/slam_toolbox/slam_toolbox/srv/detail/clear__rosidl_typesupport_fastrtps_c.h
[5.003s] -- Up-to-date: /home/misys/forza_ws/race_stack/install/slam_toolbox/include/slam_toolbox/slam_toolbox/srv/detail/merge_maps__rosidl_typesupport_fastrtps_c.h
[5.003s] -- Up-to-date: /home/misys/forza_ws/race_stack/install/slam_toolbox/include/slam_toolbox/slam_toolbox/srv/detail/loop_closure__rosidl_typesupport_fastrtps_c.h
[5.004s] -- Up-to-date: /home/misys/forza_ws/race_stack/install/slam_toolbox/include/slam_toolbox/slam_toolbox/srv/detail/clear_queue__rosidl_typesupport_fastrtps_c.h
[5.004s] -- Up-to-date: /home/misys/forza_ws/race_stack/install/slam_toolbox/include/slam_toolbox/slam_toolbox/srv/detail/add_submap__rosidl_typesupport_fastrtps_c.h
[5.004s] -- Up-to-date: /home/misys/forza_ws/race_stack/install/slam_toolbox/include/slam_toolbox/slam_toolbox/srv/detail/pause__rosidl_typesupport_fastrtps_c.h
[5.004s] -- Up-to-date: /home/misys/forza_ws/race_stack/install/slam_toolbox/include/slam_toolbox/slam_toolbox/srv/detail/toggle_interactive__rosidl_typesupport_fastrtps_c.h
[5.004s] -- Up-to-date: /home/misys/forza_ws/race_stack/install/slam_toolbox/include/slam_toolbox/slam_toolbox/srv/detail/save_map__rosidl_typesupport_fastrtps_c.h
[5.004s] -- Up-to-date: /home/misys/forza_ws/race_stack/install/slam_toolbox/lib/libslam_toolbox__rosidl_typesupport_fastrtps_c.so
[5.004s] -- Up-to-date: /home/misys/forza_ws/race_stack/install/slam_toolbox/include/slam_toolbox/slam_toolbox
[5.004s] -- Up-to-date: /home/misys/forza_ws/race_stack/install/slam_toolbox/include/slam_toolbox/slam_toolbox/msg
[5.005s] -- Up-to-date: /home/misys/forza_ws/race_stack/install/slam_toolbox/include/slam_toolbox/slam_toolbox/msg/rosidl_generator_cpp__visibility_control.hpp
[5.005s] -- Up-to-date: /home/misys/forza_ws/race_stack/install/slam_toolbox/include/slam_toolbox/slam_toolbox/srv
[5.005s] -- Up-to-date: /home/misys/forza_ws/race_stack/install/slam_toolbox/include/slam_toolbox/slam_toolbox/srv/loop_closure.hpp
[5.006s] -- Up-to-date: /home/misys/forza_ws/race_stack/install/slam_toolbox/include/slam_toolbox/slam_toolbox/srv/clear_queue.hpp
[5.006s] -- Up-to-date: /home/misys/forza_ws/race_stack/install/slam_toolbox/include/slam_toolbox/slam_toolbox/srv/detail
[5.006s] -- Up-to-date: /home/misys/forza_ws/race_stack/install/slam_toolbox/include/slam_toolbox/slam_toolbox/srv/detail/add_submap__struct.hpp
[5.006s] -- Up-to-date: /home/misys/forza_ws/race_stack/install/slam_toolbox/include/slam_toolbox/slam_toolbox/srv/detail/clear_queue__traits.hpp
[5.006s] -- Up-to-date: /home/misys/forza_ws/race_stack/install/slam_toolbox/include/slam_toolbox/slam_toolbox/srv/detail/loop_closure__traits.hpp
[5.006s] -- Up-to-date: /home/misys/forza_ws/race_stack/install/slam_toolbox/include/slam_toolbox/slam_toolbox/srv/detail/pause__type_support.hpp
[5.006s] -- Up-to-date: /home/misys/forza_ws/race_stack/install/slam_toolbox/include/slam_toolbox/slam_toolbox/srv/detail/save_map__traits.hpp
[5.006s] -- Up-to-date: /home/misys/forza_ws/race_stack/install/slam_toolbox/include/slam_toolbox/slam_toolbox/srv/detail/add_submap__builder.hpp
[5.007s] -- Up-to-date: /home/misys/forza_ws/race_stack/install/slam_toolbox/include/slam_toolbox/slam_toolbox/srv/detail/clear_queue__struct.hpp
[5.007s] -- Up-to-date: /home/misys/forza_ws/race_stack/install/slam_toolbox/include/slam_toolbox/slam_toolbox/srv/detail/toggle_interactive__type_support.hpp
[5.007s] -- Up-to-date: /home/misys/forza_ws/race_stack/install/slam_toolbox/include/slam_toolbox/slam_toolbox/srv/detail/serialize_pose_graph__type_support.hpp
[5.007s] -- Up-to-date: /home/misys/forza_ws/race_stack/install/slam_toolbox/include/slam_toolbox/slam_toolbox/srv/detail/save_map__type_support.hpp
[5.007s] -- Up-to-date: /home/misys/forza_ws/race_stack/install/slam_toolbox/include/slam_toolbox/slam_toolbox/srv/detail/add_submap__traits.hpp
[5.008s] -- Up-to-date: /home/misys/forza_ws/race_stack/install/slam_toolbox/include/slam_toolbox/slam_toolbox/srv/detail/deserialize_pose_graph__traits.hpp
[5.008s] -- Up-to-date: /home/misys/forza_ws/race_stack/install/slam_toolbox/include/slam_toolbox/slam_toolbox/srv/detail/toggle_interactive__builder.hpp
[5.008s] -- Up-to-date: /home/misys/forza_ws/race_stack/install/slam_toolbox/include/slam_toolbox/slam_toolbox/srv/detail/merge_maps__builder.hpp
[5.008s] -- Up-to-date: /home/misys/forza_ws/race_stack/install/slam_toolbox/include/slam_toolbox/slam_toolbox/srv/detail/clear__type_support.hpp
[5.008s] -- Up-to-date: /home/misys/forza_ws/race_stack/install/slam_toolbox/include/slam_toolbox/slam_toolbox/srv/detail/clear__struct.hpp
[5.008s] -- Up-to-date: /home/misys/forza_ws/race_stack/install/slam_toolbox/include/slam_toolbox/slam_toolbox/srv/detail/clear_queue__builder.hpp
[5.008s] -- Up-to-date: /home/misys/forza_ws/race_stack/install/slam_toolbox/include/slam_toolbox/slam_toolbox/srv/detail/save_map__struct.hpp
[5.008s] -- Up-to-date: /home/misys/forza_ws/race_stack/install/slam_toolbox/include/slam_toolbox/slam_toolbox/srv/detail/serialize_pose_graph__builder.hpp
[5.008s] -- Up-to-date: /home/misys/forza_ws/race_stack/install/slam_toolbox/include/slam_toolbox/slam_toolbox/srv/detail/toggle_interactive__struct.hpp
[5.009s] -- Up-to-date: /home/misys/forza_ws/race_stack/install/slam_toolbox/include/slam_toolbox/slam_toolbox/srv/detail/pause__builder.hpp
[5.009s] -- Up-to-date: /home/misys/forza_ws/race_stack/install/slam_toolbox/include/slam_toolbox/slam_toolbox/srv/detail/clear__traits.hpp
[5.009s] -- Up-to-date: /home/misys/forza_ws/race_stack/install/slam_toolbox/include/slam_toolbox/slam_toolbox/srv/detail/clear__builder.hpp
[5.009s] -- Up-to-date: /home/misys/forza_ws/race_stack/install/slam_toolbox/include/slam_toolbox/slam_toolbox/srv/detail/pause__struct.hpp
[5.009s] -- Up-to-date: /home/misys/forza_ws/race_stack/install/slam_toolbox/include/slam_toolbox/slam_toolbox/srv/detail/merge_maps__traits.hpp
[5.009s] -- Up-to-date: /home/misys/forza_ws/race_stack/install/slam_toolbox/include/slam_toolbox/slam_toolbox/srv/detail/deserialize_pose_graph__struct.hpp
[5.009s] -- Up-to-date: /home/misys/forza_ws/race_stack/install/slam_toolbox/include/slam_toolbox/slam_toolbox/srv/detail/serialize_pose_graph__traits.hpp
[5.009s] -- Up-to-date: /home/misys/forza_ws/race_stack/install/slam_toolbox/include/slam_toolbox/slam_toolbox/srv/detail/deserialize_pose_graph__type_support.hpp
[5.010s] -- Up-to-date: /home/misys/forza_ws/race_stack/install/slam_toolbox/include/slam_toolbox/slam_toolbox/srv/detail/merge_maps__struct.hpp
[5.010s] -- Up-to-date: /home/misys/forza_ws/race_stack/install/slam_toolbox/include/slam_toolbox/slam_toolbox/srv/detail/serialize_pose_graph__struct.hpp
[5.010s] -- Up-to-date: /home/misys/forza_ws/race_stack/install/slam_toolbox/include/slam_toolbox/slam_toolbox/srv/detail/clear_queue__type_support.hpp
[5.010s] -- Up-to-date: /home/misys/forza_ws/race_stack/install/slam_toolbox/include/slam_toolbox/slam_toolbox/srv/detail/loop_closure__struct.hpp
[5.010s] -- Up-to-date: /home/misys/forza_ws/race_stack/install/slam_toolbox/include/slam_toolbox/slam_toolbox/srv/detail/toggle_interactive__traits.hpp
[5.010s] -- Up-to-date: /home/misys/forza_ws/race_stack/install/slam_toolbox/include/slam_toolbox/slam_toolbox/srv/detail/deserialize_pose_graph__builder.hpp
[5.010s] -- Up-to-date: /home/misys/forza_ws/race_stack/install/slam_toolbox/include/slam_toolbox/slam_toolbox/srv/detail/add_submap__type_support.hpp
[5.010s] -- Up-to-date: /home/misys/forza_ws/race_stack/install/slam_toolbox/include/slam_toolbox/slam_toolbox/srv/detail/pause__traits.hpp
[5.010s] -- Up-to-date: /home/misys/forza_ws/race_stack/install/slam_toolbox/include/slam_toolbox/slam_toolbox/srv/detail/merge_maps__type_support.hpp
[5.027s] -- Up-to-date: /home/misys/forza_ws/race_stack/install/slam_toolbox/include/slam_toolbox/slam_toolbox/srv/detail/loop_closure__builder.hpp
[5.027s] -- Up-to-date: /home/misys/forza_ws/race_stack/install/slam_toolbox/include/slam_toolbox/slam_toolbox/srv/detail/save_map__builder.hpp
[5.027s] -- Up-to-date: /home/misys/forza_ws/race_stack/install/slam_toolbox/include/slam_toolbox/slam_toolbox/srv/detail/loop_closure__type_support.hpp
[5.027s] -- Up-to-date: /home/misys/forza_ws/race_stack/install/slam_toolbox/include/slam_toolbox/slam_toolbox/srv/serialize_pose_graph.hpp
[5.027s] -- Up-to-date: /home/misys/forza_ws/race_stack/install/slam_toolbox/include/slam_toolbox/slam_toolbox/srv/deserialize_pose_graph.hpp
[5.027s] -- Up-to-date: /home/misys/forza_ws/race_stack/install/slam_toolbox/include/slam_toolbox/slam_toolbox/srv/clear.hpp
[5.028s] -- Up-to-date: /home/misys/forza_ws/race_stack/install/slam_toolbox/include/slam_toolbox/slam_toolbox/srv/toggle_interactive.hpp
[5.028s] -- Up-to-date: /home/misys/forza_ws/race_stack/install/slam_toolbox/include/slam_toolbox/slam_toolbox/srv/merge_maps.hpp
[5.028s] -- Up-to-date: /home/misys/forza_ws/race_stack/install/slam_toolbox/include/slam_toolbox/slam_toolbox/srv/pause.hpp
[5.028s] -- Up-to-date: /home/misys/forza_ws/race_stack/install/slam_toolbox/include/slam_toolbox/slam_toolbox/srv/save_map.hpp
[5.028s] -- Up-to-date: /home/misys/forza_ws/race_stack/install/slam_toolbox/include/slam_toolbox/slam_toolbox/srv/add_submap.hpp
[5.029s] -- Up-to-date: /home/misys/forza_ws/race_stack/install/slam_toolbox/include/slam_toolbox/slam_toolbox
[5.029s] -- Up-to-date: /home/misys/forza_ws/race_stack/install/slam_toolbox/include/slam_toolbox/slam_toolbox/msg
[5.029s] -- Up-to-date: /home/misys/forza_ws/race_stack/install/slam_toolbox/include/slam_toolbox/slam_toolbox/msg/rosidl_typesupport_fastrtps_cpp__visibility_control.h
[5.029s] -- Up-to-date: /home/misys/forza_ws/race_stack/install/slam_toolbox/include/slam_toolbox/slam_toolbox/srv
[5.029s] -- Up-to-date: /home/misys/forza_ws/race_stack/install/slam_toolbox/include/slam_toolbox/slam_toolbox/srv/detail
[5.029s] -- Up-to-date: /home/misys/forza_ws/race_stack/install/slam_toolbox/include/slam_toolbox/slam_toolbox/srv/detail/deserialize_pose_graph__rosidl_typesupport_fastrtps_cpp.hpp
[5.029s] -- Up-to-date: /home/misys/forza_ws/race_stack/install/slam_toolbox/include/slam_toolbox/slam_toolbox/srv/detail/toggle_interactive__rosidl_typesupport_fastrtps_cpp.hpp
[5.029s] -- Up-to-date: /home/misys/forza_ws/race_stack/install/slam_toolbox/include/slam_toolbox/slam_toolbox/srv/detail/add_submap__rosidl_typesupport_fastrtps_cpp.hpp
[5.030s] -- Up-to-date: /home/misys/forza_ws/race_stack/install/slam_toolbox/include/slam_toolbox/slam_toolbox/srv/detail/pause__rosidl_typesupport_fastrtps_cpp.hpp
[5.030s] -- Up-to-date: /home/misys/forza_ws/race_stack/install/slam_toolbox/include/slam_toolbox/slam_toolbox/srv/detail/merge_maps__rosidl_typesupport_fastrtps_cpp.hpp
[5.030s] -- Up-to-date: /home/misys/forza_ws/race_stack/install/slam_toolbox/include/slam_toolbox/slam_toolbox/srv/detail/serialize_pose_graph__rosidl_typesupport_fastrtps_cpp.hpp
[5.030s] -- Up-to-date: /home/misys/forza_ws/race_stack/install/slam_toolbox/include/slam_toolbox/slam_toolbox/srv/detail/dds_fastrtps
[5.030s] -- Up-to-date: /home/misys/forza_ws/race_stack/install/slam_toolbox/include/slam_toolbox/slam_toolbox/srv/detail/clear__rosidl_typesupport_fastrtps_cpp.hpp
[5.030s] -- Up-to-date: /home/misys/forza_ws/race_stack/install/slam_toolbox/include/slam_toolbox/slam_toolbox/srv/detail/save_map__rosidl_typesupport_fastrtps_cpp.hpp
[5.031s] -- Up-to-date: /home/misys/forza_ws/race_stack/install/slam_toolbox/include/slam_toolbox/slam_toolbox/srv/detail/clear_queue__rosidl_typesupport_fastrtps_cpp.hpp
[5.031s] -- Up-to-date: /home/misys/forza_ws/race_stack/install/slam_toolbox/include/slam_toolbox/slam_toolbox/srv/detail/loop_closure__rosidl_typesupport_fastrtps_cpp.hpp
[5.031s] -- Up-to-date: /home/misys/forza_ws/race_stack/install/slam_toolbox/lib/libslam_toolbox__rosidl_typesupport_fastrtps_cpp.so
[5.031s] -- Up-to-date: /home/misys/forza_ws/race_stack/install/slam_toolbox/include/slam_toolbox/slam_toolbox
[5.031s] -- Up-to-date: /home/misys/forza_ws/race_stack/install/slam_toolbox/include/slam_toolbox/slam_toolbox/msg
[5.031s] -- Up-to-date: /home/misys/forza_ws/race_stack/install/slam_toolbox/include/slam_toolbox/slam_toolbox/msg/rosidl_typesupport_introspection_c__visibility_control.h
[5.031s] -- Up-to-date: /home/misys/forza_ws/race_stack/install/slam_toolbox/include/slam_toolbox/slam_toolbox/srv
[5.031s] -- Up-to-date: /home/misys/forza_ws/race_stack/install/slam_toolbox/include/slam_toolbox/slam_toolbox/srv/detail
[5.031s] -- Up-to-date: /home/misys/forza_ws/race_stack/install/slam_toolbox/include/slam_toolbox/slam_toolbox/srv/detail/clear_queue__type_support.c
[5.032s] -- Up-to-date: /home/misys/forza_ws/race_stack/install/slam_toolbox/include/slam_toolbox/slam_toolbox/srv/detail/save_map__type_support.c
[5.032s] -- Up-to-date: /home/misys/forza_ws/race_stack/install/slam_toolbox/include/slam_toolbox/slam_toolbox/srv/detail/loop_closure__rosidl_typesupport_introspection_c.h
[5.032s] -- Up-to-date: /home/misys/forza_ws/race_stack/install/slam_toolbox/include/slam_toolbox/slam_toolbox/srv/detail/toggle_interactive__rosidl_typesupport_introspection_c.h
[5.032s] -- Up-to-date: /home/misys/forza_ws/race_stack/install/slam_toolbox/include/slam_toolbox/slam_toolbox/srv/detail/merge_maps__type_support.c
[5.032s] -- Up-to-date: /home/misys/forza_ws/race_stack/install/slam_toolbox/include/slam_toolbox/slam_toolbox/srv/detail/add_submap__type_support.c
[5.032s] -- Up-to-date: /home/misys/forza_ws/race_stack/install/slam_toolbox/include/slam_toolbox/slam_toolbox/srv/detail/merge_maps__rosidl_typesupport_introspection_c.h
[5.032s] -- Up-to-date: /home/misys/forza_ws/race_stack/install/slam_toolbox/include/slam_toolbox/slam_toolbox/srv/detail/clear_queue__rosidl_typesupport_introspection_c.h
[5.032s] -- Up-to-date: /home/misys/forza_ws/race_stack/install/slam_toolbox/include/slam_toolbox/slam_toolbox/srv/detail/clear__type_support.c
[5.032s] -- Up-to-date: /home/misys/forza_ws/race_stack/install/slam_toolbox/include/slam_toolbox/slam_toolbox/srv/detail/pause__rosidl_typesupport_introspection_c.h
[5.033s] -- Up-to-date: /home/misys/forza_ws/race_stack/install/slam_toolbox/include/slam_toolbox/slam_toolbox/srv/detail/clear__rosidl_typesupport_introspection_c.h
[5.033s] -- Up-to-date: /home/misys/forza_ws/race_stack/install/slam_toolbox/include/slam_toolbox/slam_toolbox/srv/detail/deserialize_pose_graph__type_support.c
[5.033s] -- Up-to-date: /home/misys/forza_ws/race_stack/install/slam_toolbox/include/slam_toolbox/slam_toolbox/srv/detail/add_submap__rosidl_typesupport_introspection_c.h
[5.033s] -- Up-to-date: /home/misys/forza_ws/race_stack/install/slam_toolbox/include/slam_toolbox/slam_toolbox/srv/detail/toggle_interactive__type_support.c
[5.033s] -- Up-to-date: /home/misys/forza_ws/race_stack/install/slam_toolbox/include/slam_toolbox/slam_toolbox/srv/detail/serialize_pose_graph__rosidl_typesupport_introspection_c.h
[5.033s] -- Up-to-date: /home/misys/forza_ws/race_stack/install/slam_toolbox/include/slam_toolbox/slam_toolbox/srv/detail/loop_closure__type_support.c
[5.033s] -- Up-to-date: /home/misys/forza_ws/race_stack/install/slam_toolbox/include/slam_toolbox/slam_toolbox/srv/detail/pause__type_support.c
[5.033s] -- Up-to-date: /home/misys/forza_ws/race_stack/install/slam_toolbox/include/slam_toolbox/slam_toolbox/srv/detail/deserialize_pose_graph__rosidl_typesupport_introspection_c.h
[5.034s] -- Up-to-date: /home/misys/forza_ws/race_stack/install/slam_toolbox/include/slam_toolbox/slam_toolbox/srv/detail/serialize_pose_graph__type_support.c
[5.034s] -- Up-to-date: /home/misys/forza_ws/race_stack/install/slam_toolbox/include/slam_toolbox/slam_toolbox/srv/detail/save_map__rosidl_typesupport_introspection_c.h
[5.034s] -- Up-to-date: /home/misys/forza_ws/race_stack/install/slam_toolbox/lib/libslam_toolbox__rosidl_typesupport_introspection_c.so
[5.034s] -- Up-to-date: /home/misys/forza_ws/race_stack/install/slam_toolbox/lib/libslam_toolbox__rosidl_typesupport_c.so
[5.034s] -- Up-to-date: /home/misys/forza_ws/race_stack/install/slam_toolbox/include/slam_toolbox/slam_toolbox
[5.034s] -- Up-to-date: /home/misys/forza_ws/race_stack/install/slam_toolbox/include/slam_toolbox/slam_toolbox/srv
[5.034s] -- Up-to-date: /home/misys/forza_ws/race_stack/install/slam_toolbox/include/slam_toolbox/slam_toolbox/srv/detail
[5.034s] -- Up-to-date: /home/misys/forza_ws/race_stack/install/slam_toolbox/include/slam_toolbox/slam_toolbox/srv/detail/pause__type_support.cpp
[5.034s] -- Up-to-date: /home/misys/forza_ws/race_stack/install/slam_toolbox/include/slam_toolbox/slam_toolbox/srv/detail/loop_closure__type_support.cpp
[5.035s] -- Up-to-date: /home/misys/forza_ws/race_stack/install/slam_toolbox/include/slam_toolbox/slam_toolbox/srv/detail/add_submap__type_support.cpp
[5.035s] -- Up-to-date: /home/misys/forza_ws/race_stack/install/slam_toolbox/include/slam_toolbox/slam_toolbox/srv/detail/save_map__rosidl_typesupport_introspection_cpp.hpp
[5.035s] -- Up-to-date: /home/misys/forza_ws/race_stack/install/slam_toolbox/include/slam_toolbox/slam_toolbox/srv/detail/loop_closure__rosidl_typesupport_introspection_cpp.hpp
[5.035s] -- Up-to-date: /home/misys/forza_ws/race_stack/install/slam_toolbox/include/slam_toolbox/slam_toolbox/srv/detail/merge_maps__rosidl_typesupport_introspection_cpp.hpp
[5.035s] -- Up-to-date: /home/misys/forza_ws/race_stack/install/slam_toolbox/include/slam_toolbox/slam_toolbox/srv/detail/clear__rosidl_typesupport_introspection_cpp.hpp
[5.035s] -- Up-to-date: /home/misys/forza_ws/race_stack/install/slam_toolbox/include/slam_toolbox/slam_toolbox/srv/detail/merge_maps__type_support.cpp
[5.035s] -- Up-to-date: /home/misys/forza_ws/race_stack/install/slam_toolbox/include/slam_toolbox/slam_toolbox/srv/detail/add_submap__rosidl_typesupport_introspection_cpp.hpp
[5.035s] -- Up-to-date: /home/misys/forza_ws/race_stack/install/slam_toolbox/include/slam_toolbox/slam_toolbox/srv/detail/clear_queue__type_support.cpp
[5.036s] -- Up-to-date: /home/misys/forza_ws/race_stack/install/slam_toolbox/include/slam_toolbox/slam_toolbox/srv/detail/pause__rosidl_typesupport_introspection_cpp.hpp
[5.036s] -- Up-to-date: /home/misys/forza_ws/race_stack/install/slam_toolbox/include/slam_toolbox/slam_toolbox/srv/detail/serialize_pose_graph__type_support.cpp
[5.036s] -- Up-to-date: /home/misys/forza_ws/race_stack/install/slam_toolbox/include/slam_toolbox/slam_toolbox/srv/detail/save_map__type_support.cpp
[5.036s] -- Up-to-date: /home/misys/forza_ws/race_stack/install/slam_toolbox/include/slam_toolbox/slam_toolbox/srv/detail/clear__type_support.cpp
[5.036s] -- Up-to-date: /home/misys/forza_ws/race_stack/install/slam_toolbox/include/slam_toolbox/slam_toolbox/srv/detail/clear_queue__rosidl_typesupport_introspection_cpp.hpp
[5.036s] -- Up-to-date: /home/misys/forza_ws/race_stack/install/slam_toolbox/include/slam_toolbox/slam_toolbox/srv/detail/deserialize_pose_graph__type_support.cpp
[5.036s] -- Up-to-date: /home/misys/forza_ws/race_stack/install/slam_toolbox/include/slam_toolbox/slam_toolbox/srv/detail/serialize_pose_graph__rosidl_typesupport_introspection_cpp.hpp
[5.036s] -- Up-to-date: /home/misys/forza_ws/race_stack/install/slam_toolbox/include/slam_toolbox/slam_toolbox/srv/detail/toggle_interactive__rosidl_typesupport_introspection_cpp.hpp
[5.036s] -- Up-to-date: /home/misys/forza_ws/race_stack/install/slam_toolbox/include/slam_toolbox/slam_toolbox/srv/detail/toggle_interactive__type_support.cpp
[5.037s] -- Up-to-date: /home/misys/forza_ws/race_stack/install/slam_toolbox/include/slam_toolbox/slam_toolbox/srv/detail/deserialize_pose_graph__rosidl_typesupport_introspection_cpp.hpp
[5.037s] -- Up-to-date: /home/misys/forza_ws/race_stack/install/slam_toolbox/lib/libslam_toolbox__rosidl_typesupport_introspection_cpp.so
[5.037s] -- Up-to-date: /home/misys/forza_ws/race_stack/install/slam_toolbox/lib/libslam_toolbox__rosidl_typesupport_cpp.so
[5.047s] -- Up-to-date: /home/misys/forza_ws/race_stack/install/slam_toolbox/share/slam_toolbox/environment/pythonpath.sh
[5.047s] -- Up-to-date: /home/misys/forza_ws/race_stack/install/slam_toolbox/share/slam_toolbox/environment/pythonpath.dsv
[5.047s] -- Up-to-date: /home/misys/forza_ws/race_stack/install/slam_toolbox/local/lib/python3.10/dist-packages/slam_toolbox-2.6.8-py3.10.egg-info
[5.047s] -- Installing: /home/misys/forza_ws/race_stack/install/slam_toolbox/local/lib/python3.10/dist-packages/slam_toolbox-2.6.8-py3.10.egg-info/dependency_links.txt
[5.047s] -- Installing: /home/misys/forza_ws/race_stack/install/slam_toolbox/local/lib/python3.10/dist-packages/slam_toolbox-2.6.8-py3.10.egg-info/PKG-INFO
[5.048s] -- Installing: /home/misys/forza_ws/race_stack/install/slam_toolbox/local/lib/python3.10/dist-packages/slam_toolbox-2.6.8-py3.10.egg-info/top_level.txt
[5.048s] -- Installing: /home/misys/forza_ws/race_stack/install/slam_toolbox/local/lib/python3.10/dist-packages/slam_toolbox-2.6.8-py3.10.egg-info/SOURCES.txt
[5.048s] -- Up-to-date: /home/misys/forza_ws/race_stack/install/slam_toolbox/local/lib/python3.10/dist-packages/slam_toolbox
[5.048s] -- Up-to-date: /home/misys/forza_ws/race_stack/install/slam_toolbox/local/lib/python3.10/dist-packages/slam_toolbox/_slam_toolbox_s.ep.rosidl_typesupport_fastrtps_c.c
[5.048s] -- Up-to-date: /home/misys/forza_ws/race_stack/install/slam_toolbox/local/lib/python3.10/dist-packages/slam_toolbox/slam_toolbox_s__rosidl_typesupport_c.cpython-310-aarch64-linux-gnu.so
[5.048s] -- Up-to-date: /home/misys/forza_ws/race_stack/install/slam_toolbox/local/lib/python3.10/dist-packages/slam_toolbox/slam_toolbox_s__rosidl_typesupport_fastrtps_c.cpython-310-aarch64-linux-gnu.so
[5.048s] -- Up-to-date: /home/misys/forza_ws/race_stack/install/slam_toolbox/local/lib/python3.10/dist-packages/slam_toolbox/slam_toolbox_s__rosidl_typesupport_introspection_c.cpython-310-aarch64-linux-gnu.so
[5.048s] -- Up-to-date: /home/misys/forza_ws/race_stack/install/slam_toolbox/local/lib/python3.10/dist-packages/slam_toolbox/_slam_toolbox_s.ep.rosidl_typesupport_introspection_c.c
[5.049s] -- Up-to-date: /home/misys/forza_ws/race_stack/install/slam_toolbox/local/lib/python3.10/dist-packages/slam_toolbox/libslam_toolbox__rosidl_generator_py.so
[5.049s] -- Up-to-date: /home/misys/forza_ws/race_stack/install/slam_toolbox/local/lib/python3.10/dist-packages/slam_toolbox/_slam_toolbox_s.ep.rosidl_typesupport_c.c
[5.049s] -- Up-to-date: /home/misys/forza_ws/race_stack/install/slam_toolbox/local/lib/python3.10/dist-packages/slam_toolbox/srv
[5.049s] -- Up-to-date: /home/misys/forza_ws/race_stack/install/slam_toolbox/local/lib/python3.10/dist-packages/slam_toolbox/srv/_clear_s.c
[5.049s] -- Up-to-date: /home/misys/forza_ws/race_stack/install/slam_toolbox/local/lib/python3.10/dist-packages/slam_toolbox/srv/_merge_maps_s.c
[5.049s] -- Up-to-date: /home/misys/forza_ws/race_stack/install/slam_toolbox/local/lib/python3.10/dist-packages/slam_toolbox/srv/_loop_closure.py
[5.049s] -- Up-to-date: /home/misys/forza_ws/race_stack/install/slam_toolbox/local/lib/python3.10/dist-packages/slam_toolbox/srv/_serialize_pose_graph.py
[5.049s] -- Up-to-date: /home/misys/forza_ws/race_stack/install/slam_toolbox/local/lib/python3.10/dist-packages/slam_toolbox/srv/_deserialize_pose_graph.py
[5.050s] -- Up-to-date: /home/misys/forza_ws/race_stack/install/slam_toolbox/local/lib/python3.10/dist-packages/slam_toolbox/srv/_clear.py
[5.050s] -- Up-to-date: /home/misys/forza_ws/race_stack/install/slam_toolbox/local/lib/python3.10/dist-packages/slam_toolbox/srv/_pause.py
[5.050s] -- Up-to-date: /home/misys/forza_ws/race_stack/install/slam_toolbox/local/lib/python3.10/dist-packages/slam_toolbox/srv/_deserialize_pose_graph_s.c
[5.050s] -- Up-to-date: /home/misys/forza_ws/race_stack/install/slam_toolbox/local/lib/python3.10/dist-packages/slam_toolbox/srv/_toggle_interactive_s.c
[5.050s] -- Up-to-date: /home/misys/forza_ws/race_stack/install/slam_toolbox/local/lib/python3.10/dist-packages/slam_toolbox/srv/_clear_queue.py
[5.050s] -- Up-to-date: /home/misys/forza_ws/race_stack/install/slam_toolbox/local/lib/python3.10/dist-packages/slam_toolbox/srv/_toggle_interactive.py
[5.050s] -- Up-to-date: /home/misys/forza_ws/race_stack/install/slam_toolbox/local/lib/python3.10/dist-packages/slam_toolbox/srv/_add_submap.py
[5.050s] -- Up-to-date: /home/misys/forza_ws/race_stack/install/slam_toolbox/local/lib/python3.10/dist-packages/slam_toolbox/srv/_save_map.py
[5.050s] -- Up-to-date: /home/misys/forza_ws/race_stack/install/slam_toolbox/local/lib/python3.10/dist-packages/slam_toolbox/srv/_add_submap_s.c
[5.051s] -- Up-to-date: /home/misys/forza_ws/race_stack/install/slam_toolbox/local/lib/python3.10/dist-packages/slam_toolbox/srv/_pause_s.c
[5.051s] -- Up-to-date: /home/misys/forza_ws/race_stack/install/slam_toolbox/local/lib/python3.10/dist-packages/slam_toolbox/srv/_save_map_s.c
[5.051s] -- Up-to-date: /home/misys/forza_ws/race_stack/install/slam_toolbox/local/lib/python3.10/dist-packages/slam_toolbox/srv/__init__.py
[5.051s] -- Up-to-date: /home/misys/forza_ws/race_stack/install/slam_toolbox/local/lib/python3.10/dist-packages/slam_toolbox/srv/_loop_closure_s.c
[5.051s] -- Up-to-date: /home/misys/forza_ws/race_stack/install/slam_toolbox/local/lib/python3.10/dist-packages/slam_toolbox/srv/_serialize_pose_graph_s.c
[5.051s] -- Up-to-date: /home/misys/forza_ws/race_stack/install/slam_toolbox/local/lib/python3.10/dist-packages/slam_toolbox/srv/_merge_maps.py
[5.051s] -- Up-to-date: /home/misys/forza_ws/race_stack/install/slam_toolbox/local/lib/python3.10/dist-packages/slam_toolbox/srv/_clear_queue_s.c
[5.051s] -- Up-to-date: /home/misys/forza_ws/race_stack/install/slam_toolbox/local/lib/python3.10/dist-packages/slam_toolbox/__init__.py
[5.100s] Listing '/home/misys/forza_ws/race_stack/install/slam_toolbox/local/lib/python3.10/dist-packages/slam_toolbox'...
[5.100s] Listing '/home/misys/forza_ws/race_stack/install/slam_toolbox/local/lib/python3.10/dist-packages/slam_toolbox/srv'...
[5.114s] -- Up-to-date: /home/misys/forza_ws/race_stack/install/slam_toolbox/local/lib/python3.10/dist-packages/slam_toolbox/slam_toolbox_s__rosidl_typesupport_fastrtps_c.cpython-310-aarch64-linux-gnu.so
[5.114s] -- Up-to-date: /home/misys/forza_ws/race_stack/install/slam_toolbox/local/lib/python3.10/dist-packages/slam_toolbox/slam_toolbox_s__rosidl_typesupport_introspection_c.cpython-310-aarch64-linux-gnu.so
[5.115s] -- Up-to-date: /home/misys/forza_ws/race_stack/install/slam_toolbox/local/lib/python3.10/dist-packages/slam_toolbox/slam_toolbox_s__rosidl_typesupport_c.cpython-310-aarch64-linux-gnu.so
[5.116s] -- Up-to-date: /home/misys/forza_ws/race_stack/install/slam_toolbox/lib/libslam_toolbox__rosidl_generator_py.so
[5.116s] -- Up-to-date: /home/misys/forza_ws/race_stack/install/slam_toolbox/share/slam_toolbox/srv/Pause.idl
[5.116s] -- Up-to-date: /home/misys/forza_ws/race_stack/install/slam_toolbox/share/slam_toolbox/srv/ClearQueue.idl
[5.117s] -- Up-to-date: /home/misys/forza_ws/race_stack/install/slam_toolbox/share/slam_toolbox/srv/ToggleInteractive.idl
[5.117s] -- Up-to-date: /home/misys/forza_ws/race_stack/install/slam_toolbox/share/slam_toolbox/srv/Clear.idl
[5.117s] -- Up-to-date: /home/misys/forza_ws/race_stack/install/slam_toolbox/share/slam_toolbox/srv/SaveMap.idl
[5.118s] -- Up-to-date: /home/misys/forza_ws/race_stack/install/slam_toolbox/share/slam_toolbox/srv/LoopClosure.idl
[5.118s] -- Up-to-date: /home/misys/forza_ws/race_stack/install/slam_toolbox/share/slam_toolbox/srv/MergeMaps.idl
[5.118s] -- Up-to-date: /home/misys/forza_ws/race_stack/install/slam_toolbox/share/slam_toolbox/srv/AddSubmap.idl
[5.118s] -- Up-to-date: /home/misys/forza_ws/race_stack/install/slam_toolbox/share/slam_toolbox/srv/DeserializePoseGraph.idl
[5.118s] -- Up-to-date: /home/misys/forza_ws/race_stack/install/slam_toolbox/share/slam_toolbox/srv/SerializePoseGraph.idl
[5.119s] -- Up-to-date: /home/misys/forza_ws/race_stack/install/slam_toolbox/share/slam_toolbox/srvs/Pause.srv
[5.119s] -- Up-to-date: /home/misys/forza_ws/race_stack/install/slam_toolbox/share/slam_toolbox/srvs/Pause_Request.msg
[5.119s] -- Up-to-date: /home/misys/forza_ws/race_stack/install/slam_toolbox/share/slam_toolbox/srvs/Pause_Response.msg
[5.119s] -- Up-to-date: /home/misys/forza_ws/race_stack/install/slam_toolbox/share/slam_toolbox/srvs/ClearQueue.srv
[5.120s] -- Up-to-date: /home/misys/forza_ws/race_stack/install/slam_toolbox/share/slam_toolbox/srvs/ClearQueue_Request.msg
[5.120s] -- Up-to-date: /home/misys/forza_ws/race_stack/install/slam_toolbox/share/slam_toolbox/srvs/ClearQueue_Response.msg
[5.120s] -- Up-to-date: /home/misys/forza_ws/race_stack/install/slam_toolbox/share/slam_toolbox/srvs/ToggleInteractive.srv
[5.120s] -- Up-to-date: /home/misys/forza_ws/race_stack/install/slam_toolbox/share/slam_toolbox/srvs/ToggleInteractive_Request.msg
[5.121s] -- Up-to-date: /home/misys/forza_ws/race_stack/install/slam_toolbox/share/slam_toolbox/srvs/ToggleInteractive_Response.msg
[5.121s] -- Up-to-date: /home/misys/forza_ws/race_stack/install/slam_toolbox/share/slam_toolbox/srvs/Clear.srv
[5.121s] -- Up-to-date: /home/misys/forza_ws/race_stack/install/slam_toolbox/share/slam_toolbox/srvs/Clear_Request.msg
[5.121s] -- Up-to-date: /home/misys/forza_ws/race_stack/install/slam_toolbox/share/slam_toolbox/srvs/Clear_Response.msg
[5.121s] -- Up-to-date: /home/misys/forza_ws/race_stack/install/slam_toolbox/share/slam_toolbox/srvs/SaveMap.srv
[5.122s] -- Up-to-date: /home/misys/forza_ws/race_stack/install/slam_toolbox/share/slam_toolbox/srvs/SaveMap_Request.msg
[5.122s] -- Up-to-date: /home/misys/forza_ws/race_stack/install/slam_toolbox/share/slam_toolbox/srvs/SaveMap_Response.msg
[5.122s] -- Up-to-date: /home/misys/forza_ws/race_stack/install/slam_toolbox/share/slam_toolbox/srvs/LoopClosure.srv
[5.122s] -- Up-to-date: /home/misys/forza_ws/race_stack/install/slam_toolbox/share/slam_toolbox/srvs/LoopClosure_Request.msg
[5.122s] -- Up-to-date: /home/misys/forza_ws/race_stack/install/slam_toolbox/share/slam_toolbox/srvs/LoopClosure_Response.msg
[5.122s] -- Up-to-date: /home/misys/forza_ws/race_stack/install/slam_toolbox/share/slam_toolbox/srvs/MergeMaps.srv
[5.122s] -- Up-to-date: /home/misys/forza_ws/race_stack/install/slam_toolbox/share/slam_toolbox/srvs/MergeMaps_Request.msg
[5.123s] -- Up-to-date: /home/misys/forza_ws/race_stack/install/slam_toolbox/share/slam_toolbox/srvs/MergeMaps_Response.msg
[5.123s] -- Up-to-date: /home/misys/forza_ws/race_stack/install/slam_toolbox/share/slam_toolbox/srvs/AddSubmap.srv
[5.123s] -- Up-to-date: /home/misys/forza_ws/race_stack/install/slam_toolbox/share/slam_toolbox/srvs/AddSubmap_Request.msg
[5.123s] -- Up-to-date: /home/misys/forza_ws/race_stack/install/slam_toolbox/share/slam_toolbox/srvs/AddSubmap_Response.msg
[5.123s] -- Up-to-date: /home/misys/forza_ws/race_stack/install/slam_toolbox/share/slam_toolbox/srvs/DeserializePoseGraph.srv
[5.123s] -- Up-to-date: /home/misys/forza_ws/race_stack/install/slam_toolbox/share/slam_toolbox/srvs/DeserializePoseGraph_Request.msg
[5.133s] -- Up-to-date: /home/misys/forza_ws/race_stack/install/slam_toolbox/share/slam_toolbox/srvs/DeserializePoseGraph_Response.msg
[5.133s] -- Up-to-date: /home/misys/forza_ws/race_stack/install/slam_toolbox/share/slam_toolbox/srvs/SerializePoseGraph.srv
[5.133s] -- Up-to-date: /home/misys/forza_ws/race_stack/install/slam_toolbox/share/slam_toolbox/srvs/SerializePoseGraph_Request.msg
[5.133s] -- Up-to-date: /home/misys/forza_ws/race_stack/install/slam_toolbox/share/slam_toolbox/srvs/SerializePoseGraph_Response.msg
[5.134s] -- Up-to-date: /home/misys/forza_ws/race_stack/install/slam_toolbox/share/slam_toolbox/rviz_plugins.xml
[5.134s] -- Up-to-date: /home/misys/forza_ws/race_stack/install/slam_toolbox/share/slam_toolbox/solver_plugins.xml
[5.134s] -- Up-to-date: /home/misys/forza_ws/race_stack/install/slam_toolbox/lib/slam_toolbox/async_slam_toolbox_node
[5.134s] -- Up-to-date: /home/misys/forza_ws/race_stack/install/slam_toolbox/lib/slam_toolbox/sync_slam_toolbox_node
[5.134s] -- Up-to-date: /home/misys/forza_ws/race_stack/install/slam_toolbox/lib/slam_toolbox/localization_slam_toolbox_node
[5.135s] -- Up-to-date: /home/misys/forza_ws/race_stack/install/slam_toolbox/lib/slam_toolbox/map_and_localization_slam_toolbox_node
[5.135s] -- Up-to-date: /home/misys/forza_ws/race_stack/install/slam_toolbox/lib/slam_toolbox/merge_maps_kinematic
[5.135s] -- Up-to-date: /home/misys/forza_ws/race_stack/install/slam_toolbox/lib/libtoolbox_common.so
[5.135s] -- Up-to-date: /home/misys/forza_ws/race_stack/install/slam_toolbox/lib/libSlamToolboxPlugin.so
[5.135s] -- Up-to-date: /home/misys/forza_ws/race_stack/install/slam_toolbox/lib/libceres_solver_plugin.so
[5.136s] -- Up-to-date: /home/misys/forza_ws/race_stack/install/slam_toolbox/lib/libasync_slam_toolbox.so
[5.136s] -- Up-to-date: /home/misys/forza_ws/race_stack/install/slam_toolbox/lib/libsync_slam_toolbox.so
[5.136s] -- Up-to-date: /home/misys/forza_ws/race_stack/install/slam_toolbox/lib/liblocalization_slam_toolbox.so
[5.136s] -- Up-to-date: /home/misys/forza_ws/race_stack/install/slam_toolbox/lib/liblifelong_slam_toolbox.so
[5.136s] -- Up-to-date: /home/misys/forza_ws/race_stack/install/slam_toolbox/lib/libmap_and_localization_slam_toolbox.so
[5.136s] -- Up-to-date: /home/misys/forza_ws/race_stack/install/slam_toolbox/lib/libkartoSlamToolbox.so
[5.136s] -- Up-to-date: /home/misys/forza_ws/race_stack/install/slam_toolbox/lib/libSlamToolboxPlugin.so
[5.137s] -- Up-to-date: /home/misys/forza_ws/race_stack/install/slam_toolbox/include
[5.137s] -- Up-to-date: /home/misys/forza_ws/race_stack/install/slam_toolbox/include/slam_toolbox
[5.137s] -- Up-to-date: /home/misys/forza_ws/race_stack/install/slam_toolbox/include/slam_toolbox/laser_utils.hpp
[5.137s] -- Up-to-date: /home/misys/forza_ws/race_stack/install/slam_toolbox/include/slam_toolbox/merge_maps_kinematic.hpp
[5.137s] -- Up-to-date: /home/misys/forza_ws/race_stack/install/slam_toolbox/include/slam_toolbox/experimental
[5.137s] -- Up-to-date: /home/misys/forza_ws/race_stack/install/slam_toolbox/include/slam_toolbox/experimental/slam_toolbox_lifelong.hpp
[5.138s] -- Up-to-date: /home/misys/forza_ws/race_stack/install/slam_toolbox/include/slam_toolbox/experimental/slam_toolbox_map_and_localization.hpp
[5.138s] -- Up-to-date: /home/misys/forza_ws/race_stack/install/slam_toolbox/include/slam_toolbox/get_pose_helper.hpp
[5.138s] -- Up-to-date: /home/misys/forza_ws/race_stack/install/slam_toolbox/include/slam_toolbox/toolbox_types.hpp
[5.138s] -- Up-to-date: /home/misys/forza_ws/race_stack/install/slam_toolbox/include/slam_toolbox/slam_toolbox_async.hpp
[5.138s] -- Up-to-date: /home/misys/forza_ws/race_stack/install/slam_toolbox/include/slam_toolbox/slam_mapper.hpp
[5.138s] -- Up-to-date: /home/misys/forza_ws/race_stack/install/slam_toolbox/include/slam_toolbox/slam_toolbox_localization.hpp
[5.139s] -- Up-to-date: /home/misys/forza_ws/race_stack/install/slam_toolbox/include/slam_toolbox/loop_closure_assistant.hpp
[5.139s] -- Up-to-date: /home/misys/forza_ws/race_stack/install/slam_toolbox/include/slam_toolbox/visualization_utils.hpp
[5.139s] -- Up-to-date: /home/misys/forza_ws/race_stack/install/slam_toolbox/include/slam_toolbox/snap_utils.hpp
[5.139s] -- Up-to-date: /home/misys/forza_ws/race_stack/install/slam_toolbox/include/slam_toolbox/toolbox_msgs.hpp
[5.139s] -- Up-to-date: /home/misys/forza_ws/race_stack/install/slam_toolbox/include/slam_toolbox/map_saver.hpp
[5.139s] -- Up-to-date: /home/misys/forza_ws/race_stack/install/slam_toolbox/include/slam_toolbox/slam_toolbox_sync.hpp
[5.140s] -- Up-to-date: /home/misys/forza_ws/race_stack/install/slam_toolbox/include/slam_toolbox/serialization.hpp
[5.140s] -- Up-to-date: /home/misys/forza_ws/race_stack/install/slam_toolbox/include/slam_toolbox/slam_toolbox_common.hpp
[5.140s] -- Up-to-date: /home/misys/forza_ws/race_stack/install/slam_toolbox/share/slam_toolbox/launch
[5.140s] -- Up-to-date: /home/misys/forza_ws/race_stack/install/slam_toolbox/share/slam_toolbox/launch/online_async_launch.py
[5.140s] -- Up-to-date: /home/misys/forza_ws/race_stack/install/slam_toolbox/share/slam_toolbox/launch/online_sync_launch.py
[5.140s] -- Up-to-date: /home/misys/forza_ws/race_stack/install/slam_toolbox/share/slam_toolbox/launch/offline_launch_forza.py
[5.141s] -- Up-to-date: /home/misys/forza_ws/race_stack/install/slam_toolbox/share/slam_toolbox/launch/localization_launch.py
[5.141s] -- Up-to-date: /home/misys/forza_ws/race_stack/install/slam_toolbox/share/slam_toolbox/launch/merge_maps_kinematic_launch.py
[5.141s] -- Up-to-date: /home/misys/forza_ws/race_stack/install/slam_toolbox/share/slam_toolbox/launch/offline_launch.py
[5.141s] -- Up-to-date: /home/misys/forza_ws/race_stack/install/slam_toolbox/share/slam_toolbox/config
[5.141s] -- Up-to-date: /home/misys/forza_ws/race_stack/install/slam_toolbox/share/slam_toolbox/config/mapper_params_lifelong.yaml
[5.142s] -- Up-to-date: /home/misys/forza_ws/race_stack/install/slam_toolbox/share/slam_toolbox/config/mapper_params_offline_forza.yaml
[5.142s] -- Up-to-date: /home/misys/forza_ws/race_stack/install/slam_toolbox/share/slam_toolbox/config/slam_toolbox_default.rviz
[5.142s] -- Up-to-date: /home/misys/forza_ws/race_stack/install/slam_toolbox/share/slam_toolbox/config/mapper_params_offline.yaml
[5.142s] -- Up-to-date: /home/misys/forza_ws/race_stack/install/slam_toolbox/share/slam_toolbox/config/mapper_params_online_sync.yaml
[5.143s] -- Up-to-date: /home/misys/forza_ws/race_stack/install/slam_toolbox/share/slam_toolbox/config/mapper_params_localization.yaml
[5.143s] -- Up-to-date: /home/misys/forza_ws/race_stack/install/slam_toolbox/share/slam_toolbox/config/mapper_params_online_async.yaml
[5.143s] -- Up-to-date: /home/misys/forza_ws/race_stack/install/slam_toolbox/share/solver_plugins.xml
[5.143s] -- Up-to-date: /home/misys/forza_ws/race_stack/install/slam_toolbox/share/rviz_plugins.xml
[5.143s] -- Up-to-date: /home/misys/forza_ws/race_stack/install/slam_toolbox/share/ament_index/resource_index/package_run_dependencies/slam_toolbox
[5.143s] -- Up-to-date: /home/misys/forza_ws/race_stack/install/slam_toolbox/share/ament_index/resource_index/parent_prefix_path/slam_toolbox
[5.144s] -- Up-to-date: /home/misys/forza_ws/race_stack/install/slam_toolbox/share/slam_toolbox/environment/ament_prefix_path.sh
[5.144s] -- Up-to-date: /home/misys/forza_ws/race_stack/install/slam_toolbox/share/slam_toolbox/environment/ament_prefix_path.dsv
[5.144s] -- Up-to-date: /home/misys/forza_ws/race_stack/install/slam_toolbox/share/slam_toolbox/environment/path.sh
[5.144s] -- Up-to-date: /home/misys/forza_ws/race_stack/install/slam_toolbox/share/slam_toolbox/environment/path.dsv
[5.144s] -- Up-to-date: /home/misys/forza_ws/race_stack/install/slam_toolbox/share/slam_toolbox/local_setup.bash
[5.144s] -- Up-to-date: /home/misys/forza_ws/race_stack/install/slam_toolbox/share/slam_toolbox/local_setup.sh
[5.144s] -- Up-to-date: /home/misys/forza_ws/race_stack/install/slam_toolbox/share/slam_toolbox/local_setup.zsh
[5.145s] -- Up-to-date: /home/misys/forza_ws/race_stack/install/slam_toolbox/share/slam_toolbox/local_setup.dsv
[5.149s] -- Installing: /home/misys/forza_ws/race_stack/install/slam_toolbox/share/slam_toolbox/package.dsv
[5.150s] -- Up-to-date: /home/misys/forza_ws/race_stack/install/slam_toolbox/share/ament_index/resource_index/packages/slam_toolbox
[5.151s] -- Up-to-date: /home/misys/forza_ws/race_stack/install/slam_toolbox/share/ament_index/resource_index/rviz_common__pluginlib__plugin/slam_toolbox
[5.152s] -- Up-to-date: /home/misys/forza_ws/race_stack/install/slam_toolbox/share/ament_index/resource_index/slam_toolbox__pluginlib__plugin/slam_toolbox
[5.152s] -- Up-to-date: /home/misys/forza_ws/race_stack/install/slam_toolbox/share/slam_toolbox/cmake/export_slam_toolbox__rosidl_generator_cExport.cmake
[5.152s] -- Up-to-date: /home/misys/forza_ws/race_stack/install/slam_toolbox/share/slam_toolbox/cmake/export_slam_toolbox__rosidl_generator_cExport-release.cmake
[5.152s] -- Up-to-date: /home/misys/forza_ws/race_stack/install/slam_toolbox/share/slam_toolbox/cmake/export_slam_toolbox__rosidl_typesupport_fastrtps_cExport.cmake
[5.152s] -- Up-to-date: /home/misys/forza_ws/race_stack/install/slam_toolbox/share/slam_toolbox/cmake/export_slam_toolbox__rosidl_typesupport_fastrtps_cExport-release.cmake
[5.152s] -- Up-to-date: /home/misys/forza_ws/race_stack/install/slam_toolbox/share/slam_toolbox/cmake/export_slam_toolbox__rosidl_generator_cppExport.cmake
[5.152s] -- Up-to-date: /home/misys/forza_ws/race_stack/install/slam_toolbox/share/slam_toolbox/cmake/export_slam_toolbox__rosidl_typesupport_fastrtps_cppExport.cmake
[5.152s] -- Up-to-date: /home/misys/forza_ws/race_stack/install/slam_toolbox/share/slam_toolbox/cmake/export_slam_toolbox__rosidl_typesupport_fastrtps_cppExport-release.cmake
[5.153s] -- Up-to-date: /home/misys/forza_ws/race_stack/install/slam_toolbox/share/slam_toolbox/cmake/slam_toolbox__rosidl_typesupport_introspection_cExport.cmake
[5.153s] -- Up-to-date: /home/misys/forza_ws/race_stack/install/slam_toolbox/share/slam_toolbox/cmake/slam_toolbox__rosidl_typesupport_introspection_cExport-release.cmake
[5.153s] -- Up-to-date: /home/misys/forza_ws/race_stack/install/slam_toolbox/share/slam_toolbox/cmake/slam_toolbox__rosidl_typesupport_cExport.cmake
[5.153s] -- Up-to-date: /home/misys/forza_ws/race_stack/install/slam_toolbox/share/slam_toolbox/cmake/slam_toolbox__rosidl_typesupport_cExport-release.cmake
[5.153s] -- Up-to-date: /home/misys/forza_ws/race_stack/install/slam_toolbox/share/slam_toolbox/cmake/slam_toolbox__rosidl_typesupport_introspection_cppExport.cmake
[5.153s] -- Up-to-date: /home/misys/forza_ws/race_stack/install/slam_toolbox/share/slam_toolbox/cmake/slam_toolbox__rosidl_typesupport_introspection_cppExport-release.cmake
[5.153s] -- Up-to-date: /home/misys/forza_ws/race_stack/install/slam_toolbox/share/slam_toolbox/cmake/slam_toolbox__rosidl_typesupport_cppExport.cmake
[5.153s] -- Up-to-date: /home/misys/forza_ws/race_stack/install/slam_toolbox/share/slam_toolbox/cmake/slam_toolbox__rosidl_typesupport_cppExport-release.cmake
[5.154s] -- Up-to-date: /home/misys/forza_ws/race_stack/install/slam_toolbox/share/slam_toolbox/cmake/export_slam_toolbox__rosidl_generator_pyExport.cmake
[5.154s] -- Up-to-date: /home/misys/forza_ws/race_stack/install/slam_toolbox/share/slam_toolbox/cmake/export_slam_toolbox__rosidl_generator_pyExport-release.cmake
[5.154s] -- Up-to-date: /home/misys/forza_ws/race_stack/install/slam_toolbox/share/slam_toolbox/cmake/SlamToolboxPluginExport.cmake
[5.154s] -- Up-to-date: /home/misys/forza_ws/race_stack/install/slam_toolbox/share/slam_toolbox/cmake/SlamToolboxPluginExport-release.cmake
[5.154s] -- Up-to-date: /home/misys/forza_ws/race_stack/install/slam_toolbox/share/ament_index/resource_index/rclcpp_components/slam_toolbox
[5.154s] -- Up-to-date: /home/misys/forza_ws/race_stack/install/slam_toolbox/share/slam_toolbox/cmake/rosidl_cmake-extras.cmake
[5.154s] -- Up-to-date: /home/misys/forza_ws/race_stack/install/slam_toolbox/share/slam_toolbox/cmake/ament_cmake_export_dependencies-extras.cmake
[5.154s] -- Up-to-date: /home/misys/forza_ws/race_stack/install/slam_toolbox/share/slam_toolbox/cmake/ament_cmake_export_include_directories-extras.cmake
[5.155s] -- Up-to-date: /home/misys/forza_ws/race_stack/install/slam_toolbox/share/slam_toolbox/cmake/ament_cmake_export_libraries-extras.cmake
[5.155s] -- Up-to-date: /home/misys/forza_ws/race_stack/install/slam_toolbox/share/slam_toolbox/cmake/ament_cmake_export_targets-extras.cmake
[5.155s] -- Up-to-date: /home/misys/forza_ws/race_stack/install/slam_toolbox/share/slam_toolbox/cmake/rosidl_cmake_export_typesupport_targets-extras.cmake
[5.155s] -- Up-to-date: /home/misys/forza_ws/race_stack/install/slam_toolbox/share/slam_toolbox/cmake/rosidl_cmake_export_typesupport_libraries-extras.cmake
[5.155s] -- Up-to-date: /home/misys/forza_ws/race_stack/install/slam_toolbox/share/slam_toolbox/cmake/slam_toolboxConfig.cmake
[5.155s] -- Up-to-date: /home/misys/forza_ws/race_stack/install/slam_toolbox/share/slam_toolbox/cmake/slam_toolboxConfig-version.cmake
[5.155s] -- Up-to-date: /home/misys/forza_ws/race_stack/install/slam_toolbox/share/slam_toolbox/package.xml
[5.155s] -- Up-to-date: /home/misys/forza_ws/race_stack/install/slam_toolbox/include/
[5.155s] -- Up-to-date: /home/misys/forza_ws/race_stack/install/slam_toolbox/include//karto_sdk
[5.156s] -- Up-to-date: /home/misys/forza_ws/race_stack/install/slam_toolbox/include//karto_sdk/nanoflann_adaptors.h
[5.156s] -- Up-to-date: /home/misys/forza_ws/race_stack/install/slam_toolbox/include//karto_sdk/nanoflann.hpp
[5.156s] -- Up-to-date: /home/misys/forza_ws/race_stack/install/slam_toolbox/include//karto_sdk/Math.h
[5.156s] -- Up-to-date: /home/misys/forza_ws/race_stack/install/slam_toolbox/include//karto_sdk/Mapper.h
[5.156s] -- Up-to-date: /home/misys/forza_ws/race_stack/install/slam_toolbox/include//karto_sdk/Karto.h
[5.156s] -- Up-to-date: /home/misys/forza_ws/race_stack/install/slam_toolbox/include//karto_sdk/Macros.h
[5.156s] -- Up-to-date: /home/misys/forza_ws/race_stack/install/slam_toolbox/include//karto_sdk/Types.h
[6.106s] Invoked command in '/home/misys/forza_ws/race_stack/build/slam_toolbox' returned '0': CMAKE_PREFIX_PATH=${CMAKE_PREFIX_PATH}:/home/misys/forza_ws/race_stack/install/f1tenth_stack:/home/misys/forza_ws/race_stack/install/joy_teleop:/home/misys/forza_ws/race_stack/install/steering_lookup:/home/misys/forza_ws/race_stack/install/state_machine:/home/misys/forza_ws/race_stack/install/slam_tuner:/home/misys/forza_ws/race_stack/install/state_estimation:/home/misys/forza_ws/race_stack/install/map_editor:/home/misys/forza_ws/race_stack/install/stack_master:/home/misys/forza_ws/race_stack/install/spline_planner:/home/misys/forza_ws/race_stack/install/sector_tuner:/home/misys/forza_ws/race_stack/install/perception:/home/misys/forza_ws/race_stack/install/particle_filter:/home/misys/forza_ws/race_stack/install/opponent_publisher:/home/misys/forza_ws/race_stack/install/mouse_teleop:/home/misys/forza_ws/race_stack/install/lap_analyser:/home/misys/forza_ws/race_stack/install/key_teleop:/home/misys/forza_ws/race_stack/install/id_controller:/home/misys/forza_ws/race_stack/install/global_planner:/home/misys/forza_ws/race_stack/install/frenet_odom_republisher:/home/misys/forza_ws/race_stack/install/frenet_conversion:/home/misys/forza_ws/race_stack/install/f1tenth_gym_ros:/home/misys/forza_ws/race_stack/install/controller:/opt/ros/humble /usr/bin/cmake --install /home/misys/forza_ws/race_stack/build/slam_toolbox
