[2.755s] Invoking command in '/home/misys/forza_ws/race_stack/stack_master': PYTHONPATH=/home/misys/forza_ws/race_stack/build/stack_master/prefix_override:/usr/lib/python3/dist-packages/colcon_core/task/python/colcon_distutils_commands:/home/misys/forza_ws/race_stack/install/stack_master/lib/python3.10/site-packages:${PYTHONPATH} /usr/bin/python3 -W ignore:setup.py install is deprecated -W ignore:easy_install command is deprecated setup.py egg_info --egg-base ../build/stack_master build --build-base /home/misys/forza_ws/race_stack/build/stack_master/build install --record /home/misys/forza_ws/race_stack/build/stack_master/install.log --single-version-externally-managed install_data
[3.442s] running egg_info
[3.443s] writing ../build/stack_master/stack_master.egg-info/PKG-INFO
[3.444s] writing dependency_links to ../build/stack_master/stack_master.egg-info/dependency_links.txt
[3.445s] writing entry points to ../build/stack_master/stack_master.egg-info/entry_points.txt
[3.445s] writing requirements to ../build/stack_master/stack_master.egg-info/requires.txt
[3.445s] writing top-level names to ../build/stack_master/stack_master.egg-info/top_level.txt
[3.450s] reading manifest file '../build/stack_master/stack_master.egg-info/SOURCES.txt'
[3.450s] adding license file 'LICENSE'
[3.453s] writing manifest file '../build/stack_master/stack_master.egg-info/SOURCES.txt'
[3.453s] running build
[3.453s] running build_py
[3.454s] running install
[3.455s] running install_lib
[3.458s] running install_data
[3.459s] copying config/NUC2/l1_params.yaml -> /home/misys/forza_ws/race_stack/install/stack_master/share/stack_master/config/NUC2
[3.463s] copying maps/teras/ot_sectors.yaml -> /home/misys/forza_ws/race_stack/install/stack_master/share/stack_master/maps/teras
[3.463s] running install_egg_info
[3.468s] removing '/home/misys/forza_ws/race_stack/install/stack_master/lib/python3.10/site-packages/stack_master-0.0.0-py3.10.egg-info' (and everything under it)
[3.469s] Copying ../build/stack_master/stack_master.egg-info to /home/misys/forza_ws/race_stack/install/stack_master/lib/python3.10/site-packages/stack_master-0.0.0-py3.10.egg-info
[3.472s] running install_scripts
[3.523s] Installing global_parameter_node script to /home/misys/forza_ws/race_stack/install/stack_master/lib/stack_master
[3.523s] writing list of installed files to '/home/misys/forza_ws/race_stack/build/stack_master/install.log'
[4.440s] Invoked command in '/home/misys/forza_ws/race_stack/stack_master' returned '0': PYTHONPATH=/home/misys/forza_ws/race_stack/build/stack_master/prefix_override:/usr/lib/python3/dist-packages/colcon_core/task/python/colcon_distutils_commands:/home/misys/forza_ws/race_stack/install/stack_master/lib/python3.10/site-packages:${PYTHONPATH} /usr/bin/python3 -W ignore:setup.py install is deprecated -W ignore:easy_install command is deprecated setup.py egg_info --egg-base ../build/stack_master build --build-base /home/misys/forza_ws/race_stack/build/stack_master/build install --record /home/misys/forza_ws/race_stack/build/stack_master/install.log --single-version-externally-managed install_data
