[6.701s] Invoking command in '/home/misys/forza_ws/race_stack/perception': PYTHONPATH=/home/misys/forza_ws/race_stack/build/perception/prefix_override:/usr/lib/python3/dist-packages/colcon_core/task/python/colcon_distutils_commands:/home/misys/forza_ws/race_stack/install/perception/lib/python3.10/site-packages:${PYTHONPATH} /usr/bin/python3 -W ignore:setup.py install is deprecated -W ignore:easy_install command is deprecated setup.py egg_info --egg-base ../build/perception build --build-base /home/misys/forza_ws/race_stack/build/perception/build install --record /home/misys/forza_ws/race_stack/build/perception/install.log --single-version-externally-managed install_data
[8.773s] running egg_info
[8.788s] writing ../build/perception/perception.egg-info/PKG-INFO
[8.788s] writing dependency_links to ../build/perception/perception.egg-info/dependency_links.txt
[8.795s] writing entry points to ../build/perception/perception.egg-info/entry_points.txt
[8.802s] writing requirements to ../build/perception/perception.egg-info/requires.txt
[8.802s] writing top-level names to ../build/perception/perception.egg-info/top_level.txt
[8.809s] reading manifest file '../build/perception/perception.egg-info/SOURCES.txt'
[8.810s] adding license file 'LICENSE'
[8.811s] writing manifest file '../build/perception/perception.egg-info/SOURCES.txt'
[8.826s] running build
[8.826s] running build_py
[8.827s] running install
[8.827s] running install_lib
[8.831s] running install_data
[8.834s] running install_egg_info
[8.863s] removing '/home/misys/forza_ws/race_stack/install/perception/lib/python3.10/site-packages/perception-0.0.0-py3.10.egg-info' (and everything under it)
[8.863s] Copying ../build/perception/perception.egg-info to /home/misys/forza_ws/race_stack/install/perception/lib/python3.10/site-packages/perception-0.0.0-py3.10.egg-info
[8.870s] running install_scripts
[8.981s] Installing detect script to /home/misys/forza_ws/race_stack/install/perception/lib/perception
[8.981s] Installing tracking script to /home/misys/forza_ws/race_stack/install/perception/lib/perception
[8.989s] writing list of installed files to '/home/misys/forza_ws/race_stack/build/perception/install.log'
[9.345s] Invoked command in '/home/misys/forza_ws/race_stack/perception' returned '0': PYTHONPATH=/home/misys/forza_ws/race_stack/build/perception/prefix_override:/usr/lib/python3/dist-packages/colcon_core/task/python/colcon_distutils_commands:/home/misys/forza_ws/race_stack/install/perception/lib/python3.10/site-packages:${PYTHONPATH} /usr/bin/python3 -W ignore:setup.py install is deprecated -W ignore:easy_install command is deprecated setup.py egg_info --egg-base ../build/perception build --build-base /home/misys/forza_ws/race_stack/build/perception/build install --record /home/misys/forza_ws/race_stack/build/perception/install.log --single-version-externally-managed install_data
