Determining if the function sgemm_ exists failed with the following output:
Change Dir: /home/misys/forza_ws/race_stack/build/slam_toolbox/CMakeFiles/CMakeTmp

Run Build Command(s):/usr/bin/gmake -f Makefile cmTC_28865/fast && /usr/bin/gmake  -f CMakeFiles/cmTC_28865.dir/build.make CMakeFiles/cmTC_28865.dir/build
gmake[1]: Entering directory '/home/misys/forza_ws/race_stack/build/slam_toolbox/CMakeFiles/CMakeTmp'
Building C object CMakeFiles/cmTC_28865.dir/CheckFunctionExists.c.o
/usr/bin/cc   -DCHECK_FUNCTION_EXISTS=sgemm_ -o CMakeFiles/cmTC_28865.dir/CheckFunctionExists.c.o -c /usr/share/cmake-3.22/Modules/CheckFunctionExists.c
Linking C executable cmTC_28865
/usr/bin/cmake -E cmake_link_script CMakeFiles/cmTC_28865.dir/link.txt --verbose=1
/usr/bin/cc  -DCHECK_FUNCTION_EXISTS=sgemm_ CMakeFiles/cmTC_28865.dir/CheckFunctionExists.c.o -o cmTC_28865 
/usr/bin/ld: CMakeFiles/cmTC_28865.dir/CheckFunctionExists.c.o: in function `main':
CheckFunctionExists.c:(.text+0x10): undefined reference to `sgemm_'
collect2: error: ld returned 1 exit status
gmake[1]: *** [CMakeFiles/cmTC_28865.dir/build.make:99: cmTC_28865] Error 1
gmake[1]: Leaving directory '/home/misys/forza_ws/race_stack/build/slam_toolbox/CMakeFiles/CMakeTmp'
gmake: *** [Makefile:127: cmTC_28865/fast] Error 2



Determining if the function cheev_ exists failed with the following output:
Change Dir: /home/misys/forza_ws/race_stack/build/slam_toolbox/CMakeFiles/CMakeTmp

Run Build Command(s):/usr/bin/gmake -f Makefile cmTC_508e5/fast && /usr/bin/gmake  -f CMakeFiles/cmTC_508e5.dir/build.make CMakeFiles/cmTC_508e5.dir/build
gmake[1]: Entering directory '/home/misys/forza_ws/race_stack/build/slam_toolbox/CMakeFiles/CMakeTmp'
Building C object CMakeFiles/cmTC_508e5.dir/CheckFunctionExists.c.o
/usr/bin/cc   -DCHECK_FUNCTION_EXISTS=cheev_ -o CMakeFiles/cmTC_508e5.dir/CheckFunctionExists.c.o -c /usr/share/cmake-3.22/Modules/CheckFunctionExists.c
Linking C executable cmTC_508e5
/usr/bin/cmake -E cmake_link_script CMakeFiles/cmTC_508e5.dir/link.txt --verbose=1
/usr/bin/cc  -DCHECK_FUNCTION_EXISTS=cheev_ CMakeFiles/cmTC_508e5.dir/CheckFunctionExists.c.o -o cmTC_508e5  /usr/lib/aarch64-linux-gnu/libblas.so -lm -ldl 
/usr/bin/ld: CMakeFiles/cmTC_508e5.dir/CheckFunctionExists.c.o: in function `main':
CheckFunctionExists.c:(.text+0x10): undefined reference to `cheev_'
collect2: error: ld returned 1 exit status
gmake[1]: *** [CMakeFiles/cmTC_508e5.dir/build.make:100: cmTC_508e5] Error 1
gmake[1]: Leaving directory '/home/misys/forza_ws/race_stack/build/slam_toolbox/CMakeFiles/CMakeTmp'
gmake: *** [Makefile:127: cmTC_508e5/fast] Error 2



Determining if the function cheev_ exists failed with the following output:
Change Dir: /home/misys/forza_ws/race_stack/build/slam_toolbox/CMakeFiles/CMakeTmp

Run Build Command(s):/usr/bin/gmake -f Makefile cmTC_673cd/fast && /usr/bin/gmake  -f CMakeFiles/cmTC_673cd.dir/build.make CMakeFiles/cmTC_673cd.dir/build
gmake[1]: Entering directory '/home/misys/forza_ws/race_stack/build/slam_toolbox/CMakeFiles/CMakeTmp'
Building C object CMakeFiles/cmTC_673cd.dir/CheckFunctionExists.c.o
/usr/bin/cc   -DCHECK_FUNCTION_EXISTS=cheev_ -o CMakeFiles/cmTC_673cd.dir/CheckFunctionExists.c.o -c /usr/share/cmake-3.22/Modules/CheckFunctionExists.c
Linking C executable cmTC_673cd
/usr/bin/cmake -E cmake_link_script CMakeFiles/cmTC_673cd.dir/link.txt --verbose=1
/usr/bin/cc  -DCHECK_FUNCTION_EXISTS=cheev_ CMakeFiles/cmTC_673cd.dir/CheckFunctionExists.c.o -o cmTC_673cd  /usr/lib/aarch64-linux-gnu/liblapack.so /usr/lib/aarch64-linux-gnu/libblas.so -fortranlibs 
cc: error: unrecognized command-line option ‘-fortranlibs’
gmake[1]: *** [CMakeFiles/cmTC_673cd.dir/build.make:101: cmTC_673cd] Error 1
gmake[1]: Leaving directory '/home/misys/forza_ws/race_stack/build/slam_toolbox/CMakeFiles/CMakeTmp'
gmake: *** [Makefile:127: cmTC_673cd/fast] Error 2



