[3.334s] Invoking command in '/home/misys/forza_ws/race_stack/utilities/nodes/lap_analyser': PYTHONPATH=/home/misys/forza_ws/race_stack/build/lap_analyser/prefix_override:/usr/lib/python3/dist-packages/colcon_core/task/python/colcon_distutils_commands:/home/misys/forza_ws/race_stack/install/lap_analyser/lib/python3.10/site-packages:${PYTHONPATH} /usr/bin/python3 -W ignore:setup.py install is deprecated -W ignore:easy_install command is deprecated setup.py egg_info --egg-base ../../../build/lap_analyser build --build-base /home/misys/forza_ws/race_stack/build/lap_analyser/build install --record /home/misys/forza_ws/race_stack/build/lap_analyser/install.log --single-version-externally-managed install_data
[4.031s] running egg_info
[4.032s] writing ../../../build/lap_analyser/lap_analyser.egg-info/PKG-INFO
[4.033s] writing dependency_links to ../../../build/lap_analyser/lap_analyser.egg-info/dependency_links.txt
[4.033s] writing entry points to ../../../build/lap_analyser/lap_analyser.egg-info/entry_points.txt
[4.034s] writing requirements to ../../../build/lap_analyser/lap_analyser.egg-info/requires.txt
[4.034s] writing top-level names to ../../../build/lap_analyser/lap_analyser.egg-info/top_level.txt
[4.039s] reading manifest file '../../../build/lap_analyser/lap_analyser.egg-info/SOURCES.txt'
[4.040s] adding license file 'LICENSE'
[4.042s] writing manifest file '../../../build/lap_analyser/lap_analyser.egg-info/SOURCES.txt'
[4.043s] running build
[4.043s] running build_py
[4.044s] running install
[4.045s] running install_lib
[4.049s] running install_data
[4.050s] running install_egg_info
[4.056s] removing '/home/misys/forza_ws/race_stack/install/lap_analyser/lib/python3.10/site-packages/lap_analyser-0.0.0-py3.10.egg-info' (and everything under it)
[4.058s] Copying ../../../build/lap_analyser/lap_analyser.egg-info to /home/misys/forza_ws/race_stack/install/lap_analyser/lib/python3.10/site-packages/lap_analyser-0.0.0-py3.10.egg-info
[4.061s] running install_scripts
[4.123s] Installing lap_analyser script to /home/misys/forza_ws/race_stack/install/lap_analyser/lib/lap_analyser
[4.124s] writing list of installed files to '/home/misys/forza_ws/race_stack/build/lap_analyser/install.log'
[4.977s] Invoked command in '/home/misys/forza_ws/race_stack/utilities/nodes/lap_analyser' returned '0': PYTHONPATH=/home/misys/forza_ws/race_stack/build/lap_analyser/prefix_override:/usr/lib/python3/dist-packages/colcon_core/task/python/colcon_distutils_commands:/home/misys/forza_ws/race_stack/install/lap_analyser/lib/python3.10/site-packages:${PYTHONPATH} /usr/bin/python3 -W ignore:setup.py install is deprecated -W ignore:easy_install command is deprecated setup.py egg_info --egg-base ../../../build/lap_analyser build --build-base /home/misys/forza_ws/race_stack/build/lap_analyser/build install --record /home/misys/forza_ws/race_stack/build/lap_analyser/install.log --single-version-externally-managed install_data
