[0.111s] Invoking command in '/home/misys/forza_ws/race_stack/build/urg_node2': CMAKE_PREFIX_PATH=${CMAKE_PREFIX_PATH}:/home/misys/forza_ws/race_stack/install/f1tenth_stack:/home/misys/forza_ws/race_stack/install/joy_teleop:/home/misys/forza_ws/race_stack/install/steering_lookup:/home/misys/forza_ws/race_stack/install/state_machine:/home/misys/forza_ws/race_stack/install/slam_tuner:/home/misys/forza_ws/race_stack/install/state_estimation:/home/misys/forza_ws/race_stack/install/map_editor:/home/misys/forza_ws/race_stack/install/stack_master:/home/misys/forza_ws/race_stack/install/spline_planner:/home/misys/forza_ws/race_stack/install/sector_tuner:/home/misys/forza_ws/race_stack/install/perception:/home/misys/forza_ws/race_stack/install/particle_filter:/home/misys/forza_ws/race_stack/install/opponent_publisher:/home/misys/forza_ws/race_stack/install/mouse_teleop:/home/misys/forza_ws/race_stack/install/lap_analyser:/home/misys/forza_ws/race_stack/install/key_teleop:/home/misys/forza_ws/race_stack/install/id_controller:/home/misys/forza_ws/race_stack/install/global_planner:/home/misys/forza_ws/race_stack/install/frenet_odom_republisher:/home/misys/forza_ws/race_stack/install/frenet_conversion:/home/misys/forza_ws/race_stack/install/f1tenth_gym_ros:/home/misys/forza_ws/race_stack/install/controller:/opt/ros/humble /usr/bin/cmake --build /home/misys/forza_ws/race_stack/build/urg_node2 -- -j6 -l6
[0.372s] [ 10%] Built target urg_node2_node
[0.411s] [ 50%] Built target gtest_main
[0.413s] [ 65%] Built target urg_c
[0.428s] [ 75%] Built target gtest
[0.521s] [ 90%] Built target urg_node2_test
[0.563s] [100%] Built target urg_node2
[0.608s] Invoked command in '/home/misys/forza_ws/race_stack/build/urg_node2' returned '0': CMAKE_PREFIX_PATH=${CMAKE_PREFIX_PATH}:/home/misys/forza_ws/race_stack/install/f1tenth_stack:/home/misys/forza_ws/race_stack/install/joy_teleop:/home/misys/forza_ws/race_stack/install/steering_lookup:/home/misys/forza_ws/race_stack/install/state_machine:/home/misys/forza_ws/race_stack/install/slam_tuner:/home/misys/forza_ws/race_stack/install/state_estimation:/home/misys/forza_ws/race_stack/install/map_editor:/home/misys/forza_ws/race_stack/install/stack_master:/home/misys/forza_ws/race_stack/install/spline_planner:/home/misys/forza_ws/race_stack/install/sector_tuner:/home/misys/forza_ws/race_stack/install/perception:/home/misys/forza_ws/race_stack/install/particle_filter:/home/misys/forza_ws/race_stack/install/opponent_publisher:/home/misys/forza_ws/race_stack/install/mouse_teleop:/home/misys/forza_ws/race_stack/install/lap_analyser:/home/misys/forza_ws/race_stack/install/key_teleop:/home/misys/forza_ws/race_stack/install/id_controller:/home/misys/forza_ws/race_stack/install/global_planner:/home/misys/forza_ws/race_stack/install/frenet_odom_republisher:/home/misys/forza_ws/race_stack/install/frenet_conversion:/home/misys/forza_ws/race_stack/install/f1tenth_gym_ros:/home/misys/forza_ws/race_stack/install/controller:/opt/ros/humble /usr/bin/cmake --build /home/misys/forza_ws/race_stack/build/urg_node2 -- -j6 -l6
[0.609s] Invoking command in '/home/misys/forza_ws/race_stack/build/urg_node2': CMAKE_PREFIX_PATH=${CMAKE_PREFIX_PATH}:/home/misys/forza_ws/race_stack/install/f1tenth_stack:/home/misys/forza_ws/race_stack/install/joy_teleop:/home/misys/forza_ws/race_stack/install/steering_lookup:/home/misys/forza_ws/race_stack/install/state_machine:/home/misys/forza_ws/race_stack/install/slam_tuner:/home/misys/forza_ws/race_stack/install/state_estimation:/home/misys/forza_ws/race_stack/install/map_editor:/home/misys/forza_ws/race_stack/install/stack_master:/home/misys/forza_ws/race_stack/install/spline_planner:/home/misys/forza_ws/race_stack/install/sector_tuner:/home/misys/forza_ws/race_stack/install/perception:/home/misys/forza_ws/race_stack/install/particle_filter:/home/misys/forza_ws/race_stack/install/opponent_publisher:/home/misys/forza_ws/race_stack/install/mouse_teleop:/home/misys/forza_ws/race_stack/install/lap_analyser:/home/misys/forza_ws/race_stack/install/key_teleop:/home/misys/forza_ws/race_stack/install/id_controller:/home/misys/forza_ws/race_stack/install/global_planner:/home/misys/forza_ws/race_stack/install/frenet_odom_republisher:/home/misys/forza_ws/race_stack/install/frenet_conversion:/home/misys/forza_ws/race_stack/install/f1tenth_gym_ros:/home/misys/forza_ws/race_stack/install/controller:/opt/ros/humble /usr/bin/cmake --install /home/misys/forza_ws/race_stack/build/urg_node2
[0.657s] -- Install configuration: ""
[0.658s] -- Up-to-date: /home/misys/forza_ws/race_stack/install/urg_node2/lib/urg_node2/urg_node2_node
[0.658s] -- Up-to-date: /home/misys/forza_ws/race_stack/install/urg_node2/lib/liburg_node2.so
[0.659s] -- Up-to-date: /home/misys/forza_ws/race_stack/install/urg_node2/lib/liburg_c.so
[0.659s] -- Up-to-date: /home/misys/forza_ws/race_stack/install/urg_node2/share/urg_node2/launch
[0.659s] -- Up-to-date: /home/misys/forza_ws/race_stack/install/urg_node2/share/urg_node2/launch/urg_node2_component.launch.py
[0.659s] -- Up-to-date: /home/misys/forza_ws/race_stack/install/urg_node2/share/urg_node2/launch/urg_node2_2lidar.launch.py
[0.660s] -- Up-to-date: /home/misys/forza_ws/race_stack/install/urg_node2/share/urg_node2/launch/urg_node2.launch.py
[0.660s] -- Up-to-date: /home/misys/forza_ws/race_stack/install/urg_node2/share/urg_node2/config
[0.660s] -- Up-to-date: /home/misys/forza_ws/race_stack/install/urg_node2/share/urg_node2/config/params_ether.yaml
[0.660s] -- Up-to-date: /home/misys/forza_ws/race_stack/install/urg_node2/share/urg_node2/config/params_serial.yaml
[0.660s] -- Up-to-date: /home/misys/forza_ws/race_stack/install/urg_node2/share/urg_node2/config/params_ether_2nd.yaml
[0.660s] -- Up-to-date: /home/misys/forza_ws/race_stack/install/urg_node2/share/ament_index/resource_index/package_run_dependencies/urg_node2
[0.661s] -- Up-to-date: /home/misys/forza_ws/race_stack/install/urg_node2/share/ament_index/resource_index/parent_prefix_path/urg_node2
[0.661s] -- Up-to-date: /home/misys/forza_ws/race_stack/install/urg_node2/share/urg_node2/environment/ament_prefix_path.sh
[0.661s] -- Up-to-date: /home/misys/forza_ws/race_stack/install/urg_node2/share/urg_node2/environment/ament_prefix_path.dsv
[0.661s] -- Up-to-date: /home/misys/forza_ws/race_stack/install/urg_node2/share/urg_node2/environment/path.sh
[0.661s] -- Up-to-date: /home/misys/forza_ws/race_stack/install/urg_node2/share/urg_node2/environment/path.dsv
[0.661s] -- Up-to-date: /home/misys/forza_ws/race_stack/install/urg_node2/share/urg_node2/local_setup.bash
[0.661s] -- Up-to-date: /home/misys/forza_ws/race_stack/install/urg_node2/share/urg_node2/local_setup.sh
[0.662s] -- Up-to-date: /home/misys/forza_ws/race_stack/install/urg_node2/share/urg_node2/local_setup.zsh
[0.662s] -- Up-to-date: /home/misys/forza_ws/race_stack/install/urg_node2/share/urg_node2/local_setup.dsv
[0.662s] -- Installing: /home/misys/forza_ws/race_stack/install/urg_node2/share/urg_node2/package.dsv
[0.662s] -- Up-to-date: /home/misys/forza_ws/race_stack/install/urg_node2/share/ament_index/resource_index/packages/urg_node2
[0.662s] -- Up-to-date: /home/misys/forza_ws/race_stack/install/urg_node2/share/ament_index/resource_index/rclcpp_components/urg_node2
[0.662s] -- Up-to-date: /home/misys/forza_ws/race_stack/install/urg_node2/share/urg_node2/cmake/urg_node2Config.cmake
[0.663s] -- Up-to-date: /home/misys/forza_ws/race_stack/install/urg_node2/share/urg_node2/cmake/urg_node2Config-version.cmake
[0.663s] -- Up-to-date: /home/misys/forza_ws/race_stack/install/urg_node2/share/urg_node2/package.xml
[1.506s] Invoked command in '/home/misys/forza_ws/race_stack/build/urg_node2' returned '0': CMAKE_PREFIX_PATH=${CMAKE_PREFIX_PATH}:/home/misys/forza_ws/race_stack/install/f1tenth_stack:/home/misys/forza_ws/race_stack/install/joy_teleop:/home/misys/forza_ws/race_stack/install/steering_lookup:/home/misys/forza_ws/race_stack/install/state_machine:/home/misys/forza_ws/race_stack/install/slam_tuner:/home/misys/forza_ws/race_stack/install/state_estimation:/home/misys/forza_ws/race_stack/install/map_editor:/home/misys/forza_ws/race_stack/install/stack_master:/home/misys/forza_ws/race_stack/install/spline_planner:/home/misys/forza_ws/race_stack/install/sector_tuner:/home/misys/forza_ws/race_stack/install/perception:/home/misys/forza_ws/race_stack/install/particle_filter:/home/misys/forza_ws/race_stack/install/opponent_publisher:/home/misys/forza_ws/race_stack/install/mouse_teleop:/home/misys/forza_ws/race_stack/install/lap_analyser:/home/misys/forza_ws/race_stack/install/key_teleop:/home/misys/forza_ws/race_stack/install/id_controller:/home/misys/forza_ws/race_stack/install/global_planner:/home/misys/forza_ws/race_stack/install/frenet_odom_republisher:/home/misys/forza_ws/race_stack/install/frenet_conversion:/home/misys/forza_ws/race_stack/install/f1tenth_gym_ros:/home/misys/forza_ws/race_stack/install/controller:/opt/ros/humble /usr/bin/cmake --install /home/misys/forza_ws/race_stack/build/urg_node2
