[0.078s] Invoking command in '/home/misys/forza_ws/race_stack/build/ackermann_mux': CMAKE_PREFIX_PATH=${CMAKE_PREFIX_PATH}:/home/misys/forza_ws/race_stack/install/f1tenth_stack:/home/misys/forza_ws/race_stack/install/joy_teleop:/home/misys/forza_ws/race_stack/install/steering_lookup:/home/misys/forza_ws/race_stack/install/state_machine:/home/misys/forza_ws/race_stack/install/slam_tuner:/home/misys/forza_ws/race_stack/install/state_estimation:/home/misys/forza_ws/race_stack/install/map_editor:/home/misys/forza_ws/race_stack/install/stack_master:/home/misys/forza_ws/race_stack/install/spline_planner:/home/misys/forza_ws/race_stack/install/sector_tuner:/home/misys/forza_ws/race_stack/install/perception:/home/misys/forza_ws/race_stack/install/particle_filter:/home/misys/forza_ws/race_stack/install/opponent_publisher:/home/misys/forza_ws/race_stack/install/mouse_teleop:/home/misys/forza_ws/race_stack/install/lap_analyser:/home/misys/forza_ws/race_stack/install/key_teleop:/home/misys/forza_ws/race_stack/install/id_controller:/home/misys/forza_ws/race_stack/install/global_planner:/home/misys/forza_ws/race_stack/install/frenet_odom_republisher:/home/misys/forza_ws/race_stack/install/frenet_conversion:/home/misys/forza_ws/race_stack/install/f1tenth_gym_ros:/home/misys/forza_ws/race_stack/install/controller:/opt/ros/humble /usr/bin/cmake --build /home/misys/forza_ws/race_stack/build/ackermann_mux -- -j6 -l6
[1.281s] [100%] Built target ackermann_mux
[2.137s] Invoked command in '/home/misys/forza_ws/race_stack/build/ackermann_mux' returned '0': CMAKE_PREFIX_PATH=${CMAKE_PREFIX_PATH}:/home/misys/forza_ws/race_stack/install/f1tenth_stack:/home/misys/forza_ws/race_stack/install/joy_teleop:/home/misys/forza_ws/race_stack/install/steering_lookup:/home/misys/forza_ws/race_stack/install/state_machine:/home/misys/forza_ws/race_stack/install/slam_tuner:/home/misys/forza_ws/race_stack/install/state_estimation:/home/misys/forza_ws/race_stack/install/map_editor:/home/misys/forza_ws/race_stack/install/stack_master:/home/misys/forza_ws/race_stack/install/spline_planner:/home/misys/forza_ws/race_stack/install/sector_tuner:/home/misys/forza_ws/race_stack/install/perception:/home/misys/forza_ws/race_stack/install/particle_filter:/home/misys/forza_ws/race_stack/install/opponent_publisher:/home/misys/forza_ws/race_stack/install/mouse_teleop:/home/misys/forza_ws/race_stack/install/lap_analyser:/home/misys/forza_ws/race_stack/install/key_teleop:/home/misys/forza_ws/race_stack/install/id_controller:/home/misys/forza_ws/race_stack/install/global_planner:/home/misys/forza_ws/race_stack/install/frenet_odom_republisher:/home/misys/forza_ws/race_stack/install/frenet_conversion:/home/misys/forza_ws/race_stack/install/f1tenth_gym_ros:/home/misys/forza_ws/race_stack/install/controller:/opt/ros/humble /usr/bin/cmake --build /home/misys/forza_ws/race_stack/build/ackermann_mux -- -j6 -l6
[2.166s] Invoking command in '/home/misys/forza_ws/race_stack/build/ackermann_mux': CMAKE_PREFIX_PATH=${CMAKE_PREFIX_PATH}:/home/misys/forza_ws/race_stack/install/f1tenth_stack:/home/misys/forza_ws/race_stack/install/joy_teleop:/home/misys/forza_ws/race_stack/install/steering_lookup:/home/misys/forza_ws/race_stack/install/state_machine:/home/misys/forza_ws/race_stack/install/slam_tuner:/home/misys/forza_ws/race_stack/install/state_estimation:/home/misys/forza_ws/race_stack/install/map_editor:/home/misys/forza_ws/race_stack/install/stack_master:/home/misys/forza_ws/race_stack/install/spline_planner:/home/misys/forza_ws/race_stack/install/sector_tuner:/home/misys/forza_ws/race_stack/install/perception:/home/misys/forza_ws/race_stack/install/particle_filter:/home/misys/forza_ws/race_stack/install/opponent_publisher:/home/misys/forza_ws/race_stack/install/mouse_teleop:/home/misys/forza_ws/race_stack/install/lap_analyser:/home/misys/forza_ws/race_stack/install/key_teleop:/home/misys/forza_ws/race_stack/install/id_controller:/home/misys/forza_ws/race_stack/install/global_planner:/home/misys/forza_ws/race_stack/install/frenet_odom_republisher:/home/misys/forza_ws/race_stack/install/frenet_conversion:/home/misys/forza_ws/race_stack/install/f1tenth_gym_ros:/home/misys/forza_ws/race_stack/install/controller:/opt/ros/humble /usr/bin/cmake --install /home/misys/forza_ws/race_stack/build/ackermann_mux
[2.187s] -- Install configuration: ""
[2.188s] -- Up-to-date: /home/misys/forza_ws/race_stack/install/ackermann_mux/lib/ackermann_mux/ackermann_mux
[2.189s] -- Up-to-date: /home/misys/forza_ws/race_stack/install/ackermann_mux/share/ackermann_mux/launch
[2.189s] -- Up-to-date: /home/misys/forza_ws/race_stack/install/ackermann_mux/share/ackermann_mux/launch/ackermann_mux_launch.py
[2.190s] -- Up-to-date: /home/misys/forza_ws/race_stack/install/ackermann_mux/share/ackermann_mux/config
[2.191s] -- Up-to-date: /home/misys/forza_ws/race_stack/install/ackermann_mux/share/ackermann_mux/config/ackermann_mux_topics.yaml
[2.191s] -- Up-to-date: /home/misys/forza_ws/race_stack/install/ackermann_mux/share/ackermann_mux/config/joystick.yaml
[2.191s] -- Up-to-date: /home/misys/forza_ws/race_stack/install/ackermann_mux/share/ackermann_mux/config/ackermann_mux_locks.yaml
[2.192s] -- Up-to-date: /home/misys/forza_ws/race_stack/install/ackermann_mux/include
[2.192s] -- Up-to-date: /home/misys/forza_ws/race_stack/install/ackermann_mux/include/ackermann_mux
[2.192s] -- Up-to-date: /home/misys/forza_ws/race_stack/install/ackermann_mux/include/ackermann_mux/params_helpers.hpp
[2.192s] -- Up-to-date: /home/misys/forza_ws/race_stack/install/ackermann_mux/include/ackermann_mux/topic_handle.hpp
[2.192s] -- Up-to-date: /home/misys/forza_ws/race_stack/install/ackermann_mux/include/ackermann_mux/ackermann_mux_diagnostics_status.hpp
[2.198s] -- Up-to-date: /home/misys/forza_ws/race_stack/install/ackermann_mux/include/ackermann_mux/utils.hpp
[2.198s] -- Up-to-date: /home/misys/forza_ws/race_stack/install/ackermann_mux/include/ackermann_mux/ackermann_mux.hpp
[2.199s] -- Up-to-date: /home/misys/forza_ws/race_stack/install/ackermann_mux/include/ackermann_mux/ackermann_mux_diagnostics.hpp
[2.199s] -- Up-to-date: /home/misys/forza_ws/race_stack/install/ackermann_mux/share/ament_index/resource_index/package_run_dependencies/ackermann_mux
[2.201s] -- Up-to-date: /home/misys/forza_ws/race_stack/install/ackermann_mux/share/ament_index/resource_index/parent_prefix_path/ackermann_mux
[2.202s] -- Up-to-date: /home/misys/forza_ws/race_stack/install/ackermann_mux/share/ackermann_mux/environment/ament_prefix_path.sh
[2.202s] -- Up-to-date: /home/misys/forza_ws/race_stack/install/ackermann_mux/share/ackermann_mux/environment/ament_prefix_path.dsv
[2.203s] -- Up-to-date: /home/misys/forza_ws/race_stack/install/ackermann_mux/share/ackermann_mux/environment/path.sh
[2.204s] -- Up-to-date: /home/misys/forza_ws/race_stack/install/ackermann_mux/share/ackermann_mux/environment/path.dsv
[2.205s] -- Up-to-date: /home/misys/forza_ws/race_stack/install/ackermann_mux/share/ackermann_mux/local_setup.bash
[2.206s] -- Up-to-date: /home/misys/forza_ws/race_stack/install/ackermann_mux/share/ackermann_mux/local_setup.sh
[2.206s] -- Up-to-date: /home/misys/forza_ws/race_stack/install/ackermann_mux/share/ackermann_mux/local_setup.zsh
[2.206s] -- Up-to-date: /home/misys/forza_ws/race_stack/install/ackermann_mux/share/ackermann_mux/local_setup.dsv
[2.206s] -- Installing: /home/misys/forza_ws/race_stack/install/ackermann_mux/share/ackermann_mux/package.dsv
[2.207s] -- Up-to-date: /home/misys/forza_ws/race_stack/install/ackermann_mux/share/ament_index/resource_index/packages/ackermann_mux
[2.207s] -- Up-to-date: /home/misys/forza_ws/race_stack/install/ackermann_mux/share/ackermann_mux/cmake/ament_cmake_export_include_directories-extras.cmake
[2.207s] -- Up-to-date: /home/misys/forza_ws/race_stack/install/ackermann_mux/share/ackermann_mux/cmake/ament_cmake_export_dependencies-extras.cmake
[2.207s] -- Up-to-date: /home/misys/forza_ws/race_stack/install/ackermann_mux/share/ackermann_mux/cmake/ackermann_muxConfig.cmake
[2.208s] -- Up-to-date: /home/misys/forza_ws/race_stack/install/ackermann_mux/share/ackermann_mux/cmake/ackermann_muxConfig-version.cmake
[2.209s] -- Up-to-date: /home/misys/forza_ws/race_stack/install/ackermann_mux/share/ackermann_mux/package.xml
[2.440s] Invoked command in '/home/misys/forza_ws/race_stack/build/ackermann_mux' returned '0': CMAKE_PREFIX_PATH=${CMAKE_PREFIX_PATH}:/home/misys/forza_ws/race_stack/install/f1tenth_stack:/home/misys/forza_ws/race_stack/install/joy_teleop:/home/misys/forza_ws/race_stack/install/steering_lookup:/home/misys/forza_ws/race_stack/install/state_machine:/home/misys/forza_ws/race_stack/install/slam_tuner:/home/misys/forza_ws/race_stack/install/state_estimation:/home/misys/forza_ws/race_stack/install/map_editor:/home/misys/forza_ws/race_stack/install/stack_master:/home/misys/forza_ws/race_stack/install/spline_planner:/home/misys/forza_ws/race_stack/install/sector_tuner:/home/misys/forza_ws/race_stack/install/perception:/home/misys/forza_ws/race_stack/install/particle_filter:/home/misys/forza_ws/race_stack/install/opponent_publisher:/home/misys/forza_ws/race_stack/install/mouse_teleop:/home/misys/forza_ws/race_stack/install/lap_analyser:/home/misys/forza_ws/race_stack/install/key_teleop:/home/misys/forza_ws/race_stack/install/id_controller:/home/misys/forza_ws/race_stack/install/global_planner:/home/misys/forza_ws/race_stack/install/frenet_odom_republisher:/home/misys/forza_ws/race_stack/install/frenet_conversion:/home/misys/forza_ws/race_stack/install/f1tenth_gym_ros:/home/misys/forza_ws/race_stack/install/controller:/opt/ros/humble /usr/bin/cmake --install /home/misys/forza_ws/race_stack/build/ackermann_mux
