[0.089s] Invoking command in '/home/misys/forza_ws/race_stack/build/teleop_tools_msgs': CMAKE_PREFIX_PATH=${CMAKE_PREFIX_PATH}:/home/misys/forza_ws/race_stack/install/f1tenth_stack:/home/misys/forza_ws/race_stack/install/joy_teleop:/home/misys/forza_ws/race_stack/install/steering_lookup:/home/misys/forza_ws/race_stack/install/state_machine:/home/misys/forza_ws/race_stack/install/slam_tuner:/home/misys/forza_ws/race_stack/install/state_estimation:/home/misys/forza_ws/race_stack/install/map_editor:/home/misys/forza_ws/race_stack/install/stack_master:/home/misys/forza_ws/race_stack/install/spline_planner:/home/misys/forza_ws/race_stack/install/sector_tuner:/home/misys/forza_ws/race_stack/install/perception:/home/misys/forza_ws/race_stack/install/particle_filter:/home/misys/forza_ws/race_stack/install/opponent_publisher:/home/misys/forza_ws/race_stack/install/mouse_teleop:/home/misys/forza_ws/race_stack/install/lap_analyser:/home/misys/forza_ws/race_stack/install/key_teleop:/home/misys/forza_ws/race_stack/install/id_controller:/home/misys/forza_ws/race_stack/install/global_planner:/home/misys/forza_ws/race_stack/install/frenet_odom_republisher:/home/misys/forza_ws/race_stack/install/frenet_conversion:/home/misys/forza_ws/race_stack/install/f1tenth_gym_ros:/home/misys/forza_ws/race_stack/install/controller:/opt/ros/humble /usr/bin/cmake --build /home/misys/forza_ws/race_stack/build/teleop_tools_msgs -- -j6 -l6
[1.367s] [  3%] Built target teleop_tools_msgs__cpp
[1.367s] [ 12%] Built target teleop_tools_msgs__rosidl_generator_c
[1.367s] [ 12%] Built target ament_cmake_python_copy_teleop_tools_msgs
[1.368s] [ 22%] Built target teleop_tools_msgs__rosidl_typesupport_cpp
[1.368s] [ 32%] Built target teleop_tools_msgs__rosidl_typesupport_introspection_cpp
[1.368s] [ 41%] Built target teleop_tools_msgs__rosidl_typesupport_fastrtps_cpp
[1.368s] [ 51%] Built target teleop_tools_msgs__rosidl_typesupport_introspection_c
[1.368s] [ 61%] Built target teleop_tools_msgs__rosidl_typesupport_c
[1.368s] [ 70%] Built target teleop_tools_msgs__rosidl_typesupport_fastrtps_c
[1.368s] [ 70%] Built target teleop_tools_msgs
[1.368s] [ 74%] Built target teleop_tools_msgs__py
[1.369s] [ 80%] Built target teleop_tools_msgs__rosidl_generator_py
[1.369s] [ 87%] Built target teleop_tools_msgs__rosidl_typesupport_c__pyext
[1.369s] [ 93%] Built target teleop_tools_msgs__rosidl_typesupport_fastrtps_c__pyext
[1.369s] [100%] Built target teleop_tools_msgs__rosidl_typesupport_introspection_c__pyext
[1.502s] running egg_info
[1.504s] writing teleop_tools_msgs.egg-info/PKG-INFO
[1.504s] writing dependency_links to teleop_tools_msgs.egg-info/dependency_links.txt
[1.505s] writing top-level names to teleop_tools_msgs.egg-info/top_level.txt
[1.512s] reading manifest file 'teleop_tools_msgs.egg-info/SOURCES.txt'
[1.514s] writing manifest file 'teleop_tools_msgs.egg-info/SOURCES.txt'
[1.595s] [100%] Built target ament_cmake_python_build_teleop_tools_msgs_egg
[2.171s] Invoked command in '/home/misys/forza_ws/race_stack/build/teleop_tools_msgs' returned '0': CMAKE_PREFIX_PATH=${CMAKE_PREFIX_PATH}:/home/misys/forza_ws/race_stack/install/f1tenth_stack:/home/misys/forza_ws/race_stack/install/joy_teleop:/home/misys/forza_ws/race_stack/install/steering_lookup:/home/misys/forza_ws/race_stack/install/state_machine:/home/misys/forza_ws/race_stack/install/slam_tuner:/home/misys/forza_ws/race_stack/install/state_estimation:/home/misys/forza_ws/race_stack/install/map_editor:/home/misys/forza_ws/race_stack/install/stack_master:/home/misys/forza_ws/race_stack/install/spline_planner:/home/misys/forza_ws/race_stack/install/sector_tuner:/home/misys/forza_ws/race_stack/install/perception:/home/misys/forza_ws/race_stack/install/particle_filter:/home/misys/forza_ws/race_stack/install/opponent_publisher:/home/misys/forza_ws/race_stack/install/mouse_teleop:/home/misys/forza_ws/race_stack/install/lap_analyser:/home/misys/forza_ws/race_stack/install/key_teleop:/home/misys/forza_ws/race_stack/install/id_controller:/home/misys/forza_ws/race_stack/install/global_planner:/home/misys/forza_ws/race_stack/install/frenet_odom_republisher:/home/misys/forza_ws/race_stack/install/frenet_conversion:/home/misys/forza_ws/race_stack/install/f1tenth_gym_ros:/home/misys/forza_ws/race_stack/install/controller:/opt/ros/humble /usr/bin/cmake --build /home/misys/forza_ws/race_stack/build/teleop_tools_msgs -- -j6 -l6
[2.174s] Invoking command in '/home/misys/forza_ws/race_stack/build/teleop_tools_msgs': CMAKE_PREFIX_PATH=${CMAKE_PREFIX_PATH}:/home/misys/forza_ws/race_stack/install/f1tenth_stack:/home/misys/forza_ws/race_stack/install/joy_teleop:/home/misys/forza_ws/race_stack/install/steering_lookup:/home/misys/forza_ws/race_stack/install/state_machine:/home/misys/forza_ws/race_stack/install/slam_tuner:/home/misys/forza_ws/race_stack/install/state_estimation:/home/misys/forza_ws/race_stack/install/map_editor:/home/misys/forza_ws/race_stack/install/stack_master:/home/misys/forza_ws/race_stack/install/spline_planner:/home/misys/forza_ws/race_stack/install/sector_tuner:/home/misys/forza_ws/race_stack/install/perception:/home/misys/forza_ws/race_stack/install/particle_filter:/home/misys/forza_ws/race_stack/install/opponent_publisher:/home/misys/forza_ws/race_stack/install/mouse_teleop:/home/misys/forza_ws/race_stack/install/lap_analyser:/home/misys/forza_ws/race_stack/install/key_teleop:/home/misys/forza_ws/race_stack/install/id_controller:/home/misys/forza_ws/race_stack/install/global_planner:/home/misys/forza_ws/race_stack/install/frenet_odom_republisher:/home/misys/forza_ws/race_stack/install/frenet_conversion:/home/misys/forza_ws/race_stack/install/f1tenth_gym_ros:/home/misys/forza_ws/race_stack/install/controller:/opt/ros/humble /usr/bin/cmake --install /home/misys/forza_ws/race_stack/build/teleop_tools_msgs
[2.251s] -- Install configuration: ""
[2.251s] -- Up-to-date: /home/misys/forza_ws/race_stack/install/teleop_tools_msgs/share/ament_index/resource_index/rosidl_interfaces/teleop_tools_msgs
[2.252s] -- Up-to-date: /home/misys/forza_ws/race_stack/install/teleop_tools_msgs/include/teleop_tools_msgs/teleop_tools_msgs
[2.252s] -- Up-to-date: /home/misys/forza_ws/race_stack/install/teleop_tools_msgs/include/teleop_tools_msgs/teleop_tools_msgs/action
[2.252s] -- Up-to-date: /home/misys/forza_ws/race_stack/install/teleop_tools_msgs/include/teleop_tools_msgs/teleop_tools_msgs/action/detail
[2.253s] -- Up-to-date: /home/misys/forza_ws/race_stack/install/teleop_tools_msgs/include/teleop_tools_msgs/teleop_tools_msgs/action/detail/increment__struct.h
[2.253s] -- Up-to-date: /home/misys/forza_ws/race_stack/install/teleop_tools_msgs/include/teleop_tools_msgs/teleop_tools_msgs/action/detail/increment__type_support.h
[2.253s] -- Up-to-date: /home/misys/forza_ws/race_stack/install/teleop_tools_msgs/include/teleop_tools_msgs/teleop_tools_msgs/action/detail/increment__functions.h
[2.253s] -- Up-to-date: /home/misys/forza_ws/race_stack/install/teleop_tools_msgs/include/teleop_tools_msgs/teleop_tools_msgs/action/detail/increment__functions.c
[2.253s] -- Up-to-date: /home/misys/forza_ws/race_stack/install/teleop_tools_msgs/include/teleop_tools_msgs/teleop_tools_msgs/action/increment.h
[2.254s] -- Up-to-date: /home/misys/forza_ws/race_stack/install/teleop_tools_msgs/include/teleop_tools_msgs/teleop_tools_msgs/msg
[2.254s] -- Up-to-date: /home/misys/forza_ws/race_stack/install/teleop_tools_msgs/include/teleop_tools_msgs/teleop_tools_msgs/msg/rosidl_generator_c__visibility_control.h
[2.254s] -- Up-to-date: /home/misys/forza_ws/race_stack/install/teleop_tools_msgs/share/teleop_tools_msgs/environment/library_path.sh
[2.255s] -- Up-to-date: /home/misys/forza_ws/race_stack/install/teleop_tools_msgs/share/teleop_tools_msgs/environment/library_path.dsv
[2.274s] -- Up-to-date: /home/misys/forza_ws/race_stack/install/teleop_tools_msgs/lib/libteleop_tools_msgs__rosidl_generator_c.so
[2.274s] -- Up-to-date: /home/misys/forza_ws/race_stack/install/teleop_tools_msgs/include/teleop_tools_msgs/teleop_tools_msgs
[2.277s] -- Up-to-date: /home/misys/forza_ws/race_stack/install/teleop_tools_msgs/include/teleop_tools_msgs/teleop_tools_msgs/action
[2.277s] -- Up-to-date: /home/misys/forza_ws/race_stack/install/teleop_tools_msgs/include/teleop_tools_msgs/teleop_tools_msgs/action/detail
[2.277s] -- Up-to-date: /home/misys/forza_ws/race_stack/install/teleop_tools_msgs/include/teleop_tools_msgs/teleop_tools_msgs/action/detail/increment__rosidl_typesupport_fastrtps_c.h
[2.277s] -- Up-to-date: /home/misys/forza_ws/race_stack/install/teleop_tools_msgs/include/teleop_tools_msgs/teleop_tools_msgs/msg
[2.277s] -- Up-to-date: /home/misys/forza_ws/race_stack/install/teleop_tools_msgs/include/teleop_tools_msgs/teleop_tools_msgs/msg/rosidl_typesupport_fastrtps_c__visibility_control.h
[2.280s] -- Up-to-date: /home/misys/forza_ws/race_stack/install/teleop_tools_msgs/lib/libteleop_tools_msgs__rosidl_typesupport_fastrtps_c.so
[2.282s] -- Up-to-date: /home/misys/forza_ws/race_stack/install/teleop_tools_msgs/include/teleop_tools_msgs/teleop_tools_msgs
[2.282s] -- Up-to-date: /home/misys/forza_ws/race_stack/install/teleop_tools_msgs/include/teleop_tools_msgs/teleop_tools_msgs/action
[2.282s] -- Up-to-date: /home/misys/forza_ws/race_stack/install/teleop_tools_msgs/include/teleop_tools_msgs/teleop_tools_msgs/action/detail
[2.282s] -- Up-to-date: /home/misys/forza_ws/race_stack/install/teleop_tools_msgs/include/teleop_tools_msgs/teleop_tools_msgs/action/detail/increment__rosidl_typesupport_introspection_c.h
[2.282s] -- Up-to-date: /home/misys/forza_ws/race_stack/install/teleop_tools_msgs/include/teleop_tools_msgs/teleop_tools_msgs/action/detail/increment__type_support.c
[2.283s] -- Up-to-date: /home/misys/forza_ws/race_stack/install/teleop_tools_msgs/include/teleop_tools_msgs/teleop_tools_msgs/msg
[2.283s] -- Up-to-date: /home/misys/forza_ws/race_stack/install/teleop_tools_msgs/include/teleop_tools_msgs/teleop_tools_msgs/msg/rosidl_typesupport_introspection_c__visibility_control.h
[2.284s] -- Up-to-date: /home/misys/forza_ws/race_stack/install/teleop_tools_msgs/lib/libteleop_tools_msgs__rosidl_typesupport_introspection_c.so
[2.285s] -- Up-to-date: /home/misys/forza_ws/race_stack/install/teleop_tools_msgs/lib/libteleop_tools_msgs__rosidl_typesupport_c.so
[2.285s] -- Up-to-date: /home/misys/forza_ws/race_stack/install/teleop_tools_msgs/include/teleop_tools_msgs/teleop_tools_msgs
[2.285s] -- Up-to-date: /home/misys/forza_ws/race_stack/install/teleop_tools_msgs/include/teleop_tools_msgs/teleop_tools_msgs/action
[2.286s] -- Up-to-date: /home/misys/forza_ws/race_stack/install/teleop_tools_msgs/include/teleop_tools_msgs/teleop_tools_msgs/action/detail
[2.286s] -- Up-to-date: /home/misys/forza_ws/race_stack/install/teleop_tools_msgs/include/teleop_tools_msgs/teleop_tools_msgs/action/detail/increment__builder.hpp
[2.286s] -- Up-to-date: /home/misys/forza_ws/race_stack/install/teleop_tools_msgs/include/teleop_tools_msgs/teleop_tools_msgs/action/detail/increment__traits.hpp
[2.286s] -- Up-to-date: /home/misys/forza_ws/race_stack/install/teleop_tools_msgs/include/teleop_tools_msgs/teleop_tools_msgs/action/detail/increment__struct.hpp
[2.286s] -- Up-to-date: /home/misys/forza_ws/race_stack/install/teleop_tools_msgs/include/teleop_tools_msgs/teleop_tools_msgs/action/detail/increment__type_support.hpp
[2.287s] -- Up-to-date: /home/misys/forza_ws/race_stack/install/teleop_tools_msgs/include/teleop_tools_msgs/teleop_tools_msgs/action/increment.hpp
[2.287s] -- Up-to-date: /home/misys/forza_ws/race_stack/install/teleop_tools_msgs/include/teleop_tools_msgs/teleop_tools_msgs/msg
[2.287s] -- Up-to-date: /home/misys/forza_ws/race_stack/install/teleop_tools_msgs/include/teleop_tools_msgs/teleop_tools_msgs/msg/rosidl_generator_cpp__visibility_control.hpp
[2.287s] -- Up-to-date: /home/misys/forza_ws/race_stack/install/teleop_tools_msgs/include/teleop_tools_msgs/teleop_tools_msgs
[2.288s] -- Up-to-date: /home/misys/forza_ws/race_stack/install/teleop_tools_msgs/include/teleop_tools_msgs/teleop_tools_msgs/action
[2.288s] -- Up-to-date: /home/misys/forza_ws/race_stack/install/teleop_tools_msgs/include/teleop_tools_msgs/teleop_tools_msgs/action/detail
[2.288s] -- Up-to-date: /home/misys/forza_ws/race_stack/install/teleop_tools_msgs/include/teleop_tools_msgs/teleop_tools_msgs/action/detail/increment__rosidl_typesupport_fastrtps_cpp.hpp
[2.288s] -- Up-to-date: /home/misys/forza_ws/race_stack/install/teleop_tools_msgs/include/teleop_tools_msgs/teleop_tools_msgs/action/detail/dds_fastrtps
[2.289s] -- Up-to-date: /home/misys/forza_ws/race_stack/install/teleop_tools_msgs/include/teleop_tools_msgs/teleop_tools_msgs/msg
[2.289s] -- Up-to-date: /home/misys/forza_ws/race_stack/install/teleop_tools_msgs/include/teleop_tools_msgs/teleop_tools_msgs/msg/rosidl_typesupport_fastrtps_cpp__visibility_control.h
[2.290s] -- Up-to-date: /home/misys/forza_ws/race_stack/install/teleop_tools_msgs/lib/libteleop_tools_msgs__rosidl_typesupport_fastrtps_cpp.so
[2.290s] -- Up-to-date: /home/misys/forza_ws/race_stack/install/teleop_tools_msgs/include/teleop_tools_msgs/teleop_tools_msgs
[2.290s] -- Up-to-date: /home/misys/forza_ws/race_stack/install/teleop_tools_msgs/include/teleop_tools_msgs/teleop_tools_msgs/action
[2.290s] -- Up-to-date: /home/misys/forza_ws/race_stack/install/teleop_tools_msgs/include/teleop_tools_msgs/teleop_tools_msgs/action/detail
[2.290s] -- Up-to-date: /home/misys/forza_ws/race_stack/install/teleop_tools_msgs/include/teleop_tools_msgs/teleop_tools_msgs/action/detail/increment__type_support.cpp
[2.291s] -- Up-to-date: /home/misys/forza_ws/race_stack/install/teleop_tools_msgs/include/teleop_tools_msgs/teleop_tools_msgs/action/detail/increment__rosidl_typesupport_introspection_cpp.hpp
[2.292s] -- Up-to-date: /home/misys/forza_ws/race_stack/install/teleop_tools_msgs/lib/libteleop_tools_msgs__rosidl_typesupport_introspection_cpp.so
[2.293s] -- Up-to-date: /home/misys/forza_ws/race_stack/install/teleop_tools_msgs/lib/libteleop_tools_msgs__rosidl_typesupport_cpp.so
[2.293s] -- Up-to-date: /home/misys/forza_ws/race_stack/install/teleop_tools_msgs/share/teleop_tools_msgs/environment/pythonpath.sh
[2.293s] -- Up-to-date: /home/misys/forza_ws/race_stack/install/teleop_tools_msgs/share/teleop_tools_msgs/environment/pythonpath.dsv
[2.294s] -- Up-to-date: /home/misys/forza_ws/race_stack/install/teleop_tools_msgs/local/lib/python3.10/dist-packages/teleop_tools_msgs-1.5.0-py3.10.egg-info
[2.295s] -- Installing: /home/misys/forza_ws/race_stack/install/teleop_tools_msgs/local/lib/python3.10/dist-packages/teleop_tools_msgs-1.5.0-py3.10.egg-info/dependency_links.txt
[2.296s] -- Installing: /home/misys/forza_ws/race_stack/install/teleop_tools_msgs/local/lib/python3.10/dist-packages/teleop_tools_msgs-1.5.0-py3.10.egg-info/PKG-INFO
[2.297s] -- Installing: /home/misys/forza_ws/race_stack/install/teleop_tools_msgs/local/lib/python3.10/dist-packages/teleop_tools_msgs-1.5.0-py3.10.egg-info/top_level.txt
[2.297s] -- Installing: /home/misys/forza_ws/race_stack/install/teleop_tools_msgs/local/lib/python3.10/dist-packages/teleop_tools_msgs-1.5.0-py3.10.egg-info/SOURCES.txt
[2.298s] -- Up-to-date: /home/misys/forza_ws/race_stack/install/teleop_tools_msgs/local/lib/python3.10/dist-packages/teleop_tools_msgs
[2.298s] -- Up-to-date: /home/misys/forza_ws/race_stack/install/teleop_tools_msgs/local/lib/python3.10/dist-packages/teleop_tools_msgs/_teleop_tools_msgs_s.ep.rosidl_typesupport_c.c
[2.298s] -- Up-to-date: /home/misys/forza_ws/race_stack/install/teleop_tools_msgs/local/lib/python3.10/dist-packages/teleop_tools_msgs/teleop_tools_msgs_s__rosidl_typesupport_introspection_c.cpython-310-aarch64-linux-gnu.so
[2.298s] -- Up-to-date: /home/misys/forza_ws/race_stack/install/teleop_tools_msgs/local/lib/python3.10/dist-packages/teleop_tools_msgs/teleop_tools_msgs_s__rosidl_typesupport_fastrtps_c.cpython-310-aarch64-linux-gnu.so
[2.298s] -- Up-to-date: /home/misys/forza_ws/race_stack/install/teleop_tools_msgs/local/lib/python3.10/dist-packages/teleop_tools_msgs/libteleop_tools_msgs__rosidl_generator_py.so
[2.299s] -- Up-to-date: /home/misys/forza_ws/race_stack/install/teleop_tools_msgs/local/lib/python3.10/dist-packages/teleop_tools_msgs/_teleop_tools_msgs_s.ep.rosidl_typesupport_introspection_c.c
[2.299s] -- Up-to-date: /home/misys/forza_ws/race_stack/install/teleop_tools_msgs/local/lib/python3.10/dist-packages/teleop_tools_msgs/_teleop_tools_msgs_s.ep.rosidl_typesupport_fastrtps_c.c
[2.300s] -- Up-to-date: /home/misys/forza_ws/race_stack/install/teleop_tools_msgs/local/lib/python3.10/dist-packages/teleop_tools_msgs/action
[2.301s] -- Up-to-date: /home/misys/forza_ws/race_stack/install/teleop_tools_msgs/local/lib/python3.10/dist-packages/teleop_tools_msgs/action/_increment.py
[2.302s] -- Up-to-date: /home/misys/forza_ws/race_stack/install/teleop_tools_msgs/local/lib/python3.10/dist-packages/teleop_tools_msgs/action/_increment_s.c
[2.302s] -- Up-to-date: /home/misys/forza_ws/race_stack/install/teleop_tools_msgs/local/lib/python3.10/dist-packages/teleop_tools_msgs/action/__init__.py
[2.303s] -- Up-to-date: /home/misys/forza_ws/race_stack/install/teleop_tools_msgs/local/lib/python3.10/dist-packages/teleop_tools_msgs/__init__.py
[2.304s] -- Up-to-date: /home/misys/forza_ws/race_stack/install/teleop_tools_msgs/local/lib/python3.10/dist-packages/teleop_tools_msgs/teleop_tools_msgs_s__rosidl_typesupport_c.cpython-310-aarch64-linux-gnu.so
[2.411s] Listing '/home/misys/forza_ws/race_stack/install/teleop_tools_msgs/local/lib/python3.10/dist-packages/teleop_tools_msgs'...
[2.411s] Listing '/home/misys/forza_ws/race_stack/install/teleop_tools_msgs/local/lib/python3.10/dist-packages/teleop_tools_msgs/action'...
[2.424s] -- Up-to-date: /home/misys/forza_ws/race_stack/install/teleop_tools_msgs/local/lib/python3.10/dist-packages/teleop_tools_msgs/teleop_tools_msgs_s__rosidl_typesupport_fastrtps_c.cpython-310-aarch64-linux-gnu.so
[2.425s] -- Up-to-date: /home/misys/forza_ws/race_stack/install/teleop_tools_msgs/local/lib/python3.10/dist-packages/teleop_tools_msgs/teleop_tools_msgs_s__rosidl_typesupport_introspection_c.cpython-310-aarch64-linux-gnu.so
[2.426s] -- Up-to-date: /home/misys/forza_ws/race_stack/install/teleop_tools_msgs/local/lib/python3.10/dist-packages/teleop_tools_msgs/teleop_tools_msgs_s__rosidl_typesupport_c.cpython-310-aarch64-linux-gnu.so
[2.426s] -- Up-to-date: /home/misys/forza_ws/race_stack/install/teleop_tools_msgs/lib/libteleop_tools_msgs__rosidl_generator_py.so
[2.427s] -- Up-to-date: /home/misys/forza_ws/race_stack/install/teleop_tools_msgs/share/teleop_tools_msgs/action/Increment.idl
[2.428s] -- Up-to-date: /home/misys/forza_ws/race_stack/install/teleop_tools_msgs/share/teleop_tools_msgs/action/Increment.action
[2.428s] -- Up-to-date: /home/misys/forza_ws/race_stack/install/teleop_tools_msgs/share/ament_index/resource_index/package_run_dependencies/teleop_tools_msgs
[2.428s] -- Up-to-date: /home/misys/forza_ws/race_stack/install/teleop_tools_msgs/share/ament_index/resource_index/parent_prefix_path/teleop_tools_msgs
[2.429s] -- Up-to-date: /home/misys/forza_ws/race_stack/install/teleop_tools_msgs/share/teleop_tools_msgs/environment/ament_prefix_path.sh
[2.429s] -- Up-to-date: /home/misys/forza_ws/race_stack/install/teleop_tools_msgs/share/teleop_tools_msgs/environment/ament_prefix_path.dsv
[2.429s] -- Up-to-date: /home/misys/forza_ws/race_stack/install/teleop_tools_msgs/share/teleop_tools_msgs/environment/path.sh
[2.429s] -- Up-to-date: /home/misys/forza_ws/race_stack/install/teleop_tools_msgs/share/teleop_tools_msgs/environment/path.dsv
[2.430s] -- Up-to-date: /home/misys/forza_ws/race_stack/install/teleop_tools_msgs/share/teleop_tools_msgs/local_setup.bash
[2.430s] -- Up-to-date: /home/misys/forza_ws/race_stack/install/teleop_tools_msgs/share/teleop_tools_msgs/local_setup.sh
[2.431s] -- Up-to-date: /home/misys/forza_ws/race_stack/install/teleop_tools_msgs/share/teleop_tools_msgs/local_setup.zsh
[2.431s] -- Up-to-date: /home/misys/forza_ws/race_stack/install/teleop_tools_msgs/share/teleop_tools_msgs/local_setup.dsv
[2.431s] -- Installing: /home/misys/forza_ws/race_stack/install/teleop_tools_msgs/share/teleop_tools_msgs/package.dsv
[2.431s] -- Up-to-date: /home/misys/forza_ws/race_stack/install/teleop_tools_msgs/share/ament_index/resource_index/packages/teleop_tools_msgs
[2.432s] -- Up-to-date: /home/misys/forza_ws/race_stack/install/teleop_tools_msgs/share/teleop_tools_msgs/cmake/export_teleop_tools_msgs__rosidl_generator_cExport.cmake
[2.432s] -- Up-to-date: /home/misys/forza_ws/race_stack/install/teleop_tools_msgs/share/teleop_tools_msgs/cmake/export_teleop_tools_msgs__rosidl_generator_cExport-noconfig.cmake
[2.432s] -- Up-to-date: /home/misys/forza_ws/race_stack/install/teleop_tools_msgs/share/teleop_tools_msgs/cmake/export_teleop_tools_msgs__rosidl_typesupport_fastrtps_cExport.cmake
[2.433s] -- Up-to-date: /home/misys/forza_ws/race_stack/install/teleop_tools_msgs/share/teleop_tools_msgs/cmake/export_teleop_tools_msgs__rosidl_typesupport_fastrtps_cExport-noconfig.cmake
[2.433s] -- Up-to-date: /home/misys/forza_ws/race_stack/install/teleop_tools_msgs/share/teleop_tools_msgs/cmake/teleop_tools_msgs__rosidl_typesupport_introspection_cExport.cmake
[2.433s] -- Up-to-date: /home/misys/forza_ws/race_stack/install/teleop_tools_msgs/share/teleop_tools_msgs/cmake/teleop_tools_msgs__rosidl_typesupport_introspection_cExport-noconfig.cmake
[2.433s] -- Up-to-date: /home/misys/forza_ws/race_stack/install/teleop_tools_msgs/share/teleop_tools_msgs/cmake/teleop_tools_msgs__rosidl_typesupport_cExport.cmake
[2.434s] -- Up-to-date: /home/misys/forza_ws/race_stack/install/teleop_tools_msgs/share/teleop_tools_msgs/cmake/teleop_tools_msgs__rosidl_typesupport_cExport-noconfig.cmake
[2.434s] -- Up-to-date: /home/misys/forza_ws/race_stack/install/teleop_tools_msgs/share/teleop_tools_msgs/cmake/export_teleop_tools_msgs__rosidl_generator_cppExport.cmake
[2.434s] -- Up-to-date: /home/misys/forza_ws/race_stack/install/teleop_tools_msgs/share/teleop_tools_msgs/cmake/export_teleop_tools_msgs__rosidl_typesupport_fastrtps_cppExport.cmake
[2.435s] -- Up-to-date: /home/misys/forza_ws/race_stack/install/teleop_tools_msgs/share/teleop_tools_msgs/cmake/export_teleop_tools_msgs__rosidl_typesupport_fastrtps_cppExport-noconfig.cmake
[2.435s] -- Up-to-date: /home/misys/forza_ws/race_stack/install/teleop_tools_msgs/share/teleop_tools_msgs/cmake/teleop_tools_msgs__rosidl_typesupport_introspection_cppExport.cmake
[2.435s] -- Up-to-date: /home/misys/forza_ws/race_stack/install/teleop_tools_msgs/share/teleop_tools_msgs/cmake/teleop_tools_msgs__rosidl_typesupport_introspection_cppExport-noconfig.cmake
[2.436s] -- Up-to-date: /home/misys/forza_ws/race_stack/install/teleop_tools_msgs/share/teleop_tools_msgs/cmake/teleop_tools_msgs__rosidl_typesupport_cppExport.cmake
[2.436s] -- Up-to-date: /home/misys/forza_ws/race_stack/install/teleop_tools_msgs/share/teleop_tools_msgs/cmake/teleop_tools_msgs__rosidl_typesupport_cppExport-noconfig.cmake
[2.436s] -- Up-to-date: /home/misys/forza_ws/race_stack/install/teleop_tools_msgs/share/teleop_tools_msgs/cmake/export_teleop_tools_msgs__rosidl_generator_pyExport.cmake
[2.436s] -- Up-to-date: /home/misys/forza_ws/race_stack/install/teleop_tools_msgs/share/teleop_tools_msgs/cmake/export_teleop_tools_msgs__rosidl_generator_pyExport-noconfig.cmake
[2.437s] -- Up-to-date: /home/misys/forza_ws/race_stack/install/teleop_tools_msgs/share/teleop_tools_msgs/cmake/rosidl_cmake-extras.cmake
[2.437s] -- Up-to-date: /home/misys/forza_ws/race_stack/install/teleop_tools_msgs/share/teleop_tools_msgs/cmake/ament_cmake_export_dependencies-extras.cmake
[2.437s] -- Up-to-date: /home/misys/forza_ws/race_stack/install/teleop_tools_msgs/share/teleop_tools_msgs/cmake/ament_cmake_export_include_directories-extras.cmake
[2.438s] -- Up-to-date: /home/misys/forza_ws/race_stack/install/teleop_tools_msgs/share/teleop_tools_msgs/cmake/ament_cmake_export_libraries-extras.cmake
[2.438s] -- Up-to-date: /home/misys/forza_ws/race_stack/install/teleop_tools_msgs/share/teleop_tools_msgs/cmake/ament_cmake_export_targets-extras.cmake
[2.438s] -- Up-to-date: /home/misys/forza_ws/race_stack/install/teleop_tools_msgs/share/teleop_tools_msgs/cmake/rosidl_cmake_export_typesupport_targets-extras.cmake
[2.439s] -- Up-to-date: /home/misys/forza_ws/race_stack/install/teleop_tools_msgs/share/teleop_tools_msgs/cmake/rosidl_cmake_export_typesupport_libraries-extras.cmake
[2.439s] -- Up-to-date: /home/misys/forza_ws/race_stack/install/teleop_tools_msgs/share/teleop_tools_msgs/cmake/teleop_tools_msgsConfig.cmake
[2.439s] -- Up-to-date: /home/misys/forza_ws/race_stack/install/teleop_tools_msgs/share/teleop_tools_msgs/cmake/teleop_tools_msgsConfig-version.cmake
[2.440s] -- Up-to-date: /home/misys/forza_ws/race_stack/install/teleop_tools_msgs/share/teleop_tools_msgs/package.xml
[3.295s] Invoked command in '/home/misys/forza_ws/race_stack/build/teleop_tools_msgs' returned '0': CMAKE_PREFIX_PATH=${CMAKE_PREFIX_PATH}:/home/misys/forza_ws/race_stack/install/f1tenth_stack:/home/misys/forza_ws/race_stack/install/joy_teleop:/home/misys/forza_ws/race_stack/install/steering_lookup:/home/misys/forza_ws/race_stack/install/state_machine:/home/misys/forza_ws/race_stack/install/slam_tuner:/home/misys/forza_ws/race_stack/install/state_estimation:/home/misys/forza_ws/race_stack/install/map_editor:/home/misys/forza_ws/race_stack/install/stack_master:/home/misys/forza_ws/race_stack/install/spline_planner:/home/misys/forza_ws/race_stack/install/sector_tuner:/home/misys/forza_ws/race_stack/install/perception:/home/misys/forza_ws/race_stack/install/particle_filter:/home/misys/forza_ws/race_stack/install/opponent_publisher:/home/misys/forza_ws/race_stack/install/mouse_teleop:/home/misys/forza_ws/race_stack/install/lap_analyser:/home/misys/forza_ws/race_stack/install/key_teleop:/home/misys/forza_ws/race_stack/install/id_controller:/home/misys/forza_ws/race_stack/install/global_planner:/home/misys/forza_ws/race_stack/install/frenet_odom_republisher:/home/misys/forza_ws/race_stack/install/frenet_conversion:/home/misys/forza_ws/race_stack/install/f1tenth_gym_ros:/home/misys/forza_ws/race_stack/install/controller:/opt/ros/humble /usr/bin/cmake --install /home/misys/forza_ws/race_stack/build/teleop_tools_msgs
