[0.061s] Invoking command in '/home/misys/forza_ws/race_stack/build/slam_toolbox': CMAKE_PREFIX_PATH=${CMAKE_PREFIX_PATH}:/home/misys/forza_ws/race_stack/install/f1tenth_stack:/home/misys/forza_ws/race_stack/install/joy_teleop:/home/misys/forza_ws/race_stack/install/steering_lookup:/home/misys/forza_ws/race_stack/install/state_machine:/home/misys/forza_ws/race_stack/install/slam_tuner:/home/misys/forza_ws/race_stack/install/state_estimation:/home/misys/forza_ws/race_stack/install/map_editor:/home/misys/forza_ws/race_stack/install/stack_master:/home/misys/forza_ws/race_stack/install/spline_planner:/home/misys/forza_ws/race_stack/install/sector_tuner:/home/misys/forza_ws/race_stack/install/perception:/home/misys/forza_ws/race_stack/install/particle_filter:/home/misys/forza_ws/race_stack/install/opponent_publisher:/home/misys/forza_ws/race_stack/install/mouse_teleop:/home/misys/forza_ws/race_stack/install/lap_analyser:/home/misys/forza_ws/race_stack/install/key_teleop:/home/misys/forza_ws/race_stack/install/id_controller:/home/misys/forza_ws/race_stack/install/global_planner:/home/misys/forza_ws/race_stack/install/frenet_odom_republisher:/home/misys/forza_ws/race_stack/install/frenet_conversion:/home/misys/forza_ws/race_stack/install/f1tenth_gym_ros:/home/misys/forza_ws/race_stack/install/controller:/opt/ros/humble /usr/bin/cmake --build /home/misys/forza_ws/race_stack/build/slam_toolbox -- -j6 -l6
[1.175s] [  2%] Built target kartoSlamToolbox
[1.175s] [  3%] Built target slam_toolbox__cpp
[1.175s] [ 12%] Built target slam_toolbox__rosidl_generator_c
[1.175s] [ 12%] Built target ament_cmake_python_copy_slam_toolbox
[1.176s] [ 20%] Built target slam_toolbox__rosidl_typesupport_cpp
[1.176s] [ 29%] Built target slam_toolbox__rosidl_typesupport_fastrtps_cpp
[1.176s] [ 37%] Built target slam_toolbox__rosidl_typesupport_introspection_cpp
[1.176s] [ 46%] Built target slam_toolbox__rosidl_typesupport_fastrtps_c
[1.176s] [ 54%] Built target slam_toolbox__rosidl_typesupport_c
[1.176s] [ 62%] Built target slam_toolbox__rosidl_typesupport_introspection_c
[1.176s] [ 66%] Built target ceres_solver_plugin
[1.176s] [ 66%] Built target SlamToolboxPlugin
[1.176s] [ 66%] Built target slam_toolbox
[1.177s] [ 71%] Built target toolbox_common
[1.177s] [ 71%] Built target slam_toolbox__py
[1.177s] [ 73%] Built target async_slam_toolbox
[1.177s] [ 75%] Built target sync_slam_toolbox
[1.177s] [ 76%] Built target lifelong_slam_toolbox
[1.177s] [ 77%] Built target localization_slam_toolbox
[1.177s] [ 79%] Built target merge_maps_kinematic
[1.177s] [ 87%] Built target slam_toolbox__rosidl_generator_py
[1.249s] [ 88%] Built target sync_slam_toolbox_node
[1.252s] [ 89%] Built target async_slam_toolbox_node
[1.277s] [ 91%] Built target lifelong_slam_toolbox_node
[1.304s] [ 92%] Built target slam_toolbox__rosidl_typesupport_fastrtps_c__pyext
[1.351s] [ 93%] Built target map_and_localization_slam_toolbox
[1.386s] [ 95%] Built target slam_toolbox__rosidl_typesupport_c__pyext
[1.405s] [ 97%] Built target slam_toolbox__rosidl_typesupport_introspection_c__pyext
[1.428s] [ 99%] Built target localization_slam_toolbox_node
[1.476s] running egg_info
[1.478s] writing slam_toolbox.egg-info/PKG-INFO
[1.478s] writing dependency_links to slam_toolbox.egg-info/dependency_links.txt
[1.479s] writing top-level names to slam_toolbox.egg-info/top_level.txt
[1.485s] reading manifest file 'slam_toolbox.egg-info/SOURCES.txt'
[1.486s] [100%] Built target map_and_localization_slam_toolbox_node
[1.487s] writing manifest file 'slam_toolbox.egg-info/SOURCES.txt'
[1.579s] [100%] Built target ament_cmake_python_build_slam_toolbox_egg
[2.014s] Invoked command in '/home/misys/forza_ws/race_stack/build/slam_toolbox' returned '0': CMAKE_PREFIX_PATH=${CMAKE_PREFIX_PATH}:/home/misys/forza_ws/race_stack/install/f1tenth_stack:/home/misys/forza_ws/race_stack/install/joy_teleop:/home/misys/forza_ws/race_stack/install/steering_lookup:/home/misys/forza_ws/race_stack/install/state_machine:/home/misys/forza_ws/race_stack/install/slam_tuner:/home/misys/forza_ws/race_stack/install/state_estimation:/home/misys/forza_ws/race_stack/install/map_editor:/home/misys/forza_ws/race_stack/install/stack_master:/home/misys/forza_ws/race_stack/install/spline_planner:/home/misys/forza_ws/race_stack/install/sector_tuner:/home/misys/forza_ws/race_stack/install/perception:/home/misys/forza_ws/race_stack/install/particle_filter:/home/misys/forza_ws/race_stack/install/opponent_publisher:/home/misys/forza_ws/race_stack/install/mouse_teleop:/home/misys/forza_ws/race_stack/install/lap_analyser:/home/misys/forza_ws/race_stack/install/key_teleop:/home/misys/forza_ws/race_stack/install/id_controller:/home/misys/forza_ws/race_stack/install/global_planner:/home/misys/forza_ws/race_stack/install/frenet_odom_republisher:/home/misys/forza_ws/race_stack/install/frenet_conversion:/home/misys/forza_ws/race_stack/install/f1tenth_gym_ros:/home/misys/forza_ws/race_stack/install/controller:/opt/ros/humble /usr/bin/cmake --build /home/misys/forza_ws/race_stack/build/slam_toolbox -- -j6 -l6
[2.018s] Invoking command in '/home/misys/forza_ws/race_stack/build/slam_toolbox': CMAKE_PREFIX_PATH=${CMAKE_PREFIX_PATH}:/home/misys/forza_ws/race_stack/install/f1tenth_stack:/home/misys/forza_ws/race_stack/install/joy_teleop:/home/misys/forza_ws/race_stack/install/steering_lookup:/home/misys/forza_ws/race_stack/install/state_machine:/home/misys/forza_ws/race_stack/install/slam_tuner:/home/misys/forza_ws/race_stack/install/state_estimation:/home/misys/forza_ws/race_stack/install/map_editor:/home/misys/forza_ws/race_stack/install/stack_master:/home/misys/forza_ws/race_stack/install/spline_planner:/home/misys/forza_ws/race_stack/install/sector_tuner:/home/misys/forza_ws/race_stack/install/perception:/home/misys/forza_ws/race_stack/install/particle_filter:/home/misys/forza_ws/race_stack/install/opponent_publisher:/home/misys/forza_ws/race_stack/install/mouse_teleop:/home/misys/forza_ws/race_stack/install/lap_analyser:/home/misys/forza_ws/race_stack/install/key_teleop:/home/misys/forza_ws/race_stack/install/id_controller:/home/misys/forza_ws/race_stack/install/global_planner:/home/misys/forza_ws/race_stack/install/frenet_odom_republisher:/home/misys/forza_ws/race_stack/install/frenet_conversion:/home/misys/forza_ws/race_stack/install/f1tenth_gym_ros:/home/misys/forza_ws/race_stack/install/controller:/opt/ros/humble /usr/bin/cmake --install /home/misys/forza_ws/race_stack/build/slam_toolbox
[2.045s] -- Install configuration: "Release"
[2.045s] -- Up-to-date: /home/misys/forza_ws/race_stack/install/slam_toolbox/share/ament_index/resource_index/rosidl_interfaces/slam_toolbox
[2.045s] -- Up-to-date: /home/misys/forza_ws/race_stack/install/slam_toolbox/include/slam_toolbox/slam_toolbox
[2.046s] -- Up-to-date: /home/misys/forza_ws/race_stack/install/slam_toolbox/include/slam_toolbox/slam_toolbox/msg
[2.046s] -- Up-to-date: /home/misys/forza_ws/race_stack/install/slam_toolbox/include/slam_toolbox/slam_toolbox/msg/rosidl_generator_c__visibility_control.h
[2.046s] -- Up-to-date: /home/misys/forza_ws/race_stack/install/slam_toolbox/include/slam_toolbox/slam_toolbox/srv
[2.046s] -- Up-to-date: /home/misys/forza_ws/race_stack/install/slam_toolbox/include/slam_toolbox/slam_toolbox/srv/toggle_interactive.h
[2.046s] -- Up-to-date: /home/misys/forza_ws/race_stack/install/slam_toolbox/include/slam_toolbox/slam_toolbox/srv/loop_closure.h
[2.046s] -- Up-to-date: /home/misys/forza_ws/race_stack/install/slam_toolbox/include/slam_toolbox/slam_toolbox/srv/detail
[2.046s] -- Up-to-date: /home/misys/forza_ws/race_stack/install/slam_toolbox/include/slam_toolbox/slam_toolbox/srv/detail/add_submap__struct.h
[2.046s] -- Up-to-date: /home/misys/forza_ws/race_stack/install/slam_toolbox/include/slam_toolbox/slam_toolbox/srv/detail/toggle_interactive__functions.h
[2.046s] -- Up-to-date: /home/misys/forza_ws/race_stack/install/slam_toolbox/include/slam_toolbox/slam_toolbox/srv/detail/pause__functions.h
[2.047s] -- Up-to-date: /home/misys/forza_ws/race_stack/install/slam_toolbox/include/slam_toolbox/slam_toolbox/srv/detail/serialize_pose_graph__functions.h
[2.047s] -- Up-to-date: /home/misys/forza_ws/race_stack/install/slam_toolbox/include/slam_toolbox/slam_toolbox/srv/detail/add_submap__functions.c
[2.047s] -- Up-to-date: /home/misys/forza_ws/race_stack/install/slam_toolbox/include/slam_toolbox/slam_toolbox/srv/detail/serialize_pose_graph__functions.c
[2.047s] -- Up-to-date: /home/misys/forza_ws/race_stack/install/slam_toolbox/include/slam_toolbox/slam_toolbox/srv/detail/clear_queue__struct.h
[2.047s] -- Up-to-date: /home/misys/forza_ws/race_stack/install/slam_toolbox/include/slam_toolbox/slam_toolbox/srv/detail/deserialize_pose_graph__struct.h
[2.048s] -- Up-to-date: /home/misys/forza_ws/race_stack/install/slam_toolbox/include/slam_toolbox/slam_toolbox/srv/detail/pause__type_support.h
[2.048s] -- Up-to-date: /home/misys/forza_ws/race_stack/install/slam_toolbox/include/slam_toolbox/slam_toolbox/srv/detail/clear__type_support.h
[2.048s] -- Up-to-date: /home/misys/forza_ws/race_stack/install/slam_toolbox/include/slam_toolbox/slam_toolbox/srv/detail/toggle_interactive__functions.c
[2.048s] -- Up-to-date: /home/misys/forza_ws/race_stack/install/slam_toolbox/include/slam_toolbox/slam_toolbox/srv/detail/merge_maps__struct.h
[2.049s] -- Up-to-date: /home/misys/forza_ws/race_stack/install/slam_toolbox/include/slam_toolbox/slam_toolbox/srv/detail/add_submap__type_support.h
[2.049s] -- Up-to-date: /home/misys/forza_ws/race_stack/install/slam_toolbox/include/slam_toolbox/slam_toolbox/srv/detail/add_submap__functions.h
[2.049s] -- Up-to-date: /home/misys/forza_ws/race_stack/install/slam_toolbox/include/slam_toolbox/slam_toolbox/srv/detail/save_map__type_support.h
[2.049s] -- Up-to-date: /home/misys/forza_ws/race_stack/install/slam_toolbox/include/slam_toolbox/slam_toolbox/srv/detail/clear_queue__functions.h
[2.049s] -- Up-to-date: /home/misys/forza_ws/race_stack/install/slam_toolbox/include/slam_toolbox/slam_toolbox/srv/detail/save_map__functions.c
[2.050s] -- Up-to-date: /home/misys/forza_ws/race_stack/install/slam_toolbox/include/slam_toolbox/slam_toolbox/srv/detail/serialize_pose_graph__type_support.h
[2.050s] -- Up-to-date: /home/misys/forza_ws/race_stack/install/slam_toolbox/include/slam_toolbox/slam_toolbox/srv/detail/deserialize_pose_graph__functions.h
[2.050s] -- Up-to-date: /home/misys/forza_ws/race_stack/install/slam_toolbox/include/slam_toolbox/slam_toolbox/srv/detail/clear_queue__functions.c
[2.050s] -- Up-to-date: /home/misys/forza_ws/race_stack/install/slam_toolbox/include/slam_toolbox/slam_toolbox/srv/detail/serialize_pose_graph__struct.h
[2.051s] -- Up-to-date: /home/misys/forza_ws/race_stack/install/slam_toolbox/include/slam_toolbox/slam_toolbox/srv/detail/toggle_interactive__struct.h
[2.051s] -- Up-to-date: /home/misys/forza_ws/race_stack/install/slam_toolbox/include/slam_toolbox/slam_toolbox/srv/detail/loop_closure__struct.h
[2.059s] -- Up-to-date: /home/misys/forza_ws/race_stack/install/slam_toolbox/include/slam_toolbox/slam_toolbox/srv/detail/merge_maps__functions.c
[2.060s] -- Up-to-date: /home/misys/forza_ws/race_stack/install/slam_toolbox/include/slam_toolbox/slam_toolbox/srv/detail/toggle_interactive__type_support.h
[2.061s] -- Up-to-date: /home/misys/forza_ws/race_stack/install/slam_toolbox/include/slam_toolbox/slam_toolbox/srv/detail/loop_closure__functions.c
[2.061s] -- Up-to-date: /home/misys/forza_ws/race_stack/install/slam_toolbox/include/slam_toolbox/slam_toolbox/srv/detail/deserialize_pose_graph__type_support.h
[2.061s] -- Up-to-date: /home/misys/forza_ws/race_stack/install/slam_toolbox/include/slam_toolbox/slam_toolbox/srv/detail/loop_closure__type_support.h
[2.061s] -- Up-to-date: /home/misys/forza_ws/race_stack/install/slam_toolbox/include/slam_toolbox/slam_toolbox/srv/detail/merge_maps__functions.h
[2.061s] -- Up-to-date: /home/misys/forza_ws/race_stack/install/slam_toolbox/include/slam_toolbox/slam_toolbox/srv/detail/loop_closure__functions.h
[2.061s] -- Up-to-date: /home/misys/forza_ws/race_stack/install/slam_toolbox/include/slam_toolbox/slam_toolbox/srv/detail/clear__struct.h
[2.061s] -- Up-to-date: /home/misys/forza_ws/race_stack/install/slam_toolbox/include/slam_toolbox/slam_toolbox/srv/detail/clear__functions.c
[2.062s] -- Up-to-date: /home/misys/forza_ws/race_stack/install/slam_toolbox/include/slam_toolbox/slam_toolbox/srv/detail/save_map__functions.h
[2.062s] -- Up-to-date: /home/misys/forza_ws/race_stack/install/slam_toolbox/include/slam_toolbox/slam_toolbox/srv/detail/save_map__struct.h
[2.062s] -- Up-to-date: /home/misys/forza_ws/race_stack/install/slam_toolbox/include/slam_toolbox/slam_toolbox/srv/detail/deserialize_pose_graph__functions.c
[2.062s] -- Up-to-date: /home/misys/forza_ws/race_stack/install/slam_toolbox/include/slam_toolbox/slam_toolbox/srv/detail/clear_queue__type_support.h
[2.062s] -- Up-to-date: /home/misys/forza_ws/race_stack/install/slam_toolbox/include/slam_toolbox/slam_toolbox/srv/detail/clear__functions.h
[2.062s] -- Up-to-date: /home/misys/forza_ws/race_stack/install/slam_toolbox/include/slam_toolbox/slam_toolbox/srv/detail/merge_maps__type_support.h
[2.062s] -- Up-to-date: /home/misys/forza_ws/race_stack/install/slam_toolbox/include/slam_toolbox/slam_toolbox/srv/detail/pause__functions.c
[2.062s] -- Up-to-date: /home/misys/forza_ws/race_stack/install/slam_toolbox/include/slam_toolbox/slam_toolbox/srv/detail/pause__struct.h
[2.063s] -- Up-to-date: /home/misys/forza_ws/race_stack/install/slam_toolbox/include/slam_toolbox/slam_toolbox/srv/clear.h
[2.063s] -- Up-to-date: /home/misys/forza_ws/race_stack/install/slam_toolbox/include/slam_toolbox/slam_toolbox/srv/deserialize_pose_graph.h
[2.063s] -- Up-to-date: /home/misys/forza_ws/race_stack/install/slam_toolbox/include/slam_toolbox/slam_toolbox/srv/clear_queue.h
[2.063s] -- Up-to-date: /home/misys/forza_ws/race_stack/install/slam_toolbox/include/slam_toolbox/slam_toolbox/srv/pause.h
[2.063s] -- Up-to-date: /home/misys/forza_ws/race_stack/install/slam_toolbox/include/slam_toolbox/slam_toolbox/srv/merge_maps.h
[2.063s] -- Up-to-date: /home/misys/forza_ws/race_stack/install/slam_toolbox/include/slam_toolbox/slam_toolbox/srv/add_submap.h
[2.063s] -- Up-to-date: /home/misys/forza_ws/race_stack/install/slam_toolbox/include/slam_toolbox/slam_toolbox/srv/serialize_pose_graph.h
[2.063s] -- Up-to-date: /home/misys/forza_ws/race_stack/install/slam_toolbox/include/slam_toolbox/slam_toolbox/srv/save_map.h
[2.063s] -- Up-to-date: /home/misys/forza_ws/race_stack/install/slam_toolbox/share/slam_toolbox/environment/library_path.sh
[2.064s] -- Up-to-date: /home/misys/forza_ws/race_stack/install/slam_toolbox/share/slam_toolbox/environment/library_path.dsv
[2.064s] -- Up-to-date: /home/misys/forza_ws/race_stack/install/slam_toolbox/lib/libslam_toolbox__rosidl_generator_c.so
[2.064s] -- Up-to-date: /home/misys/forza_ws/race_stack/install/slam_toolbox/include/slam_toolbox/slam_toolbox
[2.064s] -- Up-to-date: /home/misys/forza_ws/race_stack/install/slam_toolbox/include/slam_toolbox/slam_toolbox/msg
[2.064s] -- Up-to-date: /home/misys/forza_ws/race_stack/install/slam_toolbox/include/slam_toolbox/slam_toolbox/msg/rosidl_typesupport_fastrtps_c__visibility_control.h
[2.064s] -- Up-to-date: /home/misys/forza_ws/race_stack/install/slam_toolbox/include/slam_toolbox/slam_toolbox/srv
[2.064s] -- Up-to-date: /home/misys/forza_ws/race_stack/install/slam_toolbox/include/slam_toolbox/slam_toolbox/srv/detail
[2.064s] -- Up-to-date: /home/misys/forza_ws/race_stack/install/slam_toolbox/include/slam_toolbox/slam_toolbox/srv/detail/deserialize_pose_graph__rosidl_typesupport_fastrtps_c.h
[2.064s] -- Up-to-date: /home/misys/forza_ws/race_stack/install/slam_toolbox/include/slam_toolbox/slam_toolbox/srv/detail/serialize_pose_graph__rosidl_typesupport_fastrtps_c.h
[2.065s] -- Up-to-date: /home/misys/forza_ws/race_stack/install/slam_toolbox/include/slam_toolbox/slam_toolbox/srv/detail/clear__rosidl_typesupport_fastrtps_c.h
[2.065s] -- Up-to-date: /home/misys/forza_ws/race_stack/install/slam_toolbox/include/slam_toolbox/slam_toolbox/srv/detail/merge_maps__rosidl_typesupport_fastrtps_c.h
[2.065s] -- Up-to-date: /home/misys/forza_ws/race_stack/install/slam_toolbox/include/slam_toolbox/slam_toolbox/srv/detail/loop_closure__rosidl_typesupport_fastrtps_c.h
[2.065s] -- Up-to-date: /home/misys/forza_ws/race_stack/install/slam_toolbox/include/slam_toolbox/slam_toolbox/srv/detail/clear_queue__rosidl_typesupport_fastrtps_c.h
[2.065s] -- Up-to-date: /home/misys/forza_ws/race_stack/install/slam_toolbox/include/slam_toolbox/slam_toolbox/srv/detail/add_submap__rosidl_typesupport_fastrtps_c.h
[2.065s] -- Up-to-date: /home/misys/forza_ws/race_stack/install/slam_toolbox/include/slam_toolbox/slam_toolbox/srv/detail/pause__rosidl_typesupport_fastrtps_c.h
[2.065s] -- Up-to-date: /home/misys/forza_ws/race_stack/install/slam_toolbox/include/slam_toolbox/slam_toolbox/srv/detail/toggle_interactive__rosidl_typesupport_fastrtps_c.h
[2.065s] -- Up-to-date: /home/misys/forza_ws/race_stack/install/slam_toolbox/include/slam_toolbox/slam_toolbox/srv/detail/save_map__rosidl_typesupport_fastrtps_c.h
[2.065s] -- Up-to-date: /home/misys/forza_ws/race_stack/install/slam_toolbox/lib/libslam_toolbox__rosidl_typesupport_fastrtps_c.so
[2.066s] -- Up-to-date: /home/misys/forza_ws/race_stack/install/slam_toolbox/include/slam_toolbox/slam_toolbox
[2.066s] -- Up-to-date: /home/misys/forza_ws/race_stack/install/slam_toolbox/include/slam_toolbox/slam_toolbox/msg
[2.066s] -- Up-to-date: /home/misys/forza_ws/race_stack/install/slam_toolbox/include/slam_toolbox/slam_toolbox/msg/rosidl_generator_cpp__visibility_control.hpp
[2.066s] -- Up-to-date: /home/misys/forza_ws/race_stack/install/slam_toolbox/include/slam_toolbox/slam_toolbox/srv
[2.066s] -- Up-to-date: /home/misys/forza_ws/race_stack/install/slam_toolbox/include/slam_toolbox/slam_toolbox/srv/loop_closure.hpp
[2.066s] -- Up-to-date: /home/misys/forza_ws/race_stack/install/slam_toolbox/include/slam_toolbox/slam_toolbox/srv/clear_queue.hpp
[2.066s] -- Up-to-date: /home/misys/forza_ws/race_stack/install/slam_toolbox/include/slam_toolbox/slam_toolbox/srv/detail
[2.066s] -- Up-to-date: /home/misys/forza_ws/race_stack/install/slam_toolbox/include/slam_toolbox/slam_toolbox/srv/detail/add_submap__struct.hpp
[2.066s] -- Up-to-date: /home/misys/forza_ws/race_stack/install/slam_toolbox/include/slam_toolbox/slam_toolbox/srv/detail/clear_queue__traits.hpp
[2.067s] -- Up-to-date: /home/misys/forza_ws/race_stack/install/slam_toolbox/include/slam_toolbox/slam_toolbox/srv/detail/loop_closure__traits.hpp
[2.067s] -- Up-to-date: /home/misys/forza_ws/race_stack/install/slam_toolbox/include/slam_toolbox/slam_toolbox/srv/detail/pause__type_support.hpp
[2.067s] -- Up-to-date: /home/misys/forza_ws/race_stack/install/slam_toolbox/include/slam_toolbox/slam_toolbox/srv/detail/save_map__traits.hpp
[2.067s] -- Up-to-date: /home/misys/forza_ws/race_stack/install/slam_toolbox/include/slam_toolbox/slam_toolbox/srv/detail/add_submap__builder.hpp
[2.067s] -- Up-to-date: /home/misys/forza_ws/race_stack/install/slam_toolbox/include/slam_toolbox/slam_toolbox/srv/detail/clear_queue__struct.hpp
[2.072s] -- Up-to-date: /home/misys/forza_ws/race_stack/install/slam_toolbox/include/slam_toolbox/slam_toolbox/srv/detail/toggle_interactive__type_support.hpp
[2.073s] -- Up-to-date: /home/misys/forza_ws/race_stack/install/slam_toolbox/include/slam_toolbox/slam_toolbox/srv/detail/serialize_pose_graph__type_support.hpp
[2.073s] -- Up-to-date: /home/misys/forza_ws/race_stack/install/slam_toolbox/include/slam_toolbox/slam_toolbox/srv/detail/save_map__type_support.hpp
[2.073s] -- Up-to-date: /home/misys/forza_ws/race_stack/install/slam_toolbox/include/slam_toolbox/slam_toolbox/srv/detail/add_submap__traits.hpp
[2.073s] -- Up-to-date: /home/misys/forza_ws/race_stack/install/slam_toolbox/include/slam_toolbox/slam_toolbox/srv/detail/deserialize_pose_graph__traits.hpp
[2.073s] -- Up-to-date: /home/misys/forza_ws/race_stack/install/slam_toolbox/include/slam_toolbox/slam_toolbox/srv/detail/toggle_interactive__builder.hpp
[2.073s] -- Up-to-date: /home/misys/forza_ws/race_stack/install/slam_toolbox/include/slam_toolbox/slam_toolbox/srv/detail/merge_maps__builder.hpp
[2.073s] -- Up-to-date: /home/misys/forza_ws/race_stack/install/slam_toolbox/include/slam_toolbox/slam_toolbox/srv/detail/clear__type_support.hpp
[2.074s] -- Up-to-date: /home/misys/forza_ws/race_stack/install/slam_toolbox/include/slam_toolbox/slam_toolbox/srv/detail/clear__struct.hpp
[2.074s] -- Up-to-date: /home/misys/forza_ws/race_stack/install/slam_toolbox/include/slam_toolbox/slam_toolbox/srv/detail/clear_queue__builder.hpp
[2.074s] -- Up-to-date: /home/misys/forza_ws/race_stack/install/slam_toolbox/include/slam_toolbox/slam_toolbox/srv/detail/save_map__struct.hpp
[2.074s] -- Up-to-date: /home/misys/forza_ws/race_stack/install/slam_toolbox/include/slam_toolbox/slam_toolbox/srv/detail/serialize_pose_graph__builder.hpp
[2.074s] -- Up-to-date: /home/misys/forza_ws/race_stack/install/slam_toolbox/include/slam_toolbox/slam_toolbox/srv/detail/toggle_interactive__struct.hpp
[2.075s] -- Up-to-date: /home/misys/forza_ws/race_stack/install/slam_toolbox/include/slam_toolbox/slam_toolbox/srv/detail/pause__builder.hpp
[2.075s] -- Up-to-date: /home/misys/forza_ws/race_stack/install/slam_toolbox/include/slam_toolbox/slam_toolbox/srv/detail/clear__traits.hpp
[2.075s] -- Up-to-date: /home/misys/forza_ws/race_stack/install/slam_toolbox/include/slam_toolbox/slam_toolbox/srv/detail/clear__builder.hpp
[2.075s] -- Up-to-date: /home/misys/forza_ws/race_stack/install/slam_toolbox/include/slam_toolbox/slam_toolbox/srv/detail/pause__struct.hpp
[2.076s] -- Up-to-date: /home/misys/forza_ws/race_stack/install/slam_toolbox/include/slam_toolbox/slam_toolbox/srv/detail/merge_maps__traits.hpp
[2.076s] -- Up-to-date: /home/misys/forza_ws/race_stack/install/slam_toolbox/include/slam_toolbox/slam_toolbox/srv/detail/deserialize_pose_graph__struct.hpp
[2.076s] -- Up-to-date: /home/misys/forza_ws/race_stack/install/slam_toolbox/include/slam_toolbox/slam_toolbox/srv/detail/serialize_pose_graph__traits.hpp
[2.076s] -- Up-to-date: /home/misys/forza_ws/race_stack/install/slam_toolbox/include/slam_toolbox/slam_toolbox/srv/detail/deserialize_pose_graph__type_support.hpp
[2.076s] -- Up-to-date: /home/misys/forza_ws/race_stack/install/slam_toolbox/include/slam_toolbox/slam_toolbox/srv/detail/merge_maps__struct.hpp
[2.076s] -- Up-to-date: /home/misys/forza_ws/race_stack/install/slam_toolbox/include/slam_toolbox/slam_toolbox/srv/detail/serialize_pose_graph__struct.hpp
[2.077s] -- Up-to-date: /home/misys/forza_ws/race_stack/install/slam_toolbox/include/slam_toolbox/slam_toolbox/srv/detail/clear_queue__type_support.hpp
[2.077s] -- Up-to-date: /home/misys/forza_ws/race_stack/install/slam_toolbox/include/slam_toolbox/slam_toolbox/srv/detail/loop_closure__struct.hpp
[2.077s] -- Up-to-date: /home/misys/forza_ws/race_stack/install/slam_toolbox/include/slam_toolbox/slam_toolbox/srv/detail/toggle_interactive__traits.hpp
[2.077s] -- Up-to-date: /home/misys/forza_ws/race_stack/install/slam_toolbox/include/slam_toolbox/slam_toolbox/srv/detail/deserialize_pose_graph__builder.hpp
[2.077s] -- Up-to-date: /home/misys/forza_ws/race_stack/install/slam_toolbox/include/slam_toolbox/slam_toolbox/srv/detail/add_submap__type_support.hpp
[2.077s] -- Up-to-date: /home/misys/forza_ws/race_stack/install/slam_toolbox/include/slam_toolbox/slam_toolbox/srv/detail/pause__traits.hpp
[2.077s] -- Up-to-date: /home/misys/forza_ws/race_stack/install/slam_toolbox/include/slam_toolbox/slam_toolbox/srv/detail/merge_maps__type_support.hpp
[2.077s] -- Up-to-date: /home/misys/forza_ws/race_stack/install/slam_toolbox/include/slam_toolbox/slam_toolbox/srv/detail/loop_closure__builder.hpp
[2.077s] -- Up-to-date: /home/misys/forza_ws/race_stack/install/slam_toolbox/include/slam_toolbox/slam_toolbox/srv/detail/save_map__builder.hpp
[2.078s] -- Up-to-date: /home/misys/forza_ws/race_stack/install/slam_toolbox/include/slam_toolbox/slam_toolbox/srv/detail/loop_closure__type_support.hpp
[2.078s] -- Up-to-date: /home/misys/forza_ws/race_stack/install/slam_toolbox/include/slam_toolbox/slam_toolbox/srv/serialize_pose_graph.hpp
[2.078s] -- Up-to-date: /home/misys/forza_ws/race_stack/install/slam_toolbox/include/slam_toolbox/slam_toolbox/srv/deserialize_pose_graph.hpp
[2.078s] -- Up-to-date: /home/misys/forza_ws/race_stack/install/slam_toolbox/include/slam_toolbox/slam_toolbox/srv/clear.hpp
[2.078s] -- Up-to-date: /home/misys/forza_ws/race_stack/install/slam_toolbox/include/slam_toolbox/slam_toolbox/srv/toggle_interactive.hpp
[2.078s] -- Up-to-date: /home/misys/forza_ws/race_stack/install/slam_toolbox/include/slam_toolbox/slam_toolbox/srv/merge_maps.hpp
[2.078s] -- Up-to-date: /home/misys/forza_ws/race_stack/install/slam_toolbox/include/slam_toolbox/slam_toolbox/srv/pause.hpp
[2.078s] -- Up-to-date: /home/misys/forza_ws/race_stack/install/slam_toolbox/include/slam_toolbox/slam_toolbox/srv/save_map.hpp
[2.078s] -- Up-to-date: /home/misys/forza_ws/race_stack/install/slam_toolbox/include/slam_toolbox/slam_toolbox/srv/add_submap.hpp
[2.079s] -- Up-to-date: /home/misys/forza_ws/race_stack/install/slam_toolbox/include/slam_toolbox/slam_toolbox
[2.079s] -- Up-to-date: /home/misys/forza_ws/race_stack/install/slam_toolbox/include/slam_toolbox/slam_toolbox/msg
[2.079s] -- Up-to-date: /home/misys/forza_ws/race_stack/install/slam_toolbox/include/slam_toolbox/slam_toolbox/msg/rosidl_typesupport_fastrtps_cpp__visibility_control.h
[2.079s] -- Up-to-date: /home/misys/forza_ws/race_stack/install/slam_toolbox/include/slam_toolbox/slam_toolbox/srv
[2.080s] -- Up-to-date: /home/misys/forza_ws/race_stack/install/slam_toolbox/include/slam_toolbox/slam_toolbox/srv/detail
[2.080s] -- Up-to-date: /home/misys/forza_ws/race_stack/install/slam_toolbox/include/slam_toolbox/slam_toolbox/srv/detail/deserialize_pose_graph__rosidl_typesupport_fastrtps_cpp.hpp
[2.080s] -- Up-to-date: /home/misys/forza_ws/race_stack/install/slam_toolbox/include/slam_toolbox/slam_toolbox/srv/detail/toggle_interactive__rosidl_typesupport_fastrtps_cpp.hpp
[2.080s] -- Up-to-date: /home/misys/forza_ws/race_stack/install/slam_toolbox/include/slam_toolbox/slam_toolbox/srv/detail/add_submap__rosidl_typesupport_fastrtps_cpp.hpp
[2.080s] -- Up-to-date: /home/misys/forza_ws/race_stack/install/slam_toolbox/include/slam_toolbox/slam_toolbox/srv/detail/pause__rosidl_typesupport_fastrtps_cpp.hpp
[2.080s] -- Up-to-date: /home/misys/forza_ws/race_stack/install/slam_toolbox/include/slam_toolbox/slam_toolbox/srv/detail/merge_maps__rosidl_typesupport_fastrtps_cpp.hpp
[2.080s] -- Up-to-date: /home/misys/forza_ws/race_stack/install/slam_toolbox/include/slam_toolbox/slam_toolbox/srv/detail/serialize_pose_graph__rosidl_typesupport_fastrtps_cpp.hpp
[2.080s] -- Up-to-date: /home/misys/forza_ws/race_stack/install/slam_toolbox/include/slam_toolbox/slam_toolbox/srv/detail/dds_fastrtps
[2.080s] -- Up-to-date: /home/misys/forza_ws/race_stack/install/slam_toolbox/include/slam_toolbox/slam_toolbox/srv/detail/clear__rosidl_typesupport_fastrtps_cpp.hpp
[2.081s] -- Up-to-date: /home/misys/forza_ws/race_stack/install/slam_toolbox/include/slam_toolbox/slam_toolbox/srv/detail/save_map__rosidl_typesupport_fastrtps_cpp.hpp
[2.081s] -- Up-to-date: /home/misys/forza_ws/race_stack/install/slam_toolbox/include/slam_toolbox/slam_toolbox/srv/detail/clear_queue__rosidl_typesupport_fastrtps_cpp.hpp
[2.081s] -- Up-to-date: /home/misys/forza_ws/race_stack/install/slam_toolbox/include/slam_toolbox/slam_toolbox/srv/detail/loop_closure__rosidl_typesupport_fastrtps_cpp.hpp
[2.081s] -- Up-to-date: /home/misys/forza_ws/race_stack/install/slam_toolbox/lib/libslam_toolbox__rosidl_typesupport_fastrtps_cpp.so
[2.081s] -- Up-to-date: /home/misys/forza_ws/race_stack/install/slam_toolbox/include/slam_toolbox/slam_toolbox
[2.081s] -- Up-to-date: /home/misys/forza_ws/race_stack/install/slam_toolbox/include/slam_toolbox/slam_toolbox/msg
[2.081s] -- Up-to-date: /home/misys/forza_ws/race_stack/install/slam_toolbox/include/slam_toolbox/slam_toolbox/msg/rosidl_typesupport_introspection_c__visibility_control.h
[2.081s] -- Up-to-date: /home/misys/forza_ws/race_stack/install/slam_toolbox/include/slam_toolbox/slam_toolbox/srv
[2.081s] -- Up-to-date: /home/misys/forza_ws/race_stack/install/slam_toolbox/include/slam_toolbox/slam_toolbox/srv/detail
[2.082s] -- Up-to-date: /home/misys/forza_ws/race_stack/install/slam_toolbox/include/slam_toolbox/slam_toolbox/srv/detail/clear_queue__type_support.c
[2.082s] -- Up-to-date: /home/misys/forza_ws/race_stack/install/slam_toolbox/include/slam_toolbox/slam_toolbox/srv/detail/save_map__type_support.c
[2.082s] -- Up-to-date: /home/misys/forza_ws/race_stack/install/slam_toolbox/include/slam_toolbox/slam_toolbox/srv/detail/loop_closure__rosidl_typesupport_introspection_c.h
[2.082s] -- Up-to-date: /home/misys/forza_ws/race_stack/install/slam_toolbox/include/slam_toolbox/slam_toolbox/srv/detail/toggle_interactive__rosidl_typesupport_introspection_c.h
[2.082s] -- Up-to-date: /home/misys/forza_ws/race_stack/install/slam_toolbox/include/slam_toolbox/slam_toolbox/srv/detail/merge_maps__type_support.c
[2.082s] -- Up-to-date: /home/misys/forza_ws/race_stack/install/slam_toolbox/include/slam_toolbox/slam_toolbox/srv/detail/add_submap__type_support.c
[2.082s] -- Up-to-date: /home/misys/forza_ws/race_stack/install/slam_toolbox/include/slam_toolbox/slam_toolbox/srv/detail/merge_maps__rosidl_typesupport_introspection_c.h
[2.082s] -- Up-to-date: /home/misys/forza_ws/race_stack/install/slam_toolbox/include/slam_toolbox/slam_toolbox/srv/detail/clear_queue__rosidl_typesupport_introspection_c.h
[2.082s] -- Up-to-date: /home/misys/forza_ws/race_stack/install/slam_toolbox/include/slam_toolbox/slam_toolbox/srv/detail/clear__type_support.c
[2.083s] -- Up-to-date: /home/misys/forza_ws/race_stack/install/slam_toolbox/include/slam_toolbox/slam_toolbox/srv/detail/pause__rosidl_typesupport_introspection_c.h
[2.083s] -- Up-to-date: /home/misys/forza_ws/race_stack/install/slam_toolbox/include/slam_toolbox/slam_toolbox/srv/detail/clear__rosidl_typesupport_introspection_c.h
[2.083s] -- Up-to-date: /home/misys/forza_ws/race_stack/install/slam_toolbox/include/slam_toolbox/slam_toolbox/srv/detail/deserialize_pose_graph__type_support.c
[2.083s] -- Up-to-date: /home/misys/forza_ws/race_stack/install/slam_toolbox/include/slam_toolbox/slam_toolbox/srv/detail/add_submap__rosidl_typesupport_introspection_c.h
[2.083s] -- Up-to-date: /home/misys/forza_ws/race_stack/install/slam_toolbox/include/slam_toolbox/slam_toolbox/srv/detail/toggle_interactive__type_support.c
[2.083s] -- Up-to-date: /home/misys/forza_ws/race_stack/install/slam_toolbox/include/slam_toolbox/slam_toolbox/srv/detail/serialize_pose_graph__rosidl_typesupport_introspection_c.h
[2.083s] -- Up-to-date: /home/misys/forza_ws/race_stack/install/slam_toolbox/include/slam_toolbox/slam_toolbox/srv/detail/loop_closure__type_support.c
[2.083s] -- Up-to-date: /home/misys/forza_ws/race_stack/install/slam_toolbox/include/slam_toolbox/slam_toolbox/srv/detail/pause__type_support.c
[2.084s] -- Up-to-date: /home/misys/forza_ws/race_stack/install/slam_toolbox/include/slam_toolbox/slam_toolbox/srv/detail/deserialize_pose_graph__rosidl_typesupport_introspection_c.h
[2.084s] -- Up-to-date: /home/misys/forza_ws/race_stack/install/slam_toolbox/include/slam_toolbox/slam_toolbox/srv/detail/serialize_pose_graph__type_support.c
[2.084s] -- Up-to-date: /home/misys/forza_ws/race_stack/install/slam_toolbox/include/slam_toolbox/slam_toolbox/srv/detail/save_map__rosidl_typesupport_introspection_c.h
[2.084s] -- Up-to-date: /home/misys/forza_ws/race_stack/install/slam_toolbox/lib/libslam_toolbox__rosidl_typesupport_introspection_c.so
[2.084s] -- Up-to-date: /home/misys/forza_ws/race_stack/install/slam_toolbox/lib/libslam_toolbox__rosidl_typesupport_c.so
[2.084s] -- Up-to-date: /home/misys/forza_ws/race_stack/install/slam_toolbox/include/slam_toolbox/slam_toolbox
[2.084s] -- Up-to-date: /home/misys/forza_ws/race_stack/install/slam_toolbox/include/slam_toolbox/slam_toolbox/srv
[2.084s] -- Up-to-date: /home/misys/forza_ws/race_stack/install/slam_toolbox/include/slam_toolbox/slam_toolbox/srv/detail
[2.084s] -- Up-to-date: /home/misys/forza_ws/race_stack/install/slam_toolbox/include/slam_toolbox/slam_toolbox/srv/detail/pause__type_support.cpp
[2.085s] -- Up-to-date: /home/misys/forza_ws/race_stack/install/slam_toolbox/include/slam_toolbox/slam_toolbox/srv/detail/loop_closure__type_support.cpp
[2.085s] -- Up-to-date: /home/misys/forza_ws/race_stack/install/slam_toolbox/include/slam_toolbox/slam_toolbox/srv/detail/add_submap__type_support.cpp
[2.085s] -- Up-to-date: /home/misys/forza_ws/race_stack/install/slam_toolbox/include/slam_toolbox/slam_toolbox/srv/detail/save_map__rosidl_typesupport_introspection_cpp.hpp
[2.085s] -- Up-to-date: /home/misys/forza_ws/race_stack/install/slam_toolbox/include/slam_toolbox/slam_toolbox/srv/detail/loop_closure__rosidl_typesupport_introspection_cpp.hpp
[2.085s] -- Up-to-date: /home/misys/forza_ws/race_stack/install/slam_toolbox/include/slam_toolbox/slam_toolbox/srv/detail/merge_maps__rosidl_typesupport_introspection_cpp.hpp
[2.085s] -- Up-to-date: /home/misys/forza_ws/race_stack/install/slam_toolbox/include/slam_toolbox/slam_toolbox/srv/detail/clear__rosidl_typesupport_introspection_cpp.hpp
[2.085s] -- Up-to-date: /home/misys/forza_ws/race_stack/install/slam_toolbox/include/slam_toolbox/slam_toolbox/srv/detail/merge_maps__type_support.cpp
[2.085s] -- Up-to-date: /home/misys/forza_ws/race_stack/install/slam_toolbox/include/slam_toolbox/slam_toolbox/srv/detail/add_submap__rosidl_typesupport_introspection_cpp.hpp
[2.085s] -- Up-to-date: /home/misys/forza_ws/race_stack/install/slam_toolbox/include/slam_toolbox/slam_toolbox/srv/detail/clear_queue__type_support.cpp
[2.086s] -- Up-to-date: /home/misys/forza_ws/race_stack/install/slam_toolbox/include/slam_toolbox/slam_toolbox/srv/detail/pause__rosidl_typesupport_introspection_cpp.hpp
[2.086s] -- Up-to-date: /home/misys/forza_ws/race_stack/install/slam_toolbox/include/slam_toolbox/slam_toolbox/srv/detail/serialize_pose_graph__type_support.cpp
[2.086s] -- Up-to-date: /home/misys/forza_ws/race_stack/install/slam_toolbox/include/slam_toolbox/slam_toolbox/srv/detail/save_map__type_support.cpp
[2.086s] -- Up-to-date: /home/misys/forza_ws/race_stack/install/slam_toolbox/include/slam_toolbox/slam_toolbox/srv/detail/clear__type_support.cpp
[2.086s] -- Up-to-date: /home/misys/forza_ws/race_stack/install/slam_toolbox/include/slam_toolbox/slam_toolbox/srv/detail/clear_queue__rosidl_typesupport_introspection_cpp.hpp
[2.086s] -- Up-to-date: /home/misys/forza_ws/race_stack/install/slam_toolbox/include/slam_toolbox/slam_toolbox/srv/detail/deserialize_pose_graph__type_support.cpp
[2.086s] -- Up-to-date: /home/misys/forza_ws/race_stack/install/slam_toolbox/include/slam_toolbox/slam_toolbox/srv/detail/serialize_pose_graph__rosidl_typesupport_introspection_cpp.hpp
[2.086s] -- Up-to-date: /home/misys/forza_ws/race_stack/install/slam_toolbox/include/slam_toolbox/slam_toolbox/srv/detail/toggle_interactive__rosidl_typesupport_introspection_cpp.hpp
[2.086s] -- Up-to-date: /home/misys/forza_ws/race_stack/install/slam_toolbox/include/slam_toolbox/slam_toolbox/srv/detail/toggle_interactive__type_support.cpp
[2.087s] -- Up-to-date: /home/misys/forza_ws/race_stack/install/slam_toolbox/include/slam_toolbox/slam_toolbox/srv/detail/deserialize_pose_graph__rosidl_typesupport_introspection_cpp.hpp
[2.087s] -- Up-to-date: /home/misys/forza_ws/race_stack/install/slam_toolbox/lib/libslam_toolbox__rosidl_typesupport_introspection_cpp.so
[2.087s] -- Up-to-date: /home/misys/forza_ws/race_stack/install/slam_toolbox/lib/libslam_toolbox__rosidl_typesupport_cpp.so
[2.087s] -- Up-to-date: /home/misys/forza_ws/race_stack/install/slam_toolbox/share/slam_toolbox/environment/pythonpath.sh
[2.087s] -- Up-to-date: /home/misys/forza_ws/race_stack/install/slam_toolbox/share/slam_toolbox/environment/pythonpath.dsv
[2.087s] -- Up-to-date: /home/misys/forza_ws/race_stack/install/slam_toolbox/local/lib/python3.10/dist-packages/slam_toolbox-2.6.8-py3.10.egg-info
[2.087s] -- Installing: /home/misys/forza_ws/race_stack/install/slam_toolbox/local/lib/python3.10/dist-packages/slam_toolbox-2.6.8-py3.10.egg-info/dependency_links.txt
[2.087s] -- Installing: /home/misys/forza_ws/race_stack/install/slam_toolbox/local/lib/python3.10/dist-packages/slam_toolbox-2.6.8-py3.10.egg-info/PKG-INFO
[2.088s] -- Installing: /home/misys/forza_ws/race_stack/install/slam_toolbox/local/lib/python3.10/dist-packages/slam_toolbox-2.6.8-py3.10.egg-info/top_level.txt
[2.088s] -- Installing: /home/misys/forza_ws/race_stack/install/slam_toolbox/local/lib/python3.10/dist-packages/slam_toolbox-2.6.8-py3.10.egg-info/SOURCES.txt
[2.088s] -- Up-to-date: /home/misys/forza_ws/race_stack/install/slam_toolbox/local/lib/python3.10/dist-packages/slam_toolbox
[2.088s] -- Up-to-date: /home/misys/forza_ws/race_stack/install/slam_toolbox/local/lib/python3.10/dist-packages/slam_toolbox/_slam_toolbox_s.ep.rosidl_typesupport_fastrtps_c.c
[2.088s] -- Up-to-date: /home/misys/forza_ws/race_stack/install/slam_toolbox/local/lib/python3.10/dist-packages/slam_toolbox/slam_toolbox_s__rosidl_typesupport_c.cpython-310-aarch64-linux-gnu.so
[2.088s] -- Up-to-date: /home/misys/forza_ws/race_stack/install/slam_toolbox/local/lib/python3.10/dist-packages/slam_toolbox/slam_toolbox_s__rosidl_typesupport_fastrtps_c.cpython-310-aarch64-linux-gnu.so
[2.088s] -- Up-to-date: /home/misys/forza_ws/race_stack/install/slam_toolbox/local/lib/python3.10/dist-packages/slam_toolbox/slam_toolbox_s__rosidl_typesupport_introspection_c.cpython-310-aarch64-linux-gnu.so
[2.088s] -- Up-to-date: /home/misys/forza_ws/race_stack/install/slam_toolbox/local/lib/python3.10/dist-packages/slam_toolbox/_slam_toolbox_s.ep.rosidl_typesupport_introspection_c.c
[2.088s] -- Up-to-date: /home/misys/forza_ws/race_stack/install/slam_toolbox/local/lib/python3.10/dist-packages/slam_toolbox/libslam_toolbox__rosidl_generator_py.so
[2.089s] -- Up-to-date: /home/misys/forza_ws/race_stack/install/slam_toolbox/local/lib/python3.10/dist-packages/slam_toolbox/_slam_toolbox_s.ep.rosidl_typesupport_c.c
[2.089s] -- Up-to-date: /home/misys/forza_ws/race_stack/install/slam_toolbox/local/lib/python3.10/dist-packages/slam_toolbox/srv
[2.089s] -- Up-to-date: /home/misys/forza_ws/race_stack/install/slam_toolbox/local/lib/python3.10/dist-packages/slam_toolbox/srv/_clear_s.c
[2.089s] -- Up-to-date: /home/misys/forza_ws/race_stack/install/slam_toolbox/local/lib/python3.10/dist-packages/slam_toolbox/srv/_merge_maps_s.c
[2.089s] -- Up-to-date: /home/misys/forza_ws/race_stack/install/slam_toolbox/local/lib/python3.10/dist-packages/slam_toolbox/srv/_loop_closure.py
[2.089s] -- Up-to-date: /home/misys/forza_ws/race_stack/install/slam_toolbox/local/lib/python3.10/dist-packages/slam_toolbox/srv/_serialize_pose_graph.py
[2.089s] -- Up-to-date: /home/misys/forza_ws/race_stack/install/slam_toolbox/local/lib/python3.10/dist-packages/slam_toolbox/srv/_deserialize_pose_graph.py
[2.089s] -- Up-to-date: /home/misys/forza_ws/race_stack/install/slam_toolbox/local/lib/python3.10/dist-packages/slam_toolbox/srv/_clear.py
[2.095s] -- Up-to-date: /home/misys/forza_ws/race_stack/install/slam_toolbox/local/lib/python3.10/dist-packages/slam_toolbox/srv/_pause.py
[2.095s] -- Up-to-date: /home/misys/forza_ws/race_stack/install/slam_toolbox/local/lib/python3.10/dist-packages/slam_toolbox/srv/_deserialize_pose_graph_s.c
[2.095s] -- Up-to-date: /home/misys/forza_ws/race_stack/install/slam_toolbox/local/lib/python3.10/dist-packages/slam_toolbox/srv/_toggle_interactive_s.c
[2.095s] -- Up-to-date: /home/misys/forza_ws/race_stack/install/slam_toolbox/local/lib/python3.10/dist-packages/slam_toolbox/srv/_clear_queue.py
[2.095s] -- Up-to-date: /home/misys/forza_ws/race_stack/install/slam_toolbox/local/lib/python3.10/dist-packages/slam_toolbox/srv/_toggle_interactive.py
[2.095s] -- Up-to-date: /home/misys/forza_ws/race_stack/install/slam_toolbox/local/lib/python3.10/dist-packages/slam_toolbox/srv/_add_submap.py
[2.096s] -- Up-to-date: /home/misys/forza_ws/race_stack/install/slam_toolbox/local/lib/python3.10/dist-packages/slam_toolbox/srv/_save_map.py
[2.096s] -- Up-to-date: /home/misys/forza_ws/race_stack/install/slam_toolbox/local/lib/python3.10/dist-packages/slam_toolbox/srv/_add_submap_s.c
[2.096s] -- Up-to-date: /home/misys/forza_ws/race_stack/install/slam_toolbox/local/lib/python3.10/dist-packages/slam_toolbox/srv/_pause_s.c
[2.096s] -- Up-to-date: /home/misys/forza_ws/race_stack/install/slam_toolbox/local/lib/python3.10/dist-packages/slam_toolbox/srv/_save_map_s.c
[2.096s] -- Up-to-date: /home/misys/forza_ws/race_stack/install/slam_toolbox/local/lib/python3.10/dist-packages/slam_toolbox/srv/__init__.py
[2.096s] -- Up-to-date: /home/misys/forza_ws/race_stack/install/slam_toolbox/local/lib/python3.10/dist-packages/slam_toolbox/srv/_loop_closure_s.c
[2.096s] -- Up-to-date: /home/misys/forza_ws/race_stack/install/slam_toolbox/local/lib/python3.10/dist-packages/slam_toolbox/srv/_serialize_pose_graph_s.c
[2.096s] -- Up-to-date: /home/misys/forza_ws/race_stack/install/slam_toolbox/local/lib/python3.10/dist-packages/slam_toolbox/srv/_merge_maps.py
[2.096s] -- Up-to-date: /home/misys/forza_ws/race_stack/install/slam_toolbox/local/lib/python3.10/dist-packages/slam_toolbox/srv/_clear_queue_s.c
[2.097s] -- Up-to-date: /home/misys/forza_ws/race_stack/install/slam_toolbox/local/lib/python3.10/dist-packages/slam_toolbox/__init__.py
[2.197s] Listing '/home/misys/forza_ws/race_stack/install/slam_toolbox/local/lib/python3.10/dist-packages/slam_toolbox'...
[2.197s] Listing '/home/misys/forza_ws/race_stack/install/slam_toolbox/local/lib/python3.10/dist-packages/slam_toolbox/srv'...
[2.216s] -- Up-to-date: /home/misys/forza_ws/race_stack/install/slam_toolbox/local/lib/python3.10/dist-packages/slam_toolbox/slam_toolbox_s__rosidl_typesupport_fastrtps_c.cpython-310-aarch64-linux-gnu.so
[2.216s] -- Up-to-date: /home/misys/forza_ws/race_stack/install/slam_toolbox/local/lib/python3.10/dist-packages/slam_toolbox/slam_toolbox_s__rosidl_typesupport_introspection_c.cpython-310-aarch64-linux-gnu.so
[2.220s] -- Up-to-date: /home/misys/forza_ws/race_stack/install/slam_toolbox/local/lib/python3.10/dist-packages/slam_toolbox/slam_toolbox_s__rosidl_typesupport_c.cpython-310-aarch64-linux-gnu.so
[2.221s] -- Up-to-date: /home/misys/forza_ws/race_stack/install/slam_toolbox/lib/libslam_toolbox__rosidl_generator_py.so
[2.221s] -- Up-to-date: /home/misys/forza_ws/race_stack/install/slam_toolbox/share/slam_toolbox/srv/Pause.idl
[2.222s] -- Up-to-date: /home/misys/forza_ws/race_stack/install/slam_toolbox/share/slam_toolbox/srv/ClearQueue.idl
[2.222s] -- Up-to-date: /home/misys/forza_ws/race_stack/install/slam_toolbox/share/slam_toolbox/srv/ToggleInteractive.idl
[2.222s] -- Up-to-date: /home/misys/forza_ws/race_stack/install/slam_toolbox/share/slam_toolbox/srv/Clear.idl
[2.222s] -- Up-to-date: /home/misys/forza_ws/race_stack/install/slam_toolbox/share/slam_toolbox/srv/SaveMap.idl
[2.223s] -- Up-to-date: /home/misys/forza_ws/race_stack/install/slam_toolbox/share/slam_toolbox/srv/LoopClosure.idl
[2.223s] -- Up-to-date: /home/misys/forza_ws/race_stack/install/slam_toolbox/share/slam_toolbox/srv/MergeMaps.idl
[2.223s] -- Up-to-date: /home/misys/forza_ws/race_stack/install/slam_toolbox/share/slam_toolbox/srv/AddSubmap.idl
[2.224s] -- Up-to-date: /home/misys/forza_ws/race_stack/install/slam_toolbox/share/slam_toolbox/srv/DeserializePoseGraph.idl
[2.224s] -- Up-to-date: /home/misys/forza_ws/race_stack/install/slam_toolbox/share/slam_toolbox/srv/SerializePoseGraph.idl
[2.224s] -- Up-to-date: /home/misys/forza_ws/race_stack/install/slam_toolbox/share/slam_toolbox/srvs/Pause.srv
[2.224s] -- Up-to-date: /home/misys/forza_ws/race_stack/install/slam_toolbox/share/slam_toolbox/srvs/Pause_Request.msg
[2.224s] -- Up-to-date: /home/misys/forza_ws/race_stack/install/slam_toolbox/share/slam_toolbox/srvs/Pause_Response.msg
[2.225s] -- Up-to-date: /home/misys/forza_ws/race_stack/install/slam_toolbox/share/slam_toolbox/srvs/ClearQueue.srv
[2.225s] -- Up-to-date: /home/misys/forza_ws/race_stack/install/slam_toolbox/share/slam_toolbox/srvs/ClearQueue_Request.msg
[2.225s] -- Up-to-date: /home/misys/forza_ws/race_stack/install/slam_toolbox/share/slam_toolbox/srvs/ClearQueue_Response.msg
[2.225s] -- Up-to-date: /home/misys/forza_ws/race_stack/install/slam_toolbox/share/slam_toolbox/srvs/ToggleInteractive.srv
[2.225s] -- Up-to-date: /home/misys/forza_ws/race_stack/install/slam_toolbox/share/slam_toolbox/srvs/ToggleInteractive_Request.msg
[2.225s] -- Up-to-date: /home/misys/forza_ws/race_stack/install/slam_toolbox/share/slam_toolbox/srvs/ToggleInteractive_Response.msg
[2.225s] -- Up-to-date: /home/misys/forza_ws/race_stack/install/slam_toolbox/share/slam_toolbox/srvs/Clear.srv
[2.226s] -- Up-to-date: /home/misys/forza_ws/race_stack/install/slam_toolbox/share/slam_toolbox/srvs/Clear_Request.msg
[2.226s] -- Up-to-date: /home/misys/forza_ws/race_stack/install/slam_toolbox/share/slam_toolbox/srvs/Clear_Response.msg
[2.226s] -- Up-to-date: /home/misys/forza_ws/race_stack/install/slam_toolbox/share/slam_toolbox/srvs/SaveMap.srv
[2.226s] -- Up-to-date: /home/misys/forza_ws/race_stack/install/slam_toolbox/share/slam_toolbox/srvs/SaveMap_Request.msg
[2.226s] -- Up-to-date: /home/misys/forza_ws/race_stack/install/slam_toolbox/share/slam_toolbox/srvs/SaveMap_Response.msg
[2.227s] -- Up-to-date: /home/misys/forza_ws/race_stack/install/slam_toolbox/share/slam_toolbox/srvs/LoopClosure.srv
[2.227s] -- Up-to-date: /home/misys/forza_ws/race_stack/install/slam_toolbox/share/slam_toolbox/srvs/LoopClosure_Request.msg
[2.227s] -- Up-to-date: /home/misys/forza_ws/race_stack/install/slam_toolbox/share/slam_toolbox/srvs/LoopClosure_Response.msg
[2.227s] -- Up-to-date: /home/misys/forza_ws/race_stack/install/slam_toolbox/share/slam_toolbox/srvs/MergeMaps.srv
[2.228s] -- Up-to-date: /home/misys/forza_ws/race_stack/install/slam_toolbox/share/slam_toolbox/srvs/MergeMaps_Request.msg
[2.228s] -- Up-to-date: /home/misys/forza_ws/race_stack/install/slam_toolbox/share/slam_toolbox/srvs/MergeMaps_Response.msg
[2.228s] -- Up-to-date: /home/misys/forza_ws/race_stack/install/slam_toolbox/share/slam_toolbox/srvs/AddSubmap.srv
[2.228s] -- Up-to-date: /home/misys/forza_ws/race_stack/install/slam_toolbox/share/slam_toolbox/srvs/AddSubmap_Request.msg
[2.228s] -- Up-to-date: /home/misys/forza_ws/race_stack/install/slam_toolbox/share/slam_toolbox/srvs/AddSubmap_Response.msg
[2.228s] -- Up-to-date: /home/misys/forza_ws/race_stack/install/slam_toolbox/share/slam_toolbox/srvs/DeserializePoseGraph.srv
[2.229s] -- Up-to-date: /home/misys/forza_ws/race_stack/install/slam_toolbox/share/slam_toolbox/srvs/DeserializePoseGraph_Request.msg
[2.229s] -- Up-to-date: /home/misys/forza_ws/race_stack/install/slam_toolbox/share/slam_toolbox/srvs/DeserializePoseGraph_Response.msg
[2.229s] -- Up-to-date: /home/misys/forza_ws/race_stack/install/slam_toolbox/share/slam_toolbox/srvs/SerializePoseGraph.srv
[2.229s] -- Up-to-date: /home/misys/forza_ws/race_stack/install/slam_toolbox/share/slam_toolbox/srvs/SerializePoseGraph_Request.msg
[2.229s] -- Up-to-date: /home/misys/forza_ws/race_stack/install/slam_toolbox/share/slam_toolbox/srvs/SerializePoseGraph_Response.msg
[2.229s] -- Up-to-date: /home/misys/forza_ws/race_stack/install/slam_toolbox/share/slam_toolbox/rviz_plugins.xml
[2.229s] -- Up-to-date: /home/misys/forza_ws/race_stack/install/slam_toolbox/share/slam_toolbox/solver_plugins.xml
[2.229s] -- Up-to-date: /home/misys/forza_ws/race_stack/install/slam_toolbox/lib/slam_toolbox/async_slam_toolbox_node
[2.230s] -- Up-to-date: /home/misys/forza_ws/race_stack/install/slam_toolbox/lib/slam_toolbox/sync_slam_toolbox_node
[2.235s] -- Up-to-date: /home/misys/forza_ws/race_stack/install/slam_toolbox/lib/slam_toolbox/localization_slam_toolbox_node
[2.236s] -- Up-to-date: /home/misys/forza_ws/race_stack/install/slam_toolbox/lib/slam_toolbox/map_and_localization_slam_toolbox_node
[2.236s] -- Up-to-date: /home/misys/forza_ws/race_stack/install/slam_toolbox/lib/slam_toolbox/merge_maps_kinematic
[2.236s] -- Up-to-date: /home/misys/forza_ws/race_stack/install/slam_toolbox/lib/libtoolbox_common.so
[2.236s] -- Up-to-date: /home/misys/forza_ws/race_stack/install/slam_toolbox/lib/libSlamToolboxPlugin.so
[2.236s] -- Up-to-date: /home/misys/forza_ws/race_stack/install/slam_toolbox/lib/libceres_solver_plugin.so
[2.236s] -- Up-to-date: /home/misys/forza_ws/race_stack/install/slam_toolbox/lib/libasync_slam_toolbox.so
[2.237s] -- Up-to-date: /home/misys/forza_ws/race_stack/install/slam_toolbox/lib/libsync_slam_toolbox.so
[2.237s] -- Up-to-date: /home/misys/forza_ws/race_stack/install/slam_toolbox/lib/liblocalization_slam_toolbox.so
[2.237s] -- Up-to-date: /home/misys/forza_ws/race_stack/install/slam_toolbox/lib/liblifelong_slam_toolbox.so
[2.240s] -- Up-to-date: /home/misys/forza_ws/race_stack/install/slam_toolbox/lib/libmap_and_localization_slam_toolbox.so
[2.241s] -- Up-to-date: /home/misys/forza_ws/race_stack/install/slam_toolbox/lib/libkartoSlamToolbox.so
[2.241s] -- Up-to-date: /home/misys/forza_ws/race_stack/install/slam_toolbox/lib/libSlamToolboxPlugin.so
[2.242s] -- Up-to-date: /home/misys/forza_ws/race_stack/install/slam_toolbox/include
[2.242s] -- Up-to-date: /home/misys/forza_ws/race_stack/install/slam_toolbox/include/slam_toolbox
[2.243s] -- Up-to-date: /home/misys/forza_ws/race_stack/install/slam_toolbox/include/slam_toolbox/laser_utils.hpp
[2.243s] -- Up-to-date: /home/misys/forza_ws/race_stack/install/slam_toolbox/include/slam_toolbox/merge_maps_kinematic.hpp
[2.243s] -- Up-to-date: /home/misys/forza_ws/race_stack/install/slam_toolbox/include/slam_toolbox/experimental
[2.244s] -- Up-to-date: /home/misys/forza_ws/race_stack/install/slam_toolbox/include/slam_toolbox/experimental/slam_toolbox_lifelong.hpp
[2.244s] -- Up-to-date: /home/misys/forza_ws/race_stack/install/slam_toolbox/include/slam_toolbox/experimental/slam_toolbox_map_and_localization.hpp
[2.244s] -- Up-to-date: /home/misys/forza_ws/race_stack/install/slam_toolbox/include/slam_toolbox/get_pose_helper.hpp
[2.244s] -- Up-to-date: /home/misys/forza_ws/race_stack/install/slam_toolbox/include/slam_toolbox/toolbox_types.hpp
[2.245s] -- Up-to-date: /home/misys/forza_ws/race_stack/install/slam_toolbox/include/slam_toolbox/slam_toolbox_async.hpp
[2.245s] -- Up-to-date: /home/misys/forza_ws/race_stack/install/slam_toolbox/include/slam_toolbox/slam_mapper.hpp
[2.251s] -- Up-to-date: /home/misys/forza_ws/race_stack/install/slam_toolbox/include/slam_toolbox/slam_toolbox_localization.hpp
[2.252s] -- Up-to-date: /home/misys/forza_ws/race_stack/install/slam_toolbox/include/slam_toolbox/loop_closure_assistant.hpp
[2.252s] -- Up-to-date: /home/misys/forza_ws/race_stack/install/slam_toolbox/include/slam_toolbox/visualization_utils.hpp
[2.252s] -- Up-to-date: /home/misys/forza_ws/race_stack/install/slam_toolbox/include/slam_toolbox/snap_utils.hpp
[2.252s] -- Up-to-date: /home/misys/forza_ws/race_stack/install/slam_toolbox/include/slam_toolbox/toolbox_msgs.hpp
[2.252s] -- Up-to-date: /home/misys/forza_ws/race_stack/install/slam_toolbox/include/slam_toolbox/map_saver.hpp
[2.252s] -- Up-to-date: /home/misys/forza_ws/race_stack/install/slam_toolbox/include/slam_toolbox/slam_toolbox_sync.hpp
[2.252s] -- Up-to-date: /home/misys/forza_ws/race_stack/install/slam_toolbox/include/slam_toolbox/serialization.hpp
[2.252s] -- Up-to-date: /home/misys/forza_ws/race_stack/install/slam_toolbox/include/slam_toolbox/slam_toolbox_common.hpp
[2.253s] -- Up-to-date: /home/misys/forza_ws/race_stack/install/slam_toolbox/share/slam_toolbox/launch
[2.253s] -- Up-to-date: /home/misys/forza_ws/race_stack/install/slam_toolbox/share/slam_toolbox/launch/online_async_launch.py
[2.253s] -- Up-to-date: /home/misys/forza_ws/race_stack/install/slam_toolbox/share/slam_toolbox/launch/online_sync_launch.py
[2.253s] -- Up-to-date: /home/misys/forza_ws/race_stack/install/slam_toolbox/share/slam_toolbox/launch/offline_launch_forza.py
[2.253s] -- Up-to-date: /home/misys/forza_ws/race_stack/install/slam_toolbox/share/slam_toolbox/launch/localization_launch.py
[2.253s] -- Up-to-date: /home/misys/forza_ws/race_stack/install/slam_toolbox/share/slam_toolbox/launch/merge_maps_kinematic_launch.py
[2.253s] -- Up-to-date: /home/misys/forza_ws/race_stack/install/slam_toolbox/share/slam_toolbox/launch/offline_launch.py
[2.253s] -- Up-to-date: /home/misys/forza_ws/race_stack/install/slam_toolbox/share/slam_toolbox/config
[2.254s] -- Up-to-date: /home/misys/forza_ws/race_stack/install/slam_toolbox/share/slam_toolbox/config/mapper_params_lifelong.yaml
[2.254s] -- Up-to-date: /home/misys/forza_ws/race_stack/install/slam_toolbox/share/slam_toolbox/config/mapper_params_offline_forza.yaml
[2.254s] -- Up-to-date: /home/misys/forza_ws/race_stack/install/slam_toolbox/share/slam_toolbox/config/slam_toolbox_default.rviz
[2.254s] -- Up-to-date: /home/misys/forza_ws/race_stack/install/slam_toolbox/share/slam_toolbox/config/mapper_params_offline.yaml
[2.254s] -- Up-to-date: /home/misys/forza_ws/race_stack/install/slam_toolbox/share/slam_toolbox/config/mapper_params_online_sync.yaml
[2.254s] -- Up-to-date: /home/misys/forza_ws/race_stack/install/slam_toolbox/share/slam_toolbox/config/mapper_params_localization.yaml
[2.254s] -- Up-to-date: /home/misys/forza_ws/race_stack/install/slam_toolbox/share/slam_toolbox/config/mapper_params_online_async.yaml
[2.254s] -- Up-to-date: /home/misys/forza_ws/race_stack/install/slam_toolbox/share/solver_plugins.xml
[2.254s] -- Up-to-date: /home/misys/forza_ws/race_stack/install/slam_toolbox/share/rviz_plugins.xml
[2.255s] -- Up-to-date: /home/misys/forza_ws/race_stack/install/slam_toolbox/share/ament_index/resource_index/package_run_dependencies/slam_toolbox
[2.255s] -- Up-to-date: /home/misys/forza_ws/race_stack/install/slam_toolbox/share/ament_index/resource_index/parent_prefix_path/slam_toolbox
[2.255s] -- Up-to-date: /home/misys/forza_ws/race_stack/install/slam_toolbox/share/slam_toolbox/environment/ament_prefix_path.sh
[2.255s] -- Up-to-date: /home/misys/forza_ws/race_stack/install/slam_toolbox/share/slam_toolbox/environment/ament_prefix_path.dsv
[2.255s] -- Up-to-date: /home/misys/forza_ws/race_stack/install/slam_toolbox/share/slam_toolbox/environment/path.sh
[2.263s] -- Up-to-date: /home/misys/forza_ws/race_stack/install/slam_toolbox/share/slam_toolbox/environment/path.dsv
[2.264s] -- Up-to-date: /home/misys/forza_ws/race_stack/install/slam_toolbox/share/slam_toolbox/local_setup.bash
[2.264s] -- Up-to-date: /home/misys/forza_ws/race_stack/install/slam_toolbox/share/slam_toolbox/local_setup.sh
[2.264s] -- Up-to-date: /home/misys/forza_ws/race_stack/install/slam_toolbox/share/slam_toolbox/local_setup.zsh
[2.264s] -- Up-to-date: /home/misys/forza_ws/race_stack/install/slam_toolbox/share/slam_toolbox/local_setup.dsv
[2.264s] -- Installing: /home/misys/forza_ws/race_stack/install/slam_toolbox/share/slam_toolbox/package.dsv
[2.264s] -- Up-to-date: /home/misys/forza_ws/race_stack/install/slam_toolbox/share/ament_index/resource_index/packages/slam_toolbox
[2.264s] -- Up-to-date: /home/misys/forza_ws/race_stack/install/slam_toolbox/share/ament_index/resource_index/rviz_common__pluginlib__plugin/slam_toolbox
[2.265s] -- Up-to-date: /home/misys/forza_ws/race_stack/install/slam_toolbox/share/ament_index/resource_index/slam_toolbox__pluginlib__plugin/slam_toolbox
[2.265s] -- Up-to-date: /home/misys/forza_ws/race_stack/install/slam_toolbox/share/slam_toolbox/cmake/export_slam_toolbox__rosidl_generator_cExport.cmake
[2.265s] -- Up-to-date: /home/misys/forza_ws/race_stack/install/slam_toolbox/share/slam_toolbox/cmake/export_slam_toolbox__rosidl_generator_cExport-release.cmake
[2.268s] -- Up-to-date: /home/misys/forza_ws/race_stack/install/slam_toolbox/share/slam_toolbox/cmake/export_slam_toolbox__rosidl_typesupport_fastrtps_cExport.cmake
[2.269s] -- Up-to-date: /home/misys/forza_ws/race_stack/install/slam_toolbox/share/slam_toolbox/cmake/export_slam_toolbox__rosidl_typesupport_fastrtps_cExport-release.cmake
[2.269s] -- Up-to-date: /home/misys/forza_ws/race_stack/install/slam_toolbox/share/slam_toolbox/cmake/export_slam_toolbox__rosidl_generator_cppExport.cmake
[2.269s] -- Up-to-date: /home/misys/forza_ws/race_stack/install/slam_toolbox/share/slam_toolbox/cmake/export_slam_toolbox__rosidl_typesupport_fastrtps_cppExport.cmake
[2.269s] -- Up-to-date: /home/misys/forza_ws/race_stack/install/slam_toolbox/share/slam_toolbox/cmake/export_slam_toolbox__rosidl_typesupport_fastrtps_cppExport-release.cmake
[2.269s] -- Up-to-date: /home/misys/forza_ws/race_stack/install/slam_toolbox/share/slam_toolbox/cmake/slam_toolbox__rosidl_typesupport_introspection_cExport.cmake
[2.270s] -- Up-to-date: /home/misys/forza_ws/race_stack/install/slam_toolbox/share/slam_toolbox/cmake/slam_toolbox__rosidl_typesupport_introspection_cExport-release.cmake
[2.270s] -- Up-to-date: /home/misys/forza_ws/race_stack/install/slam_toolbox/share/slam_toolbox/cmake/slam_toolbox__rosidl_typesupport_cExport.cmake
[2.270s] -- Up-to-date: /home/misys/forza_ws/race_stack/install/slam_toolbox/share/slam_toolbox/cmake/slam_toolbox__rosidl_typesupport_cExport-release.cmake
[2.270s] -- Up-to-date: /home/misys/forza_ws/race_stack/install/slam_toolbox/share/slam_toolbox/cmake/slam_toolbox__rosidl_typesupport_introspection_cppExport.cmake
[2.271s] -- Up-to-date: /home/misys/forza_ws/race_stack/install/slam_toolbox/share/slam_toolbox/cmake/slam_toolbox__rosidl_typesupport_introspection_cppExport-release.cmake
[2.274s] -- Up-to-date: /home/misys/forza_ws/race_stack/install/slam_toolbox/share/slam_toolbox/cmake/slam_toolbox__rosidl_typesupport_cppExport.cmake
[2.274s] -- Up-to-date: /home/misys/forza_ws/race_stack/install/slam_toolbox/share/slam_toolbox/cmake/slam_toolbox__rosidl_typesupport_cppExport-release.cmake
[2.274s] -- Up-to-date: /home/misys/forza_ws/race_stack/install/slam_toolbox/share/slam_toolbox/cmake/export_slam_toolbox__rosidl_generator_pyExport.cmake
[2.275s] -- Up-to-date: /home/misys/forza_ws/race_stack/install/slam_toolbox/share/slam_toolbox/cmake/export_slam_toolbox__rosidl_generator_pyExport-release.cmake
[2.275s] -- Up-to-date: /home/misys/forza_ws/race_stack/install/slam_toolbox/share/slam_toolbox/cmake/SlamToolboxPluginExport.cmake
[2.275s] -- Up-to-date: /home/misys/forza_ws/race_stack/install/slam_toolbox/share/slam_toolbox/cmake/SlamToolboxPluginExport-release.cmake
[2.275s] -- Up-to-date: /home/misys/forza_ws/race_stack/install/slam_toolbox/share/ament_index/resource_index/rclcpp_components/slam_toolbox
[2.275s] -- Up-to-date: /home/misys/forza_ws/race_stack/install/slam_toolbox/share/slam_toolbox/cmake/rosidl_cmake-extras.cmake
[2.275s] -- Up-to-date: /home/misys/forza_ws/race_stack/install/slam_toolbox/share/slam_toolbox/cmake/ament_cmake_export_dependencies-extras.cmake
[2.275s] -- Up-to-date: /home/misys/forza_ws/race_stack/install/slam_toolbox/share/slam_toolbox/cmake/ament_cmake_export_include_directories-extras.cmake
[2.275s] -- Up-to-date: /home/misys/forza_ws/race_stack/install/slam_toolbox/share/slam_toolbox/cmake/ament_cmake_export_libraries-extras.cmake
[2.276s] -- Up-to-date: /home/misys/forza_ws/race_stack/install/slam_toolbox/share/slam_toolbox/cmake/ament_cmake_export_targets-extras.cmake
[2.276s] -- Up-to-date: /home/misys/forza_ws/race_stack/install/slam_toolbox/share/slam_toolbox/cmake/rosidl_cmake_export_typesupport_targets-extras.cmake
[2.276s] -- Up-to-date: /home/misys/forza_ws/race_stack/install/slam_toolbox/share/slam_toolbox/cmake/rosidl_cmake_export_typesupport_libraries-extras.cmake
[2.276s] -- Up-to-date: /home/misys/forza_ws/race_stack/install/slam_toolbox/share/slam_toolbox/cmake/slam_toolboxConfig.cmake
[2.276s] -- Up-to-date: /home/misys/forza_ws/race_stack/install/slam_toolbox/share/slam_toolbox/cmake/slam_toolboxConfig-version.cmake
[2.276s] -- Up-to-date: /home/misys/forza_ws/race_stack/install/slam_toolbox/share/slam_toolbox/package.xml
[2.276s] -- Up-to-date: /home/misys/forza_ws/race_stack/install/slam_toolbox/include/
[2.276s] -- Up-to-date: /home/misys/forza_ws/race_stack/install/slam_toolbox/include//karto_sdk
[2.276s] -- Up-to-date: /home/misys/forza_ws/race_stack/install/slam_toolbox/include//karto_sdk/nanoflann_adaptors.h
[2.277s] -- Up-to-date: /home/misys/forza_ws/race_stack/install/slam_toolbox/include//karto_sdk/nanoflann.hpp
[2.277s] -- Up-to-date: /home/misys/forza_ws/race_stack/install/slam_toolbox/include//karto_sdk/Math.h
[2.277s] -- Up-to-date: /home/misys/forza_ws/race_stack/install/slam_toolbox/include//karto_sdk/Mapper.h
[2.277s] -- Up-to-date: /home/misys/forza_ws/race_stack/install/slam_toolbox/include//karto_sdk/Karto.h
[2.277s] -- Up-to-date: /home/misys/forza_ws/race_stack/install/slam_toolbox/include//karto_sdk/Macros.h
[2.277s] -- Up-to-date: /home/misys/forza_ws/race_stack/install/slam_toolbox/include//karto_sdk/Types.h
[2.289s] Invoked command in '/home/misys/forza_ws/race_stack/build/slam_toolbox' returned '0': CMAKE_PREFIX_PATH=${CMAKE_PREFIX_PATH}:/home/misys/forza_ws/race_stack/install/f1tenth_stack:/home/misys/forza_ws/race_stack/install/joy_teleop:/home/misys/forza_ws/race_stack/install/steering_lookup:/home/misys/forza_ws/race_stack/install/state_machine:/home/misys/forza_ws/race_stack/install/slam_tuner:/home/misys/forza_ws/race_stack/install/state_estimation:/home/misys/forza_ws/race_stack/install/map_editor:/home/misys/forza_ws/race_stack/install/stack_master:/home/misys/forza_ws/race_stack/install/spline_planner:/home/misys/forza_ws/race_stack/install/sector_tuner:/home/misys/forza_ws/race_stack/install/perception:/home/misys/forza_ws/race_stack/install/particle_filter:/home/misys/forza_ws/race_stack/install/opponent_publisher:/home/misys/forza_ws/race_stack/install/mouse_teleop:/home/misys/forza_ws/race_stack/install/lap_analyser:/home/misys/forza_ws/race_stack/install/key_teleop:/home/misys/forza_ws/race_stack/install/id_controller:/home/misys/forza_ws/race_stack/install/global_planner:/home/misys/forza_ws/race_stack/install/frenet_odom_republisher:/home/misys/forza_ws/race_stack/install/frenet_conversion:/home/misys/forza_ws/race_stack/install/f1tenth_gym_ros:/home/misys/forza_ws/race_stack/install/controller:/opt/ros/humble /usr/bin/cmake --install /home/misys/forza_ws/race_stack/build/slam_toolbox
