[3.886s] Invoking command in '/home/misys/forza_ws/race_stack/utilities/nodes/opponent_publisher': PYTHONPATH=/home/misys/forza_ws/race_stack/build/opponent_publisher/prefix_override:/usr/lib/python3/dist-packages/colcon_core/task/python/colcon_distutils_commands:/home/misys/forza_ws/race_stack/install/opponent_publisher/lib/python3.10/site-packages:${PYTHONPATH} /usr/bin/python3 -W ignore:setup.py install is deprecated -W ignore:easy_install command is deprecated setup.py egg_info --egg-base ../../../build/opponent_publisher build --build-base /home/misys/forza_ws/race_stack/build/opponent_publisher/build install --record /home/misys/forza_ws/race_stack/build/opponent_publisher/install.log --single-version-externally-managed install_data
[5.130s] running egg_info
[5.131s] creating ../../../build/opponent_publisher/opponent_publisher.egg-info
[5.132s] writing ../../../build/opponent_publisher/opponent_publisher.egg-info/PKG-INFO
[5.132s] writing dependency_links to ../../../build/opponent_publisher/opponent_publisher.egg-info/dependency_links.txt
[5.132s] writing entry points to ../../../build/opponent_publisher/opponent_publisher.egg-info/entry_points.txt
[5.133s] writing requirements to ../../../build/opponent_publisher/opponent_publisher.egg-info/requires.txt
[5.133s] writing top-level names to ../../../build/opponent_publisher/opponent_publisher.egg-info/top_level.txt
[5.134s] writing manifest file '../../../build/opponent_publisher/opponent_publisher.egg-info/SOURCES.txt'
[5.139s] reading manifest file '../../../build/opponent_publisher/opponent_publisher.egg-info/SOURCES.txt'
[5.139s] adding license file 'LICENSE'
[5.141s] writing manifest file '../../../build/opponent_publisher/opponent_publisher.egg-info/SOURCES.txt'
[5.141s] running build
[5.141s] running build_py
[5.141s] creating /home/misys/forza_ws/race_stack/build/opponent_publisher/build
[5.141s] creating /home/misys/forza_ws/race_stack/build/opponent_publisher/build/lib
[5.142s] creating /home/misys/forza_ws/race_stack/build/opponent_publisher/build/lib/opponent_publisher
[5.142s] copying opponent_publisher/obstacle_publisher.py -> /home/misys/forza_ws/race_stack/build/opponent_publisher/build/lib/opponent_publisher
[5.142s] copying opponent_publisher/__init__.py -> /home/misys/forza_ws/race_stack/build/opponent_publisher/build/lib/opponent_publisher
[5.143s] copying opponent_publisher/collision_detector.py -> /home/misys/forza_ws/race_stack/build/opponent_publisher/build/lib/opponent_publisher
[5.143s] running install
[5.144s] running install_lib
[5.147s] creating /home/misys/forza_ws/race_stack/install/opponent_publisher/lib/python3.10/site-packages/opponent_publisher
[5.147s] copying /home/misys/forza_ws/race_stack/build/opponent_publisher/build/lib/opponent_publisher/obstacle_publisher.py -> /home/misys/forza_ws/race_stack/install/opponent_publisher/lib/python3.10/site-packages/opponent_publisher
[5.147s] copying /home/misys/forza_ws/race_stack/build/opponent_publisher/build/lib/opponent_publisher/__init__.py -> /home/misys/forza_ws/race_stack/install/opponent_publisher/lib/python3.10/site-packages/opponent_publisher
[5.148s] copying /home/misys/forza_ws/race_stack/build/opponent_publisher/build/lib/opponent_publisher/collision_detector.py -> /home/misys/forza_ws/race_stack/install/opponent_publisher/lib/python3.10/site-packages/opponent_publisher
[5.150s] byte-compiling /home/misys/forza_ws/race_stack/install/opponent_publisher/lib/python3.10/site-packages/opponent_publisher/obstacle_publisher.py to obstacle_publisher.cpython-310.pyc
[5.155s] byte-compiling /home/misys/forza_ws/race_stack/install/opponent_publisher/lib/python3.10/site-packages/opponent_publisher/__init__.py to __init__.cpython-310.pyc
[5.156s] byte-compiling /home/misys/forza_ws/race_stack/install/opponent_publisher/lib/python3.10/site-packages/opponent_publisher/collision_detector.py to collision_detector.cpython-310.pyc
[5.158s] running install_data
[5.158s] creating /home/misys/forza_ws/race_stack/install/opponent_publisher/share/ament_index
[5.158s] creating /home/misys/forza_ws/race_stack/install/opponent_publisher/share/ament_index/resource_index
[5.158s] creating /home/misys/forza_ws/race_stack/install/opponent_publisher/share/ament_index/resource_index/packages
[5.159s] copying resource/opponent_publisher -> /home/misys/forza_ws/race_stack/install/opponent_publisher/share/ament_index/resource_index/packages
[5.159s] copying package.xml -> /home/misys/forza_ws/race_stack/install/opponent_publisher/share/opponent_publisher
[5.160s] creating /home/misys/forza_ws/race_stack/install/opponent_publisher/share/opponent_publisher/launch
[5.160s] copying launch/opponent_publisher_launch.xml -> /home/misys/forza_ws/race_stack/install/opponent_publisher/share/opponent_publisher/launch
[5.161s] running install_egg_info
[5.167s] Copying ../../../build/opponent_publisher/opponent_publisher.egg-info to /home/misys/forza_ws/race_stack/install/opponent_publisher/lib/python3.10/site-packages/opponent_publisher-0.0.0-py3.10.egg-info
[5.170s] running install_scripts
[5.243s] Installing collision_detector script to /home/misys/forza_ws/race_stack/install/opponent_publisher/lib/opponent_publisher
[5.244s] Installing obstacle_publisher script to /home/misys/forza_ws/race_stack/install/opponent_publisher/lib/opponent_publisher
[5.244s] writing list of installed files to '/home/misys/forza_ws/race_stack/build/opponent_publisher/install.log'
[5.361s] Invoked command in '/home/misys/forza_ws/race_stack/utilities/nodes/opponent_publisher' returned '0': PYTHONPATH=/home/misys/forza_ws/race_stack/build/opponent_publisher/prefix_override:/usr/lib/python3/dist-packages/colcon_core/task/python/colcon_distutils_commands:/home/misys/forza_ws/race_stack/install/opponent_publisher/lib/python3.10/site-packages:${PYTHONPATH} /usr/bin/python3 -W ignore:setup.py install is deprecated -W ignore:easy_install command is deprecated setup.py egg_info --egg-base ../../../build/opponent_publisher build --build-base /home/misys/forza_ws/race_stack/build/opponent_publisher/build install --record /home/misys/forza_ws/race_stack/build/opponent_publisher/install.log --single-version-externally-managed install_data
