[3.663s] Invoking command in '/home/misys/forza_ws/race_stack/planner/global_planner': PYTHONPATH=/home/misys/forza_ws/race_stack/build/global_planner/prefix_override:/usr/lib/python3/dist-packages/colcon_core/task/python/colcon_distutils_commands:/home/misys/forza_ws/race_stack/install/global_planner/lib/python3.10/site-packages:${PYTHONPATH} /usr/bin/python3 -W ignore:setup.py install is deprecated -W ignore:easy_install command is deprecated setup.py egg_info --egg-base ../../build/global_planner build --build-base /home/misys/forza_ws/race_stack/build/global_planner/build install --record /home/misys/forza_ws/race_stack/build/global_planner/install.log --single-version-externally-managed install_data
[4.496s] running egg_info
[4.500s] writing ../../build/global_planner/global_planner.egg-info/PKG-INFO
[4.502s] writing dependency_links to ../../build/global_planner/global_planner.egg-info/dependency_links.txt
[4.503s] writing entry points to ../../build/global_planner/global_planner.egg-info/entry_points.txt
[4.504s] writing requirements to ../../build/global_planner/global_planner.egg-info/requires.txt
[4.505s] writing top-level names to ../../build/global_planner/global_planner.egg-info/top_level.txt
[4.511s] reading manifest file '../../build/global_planner/global_planner.egg-info/SOURCES.txt'
[4.512s] adding license file 'LICENSE'
[4.513s] writing manifest file '../../build/global_planner/global_planner.egg-info/SOURCES.txt'
[4.514s] running build
[4.515s] running build_py
[4.516s] running install
[4.517s] running install_lib
[4.522s] running install_data
[4.522s] running install_egg_info
[4.528s] removing '/home/misys/forza_ws/race_stack/install/global_planner/lib/python3.10/site-packages/global_planner-0.0.0-py3.10.egg-info' (and everything under it)
[4.539s] Copying ../../build/global_planner/global_planner.egg-info to /home/misys/forza_ws/race_stack/install/global_planner/lib/python3.10/site-packages/global_planner-0.0.0-py3.10.egg-info
[4.542s] running install_scripts
[4.595s] Installing global_planner script to /home/misys/forza_ws/race_stack/install/global_planner/lib/global_planner
[4.596s] Installing global_trajectory_publisher script to /home/misys/forza_ws/race_stack/install/global_planner/lib/global_planner
[4.597s] writing list of installed files to '/home/misys/forza_ws/race_stack/build/global_planner/install.log'
[4.967s] Invoked command in '/home/misys/forza_ws/race_stack/planner/global_planner' returned '0': PYTHONPATH=/home/misys/forza_ws/race_stack/build/global_planner/prefix_override:/usr/lib/python3/dist-packages/colcon_core/task/python/colcon_distutils_commands:/home/misys/forza_ws/race_stack/install/global_planner/lib/python3.10/site-packages:${PYTHONPATH} /usr/bin/python3 -W ignore:setup.py install is deprecated -W ignore:easy_install command is deprecated setup.py egg_info --egg-base ../../build/global_planner build --build-base /home/misys/forza_ws/race_stack/build/global_planner/build install --record /home/misys/forza_ws/race_stack/build/global_planner/install.log --single-version-externally-managed install_data
