[3.562s] Invoking command in '/home/misys/forza_ws/race_stack/planner/global_planner': PYTHONPATH=/home/misys/forza_ws/race_stack/build/global_planner/prefix_override:/usr/lib/python3/dist-packages/colcon_core/task/python/colcon_distutils_commands:/home/misys/forza_ws/race_stack/install/global_planner/lib/python3.10/site-packages:${PYTHONPATH} /usr/bin/python3 -W ignore:setup.py install is deprecated -W ignore:easy_install command is deprecated setup.py egg_info --egg-base ../../build/global_planner build --build-base /home/misys/forza_ws/race_stack/build/global_planner/build install --record /home/misys/forza_ws/race_stack/build/global_planner/install.log --single-version-externally-managed install_data
[4.247s] running egg_info
[4.248s] writing ../../build/global_planner/global_planner.egg-info/PKG-INFO
[4.249s] writing dependency_links to ../../build/global_planner/global_planner.egg-info/dependency_links.txt
[4.249s] writing entry points to ../../build/global_planner/global_planner.egg-info/entry_points.txt
[4.249s] writing requirements to ../../build/global_planner/global_planner.egg-info/requires.txt
[4.250s] writing top-level names to ../../build/global_planner/global_planner.egg-info/top_level.txt
[4.254s] reading manifest file '../../build/global_planner/global_planner.egg-info/SOURCES.txt'
[4.257s] adding license file 'LICENSE'
[4.258s] writing manifest file '../../build/global_planner/global_planner.egg-info/SOURCES.txt'
[4.259s] running build
[4.259s] running build_py
[4.260s] running install
[4.260s] running install_lib
[4.264s] running install_data
[4.264s] running install_egg_info
[4.268s] removing '/home/misys/forza_ws/race_stack/install/global_planner/lib/python3.10/site-packages/global_planner-0.0.0-py3.10.egg-info' (and everything under it)
[4.268s] Copying ../../build/global_planner/global_planner.egg-info to /home/misys/forza_ws/race_stack/install/global_planner/lib/python3.10/site-packages/global_planner-0.0.0-py3.10.egg-info
[4.271s] running install_scripts
[4.314s] Installing global_planner script to /home/misys/forza_ws/race_stack/install/global_planner/lib/global_planner
[4.315s] Installing global_trajectory_publisher script to /home/misys/forza_ws/race_stack/install/global_planner/lib/global_planner
[4.315s] writing list of installed files to '/home/misys/forza_ws/race_stack/build/global_planner/install.log'
[5.042s] Invoked command in '/home/misys/forza_ws/race_stack/planner/global_planner' returned '0': PYTHONPATH=/home/misys/forza_ws/race_stack/build/global_planner/prefix_override:/usr/lib/python3/dist-packages/colcon_core/task/python/colcon_distutils_commands:/home/misys/forza_ws/race_stack/install/global_planner/lib/python3.10/site-packages:${PYTHONPATH} /usr/bin/python3 -W ignore:setup.py install is deprecated -W ignore:easy_install command is deprecated setup.py egg_info --egg-base ../../build/global_planner build --build-base /home/misys/forza_ws/race_stack/build/global_planner/build install --record /home/misys/forza_ws/race_stack/build/global_planner/install.log --single-version-externally-managed install_data
