[8.104s] Invoking command in '/home/misys/forza_ws/race_stack/system_identification/steering_lookup': PYTHONPATH=/home/misys/forza_ws/race_stack/build/steering_lookup/prefix_override:/usr/lib/python3/dist-packages/colcon_core/task/python/colcon_distutils_commands:/home/misys/forza_ws/race_stack/install/steering_lookup/lib/python3.10/site-packages:${PYTHONPATH} /usr/bin/python3 -W ignore:setup.py install is deprecated -W ignore:easy_install command is deprecated setup.py egg_info --egg-base ../../build/steering_lookup build --build-base /home/misys/forza_ws/race_stack/build/steering_lookup/build install --record /home/misys/forza_ws/race_stack/build/steering_lookup/install.log --single-version-externally-managed install_data
[10.546s] running egg_info
[10.547s] writing ../../build/steering_lookup/steering_lookup.egg-info/PKG-INFO
[10.548s] writing dependency_links to ../../build/steering_lookup/steering_lookup.egg-info/dependency_links.txt
[10.548s] writing requirements to ../../build/steering_lookup/steering_lookup.egg-info/requires.txt
[10.549s] writing top-level names to ../../build/steering_lookup/steering_lookup.egg-info/top_level.txt
[10.554s] reading manifest file '../../build/steering_lookup/steering_lookup.egg-info/SOURCES.txt'
[10.555s] adding license file 'LICENSE'
[10.556s] writing manifest file '../../build/steering_lookup/steering_lookup.egg-info/SOURCES.txt'
[10.565s] running build
[10.565s] running build_py
[10.565s] running install
[10.570s] running install_lib
[10.574s] running install_data
[10.575s] running install_egg_info
[10.583s] removing '/home/misys/forza_ws/race_stack/install/steering_lookup/lib/python3.10/site-packages/steering_lookup-0.0.0-py3.10.egg-info' (and everything under it)
[10.588s] Copying ../../build/steering_lookup/steering_lookup.egg-info to /home/misys/forza_ws/race_stack/install/steering_lookup/lib/python3.10/site-packages/steering_lookup-0.0.0-py3.10.egg-info
[10.591s] running install_scripts
[10.749s] writing list of installed files to '/home/misys/forza_ws/race_stack/build/steering_lookup/install.log'
[11.003s] Invoked command in '/home/misys/forza_ws/race_stack/system_identification/steering_lookup' returned '0': PYTHONPATH=/home/misys/forza_ws/race_stack/build/steering_lookup/prefix_override:/usr/lib/python3/dist-packages/colcon_core/task/python/colcon_distutils_commands:/home/misys/forza_ws/race_stack/install/steering_lookup/lib/python3.10/site-packages:${PYTHONPATH} /usr/bin/python3 -W ignore:setup.py install is deprecated -W ignore:easy_install command is deprecated setup.py egg_info --egg-base ../../build/steering_lookup build --build-base /home/misys/forza_ws/race_stack/build/steering_lookup/build install --record /home/misys/forza_ws/race_stack/build/steering_lookup/install.log --single-version-externally-managed install_data
