[1.045s] Invoking command in '/home/misys/forza_ws/race_stack/build/slam_toolbox': CMAKE_PREFIX_PATH=${CMAKE_PREFIX_PATH}:/home/misys/forza_ws/race_stack/install/f1tenth_stack:/home/misys/forza_ws/race_stack/install/joy_teleop:/home/misys/forza_ws/race_stack/install/steering_lookup:/home/misys/forza_ws/race_stack/install/state_machine:/home/misys/forza_ws/race_stack/install/slam_tuner:/home/misys/forza_ws/race_stack/install/state_estimation:/home/misys/forza_ws/race_stack/install/map_editor:/home/misys/forza_ws/race_stack/install/stack_master:/home/misys/forza_ws/race_stack/install/spline_planner:/home/misys/forza_ws/race_stack/install/sector_tuner:/home/misys/forza_ws/race_stack/install/perception:/home/misys/forza_ws/race_stack/install/particle_filter:/home/misys/forza_ws/race_stack/install/opponent_publisher:/home/misys/forza_ws/race_stack/install/mouse_teleop:/home/misys/forza_ws/race_stack/install/lap_analyser:/home/misys/forza_ws/race_stack/install/key_teleop:/home/misys/forza_ws/race_stack/install/id_controller:/home/misys/forza_ws/race_stack/install/global_planner:/home/misys/forza_ws/race_stack/install/frenet_odom_republisher:/home/misys/forza_ws/race_stack/install/frenet_conversion:/home/misys/forza_ws/race_stack/install/f1tenth_gym_ros:/home/misys/forza_ws/race_stack/install/controller:/opt/ros/humble /usr/bin/cmake --build /home/misys/forza_ws/race_stack/build/slam_toolbox -- -j6 -l6
[1.268s] [  1%] Built target slam_toolbox__cpp
[1.352s] [  3%] Built target kartoSlamToolbox
[1.425s] [ 11%] Built target slam_toolbox__rosidl_typesupport_introspection_cpp
[1.500s] [ 20%] Built target slam_toolbox__rosidl_typesupport_fastrtps_cpp
[1.582s] [ 28%] Built target slam_toolbox__rosidl_typesupport_cpp
[1.670s] [ 28%] Built target ament_cmake_python_copy_slam_toolbox
[1.794s] [ 33%] Built target toolbox_common
[2.563s] running egg_info
[2.564s] writing slam_toolbox.egg-info/PKG-INFO
[2.565s] writing dependency_links to slam_toolbox.egg-info/dependency_links.txt
[2.566s] writing top-level names to slam_toolbox.egg-info/top_level.txt
[2.576s] reading manifest file 'slam_toolbox.egg-info/SOURCES.txt'
[2.576s] writing manifest file 'slam_toolbox.egg-info/SOURCES.txt'
[2.651s] [ 33%] Built target ament_cmake_python_build_slam_toolbox_egg
[2.756s] [ 35%] Built target sync_slam_toolbox
[2.855s] [ 36%] Built target localization_slam_toolbox
[2.965s] [ 37%] Built target lifelong_slam_toolbox
[3.074s] [ 39%] Built target merge_maps_kinematic
[3.176s] [ 40%] Built target sync_slam_toolbox_node
[3.280s] [ 42%] Built target localization_slam_toolbox_node
[3.384s] [ 44%] Built target lifelong_slam_toolbox_node
[3.484s] [ 45%] Built target map_and_localization_slam_toolbox
[3.586s] [ 47%] Built target async_slam_toolbox
[3.680s] [ 48%] Built target map_and_localization_slam_toolbox_node
[3.775s] [ 49%] Built target async_slam_toolbox_node
[3.872s] [ 51%] Built target ceres_solver_plugin
[3.955s] [ 53%] Built target SlamToolboxPlugin
[4.020s] [ 62%] Built target slam_toolbox__rosidl_generator_c
[4.113s] [ 71%] Built target slam_toolbox__rosidl_typesupport_fastrtps_c
[4.174s] [ 79%] Built target slam_toolbox__rosidl_typesupport_c
[4.244s] [ 87%] Built target slam_toolbox__rosidl_typesupport_introspection_c
[4.298s] [ 87%] Built target slam_toolbox
[4.389s] [ 87%] Built target slam_toolbox__py
[4.451s] [ 95%] Built target slam_toolbox__rosidl_generator_py
[4.511s] [ 96%] Built target slam_toolbox__rosidl_typesupport_fastrtps_c__pyext
[4.566s] [ 98%] Built target slam_toolbox__rosidl_typesupport_c__pyext
[4.625s] [100%] Built target slam_toolbox__rosidl_typesupport_introspection_c__pyext
[5.722s] Invoked command in '/home/misys/forza_ws/race_stack/build/slam_toolbox' returned '0': CMAKE_PREFIX_PATH=${CMAKE_PREFIX_PATH}:/home/misys/forza_ws/race_stack/install/f1tenth_stack:/home/misys/forza_ws/race_stack/install/joy_teleop:/home/misys/forza_ws/race_stack/install/steering_lookup:/home/misys/forza_ws/race_stack/install/state_machine:/home/misys/forza_ws/race_stack/install/slam_tuner:/home/misys/forza_ws/race_stack/install/state_estimation:/home/misys/forza_ws/race_stack/install/map_editor:/home/misys/forza_ws/race_stack/install/stack_master:/home/misys/forza_ws/race_stack/install/spline_planner:/home/misys/forza_ws/race_stack/install/sector_tuner:/home/misys/forza_ws/race_stack/install/perception:/home/misys/forza_ws/race_stack/install/particle_filter:/home/misys/forza_ws/race_stack/install/opponent_publisher:/home/misys/forza_ws/race_stack/install/mouse_teleop:/home/misys/forza_ws/race_stack/install/lap_analyser:/home/misys/forza_ws/race_stack/install/key_teleop:/home/misys/forza_ws/race_stack/install/id_controller:/home/misys/forza_ws/race_stack/install/global_planner:/home/misys/forza_ws/race_stack/install/frenet_odom_republisher:/home/misys/forza_ws/race_stack/install/frenet_conversion:/home/misys/forza_ws/race_stack/install/f1tenth_gym_ros:/home/misys/forza_ws/race_stack/install/controller:/opt/ros/humble /usr/bin/cmake --build /home/misys/forza_ws/race_stack/build/slam_toolbox -- -j6 -l6
[5.726s] Invoking command in '/home/misys/forza_ws/race_stack/build/slam_toolbox': CMAKE_PREFIX_PATH=${CMAKE_PREFIX_PATH}:/home/misys/forza_ws/race_stack/install/f1tenth_stack:/home/misys/forza_ws/race_stack/install/joy_teleop:/home/misys/forza_ws/race_stack/install/steering_lookup:/home/misys/forza_ws/race_stack/install/state_machine:/home/misys/forza_ws/race_stack/install/slam_tuner:/home/misys/forza_ws/race_stack/install/state_estimation:/home/misys/forza_ws/race_stack/install/map_editor:/home/misys/forza_ws/race_stack/install/stack_master:/home/misys/forza_ws/race_stack/install/spline_planner:/home/misys/forza_ws/race_stack/install/sector_tuner:/home/misys/forza_ws/race_stack/install/perception:/home/misys/forza_ws/race_stack/install/particle_filter:/home/misys/forza_ws/race_stack/install/opponent_publisher:/home/misys/forza_ws/race_stack/install/mouse_teleop:/home/misys/forza_ws/race_stack/install/lap_analyser:/home/misys/forza_ws/race_stack/install/key_teleop:/home/misys/forza_ws/race_stack/install/id_controller:/home/misys/forza_ws/race_stack/install/global_planner:/home/misys/forza_ws/race_stack/install/frenet_odom_republisher:/home/misys/forza_ws/race_stack/install/frenet_conversion:/home/misys/forza_ws/race_stack/install/f1tenth_gym_ros:/home/misys/forza_ws/race_stack/install/controller:/opt/ros/humble /usr/bin/cmake --install /home/misys/forza_ws/race_stack/build/slam_toolbox
[5.746s] -- Install configuration: "Release"
[5.746s] -- Up-to-date: /home/misys/forza_ws/race_stack/install/slam_toolbox/share/ament_index/resource_index/rosidl_interfaces/slam_toolbox
[5.748s] -- Up-to-date: /home/misys/forza_ws/race_stack/install/slam_toolbox/include/slam_toolbox/slam_toolbox
[5.748s] -- Up-to-date: /home/misys/forza_ws/race_stack/install/slam_toolbox/include/slam_toolbox/slam_toolbox/msg
[5.748s] -- Up-to-date: /home/misys/forza_ws/race_stack/install/slam_toolbox/include/slam_toolbox/slam_toolbox/msg/rosidl_generator_c__visibility_control.h
[5.748s] -- Up-to-date: /home/misys/forza_ws/race_stack/install/slam_toolbox/include/slam_toolbox/slam_toolbox/srv
[5.748s] -- Up-to-date: /home/misys/forza_ws/race_stack/install/slam_toolbox/include/slam_toolbox/slam_toolbox/srv/toggle_interactive.h
[5.748s] -- Up-to-date: /home/misys/forza_ws/race_stack/install/slam_toolbox/include/slam_toolbox/slam_toolbox/srv/loop_closure.h
[5.749s] -- Up-to-date: /home/misys/forza_ws/race_stack/install/slam_toolbox/include/slam_toolbox/slam_toolbox/srv/detail
[5.749s] -- Up-to-date: /home/misys/forza_ws/race_stack/install/slam_toolbox/include/slam_toolbox/slam_toolbox/srv/detail/add_submap__struct.h
[5.749s] -- Up-to-date: /home/misys/forza_ws/race_stack/install/slam_toolbox/include/slam_toolbox/slam_toolbox/srv/detail/toggle_interactive__functions.h
[5.749s] -- Up-to-date: /home/misys/forza_ws/race_stack/install/slam_toolbox/include/slam_toolbox/slam_toolbox/srv/detail/pause__functions.h
[5.749s] -- Up-to-date: /home/misys/forza_ws/race_stack/install/slam_toolbox/include/slam_toolbox/slam_toolbox/srv/detail/serialize_pose_graph__functions.h
[5.749s] -- Up-to-date: /home/misys/forza_ws/race_stack/install/slam_toolbox/include/slam_toolbox/slam_toolbox/srv/detail/add_submap__functions.c
[5.749s] -- Up-to-date: /home/misys/forza_ws/race_stack/install/slam_toolbox/include/slam_toolbox/slam_toolbox/srv/detail/serialize_pose_graph__functions.c
[5.749s] -- Up-to-date: /home/misys/forza_ws/race_stack/install/slam_toolbox/include/slam_toolbox/slam_toolbox/srv/detail/clear_queue__struct.h
[5.750s] -- Up-to-date: /home/misys/forza_ws/race_stack/install/slam_toolbox/include/slam_toolbox/slam_toolbox/srv/detail/deserialize_pose_graph__struct.h
[5.750s] -- Up-to-date: /home/misys/forza_ws/race_stack/install/slam_toolbox/include/slam_toolbox/slam_toolbox/srv/detail/pause__type_support.h
[5.750s] -- Up-to-date: /home/misys/forza_ws/race_stack/install/slam_toolbox/include/slam_toolbox/slam_toolbox/srv/detail/clear__type_support.h
[5.750s] -- Up-to-date: /home/misys/forza_ws/race_stack/install/slam_toolbox/include/slam_toolbox/slam_toolbox/srv/detail/toggle_interactive__functions.c
[5.750s] -- Up-to-date: /home/misys/forza_ws/race_stack/install/slam_toolbox/include/slam_toolbox/slam_toolbox/srv/detail/merge_maps__struct.h
[5.750s] -- Up-to-date: /home/misys/forza_ws/race_stack/install/slam_toolbox/include/slam_toolbox/slam_toolbox/srv/detail/add_submap__type_support.h
[5.750s] -- Up-to-date: /home/misys/forza_ws/race_stack/install/slam_toolbox/include/slam_toolbox/slam_toolbox/srv/detail/add_submap__functions.h
[5.750s] -- Up-to-date: /home/misys/forza_ws/race_stack/install/slam_toolbox/include/slam_toolbox/slam_toolbox/srv/detail/save_map__type_support.h
[5.751s] -- Up-to-date: /home/misys/forza_ws/race_stack/install/slam_toolbox/include/slam_toolbox/slam_toolbox/srv/detail/clear_queue__functions.h
[5.751s] -- Up-to-date: /home/misys/forza_ws/race_stack/install/slam_toolbox/include/slam_toolbox/slam_toolbox/srv/detail/save_map__functions.c
[5.751s] -- Up-to-date: /home/misys/forza_ws/race_stack/install/slam_toolbox/include/slam_toolbox/slam_toolbox/srv/detail/serialize_pose_graph__type_support.h
[5.751s] -- Up-to-date: /home/misys/forza_ws/race_stack/install/slam_toolbox/include/slam_toolbox/slam_toolbox/srv/detail/deserialize_pose_graph__functions.h
[5.751s] -- Up-to-date: /home/misys/forza_ws/race_stack/install/slam_toolbox/include/slam_toolbox/slam_toolbox/srv/detail/clear_queue__functions.c
[5.751s] -- Up-to-date: /home/misys/forza_ws/race_stack/install/slam_toolbox/include/slam_toolbox/slam_toolbox/srv/detail/serialize_pose_graph__struct.h
[5.757s] -- Up-to-date: /home/misys/forza_ws/race_stack/install/slam_toolbox/include/slam_toolbox/slam_toolbox/srv/detail/toggle_interactive__struct.h
[5.757s] -- Up-to-date: /home/misys/forza_ws/race_stack/install/slam_toolbox/include/slam_toolbox/slam_toolbox/srv/detail/loop_closure__struct.h
[5.757s] -- Up-to-date: /home/misys/forza_ws/race_stack/install/slam_toolbox/include/slam_toolbox/slam_toolbox/srv/detail/merge_maps__functions.c
[5.758s] -- Up-to-date: /home/misys/forza_ws/race_stack/install/slam_toolbox/include/slam_toolbox/slam_toolbox/srv/detail/toggle_interactive__type_support.h
[5.758s] -- Up-to-date: /home/misys/forza_ws/race_stack/install/slam_toolbox/include/slam_toolbox/slam_toolbox/srv/detail/loop_closure__functions.c
[5.758s] -- Up-to-date: /home/misys/forza_ws/race_stack/install/slam_toolbox/include/slam_toolbox/slam_toolbox/srv/detail/deserialize_pose_graph__type_support.h
[5.760s] -- Up-to-date: /home/misys/forza_ws/race_stack/install/slam_toolbox/include/slam_toolbox/slam_toolbox/srv/detail/loop_closure__type_support.h
[5.760s] -- Up-to-date: /home/misys/forza_ws/race_stack/install/slam_toolbox/include/slam_toolbox/slam_toolbox/srv/detail/merge_maps__functions.h
[5.760s] -- Up-to-date: /home/misys/forza_ws/race_stack/install/slam_toolbox/include/slam_toolbox/slam_toolbox/srv/detail/loop_closure__functions.h
[5.760s] -- Up-to-date: /home/misys/forza_ws/race_stack/install/slam_toolbox/include/slam_toolbox/slam_toolbox/srv/detail/clear__struct.h
[5.761s] -- Up-to-date: /home/misys/forza_ws/race_stack/install/slam_toolbox/include/slam_toolbox/slam_toolbox/srv/detail/clear__functions.c
[5.761s] -- Up-to-date: /home/misys/forza_ws/race_stack/install/slam_toolbox/include/slam_toolbox/slam_toolbox/srv/detail/save_map__functions.h
[5.761s] -- Up-to-date: /home/misys/forza_ws/race_stack/install/slam_toolbox/include/slam_toolbox/slam_toolbox/srv/detail/save_map__struct.h
[5.762s] -- Up-to-date: /home/misys/forza_ws/race_stack/install/slam_toolbox/include/slam_toolbox/slam_toolbox/srv/detail/deserialize_pose_graph__functions.c
[5.762s] -- Up-to-date: /home/misys/forza_ws/race_stack/install/slam_toolbox/include/slam_toolbox/slam_toolbox/srv/detail/clear_queue__type_support.h
[5.762s] -- Up-to-date: /home/misys/forza_ws/race_stack/install/slam_toolbox/include/slam_toolbox/slam_toolbox/srv/detail/clear__functions.h
[5.762s] -- Up-to-date: /home/misys/forza_ws/race_stack/install/slam_toolbox/include/slam_toolbox/slam_toolbox/srv/detail/merge_maps__type_support.h
[5.762s] -- Up-to-date: /home/misys/forza_ws/race_stack/install/slam_toolbox/include/slam_toolbox/slam_toolbox/srv/detail/pause__functions.c
[5.763s] -- Up-to-date: /home/misys/forza_ws/race_stack/install/slam_toolbox/include/slam_toolbox/slam_toolbox/srv/detail/pause__struct.h
[5.763s] -- Up-to-date: /home/misys/forza_ws/race_stack/install/slam_toolbox/include/slam_toolbox/slam_toolbox/srv/clear.h
[5.763s] -- Up-to-date: /home/misys/forza_ws/race_stack/install/slam_toolbox/include/slam_toolbox/slam_toolbox/srv/deserialize_pose_graph.h
[5.763s] -- Up-to-date: /home/misys/forza_ws/race_stack/install/slam_toolbox/include/slam_toolbox/slam_toolbox/srv/clear_queue.h
[5.763s] -- Up-to-date: /home/misys/forza_ws/race_stack/install/slam_toolbox/include/slam_toolbox/slam_toolbox/srv/pause.h
[5.764s] -- Up-to-date: /home/misys/forza_ws/race_stack/install/slam_toolbox/include/slam_toolbox/slam_toolbox/srv/merge_maps.h
[5.764s] -- Up-to-date: /home/misys/forza_ws/race_stack/install/slam_toolbox/include/slam_toolbox/slam_toolbox/srv/add_submap.h
[5.764s] -- Up-to-date: /home/misys/forza_ws/race_stack/install/slam_toolbox/include/slam_toolbox/slam_toolbox/srv/serialize_pose_graph.h
[5.764s] -- Up-to-date: /home/misys/forza_ws/race_stack/install/slam_toolbox/include/slam_toolbox/slam_toolbox/srv/save_map.h
[5.764s] -- Up-to-date: /home/misys/forza_ws/race_stack/install/slam_toolbox/share/slam_toolbox/environment/library_path.sh
[5.765s] -- Up-to-date: /home/misys/forza_ws/race_stack/install/slam_toolbox/share/slam_toolbox/environment/library_path.dsv
[5.765s] -- Up-to-date: /home/misys/forza_ws/race_stack/install/slam_toolbox/lib/libslam_toolbox__rosidl_generator_c.so
[5.765s] -- Up-to-date: /home/misys/forza_ws/race_stack/install/slam_toolbox/include/slam_toolbox/slam_toolbox
[5.765s] -- Up-to-date: /home/misys/forza_ws/race_stack/install/slam_toolbox/include/slam_toolbox/slam_toolbox/msg
[5.765s] -- Up-to-date: /home/misys/forza_ws/race_stack/install/slam_toolbox/include/slam_toolbox/slam_toolbox/msg/rosidl_typesupport_fastrtps_c__visibility_control.h
[5.766s] -- Up-to-date: /home/misys/forza_ws/race_stack/install/slam_toolbox/include/slam_toolbox/slam_toolbox/srv
[5.766s] -- Up-to-date: /home/misys/forza_ws/race_stack/install/slam_toolbox/include/slam_toolbox/slam_toolbox/srv/detail
[5.766s] -- Up-to-date: /home/misys/forza_ws/race_stack/install/slam_toolbox/include/slam_toolbox/slam_toolbox/srv/detail/deserialize_pose_graph__rosidl_typesupport_fastrtps_c.h
[5.766s] -- Up-to-date: /home/misys/forza_ws/race_stack/install/slam_toolbox/include/slam_toolbox/slam_toolbox/srv/detail/serialize_pose_graph__rosidl_typesupport_fastrtps_c.h
[5.766s] -- Up-to-date: /home/misys/forza_ws/race_stack/install/slam_toolbox/include/slam_toolbox/slam_toolbox/srv/detail/clear__rosidl_typesupport_fastrtps_c.h
[5.766s] -- Up-to-date: /home/misys/forza_ws/race_stack/install/slam_toolbox/include/slam_toolbox/slam_toolbox/srv/detail/merge_maps__rosidl_typesupport_fastrtps_c.h
[5.766s] -- Up-to-date: /home/misys/forza_ws/race_stack/install/slam_toolbox/include/slam_toolbox/slam_toolbox/srv/detail/loop_closure__rosidl_typesupport_fastrtps_c.h
[5.767s] -- Up-to-date: /home/misys/forza_ws/race_stack/install/slam_toolbox/include/slam_toolbox/slam_toolbox/srv/detail/clear_queue__rosidl_typesupport_fastrtps_c.h
[5.767s] -- Up-to-date: /home/misys/forza_ws/race_stack/install/slam_toolbox/include/slam_toolbox/slam_toolbox/srv/detail/add_submap__rosidl_typesupport_fastrtps_c.h
[5.767s] -- Up-to-date: /home/misys/forza_ws/race_stack/install/slam_toolbox/include/slam_toolbox/slam_toolbox/srv/detail/pause__rosidl_typesupport_fastrtps_c.h
[5.767s] -- Up-to-date: /home/misys/forza_ws/race_stack/install/slam_toolbox/include/slam_toolbox/slam_toolbox/srv/detail/toggle_interactive__rosidl_typesupport_fastrtps_c.h
[5.767s] -- Up-to-date: /home/misys/forza_ws/race_stack/install/slam_toolbox/include/slam_toolbox/slam_toolbox/srv/detail/save_map__rosidl_typesupport_fastrtps_c.h
[5.768s] -- Up-to-date: /home/misys/forza_ws/race_stack/install/slam_toolbox/lib/libslam_toolbox__rosidl_typesupport_fastrtps_c.so
[5.768s] -- Up-to-date: /home/misys/forza_ws/race_stack/install/slam_toolbox/include/slam_toolbox/slam_toolbox
[5.768s] -- Up-to-date: /home/misys/forza_ws/race_stack/install/slam_toolbox/include/slam_toolbox/slam_toolbox/msg
[5.768s] -- Up-to-date: /home/misys/forza_ws/race_stack/install/slam_toolbox/include/slam_toolbox/slam_toolbox/msg/rosidl_generator_cpp__visibility_control.hpp
[5.768s] -- Up-to-date: /home/misys/forza_ws/race_stack/install/slam_toolbox/include/slam_toolbox/slam_toolbox/srv
[5.769s] -- Up-to-date: /home/misys/forza_ws/race_stack/install/slam_toolbox/include/slam_toolbox/slam_toolbox/srv/loop_closure.hpp
[5.769s] -- Up-to-date: /home/misys/forza_ws/race_stack/install/slam_toolbox/include/slam_toolbox/slam_toolbox/srv/clear_queue.hpp
[5.769s] -- Up-to-date: /home/misys/forza_ws/race_stack/install/slam_toolbox/include/slam_toolbox/slam_toolbox/srv/detail
[5.769s] -- Up-to-date: /home/misys/forza_ws/race_stack/install/slam_toolbox/include/slam_toolbox/slam_toolbox/srv/detail/add_submap__struct.hpp
[5.769s] -- Up-to-date: /home/misys/forza_ws/race_stack/install/slam_toolbox/include/slam_toolbox/slam_toolbox/srv/detail/clear_queue__traits.hpp
[5.769s] -- Up-to-date: /home/misys/forza_ws/race_stack/install/slam_toolbox/include/slam_toolbox/slam_toolbox/srv/detail/loop_closure__traits.hpp
[5.769s] -- Up-to-date: /home/misys/forza_ws/race_stack/install/slam_toolbox/include/slam_toolbox/slam_toolbox/srv/detail/pause__type_support.hpp
[5.769s] -- Up-to-date: /home/misys/forza_ws/race_stack/install/slam_toolbox/include/slam_toolbox/slam_toolbox/srv/detail/save_map__traits.hpp
[5.770s] -- Up-to-date: /home/misys/forza_ws/race_stack/install/slam_toolbox/include/slam_toolbox/slam_toolbox/srv/detail/add_submap__builder.hpp
[5.770s] -- Up-to-date: /home/misys/forza_ws/race_stack/install/slam_toolbox/include/slam_toolbox/slam_toolbox/srv/detail/clear_queue__struct.hpp
[5.770s] -- Up-to-date: /home/misys/forza_ws/race_stack/install/slam_toolbox/include/slam_toolbox/slam_toolbox/srv/detail/toggle_interactive__type_support.hpp
[5.770s] -- Up-to-date: /home/misys/forza_ws/race_stack/install/slam_toolbox/include/slam_toolbox/slam_toolbox/srv/detail/serialize_pose_graph__type_support.hpp
[5.770s] -- Up-to-date: /home/misys/forza_ws/race_stack/install/slam_toolbox/include/slam_toolbox/slam_toolbox/srv/detail/save_map__type_support.hpp
[5.770s] -- Up-to-date: /home/misys/forza_ws/race_stack/install/slam_toolbox/include/slam_toolbox/slam_toolbox/srv/detail/add_submap__traits.hpp
[5.770s] -- Up-to-date: /home/misys/forza_ws/race_stack/install/slam_toolbox/include/slam_toolbox/slam_toolbox/srv/detail/deserialize_pose_graph__traits.hpp
[5.770s] -- Up-to-date: /home/misys/forza_ws/race_stack/install/slam_toolbox/include/slam_toolbox/slam_toolbox/srv/detail/toggle_interactive__builder.hpp
[5.771s] -- Up-to-date: /home/misys/forza_ws/race_stack/install/slam_toolbox/include/slam_toolbox/slam_toolbox/srv/detail/merge_maps__builder.hpp
[5.771s] -- Up-to-date: /home/misys/forza_ws/race_stack/install/slam_toolbox/include/slam_toolbox/slam_toolbox/srv/detail/clear__type_support.hpp
[5.771s] -- Up-to-date: /home/misys/forza_ws/race_stack/install/slam_toolbox/include/slam_toolbox/slam_toolbox/srv/detail/clear__struct.hpp
[5.771s] -- Up-to-date: /home/misys/forza_ws/race_stack/install/slam_toolbox/include/slam_toolbox/slam_toolbox/srv/detail/clear_queue__builder.hpp
[5.771s] -- Up-to-date: /home/misys/forza_ws/race_stack/install/slam_toolbox/include/slam_toolbox/slam_toolbox/srv/detail/save_map__struct.hpp
[5.772s] -- Up-to-date: /home/misys/forza_ws/race_stack/install/slam_toolbox/include/slam_toolbox/slam_toolbox/srv/detail/serialize_pose_graph__builder.hpp
[5.772s] -- Up-to-date: /home/misys/forza_ws/race_stack/install/slam_toolbox/include/slam_toolbox/slam_toolbox/srv/detail/toggle_interactive__struct.hpp
[5.772s] -- Up-to-date: /home/misys/forza_ws/race_stack/install/slam_toolbox/include/slam_toolbox/slam_toolbox/srv/detail/pause__builder.hpp
[5.772s] -- Up-to-date: /home/misys/forza_ws/race_stack/install/slam_toolbox/include/slam_toolbox/slam_toolbox/srv/detail/clear__traits.hpp
[5.773s] -- Up-to-date: /home/misys/forza_ws/race_stack/install/slam_toolbox/include/slam_toolbox/slam_toolbox/srv/detail/clear__builder.hpp
[5.773s] -- Up-to-date: /home/misys/forza_ws/race_stack/install/slam_toolbox/include/slam_toolbox/slam_toolbox/srv/detail/pause__struct.hpp
[5.773s] -- Up-to-date: /home/misys/forza_ws/race_stack/install/slam_toolbox/include/slam_toolbox/slam_toolbox/srv/detail/merge_maps__traits.hpp
[5.773s] -- Up-to-date: /home/misys/forza_ws/race_stack/install/slam_toolbox/include/slam_toolbox/slam_toolbox/srv/detail/deserialize_pose_graph__struct.hpp
[5.773s] -- Up-to-date: /home/misys/forza_ws/race_stack/install/slam_toolbox/include/slam_toolbox/slam_toolbox/srv/detail/serialize_pose_graph__traits.hpp
[5.773s] -- Up-to-date: /home/misys/forza_ws/race_stack/install/slam_toolbox/include/slam_toolbox/slam_toolbox/srv/detail/deserialize_pose_graph__type_support.hpp
[5.773s] -- Up-to-date: /home/misys/forza_ws/race_stack/install/slam_toolbox/include/slam_toolbox/slam_toolbox/srv/detail/merge_maps__struct.hpp
[5.774s] -- Up-to-date: /home/misys/forza_ws/race_stack/install/slam_toolbox/include/slam_toolbox/slam_toolbox/srv/detail/serialize_pose_graph__struct.hpp
[5.774s] -- Up-to-date: /home/misys/forza_ws/race_stack/install/slam_toolbox/include/slam_toolbox/slam_toolbox/srv/detail/clear_queue__type_support.hpp
[5.774s] -- Up-to-date: /home/misys/forza_ws/race_stack/install/slam_toolbox/include/slam_toolbox/slam_toolbox/srv/detail/loop_closure__struct.hpp
[5.774s] -- Up-to-date: /home/misys/forza_ws/race_stack/install/slam_toolbox/include/slam_toolbox/slam_toolbox/srv/detail/toggle_interactive__traits.hpp
[5.774s] -- Up-to-date: /home/misys/forza_ws/race_stack/install/slam_toolbox/include/slam_toolbox/slam_toolbox/srv/detail/deserialize_pose_graph__builder.hpp
[5.774s] -- Up-to-date: /home/misys/forza_ws/race_stack/install/slam_toolbox/include/slam_toolbox/slam_toolbox/srv/detail/add_submap__type_support.hpp
[5.774s] -- Up-to-date: /home/misys/forza_ws/race_stack/install/slam_toolbox/include/slam_toolbox/slam_toolbox/srv/detail/pause__traits.hpp
[5.775s] -- Up-to-date: /home/misys/forza_ws/race_stack/install/slam_toolbox/include/slam_toolbox/slam_toolbox/srv/detail/merge_maps__type_support.hpp
[5.775s] -- Up-to-date: /home/misys/forza_ws/race_stack/install/slam_toolbox/include/slam_toolbox/slam_toolbox/srv/detail/loop_closure__builder.hpp
[5.775s] -- Up-to-date: /home/misys/forza_ws/race_stack/install/slam_toolbox/include/slam_toolbox/slam_toolbox/srv/detail/save_map__builder.hpp
[5.775s] -- Up-to-date: /home/misys/forza_ws/race_stack/install/slam_toolbox/include/slam_toolbox/slam_toolbox/srv/detail/loop_closure__type_support.hpp
[5.775s] -- Up-to-date: /home/misys/forza_ws/race_stack/install/slam_toolbox/include/slam_toolbox/slam_toolbox/srv/serialize_pose_graph.hpp
[5.775s] -- Up-to-date: /home/misys/forza_ws/race_stack/install/slam_toolbox/include/slam_toolbox/slam_toolbox/srv/deserialize_pose_graph.hpp
[5.775s] -- Up-to-date: /home/misys/forza_ws/race_stack/install/slam_toolbox/include/slam_toolbox/slam_toolbox/srv/clear.hpp
[5.775s] -- Up-to-date: /home/misys/forza_ws/race_stack/install/slam_toolbox/include/slam_toolbox/slam_toolbox/srv/toggle_interactive.hpp
[5.777s] -- Up-to-date: /home/misys/forza_ws/race_stack/install/slam_toolbox/include/slam_toolbox/slam_toolbox/srv/merge_maps.hpp
[5.792s] -- Up-to-date: /home/misys/forza_ws/race_stack/install/slam_toolbox/include/slam_toolbox/slam_toolbox/srv/pause.hpp
[5.793s] -- Up-to-date: /home/misys/forza_ws/race_stack/install/slam_toolbox/include/slam_toolbox/slam_toolbox/srv/save_map.hpp
[5.793s] -- Up-to-date: /home/misys/forza_ws/race_stack/install/slam_toolbox/include/slam_toolbox/slam_toolbox/srv/add_submap.hpp
[5.793s] -- Up-to-date: /home/misys/forza_ws/race_stack/install/slam_toolbox/include/slam_toolbox/slam_toolbox
[5.793s] -- Up-to-date: /home/misys/forza_ws/race_stack/install/slam_toolbox/include/slam_toolbox/slam_toolbox/msg
[5.793s] -- Up-to-date: /home/misys/forza_ws/race_stack/install/slam_toolbox/include/slam_toolbox/slam_toolbox/msg/rosidl_typesupport_fastrtps_cpp__visibility_control.h
[5.793s] -- Up-to-date: /home/misys/forza_ws/race_stack/install/slam_toolbox/include/slam_toolbox/slam_toolbox/srv
[5.793s] -- Up-to-date: /home/misys/forza_ws/race_stack/install/slam_toolbox/include/slam_toolbox/slam_toolbox/srv/detail
[5.794s] -- Up-to-date: /home/misys/forza_ws/race_stack/install/slam_toolbox/include/slam_toolbox/slam_toolbox/srv/detail/deserialize_pose_graph__rosidl_typesupport_fastrtps_cpp.hpp
[5.794s] -- Up-to-date: /home/misys/forza_ws/race_stack/install/slam_toolbox/include/slam_toolbox/slam_toolbox/srv/detail/toggle_interactive__rosidl_typesupport_fastrtps_cpp.hpp
[5.794s] -- Up-to-date: /home/misys/forza_ws/race_stack/install/slam_toolbox/include/slam_toolbox/slam_toolbox/srv/detail/add_submap__rosidl_typesupport_fastrtps_cpp.hpp
[5.794s] -- Up-to-date: /home/misys/forza_ws/race_stack/install/slam_toolbox/include/slam_toolbox/slam_toolbox/srv/detail/pause__rosidl_typesupport_fastrtps_cpp.hpp
[5.794s] -- Up-to-date: /home/misys/forza_ws/race_stack/install/slam_toolbox/include/slam_toolbox/slam_toolbox/srv/detail/merge_maps__rosidl_typesupport_fastrtps_cpp.hpp
[5.794s] -- Up-to-date: /home/misys/forza_ws/race_stack/install/slam_toolbox/include/slam_toolbox/slam_toolbox/srv/detail/serialize_pose_graph__rosidl_typesupport_fastrtps_cpp.hpp
[5.794s] -- Up-to-date: /home/misys/forza_ws/race_stack/install/slam_toolbox/include/slam_toolbox/slam_toolbox/srv/detail/dds_fastrtps
[5.794s] -- Up-to-date: /home/misys/forza_ws/race_stack/install/slam_toolbox/include/slam_toolbox/slam_toolbox/srv/detail/clear__rosidl_typesupport_fastrtps_cpp.hpp
[5.795s] -- Up-to-date: /home/misys/forza_ws/race_stack/install/slam_toolbox/include/slam_toolbox/slam_toolbox/srv/detail/save_map__rosidl_typesupport_fastrtps_cpp.hpp
[5.795s] -- Up-to-date: /home/misys/forza_ws/race_stack/install/slam_toolbox/include/slam_toolbox/slam_toolbox/srv/detail/clear_queue__rosidl_typesupport_fastrtps_cpp.hpp
[5.795s] -- Up-to-date: /home/misys/forza_ws/race_stack/install/slam_toolbox/include/slam_toolbox/slam_toolbox/srv/detail/loop_closure__rosidl_typesupport_fastrtps_cpp.hpp
[5.795s] -- Up-to-date: /home/misys/forza_ws/race_stack/install/slam_toolbox/lib/libslam_toolbox__rosidl_typesupport_fastrtps_cpp.so
[5.795s] -- Up-to-date: /home/misys/forza_ws/race_stack/install/slam_toolbox/include/slam_toolbox/slam_toolbox
[5.795s] -- Up-to-date: /home/misys/forza_ws/race_stack/install/slam_toolbox/include/slam_toolbox/slam_toolbox/msg
[5.795s] -- Up-to-date: /home/misys/forza_ws/race_stack/install/slam_toolbox/include/slam_toolbox/slam_toolbox/msg/rosidl_typesupport_introspection_c__visibility_control.h
[5.795s] -- Up-to-date: /home/misys/forza_ws/race_stack/install/slam_toolbox/include/slam_toolbox/slam_toolbox/srv
[5.795s] -- Up-to-date: /home/misys/forza_ws/race_stack/install/slam_toolbox/include/slam_toolbox/slam_toolbox/srv/detail
[5.796s] -- Up-to-date: /home/misys/forza_ws/race_stack/install/slam_toolbox/include/slam_toolbox/slam_toolbox/srv/detail/clear_queue__type_support.c
[5.796s] -- Up-to-date: /home/misys/forza_ws/race_stack/install/slam_toolbox/include/slam_toolbox/slam_toolbox/srv/detail/save_map__type_support.c
[5.796s] -- Up-to-date: /home/misys/forza_ws/race_stack/install/slam_toolbox/include/slam_toolbox/slam_toolbox/srv/detail/loop_closure__rosidl_typesupport_introspection_c.h
[5.796s] -- Up-to-date: /home/misys/forza_ws/race_stack/install/slam_toolbox/include/slam_toolbox/slam_toolbox/srv/detail/toggle_interactive__rosidl_typesupport_introspection_c.h
[5.796s] -- Up-to-date: /home/misys/forza_ws/race_stack/install/slam_toolbox/include/slam_toolbox/slam_toolbox/srv/detail/merge_maps__type_support.c
[5.796s] -- Up-to-date: /home/misys/forza_ws/race_stack/install/slam_toolbox/include/slam_toolbox/slam_toolbox/srv/detail/add_submap__type_support.c
[5.796s] -- Up-to-date: /home/misys/forza_ws/race_stack/install/slam_toolbox/include/slam_toolbox/slam_toolbox/srv/detail/merge_maps__rosidl_typesupport_introspection_c.h
[5.796s] -- Up-to-date: /home/misys/forza_ws/race_stack/install/slam_toolbox/include/slam_toolbox/slam_toolbox/srv/detail/clear_queue__rosidl_typesupport_introspection_c.h
[5.797s] -- Up-to-date: /home/misys/forza_ws/race_stack/install/slam_toolbox/include/slam_toolbox/slam_toolbox/srv/detail/clear__type_support.c
[5.797s] -- Up-to-date: /home/misys/forza_ws/race_stack/install/slam_toolbox/include/slam_toolbox/slam_toolbox/srv/detail/pause__rosidl_typesupport_introspection_c.h
[5.797s] -- Up-to-date: /home/misys/forza_ws/race_stack/install/slam_toolbox/include/slam_toolbox/slam_toolbox/srv/detail/clear__rosidl_typesupport_introspection_c.h
[5.797s] -- Up-to-date: /home/misys/forza_ws/race_stack/install/slam_toolbox/include/slam_toolbox/slam_toolbox/srv/detail/deserialize_pose_graph__type_support.c
[5.797s] -- Up-to-date: /home/misys/forza_ws/race_stack/install/slam_toolbox/include/slam_toolbox/slam_toolbox/srv/detail/add_submap__rosidl_typesupport_introspection_c.h
[5.797s] -- Up-to-date: /home/misys/forza_ws/race_stack/install/slam_toolbox/include/slam_toolbox/slam_toolbox/srv/detail/toggle_interactive__type_support.c
[5.797s] -- Up-to-date: /home/misys/forza_ws/race_stack/install/slam_toolbox/include/slam_toolbox/slam_toolbox/srv/detail/serialize_pose_graph__rosidl_typesupport_introspection_c.h
[5.797s] -- Up-to-date: /home/misys/forza_ws/race_stack/install/slam_toolbox/include/slam_toolbox/slam_toolbox/srv/detail/loop_closure__type_support.c
[5.797s] -- Up-to-date: /home/misys/forza_ws/race_stack/install/slam_toolbox/include/slam_toolbox/slam_toolbox/srv/detail/pause__type_support.c
[5.798s] -- Up-to-date: /home/misys/forza_ws/race_stack/install/slam_toolbox/include/slam_toolbox/slam_toolbox/srv/detail/deserialize_pose_graph__rosidl_typesupport_introspection_c.h
[5.798s] -- Up-to-date: /home/misys/forza_ws/race_stack/install/slam_toolbox/include/slam_toolbox/slam_toolbox/srv/detail/serialize_pose_graph__type_support.c
[5.798s] -- Up-to-date: /home/misys/forza_ws/race_stack/install/slam_toolbox/include/slam_toolbox/slam_toolbox/srv/detail/save_map__rosidl_typesupport_introspection_c.h
[5.798s] -- Up-to-date: /home/misys/forza_ws/race_stack/install/slam_toolbox/lib/libslam_toolbox__rosidl_typesupport_introspection_c.so
[5.798s] -- Up-to-date: /home/misys/forza_ws/race_stack/install/slam_toolbox/lib/libslam_toolbox__rosidl_typesupport_c.so
[5.798s] -- Up-to-date: /home/misys/forza_ws/race_stack/install/slam_toolbox/include/slam_toolbox/slam_toolbox
[5.798s] -- Up-to-date: /home/misys/forza_ws/race_stack/install/slam_toolbox/include/slam_toolbox/slam_toolbox/srv
[5.798s] -- Up-to-date: /home/misys/forza_ws/race_stack/install/slam_toolbox/include/slam_toolbox/slam_toolbox/srv/detail
[5.798s] -- Up-to-date: /home/misys/forza_ws/race_stack/install/slam_toolbox/include/slam_toolbox/slam_toolbox/srv/detail/pause__type_support.cpp
[5.798s] -- Up-to-date: /home/misys/forza_ws/race_stack/install/slam_toolbox/include/slam_toolbox/slam_toolbox/srv/detail/loop_closure__type_support.cpp
[5.799s] -- Up-to-date: /home/misys/forza_ws/race_stack/install/slam_toolbox/include/slam_toolbox/slam_toolbox/srv/detail/add_submap__type_support.cpp
[5.799s] -- Up-to-date: /home/misys/forza_ws/race_stack/install/slam_toolbox/include/slam_toolbox/slam_toolbox/srv/detail/save_map__rosidl_typesupport_introspection_cpp.hpp
[5.799s] -- Up-to-date: /home/misys/forza_ws/race_stack/install/slam_toolbox/include/slam_toolbox/slam_toolbox/srv/detail/loop_closure__rosidl_typesupport_introspection_cpp.hpp
[5.799s] -- Up-to-date: /home/misys/forza_ws/race_stack/install/slam_toolbox/include/slam_toolbox/slam_toolbox/srv/detail/merge_maps__rosidl_typesupport_introspection_cpp.hpp
[5.799s] -- Up-to-date: /home/misys/forza_ws/race_stack/install/slam_toolbox/include/slam_toolbox/slam_toolbox/srv/detail/clear__rosidl_typesupport_introspection_cpp.hpp
[5.799s] -- Up-to-date: /home/misys/forza_ws/race_stack/install/slam_toolbox/include/slam_toolbox/slam_toolbox/srv/detail/merge_maps__type_support.cpp
[5.799s] -- Up-to-date: /home/misys/forza_ws/race_stack/install/slam_toolbox/include/slam_toolbox/slam_toolbox/srv/detail/add_submap__rosidl_typesupport_introspection_cpp.hpp
[5.799s] -- Up-to-date: /home/misys/forza_ws/race_stack/install/slam_toolbox/include/slam_toolbox/slam_toolbox/srv/detail/clear_queue__type_support.cpp
[5.799s] -- Up-to-date: /home/misys/forza_ws/race_stack/install/slam_toolbox/include/slam_toolbox/slam_toolbox/srv/detail/pause__rosidl_typesupport_introspection_cpp.hpp
[5.800s] -- Up-to-date: /home/misys/forza_ws/race_stack/install/slam_toolbox/include/slam_toolbox/slam_toolbox/srv/detail/serialize_pose_graph__type_support.cpp
[5.800s] -- Up-to-date: /home/misys/forza_ws/race_stack/install/slam_toolbox/include/slam_toolbox/slam_toolbox/srv/detail/save_map__type_support.cpp
[5.800s] -- Up-to-date: /home/misys/forza_ws/race_stack/install/slam_toolbox/include/slam_toolbox/slam_toolbox/srv/detail/clear__type_support.cpp
[5.800s] -- Up-to-date: /home/misys/forza_ws/race_stack/install/slam_toolbox/include/slam_toolbox/slam_toolbox/srv/detail/clear_queue__rosidl_typesupport_introspection_cpp.hpp
[5.800s] -- Up-to-date: /home/misys/forza_ws/race_stack/install/slam_toolbox/include/slam_toolbox/slam_toolbox/srv/detail/deserialize_pose_graph__type_support.cpp
[5.800s] -- Up-to-date: /home/misys/forza_ws/race_stack/install/slam_toolbox/include/slam_toolbox/slam_toolbox/srv/detail/serialize_pose_graph__rosidl_typesupport_introspection_cpp.hpp
[5.800s] -- Up-to-date: /home/misys/forza_ws/race_stack/install/slam_toolbox/include/slam_toolbox/slam_toolbox/srv/detail/toggle_interactive__rosidl_typesupport_introspection_cpp.hpp
[5.800s] -- Up-to-date: /home/misys/forza_ws/race_stack/install/slam_toolbox/include/slam_toolbox/slam_toolbox/srv/detail/toggle_interactive__type_support.cpp
[5.801s] -- Up-to-date: /home/misys/forza_ws/race_stack/install/slam_toolbox/include/slam_toolbox/slam_toolbox/srv/detail/deserialize_pose_graph__rosidl_typesupport_introspection_cpp.hpp
[5.801s] -- Up-to-date: /home/misys/forza_ws/race_stack/install/slam_toolbox/lib/libslam_toolbox__rosidl_typesupport_introspection_cpp.so
[5.801s] -- Up-to-date: /home/misys/forza_ws/race_stack/install/slam_toolbox/lib/libslam_toolbox__rosidl_typesupport_cpp.so
[5.801s] -- Up-to-date: /home/misys/forza_ws/race_stack/install/slam_toolbox/share/slam_toolbox/environment/pythonpath.sh
[5.801s] -- Up-to-date: /home/misys/forza_ws/race_stack/install/slam_toolbox/share/slam_toolbox/environment/pythonpath.dsv
[5.801s] -- Up-to-date: /home/misys/forza_ws/race_stack/install/slam_toolbox/local/lib/python3.10/dist-packages/slam_toolbox-2.6.8-py3.10.egg-info
[5.801s] -- Installing: /home/misys/forza_ws/race_stack/install/slam_toolbox/local/lib/python3.10/dist-packages/slam_toolbox-2.6.8-py3.10.egg-info/dependency_links.txt
[5.801s] -- Installing: /home/misys/forza_ws/race_stack/install/slam_toolbox/local/lib/python3.10/dist-packages/slam_toolbox-2.6.8-py3.10.egg-info/PKG-INFO
[5.801s] -- Installing: /home/misys/forza_ws/race_stack/install/slam_toolbox/local/lib/python3.10/dist-packages/slam_toolbox-2.6.8-py3.10.egg-info/top_level.txt
[5.802s] -- Installing: /home/misys/forza_ws/race_stack/install/slam_toolbox/local/lib/python3.10/dist-packages/slam_toolbox-2.6.8-py3.10.egg-info/SOURCES.txt
[5.802s] -- Up-to-date: /home/misys/forza_ws/race_stack/install/slam_toolbox/local/lib/python3.10/dist-packages/slam_toolbox
[5.802s] -- Up-to-date: /home/misys/forza_ws/race_stack/install/slam_toolbox/local/lib/python3.10/dist-packages/slam_toolbox/_slam_toolbox_s.ep.rosidl_typesupport_fastrtps_c.c
[5.802s] -- Up-to-date: /home/misys/forza_ws/race_stack/install/slam_toolbox/local/lib/python3.10/dist-packages/slam_toolbox/slam_toolbox_s__rosidl_typesupport_c.cpython-310-aarch64-linux-gnu.so
[5.802s] -- Up-to-date: /home/misys/forza_ws/race_stack/install/slam_toolbox/local/lib/python3.10/dist-packages/slam_toolbox/slam_toolbox_s__rosidl_typesupport_fastrtps_c.cpython-310-aarch64-linux-gnu.so
[5.802s] -- Up-to-date: /home/misys/forza_ws/race_stack/install/slam_toolbox/local/lib/python3.10/dist-packages/slam_toolbox/slam_toolbox_s__rosidl_typesupport_introspection_c.cpython-310-aarch64-linux-gnu.so
[5.802s] -- Up-to-date: /home/misys/forza_ws/race_stack/install/slam_toolbox/local/lib/python3.10/dist-packages/slam_toolbox/_slam_toolbox_s.ep.rosidl_typesupport_introspection_c.c
[5.802s] -- Up-to-date: /home/misys/forza_ws/race_stack/install/slam_toolbox/local/lib/python3.10/dist-packages/slam_toolbox/libslam_toolbox__rosidl_generator_py.so
[5.802s] -- Up-to-date: /home/misys/forza_ws/race_stack/install/slam_toolbox/local/lib/python3.10/dist-packages/slam_toolbox/_slam_toolbox_s.ep.rosidl_typesupport_c.c
[5.803s] -- Up-to-date: /home/misys/forza_ws/race_stack/install/slam_toolbox/local/lib/python3.10/dist-packages/slam_toolbox/srv
[5.803s] -- Up-to-date: /home/misys/forza_ws/race_stack/install/slam_toolbox/local/lib/python3.10/dist-packages/slam_toolbox/srv/_clear_s.c
[5.803s] -- Up-to-date: /home/misys/forza_ws/race_stack/install/slam_toolbox/local/lib/python3.10/dist-packages/slam_toolbox/srv/_merge_maps_s.c
[5.803s] -- Up-to-date: /home/misys/forza_ws/race_stack/install/slam_toolbox/local/lib/python3.10/dist-packages/slam_toolbox/srv/_loop_closure.py
[5.803s] -- Up-to-date: /home/misys/forza_ws/race_stack/install/slam_toolbox/local/lib/python3.10/dist-packages/slam_toolbox/srv/_serialize_pose_graph.py
[5.803s] -- Up-to-date: /home/misys/forza_ws/race_stack/install/slam_toolbox/local/lib/python3.10/dist-packages/slam_toolbox/srv/_deserialize_pose_graph.py
[5.803s] -- Up-to-date: /home/misys/forza_ws/race_stack/install/slam_toolbox/local/lib/python3.10/dist-packages/slam_toolbox/srv/_clear.py
[5.803s] -- Up-to-date: /home/misys/forza_ws/race_stack/install/slam_toolbox/local/lib/python3.10/dist-packages/slam_toolbox/srv/_pause.py
[5.803s] -- Up-to-date: /home/misys/forza_ws/race_stack/install/slam_toolbox/local/lib/python3.10/dist-packages/slam_toolbox/srv/_deserialize_pose_graph_s.c
[5.804s] -- Up-to-date: /home/misys/forza_ws/race_stack/install/slam_toolbox/local/lib/python3.10/dist-packages/slam_toolbox/srv/_toggle_interactive_s.c
[5.804s] -- Up-to-date: /home/misys/forza_ws/race_stack/install/slam_toolbox/local/lib/python3.10/dist-packages/slam_toolbox/srv/_clear_queue.py
[5.804s] -- Up-to-date: /home/misys/forza_ws/race_stack/install/slam_toolbox/local/lib/python3.10/dist-packages/slam_toolbox/srv/_toggle_interactive.py
[5.804s] -- Up-to-date: /home/misys/forza_ws/race_stack/install/slam_toolbox/local/lib/python3.10/dist-packages/slam_toolbox/srv/_add_submap.py
[5.805s] -- Up-to-date: /home/misys/forza_ws/race_stack/install/slam_toolbox/local/lib/python3.10/dist-packages/slam_toolbox/srv/_save_map.py
[5.805s] -- Up-to-date: /home/misys/forza_ws/race_stack/install/slam_toolbox/local/lib/python3.10/dist-packages/slam_toolbox/srv/_add_submap_s.c
[5.805s] -- Up-to-date: /home/misys/forza_ws/race_stack/install/slam_toolbox/local/lib/python3.10/dist-packages/slam_toolbox/srv/_pause_s.c
[5.805s] -- Up-to-date: /home/misys/forza_ws/race_stack/install/slam_toolbox/local/lib/python3.10/dist-packages/slam_toolbox/srv/_save_map_s.c
[5.805s] -- Up-to-date: /home/misys/forza_ws/race_stack/install/slam_toolbox/local/lib/python3.10/dist-packages/slam_toolbox/srv/__init__.py
[5.805s] -- Up-to-date: /home/misys/forza_ws/race_stack/install/slam_toolbox/local/lib/python3.10/dist-packages/slam_toolbox/srv/_loop_closure_s.c
[5.805s] -- Up-to-date: /home/misys/forza_ws/race_stack/install/slam_toolbox/local/lib/python3.10/dist-packages/slam_toolbox/srv/_serialize_pose_graph_s.c
[5.805s] -- Up-to-date: /home/misys/forza_ws/race_stack/install/slam_toolbox/local/lib/python3.10/dist-packages/slam_toolbox/srv/_merge_maps.py
[5.805s] -- Up-to-date: /home/misys/forza_ws/race_stack/install/slam_toolbox/local/lib/python3.10/dist-packages/slam_toolbox/srv/_clear_queue_s.c
[5.806s] -- Up-to-date: /home/misys/forza_ws/race_stack/install/slam_toolbox/local/lib/python3.10/dist-packages/slam_toolbox/__init__.py
[5.923s] Listing '/home/misys/forza_ws/race_stack/install/slam_toolbox/local/lib/python3.10/dist-packages/slam_toolbox'...
[5.924s] Listing '/home/misys/forza_ws/race_stack/install/slam_toolbox/local/lib/python3.10/dist-packages/slam_toolbox/srv'...
[5.936s] -- Up-to-date: /home/misys/forza_ws/race_stack/install/slam_toolbox/local/lib/python3.10/dist-packages/slam_toolbox/slam_toolbox_s__rosidl_typesupport_fastrtps_c.cpython-310-aarch64-linux-gnu.so
[5.938s] -- Up-to-date: /home/misys/forza_ws/race_stack/install/slam_toolbox/local/lib/python3.10/dist-packages/slam_toolbox/slam_toolbox_s__rosidl_typesupport_introspection_c.cpython-310-aarch64-linux-gnu.so
[5.938s] -- Up-to-date: /home/misys/forza_ws/race_stack/install/slam_toolbox/local/lib/python3.10/dist-packages/slam_toolbox/slam_toolbox_s__rosidl_typesupport_c.cpython-310-aarch64-linux-gnu.so
[5.940s] -- Up-to-date: /home/misys/forza_ws/race_stack/install/slam_toolbox/lib/libslam_toolbox__rosidl_generator_py.so
[5.942s] -- Up-to-date: /home/misys/forza_ws/race_stack/install/slam_toolbox/share/slam_toolbox/srv/Pause.idl
[5.942s] -- Up-to-date: /home/misys/forza_ws/race_stack/install/slam_toolbox/share/slam_toolbox/srv/ClearQueue.idl
[5.943s] -- Up-to-date: /home/misys/forza_ws/race_stack/install/slam_toolbox/share/slam_toolbox/srv/ToggleInteractive.idl
[5.944s] -- Up-to-date: /home/misys/forza_ws/race_stack/install/slam_toolbox/share/slam_toolbox/srv/Clear.idl
[5.944s] -- Up-to-date: /home/misys/forza_ws/race_stack/install/slam_toolbox/share/slam_toolbox/srv/SaveMap.idl
[5.945s] -- Up-to-date: /home/misys/forza_ws/race_stack/install/slam_toolbox/share/slam_toolbox/srv/LoopClosure.idl
[5.945s] -- Up-to-date: /home/misys/forza_ws/race_stack/install/slam_toolbox/share/slam_toolbox/srv/MergeMaps.idl
[5.946s] -- Up-to-date: /home/misys/forza_ws/race_stack/install/slam_toolbox/share/slam_toolbox/srv/AddSubmap.idl
[5.946s] -- Up-to-date: /home/misys/forza_ws/race_stack/install/slam_toolbox/share/slam_toolbox/srv/DeserializePoseGraph.idl
[5.947s] -- Up-to-date: /home/misys/forza_ws/race_stack/install/slam_toolbox/share/slam_toolbox/srv/SerializePoseGraph.idl
[5.947s] -- Up-to-date: /home/misys/forza_ws/race_stack/install/slam_toolbox/share/slam_toolbox/srvs/Pause.srv
[5.947s] -- Up-to-date: /home/misys/forza_ws/race_stack/install/slam_toolbox/share/slam_toolbox/srvs/Pause_Request.msg
[5.950s] -- Up-to-date: /home/misys/forza_ws/race_stack/install/slam_toolbox/share/slam_toolbox/srvs/Pause_Response.msg
[5.950s] -- Up-to-date: /home/misys/forza_ws/race_stack/install/slam_toolbox/share/slam_toolbox/srvs/ClearQueue.srv
[5.950s] -- Up-to-date: /home/misys/forza_ws/race_stack/install/slam_toolbox/share/slam_toolbox/srvs/ClearQueue_Request.msg
[5.950s] -- Up-to-date: /home/misys/forza_ws/race_stack/install/slam_toolbox/share/slam_toolbox/srvs/ClearQueue_Response.msg
[5.950s] -- Up-to-date: /home/misys/forza_ws/race_stack/install/slam_toolbox/share/slam_toolbox/srvs/ToggleInteractive.srv
[5.951s] -- Up-to-date: /home/misys/forza_ws/race_stack/install/slam_toolbox/share/slam_toolbox/srvs/ToggleInteractive_Request.msg
[5.951s] -- Up-to-date: /home/misys/forza_ws/race_stack/install/slam_toolbox/share/slam_toolbox/srvs/ToggleInteractive_Response.msg
[5.951s] -- Up-to-date: /home/misys/forza_ws/race_stack/install/slam_toolbox/share/slam_toolbox/srvs/Clear.srv
[5.951s] -- Up-to-date: /home/misys/forza_ws/race_stack/install/slam_toolbox/share/slam_toolbox/srvs/Clear_Request.msg
[5.952s] -- Up-to-date: /home/misys/forza_ws/race_stack/install/slam_toolbox/share/slam_toolbox/srvs/Clear_Response.msg
[5.956s] -- Up-to-date: /home/misys/forza_ws/race_stack/install/slam_toolbox/share/slam_toolbox/srvs/SaveMap.srv
[5.957s] -- Up-to-date: /home/misys/forza_ws/race_stack/install/slam_toolbox/share/slam_toolbox/srvs/SaveMap_Request.msg
[5.957s] -- Up-to-date: /home/misys/forza_ws/race_stack/install/slam_toolbox/share/slam_toolbox/srvs/SaveMap_Response.msg
[5.958s] -- Up-to-date: /home/misys/forza_ws/race_stack/install/slam_toolbox/share/slam_toolbox/srvs/LoopClosure.srv
[5.958s] -- Up-to-date: /home/misys/forza_ws/race_stack/install/slam_toolbox/share/slam_toolbox/srvs/LoopClosure_Request.msg
[5.958s] -- Up-to-date: /home/misys/forza_ws/race_stack/install/slam_toolbox/share/slam_toolbox/srvs/LoopClosure_Response.msg
[5.958s] -- Up-to-date: /home/misys/forza_ws/race_stack/install/slam_toolbox/share/slam_toolbox/srvs/MergeMaps.srv
[5.959s] -- Up-to-date: /home/misys/forza_ws/race_stack/install/slam_toolbox/share/slam_toolbox/srvs/MergeMaps_Request.msg
[5.959s] -- Up-to-date: /home/misys/forza_ws/race_stack/install/slam_toolbox/share/slam_toolbox/srvs/MergeMaps_Response.msg
[5.959s] -- Up-to-date: /home/misys/forza_ws/race_stack/install/slam_toolbox/share/slam_toolbox/srvs/AddSubmap.srv
[5.959s] -- Up-to-date: /home/misys/forza_ws/race_stack/install/slam_toolbox/share/slam_toolbox/srvs/AddSubmap_Request.msg
[5.960s] -- Up-to-date: /home/misys/forza_ws/race_stack/install/slam_toolbox/share/slam_toolbox/srvs/AddSubmap_Response.msg
[5.960s] -- Up-to-date: /home/misys/forza_ws/race_stack/install/slam_toolbox/share/slam_toolbox/srvs/DeserializePoseGraph.srv
[5.960s] -- Up-to-date: /home/misys/forza_ws/race_stack/install/slam_toolbox/share/slam_toolbox/srvs/DeserializePoseGraph_Request.msg
[5.960s] -- Up-to-date: /home/misys/forza_ws/race_stack/install/slam_toolbox/share/slam_toolbox/srvs/DeserializePoseGraph_Response.msg
[5.961s] -- Up-to-date: /home/misys/forza_ws/race_stack/install/slam_toolbox/share/slam_toolbox/srvs/SerializePoseGraph.srv
[5.961s] -- Up-to-date: /home/misys/forza_ws/race_stack/install/slam_toolbox/share/slam_toolbox/srvs/SerializePoseGraph_Request.msg
[5.961s] -- Up-to-date: /home/misys/forza_ws/race_stack/install/slam_toolbox/share/slam_toolbox/srvs/SerializePoseGraph_Response.msg
[5.961s] -- Up-to-date: /home/misys/forza_ws/race_stack/install/slam_toolbox/share/slam_toolbox/rviz_plugins.xml
[5.962s] -- Up-to-date: /home/misys/forza_ws/race_stack/install/slam_toolbox/share/slam_toolbox/solver_plugins.xml
[5.967s] -- Up-to-date: /home/misys/forza_ws/race_stack/install/slam_toolbox/lib/slam_toolbox/async_slam_toolbox_node
[5.968s] -- Up-to-date: /home/misys/forza_ws/race_stack/install/slam_toolbox/lib/slam_toolbox/sync_slam_toolbox_node
[5.970s] -- Up-to-date: /home/misys/forza_ws/race_stack/install/slam_toolbox/lib/slam_toolbox/localization_slam_toolbox_node
[5.978s] -- Up-to-date: /home/misys/forza_ws/race_stack/install/slam_toolbox/lib/slam_toolbox/map_and_localization_slam_toolbox_node
[5.978s] -- Up-to-date: /home/misys/forza_ws/race_stack/install/slam_toolbox/lib/slam_toolbox/merge_maps_kinematic
[5.978s] -- Up-to-date: /home/misys/forza_ws/race_stack/install/slam_toolbox/lib/libtoolbox_common.so
[5.978s] -- Up-to-date: /home/misys/forza_ws/race_stack/install/slam_toolbox/lib/libSlamToolboxPlugin.so
[5.978s] -- Up-to-date: /home/misys/forza_ws/race_stack/install/slam_toolbox/lib/libceres_solver_plugin.so
[5.979s] -- Up-to-date: /home/misys/forza_ws/race_stack/install/slam_toolbox/lib/libasync_slam_toolbox.so
[5.980s] -- Up-to-date: /home/misys/forza_ws/race_stack/install/slam_toolbox/lib/libsync_slam_toolbox.so
[5.981s] -- Up-to-date: /home/misys/forza_ws/race_stack/install/slam_toolbox/lib/liblocalization_slam_toolbox.so
[5.982s] -- Up-to-date: /home/misys/forza_ws/race_stack/install/slam_toolbox/lib/liblifelong_slam_toolbox.so
[5.982s] -- Up-to-date: /home/misys/forza_ws/race_stack/install/slam_toolbox/lib/libmap_and_localization_slam_toolbox.so
[5.983s] -- Up-to-date: /home/misys/forza_ws/race_stack/install/slam_toolbox/lib/libkartoSlamToolbox.so
[5.984s] -- Up-to-date: /home/misys/forza_ws/race_stack/install/slam_toolbox/lib/libSlamToolboxPlugin.so
[5.985s] -- Up-to-date: /home/misys/forza_ws/race_stack/install/slam_toolbox/include
[5.985s] -- Up-to-date: /home/misys/forza_ws/race_stack/install/slam_toolbox/include/slam_toolbox
[5.986s] -- Up-to-date: /home/misys/forza_ws/race_stack/install/slam_toolbox/include/slam_toolbox/laser_utils.hpp
[5.986s] -- Up-to-date: /home/misys/forza_ws/race_stack/install/slam_toolbox/include/slam_toolbox/merge_maps_kinematic.hpp
[5.986s] -- Up-to-date: /home/misys/forza_ws/race_stack/install/slam_toolbox/include/slam_toolbox/experimental
[5.987s] -- Up-to-date: /home/misys/forza_ws/race_stack/install/slam_toolbox/include/slam_toolbox/experimental/slam_toolbox_lifelong.hpp
[5.987s] -- Up-to-date: /home/misys/forza_ws/race_stack/install/slam_toolbox/include/slam_toolbox/experimental/slam_toolbox_map_and_localization.hpp
[5.989s] -- Up-to-date: /home/misys/forza_ws/race_stack/install/slam_toolbox/include/slam_toolbox/get_pose_helper.hpp
[5.989s] -- Up-to-date: /home/misys/forza_ws/race_stack/install/slam_toolbox/include/slam_toolbox/toolbox_types.hpp
[5.989s] -- Up-to-date: /home/misys/forza_ws/race_stack/install/slam_toolbox/include/slam_toolbox/slam_toolbox_async.hpp
[5.990s] -- Up-to-date: /home/misys/forza_ws/race_stack/install/slam_toolbox/include/slam_toolbox/slam_mapper.hpp
[5.990s] -- Up-to-date: /home/misys/forza_ws/race_stack/install/slam_toolbox/include/slam_toolbox/slam_toolbox_localization.hpp
[5.990s] -- Up-to-date: /home/misys/forza_ws/race_stack/install/slam_toolbox/include/slam_toolbox/loop_closure_assistant.hpp
[5.991s] -- Up-to-date: /home/misys/forza_ws/race_stack/install/slam_toolbox/include/slam_toolbox/visualization_utils.hpp
[5.991s] -- Up-to-date: /home/misys/forza_ws/race_stack/install/slam_toolbox/include/slam_toolbox/snap_utils.hpp
[5.991s] -- Up-to-date: /home/misys/forza_ws/race_stack/install/slam_toolbox/include/slam_toolbox/toolbox_msgs.hpp
[5.991s] -- Up-to-date: /home/misys/forza_ws/race_stack/install/slam_toolbox/include/slam_toolbox/map_saver.hpp
[5.992s] -- Up-to-date: /home/misys/forza_ws/race_stack/install/slam_toolbox/include/slam_toolbox/slam_toolbox_sync.hpp
[5.992s] -- Up-to-date: /home/misys/forza_ws/race_stack/install/slam_toolbox/include/slam_toolbox/serialization.hpp
[5.992s] -- Up-to-date: /home/misys/forza_ws/race_stack/install/slam_toolbox/include/slam_toolbox/slam_toolbox_common.hpp
[5.993s] -- Up-to-date: /home/misys/forza_ws/race_stack/install/slam_toolbox/share/slam_toolbox/launch
[5.993s] -- Up-to-date: /home/misys/forza_ws/race_stack/install/slam_toolbox/share/slam_toolbox/launch/online_async_launch.py
[5.993s] -- Up-to-date: /home/misys/forza_ws/race_stack/install/slam_toolbox/share/slam_toolbox/launch/online_sync_launch.py
[5.994s] -- Up-to-date: /home/misys/forza_ws/race_stack/install/slam_toolbox/share/slam_toolbox/launch/offline_launch_forza.py
[5.994s] -- Up-to-date: /home/misys/forza_ws/race_stack/install/slam_toolbox/share/slam_toolbox/launch/localization_launch.py
[5.994s] -- Up-to-date: /home/misys/forza_ws/race_stack/install/slam_toolbox/share/slam_toolbox/launch/merge_maps_kinematic_launch.py
[5.995s] -- Up-to-date: /home/misys/forza_ws/race_stack/install/slam_toolbox/share/slam_toolbox/launch/offline_launch.py
[5.995s] -- Up-to-date: /home/misys/forza_ws/race_stack/install/slam_toolbox/share/slam_toolbox/config
[5.995s] -- Up-to-date: /home/misys/forza_ws/race_stack/install/slam_toolbox/share/slam_toolbox/config/mapper_params_lifelong.yaml
[5.996s] -- Up-to-date: /home/misys/forza_ws/race_stack/install/slam_toolbox/share/slam_toolbox/config/mapper_params_offline_forza.yaml
[5.996s] -- Up-to-date: /home/misys/forza_ws/race_stack/install/slam_toolbox/share/slam_toolbox/config/slam_toolbox_default.rviz
[5.996s] -- Up-to-date: /home/misys/forza_ws/race_stack/install/slam_toolbox/share/slam_toolbox/config/mapper_params_offline.yaml
[5.997s] -- Up-to-date: /home/misys/forza_ws/race_stack/install/slam_toolbox/share/slam_toolbox/config/mapper_params_online_sync.yaml
[5.997s] -- Up-to-date: /home/misys/forza_ws/race_stack/install/slam_toolbox/share/slam_toolbox/config/mapper_params_localization.yaml
[5.997s] -- Up-to-date: /home/misys/forza_ws/race_stack/install/slam_toolbox/share/slam_toolbox/config/mapper_params_online_async.yaml
[5.998s] -- Up-to-date: /home/misys/forza_ws/race_stack/install/slam_toolbox/share/solver_plugins.xml
[5.998s] -- Up-to-date: /home/misys/forza_ws/race_stack/install/slam_toolbox/share/rviz_plugins.xml
[5.998s] -- Up-to-date: /home/misys/forza_ws/race_stack/install/slam_toolbox/share/ament_index/resource_index/package_run_dependencies/slam_toolbox
[5.999s] -- Up-to-date: /home/misys/forza_ws/race_stack/install/slam_toolbox/share/ament_index/resource_index/parent_prefix_path/slam_toolbox
[5.999s] -- Up-to-date: /home/misys/forza_ws/race_stack/install/slam_toolbox/share/slam_toolbox/environment/ament_prefix_path.sh
[6.000s] -- Up-to-date: /home/misys/forza_ws/race_stack/install/slam_toolbox/share/slam_toolbox/environment/ament_prefix_path.dsv
[6.000s] -- Up-to-date: /home/misys/forza_ws/race_stack/install/slam_toolbox/share/slam_toolbox/environment/path.sh
[6.000s] -- Up-to-date: /home/misys/forza_ws/race_stack/install/slam_toolbox/share/slam_toolbox/environment/path.dsv
[6.001s] -- Up-to-date: /home/misys/forza_ws/race_stack/install/slam_toolbox/share/slam_toolbox/local_setup.bash
[6.001s] -- Up-to-date: /home/misys/forza_ws/race_stack/install/slam_toolbox/share/slam_toolbox/local_setup.sh
[6.002s] -- Up-to-date: /home/misys/forza_ws/race_stack/install/slam_toolbox/share/slam_toolbox/local_setup.zsh
[6.002s] -- Up-to-date: /home/misys/forza_ws/race_stack/install/slam_toolbox/share/slam_toolbox/local_setup.dsv
[6.002s] -- Installing: /home/misys/forza_ws/race_stack/install/slam_toolbox/share/slam_toolbox/package.dsv
[6.003s] -- Up-to-date: /home/misys/forza_ws/race_stack/install/slam_toolbox/share/ament_index/resource_index/packages/slam_toolbox
[6.004s] -- Up-to-date: /home/misys/forza_ws/race_stack/install/slam_toolbox/share/ament_index/resource_index/rviz_common__pluginlib__plugin/slam_toolbox
[6.004s] -- Up-to-date: /home/misys/forza_ws/race_stack/install/slam_toolbox/share/ament_index/resource_index/slam_toolbox__pluginlib__plugin/slam_toolbox
[6.005s] -- Up-to-date: /home/misys/forza_ws/race_stack/install/slam_toolbox/share/slam_toolbox/cmake/export_slam_toolbox__rosidl_generator_cExport.cmake
[6.005s] -- Up-to-date: /home/misys/forza_ws/race_stack/install/slam_toolbox/share/slam_toolbox/cmake/export_slam_toolbox__rosidl_generator_cExport-release.cmake
[6.006s] -- Up-to-date: /home/misys/forza_ws/race_stack/install/slam_toolbox/share/slam_toolbox/cmake/export_slam_toolbox__rosidl_typesupport_fastrtps_cExport.cmake
[6.006s] -- Up-to-date: /home/misys/forza_ws/race_stack/install/slam_toolbox/share/slam_toolbox/cmake/export_slam_toolbox__rosidl_typesupport_fastrtps_cExport-release.cmake
[6.007s] -- Up-to-date: /home/misys/forza_ws/race_stack/install/slam_toolbox/share/slam_toolbox/cmake/export_slam_toolbox__rosidl_generator_cppExport.cmake
[6.007s] -- Up-to-date: /home/misys/forza_ws/race_stack/install/slam_toolbox/share/slam_toolbox/cmake/export_slam_toolbox__rosidl_typesupport_fastrtps_cppExport.cmake
[6.008s] -- Up-to-date: /home/misys/forza_ws/race_stack/install/slam_toolbox/share/slam_toolbox/cmake/export_slam_toolbox__rosidl_typesupport_fastrtps_cppExport-release.cmake
[6.008s] -- Up-to-date: /home/misys/forza_ws/race_stack/install/slam_toolbox/share/slam_toolbox/cmake/slam_toolbox__rosidl_typesupport_introspection_cExport.cmake
[6.009s] -- Up-to-date: /home/misys/forza_ws/race_stack/install/slam_toolbox/share/slam_toolbox/cmake/slam_toolbox__rosidl_typesupport_introspection_cExport-release.cmake
[6.009s] -- Up-to-date: /home/misys/forza_ws/race_stack/install/slam_toolbox/share/slam_toolbox/cmake/slam_toolbox__rosidl_typesupport_cExport.cmake
[6.010s] -- Up-to-date: /home/misys/forza_ws/race_stack/install/slam_toolbox/share/slam_toolbox/cmake/slam_toolbox__rosidl_typesupport_cExport-release.cmake
[6.010s] -- Up-to-date: /home/misys/forza_ws/race_stack/install/slam_toolbox/share/slam_toolbox/cmake/slam_toolbox__rosidl_typesupport_introspection_cppExport.cmake
[6.011s] -- Up-to-date: /home/misys/forza_ws/race_stack/install/slam_toolbox/share/slam_toolbox/cmake/slam_toolbox__rosidl_typesupport_introspection_cppExport-release.cmake
[6.011s] -- Up-to-date: /home/misys/forza_ws/race_stack/install/slam_toolbox/share/slam_toolbox/cmake/slam_toolbox__rosidl_typesupport_cppExport.cmake
[6.012s] -- Up-to-date: /home/misys/forza_ws/race_stack/install/slam_toolbox/share/slam_toolbox/cmake/slam_toolbox__rosidl_typesupport_cppExport-release.cmake
[6.013s] -- Up-to-date: /home/misys/forza_ws/race_stack/install/slam_toolbox/share/slam_toolbox/cmake/export_slam_toolbox__rosidl_generator_pyExport.cmake
[6.013s] -- Up-to-date: /home/misys/forza_ws/race_stack/install/slam_toolbox/share/slam_toolbox/cmake/export_slam_toolbox__rosidl_generator_pyExport-release.cmake
[6.014s] -- Up-to-date: /home/misys/forza_ws/race_stack/install/slam_toolbox/share/slam_toolbox/cmake/SlamToolboxPluginExport.cmake
[6.014s] -- Up-to-date: /home/misys/forza_ws/race_stack/install/slam_toolbox/share/slam_toolbox/cmake/SlamToolboxPluginExport-release.cmake
[6.015s] -- Up-to-date: /home/misys/forza_ws/race_stack/install/slam_toolbox/share/ament_index/resource_index/rclcpp_components/slam_toolbox
[6.016s] -- Up-to-date: /home/misys/forza_ws/race_stack/install/slam_toolbox/share/slam_toolbox/cmake/rosidl_cmake-extras.cmake
[6.017s] -- Up-to-date: /home/misys/forza_ws/race_stack/install/slam_toolbox/share/slam_toolbox/cmake/ament_cmake_export_dependencies-extras.cmake
[6.017s] -- Up-to-date: /home/misys/forza_ws/race_stack/install/slam_toolbox/share/slam_toolbox/cmake/ament_cmake_export_include_directories-extras.cmake
[6.017s] -- Up-to-date: /home/misys/forza_ws/race_stack/install/slam_toolbox/share/slam_toolbox/cmake/ament_cmake_export_libraries-extras.cmake
[6.018s] -- Up-to-date: /home/misys/forza_ws/race_stack/install/slam_toolbox/share/slam_toolbox/cmake/ament_cmake_export_targets-extras.cmake
[6.018s] -- Up-to-date: /home/misys/forza_ws/race_stack/install/slam_toolbox/share/slam_toolbox/cmake/rosidl_cmake_export_typesupport_targets-extras.cmake
[6.019s] -- Up-to-date: /home/misys/forza_ws/race_stack/install/slam_toolbox/share/slam_toolbox/cmake/rosidl_cmake_export_typesupport_libraries-extras.cmake
[6.019s] -- Up-to-date: /home/misys/forza_ws/race_stack/install/slam_toolbox/share/slam_toolbox/cmake/slam_toolboxConfig.cmake
[6.019s] -- Up-to-date: /home/misys/forza_ws/race_stack/install/slam_toolbox/share/slam_toolbox/cmake/slam_toolboxConfig-version.cmake
[6.020s] -- Up-to-date: /home/misys/forza_ws/race_stack/install/slam_toolbox/share/slam_toolbox/package.xml
[6.020s] -- Up-to-date: /home/misys/forza_ws/race_stack/install/slam_toolbox/include/
[6.021s] -- Up-to-date: /home/misys/forza_ws/race_stack/install/slam_toolbox/include//karto_sdk
[6.021s] -- Up-to-date: /home/misys/forza_ws/race_stack/install/slam_toolbox/include//karto_sdk/nanoflann_adaptors.h
[6.021s] -- Up-to-date: /home/misys/forza_ws/race_stack/install/slam_toolbox/include//karto_sdk/nanoflann.hpp
[6.022s] -- Up-to-date: /home/misys/forza_ws/race_stack/install/slam_toolbox/include//karto_sdk/Math.h
[6.022s] -- Up-to-date: /home/misys/forza_ws/race_stack/install/slam_toolbox/include//karto_sdk/Mapper.h
[6.022s] -- Up-to-date: /home/misys/forza_ws/race_stack/install/slam_toolbox/include//karto_sdk/Karto.h
[6.023s] -- Up-to-date: /home/misys/forza_ws/race_stack/install/slam_toolbox/include//karto_sdk/Macros.h
[6.023s] -- Up-to-date: /home/misys/forza_ws/race_stack/install/slam_toolbox/include//karto_sdk/Types.h
[6.084s] Invoked command in '/home/misys/forza_ws/race_stack/build/slam_toolbox' returned '0': CMAKE_PREFIX_PATH=${CMAKE_PREFIX_PATH}:/home/misys/forza_ws/race_stack/install/f1tenth_stack:/home/misys/forza_ws/race_stack/install/joy_teleop:/home/misys/forza_ws/race_stack/install/steering_lookup:/home/misys/forza_ws/race_stack/install/state_machine:/home/misys/forza_ws/race_stack/install/slam_tuner:/home/misys/forza_ws/race_stack/install/state_estimation:/home/misys/forza_ws/race_stack/install/map_editor:/home/misys/forza_ws/race_stack/install/stack_master:/home/misys/forza_ws/race_stack/install/spline_planner:/home/misys/forza_ws/race_stack/install/sector_tuner:/home/misys/forza_ws/race_stack/install/perception:/home/misys/forza_ws/race_stack/install/particle_filter:/home/misys/forza_ws/race_stack/install/opponent_publisher:/home/misys/forza_ws/race_stack/install/mouse_teleop:/home/misys/forza_ws/race_stack/install/lap_analyser:/home/misys/forza_ws/race_stack/install/key_teleop:/home/misys/forza_ws/race_stack/install/id_controller:/home/misys/forza_ws/race_stack/install/global_planner:/home/misys/forza_ws/race_stack/install/frenet_odom_republisher:/home/misys/forza_ws/race_stack/install/frenet_conversion:/home/misys/forza_ws/race_stack/install/f1tenth_gym_ros:/home/misys/forza_ws/race_stack/install/controller:/opt/ros/humble /usr/bin/cmake --install /home/misys/forza_ws/race_stack/build/slam_toolbox
