[2.436s] Invoking command in '/home/misys/forza_ws/race_stack/base_system/f1tenth_system/teleop_tools/key_teleop': PYTHONPATH=/home/misys/forza_ws/race_stack/build/key_teleop/prefix_override:/usr/lib/python3/dist-packages/colcon_core/task/python/colcon_distutils_commands:/home/misys/forza_ws/race_stack/install/key_teleop/lib/python3.10/site-packages:${PYTHONPATH} /usr/bin/python3 -W ignore:setup.py install is deprecated -W ignore:easy_install command is deprecated setup.py egg_info --egg-base ../../../../build/key_teleop build --build-base /home/misys/forza_ws/race_stack/build/key_teleop/build install --record /home/misys/forza_ws/race_stack/build/key_teleop/install.log --single-version-externally-managed install_data
[4.412s] running egg_info
[4.422s] creating ../../../../build/key_teleop/key_teleop.egg-info
[4.424s] writing ../../../../build/key_teleop/key_teleop.egg-info/PKG-INFO
[4.428s] writing dependency_links to ../../../../build/key_teleop/key_teleop.egg-info/dependency_links.txt
[4.433s] writing entry points to ../../../../build/key_teleop/key_teleop.egg-info/entry_points.txt
[4.436s] writing requirements to ../../../../build/key_teleop/key_teleop.egg-info/requires.txt
[4.437s] writing top-level names to ../../../../build/key_teleop/key_teleop.egg-info/top_level.txt
[4.438s] writing manifest file '../../../../build/key_teleop/key_teleop.egg-info/SOURCES.txt'
[4.469s] reading manifest file '../../../../build/key_teleop/key_teleop.egg-info/SOURCES.txt'
[4.470s] adding license file 'LICENSE'
[4.471s] writing manifest file '../../../../build/key_teleop/key_teleop.egg-info/SOURCES.txt'
[4.472s] running build
[4.472s] running build_py
[4.473s] creating /home/misys/forza_ws/race_stack/build/key_teleop/build
[4.475s] creating /home/misys/forza_ws/race_stack/build/key_teleop/build/lib
[4.476s] creating /home/misys/forza_ws/race_stack/build/key_teleop/build/lib/key_teleop
[4.484s] copying key_teleop/key_teleop.py -> /home/misys/forza_ws/race_stack/build/key_teleop/build/lib/key_teleop
[4.493s] copying key_teleop/__init__.py -> /home/misys/forza_ws/race_stack/build/key_teleop/build/lib/key_teleop
[4.494s] running install
[4.495s] running install_lib
[4.498s] creating /home/misys/forza_ws/race_stack/install/key_teleop/lib/python3.10/site-packages/key_teleop
[4.498s] copying /home/misys/forza_ws/race_stack/build/key_teleop/build/lib/key_teleop/key_teleop.py -> /home/misys/forza_ws/race_stack/install/key_teleop/lib/python3.10/site-packages/key_teleop
[4.504s] copying /home/misys/forza_ws/race_stack/build/key_teleop/build/lib/key_teleop/__init__.py -> /home/misys/forza_ws/race_stack/install/key_teleop/lib/python3.10/site-packages/key_teleop
[4.507s] byte-compiling /home/misys/forza_ws/race_stack/install/key_teleop/lib/python3.10/site-packages/key_teleop/key_teleop.py to key_teleop.cpython-310.pyc
[4.520s] byte-compiling /home/misys/forza_ws/race_stack/install/key_teleop/lib/python3.10/site-packages/key_teleop/__init__.py to __init__.cpython-310.pyc
[4.529s] running install_data
[4.529s] copying package.xml -> /home/misys/forza_ws/race_stack/install/key_teleop/share/key_teleop
[4.530s] creating /home/misys/forza_ws/race_stack/install/key_teleop/share/key_teleop/config
[4.531s] copying config/key_teleop.yaml -> /home/misys/forza_ws/race_stack/install/key_teleop/share/key_teleop/config
[4.536s] creating /home/misys/forza_ws/race_stack/install/key_teleop/share/ament_index
[4.537s] creating /home/misys/forza_ws/race_stack/install/key_teleop/share/ament_index/resource_index
[4.537s] creating /home/misys/forza_ws/race_stack/install/key_teleop/share/ament_index/resource_index/packages
[4.538s] copying resource/key_teleop -> /home/misys/forza_ws/race_stack/install/key_teleop/share/ament_index/resource_index/packages
[4.538s] running install_egg_info
[4.543s] Copying ../../../../build/key_teleop/key_teleop.egg-info to /home/misys/forza_ws/race_stack/install/key_teleop/lib/python3.10/site-packages/key_teleop-1.5.0-py3.10.egg-info
[4.554s] running install_scripts
[4.725s] Installing key_teleop script to /home/misys/forza_ws/race_stack/install/key_teleop/lib/key_teleop
[4.726s] writing list of installed files to '/home/misys/forza_ws/race_stack/build/key_teleop/install.log'
[5.065s] Invoked command in '/home/misys/forza_ws/race_stack/base_system/f1tenth_system/teleop_tools/key_teleop' returned '0': PYTHONPATH=/home/misys/forza_ws/race_stack/build/key_teleop/prefix_override:/usr/lib/python3/dist-packages/colcon_core/task/python/colcon_distutils_commands:/home/misys/forza_ws/race_stack/install/key_teleop/lib/python3.10/site-packages:${PYTHONPATH} /usr/bin/python3 -W ignore:setup.py install is deprecated -W ignore:easy_install command is deprecated setup.py egg_info --egg-base ../../../../build/key_teleop build --build-base /home/misys/forza_ws/race_stack/build/key_teleop/build install --record /home/misys/forza_ws/race_stack/build/key_teleop/install.log --single-version-externally-managed install_data
