[2.481s] Invoking command in '/home/misys/forza_ws/race_stack/state_estimation': PYTHONPATH=/home/misys/forza_ws/race_stack/build/state_estimation/prefix_override:/usr/lib/python3/dist-packages/colcon_core/task/python/colcon_distutils_commands:/home/misys/forza_ws/race_stack/install/state_estimation/lib/python3.10/site-packages:${PYTHONPATH} /usr/bin/python3 -W ignore:setup.py install is deprecated -W ignore:easy_install command is deprecated setup.py egg_info --egg-base ../build/state_estimation build --build-base /home/misys/forza_ws/race_stack/build/state_estimation/build install --record /home/misys/forza_ws/race_stack/build/state_estimation/install.log --single-version-externally-managed install_data
[3.153s] running egg_info
[3.154s] writing ../build/state_estimation/state_estimation.egg-info/PKG-INFO
[3.155s] writing dependency_links to ../build/state_estimation/state_estimation.egg-info/dependency_links.txt
[3.156s] writing entry points to ../build/state_estimation/state_estimation.egg-info/entry_points.txt
[3.156s] writing requirements to ../build/state_estimation/state_estimation.egg-info/requires.txt
[3.157s] writing top-level names to ../build/state_estimation/state_estimation.egg-info/top_level.txt
[3.160s] reading manifest file '../build/state_estimation/state_estimation.egg-info/SOURCES.txt'
[3.161s] adding license file 'LICENSE'
[3.162s] writing manifest file '../build/state_estimation/state_estimation.egg-info/SOURCES.txt'
[3.162s] running build
[3.163s] running build_py
[3.163s] running install
[3.164s] running install_lib
[3.167s] running install_data
[3.167s] running install_egg_info
[3.172s] removing '/home/misys/forza_ws/race_stack/install/state_estimation/lib/python3.10/site-packages/state_estimation-0.0.0-py3.10.egg-info' (and everything under it)
[3.173s] Copying ../build/state_estimation/state_estimation.egg-info to /home/misys/forza_ws/race_stack/install/state_estimation/lib/python3.10/site-packages/state_estimation-0.0.0-py3.10.egg-info
[3.175s] running install_scripts
[3.228s] Installing carstate_node script to /home/misys/forza_ws/race_stack/install/state_estimation/lib/state_estimation
[3.228s] writing list of installed files to '/home/misys/forza_ws/race_stack/build/state_estimation/install.log'
[4.056s] Invoked command in '/home/misys/forza_ws/race_stack/state_estimation' returned '0': PYTHONPATH=/home/misys/forza_ws/race_stack/build/state_estimation/prefix_override:/usr/lib/python3/dist-packages/colcon_core/task/python/colcon_distutils_commands:/home/misys/forza_ws/race_stack/install/state_estimation/lib/python3.10/site-packages:${PYTHONPATH} /usr/bin/python3 -W ignore:setup.py install is deprecated -W ignore:easy_install command is deprecated setup.py egg_info --egg-base ../build/state_estimation build --build-base /home/misys/forza_ws/race_stack/build/state_estimation/build install --record /home/misys/forza_ws/race_stack/build/state_estimation/install.log --single-version-externally-managed install_data
