[3.086s] Invoking command in '/home/misys/forza_ws/race_stack/controller': PYTHONPATH=/home/misys/forza_ws/race_stack/build/controller/prefix_override:/usr/lib/python3/dist-packages/colcon_core/task/python/colcon_distutils_commands:/home/misys/forza_ws/race_stack/install/controller/lib/python3.10/site-packages:${PYTHONPATH} /usr/bin/python3 -W ignore:setup.py install is deprecated -W ignore:easy_install command is deprecated setup.py egg_info --egg-base ../build/controller build --build-base /home/misys/forza_ws/race_stack/build/controller/build install --record /home/misys/forza_ws/race_stack/build/controller/install.log --single-version-externally-managed install_data
[3.888s] running egg_info
[3.889s] writing ../build/controller/controller.egg-info/PKG-INFO
[3.890s] writing dependency_links to ../build/controller/controller.egg-info/dependency_links.txt
[3.891s] writing entry points to ../build/controller/controller.egg-info/entry_points.txt
[3.892s] writing requirements to ../build/controller/controller.egg-info/requires.txt
[3.892s] writing top-level names to ../build/controller/controller.egg-info/top_level.txt
[3.897s] reading manifest file '../build/controller/controller.egg-info/SOURCES.txt'
[3.898s] adding license file 'LICENSE'
[3.900s] writing manifest file '../build/controller/controller.egg-info/SOURCES.txt'
[3.900s] running build
[3.901s] running build_py
[3.902s] running install
[3.903s] running install_lib
[3.907s] running install_data
[3.908s] running install_egg_info
[3.913s] removing '/home/misys/forza_ws/race_stack/install/controller/lib/python3.10/site-packages/controller-0.0.0-py3.10.egg-info' (and everything under it)
[3.914s] Copying ../build/controller/controller.egg-info to /home/misys/forza_ws/race_stack/install/controller/lib/python3.10/site-packages/controller-0.0.0-py3.10.egg-info
[3.917s] running install_scripts
[3.969s] Installing controller script to /home/misys/forza_ws/race_stack/install/controller/lib/controller
[3.969s] writing list of installed files to '/home/misys/forza_ws/race_stack/build/controller/install.log'
[5.841s] Invoked command in '/home/misys/forza_ws/race_stack/controller' returned '0': PYTHONPATH=/home/misys/forza_ws/race_stack/build/controller/prefix_override:/usr/lib/python3/dist-packages/colcon_core/task/python/colcon_distutils_commands:/home/misys/forza_ws/race_stack/install/controller/lib/python3.10/site-packages:${PYTHONPATH} /usr/bin/python3 -W ignore:setup.py install is deprecated -W ignore:easy_install command is deprecated setup.py egg_info --egg-base ../build/controller build --build-base /home/misys/forza_ws/race_stack/build/controller/build install --record /home/misys/forza_ws/race_stack/build/controller/install.log --single-version-externally-managed install_data
