[7.377s] Invoking command in '/home/misys/forza_ws/race_stack/controller': PYTHONPATH=/home/misys/forza_ws/race_stack/build/controller/prefix_override:/usr/lib/python3/dist-packages/colcon_core/task/python/colcon_distutils_commands:/home/misys/forza_ws/race_stack/install/controller/lib/python3.10/site-packages:${PYTHONPATH} /usr/bin/python3 -W ignore:setup.py install is deprecated -W ignore:easy_install command is deprecated setup.py egg_info --egg-base ../build/controller build --build-base /home/misys/forza_ws/race_stack/build/controller/build install --record /home/misys/forza_ws/race_stack/build/controller/install.log --single-version-externally-managed install_data
[8.684s] running egg_info
[8.685s] writing ../build/controller/controller.egg-info/PKG-INFO
[8.685s] writing dependency_links to ../build/controller/controller.egg-info/dependency_links.txt
[8.685s] writing entry points to ../build/controller/controller.egg-info/entry_points.txt
[8.685s] writing requirements to ../build/controller/controller.egg-info/requires.txt
[8.685s] writing top-level names to ../build/controller/controller.egg-info/top_level.txt
[8.685s] reading manifest file '../build/controller/controller.egg-info/SOURCES.txt'
[8.685s] adding license file 'LICENSE'
[8.685s] writing manifest file '../build/controller/controller.egg-info/SOURCES.txt'
[8.686s] running build
[8.686s] running build_py
[8.686s] copying controller/controller_manager.py -> /home/misys/forza_ws/race_stack/build/controller/build/lib/controller
[8.686s] running install
[8.686s] running install_lib
[8.686s] copying /home/misys/forza_ws/race_stack/build/controller/build/lib/controller/controller_manager.py -> /home/misys/forza_ws/race_stack/install/controller/lib/python3.10/site-packages/controller
[8.686s] byte-compiling /home/misys/forza_ws/race_stack/install/controller/lib/python3.10/site-packages/controller/controller_manager.py to controller_manager.cpython-310.pyc
[8.686s] running install_data
[8.686s] running install_egg_info
[8.687s] removing '/home/misys/forza_ws/race_stack/install/controller/lib/python3.10/site-packages/controller-0.0.0-py3.10.egg-info' (and everything under it)
[8.687s] Copying ../build/controller/controller.egg-info to /home/misys/forza_ws/race_stack/install/controller/lib/python3.10/site-packages/controller-0.0.0-py3.10.egg-info
[8.687s] running install_scripts
[8.730s] Installing controller script to /home/misys/forza_ws/race_stack/install/controller/lib/controller
[8.730s] writing list of installed files to '/home/misys/forza_ws/race_stack/build/controller/install.log'
[10.437s] Invoked command in '/home/misys/forza_ws/race_stack/controller' returned '0': PYTHONPATH=/home/misys/forza_ws/race_stack/build/controller/prefix_override:/usr/lib/python3/dist-packages/colcon_core/task/python/colcon_distutils_commands:/home/misys/forza_ws/race_stack/install/controller/lib/python3.10/site-packages:${PYTHONPATH} /usr/bin/python3 -W ignore:setup.py install is deprecated -W ignore:easy_install command is deprecated setup.py egg_info --egg-base ../build/controller build --build-base /home/misys/forza_ws/race_stack/build/controller/build install --record /home/misys/forza_ws/race_stack/build/controller/install.log --single-version-externally-managed install_data
