[6.326s] Invoking command in '/home/misys/forza_ws/race_stack/planner/global_planner': PYTHONPATH=/home/misys/forza_ws/race_stack/build/global_planner/prefix_override:/usr/lib/python3/dist-packages/colcon_core/task/python/colcon_distutils_commands:/home/misys/forza_ws/race_stack/install/global_planner/lib/python3.10/site-packages:${PYTHONPATH} /usr/bin/python3 -W ignore:setup.py install is deprecated -W ignore:easy_install command is deprecated setup.py egg_info --egg-base ../../build/global_planner build --build-base /home/misys/forza_ws/race_stack/build/global_planner/build install --record /home/misys/forza_ws/race_stack/build/global_planner/install.log --single-version-externally-managed install_data
[7.551s] running egg_info
[7.552s] writing ../../build/global_planner/global_planner.egg-info/PKG-INFO
[7.553s] writing dependency_links to ../../build/global_planner/global_planner.egg-info/dependency_links.txt
[7.553s] writing entry points to ../../build/global_planner/global_planner.egg-info/entry_points.txt
[7.560s] writing requirements to ../../build/global_planner/global_planner.egg-info/requires.txt
[7.560s] writing top-level names to ../../build/global_planner/global_planner.egg-info/top_level.txt
[7.576s] reading manifest file '../../build/global_planner/global_planner.egg-info/SOURCES.txt'
[7.581s] adding license file 'LICENSE'
[7.583s] writing manifest file '../../build/global_planner/global_planner.egg-info/SOURCES.txt'
[7.583s] running build
[7.584s] running build_py
[7.586s] running install
[7.589s] running install_lib
[7.597s] running install_data
[7.599s] running install_egg_info
[7.604s] removing '/home/misys/forza_ws/race_stack/install/global_planner/lib/python3.10/site-packages/global_planner-0.0.0-py3.10.egg-info' (and everything under it)
[7.609s] Copying ../../build/global_planner/global_planner.egg-info to /home/misys/forza_ws/race_stack/install/global_planner/lib/python3.10/site-packages/global_planner-0.0.0-py3.10.egg-info
[7.622s] running install_scripts
[7.714s] Installing global_planner script to /home/misys/forza_ws/race_stack/install/global_planner/lib/global_planner
[7.723s] Installing global_trajectory_publisher script to /home/misys/forza_ws/race_stack/install/global_planner/lib/global_planner
[7.731s] writing list of installed files to '/home/misys/forza_ws/race_stack/build/global_planner/install.log'
[8.416s] Invoked command in '/home/misys/forza_ws/race_stack/planner/global_planner' returned '0': PYTHONPATH=/home/misys/forza_ws/race_stack/build/global_planner/prefix_override:/usr/lib/python3/dist-packages/colcon_core/task/python/colcon_distutils_commands:/home/misys/forza_ws/race_stack/install/global_planner/lib/python3.10/site-packages:${PYTHONPATH} /usr/bin/python3 -W ignore:setup.py install is deprecated -W ignore:easy_install command is deprecated setup.py egg_info --egg-base ../../build/global_planner build --build-base /home/misys/forza_ws/race_stack/build/global_planner/build install --record /home/misys/forza_ws/race_stack/build/global_planner/install.log --single-version-externally-managed install_data
