[7.853s] Invoking command in '/home/misys/forza_ws/race_stack/system_identification/nodes/id_controller': PYTHONPATH=/home/misys/forza_ws/race_stack/build/id_controller/prefix_override:/usr/lib/python3/dist-packages/colcon_core/task/python/colcon_distutils_commands:/home/misys/forza_ws/race_stack/install/id_controller/lib/python3.10/site-packages:${PYTHONPATH} /usr/bin/python3 -W ignore:setup.py install is deprecated -W ignore:easy_install command is deprecated setup.py egg_info --egg-base ../../../build/id_controller build --build-base /home/misys/forza_ws/race_stack/build/id_controller/build install --record /home/misys/forza_ws/race_stack/build/id_controller/install.log --single-version-externally-managed install_data
[9.600s] running egg_info
[9.600s] writing ../../../build/id_controller/id_controller.egg-info/PKG-INFO
[9.601s] writing dependency_links to ../../../build/id_controller/id_controller.egg-info/dependency_links.txt
[9.602s] writing entry points to ../../../build/id_controller/id_controller.egg-info/entry_points.txt
[9.602s] writing requirements to ../../../build/id_controller/id_controller.egg-info/requires.txt
[9.602s] writing top-level names to ../../../build/id_controller/id_controller.egg-info/top_level.txt
[9.612s] reading manifest file '../../../build/id_controller/id_controller.egg-info/SOURCES.txt'
[9.612s] adding license file 'LICENSE'
[9.613s] writing manifest file '../../../build/id_controller/id_controller.egg-info/SOURCES.txt'
[9.613s] running build
[9.613s] running build_py
[9.613s] running install
[9.613s] running install_lib
[9.615s] running install_data
[9.615s] running install_egg_info
[9.636s] removing '/home/misys/forza_ws/race_stack/install/id_controller/lib/python3.10/site-packages/id_controller-0.0.0-py3.10.egg-info' (and everything under it)
[9.636s] Copying ../../../build/id_controller/id_controller.egg-info to /home/misys/forza_ws/race_stack/install/id_controller/lib/python3.10/site-packages/id_controller-0.0.0-py3.10.egg-info
[9.637s] running install_scripts
[9.708s] writing list of installed files to '/home/misys/forza_ws/race_stack/build/id_controller/install.log'
[11.567s] Invoked command in '/home/misys/forza_ws/race_stack/system_identification/nodes/id_controller' returned '0': PYTHONPATH=/home/misys/forza_ws/race_stack/build/id_controller/prefix_override:/usr/lib/python3/dist-packages/colcon_core/task/python/colcon_distutils_commands:/home/misys/forza_ws/race_stack/install/id_controller/lib/python3.10/site-packages:${PYTHONPATH} /usr/bin/python3 -W ignore:setup.py install is deprecated -W ignore:easy_install command is deprecated setup.py egg_info --egg-base ../../../build/id_controller build --build-base /home/misys/forza_ws/race_stack/build/id_controller/build install --record /home/misys/forza_ws/race_stack/build/id_controller/install.log --single-version-externally-managed install_data
