running egg_info
writing ../../../build/spline_planner/spline_planner.egg-info/PKG-INFO
writing dependency_links to ../../../build/spline_planner/spline_planner.egg-info/dependency_links.txt
writing entry points to ../../../build/spline_planner/spline_planner.egg-info/entry_points.txt
writing requirements to ../../../build/spline_planner/spline_planner.egg-info/requires.txt
writing top-level names to ../../../build/spline_planner/spline_planner.egg-info/top_level.txt
reading manifest file '../../../build/spline_planner/spline_planner.egg-info/SOURCES.txt'
adding license file 'LICENSE'
writing manifest file '../../../build/spline_planner/spline_planner.egg-info/SOURCES.txt'
running build
running build_py
running install
running install_lib
running install_data
running install_egg_info
removing '/home/misys/forza_ws/race_stack/install/spline_planner/lib/python3.10/site-packages/spline_planner-0.0.0-py3.10.egg-info' (and everything under it)
Copying ../../../build/spline_planner/spline_planner.egg-info to /home/misys/forza_ws/race_stack/install/spline_planner/lib/python3.10/site-packages/spline_planner-0.0.0-py3.10.egg-info
running install_scripts
Installing spline_planner script to /home/misys/forza_ws/race_stack/install/spline_planner/lib/spline_planner
writing list of installed files to '/home/misys/forza_ws/race_stack/build/spline_planner/install.log'
