[1.828s] Invoking command in '/home/misys/forza_ws/race_stack/controller': PYTHONPATH=/home/misys/forza_ws/race_stack/build/controller/prefix_override:/usr/lib/python3/dist-packages/colcon_core/task/python/colcon_distutils_commands:/home/misys/forza_ws/race_stack/install/controller/lib/python3.10/site-packages:${PYTHONPATH} /usr/bin/python3 -W ignore:setup.py install is deprecated -W ignore:easy_install command is deprecated setup.py egg_info --egg-base ../build/controller build --build-base /home/misys/forza_ws/race_stack/build/controller/build install --record /home/misys/forza_ws/race_stack/build/controller/install.log --single-version-externally-managed install_data
[2.488s] running egg_info
[2.488s] writing ../build/controller/controller.egg-info/PKG-INFO
[2.489s] writing dependency_links to ../build/controller/controller.egg-info/dependency_links.txt
[2.489s] writing entry points to ../build/controller/controller.egg-info/entry_points.txt
[2.489s] writing requirements to ../build/controller/controller.egg-info/requires.txt
[2.490s] writing top-level names to ../build/controller/controller.egg-info/top_level.txt
[2.494s] reading manifest file '../build/controller/controller.egg-info/SOURCES.txt'
[2.496s] adding license file 'LICENSE'
[2.497s] writing manifest file '../build/controller/controller.egg-info/SOURCES.txt'
[2.497s] running build
[2.497s] running build_py
[2.498s] copying controller/controller_manager.py -> /home/misys/forza_ws/race_stack/build/controller/build/lib/controller
[2.499s] running install
[2.499s] running install_lib
[2.501s] copying /home/misys/forza_ws/race_stack/build/controller/build/lib/controller/controller_manager.py -> /home/misys/forza_ws/race_stack/install/controller/lib/python3.10/site-packages/controller
[2.503s] byte-compiling /home/misys/forza_ws/race_stack/install/controller/lib/python3.10/site-packages/controller/controller_manager.py to controller_manager.cpython-310.pyc
[2.513s] running install_data
[2.513s] running install_egg_info
[2.517s] removing '/home/misys/forza_ws/race_stack/install/controller/lib/python3.10/site-packages/controller-0.0.0-py3.10.egg-info' (and everything under it)
[2.518s] Copying ../build/controller/controller.egg-info to /home/misys/forza_ws/race_stack/install/controller/lib/python3.10/site-packages/controller-0.0.0-py3.10.egg-info
[2.521s] running install_scripts
[2.566s] Installing controller script to /home/misys/forza_ws/race_stack/install/controller/lib/controller
[2.567s] writing list of installed files to '/home/misys/forza_ws/race_stack/build/controller/install.log'
[2.643s] Invoked command in '/home/misys/forza_ws/race_stack/controller' returned '0': PYTHONPATH=/home/misys/forza_ws/race_stack/build/controller/prefix_override:/usr/lib/python3/dist-packages/colcon_core/task/python/colcon_distutils_commands:/home/misys/forza_ws/race_stack/install/controller/lib/python3.10/site-packages:${PYTHONPATH} /usr/bin/python3 -W ignore:setup.py install is deprecated -W ignore:easy_install command is deprecated setup.py egg_info --egg-base ../build/controller build --build-base /home/misys/forza_ws/race_stack/build/controller/build install --record /home/misys/forza_ws/race_stack/build/controller/install.log --single-version-externally-managed install_data
