[6.419s] Invoking command in '/home/misys/forza_ws/race_stack/stack_master': PYTHONPATH=/home/misys/forza_ws/race_stack/build/stack_master/prefix_override:/usr/lib/python3/dist-packages/colcon_core/task/python/colcon_distutils_commands:/home/misys/forza_ws/race_stack/install/stack_master/lib/python3.10/site-packages:${PYTHONPATH} /usr/bin/python3 -W ignore:setup.py install is deprecated -W ignore:easy_install command is deprecated setup.py egg_info --egg-base ../build/stack_master build --build-base /home/misys/forza_ws/race_stack/build/stack_master/build install --record /home/misys/forza_ws/race_stack/build/stack_master/install.log --single-version-externally-managed install_data
[8.116s] running egg_info
[8.116s] creating ../build/stack_master/stack_master.egg-info
[8.117s] writing ../build/stack_master/stack_master.egg-info/PKG-INFO
[8.131s] writing dependency_links to ../build/stack_master/stack_master.egg-info/dependency_links.txt
[8.131s] writing entry points to ../build/stack_master/stack_master.egg-info/entry_points.txt
[8.132s] writing requirements to ../build/stack_master/stack_master.egg-info/requires.txt
[8.136s] writing top-level names to ../build/stack_master/stack_master.egg-info/top_level.txt
[8.136s] writing manifest file '../build/stack_master/stack_master.egg-info/SOURCES.txt'
[8.145s] reading manifest file '../build/stack_master/stack_master.egg-info/SOURCES.txt'
[8.146s] adding license file 'LICENSE'
[8.148s] writing manifest file '../build/stack_master/stack_master.egg-info/SOURCES.txt'
[8.148s] running build
[8.160s] running build_py
[8.164s] creating /home/misys/forza_ws/race_stack/build/stack_master/build
[8.175s] creating /home/misys/forza_ws/race_stack/build/stack_master/build/lib
[8.175s] creating /home/misys/forza_ws/race_stack/build/stack_master/build/lib/stack_master
[8.176s] copying stack_master/global_parameter_node.py -> /home/misys/forza_ws/race_stack/build/stack_master/build/lib/stack_master
[8.176s] copying stack_master/parameter_event_handler.py -> /home/misys/forza_ws/race_stack/build/stack_master/build/lib/stack_master
[8.177s] copying stack_master/__init__.py -> /home/misys/forza_ws/race_stack/build/stack_master/build/lib/stack_master
[8.178s] running install
[8.179s] running install_lib
[8.181s] creating /home/misys/forza_ws/race_stack/install/stack_master/lib/python3.10/site-packages/stack_master
[8.182s] copying /home/misys/forza_ws/race_stack/build/stack_master/build/lib/stack_master/global_parameter_node.py -> /home/misys/forza_ws/race_stack/install/stack_master/lib/python3.10/site-packages/stack_master
[8.182s] copying /home/misys/forza_ws/race_stack/build/stack_master/build/lib/stack_master/parameter_event_handler.py -> /home/misys/forza_ws/race_stack/install/stack_master/lib/python3.10/site-packages/stack_master
[8.182s] copying /home/misys/forza_ws/race_stack/build/stack_master/build/lib/stack_master/__init__.py -> /home/misys/forza_ws/race_stack/install/stack_master/lib/python3.10/site-packages/stack_master
[8.183s] byte-compiling /home/misys/forza_ws/race_stack/install/stack_master/lib/python3.10/site-packages/stack_master/global_parameter_node.py to global_parameter_node.cpython-310.pyc
[8.184s] byte-compiling /home/misys/forza_ws/race_stack/install/stack_master/lib/python3.10/site-packages/stack_master/parameter_event_handler.py to parameter_event_handler.cpython-310.pyc
[8.187s] byte-compiling /home/misys/forza_ws/race_stack/install/stack_master/lib/python3.10/site-packages/stack_master/__init__.py to __init__.cpython-310.pyc
[8.188s] running install_data
[8.188s] creating /home/misys/forza_ws/race_stack/install/stack_master/share/ament_index
[8.188s] creating /home/misys/forza_ws/race_stack/install/stack_master/share/ament_index/resource_index
[8.194s] creating /home/misys/forza_ws/race_stack/install/stack_master/share/ament_index/resource_index/packages
[8.194s] copying resource/stack_master -> /home/misys/forza_ws/race_stack/install/stack_master/share/ament_index/resource_index/packages
[8.194s] copying package.xml -> /home/misys/forza_ws/race_stack/install/stack_master/share/stack_master
[8.194s] creating /home/misys/forza_ws/race_stack/install/stack_master/share/stack_master/launch
[8.195s] copying launch/base_system_launch.xml -> /home/misys/forza_ws/race_stack/install/stack_master/share/stack_master/launch
[8.195s] copying launch/mapping_launch.xml -> /home/misys/forza_ws/race_stack/install/stack_master/share/stack_master/launch
[8.206s] copying launch/test_launch.xml -> /home/misys/forza_ws/race_stack/install/stack_master/share/stack_master/launch
[8.207s] copying launch/time_trials_launch.xml -> /home/misys/forza_ws/race_stack/install/stack_master/share/stack_master/launch
[8.207s] copying launch/head_to_head_launch.xml -> /home/misys/forza_ws/race_stack/install/stack_master/share/stack_master/launch
[8.208s] creating /home/misys/forza_ws/race_stack/install/stack_master/share/stack_master/launch/subsystems
[8.208s] creating /home/misys/forza_ws/race_stack/install/stack_master/share/stack_master/config
[8.208s] copying config/state_machine_params.yaml -> /home/misys/forza_ws/race_stack/install/stack_master/share/stack_master/config
[8.208s] copying config/sensors.yaml -> /home/misys/forza_ws/race_stack/install/stack_master/share/stack_master/config
[8.209s] copying config/global_params.yaml -> /home/misys/forza_ws/race_stack/install/stack_master/share/stack_master/config
[8.209s] copying config/opponent_tracker_params.yaml -> /home/misys/forza_ws/race_stack/install/stack_master/share/stack_master/config
[8.210s] copying config/mux.yaml -> /home/misys/forza_ws/race_stack/install/stack_master/share/stack_master/config
[8.210s] creating /home/misys/forza_ws/race_stack/install/stack_master/share/stack_master/config/NUC2
[8.210s] copying config/NUC2/slam/f110_2d_loc.lua -> /home/misys/forza_ws/race_stack/install/stack_master/share/stack_master/config/NUC2
[8.211s] copying config/NUC2/slam/f110_2d.lua -> /home/misys/forza_ws/race_stack/install/stack_master/share/stack_master/config/NUC2
[8.211s] copying config/NUC2/joy_teleop.yaml -> /home/misys/forza_ws/race_stack/install/stack_master/share/stack_master/config/NUC2
[8.212s] copying config/NUC2/l1_params.yaml -> /home/misys/forza_ws/race_stack/install/stack_master/share/stack_master/config/NUC2
[8.212s] copying config/NUC2/vesc.yaml -> /home/misys/forza_ws/race_stack/install/stack_master/share/stack_master/config/NUC2
[8.213s] creating /home/misys/forza_ws/race_stack/install/stack_master/share/stack_master/config/NUC5
[8.213s] copying config/NUC5/slam/f110_2d_loc.lua -> /home/misys/forza_ws/race_stack/install/stack_master/share/stack_master/config/NUC5
[8.213s] copying config/NUC5/slam/f110_2d.lua -> /home/misys/forza_ws/race_stack/install/stack_master/share/stack_master/config/NUC5
[8.214s] copying config/NUC5/joy_teleop.yaml -> /home/misys/forza_ws/race_stack/install/stack_master/share/stack_master/config/NUC5
[8.214s] copying config/NUC5/l1_params.yaml -> /home/misys/forza_ws/race_stack/install/stack_master/share/stack_master/config/NUC5
[8.215s] copying config/NUC5/vesc.yaml -> /home/misys/forza_ws/race_stack/install/stack_master/share/stack_master/config/NUC5
[8.215s] creating /home/misys/forza_ws/race_stack/install/stack_master/share/stack_master/config/NUC6
[8.215s] copying config/NUC6/slam/f110_2d_loc.lua -> /home/misys/forza_ws/race_stack/install/stack_master/share/stack_master/config/NUC6
[8.216s] copying config/NUC6/slam/f110_2d.lua -> /home/misys/forza_ws/race_stack/install/stack_master/share/stack_master/config/NUC6
[8.216s] creating /home/misys/forza_ws/race_stack/install/stack_master/share/stack_master/config/NUC7
[8.216s] copying config/NUC7/joy_teleop.yaml -> /home/misys/forza_ws/race_stack/install/stack_master/share/stack_master/config/NUC7
[8.219s] copying config/NUC7/l1_params.yaml -> /home/misys/forza_ws/race_stack/install/stack_master/share/stack_master/config/NUC7
[8.220s] copying config/NUC7/vesc.yaml -> /home/misys/forza_ws/race_stack/install/stack_master/share/stack_master/config/NUC7
[8.221s] copying config/NUC7/slam/f110_2d_loc.lua -> /home/misys/forza_ws/race_stack/install/stack_master/share/stack_master/config/NUC7
[8.221s] copying config/NUC7/slam/f110_2d.lua -> /home/misys/forza_ws/race_stack/install/stack_master/share/stack_master/config/NUC7
[8.222s] creating /home/misys/forza_ws/race_stack/install/stack_master/share/stack_master/config/SIM
[8.222s] copying config/SIM/sim.yaml -> /home/misys/forza_ws/race_stack/install/stack_master/share/stack_master/config/SIM
[8.225s] copying config/SIM/sim.rviz -> /home/misys/forza_ws/race_stack/install/stack_master/share/stack_master/config/SIM
[8.226s] copying config/SIM/l1_params.yaml -> /home/misys/forza_ws/race_stack/install/stack_master/share/stack_master/config/SIM
[8.226s] copying config/SIM/sim_params.yaml -> /home/misys/forza_ws/race_stack/install/stack_master/share/stack_master/config/SIM
[8.227s] creating /home/misys/forza_ws/race_stack/install/stack_master/share/stack_master/config/global_planner
[8.227s] copying config/global_planner/global_planner_params.yaml -> /home/misys/forza_ws/race_stack/install/stack_master/share/stack_master/config/global_planner
[8.237s] copying config/global_planner/racecar_f110.ini -> /home/misys/forza_ws/race_stack/install/stack_master/share/stack_master/config/global_planner
[8.237s] creating /home/misys/forza_ws/race_stack/install/stack_master/share/stack_master/config/global_planner/veh_dyn_info
[8.238s] copying config/global_planner/veh_dyn_info/ggv.csv -> /home/misys/forza_ws/race_stack/install/stack_master/share/stack_master/config/global_planner/veh_dyn_info
[8.238s] copying config/global_planner/veh_dyn_info/ax_max_machines.csv -> /home/misys/forza_ws/race_stack/install/stack_master/share/stack_master/config/global_planner/veh_dyn_info
[8.239s] creating /home/misys/forza_ws/race_stack/install/stack_master/share/stack_master/maps
[8.240s] creating /home/misys/forza_ws/race_stack/install/stack_master/share/stack_master/maps/hangar_1905_v0
[8.240s] copying maps/hangar_1905_v0/hangar_1905_v0.png -> /home/misys/forza_ws/race_stack/install/stack_master/share/stack_master/maps/hangar_1905_v0
[8.240s] copying maps/hangar_1905_v0/hangar_1905_v0.pbstream -> /home/misys/forza_ws/race_stack/install/stack_master/share/stack_master/maps/hangar_1905_v0
[8.246s] copying maps/hangar_1905_v0/hangar_1905_v0.yaml -> /home/misys/forza_ws/race_stack/install/stack_master/share/stack_master/maps/hangar_1905_v0
[8.247s] copying maps/hangar_1905_v0/global_waypoints.json -> /home/misys/forza_ws/race_stack/install/stack_master/share/stack_master/maps/hangar_1905_v0
[8.269s] creating /home/misys/forza_ws/race_stack/install/stack_master/share/stack_master/maps/glc_ot_ez
[8.276s] copying maps/glc_ot_ez/pf_map.png -> /home/misys/forza_ws/race_stack/install/stack_master/share/stack_master/maps/glc_ot_ez
[8.276s] copying maps/glc_ot_ez/glc_ot_ez.png -> /home/misys/forza_ws/race_stack/install/stack_master/share/stack_master/maps/glc_ot_ez
[8.278s] copying maps/glc_ot_ez/pf_map.yaml -> /home/misys/forza_ws/race_stack/install/stack_master/share/stack_master/maps/glc_ot_ez
[8.279s] copying maps/glc_ot_ez/global_waypoints.json -> /home/misys/forza_ws/race_stack/install/stack_master/share/stack_master/maps/glc_ot_ez
[8.287s] copying maps/glc_ot_ez/global_waypoints.json.bak -> /home/misys/forza_ws/race_stack/install/stack_master/share/stack_master/maps/glc_ot_ez
[8.298s] copying maps/glc_ot_ez/speed_scaling.yaml -> /home/misys/forza_ws/race_stack/install/stack_master/share/stack_master/maps/glc_ot_ez
[8.306s] copying maps/glc_ot_ez/ot_sectors.yaml -> /home/misys/forza_ws/race_stack/install/stack_master/share/stack_master/maps/glc_ot_ez
[8.307s] copying maps/glc_ot_ez/glc_ot_ez.pbstream -> /home/misys/forza_ws/race_stack/install/stack_master/share/stack_master/maps/glc_ot_ez
[8.312s] copying maps/glc_ot_ez/glc_ot_ez.yaml -> /home/misys/forza_ws/race_stack/install/stack_master/share/stack_master/maps/glc_ot_ez
[8.313s] creating /home/misys/forza_ws/race_stack/install/stack_master/share/stack_master/maps/GLC_smile_small
[8.313s] copying maps/GLC_smile_small/GLC_smile_small.png -> /home/misys/forza_ws/race_stack/install/stack_master/share/stack_master/maps/GLC_smile_small
[8.314s] copying maps/GLC_smile_small/pf_map.png -> /home/misys/forza_ws/race_stack/install/stack_master/share/stack_master/maps/GLC_smile_small
[8.314s] copying maps/GLC_smile_small/GLC_smile_small.pbstream -> /home/misys/forza_ws/race_stack/install/stack_master/share/stack_master/maps/GLC_smile_small
[8.318s] copying maps/GLC_smile_small/pf_map.yaml -> /home/misys/forza_ws/race_stack/install/stack_master/share/stack_master/maps/GLC_smile_small
[8.325s] copying maps/GLC_smile_small/global_waypoints.json -> /home/misys/forza_ws/race_stack/install/stack_master/share/stack_master/maps/GLC_smile_small
[8.336s] copying maps/GLC_smile_small/GLC_smile_small.yaml -> /home/misys/forza_ws/race_stack/install/stack_master/share/stack_master/maps/GLC_smile_small
[8.343s] copying maps/GLC_smile_small/speed_scaling.yaml -> /home/misys/forza_ws/race_stack/install/stack_master/share/stack_master/maps/GLC_smile_small
[8.344s] copying maps/GLC_smile_small/ot_sectors.yaml -> /home/misys/forza_ws/race_stack/install/stack_master/share/stack_master/maps/GLC_smile_small
[8.345s] creating /home/misys/forza_ws/race_stack/install/stack_master/share/stack_master/maps/teras
[8.346s] copying maps/teras/teras_orig.png -> /home/misys/forza_ws/race_stack/install/stack_master/share/stack_master/maps/teras
[8.347s] copying maps/teras/teras.yaml -> /home/misys/forza_ws/race_stack/install/stack_master/share/stack_master/maps/teras
[8.360s] copying maps/teras/global_waypoints.json -> /home/misys/forza_ws/race_stack/install/stack_master/share/stack_master/maps/teras
[8.403s] copying maps/teras/speed_scaling.yaml -> /home/misys/forza_ws/race_stack/install/stack_master/share/stack_master/maps/teras
[8.404s] copying maps/teras/ot_sectors.yaml -> /home/misys/forza_ws/race_stack/install/stack_master/share/stack_master/maps/teras
[8.405s] copying maps/teras/teras_orig.yaml -> /home/misys/forza_ws/race_stack/install/stack_master/share/stack_master/maps/teras
[8.405s] copying maps/teras/teras.png -> /home/misys/forza_ws/race_stack/install/stack_master/share/stack_master/maps/teras
[8.411s] running install_egg_info
[8.417s] Copying ../build/stack_master/stack_master.egg-info to /home/misys/forza_ws/race_stack/install/stack_master/lib/python3.10/site-packages/stack_master-0.0.0-py3.10.egg-info
[8.434s] running install_scripts
[8.608s] Installing global_parameter_node script to /home/misys/forza_ws/race_stack/install/stack_master/lib/stack_master
[8.613s] writing list of installed files to '/home/misys/forza_ws/race_stack/build/stack_master/install.log'
[9.039s] Invoked command in '/home/misys/forza_ws/race_stack/stack_master' returned '0': PYTHONPATH=/home/misys/forza_ws/race_stack/build/stack_master/prefix_override:/usr/lib/python3/dist-packages/colcon_core/task/python/colcon_distutils_commands:/home/misys/forza_ws/race_stack/install/stack_master/lib/python3.10/site-packages:${PYTHONPATH} /usr/bin/python3 -W ignore:setup.py install is deprecated -W ignore:easy_install command is deprecated setup.py egg_info --egg-base ../build/stack_master build --build-base /home/misys/forza_ws/race_stack/build/stack_master/build install --record /home/misys/forza_ws/race_stack/build/stack_master/install.log --single-version-externally-managed install_data
