[2.241s] Invoking command in '/home/misys/forza_ws/race_stack/system_identification/steering_lookup': PYTHONPATH=/home/misys/forza_ws/race_stack/build/steering_lookup/prefix_override:/usr/lib/python3/dist-packages/colcon_core/task/python/colcon_distutils_commands:/home/misys/forza_ws/race_stack/install/steering_lookup/lib/python3.10/site-packages:${PYTHONPATH} /usr/bin/python3 -W ignore:setup.py install is deprecated -W ignore:easy_install command is deprecated setup.py egg_info --egg-base ../../build/steering_lookup build --build-base /home/misys/forza_ws/race_stack/build/steering_lookup/build install --record /home/misys/forza_ws/race_stack/build/steering_lookup/install.log --single-version-externally-managed install_data
[2.939s] running egg_info
[2.940s] writing ../../build/steering_lookup/steering_lookup.egg-info/PKG-INFO
[2.940s] writing dependency_links to ../../build/steering_lookup/steering_lookup.egg-info/dependency_links.txt
[2.944s] writing requirements to ../../build/steering_lookup/steering_lookup.egg-info/requires.txt
[2.945s] writing top-level names to ../../build/steering_lookup/steering_lookup.egg-info/top_level.txt
[2.946s] reading manifest file '../../build/steering_lookup/steering_lookup.egg-info/SOURCES.txt'
[2.946s] adding license file 'LICENSE'
[2.948s] writing manifest file '../../build/steering_lookup/steering_lookup.egg-info/SOURCES.txt'
[2.948s] running build
[2.948s] running build_py
[2.949s] running install
[2.949s] running install_lib
[2.953s] running install_data
[2.953s] running install_egg_info
[2.958s] removing '/home/misys/forza_ws/race_stack/install/steering_lookup/lib/python3.10/site-packages/steering_lookup-0.0.0-py3.10.egg-info' (and everything under it)
[2.959s] Copying ../../build/steering_lookup/steering_lookup.egg-info to /home/misys/forza_ws/race_stack/install/steering_lookup/lib/python3.10/site-packages/steering_lookup-0.0.0-py3.10.egg-info
[2.961s] running install_scripts
[3.010s] writing list of installed files to '/home/misys/forza_ws/race_stack/build/steering_lookup/install.log'
[3.799s] Invoked command in '/home/misys/forza_ws/race_stack/system_identification/steering_lookup' returned '0': PYTHONPATH=/home/misys/forza_ws/race_stack/build/steering_lookup/prefix_override:/usr/lib/python3/dist-packages/colcon_core/task/python/colcon_distutils_commands:/home/misys/forza_ws/race_stack/install/steering_lookup/lib/python3.10/site-packages:${PYTHONPATH} /usr/bin/python3 -W ignore:setup.py install is deprecated -W ignore:easy_install command is deprecated setup.py egg_info --egg-base ../../build/steering_lookup build --build-base /home/misys/forza_ws/race_stack/build/steering_lookup/build install --record /home/misys/forza_ws/race_stack/build/steering_lookup/install.log --single-version-externally-managed install_data
