[4.408s] Invoking command in '/home/misys/forza_ws/race_stack/base_system/f1tenth_system/teleop_tools/mouse_teleop': PYTHONPATH=/home/misys/forza_ws/race_stack/build/mouse_teleop/prefix_override:/usr/lib/python3/dist-packages/colcon_core/task/python/colcon_distutils_commands:/home/misys/forza_ws/race_stack/install/mouse_teleop/lib/python3.10/site-packages:${PYTHONPATH} /usr/bin/python3 -W ignore:setup.py install is deprecated -W ignore:easy_install command is deprecated setup.py egg_info --egg-base ../../../../build/mouse_teleop build --build-base /home/misys/forza_ws/race_stack/build/mouse_teleop/build install --record /home/misys/forza_ws/race_stack/build/mouse_teleop/install.log --single-version-externally-managed install_data
[5.467s] running egg_info
[5.469s] writing ../../../../build/mouse_teleop/mouse_teleop.egg-info/PKG-INFO
[5.470s] writing dependency_links to ../../../../build/mouse_teleop/mouse_teleop.egg-info/dependency_links.txt
[5.470s] writing entry points to ../../../../build/mouse_teleop/mouse_teleop.egg-info/entry_points.txt
[5.470s] writing requirements to ../../../../build/mouse_teleop/mouse_teleop.egg-info/requires.txt
[5.471s] writing top-level names to ../../../../build/mouse_teleop/mouse_teleop.egg-info/top_level.txt
[5.475s] reading manifest file '../../../../build/mouse_teleop/mouse_teleop.egg-info/SOURCES.txt'
[5.476s] adding license file 'LICENSE'
[5.485s] writing manifest file '../../../../build/mouse_teleop/mouse_teleop.egg-info/SOURCES.txt'
[5.486s] running build
[5.486s] running build_py
[5.489s] running install
[5.489s] running install_lib
[5.492s] running install_data
[5.493s] running install_egg_info
[5.505s] removing '/home/misys/forza_ws/race_stack/install/mouse_teleop/lib/python3.10/site-packages/mouse_teleop-1.5.0-py3.10.egg-info' (and everything under it)
[5.506s] Copying ../../../../build/mouse_teleop/mouse_teleop.egg-info to /home/misys/forza_ws/race_stack/install/mouse_teleop/lib/python3.10/site-packages/mouse_teleop-1.5.0-py3.10.egg-info
[5.506s] running install_scripts
[5.585s] Installing mouse_teleop script to /home/misys/forza_ws/race_stack/install/mouse_teleop/lib/mouse_teleop
[5.587s] writing list of installed files to '/home/misys/forza_ws/race_stack/build/mouse_teleop/install.log'
[5.751s] Invoked command in '/home/misys/forza_ws/race_stack/base_system/f1tenth_system/teleop_tools/mouse_teleop' returned '0': PYTHONPATH=/home/misys/forza_ws/race_stack/build/mouse_teleop/prefix_override:/usr/lib/python3/dist-packages/colcon_core/task/python/colcon_distutils_commands:/home/misys/forza_ws/race_stack/install/mouse_teleop/lib/python3.10/site-packages:${PYTHONPATH} /usr/bin/python3 -W ignore:setup.py install is deprecated -W ignore:easy_install command is deprecated setup.py egg_info --egg-base ../../../../build/mouse_teleop build --build-base /home/misys/forza_ws/race_stack/build/mouse_teleop/build install --record /home/misys/forza_ws/race_stack/build/mouse_teleop/install.log --single-version-externally-managed install_data
