[2.298s] Invoking command in '/home/misys/forza_ws/race_stack/base_system/f1tenth_system/teleop_tools/joy_teleop': AMENT_PREFIX_PATH=/home/misys/forza_ws/race_stack/install/teleop_tools_msgs:${AMENT_PREFIX_PATH} CMAKE_PREFIX_PATH=/home/misys/forza_ws/race_stack/install/teleop_tools_msgs LD_LIBRARY_PATH=/home/misys/forza_ws/race_stack/install/teleop_tools_msgs/lib:/opt/ros/humble/opt/rviz_ogre_vendor/lib:/opt/ros/humble/lib/aarch64-linux-gnu:/opt/ros/humble/lib:/usr/local/cuda/lib64 PYTHONPATH=/home/misys/forza_ws/race_stack/build/joy_teleop/prefix_override:/usr/lib/python3/dist-packages/colcon_core/task/python/colcon_distutils_commands:/home/misys/forza_ws/race_stack/install/joy_teleop/lib/python3.10/site-packages:/home/misys/forza_ws/race_stack/install/teleop_tools_msgs/local/lib/python3.10/dist-packages:${PYTHONPATH} /usr/bin/python3 -W ignore:setup.py install is deprecated -W ignore:easy_install command is deprecated setup.py egg_info --egg-base ../../../../build/joy_teleop build --build-base /home/misys/forza_ws/race_stack/build/joy_teleop/build install --record /home/misys/forza_ws/race_stack/build/joy_teleop/install.log --single-version-externally-managed install_data
[2.917s] running egg_info
[2.918s] writing ../../../../build/joy_teleop/joy_teleop.egg-info/PKG-INFO
[2.918s] writing dependency_links to ../../../../build/joy_teleop/joy_teleop.egg-info/dependency_links.txt
[2.919s] writing entry points to ../../../../build/joy_teleop/joy_teleop.egg-info/entry_points.txt
[2.919s] writing requirements to ../../../../build/joy_teleop/joy_teleop.egg-info/requires.txt
[2.919s] writing top-level names to ../../../../build/joy_teleop/joy_teleop.egg-info/top_level.txt
[2.924s] reading manifest file '../../../../build/joy_teleop/joy_teleop.egg-info/SOURCES.txt'
[2.927s] writing manifest file '../../../../build/joy_teleop/joy_teleop.egg-info/SOURCES.txt'
[2.927s] running build
[2.927s] running build_py
[2.928s] running install
[2.928s] running install_lib
[2.931s] running install_data
[2.932s] running install_egg_info
[2.936s] removing '/home/misys/forza_ws/race_stack/install/joy_teleop/lib/python3.10/site-packages/joy_teleop-1.5.0-py3.10.egg-info' (and everything under it)
[2.936s] Copying ../../../../build/joy_teleop/joy_teleop.egg-info to /home/misys/forza_ws/race_stack/install/joy_teleop/lib/python3.10/site-packages/joy_teleop-1.5.0-py3.10.egg-info
[2.939s] running install_scripts
[2.982s] Installing incrementer_server script to /home/misys/forza_ws/race_stack/install/joy_teleop/lib/joy_teleop
[2.982s] Installing joy_teleop script to /home/misys/forza_ws/race_stack/install/joy_teleop/lib/joy_teleop
[2.992s] writing list of installed files to '/home/misys/forza_ws/race_stack/build/joy_teleop/install.log'
[3.082s] Invoked command in '/home/misys/forza_ws/race_stack/base_system/f1tenth_system/teleop_tools/joy_teleop' returned '0': AMENT_PREFIX_PATH=/home/misys/forza_ws/race_stack/install/teleop_tools_msgs:${AMENT_PREFIX_PATH} CMAKE_PREFIX_PATH=/home/misys/forza_ws/race_stack/install/teleop_tools_msgs LD_LIBRARY_PATH=/home/misys/forza_ws/race_stack/install/teleop_tools_msgs/lib:/opt/ros/humble/opt/rviz_ogre_vendor/lib:/opt/ros/humble/lib/aarch64-linux-gnu:/opt/ros/humble/lib:/usr/local/cuda/lib64 PYTHONPATH=/home/misys/forza_ws/race_stack/build/joy_teleop/prefix_override:/usr/lib/python3/dist-packages/colcon_core/task/python/colcon_distutils_commands:/home/misys/forza_ws/race_stack/install/joy_teleop/lib/python3.10/site-packages:/home/misys/forza_ws/race_stack/install/teleop_tools_msgs/local/lib/python3.10/dist-packages:${PYTHONPATH} /usr/bin/python3 -W ignore:setup.py install is deprecated -W ignore:easy_install command is deprecated setup.py egg_info --egg-base ../../../../build/joy_teleop build --build-base /home/misys/forza_ws/race_stack/build/joy_teleop/build install --record /home/misys/forza_ws/race_stack/build/joy_teleop/install.log --single-version-externally-managed install_data
