[0.281s] DEBUG:colcon:Command line arguments: ['/usr/bin/colcon', 'build', '--packages-select', 'stack_master']
[0.281s] DEBUG:colcon:Parsed command line arguments: Namespace(log_base=None, log_level=None, verb_name='build', build_base='build', install_base='install', merge_install=False, symlink_install=False, test_result_base=None, continue_on_error=False, executor='parallel', parallel_workers=6, event_handlers=None, ignore_user_meta=False, metas=['./colcon.meta'], base_paths=['.'], packages_ignore=None, packages_ignore_regex=None, paths=None, packages_up_to=None, packages_up_to_regex=None, packages_above=None, packages_above_and_dependencies=None, packages_above_depth=None, packages_select_by_dep=None, packages_skip_by_dep=None, packages_skip_up_to=None, packages_select_build_failed=False, packages_skip_build_finished=False, packages_select_test_failures=False, packages_skip_test_passed=False, packages_select=['stack_master'], packages_skip=None, packages_select_regex=None, packages_skip_regex=None, packages_start=None, packages_end=None, allow_overriding=[], cmake_args=None, cmake_target=None, cmake_target_skip_unavailable=False, cmake_clean_cache=False, cmake_clean_first=False, cmake_force_configure=False, ament_cmake_args=None, catkin_cmake_args=None, catkin_skip_building_tests=False, mixin_files=None, mixin=None, verb_parser=<colcon_mixin.mixin.mixin_argument.MixinArgumentDecorator object at 0xffffad602ce0>, verb_extension=<colcon_core.verb.build.BuildVerb object at 0xffffad747c40>, main=<bound method BuildVerb.main of <colcon_core.verb.build.BuildVerb object at 0xffffad747c40>>, mixin_verb=('build',))
[0.767s] Level 1:colcon.colcon_core.package_discovery:discover_packages(colcon_meta) check parameters
[0.767s] Level 1:colcon.colcon_core.package_discovery:discover_packages(recursive) check parameters
[0.767s] Level 1:colcon.colcon_core.package_discovery:discover_packages(ignore) check parameters
[0.768s] Level 1:colcon.colcon_core.package_discovery:discover_packages(path) check parameters
[0.768s] Level 1:colcon.colcon_core.package_discovery:discover_packages(colcon_meta) discover
[0.768s] Level 1:colcon.colcon_core.package_discovery:discover_packages(recursive) discover
[0.768s] INFO:colcon.colcon_core.package_discovery:Crawling recursively for packages in '/home/misys/forza_ws/race_stack'
[0.768s] Level 1:colcon.colcon_core.package_identification:_identify(.) by extensions ['ignore', 'ignore_ament_install']
[0.769s] Level 1:colcon.colcon_core.package_identification:_identify(.) by extension 'ignore'
[0.769s] Level 1:colcon.colcon_core.package_identification:_identify(.) by extension 'ignore_ament_install'
[0.769s] Level 1:colcon.colcon_core.package_identification:_identify(.) by extensions ['colcon_pkg']
[0.769s] Level 1:colcon.colcon_core.package_identification:_identify(.) by extension 'colcon_pkg'
[0.769s] Level 1:colcon.colcon_core.package_identification:_identify(.) by extensions ['colcon_meta']
[0.769s] Level 1:colcon.colcon_core.package_identification:_identify(.) by extension 'colcon_meta'
[0.769s] Level 1:colcon.colcon_core.package_identification:_identify(.) by extensions ['ros']
[0.769s] Level 1:colcon.colcon_core.package_identification:_identify(.) by extension 'ros'
[0.828s] Level 1:colcon.colcon_core.package_identification:_identify(.) by extensions ['cmake', 'python']
[0.828s] Level 1:colcon.colcon_core.package_identification:_identify(.) by extension 'cmake'
[0.829s] Level 1:colcon.colcon_core.package_identification:_identify(.) by extension 'python'
[0.829s] Level 1:colcon.colcon_core.package_identification:_identify(.) by extensions ['python_setup_py']
[0.829s] Level 1:colcon.colcon_core.package_identification:_identify(.) by extension 'python_setup_py'
[0.829s] Level 1:colcon.colcon_core.package_identification:_identify(SE_teras) by extensions ['ignore', 'ignore_ament_install']
[0.829s] Level 1:colcon.colcon_core.package_identification:_identify(SE_teras) by extension 'ignore'
[0.830s] Level 1:colcon.colcon_core.package_identification:_identify(SE_teras) by extension 'ignore_ament_install'
[0.830s] Level 1:colcon.colcon_core.package_identification:_identify(SE_teras) by extensions ['colcon_pkg']
[0.830s] Level 1:colcon.colcon_core.package_identification:_identify(SE_teras) by extension 'colcon_pkg'
[0.830s] Level 1:colcon.colcon_core.package_identification:_identify(SE_teras) by extensions ['colcon_meta']
[0.830s] Level 1:colcon.colcon_core.package_identification:_identify(SE_teras) by extension 'colcon_meta'
[0.830s] Level 1:colcon.colcon_core.package_identification:_identify(SE_teras) by extensions ['ros']
[0.830s] Level 1:colcon.colcon_core.package_identification:_identify(SE_teras) by extension 'ros'
[0.830s] Level 1:colcon.colcon_core.package_identification:_identify(SE_teras) by extensions ['cmake', 'python']
[0.830s] Level 1:colcon.colcon_core.package_identification:_identify(SE_teras) by extension 'cmake'
[0.830s] Level 1:colcon.colcon_core.package_identification:_identify(SE_teras) by extension 'python'
[0.831s] Level 1:colcon.colcon_core.package_identification:_identify(SE_teras) by extensions ['python_setup_py']
[0.831s] Level 1:colcon.colcon_core.package_identification:_identify(SE_teras) by extension 'python_setup_py'
[0.831s] Level 1:colcon.colcon_core.package_identification:_identify(base_system) by extensions ['ignore', 'ignore_ament_install']
[0.831s] Level 1:colcon.colcon_core.package_identification:_identify(base_system) by extension 'ignore'
[0.831s] Level 1:colcon.colcon_core.package_identification:_identify(base_system) by extension 'ignore_ament_install'
[0.831s] Level 1:colcon.colcon_core.package_identification:_identify(base_system) by extensions ['colcon_pkg']
[0.831s] Level 1:colcon.colcon_core.package_identification:_identify(base_system) by extension 'colcon_pkg'
[0.831s] Level 1:colcon.colcon_core.package_identification:_identify(base_system) by extensions ['colcon_meta']
[0.831s] Level 1:colcon.colcon_core.package_identification:_identify(base_system) by extension 'colcon_meta'
[0.832s] Level 1:colcon.colcon_core.package_identification:_identify(base_system) by extensions ['ros']
[0.832s] Level 1:colcon.colcon_core.package_identification:_identify(base_system) by extension 'ros'
[0.832s] Level 1:colcon.colcon_core.package_identification:_identify(base_system) by extensions ['cmake', 'python']
[0.832s] Level 1:colcon.colcon_core.package_identification:_identify(base_system) by extension 'cmake'
[0.832s] Level 1:colcon.colcon_core.package_identification:_identify(base_system) by extension 'python'
[0.832s] Level 1:colcon.colcon_core.package_identification:_identify(base_system) by extensions ['python_setup_py']
[0.832s] Level 1:colcon.colcon_core.package_identification:_identify(base_system) by extension 'python_setup_py'
[0.832s] Level 1:colcon.colcon_core.package_identification:_identify(base_system/f110_simulator) by extensions ['ignore', 'ignore_ament_install']
[0.833s] Level 1:colcon.colcon_core.package_identification:_identify(base_system/f110_simulator) by extension 'ignore'
[0.833s] Level 1:colcon.colcon_core.package_identification:_identify(base_system/f110_simulator) by extension 'ignore_ament_install'
[0.833s] Level 1:colcon.colcon_core.package_identification:_identify(base_system/f110_simulator) by extensions ['colcon_pkg']
[0.833s] Level 1:colcon.colcon_core.package_identification:_identify(base_system/f110_simulator) by extension 'colcon_pkg'
[0.833s] Level 1:colcon.colcon_core.package_identification:_identify(base_system/f110_simulator) by extensions ['colcon_meta']
[0.833s] Level 1:colcon.colcon_core.package_identification:_identify(base_system/f110_simulator) by extension 'colcon_meta'
[0.833s] Level 1:colcon.colcon_core.package_identification:_identify(base_system/f110_simulator) by extensions ['ros']
[0.833s] Level 1:colcon.colcon_core.package_identification:_identify(base_system/f110_simulator) by extension 'ros'
[0.833s] Level 1:colcon.colcon_core.package_identification:_identify(base_system/f110_simulator) by extensions ['cmake', 'python']
[0.833s] Level 1:colcon.colcon_core.package_identification:_identify(base_system/f110_simulator) by extension 'cmake'
[0.834s] Level 1:colcon.colcon_core.package_identification:_identify(base_system/f110_simulator) by extension 'python'
[0.834s] Level 1:colcon.colcon_core.package_identification:_identify(base_system/f110_simulator) by extensions ['python_setup_py']
[0.834s] Level 1:colcon.colcon_core.package_identification:_identify(base_system/f110_simulator) by extension 'python_setup_py'
[0.834s] Level 1:colcon.colcon_core.package_identification:_identify(base_system/f110_simulator/f1tenth_gym) by extensions ['ignore', 'ignore_ament_install']
[0.834s] Level 1:colcon.colcon_core.package_identification:_identify(base_system/f110_simulator/f1tenth_gym) by extension 'ignore'
[0.834s] Level 1:colcon.colcon_core.package_identification:_identify(base_system/f110_simulator/f1tenth_gym) by extension 'ignore_ament_install'
[0.834s] Level 1:colcon.colcon_core.package_identification:_identify(base_system/f110_simulator/f1tenth_gym) by extensions ['colcon_pkg']
[0.834s] Level 1:colcon.colcon_core.package_identification:_identify(base_system/f110_simulator/f1tenth_gym) by extension 'colcon_pkg'
[0.835s] Level 1:colcon.colcon_core.package_identification:_identify(base_system/f110_simulator/f1tenth_gym) by extensions ['colcon_meta']
[0.835s] Level 1:colcon.colcon_core.package_identification:_identify(base_system/f110_simulator/f1tenth_gym) by extension 'colcon_meta'
[0.835s] Level 1:colcon.colcon_core.package_identification:_identify(base_system/f110_simulator/f1tenth_gym) by extensions ['ros']
[0.835s] Level 1:colcon.colcon_core.package_identification:_identify(base_system/f110_simulator/f1tenth_gym) by extension 'ros'
[0.835s] Level 1:colcon.colcon_core.package_identification:_identify(base_system/f110_simulator/f1tenth_gym) by extensions ['cmake', 'python']
[0.835s] Level 1:colcon.colcon_core.package_identification:_identify(base_system/f110_simulator/f1tenth_gym) by extension 'cmake'
[0.835s] Level 1:colcon.colcon_core.package_identification:_identify(base_system/f110_simulator/f1tenth_gym) by extension 'python'
[0.835s] Level 1:colcon.colcon_core.package_identification:_identify(base_system/f110_simulator/f1tenth_gym) by extensions ['python_setup_py']
[0.835s] Level 1:colcon.colcon_core.package_identification:_identify(base_system/f110_simulator/f1tenth_gym) by extension 'python_setup_py'
