[4.363s] Invoking command in '/home/misys/forza_ws/race_stack/system_identification/nodes/id_controller': PYTHONPATH=/home/misys/forza_ws/race_stack/build/id_controller/prefix_override:/usr/lib/python3/dist-packages/colcon_core/task/python/colcon_distutils_commands:/home/misys/forza_ws/race_stack/install/id_controller/lib/python3.10/site-packages:${PYTHONPATH} /usr/bin/python3 -W ignore:setup.py install is deprecated -W ignore:easy_install command is deprecated setup.py egg_info --egg-base ../../../build/id_controller build --build-base /home/misys/forza_ws/race_stack/build/id_controller/build install --record /home/misys/forza_ws/race_stack/build/id_controller/install.log --single-version-externally-managed install_data
[5.208s] running egg_info
[5.209s] writing ../../../build/id_controller/id_controller.egg-info/PKG-INFO
[5.210s] writing dependency_links to ../../../build/id_controller/id_controller.egg-info/dependency_links.txt
[5.211s] writing entry points to ../../../build/id_controller/id_controller.egg-info/entry_points.txt
[5.212s] writing requirements to ../../../build/id_controller/id_controller.egg-info/requires.txt
[5.212s] writing top-level names to ../../../build/id_controller/id_controller.egg-info/top_level.txt
[5.217s] reading manifest file '../../../build/id_controller/id_controller.egg-info/SOURCES.txt'
[5.218s] adding license file 'LICENSE'
[5.220s] writing manifest file '../../../build/id_controller/id_controller.egg-info/SOURCES.txt'
[5.230s] running build
[5.231s] running build_py
[5.231s] running install
[5.231s] running install_lib
[5.231s] running install_data
[5.231s] running install_egg_info
[5.239s] removing '/home/misys/forza_ws/race_stack/install/id_controller/lib/python3.10/site-packages/id_controller-0.0.0-py3.10.egg-info' (and everything under it)
[5.240s] Copying ../../../build/id_controller/id_controller.egg-info to /home/misys/forza_ws/race_stack/install/id_controller/lib/python3.10/site-packages/id_controller-0.0.0-py3.10.egg-info
[5.240s] running install_scripts
[5.302s] writing list of installed files to '/home/misys/forza_ws/race_stack/build/id_controller/install.log'
[6.100s] Invoked command in '/home/misys/forza_ws/race_stack/system_identification/nodes/id_controller' returned '0': PYTHONPATH=/home/misys/forza_ws/race_stack/build/id_controller/prefix_override:/usr/lib/python3/dist-packages/colcon_core/task/python/colcon_distutils_commands:/home/misys/forza_ws/race_stack/install/id_controller/lib/python3.10/site-packages:${PYTHONPATH} /usr/bin/python3 -W ignore:setup.py install is deprecated -W ignore:easy_install command is deprecated setup.py egg_info --egg-base ../../../build/id_controller build --build-base /home/misys/forza_ws/race_stack/build/id_controller/build install --record /home/misys/forza_ws/race_stack/build/id_controller/install.log --single-version-externally-managed install_data
