[4.293s] Invoking command in '/home/misys/forza_ws/race_stack/planner/global_planner': PYTHONPATH=/home/misys/forza_ws/race_stack/build/global_planner/prefix_override:/usr/lib/python3/dist-packages/colcon_core/task/python/colcon_distutils_commands:/home/misys/forza_ws/race_stack/install/global_planner/lib/python3.10/site-packages:${PYTHONPATH} /usr/bin/python3 -W ignore:setup.py install is deprecated -W ignore:easy_install command is deprecated setup.py egg_info --egg-base ../../build/global_planner build --build-base /home/misys/forza_ws/race_stack/build/global_planner/build install --record /home/misys/forza_ws/race_stack/build/global_planner/install.log --single-version-externally-managed install_data
[5.437s] running egg_info
[5.439s] writing ../../build/global_planner/global_planner.egg-info/PKG-INFO
[5.440s] writing dependency_links to ../../build/global_planner/global_planner.egg-info/dependency_links.txt
[5.441s] writing entry points to ../../build/global_planner/global_planner.egg-info/entry_points.txt
[5.442s] writing requirements to ../../build/global_planner/global_planner.egg-info/requires.txt
[5.443s] writing top-level names to ../../build/global_planner/global_planner.egg-info/top_level.txt
[5.450s] reading manifest file '../../build/global_planner/global_planner.egg-info/SOURCES.txt'
[5.451s] adding license file 'LICENSE'
[5.453s] writing manifest file '../../build/global_planner/global_planner.egg-info/SOURCES.txt'
[5.454s] running build
[5.454s] running build_py
[5.456s] running install
[5.462s] running install_lib
[5.468s] running install_data
[5.469s] running install_egg_info
[5.477s] removing '/home/misys/forza_ws/race_stack/install/global_planner/lib/python3.10/site-packages/global_planner-0.0.0-py3.10.egg-info' (and everything under it)
[5.478s] Copying ../../build/global_planner/global_planner.egg-info to /home/misys/forza_ws/race_stack/install/global_planner/lib/python3.10/site-packages/global_planner-0.0.0-py3.10.egg-info
[5.481s] running install_scripts
[5.547s] Installing global_planner script to /home/misys/forza_ws/race_stack/install/global_planner/lib/global_planner
[5.548s] Installing global_trajectory_publisher script to /home/misys/forza_ws/race_stack/install/global_planner/lib/global_planner
[5.550s] writing list of installed files to '/home/misys/forza_ws/race_stack/build/global_planner/install.log'
[5.925s] Invoked command in '/home/misys/forza_ws/race_stack/planner/global_planner' returned '0': PYTHONPATH=/home/misys/forza_ws/race_stack/build/global_planner/prefix_override:/usr/lib/python3/dist-packages/colcon_core/task/python/colcon_distutils_commands:/home/misys/forza_ws/race_stack/install/global_planner/lib/python3.10/site-packages:${PYTHONPATH} /usr/bin/python3 -W ignore:setup.py install is deprecated -W ignore:easy_install command is deprecated setup.py egg_info --egg-base ../../build/global_planner build --build-base /home/misys/forza_ws/race_stack/build/global_planner/build install --record /home/misys/forza_ws/race_stack/build/global_planner/install.log --single-version-externally-managed install_data
