[3.670s] Invoking command in '/home/misys/forza_ws/race_stack/utilities/nodes/sector_tuner': PYTHONPATH=/home/misys/forza_ws/race_stack/build/sector_tuner/prefix_override:/usr/lib/python3/dist-packages/colcon_core/task/python/colcon_distutils_commands:/home/misys/forza_ws/race_stack/install/sector_tuner/lib/python3.10/site-packages:${PYTHONPATH} /usr/bin/python3 -W ignore:setup.py install is deprecated -W ignore:easy_install command is deprecated setup.py egg_info --egg-base ../../../build/sector_tuner build --build-base /home/misys/forza_ws/race_stack/build/sector_tuner/build install --record /home/misys/forza_ws/race_stack/build/sector_tuner/install.log --single-version-externally-managed install_data
[4.722s] running egg_info
[4.722s] writing ../../../build/sector_tuner/sector_tuner.egg-info/PKG-INFO
[4.722s] writing dependency_links to ../../../build/sector_tuner/sector_tuner.egg-info/dependency_links.txt
[4.722s] writing entry points to ../../../build/sector_tuner/sector_tuner.egg-info/entry_points.txt
[4.722s] writing requirements to ../../../build/sector_tuner/sector_tuner.egg-info/requires.txt
[4.722s] writing top-level names to ../../../build/sector_tuner/sector_tuner.egg-info/top_level.txt
[4.729s] reading manifest file '../../../build/sector_tuner/sector_tuner.egg-info/SOURCES.txt'
[4.736s] writing manifest file '../../../build/sector_tuner/sector_tuner.egg-info/SOURCES.txt'
[4.738s] running build
[4.738s] running build_py
[4.739s] running build_scripts
[4.739s] running install
[4.740s] running install_lib
[4.742s] running install_data
[4.742s] running install_egg_info
[4.746s] removing '/home/misys/forza_ws/race_stack/install/sector_tuner/lib/python3.10/site-packages/sector_tuner-0.0.0-py3.10.egg-info' (and everything under it)
[4.748s] Copying ../../../build/sector_tuner/sector_tuner.egg-info to /home/misys/forza_ws/race_stack/install/sector_tuner/lib/python3.10/site-packages/sector_tuner-0.0.0-py3.10.egg-info
[4.752s] running install_scripts
[4.792s] changing mode of /home/misys/forza_ws/race_stack/install/sector_tuner/lib/sector_tuner/finish_sector.sh to 755
[4.795s] Installing ot_interpolator script to /home/misys/forza_ws/race_stack/install/sector_tuner/lib/sector_tuner
[4.795s] Installing ot_sector_slicer script to /home/misys/forza_ws/race_stack/install/sector_tuner/lib/sector_tuner
[4.797s] Installing sector_slicer script to /home/misys/forza_ws/race_stack/install/sector_tuner/lib/sector_tuner
[4.797s] Installing sector_tuner script to /home/misys/forza_ws/race_stack/install/sector_tuner/lib/sector_tuner
[4.797s] writing list of installed files to '/home/misys/forza_ws/race_stack/build/sector_tuner/install.log'
[5.320s] Invoked command in '/home/misys/forza_ws/race_stack/utilities/nodes/sector_tuner' returned '0': PYTHONPATH=/home/misys/forza_ws/race_stack/build/sector_tuner/prefix_override:/usr/lib/python3/dist-packages/colcon_core/task/python/colcon_distutils_commands:/home/misys/forza_ws/race_stack/install/sector_tuner/lib/python3.10/site-packages:${PYTHONPATH} /usr/bin/python3 -W ignore:setup.py install is deprecated -W ignore:easy_install command is deprecated setup.py egg_info --egg-base ../../../build/sector_tuner build --build-base /home/misys/forza_ws/race_stack/build/sector_tuner/build install --record /home/misys/forza_ws/race_stack/build/sector_tuner/install.log --single-version-externally-managed install_data
