[0.271s] DEBUG:colcon:Command line arguments: ['/usr/bin/colcon', 'build', '--packages-select', 'stack_master']
[0.271s] DEBUG:colcon:Parsed command line arguments: Namespace(log_base=None, log_level=None, verb_name='build', build_base='build', install_base='install', merge_install=False, symlink_install=False, test_result_base=None, continue_on_error=False, executor='parallel', parallel_workers=6, event_handlers=None, ignore_user_meta=False, metas=['./colcon.meta'], base_paths=['.'], packages_ignore=None, packages_ignore_regex=None, paths=None, packages_up_to=None, packages_up_to_regex=None, packages_above=None, packages_above_and_dependencies=None, packages_above_depth=None, packages_select_by_dep=None, packages_skip_by_dep=None, packages_skip_up_to=None, packages_select_build_failed=False, packages_skip_build_finished=False, packages_select_test_failures=False, packages_skip_test_passed=False, packages_select=['stack_master'], packages_skip=None, packages_select_regex=None, packages_skip_regex=None, packages_start=None, packages_end=None, allow_overriding=[], cmake_args=None, cmake_target=None, cmake_target_skip_unavailable=False, cmake_clean_cache=False, cmake_clean_first=False, cmake_force_configure=False, ament_cmake_args=None, catkin_cmake_args=None, catkin_skip_building_tests=False, mixin_files=None, mixin=None, verb_parser=<colcon_mixin.mixin.mixin_argument.MixinArgumentDecorator object at 0xffff95132ce0>, verb_extension=<colcon_core.verb.build.BuildVerb object at 0xffff95277c40>, main=<bound method BuildVerb.main of <colcon_core.verb.build.BuildVerb object at 0xffff95277c40>>, mixin_verb=('build',))
[0.736s] Level 1:colcon.colcon_core.package_discovery:discover_packages(colcon_meta) check parameters
[0.737s] Level 1:colcon.colcon_core.package_discovery:discover_packages(recursive) check parameters
[0.737s] Level 1:colcon.colcon_core.package_discovery:discover_packages(ignore) check parameters
[0.737s] Level 1:colcon.colcon_core.package_discovery:discover_packages(path) check parameters
[0.737s] Level 1:colcon.colcon_core.package_discovery:discover_packages(colcon_meta) discover
[0.737s] Level 1:colcon.colcon_core.package_discovery:discover_packages(recursive) discover
[0.737s] INFO:colcon.colcon_core.package_discovery:Crawling recursively for packages in '/home/misys/forza_ws/race_stack'
[0.738s] Level 1:colcon.colcon_core.package_identification:_identify(.) by extensions ['ignore', 'ignore_ament_install']
[0.738s] Level 1:colcon.colcon_core.package_identification:_identify(.) by extension 'ignore'
[0.738s] Level 1:colcon.colcon_core.package_identification:_identify(.) by extension 'ignore_ament_install'
[0.738s] Level 1:colcon.colcon_core.package_identification:_identify(.) by extensions ['colcon_pkg']
[0.738s] Level 1:colcon.colcon_core.package_identification:_identify(.) by extension 'colcon_pkg'
[0.738s] Level 1:colcon.colcon_core.package_identification:_identify(.) by extensions ['colcon_meta']
[0.738s] Level 1:colcon.colcon_core.package_identification:_identify(.) by extension 'colcon_meta'
[0.738s] Level 1:colcon.colcon_core.package_identification:_identify(.) by extensions ['ros']
[0.738s] Level 1:colcon.colcon_core.package_identification:_identify(.) by extension 'ros'
[0.787s] Level 1:colcon.colcon_core.package_identification:_identify(.) by extensions ['cmake', 'python']
[0.787s] Level 1:colcon.colcon_core.package_identification:_identify(.) by extension 'cmake'
[0.787s] Level 1:colcon.colcon_core.package_identification:_identify(.) by extension 'python'
[0.787s] Level 1:colcon.colcon_core.package_identification:_identify(.) by extensions ['python_setup_py']
[0.787s] Level 1:colcon.colcon_core.package_identification:_identify(.) by extension 'python_setup_py'
[0.788s] Level 1:colcon.colcon_core.package_identification:_identify(SE_teras) by extensions ['ignore', 'ignore_ament_install']
[0.788s] Level 1:colcon.colcon_core.package_identification:_identify(SE_teras) by extension 'ignore'
[0.788s] Level 1:colcon.colcon_core.package_identification:_identify(SE_teras) by extension 'ignore_ament_install'
[0.788s] Level 1:colcon.colcon_core.package_identification:_identify(SE_teras) by extensions ['colcon_pkg']
[0.788s] Level 1:colcon.colcon_core.package_identification:_identify(SE_teras) by extension 'colcon_pkg'
[0.788s] Level 1:colcon.colcon_core.package_identification:_identify(SE_teras) by extensions ['colcon_meta']
[0.788s] Level 1:colcon.colcon_core.package_identification:_identify(SE_teras) by extension 'colcon_meta'
[0.789s] Level 1:colcon.colcon_core.package_identification:_identify(SE_teras) by extensions ['ros']
[0.789s] Level 1:colcon.colcon_core.package_identification:_identify(SE_teras) by extension 'ros'
[0.789s] Level 1:colcon.colcon_core.package_identification:_identify(SE_teras) by extensions ['cmake', 'python']
[0.789s] Level 1:colcon.colcon_core.package_identification:_identify(SE_teras) by extension 'cmake'
[0.789s] Level 1:colcon.colcon_core.package_identification:_identify(SE_teras) by extension 'python'
[0.789s] Level 1:colcon.colcon_core.package_identification:_identify(SE_teras) by extensions ['python_setup_py']
[0.789s] Level 1:colcon.colcon_core.package_identification:_identify(SE_teras) by extension 'python_setup_py'
[0.789s] Level 1:colcon.colcon_core.package_identification:_identify(base_system) by extensions ['ignore', 'ignore_ament_install']
[0.789s] Level 1:colcon.colcon_core.package_identification:_identify(base_system) by extension 'ignore'
[0.790s] Level 1:colcon.colcon_core.package_identification:_identify(base_system) by extension 'ignore_ament_install'
[0.790s] Level 1:colcon.colcon_core.package_identification:_identify(base_system) by extensions ['colcon_pkg']
[0.790s] Level 1:colcon.colcon_core.package_identification:_identify(base_system) by extension 'colcon_pkg'
[0.790s] Level 1:colcon.colcon_core.package_identification:_identify(base_system) by extensions ['colcon_meta']
[0.790s] Level 1:colcon.colcon_core.package_identification:_identify(base_system) by extension 'colcon_meta'
[0.790s] Level 1:colcon.colcon_core.package_identification:_identify(base_system) by extensions ['ros']
[0.790s] Level 1:colcon.colcon_core.package_identification:_identify(base_system) by extension 'ros'
[0.790s] Level 1:colcon.colcon_core.package_identification:_identify(base_system) by extensions ['cmake', 'python']
[0.790s] Level 1:colcon.colcon_core.package_identification:_identify(base_system) by extension 'cmake'
[0.790s] Level 1:colcon.colcon_core.package_identification:_identify(base_system) by extension 'python'
[0.790s] Level 1:colcon.colcon_core.package_identification:_identify(base_system) by extensions ['python_setup_py']
[0.790s] Level 1:colcon.colcon_core.package_identification:_identify(base_system) by extension 'python_setup_py'
[0.791s] Level 1:colcon.colcon_core.package_identification:_identify(base_system/f110_simulator) by extensions ['ignore', 'ignore_ament_install']
[0.791s] Level 1:colcon.colcon_core.package_identification:_identify(base_system/f110_simulator) by extension 'ignore'
[0.791s] Level 1:colcon.colcon_core.package_identification:_identify(base_system/f110_simulator) by extension 'ignore_ament_install'
[0.791s] Level 1:colcon.colcon_core.package_identification:_identify(base_system/f110_simulator) by extensions ['colcon_pkg']
[0.791s] Level 1:colcon.colcon_core.package_identification:_identify(base_system/f110_simulator) by extension 'colcon_pkg'
[0.791s] Level 1:colcon.colcon_core.package_identification:_identify(base_system/f110_simulator) by extensions ['colcon_meta']
[0.791s] Level 1:colcon.colcon_core.package_identification:_identify(base_system/f110_simulator) by extension 'colcon_meta'
[0.791s] Level 1:colcon.colcon_core.package_identification:_identify(base_system/f110_simulator) by extensions ['ros']
[0.791s] Level 1:colcon.colcon_core.package_identification:_identify(base_system/f110_simulator) by extension 'ros'
[0.792s] Level 1:colcon.colcon_core.package_identification:_identify(base_system/f110_simulator) by extensions ['cmake', 'python']
[0.792s] Level 1:colcon.colcon_core.package_identification:_identify(base_system/f110_simulator) by extension 'cmake'
[0.792s] Level 1:colcon.colcon_core.package_identification:_identify(base_system/f110_simulator) by extension 'python'
[0.792s] Level 1:colcon.colcon_core.package_identification:_identify(base_system/f110_simulator) by extensions ['python_setup_py']
[0.792s] Level 1:colcon.colcon_core.package_identification:_identify(base_system/f110_simulator) by extension 'python_setup_py'
[0.792s] Level 1:colcon.colcon_core.package_identification:_identify(base_system/f110_simulator/f1tenth_gym) by extensions ['ignore', 'ignore_ament_install']
[0.792s] Level 1:colcon.colcon_core.package_identification:_identify(base_system/f110_simulator/f1tenth_gym) by extension 'ignore'
[0.792s] Level 1:colcon.colcon_core.package_identification:_identify(base_system/f110_simulator/f1tenth_gym) by extension 'ignore_ament_install'
[0.793s] Level 1:colcon.colcon_core.package_identification:_identify(base_system/f110_simulator/f1tenth_gym) by extensions ['colcon_pkg']
[0.793s] Level 1:colcon.colcon_core.package_identification:_identify(base_system/f110_simulator/f1tenth_gym) by extension 'colcon_pkg'
[0.793s] Level 1:colcon.colcon_core.package_identification:_identify(base_system/f110_simulator/f1tenth_gym) by extensions ['colcon_meta']
[0.793s] Level 1:colcon.colcon_core.package_identification:_identify(base_system/f110_simulator/f1tenth_gym) by extension 'colcon_meta'
[0.793s] Level 1:colcon.colcon_core.package_identification:_identify(base_system/f110_simulator/f1tenth_gym) by extensions ['ros']
[0.793s] Level 1:colcon.colcon_core.package_identification:_identify(base_system/f110_simulator/f1tenth_gym) by extension 'ros'
[0.793s] Level 1:colcon.colcon_core.package_identification:_identify(base_system/f110_simulator/f1tenth_gym) by extensions ['cmake', 'python']
[0.793s] Level 1:colcon.colcon_core.package_identification:_identify(base_system/f110_simulator/f1tenth_gym) by extension 'cmake'
[0.793s] Level 1:colcon.colcon_core.package_identification:_identify(base_system/f110_simulator/f1tenth_gym) by extension 'python'
[0.793s] Level 1:colcon.colcon_core.package_identification:_identify(base_system/f110_simulator/f1tenth_gym) by extensions ['python_setup_py']
[0.793s] Level 1:colcon.colcon_core.package_identification:_identify(base_system/f110_simulator/f1tenth_gym) by extension 'python_setup_py'
[1.526s] DEBUG:colcon.colcon_core.package_identification:Package 'base_system/f110_simulator/f1tenth_gym' with type 'python' and name 'f110_gym'
[1.526s] Level 1:colcon.colcon_core.package_identification:_identify(base_system/f110_simulator/f1tenth_gym_ros) by extensions ['ignore', 'ignore_ament_install']
[1.527s] Level 1:colcon.colcon_core.package_identification:_identify(base_system/f110_simulator/f1tenth_gym_ros) by extension 'ignore'
[1.527s] Level 1:colcon.colcon_core.package_identification:_identify(base_system/f110_simulator/f1tenth_gym_ros) by extension 'ignore_ament_install'
[1.527s] Level 1:colcon.colcon_core.package_identification:_identify(base_system/f110_simulator/f1tenth_gym_ros) by extensions ['colcon_pkg']
[1.527s] Level 1:colcon.colcon_core.package_identification:_identify(base_system/f110_simulator/f1tenth_gym_ros) by extension 'colcon_pkg'
[1.527s] Level 1:colcon.colcon_core.package_identification:_identify(base_system/f110_simulator/f1tenth_gym_ros) by extensions ['colcon_meta']
[1.527s] Level 1:colcon.colcon_core.package_identification:_identify(base_system/f110_simulator/f1tenth_gym_ros) by extension 'colcon_meta'
[1.527s] Level 1:colcon.colcon_core.package_identification:_identify(base_system/f110_simulator/f1tenth_gym_ros) by extensions ['ros']
[1.527s] Level 1:colcon.colcon_core.package_identification:_identify(base_system/f110_simulator/f1tenth_gym_ros) by extension 'ros'
[1.533s] DEBUG:colcon.colcon_core.package_identification:Package 'base_system/f110_simulator/f1tenth_gym_ros' with type 'ros.ament_python' and name 'f1tenth_gym_ros'
[1.533s] Level 1:colcon.colcon_core.package_identification:_identify(base_system/f1tenth_system) by extensions ['ignore', 'ignore_ament_install']
[1.533s] Level 1:colcon.colcon_core.package_identification:_identify(base_system/f1tenth_system) by extension 'ignore'
[1.533s] Level 1:colcon.colcon_core.package_identification:_identify(base_system/f1tenth_system) by extension 'ignore_ament_install'
[1.533s] Level 1:colcon.colcon_core.package_identification:_identify(base_system/f1tenth_system) by extensions ['colcon_pkg']
[1.534s] Level 1:colcon.colcon_core.package_identification:_identify(base_system/f1tenth_system) by extension 'colcon_pkg'
[1.534s] Level 1:colcon.colcon_core.package_identification:_identify(base_system/f1tenth_system) by extensions ['colcon_meta']
[1.534s] Level 1:colcon.colcon_core.package_identification:_identify(base_system/f1tenth_system) by extension 'colcon_meta'
[1.534s] Level 1:colcon.colcon_core.package_identification:_identify(base_system/f1tenth_system) by extensions ['ros']
[1.534s] Level 1:colcon.colcon_core.package_identification:_identify(base_system/f1tenth_system) by extension 'ros'
[1.534s] Level 1:colcon.colcon_core.package_identification:_identify(base_system/f1tenth_system) by extensions ['cmake', 'python']
[1.534s] Level 1:colcon.colcon_core.package_identification:_identify(base_system/f1tenth_system) by extension 'cmake'
[1.534s] Level 1:colcon.colcon_core.package_identification:_identify(base_system/f1tenth_system) by extension 'python'
[1.534s] Level 1:colcon.colcon_core.package_identification:_identify(base_system/f1tenth_system) by extensions ['python_setup_py']
[1.534s] Level 1:colcon.colcon_core.package_identification:_identify(base_system/f1tenth_system) by extension 'python_setup_py'
[1.535s] Level 1:colcon.colcon_core.package_identification:_identify(base_system/f1tenth_system/ackermann_mux) by extensions ['ignore', 'ignore_ament_install']
[1.535s] Level 1:colcon.colcon_core.package_identification:_identify(base_system/f1tenth_system/ackermann_mux) by extension 'ignore'
[1.535s] Level 1:colcon.colcon_core.package_identification:_identify(base_system/f1tenth_system/ackermann_mux) by extension 'ignore_ament_install'
[1.535s] Level 1:colcon.colcon_core.package_identification:_identify(base_system/f1tenth_system/ackermann_mux) by extensions ['colcon_pkg']
[1.535s] Level 1:colcon.colcon_core.package_identification:_identify(base_system/f1tenth_system/ackermann_mux) by extension 'colcon_pkg'
[1.535s] Level 1:colcon.colcon_core.package_identification:_identify(base_system/f1tenth_system/ackermann_mux) by extensions ['colcon_meta']
[1.535s] Level 1:colcon.colcon_core.package_identification:_identify(base_system/f1tenth_system/ackermann_mux) by extension 'colcon_meta'
[1.535s] Level 1:colcon.colcon_core.package_identification:_identify(base_system/f1tenth_system/ackermann_mux) by extensions ['ros']
[1.535s] Level 1:colcon.colcon_core.package_identification:_identify(base_system/f1tenth_system/ackermann_mux) by extension 'ros'
[1.537s] DEBUG:colcon.colcon_core.package_identification:Package 'base_system/f1tenth_system/ackermann_mux' with type 'ros.ament_cmake' and name 'ackermann_mux'
[1.538s] Level 1:colcon.colcon_core.package_identification:_identify(base_system/f1tenth_system/f1tenth_stack) by extensions ['ignore', 'ignore_ament_install']
[1.538s] Level 1:colcon.colcon_core.package_identification:_identify(base_system/f1tenth_system/f1tenth_stack) by extension 'ignore'
[1.538s] Level 1:colcon.colcon_core.package_identification:_identify(base_system/f1tenth_system/f1tenth_stack) by extension 'ignore_ament_install'
[1.538s] Level 1:colcon.colcon_core.package_identification:_identify(base_system/f1tenth_system/f1tenth_stack) by extensions ['colcon_pkg']
[1.538s] Level 1:colcon.colcon_core.package_identification:_identify(base_system/f1tenth_system/f1tenth_stack) by extension 'colcon_pkg'
[1.538s] Level 1:colcon.colcon_core.package_identification:_identify(base_system/f1tenth_system/f1tenth_stack) by extensions ['colcon_meta']
[1.538s] Level 1:colcon.colcon_core.package_identification:_identify(base_system/f1tenth_system/f1tenth_stack) by extension 'colcon_meta'
[1.538s] Level 1:colcon.colcon_core.package_identification:_identify(base_system/f1tenth_system/f1tenth_stack) by extensions ['ros']
[1.538s] Level 1:colcon.colcon_core.package_identification:_identify(base_system/f1tenth_system/f1tenth_stack) by extension 'ros'
[1.540s] DEBUG:colcon.colcon_core.package_identification:Package 'base_system/f1tenth_system/f1tenth_stack' with type 'ros.ament_python' and name 'f1tenth_stack'
[1.540s] Level 1:colcon.colcon_core.package_identification:_identify(base_system/f1tenth_system/scripts) by extensions ['ignore', 'ignore_ament_install']
[1.541s] Level 1:colcon.colcon_core.package_identification:_identify(base_system/f1tenth_system/scripts) by extension 'ignore'
[1.541s] Level 1:colcon.colcon_core.package_identification:_identify(base_system/f1tenth_system/scripts) by extension 'ignore_ament_install'
[1.541s] Level 1:colcon.colcon_core.package_identification:_identify(base_system/f1tenth_system/scripts) by extensions ['colcon_pkg']
[1.541s] Level 1:colcon.colcon_core.package_identification:_identify(base_system/f1tenth_system/scripts) by extension 'colcon_pkg'
[1.541s] Level 1:colcon.colcon_core.package_identification:_identify(base_system/f1tenth_system/scripts) by extensions ['colcon_meta']
[1.541s] Level 1:colcon.colcon_core.package_identification:_identify(base_system/f1tenth_system/scripts) by extension 'colcon_meta'
[1.541s] Level 1:colcon.colcon_core.package_identification:_identify(base_system/f1tenth_system/scripts) by extensions ['ros']
[1.541s] Level 1:colcon.colcon_core.package_identification:_identify(base_system/f1tenth_system/scripts) by extension 'ros'
[1.541s] Level 1:colcon.colcon_core.package_identification:_identify(base_system/f1tenth_system/scripts) by extensions ['cmake', 'python']
[1.542s] Level 1:colcon.colcon_core.package_identification:_identify(base_system/f1tenth_system/scripts) by extension 'cmake'
[1.542s] Level 1:colcon.colcon_core.package_identification:_identify(base_system/f1tenth_system/scripts) by extension 'python'
[1.542s] Level 1:colcon.colcon_core.package_identification:_identify(base_system/f1tenth_system/scripts) by extensions ['python_setup_py']
[1.542s] Level 1:colcon.colcon_core.package_identification:_identify(base_system/f1tenth_system/scripts) by extension 'python_setup_py'
[1.542s] Level 1:colcon.colcon_core.package_identification:_identify(base_system/f1tenth_system/teleop_tools) by extensions ['ignore', 'ignore_ament_install']
[1.542s] Level 1:colcon.colcon_core.package_identification:_identify(base_system/f1tenth_system/teleop_tools) by extension 'ignore'
[1.542s] Level 1:colcon.colcon_core.package_identification:_identify(base_system/f1tenth_system/teleop_tools) by extension 'ignore_ament_install'
[1.542s] Level 1:colcon.colcon_core.package_identification:_identify(base_system/f1tenth_system/teleop_tools) by extensions ['colcon_pkg']
[1.542s] Level 1:colcon.colcon_core.package_identification:_identify(base_system/f1tenth_system/teleop_tools) by extension 'colcon_pkg'
[1.543s] Level 1:colcon.colcon_core.package_identification:_identify(base_system/f1tenth_system/teleop_tools) by extensions ['colcon_meta']
[1.543s] Level 1:colcon.colcon_core.package_identification:_identify(base_system/f1tenth_system/teleop_tools) by extension 'colcon_meta'
[1.543s] Level 1:colcon.colcon_core.package_identification:_identify(base_system/f1tenth_system/teleop_tools) by extensions ['ros']
[1.543s] Level 1:colcon.colcon_core.package_identification:_identify(base_system/f1tenth_system/teleop_tools) by extension 'ros'
[1.543s] Level 1:colcon.colcon_core.package_identification:_identify(base_system/f1tenth_system/teleop_tools) by extensions ['cmake', 'python']
[1.543s] Level 1:colcon.colcon_core.package_identification:_identify(base_system/f1tenth_system/teleop_tools) by extension 'cmake'
[1.543s] Level 1:colcon.colcon_core.package_identification:_identify(base_system/f1tenth_system/teleop_tools) by extension 'python'
[1.543s] Level 1:colcon.colcon_core.package_identification:_identify(base_system/f1tenth_system/teleop_tools) by extensions ['python_setup_py']
[1.543s] Level 1:colcon.colcon_core.package_identification:_identify(base_system/f1tenth_system/teleop_tools) by extension 'python_setup_py'
[1.544s] Level 1:colcon.colcon_core.package_identification:_identify(base_system/f1tenth_system/teleop_tools/joy_teleop) by extensions ['ignore', 'ignore_ament_install']
[1.544s] Level 1:colcon.colcon_core.package_identification:_identify(base_system/f1tenth_system/teleop_tools/joy_teleop) by extension 'ignore'
[1.544s] Level 1:colcon.colcon_core.package_identification:_identify(base_system/f1tenth_system/teleop_tools/joy_teleop) by extension 'ignore_ament_install'
[1.544s] Level 1:colcon.colcon_core.package_identification:_identify(base_system/f1tenth_system/teleop_tools/joy_teleop) by extensions ['colcon_pkg']
[1.544s] Level 1:colcon.colcon_core.package_identification:_identify(base_system/f1tenth_system/teleop_tools/joy_teleop) by extension 'colcon_pkg'
[1.544s] Level 1:colcon.colcon_core.package_identification:_identify(base_system/f1tenth_system/teleop_tools/joy_teleop) by extensions ['colcon_meta']
[1.544s] Level 1:colcon.colcon_core.package_identification:_identify(base_system/f1tenth_system/teleop_tools/joy_teleop) by extension 'colcon_meta'
[1.544s] Level 1:colcon.colcon_core.package_identification:_identify(base_system/f1tenth_system/teleop_tools/joy_teleop) by extensions ['ros']
[1.544s] Level 1:colcon.colcon_core.package_identification:_identify(base_system/f1tenth_system/teleop_tools/joy_teleop) by extension 'ros'
[1.546s] DEBUG:colcon.colcon_core.package_identification:Package 'base_system/f1tenth_system/teleop_tools/joy_teleop' with type 'ros.ament_python' and name 'joy_teleop'
[1.547s] Level 1:colcon.colcon_core.package_identification:_identify(base_system/f1tenth_system/teleop_tools/key_teleop) by extensions ['ignore', 'ignore_ament_install']
[1.547s] Level 1:colcon.colcon_core.package_identification:_identify(base_system/f1tenth_system/teleop_tools/key_teleop) by extension 'ignore'
[1.547s] Level 1:colcon.colcon_core.package_identification:_identify(base_system/f1tenth_system/teleop_tools/key_teleop) by extension 'ignore_ament_install'
[1.547s] Level 1:colcon.colcon_core.package_identification:_identify(base_system/f1tenth_system/teleop_tools/key_teleop) by extensions ['colcon_pkg']
[1.548s] Level 1:colcon.colcon_core.package_identification:_identify(base_system/f1tenth_system/teleop_tools/key_teleop) by extension 'colcon_pkg'
[1.548s] Level 1:colcon.colcon_core.package_identification:_identify(base_system/f1tenth_system/teleop_tools/key_teleop) by extensions ['colcon_meta']
[1.548s] Level 1:colcon.colcon_core.package_identification:_identify(base_system/f1tenth_system/teleop_tools/key_teleop) by extension 'colcon_meta'
[1.548s] Level 1:colcon.colcon_core.package_identification:_identify(base_system/f1tenth_system/teleop_tools/key_teleop) by extensions ['ros']
[1.548s] Level 1:colcon.colcon_core.package_identification:_identify(base_system/f1tenth_system/teleop_tools/key_teleop) by extension 'ros'
