[7.425s] Invoking command in '/home/misys/forza_ws/race_stack/controller': PYTHONPATH=/home/misys/forza_ws/race_stack/build/controller/prefix_override:/usr/lib/python3/dist-packages/colcon_core/task/python/colcon_distutils_commands:/home/misys/forza_ws/race_stack/install/controller/lib/python3.10/site-packages:${PYTHONPATH} /usr/bin/python3 -W ignore:setup.py install is deprecated -W ignore:easy_install command is deprecated setup.py egg_info --egg-base ../build/controller build --build-base /home/misys/forza_ws/race_stack/build/controller/build install --record /home/misys/forza_ws/race_stack/build/controller/install.log --single-version-externally-managed install_data
[9.230s] running egg_info
[9.235s] writing ../build/controller/controller.egg-info/PKG-INFO
[9.235s] writing dependency_links to ../build/controller/controller.egg-info/dependency_links.txt
[9.236s] writing entry points to ../build/controller/controller.egg-info/entry_points.txt
[9.236s] writing requirements to ../build/controller/controller.egg-info/requires.txt
[9.236s] writing top-level names to ../build/controller/controller.egg-info/top_level.txt
[9.240s] reading manifest file '../build/controller/controller.egg-info/SOURCES.txt'
[9.246s] adding license file 'LICENSE'
[9.248s] writing manifest file '../build/controller/controller.egg-info/SOURCES.txt'
[9.249s] running build
[9.249s] running build_py
[9.250s] copying controller/controller_manager.py -> /home/misys/forza_ws/race_stack/build/controller/build/lib/controller
[9.252s] running install
[9.254s] running install_lib
[9.269s] copying /home/misys/forza_ws/race_stack/build/controller/build/lib/controller/controller_manager.py -> /home/misys/forza_ws/race_stack/install/controller/lib/python3.10/site-packages/controller
[9.274s] byte-compiling /home/misys/forza_ws/race_stack/install/controller/lib/python3.10/site-packages/controller/controller_manager.py to controller_manager.cpython-310.pyc
[9.287s] running install_data
[9.289s] running install_egg_info
[9.295s] removing '/home/misys/forza_ws/race_stack/install/controller/lib/python3.10/site-packages/controller-0.0.0-py3.10.egg-info' (and everything under it)
[9.307s] Copying ../build/controller/controller.egg-info to /home/misys/forza_ws/race_stack/install/controller/lib/python3.10/site-packages/controller-0.0.0-py3.10.egg-info
[9.315s] running install_scripts
[9.390s] Installing controller script to /home/misys/forza_ws/race_stack/install/controller/lib/controller
[9.393s] writing list of installed files to '/home/misys/forza_ws/race_stack/build/controller/install.log'
[12.068s] Invoked command in '/home/misys/forza_ws/race_stack/controller' returned '0': PYTHONPATH=/home/misys/forza_ws/race_stack/build/controller/prefix_override:/usr/lib/python3/dist-packages/colcon_core/task/python/colcon_distutils_commands:/home/misys/forza_ws/race_stack/install/controller/lib/python3.10/site-packages:${PYTHONPATH} /usr/bin/python3 -W ignore:setup.py install is deprecated -W ignore:easy_install command is deprecated setup.py egg_info --egg-base ../build/controller build --build-base /home/misys/forza_ws/race_stack/build/controller/build install --record /home/misys/forza_ws/race_stack/build/controller/install.log --single-version-externally-managed install_data
