[2.948s] Invoking command in '/home/misys/forza_ws/race_stack/planner/global_planner': PYTHONPATH=/home/misys/forza_ws/race_stack/build/global_planner/prefix_override:/usr/lib/python3/dist-packages/colcon_core/task/python/colcon_distutils_commands:/home/misys/forza_ws/race_stack/install/global_planner/lib/python3.10/site-packages:${PYTHONPATH} /usr/bin/python3 -W ignore:setup.py install is deprecated -W ignore:easy_install command is deprecated setup.py egg_info --egg-base ../../build/global_planner build --build-base /home/misys/forza_ws/race_stack/build/global_planner/build install --record /home/misys/forza_ws/race_stack/build/global_planner/install.log --single-version-externally-managed install_data
[3.695s] running egg_info
[3.696s] writing ../../build/global_planner/global_planner.egg-info/PKG-INFO
[3.696s] writing dependency_links to ../../build/global_planner/global_planner.egg-info/dependency_links.txt
[3.696s] writing entry points to ../../build/global_planner/global_planner.egg-info/entry_points.txt
[3.696s] writing requirements to ../../build/global_planner/global_planner.egg-info/requires.txt
[3.696s] writing top-level names to ../../build/global_planner/global_planner.egg-info/top_level.txt
[3.696s] reading manifest file '../../build/global_planner/global_planner.egg-info/SOURCES.txt'
[3.697s] adding license file 'LICENSE'
[3.697s] writing manifest file '../../build/global_planner/global_planner.egg-info/SOURCES.txt'
[3.697s] running build
[3.697s] running build_py
[3.697s] running install
[3.697s] running install_lib
[3.697s] running install_data
[3.698s] running install_egg_info
[3.698s] removing '/home/misys/forza_ws/race_stack/install/global_planner/lib/python3.10/site-packages/global_planner-0.0.0-py3.10.egg-info' (and everything under it)
[3.698s] Copying ../../build/global_planner/global_planner.egg-info to /home/misys/forza_ws/race_stack/install/global_planner/lib/python3.10/site-packages/global_planner-0.0.0-py3.10.egg-info
[3.698s] running install_scripts
[3.710s] Installing global_planner script to /home/misys/forza_ws/race_stack/install/global_planner/lib/global_planner
[3.710s] Installing global_trajectory_publisher script to /home/misys/forza_ws/race_stack/install/global_planner/lib/global_planner
[3.710s] writing list of installed files to '/home/misys/forza_ws/race_stack/build/global_planner/install.log'
[3.806s] Invoked command in '/home/misys/forza_ws/race_stack/planner/global_planner' returned '0': PYTHONPATH=/home/misys/forza_ws/race_stack/build/global_planner/prefix_override:/usr/lib/python3/dist-packages/colcon_core/task/python/colcon_distutils_commands:/home/misys/forza_ws/race_stack/install/global_planner/lib/python3.10/site-packages:${PYTHONPATH} /usr/bin/python3 -W ignore:setup.py install is deprecated -W ignore:easy_install command is deprecated setup.py egg_info --egg-base ../../build/global_planner build --build-base /home/misys/forza_ws/race_stack/build/global_planner/build install --record /home/misys/forza_ws/race_stack/build/global_planner/install.log --single-version-externally-managed install_data
