[5.018s] Invoking command in '/home/misys/forza_ws/race_stack/base_system/f110_simulator/f1tenth_gym_ros': PYTHONPATH=/home/misys/forza_ws/race_stack/build/f1tenth_gym_ros/prefix_override:/usr/lib/python3/dist-packages/colcon_core/task/python/colcon_distutils_commands:/home/misys/forza_ws/race_stack/install/f1tenth_gym_ros/lib/python3.10/site-packages:${PYTHONPATH} /usr/bin/python3 -W ignore:setup.py install is deprecated -W ignore:easy_install command is deprecated setup.py egg_info --egg-base ../../../build/f1tenth_gym_ros build --build-base /home/misys/forza_ws/race_stack/build/f1tenth_gym_ros/build install --record /home/misys/forza_ws/race_stack/build/f1tenth_gym_ros/install.log --single-version-externally-managed install_data
[5.740s] running egg_info
[5.741s] writing ../../../build/f1tenth_gym_ros/f1tenth_gym_ros.egg-info/PKG-INFO
[5.742s] writing dependency_links to ../../../build/f1tenth_gym_ros/f1tenth_gym_ros.egg-info/dependency_links.txt
[5.742s] writing entry points to ../../../build/f1tenth_gym_ros/f1tenth_gym_ros.egg-info/entry_points.txt
[5.743s] writing requirements to ../../../build/f1tenth_gym_ros/f1tenth_gym_ros.egg-info/requires.txt
[5.743s] writing top-level names to ../../../build/f1tenth_gym_ros/f1tenth_gym_ros.egg-info/top_level.txt
[5.747s] reading manifest file '../../../build/f1tenth_gym_ros/f1tenth_gym_ros.egg-info/SOURCES.txt'
[5.749s] adding license file 'LICENSE'
[5.752s] writing manifest file '../../../build/f1tenth_gym_ros/f1tenth_gym_ros.egg-info/SOURCES.txt'
[5.753s] running build
[5.753s] running build_py
[5.753s] running install
[5.753s] running install_lib
[5.757s] running install_data
[5.757s] running install_egg_info
[5.762s] removing '/home/misys/forza_ws/race_stack/install/f1tenth_gym_ros/lib/python3.10/site-packages/f1tenth_gym_ros-0.0.0-py3.10.egg-info' (and everything under it)
[5.763s] Copying ../../../build/f1tenth_gym_ros/f1tenth_gym_ros.egg-info to /home/misys/forza_ws/race_stack/install/f1tenth_gym_ros/lib/python3.10/site-packages/f1tenth_gym_ros-0.0.0-py3.10.egg-info
[5.766s] running install_scripts
[5.818s] Installing gym_bridge script to /home/misys/forza_ws/race_stack/install/f1tenth_gym_ros/lib/f1tenth_gym_ros
[5.819s] writing list of installed files to '/home/misys/forza_ws/race_stack/build/f1tenth_gym_ros/install.log'
[6.060s] Invoked command in '/home/misys/forza_ws/race_stack/base_system/f110_simulator/f1tenth_gym_ros' returned '0': PYTHONPATH=/home/misys/forza_ws/race_stack/build/f1tenth_gym_ros/prefix_override:/usr/lib/python3/dist-packages/colcon_core/task/python/colcon_distutils_commands:/home/misys/forza_ws/race_stack/install/f1tenth_gym_ros/lib/python3.10/site-packages:${PYTHONPATH} /usr/bin/python3 -W ignore:setup.py install is deprecated -W ignore:easy_install command is deprecated setup.py egg_info --egg-base ../../../build/f1tenth_gym_ros build --build-base /home/misys/forza_ws/race_stack/build/f1tenth_gym_ros/build install --record /home/misys/forza_ws/race_stack/build/f1tenth_gym_ros/install.log --single-version-externally-managed install_data
