[3.005s] Invoking command in '/home/misys/forza_ws/race_stack/base_system/f1tenth_system/teleop_tools/key_teleop': PYTHONPATH=/home/misys/forza_ws/race_stack/build/key_teleop/prefix_override:/usr/lib/python3/dist-packages/colcon_core/task/python/colcon_distutils_commands:/home/misys/forza_ws/race_stack/install/key_teleop/lib/python3.10/site-packages:${PYTHONPATH} /usr/bin/python3 -W ignore:setup.py install is deprecated -W ignore:easy_install command is deprecated setup.py egg_info --egg-base ../../../../build/key_teleop build --build-base /home/misys/forza_ws/race_stack/build/key_teleop/build install --record /home/misys/forza_ws/race_stack/build/key_teleop/install.log --single-version-externally-managed install_data
[3.652s] running egg_info
[3.653s] writing ../../../../build/key_teleop/key_teleop.egg-info/PKG-INFO
[3.653s] writing dependency_links to ../../../../build/key_teleop/key_teleop.egg-info/dependency_links.txt
[3.654s] writing entry points to ../../../../build/key_teleop/key_teleop.egg-info/entry_points.txt
[3.654s] writing requirements to ../../../../build/key_teleop/key_teleop.egg-info/requires.txt
[3.654s] writing top-level names to ../../../../build/key_teleop/key_teleop.egg-info/top_level.txt
[3.659s] reading manifest file '../../../../build/key_teleop/key_teleop.egg-info/SOURCES.txt'
[3.661s] adding license file 'LICENSE'
[3.662s] writing manifest file '../../../../build/key_teleop/key_teleop.egg-info/SOURCES.txt'
[3.663s] running build
[3.663s] running build_py
[3.664s] running install
[3.666s] running install_lib
[3.669s] running install_data
[3.669s] running install_egg_info
[3.674s] removing '/home/misys/forza_ws/race_stack/install/key_teleop/lib/python3.10/site-packages/key_teleop-1.5.0-py3.10.egg-info' (and everything under it)
[3.688s] Copying ../../../../build/key_teleop/key_teleop.egg-info to /home/misys/forza_ws/race_stack/install/key_teleop/lib/python3.10/site-packages/key_teleop-1.5.0-py3.10.egg-info
[3.695s] running install_scripts
[3.739s] Installing key_teleop script to /home/misys/forza_ws/race_stack/install/key_teleop/lib/key_teleop
[3.740s] writing list of installed files to '/home/misys/forza_ws/race_stack/build/key_teleop/install.log'
[3.863s] Invoked command in '/home/misys/forza_ws/race_stack/base_system/f1tenth_system/teleop_tools/key_teleop' returned '0': PYTHONPATH=/home/misys/forza_ws/race_stack/build/key_teleop/prefix_override:/usr/lib/python3/dist-packages/colcon_core/task/python/colcon_distutils_commands:/home/misys/forza_ws/race_stack/install/key_teleop/lib/python3.10/site-packages:${PYTHONPATH} /usr/bin/python3 -W ignore:setup.py install is deprecated -W ignore:easy_install command is deprecated setup.py egg_info --egg-base ../../../../build/key_teleop build --build-base /home/misys/forza_ws/race_stack/build/key_teleop/build install --record /home/misys/forza_ws/race_stack/build/key_teleop/install.log --single-version-externally-managed install_data
