[5.283s] Invoking command in '/home/misys/forza_ws/race_stack/state_estimation': PYTHONPATH=/home/misys/forza_ws/race_stack/build/state_estimation/prefix_override:/usr/lib/python3/dist-packages/colcon_core/task/python/colcon_distutils_commands:/home/misys/forza_ws/race_stack/install/state_estimation/lib/python3.10/site-packages:${PYTHONPATH} /usr/bin/python3 -W ignore:setup.py install is deprecated -W ignore:easy_install command is deprecated setup.py egg_info --egg-base ../build/state_estimation build --build-base /home/misys/forza_ws/race_stack/build/state_estimation/build install --record /home/misys/forza_ws/race_stack/build/state_estimation/install.log --single-version-externally-managed install_data
[6.364s] running egg_info
[6.366s] writing ../build/state_estimation/state_estimation.egg-info/PKG-INFO
[6.367s] writing dependency_links to ../build/state_estimation/state_estimation.egg-info/dependency_links.txt
[6.368s] writing entry points to ../build/state_estimation/state_estimation.egg-info/entry_points.txt
[6.369s] writing requirements to ../build/state_estimation/state_estimation.egg-info/requires.txt
[6.369s] writing top-level names to ../build/state_estimation/state_estimation.egg-info/top_level.txt
[6.380s] reading manifest file '../build/state_estimation/state_estimation.egg-info/SOURCES.txt'
[6.380s] adding license file 'LICENSE'
[6.382s] writing manifest file '../build/state_estimation/state_estimation.egg-info/SOURCES.txt'
[6.382s] running build
[6.383s] running build_py
[6.383s] running install
[6.384s] running install_lib
[6.391s] running install_data
[6.392s] running install_egg_info
[6.394s] removing '/home/misys/forza_ws/race_stack/install/state_estimation/lib/python3.10/site-packages/state_estimation-0.0.0-py3.10.egg-info' (and everything under it)
[6.395s] Copying ../build/state_estimation/state_estimation.egg-info to /home/misys/forza_ws/race_stack/install/state_estimation/lib/python3.10/site-packages/state_estimation-0.0.0-py3.10.egg-info
[6.400s] running install_scripts
[6.460s] Installing carstate_node script to /home/misys/forza_ws/race_stack/install/state_estimation/lib/state_estimation
[6.461s] writing list of installed files to '/home/misys/forza_ws/race_stack/build/state_estimation/install.log'
[6.856s] Invoked command in '/home/misys/forza_ws/race_stack/state_estimation' returned '0': PYTHONPATH=/home/misys/forza_ws/race_stack/build/state_estimation/prefix_override:/usr/lib/python3/dist-packages/colcon_core/task/python/colcon_distutils_commands:/home/misys/forza_ws/race_stack/install/state_estimation/lib/python3.10/site-packages:${PYTHONPATH} /usr/bin/python3 -W ignore:setup.py install is deprecated -W ignore:easy_install command is deprecated setup.py egg_info --egg-base ../build/state_estimation build --build-base /home/misys/forza_ws/race_stack/build/state_estimation/build install --record /home/misys/forza_ws/race_stack/build/state_estimation/install.log --single-version-externally-managed install_data
