[3.784s] Invoking command in '/home/misys/forza_ws/race_stack/planner/global_planner': PYTHONPATH=/home/misys/forza_ws/race_stack/build/global_planner/prefix_override:/usr/lib/python3/dist-packages/colcon_core/task/python/colcon_distutils_commands:/home/misys/forza_ws/race_stack/install/global_planner/lib/python3.10/site-packages:${PYTHONPATH} /usr/bin/python3 -W ignore:setup.py install is deprecated -W ignore:easy_install command is deprecated setup.py egg_info --egg-base ../../build/global_planner build --build-base /home/misys/forza_ws/race_stack/build/global_planner/build install --record /home/misys/forza_ws/race_stack/build/global_planner/install.log --single-version-externally-managed install_data
[4.562s] running egg_info
[4.563s] writing ../../build/global_planner/global_planner.egg-info/PKG-INFO
[4.564s] writing dependency_links to ../../build/global_planner/global_planner.egg-info/dependency_links.txt
[4.564s] writing entry points to ../../build/global_planner/global_planner.egg-info/entry_points.txt
[4.565s] writing requirements to ../../build/global_planner/global_planner.egg-info/requires.txt
[4.565s] writing top-level names to ../../build/global_planner/global_planner.egg-info/top_level.txt
[4.569s] reading manifest file '../../build/global_planner/global_planner.egg-info/SOURCES.txt'
[4.569s] adding license file 'LICENSE'
[4.571s] writing manifest file '../../build/global_planner/global_planner.egg-info/SOURCES.txt'
[4.571s] running build
[4.571s] running build_py
[4.572s] running install
[4.573s] running install_lib
[4.576s] running install_data
[4.577s] running install_egg_info
[4.581s] removing '/home/misys/forza_ws/race_stack/install/global_planner/lib/python3.10/site-packages/global_planner-0.0.0-py3.10.egg-info' (and everything under it)
[4.582s] Copying ../../build/global_planner/global_planner.egg-info to /home/misys/forza_ws/race_stack/install/global_planner/lib/python3.10/site-packages/global_planner-0.0.0-py3.10.egg-info
[4.584s] running install_scripts
[4.630s] Installing global_planner script to /home/misys/forza_ws/race_stack/install/global_planner/lib/global_planner
[4.630s] Installing global_trajectory_publisher script to /home/misys/forza_ws/race_stack/install/global_planner/lib/global_planner
[4.632s] writing list of installed files to '/home/misys/forza_ws/race_stack/build/global_planner/install.log'
[5.787s] Invoked command in '/home/misys/forza_ws/race_stack/planner/global_planner' returned '0': PYTHONPATH=/home/misys/forza_ws/race_stack/build/global_planner/prefix_override:/usr/lib/python3/dist-packages/colcon_core/task/python/colcon_distutils_commands:/home/misys/forza_ws/race_stack/install/global_planner/lib/python3.10/site-packages:${PYTHONPATH} /usr/bin/python3 -W ignore:setup.py install is deprecated -W ignore:easy_install command is deprecated setup.py egg_info --egg-base ../../build/global_planner build --build-base /home/misys/forza_ws/race_stack/build/global_planner/build install --record /home/misys/forza_ws/race_stack/build/global_planner/install.log --single-version-externally-managed install_data
