[1.913s] Invoking command in '/home/misys/forza_ws/race_stack/utilities/nodes/sector_tuner': PYTHONPATH=/home/misys/forza_ws/race_stack/build/sector_tuner/prefix_override:/usr/lib/python3/dist-packages/colcon_core/task/python/colcon_distutils_commands:/home/misys/forza_ws/race_stack/install/sector_tuner/lib/python3.10/site-packages:${PYTHONPATH} /usr/bin/python3 -W ignore:setup.py install is deprecated -W ignore:easy_install command is deprecated setup.py egg_info --egg-base ../../../build/sector_tuner build --build-base /home/misys/forza_ws/race_stack/build/sector_tuner/build install --record /home/misys/forza_ws/race_stack/build/sector_tuner/install.log --single-version-externally-managed install_data
[2.603s] running egg_info
[2.605s] creating ../../../build/sector_tuner/sector_tuner.egg-info
[2.607s] writing ../../../build/sector_tuner/sector_tuner.egg-info/PKG-INFO
[2.608s] writing dependency_links to ../../../build/sector_tuner/sector_tuner.egg-info/dependency_links.txt
[2.610s] writing entry points to ../../../build/sector_tuner/sector_tuner.egg-info/entry_points.txt
[2.610s] writing requirements to ../../../build/sector_tuner/sector_tuner.egg-info/requires.txt
[2.611s] writing top-level names to ../../../build/sector_tuner/sector_tuner.egg-info/top_level.txt
[2.612s] writing manifest file '../../../build/sector_tuner/sector_tuner.egg-info/SOURCES.txt'
[2.618s] reading manifest file '../../../build/sector_tuner/sector_tuner.egg-info/SOURCES.txt'
[2.620s] writing manifest file '../../../build/sector_tuner/sector_tuner.egg-info/SOURCES.txt'
[2.621s] running build
[2.621s] running build_py
[2.622s] creating /home/misys/forza_ws/race_stack/build/sector_tuner/build
[2.623s] creating /home/misys/forza_ws/race_stack/build/sector_tuner/build/lib
[2.623s] creating /home/misys/forza_ws/race_stack/build/sector_tuner/build/lib/sector_tuner
[2.624s] copying sector_tuner/sector_tuner.py -> /home/misys/forza_ws/race_stack/build/sector_tuner/build/lib/sector_tuner
[2.625s] copying sector_tuner/ot_interpolator.py -> /home/misys/forza_ws/race_stack/build/sector_tuner/build/lib/sector_tuner
[2.626s] copying sector_tuner/sector_slicer.py -> /home/misys/forza_ws/race_stack/build/sector_tuner/build/lib/sector_tuner
[2.628s] copying sector_tuner/ot_sector_slicer.py -> /home/misys/forza_ws/race_stack/build/sector_tuner/build/lib/sector_tuner
[2.629s] copying sector_tuner/__init__.py -> /home/misys/forza_ws/race_stack/build/sector_tuner/build/lib/sector_tuner
[2.630s] running build_scripts
[2.630s] creating /home/misys/forza_ws/race_stack/build/sector_tuner/build/scripts-3.10
[2.631s] copying scripts/finish_sector.sh -> /home/misys/forza_ws/race_stack/build/sector_tuner/build/scripts-3.10
[2.632s] changing mode of /home/misys/forza_ws/race_stack/build/sector_tuner/build/scripts-3.10/finish_sector.sh from 644 to 755
[2.633s] running install
[2.634s] running install_lib
[2.636s] creating /home/misys/forza_ws/race_stack/install/sector_tuner/lib/python3.10/site-packages/sector_tuner
[2.636s] copying /home/misys/forza_ws/race_stack/build/sector_tuner/build/lib/sector_tuner/sector_tuner.py -> /home/misys/forza_ws/race_stack/install/sector_tuner/lib/python3.10/site-packages/sector_tuner
[2.637s] copying /home/misys/forza_ws/race_stack/build/sector_tuner/build/lib/sector_tuner/ot_interpolator.py -> /home/misys/forza_ws/race_stack/install/sector_tuner/lib/python3.10/site-packages/sector_tuner
[2.638s] copying /home/misys/forza_ws/race_stack/build/sector_tuner/build/lib/sector_tuner/sector_slicer.py -> /home/misys/forza_ws/race_stack/install/sector_tuner/lib/python3.10/site-packages/sector_tuner
[2.638s] copying /home/misys/forza_ws/race_stack/build/sector_tuner/build/lib/sector_tuner/ot_sector_slicer.py -> /home/misys/forza_ws/race_stack/install/sector_tuner/lib/python3.10/site-packages/sector_tuner
[2.639s] copying /home/misys/forza_ws/race_stack/build/sector_tuner/build/lib/sector_tuner/__init__.py -> /home/misys/forza_ws/race_stack/install/sector_tuner/lib/python3.10/site-packages/sector_tuner
[2.641s] byte-compiling /home/misys/forza_ws/race_stack/install/sector_tuner/lib/python3.10/site-packages/sector_tuner/sector_tuner.py to sector_tuner.cpython-310.pyc
[2.646s] byte-compiling /home/misys/forza_ws/race_stack/install/sector_tuner/lib/python3.10/site-packages/sector_tuner/ot_interpolator.py to ot_interpolator.cpython-310.pyc
[2.653s] byte-compiling /home/misys/forza_ws/race_stack/install/sector_tuner/lib/python3.10/site-packages/sector_tuner/sector_slicer.py to sector_slicer.cpython-310.pyc
[2.656s] byte-compiling /home/misys/forza_ws/race_stack/install/sector_tuner/lib/python3.10/site-packages/sector_tuner/ot_sector_slicer.py to ot_sector_slicer.cpython-310.pyc
[2.667s] byte-compiling /home/misys/forza_ws/race_stack/install/sector_tuner/lib/python3.10/site-packages/sector_tuner/__init__.py to __init__.cpython-310.pyc
[2.667s] running install_data
[2.668s] creating /home/misys/forza_ws/race_stack/install/sector_tuner/share/ament_index
[2.668s] creating /home/misys/forza_ws/race_stack/install/sector_tuner/share/ament_index/resource_index
[2.668s] creating /home/misys/forza_ws/race_stack/install/sector_tuner/share/ament_index/resource_index/packages
[2.669s] copying resource/sector_tuner -> /home/misys/forza_ws/race_stack/install/sector_tuner/share/ament_index/resource_index/packages
[2.669s] copying package.xml -> /home/misys/forza_ws/race_stack/install/sector_tuner/share/sector_tuner
[2.679s] running install_egg_info
[2.684s] Copying ../../../build/sector_tuner/sector_tuner.egg-info to /home/misys/forza_ws/race_stack/install/sector_tuner/lib/python3.10/site-packages/sector_tuner-0.0.0-py3.10.egg-info
[2.686s] running install_scripts
[2.768s] creating /home/misys/forza_ws/race_stack/install/sector_tuner/lib/sector_tuner
[2.768s] copying /home/misys/forza_ws/race_stack/build/sector_tuner/build/scripts-3.10/finish_sector.sh -> /home/misys/forza_ws/race_stack/install/sector_tuner/lib/sector_tuner
[2.768s] changing mode of /home/misys/forza_ws/race_stack/install/sector_tuner/lib/sector_tuner/finish_sector.sh to 755
[2.771s] Installing ot_interpolator script to /home/misys/forza_ws/race_stack/install/sector_tuner/lib/sector_tuner
[2.771s] Installing ot_sector_slicer script to /home/misys/forza_ws/race_stack/install/sector_tuner/lib/sector_tuner
[2.772s] Installing sector_slicer script to /home/misys/forza_ws/race_stack/install/sector_tuner/lib/sector_tuner
[2.772s] Installing sector_tuner script to /home/misys/forza_ws/race_stack/install/sector_tuner/lib/sector_tuner
[2.773s] writing list of installed files to '/home/misys/forza_ws/race_stack/build/sector_tuner/install.log'
[2.885s] Invoked command in '/home/misys/forza_ws/race_stack/utilities/nodes/sector_tuner' returned '0': PYTHONPATH=/home/misys/forza_ws/race_stack/build/sector_tuner/prefix_override:/usr/lib/python3/dist-packages/colcon_core/task/python/colcon_distutils_commands:/home/misys/forza_ws/race_stack/install/sector_tuner/lib/python3.10/site-packages:${PYTHONPATH} /usr/bin/python3 -W ignore:setup.py install is deprecated -W ignore:easy_install command is deprecated setup.py egg_info --egg-base ../../../build/sector_tuner build --build-base /home/misys/forza_ws/race_stack/build/sector_tuner/build install --record /home/misys/forza_ws/race_stack/build/sector_tuner/install.log --single-version-externally-managed install_data
