[0.090s] Invoking command in '/home/misys/forza_ws/race_stack/build/teleop_tools_msgs': CMAKE_PREFIX_PATH=${CMAKE_PREFIX_PATH}:/home/misys/forza_ws/race_stack/install/f1tenth_stack:/home/misys/forza_ws/race_stack/install/joy_teleop:/home/misys/forza_ws/race_stack/install/steering_lookup:/home/misys/forza_ws/race_stack/install/state_machine:/home/misys/forza_ws/race_stack/install/slam_tuner:/home/misys/forza_ws/race_stack/install/state_estimation:/home/misys/forza_ws/race_stack/install/map_editor:/home/misys/forza_ws/race_stack/install/stack_master:/home/misys/forza_ws/race_stack/install/spline_planner:/home/misys/forza_ws/race_stack/install/sector_tuner:/home/misys/forza_ws/race_stack/install/perception:/home/misys/forza_ws/race_stack/install/particle_filter:/home/misys/forza_ws/race_stack/install/opponent_publisher:/home/misys/forza_ws/race_stack/install/mouse_teleop:/home/misys/forza_ws/race_stack/install/lap_analyser:/home/misys/forza_ws/race_stack/install/key_teleop:/home/misys/forza_ws/race_stack/install/id_controller:/home/misys/forza_ws/race_stack/install/global_planner:/home/misys/forza_ws/race_stack/install/frenet_odom_republisher:/home/misys/forza_ws/race_stack/install/frenet_conversion:/home/misys/forza_ws/race_stack/install/f1tenth_gym_ros:/home/misys/forza_ws/race_stack/install/controller:/opt/ros/humble /usr/bin/cmake --build /home/misys/forza_ws/race_stack/build/teleop_tools_msgs -- -j6 -l6
[0.956s] [  3%] Built target teleop_tools_msgs__cpp
[0.956s] [ 12%] Built target teleop_tools_msgs__rosidl_generator_c
[0.956s] [ 12%] Built target ament_cmake_python_copy_teleop_tools_msgs
[0.956s] [ 22%] Built target teleop_tools_msgs__rosidl_typesupport_introspection_cpp
[0.957s] [ 32%] Built target teleop_tools_msgs__rosidl_typesupport_introspection_c
[0.957s] [ 45%] Built target teleop_tools_msgs__rosidl_typesupport_cpp
[0.957s] [ 51%] Built target teleop_tools_msgs__rosidl_typesupport_fastrtps_cpp
[0.957s] [ 61%] Built target teleop_tools_msgs__rosidl_typesupport_fastrtps_c
[0.957s] [ 70%] Built target teleop_tools_msgs__rosidl_typesupport_c
[0.957s] [ 70%] Built target teleop_tools_msgs
[0.957s] [ 74%] Built target teleop_tools_msgs__py
[0.961s] [ 80%] Built target teleop_tools_msgs__rosidl_generator_py
[1.058s] [ 87%] Built target teleop_tools_msgs__rosidl_typesupport_fastrtps_c__pyext
[1.096s] [ 93%] Built target teleop_tools_msgs__rosidl_typesupport_introspection_c__pyext
[1.132s] [100%] Built target teleop_tools_msgs__rosidl_typesupport_c__pyext
[1.473s] running egg_info
[1.473s] writing teleop_tools_msgs.egg-info/PKG-INFO
[1.473s] writing dependency_links to teleop_tools_msgs.egg-info/dependency_links.txt
[1.474s] writing top-level names to teleop_tools_msgs.egg-info/top_level.txt
[1.479s] reading manifest file 'teleop_tools_msgs.egg-info/SOURCES.txt'
[1.480s] writing manifest file 'teleop_tools_msgs.egg-info/SOURCES.txt'
[1.566s] [100%] Built target ament_cmake_python_build_teleop_tools_msgs_egg
[1.844s] Invoked command in '/home/misys/forza_ws/race_stack/build/teleop_tools_msgs' returned '0': CMAKE_PREFIX_PATH=${CMAKE_PREFIX_PATH}:/home/misys/forza_ws/race_stack/install/f1tenth_stack:/home/misys/forza_ws/race_stack/install/joy_teleop:/home/misys/forza_ws/race_stack/install/steering_lookup:/home/misys/forza_ws/race_stack/install/state_machine:/home/misys/forza_ws/race_stack/install/slam_tuner:/home/misys/forza_ws/race_stack/install/state_estimation:/home/misys/forza_ws/race_stack/install/map_editor:/home/misys/forza_ws/race_stack/install/stack_master:/home/misys/forza_ws/race_stack/install/spline_planner:/home/misys/forza_ws/race_stack/install/sector_tuner:/home/misys/forza_ws/race_stack/install/perception:/home/misys/forza_ws/race_stack/install/particle_filter:/home/misys/forza_ws/race_stack/install/opponent_publisher:/home/misys/forza_ws/race_stack/install/mouse_teleop:/home/misys/forza_ws/race_stack/install/lap_analyser:/home/misys/forza_ws/race_stack/install/key_teleop:/home/misys/forza_ws/race_stack/install/id_controller:/home/misys/forza_ws/race_stack/install/global_planner:/home/misys/forza_ws/race_stack/install/frenet_odom_republisher:/home/misys/forza_ws/race_stack/install/frenet_conversion:/home/misys/forza_ws/race_stack/install/f1tenth_gym_ros:/home/misys/forza_ws/race_stack/install/controller:/opt/ros/humble /usr/bin/cmake --build /home/misys/forza_ws/race_stack/build/teleop_tools_msgs -- -j6 -l6
[1.849s] Invoking command in '/home/misys/forza_ws/race_stack/build/teleop_tools_msgs': CMAKE_PREFIX_PATH=${CMAKE_PREFIX_PATH}:/home/misys/forza_ws/race_stack/install/f1tenth_stack:/home/misys/forza_ws/race_stack/install/joy_teleop:/home/misys/forza_ws/race_stack/install/steering_lookup:/home/misys/forza_ws/race_stack/install/state_machine:/home/misys/forza_ws/race_stack/install/slam_tuner:/home/misys/forza_ws/race_stack/install/state_estimation:/home/misys/forza_ws/race_stack/install/map_editor:/home/misys/forza_ws/race_stack/install/stack_master:/home/misys/forza_ws/race_stack/install/spline_planner:/home/misys/forza_ws/race_stack/install/sector_tuner:/home/misys/forza_ws/race_stack/install/perception:/home/misys/forza_ws/race_stack/install/particle_filter:/home/misys/forza_ws/race_stack/install/opponent_publisher:/home/misys/forza_ws/race_stack/install/mouse_teleop:/home/misys/forza_ws/race_stack/install/lap_analyser:/home/misys/forza_ws/race_stack/install/key_teleop:/home/misys/forza_ws/race_stack/install/id_controller:/home/misys/forza_ws/race_stack/install/global_planner:/home/misys/forza_ws/race_stack/install/frenet_odom_republisher:/home/misys/forza_ws/race_stack/install/frenet_conversion:/home/misys/forza_ws/race_stack/install/f1tenth_gym_ros:/home/misys/forza_ws/race_stack/install/controller:/opt/ros/humble /usr/bin/cmake --install /home/misys/forza_ws/race_stack/build/teleop_tools_msgs
[1.872s] -- Install configuration: ""
[1.873s] -- Up-to-date: /home/misys/forza_ws/race_stack/install/teleop_tools_msgs/share/ament_index/resource_index/rosidl_interfaces/teleop_tools_msgs
[1.873s] -- Up-to-date: /home/misys/forza_ws/race_stack/install/teleop_tools_msgs/include/teleop_tools_msgs/teleop_tools_msgs
[1.873s] -- Up-to-date: /home/misys/forza_ws/race_stack/install/teleop_tools_msgs/include/teleop_tools_msgs/teleop_tools_msgs/action
[1.873s] -- Up-to-date: /home/misys/forza_ws/race_stack/install/teleop_tools_msgs/include/teleop_tools_msgs/teleop_tools_msgs/action/detail
[1.874s] -- Up-to-date: /home/misys/forza_ws/race_stack/install/teleop_tools_msgs/include/teleop_tools_msgs/teleop_tools_msgs/action/detail/increment__struct.h
[1.874s] -- Up-to-date: /home/misys/forza_ws/race_stack/install/teleop_tools_msgs/include/teleop_tools_msgs/teleop_tools_msgs/action/detail/increment__type_support.h
[1.874s] -- Up-to-date: /home/misys/forza_ws/race_stack/install/teleop_tools_msgs/include/teleop_tools_msgs/teleop_tools_msgs/action/detail/increment__functions.h
[1.874s] -- Up-to-date: /home/misys/forza_ws/race_stack/install/teleop_tools_msgs/include/teleop_tools_msgs/teleop_tools_msgs/action/detail/increment__functions.c
[1.874s] -- Up-to-date: /home/misys/forza_ws/race_stack/install/teleop_tools_msgs/include/teleop_tools_msgs/teleop_tools_msgs/action/increment.h
[1.874s] -- Up-to-date: /home/misys/forza_ws/race_stack/install/teleop_tools_msgs/include/teleop_tools_msgs/teleop_tools_msgs/msg
[1.874s] -- Up-to-date: /home/misys/forza_ws/race_stack/install/teleop_tools_msgs/include/teleop_tools_msgs/teleop_tools_msgs/msg/rosidl_generator_c__visibility_control.h
[1.874s] -- Up-to-date: /home/misys/forza_ws/race_stack/install/teleop_tools_msgs/share/teleop_tools_msgs/environment/library_path.sh
[1.874s] -- Up-to-date: /home/misys/forza_ws/race_stack/install/teleop_tools_msgs/share/teleop_tools_msgs/environment/library_path.dsv
[1.875s] -- Up-to-date: /home/misys/forza_ws/race_stack/install/teleop_tools_msgs/lib/libteleop_tools_msgs__rosidl_generator_c.so
[1.875s] -- Up-to-date: /home/misys/forza_ws/race_stack/install/teleop_tools_msgs/include/teleop_tools_msgs/teleop_tools_msgs
[1.875s] -- Up-to-date: /home/misys/forza_ws/race_stack/install/teleop_tools_msgs/include/teleop_tools_msgs/teleop_tools_msgs/action
[1.876s] -- Up-to-date: /home/misys/forza_ws/race_stack/install/teleop_tools_msgs/include/teleop_tools_msgs/teleop_tools_msgs/action/detail
[1.876s] -- Up-to-date: /home/misys/forza_ws/race_stack/install/teleop_tools_msgs/include/teleop_tools_msgs/teleop_tools_msgs/action/detail/increment__rosidl_typesupport_fastrtps_c.h
[1.876s] -- Up-to-date: /home/misys/forza_ws/race_stack/install/teleop_tools_msgs/include/teleop_tools_msgs/teleop_tools_msgs/msg
[1.877s] -- Up-to-date: /home/misys/forza_ws/race_stack/install/teleop_tools_msgs/include/teleop_tools_msgs/teleop_tools_msgs/msg/rosidl_typesupport_fastrtps_c__visibility_control.h
[1.877s] -- Up-to-date: /home/misys/forza_ws/race_stack/install/teleop_tools_msgs/lib/libteleop_tools_msgs__rosidl_typesupport_fastrtps_c.so
[1.879s] -- Up-to-date: /home/misys/forza_ws/race_stack/install/teleop_tools_msgs/include/teleop_tools_msgs/teleop_tools_msgs
[1.879s] -- Up-to-date: /home/misys/forza_ws/race_stack/install/teleop_tools_msgs/include/teleop_tools_msgs/teleop_tools_msgs/action
[1.879s] -- Up-to-date: /home/misys/forza_ws/race_stack/install/teleop_tools_msgs/include/teleop_tools_msgs/teleop_tools_msgs/action/detail
[1.940s] -- Up-to-date: /home/misys/forza_ws/race_stack/install/teleop_tools_msgs/include/teleop_tools_msgs/teleop_tools_msgs/action/detail/increment__rosidl_typesupport_introspection_c.h
[1.941s] -- Up-to-date: /home/misys/forza_ws/race_stack/install/teleop_tools_msgs/include/teleop_tools_msgs/teleop_tools_msgs/action/detail/increment__type_support.c
[1.942s] -- Up-to-date: /home/misys/forza_ws/race_stack/install/teleop_tools_msgs/include/teleop_tools_msgs/teleop_tools_msgs/msg
[1.956s] -- Up-to-date: /home/misys/forza_ws/race_stack/install/teleop_tools_msgs/include/teleop_tools_msgs/teleop_tools_msgs/msg/rosidl_typesupport_introspection_c__visibility_control.h
[1.959s] -- Up-to-date: /home/misys/forza_ws/race_stack/install/teleop_tools_msgs/lib/libteleop_tools_msgs__rosidl_typesupport_introspection_c.so
[1.962s] -- Up-to-date: /home/misys/forza_ws/race_stack/install/teleop_tools_msgs/lib/libteleop_tools_msgs__rosidl_typesupport_c.so
[1.966s] -- Up-to-date: /home/misys/forza_ws/race_stack/install/teleop_tools_msgs/include/teleop_tools_msgs/teleop_tools_msgs
[1.979s] -- Up-to-date: /home/misys/forza_ws/race_stack/install/teleop_tools_msgs/include/teleop_tools_msgs/teleop_tools_msgs/action
[1.980s] -- Up-to-date: /home/misys/forza_ws/race_stack/install/teleop_tools_msgs/include/teleop_tools_msgs/teleop_tools_msgs/action/detail
[1.980s] -- Up-to-date: /home/misys/forza_ws/race_stack/install/teleop_tools_msgs/include/teleop_tools_msgs/teleop_tools_msgs/action/detail/increment__builder.hpp
[1.980s] -- Up-to-date: /home/misys/forza_ws/race_stack/install/teleop_tools_msgs/include/teleop_tools_msgs/teleop_tools_msgs/action/detail/increment__traits.hpp
[1.981s] -- Up-to-date: /home/misys/forza_ws/race_stack/install/teleop_tools_msgs/include/teleop_tools_msgs/teleop_tools_msgs/action/detail/increment__struct.hpp
[1.981s] -- Up-to-date: /home/misys/forza_ws/race_stack/install/teleop_tools_msgs/include/teleop_tools_msgs/teleop_tools_msgs/action/detail/increment__type_support.hpp
[1.982s] -- Up-to-date: /home/misys/forza_ws/race_stack/install/teleop_tools_msgs/include/teleop_tools_msgs/teleop_tools_msgs/action/increment.hpp
[1.982s] -- Up-to-date: /home/misys/forza_ws/race_stack/install/teleop_tools_msgs/include/teleop_tools_msgs/teleop_tools_msgs/msg
[1.982s] -- Up-to-date: /home/misys/forza_ws/race_stack/install/teleop_tools_msgs/include/teleop_tools_msgs/teleop_tools_msgs/msg/rosidl_generator_cpp__visibility_control.hpp
[1.982s] -- Up-to-date: /home/misys/forza_ws/race_stack/install/teleop_tools_msgs/include/teleop_tools_msgs/teleop_tools_msgs
[1.982s] -- Up-to-date: /home/misys/forza_ws/race_stack/install/teleop_tools_msgs/include/teleop_tools_msgs/teleop_tools_msgs/action
[1.982s] -- Up-to-date: /home/misys/forza_ws/race_stack/install/teleop_tools_msgs/include/teleop_tools_msgs/teleop_tools_msgs/action/detail
[1.982s] -- Up-to-date: /home/misys/forza_ws/race_stack/install/teleop_tools_msgs/include/teleop_tools_msgs/teleop_tools_msgs/action/detail/increment__rosidl_typesupport_fastrtps_cpp.hpp
[1.982s] -- Up-to-date: /home/misys/forza_ws/race_stack/install/teleop_tools_msgs/include/teleop_tools_msgs/teleop_tools_msgs/action/detail/dds_fastrtps
[1.982s] -- Up-to-date: /home/misys/forza_ws/race_stack/install/teleop_tools_msgs/include/teleop_tools_msgs/teleop_tools_msgs/msg
[1.983s] -- Up-to-date: /home/misys/forza_ws/race_stack/install/teleop_tools_msgs/include/teleop_tools_msgs/teleop_tools_msgs/msg/rosidl_typesupport_fastrtps_cpp__visibility_control.h
[2.008s] -- Up-to-date: /home/misys/forza_ws/race_stack/install/teleop_tools_msgs/lib/libteleop_tools_msgs__rosidl_typesupport_fastrtps_cpp.so
[2.008s] -- Up-to-date: /home/misys/forza_ws/race_stack/install/teleop_tools_msgs/include/teleop_tools_msgs/teleop_tools_msgs
[2.008s] -- Up-to-date: /home/misys/forza_ws/race_stack/install/teleop_tools_msgs/include/teleop_tools_msgs/teleop_tools_msgs/action
[2.008s] -- Up-to-date: /home/misys/forza_ws/race_stack/install/teleop_tools_msgs/include/teleop_tools_msgs/teleop_tools_msgs/action/detail
[2.008s] -- Up-to-date: /home/misys/forza_ws/race_stack/install/teleop_tools_msgs/include/teleop_tools_msgs/teleop_tools_msgs/action/detail/increment__type_support.cpp
[2.008s] -- Up-to-date: /home/misys/forza_ws/race_stack/install/teleop_tools_msgs/include/teleop_tools_msgs/teleop_tools_msgs/action/detail/increment__rosidl_typesupport_introspection_cpp.hpp
[2.010s] -- Up-to-date: /home/misys/forza_ws/race_stack/install/teleop_tools_msgs/lib/libteleop_tools_msgs__rosidl_typesupport_introspection_cpp.so
[2.011s] -- Up-to-date: /home/misys/forza_ws/race_stack/install/teleop_tools_msgs/lib/libteleop_tools_msgs__rosidl_typesupport_cpp.so
[2.011s] -- Up-to-date: /home/misys/forza_ws/race_stack/install/teleop_tools_msgs/share/teleop_tools_msgs/environment/pythonpath.sh
[2.011s] -- Up-to-date: /home/misys/forza_ws/race_stack/install/teleop_tools_msgs/share/teleop_tools_msgs/environment/pythonpath.dsv
[2.011s] -- Up-to-date: /home/misys/forza_ws/race_stack/install/teleop_tools_msgs/local/lib/python3.10/dist-packages/teleop_tools_msgs-1.5.0-py3.10.egg-info
[2.011s] -- Installing: /home/misys/forza_ws/race_stack/install/teleop_tools_msgs/local/lib/python3.10/dist-packages/teleop_tools_msgs-1.5.0-py3.10.egg-info/dependency_links.txt
[2.011s] -- Installing: /home/misys/forza_ws/race_stack/install/teleop_tools_msgs/local/lib/python3.10/dist-packages/teleop_tools_msgs-1.5.0-py3.10.egg-info/PKG-INFO
[2.011s] -- Installing: /home/misys/forza_ws/race_stack/install/teleop_tools_msgs/local/lib/python3.10/dist-packages/teleop_tools_msgs-1.5.0-py3.10.egg-info/top_level.txt
[2.012s] -- Installing: /home/misys/forza_ws/race_stack/install/teleop_tools_msgs/local/lib/python3.10/dist-packages/teleop_tools_msgs-1.5.0-py3.10.egg-info/SOURCES.txt
[2.012s] -- Up-to-date: /home/misys/forza_ws/race_stack/install/teleop_tools_msgs/local/lib/python3.10/dist-packages/teleop_tools_msgs
[2.012s] -- Up-to-date: /home/misys/forza_ws/race_stack/install/teleop_tools_msgs/local/lib/python3.10/dist-packages/teleop_tools_msgs/_teleop_tools_msgs_s.ep.rosidl_typesupport_c.c
[2.012s] -- Up-to-date: /home/misys/forza_ws/race_stack/install/teleop_tools_msgs/local/lib/python3.10/dist-packages/teleop_tools_msgs/teleop_tools_msgs_s__rosidl_typesupport_introspection_c.cpython-310-aarch64-linux-gnu.so
[2.012s] -- Up-to-date: /home/misys/forza_ws/race_stack/install/teleop_tools_msgs/local/lib/python3.10/dist-packages/teleop_tools_msgs/teleop_tools_msgs_s__rosidl_typesupport_fastrtps_c.cpython-310-aarch64-linux-gnu.so
[2.012s] -- Up-to-date: /home/misys/forza_ws/race_stack/install/teleop_tools_msgs/local/lib/python3.10/dist-packages/teleop_tools_msgs/libteleop_tools_msgs__rosidl_generator_py.so
[2.012s] -- Up-to-date: /home/misys/forza_ws/race_stack/install/teleop_tools_msgs/local/lib/python3.10/dist-packages/teleop_tools_msgs/_teleop_tools_msgs_s.ep.rosidl_typesupport_introspection_c.c
[2.012s] -- Up-to-date: /home/misys/forza_ws/race_stack/install/teleop_tools_msgs/local/lib/python3.10/dist-packages/teleop_tools_msgs/_teleop_tools_msgs_s.ep.rosidl_typesupport_fastrtps_c.c
[2.012s] -- Up-to-date: /home/misys/forza_ws/race_stack/install/teleop_tools_msgs/local/lib/python3.10/dist-packages/teleop_tools_msgs/action
[2.013s] -- Up-to-date: /home/misys/forza_ws/race_stack/install/teleop_tools_msgs/local/lib/python3.10/dist-packages/teleop_tools_msgs/action/_increment.py
[2.013s] -- Up-to-date: /home/misys/forza_ws/race_stack/install/teleop_tools_msgs/local/lib/python3.10/dist-packages/teleop_tools_msgs/action/_increment_s.c
[2.013s] -- Up-to-date: /home/misys/forza_ws/race_stack/install/teleop_tools_msgs/local/lib/python3.10/dist-packages/teleop_tools_msgs/action/__init__.py
[2.013s] -- Up-to-date: /home/misys/forza_ws/race_stack/install/teleop_tools_msgs/local/lib/python3.10/dist-packages/teleop_tools_msgs/__init__.py
[2.013s] -- Up-to-date: /home/misys/forza_ws/race_stack/install/teleop_tools_msgs/local/lib/python3.10/dist-packages/teleop_tools_msgs/teleop_tools_msgs_s__rosidl_typesupport_c.cpython-310-aarch64-linux-gnu.so
[2.144s] Listing '/home/misys/forza_ws/race_stack/install/teleop_tools_msgs/local/lib/python3.10/dist-packages/teleop_tools_msgs'...
[2.144s] Listing '/home/misys/forza_ws/race_stack/install/teleop_tools_msgs/local/lib/python3.10/dist-packages/teleop_tools_msgs/action'...
[2.159s] -- Up-to-date: /home/misys/forza_ws/race_stack/install/teleop_tools_msgs/local/lib/python3.10/dist-packages/teleop_tools_msgs/teleop_tools_msgs_s__rosidl_typesupport_fastrtps_c.cpython-310-aarch64-linux-gnu.so
[2.160s] -- Up-to-date: /home/misys/forza_ws/race_stack/install/teleop_tools_msgs/local/lib/python3.10/dist-packages/teleop_tools_msgs/teleop_tools_msgs_s__rosidl_typesupport_introspection_c.cpython-310-aarch64-linux-gnu.so
[2.161s] -- Up-to-date: /home/misys/forza_ws/race_stack/install/teleop_tools_msgs/local/lib/python3.10/dist-packages/teleop_tools_msgs/teleop_tools_msgs_s__rosidl_typesupport_c.cpython-310-aarch64-linux-gnu.so
[2.163s] -- Up-to-date: /home/misys/forza_ws/race_stack/install/teleop_tools_msgs/lib/libteleop_tools_msgs__rosidl_generator_py.so
[2.164s] -- Up-to-date: /home/misys/forza_ws/race_stack/install/teleop_tools_msgs/share/teleop_tools_msgs/action/Increment.idl
[2.164s] -- Up-to-date: /home/misys/forza_ws/race_stack/install/teleop_tools_msgs/share/teleop_tools_msgs/action/Increment.action
[2.164s] -- Up-to-date: /home/misys/forza_ws/race_stack/install/teleop_tools_msgs/share/ament_index/resource_index/package_run_dependencies/teleop_tools_msgs
[2.164s] -- Up-to-date: /home/misys/forza_ws/race_stack/install/teleop_tools_msgs/share/ament_index/resource_index/parent_prefix_path/teleop_tools_msgs
[2.165s] -- Up-to-date: /home/misys/forza_ws/race_stack/install/teleop_tools_msgs/share/teleop_tools_msgs/environment/ament_prefix_path.sh
[2.165s] -- Up-to-date: /home/misys/forza_ws/race_stack/install/teleop_tools_msgs/share/teleop_tools_msgs/environment/ament_prefix_path.dsv
[2.165s] -- Up-to-date: /home/misys/forza_ws/race_stack/install/teleop_tools_msgs/share/teleop_tools_msgs/environment/path.sh
[2.165s] -- Up-to-date: /home/misys/forza_ws/race_stack/install/teleop_tools_msgs/share/teleop_tools_msgs/environment/path.dsv
[2.165s] -- Up-to-date: /home/misys/forza_ws/race_stack/install/teleop_tools_msgs/share/teleop_tools_msgs/local_setup.bash
[2.165s] -- Up-to-date: /home/misys/forza_ws/race_stack/install/teleop_tools_msgs/share/teleop_tools_msgs/local_setup.sh
[2.165s] -- Up-to-date: /home/misys/forza_ws/race_stack/install/teleop_tools_msgs/share/teleop_tools_msgs/local_setup.zsh
[2.166s] -- Up-to-date: /home/misys/forza_ws/race_stack/install/teleop_tools_msgs/share/teleop_tools_msgs/local_setup.dsv
[2.166s] -- Installing: /home/misys/forza_ws/race_stack/install/teleop_tools_msgs/share/teleop_tools_msgs/package.dsv
[2.170s] -- Up-to-date: /home/misys/forza_ws/race_stack/install/teleop_tools_msgs/share/ament_index/resource_index/packages/teleop_tools_msgs
[2.171s] -- Up-to-date: /home/misys/forza_ws/race_stack/install/teleop_tools_msgs/share/teleop_tools_msgs/cmake/export_teleop_tools_msgs__rosidl_generator_cExport.cmake
[2.171s] -- Up-to-date: /home/misys/forza_ws/race_stack/install/teleop_tools_msgs/share/teleop_tools_msgs/cmake/export_teleop_tools_msgs__rosidl_generator_cExport-noconfig.cmake
[2.172s] -- Up-to-date: /home/misys/forza_ws/race_stack/install/teleop_tools_msgs/share/teleop_tools_msgs/cmake/export_teleop_tools_msgs__rosidl_typesupport_fastrtps_cExport.cmake
[2.172s] -- Up-to-date: /home/misys/forza_ws/race_stack/install/teleop_tools_msgs/share/teleop_tools_msgs/cmake/export_teleop_tools_msgs__rosidl_typesupport_fastrtps_cExport-noconfig.cmake
[2.173s] -- Up-to-date: /home/misys/forza_ws/race_stack/install/teleop_tools_msgs/share/teleop_tools_msgs/cmake/teleop_tools_msgs__rosidl_typesupport_introspection_cExport.cmake
[2.173s] -- Up-to-date: /home/misys/forza_ws/race_stack/install/teleop_tools_msgs/share/teleop_tools_msgs/cmake/teleop_tools_msgs__rosidl_typesupport_introspection_cExport-noconfig.cmake
[2.173s] -- Up-to-date: /home/misys/forza_ws/race_stack/install/teleop_tools_msgs/share/teleop_tools_msgs/cmake/teleop_tools_msgs__rosidl_typesupport_cExport.cmake
[2.173s] -- Up-to-date: /home/misys/forza_ws/race_stack/install/teleop_tools_msgs/share/teleop_tools_msgs/cmake/teleop_tools_msgs__rosidl_typesupport_cExport-noconfig.cmake
[2.174s] -- Up-to-date: /home/misys/forza_ws/race_stack/install/teleop_tools_msgs/share/teleop_tools_msgs/cmake/export_teleop_tools_msgs__rosidl_generator_cppExport.cmake
[2.174s] -- Up-to-date: /home/misys/forza_ws/race_stack/install/teleop_tools_msgs/share/teleop_tools_msgs/cmake/export_teleop_tools_msgs__rosidl_typesupport_fastrtps_cppExport.cmake
[2.175s] -- Up-to-date: /home/misys/forza_ws/race_stack/install/teleop_tools_msgs/share/teleop_tools_msgs/cmake/export_teleop_tools_msgs__rosidl_typesupport_fastrtps_cppExport-noconfig.cmake
[2.175s] -- Up-to-date: /home/misys/forza_ws/race_stack/install/teleop_tools_msgs/share/teleop_tools_msgs/cmake/teleop_tools_msgs__rosidl_typesupport_introspection_cppExport.cmake
[2.175s] -- Up-to-date: /home/misys/forza_ws/race_stack/install/teleop_tools_msgs/share/teleop_tools_msgs/cmake/teleop_tools_msgs__rosidl_typesupport_introspection_cppExport-noconfig.cmake
[2.180s] -- Up-to-date: /home/misys/forza_ws/race_stack/install/teleop_tools_msgs/share/teleop_tools_msgs/cmake/teleop_tools_msgs__rosidl_typesupport_cppExport.cmake
[2.180s] -- Up-to-date: /home/misys/forza_ws/race_stack/install/teleop_tools_msgs/share/teleop_tools_msgs/cmake/teleop_tools_msgs__rosidl_typesupport_cppExport-noconfig.cmake
[2.181s] -- Up-to-date: /home/misys/forza_ws/race_stack/install/teleop_tools_msgs/share/teleop_tools_msgs/cmake/export_teleop_tools_msgs__rosidl_generator_pyExport.cmake
[2.182s] -- Up-to-date: /home/misys/forza_ws/race_stack/install/teleop_tools_msgs/share/teleop_tools_msgs/cmake/export_teleop_tools_msgs__rosidl_generator_pyExport-noconfig.cmake
[2.183s] -- Up-to-date: /home/misys/forza_ws/race_stack/install/teleop_tools_msgs/share/teleop_tools_msgs/cmake/rosidl_cmake-extras.cmake
[2.183s] -- Up-to-date: /home/misys/forza_ws/race_stack/install/teleop_tools_msgs/share/teleop_tools_msgs/cmake/ament_cmake_export_dependencies-extras.cmake
[2.184s] -- Up-to-date: /home/misys/forza_ws/race_stack/install/teleop_tools_msgs/share/teleop_tools_msgs/cmake/ament_cmake_export_include_directories-extras.cmake
[2.184s] -- Up-to-date: /home/misys/forza_ws/race_stack/install/teleop_tools_msgs/share/teleop_tools_msgs/cmake/ament_cmake_export_libraries-extras.cmake
[2.185s] -- Up-to-date: /home/misys/forza_ws/race_stack/install/teleop_tools_msgs/share/teleop_tools_msgs/cmake/ament_cmake_export_targets-extras.cmake
[2.185s] -- Up-to-date: /home/misys/forza_ws/race_stack/install/teleop_tools_msgs/share/teleop_tools_msgs/cmake/rosidl_cmake_export_typesupport_targets-extras.cmake
[2.186s] -- Up-to-date: /home/misys/forza_ws/race_stack/install/teleop_tools_msgs/share/teleop_tools_msgs/cmake/rosidl_cmake_export_typesupport_libraries-extras.cmake
[2.186s] -- Up-to-date: /home/misys/forza_ws/race_stack/install/teleop_tools_msgs/share/teleop_tools_msgs/cmake/teleop_tools_msgsConfig.cmake
[2.187s] -- Up-to-date: /home/misys/forza_ws/race_stack/install/teleop_tools_msgs/share/teleop_tools_msgs/cmake/teleop_tools_msgsConfig-version.cmake
[2.187s] -- Up-to-date: /home/misys/forza_ws/race_stack/install/teleop_tools_msgs/share/teleop_tools_msgs/package.xml
[2.956s] Invoked command in '/home/misys/forza_ws/race_stack/build/teleop_tools_msgs' returned '0': CMAKE_PREFIX_PATH=${CMAKE_PREFIX_PATH}:/home/misys/forza_ws/race_stack/install/f1tenth_stack:/home/misys/forza_ws/race_stack/install/joy_teleop:/home/misys/forza_ws/race_stack/install/steering_lookup:/home/misys/forza_ws/race_stack/install/state_machine:/home/misys/forza_ws/race_stack/install/slam_tuner:/home/misys/forza_ws/race_stack/install/state_estimation:/home/misys/forza_ws/race_stack/install/map_editor:/home/misys/forza_ws/race_stack/install/stack_master:/home/misys/forza_ws/race_stack/install/spline_planner:/home/misys/forza_ws/race_stack/install/sector_tuner:/home/misys/forza_ws/race_stack/install/perception:/home/misys/forza_ws/race_stack/install/particle_filter:/home/misys/forza_ws/race_stack/install/opponent_publisher:/home/misys/forza_ws/race_stack/install/mouse_teleop:/home/misys/forza_ws/race_stack/install/lap_analyser:/home/misys/forza_ws/race_stack/install/key_teleop:/home/misys/forza_ws/race_stack/install/id_controller:/home/misys/forza_ws/race_stack/install/global_planner:/home/misys/forza_ws/race_stack/install/frenet_odom_republisher:/home/misys/forza_ws/race_stack/install/frenet_conversion:/home/misys/forza_ws/race_stack/install/f1tenth_gym_ros:/home/misys/forza_ws/race_stack/install/controller:/opt/ros/humble /usr/bin/cmake --install /home/misys/forza_ws/race_stack/build/teleop_tools_msgs
