[3.804s] Invoking command in '/home/misys/forza_ws/race_stack/planner/global_planner': PYTHONPATH=/home/misys/forza_ws/race_stack/build/global_planner/prefix_override:/usr/lib/python3/dist-packages/colcon_core/task/python/colcon_distutils_commands:/home/misys/forza_ws/race_stack/install/global_planner/lib/python3.10/site-packages:${PYTHONPATH} /usr/bin/python3 -W ignore:setup.py install is deprecated -W ignore:easy_install command is deprecated setup.py egg_info --egg-base ../../build/global_planner build --build-base /home/misys/forza_ws/race_stack/build/global_planner/build install --record /home/misys/forza_ws/race_stack/build/global_planner/install.log --single-version-externally-managed install_data
[4.599s] running egg_info
[4.601s] writing ../../build/global_planner/global_planner.egg-info/PKG-INFO
[4.601s] writing dependency_links to ../../build/global_planner/global_planner.egg-info/dependency_links.txt
[4.602s] writing entry points to ../../build/global_planner/global_planner.egg-info/entry_points.txt
[4.602s] writing requirements to ../../build/global_planner/global_planner.egg-info/requires.txt
[4.603s] writing top-level names to ../../build/global_planner/global_planner.egg-info/top_level.txt
[4.607s] reading manifest file '../../build/global_planner/global_planner.egg-info/SOURCES.txt'
[4.608s] adding license file 'LICENSE'
[4.609s] writing manifest file '../../build/global_planner/global_planner.egg-info/SOURCES.txt'
[4.610s] running build
[4.610s] running build_py
[4.612s] running install
[4.613s] running install_lib
[4.618s] running install_data
[4.618s] running install_egg_info
[4.625s] removing '/home/misys/forza_ws/race_stack/install/global_planner/lib/python3.10/site-packages/global_planner-0.0.0-py3.10.egg-info' (and everything under it)
[4.626s] Copying ../../build/global_planner/global_planner.egg-info to /home/misys/forza_ws/race_stack/install/global_planner/lib/python3.10/site-packages/global_planner-0.0.0-py3.10.egg-info
[4.629s] running install_scripts
[4.680s] Installing global_planner script to /home/misys/forza_ws/race_stack/install/global_planner/lib/global_planner
[4.681s] Installing global_trajectory_publisher script to /home/misys/forza_ws/race_stack/install/global_planner/lib/global_planner
[4.683s] writing list of installed files to '/home/misys/forza_ws/race_stack/build/global_planner/install.log'
[5.112s] Invoked command in '/home/misys/forza_ws/race_stack/planner/global_planner' returned '0': PYTHONPATH=/home/misys/forza_ws/race_stack/build/global_planner/prefix_override:/usr/lib/python3/dist-packages/colcon_core/task/python/colcon_distutils_commands:/home/misys/forza_ws/race_stack/install/global_planner/lib/python3.10/site-packages:${PYTHONPATH} /usr/bin/python3 -W ignore:setup.py install is deprecated -W ignore:easy_install command is deprecated setup.py egg_info --egg-base ../../build/global_planner build --build-base /home/misys/forza_ws/race_stack/build/global_planner/build install --record /home/misys/forza_ws/race_stack/build/global_planner/install.log --single-version-externally-managed install_data
