[4.563s] Invoking command in '/home/misys/forza_ws/race_stack/utilities/libraries/frenet_conversion': PYTHONPATH=/home/misys/forza_ws/race_stack/build/frenet_conversion/prefix_override:/usr/lib/python3/dist-packages/colcon_core/task/python/colcon_distutils_commands:/home/misys/forza_ws/race_stack/install/frenet_conversion/lib/python3.10/site-packages:${PYTHONPATH} /usr/bin/python3 -W ignore:setup.py install is deprecated -W ignore:easy_install command is deprecated setup.py egg_info --egg-base ../../../build/frenet_conversion build --build-base /home/misys/forza_ws/race_stack/build/frenet_conversion/build install --record /home/misys/forza_ws/race_stack/build/frenet_conversion/install.log --single-version-externally-managed install_data
[5.326s] running egg_info
[5.328s] writing ../../../build/frenet_conversion/frenet_conversion.egg-info/PKG-INFO
[5.328s] writing dependency_links to ../../../build/frenet_conversion/frenet_conversion.egg-info/dependency_links.txt
[5.329s] writing entry points to ../../../build/frenet_conversion/frenet_conversion.egg-info/entry_points.txt
[5.329s] writing requirements to ../../../build/frenet_conversion/frenet_conversion.egg-info/requires.txt
[5.329s] writing top-level names to ../../../build/frenet_conversion/frenet_conversion.egg-info/top_level.txt
[5.334s] reading manifest file '../../../build/frenet_conversion/frenet_conversion.egg-info/SOURCES.txt'
[5.335s] writing manifest file '../../../build/frenet_conversion/frenet_conversion.egg-info/SOURCES.txt'
[5.336s] running build
[5.336s] running build_py
[5.336s] running install
[5.337s] running install_lib
[5.341s] running install_data
[5.341s] running install_egg_info
[5.346s] removing '/home/misys/forza_ws/race_stack/install/frenet_conversion/lib/python3.10/site-packages/frenet_conversion-0.0.0-py3.10.egg-info' (and everything under it)
[5.347s] Copying ../../../build/frenet_conversion/frenet_conversion.egg-info to /home/misys/forza_ws/race_stack/install/frenet_conversion/lib/python3.10/site-packages/frenet_conversion-0.0.0-py3.10.egg-info
[5.350s] running install_scripts
[5.403s] Installing frenet_converter_demo script to /home/misys/forza_ws/race_stack/install/frenet_conversion/lib/frenet_conversion
[5.404s] writing list of installed files to '/home/misys/forza_ws/race_stack/build/frenet_conversion/install.log'
[5.535s] Invoked command in '/home/misys/forza_ws/race_stack/utilities/libraries/frenet_conversion' returned '0': PYTHONPATH=/home/misys/forza_ws/race_stack/build/frenet_conversion/prefix_override:/usr/lib/python3/dist-packages/colcon_core/task/python/colcon_distutils_commands:/home/misys/forza_ws/race_stack/install/frenet_conversion/lib/python3.10/site-packages:${PYTHONPATH} /usr/bin/python3 -W ignore:setup.py install is deprecated -W ignore:easy_install command is deprecated setup.py egg_info --egg-base ../../../build/frenet_conversion build --build-base /home/misys/forza_ws/race_stack/build/frenet_conversion/build install --record /home/misys/forza_ws/race_stack/build/frenet_conversion/install.log --single-version-externally-managed install_data
