[5.325s] Invoking command in '/home/misys/forza_ws/race_stack/controller': PYTHONPATH=/home/misys/forza_ws/race_stack/build/controller/prefix_override:/usr/lib/python3/dist-packages/colcon_core/task/python/colcon_distutils_commands:/home/misys/forza_ws/race_stack/install/controller/lib/python3.10/site-packages:${PYTHONPATH} /usr/bin/python3 -W ignore:setup.py install is deprecated -W ignore:easy_install command is deprecated setup.py egg_info --egg-base ../build/controller build --build-base /home/misys/forza_ws/race_stack/build/controller/build install --record /home/misys/forza_ws/race_stack/build/controller/install.log --single-version-externally-managed install_data
[6.102s] running egg_info
[6.103s] writing ../build/controller/controller.egg-info/PKG-INFO
[6.104s] writing dependency_links to ../build/controller/controller.egg-info/dependency_links.txt
[6.104s] writing entry points to ../build/controller/controller.egg-info/entry_points.txt
[6.105s] writing requirements to ../build/controller/controller.egg-info/requires.txt
[6.105s] writing top-level names to ../build/controller/controller.egg-info/top_level.txt
[6.110s] reading manifest file '../build/controller/controller.egg-info/SOURCES.txt'
[6.111s] adding license file 'LICENSE'
[6.112s] writing manifest file '../build/controller/controller.egg-info/SOURCES.txt'
[6.112s] running build
[6.113s] running build_py
[6.113s] running install
[6.114s] running install_lib
[6.118s] running install_data
[6.119s] running install_egg_info
[6.124s] removing '/home/misys/forza_ws/race_stack/install/controller/lib/python3.10/site-packages/controller-0.0.0-py3.10.egg-info' (and everything under it)
[6.125s] Copying ../build/controller/controller.egg-info to /home/misys/forza_ws/race_stack/install/controller/lib/python3.10/site-packages/controller-0.0.0-py3.10.egg-info
[6.127s] running install_scripts
[6.189s] Installing controller script to /home/misys/forza_ws/race_stack/install/controller/lib/controller
[6.190s] writing list of installed files to '/home/misys/forza_ws/race_stack/build/controller/install.log'
[6.402s] Invoked command in '/home/misys/forza_ws/race_stack/controller' returned '0': PYTHONPATH=/home/misys/forza_ws/race_stack/build/controller/prefix_override:/usr/lib/python3/dist-packages/colcon_core/task/python/colcon_distutils_commands:/home/misys/forza_ws/race_stack/install/controller/lib/python3.10/site-packages:${PYTHONPATH} /usr/bin/python3 -W ignore:setup.py install is deprecated -W ignore:easy_install command is deprecated setup.py egg_info --egg-base ../build/controller build --build-base /home/misys/forza_ws/race_stack/build/controller/build install --record /home/misys/forza_ws/race_stack/build/controller/install.log --single-version-externally-managed install_data
