[4.564s] Invoking command in '/home/misys/forza_ws/race_stack/system_identification/steering_lookup': PYTHONPATH=/home/misys/forza_ws/race_stack/build/steering_lookup/prefix_override:/usr/lib/python3/dist-packages/colcon_core/task/python/colcon_distutils_commands:/home/misys/forza_ws/race_stack/install/steering_lookup/lib/python3.10/site-packages:${PYTHONPATH} /usr/bin/python3 -W ignore:setup.py install is deprecated -W ignore:easy_install command is deprecated setup.py egg_info --egg-base ../../build/steering_lookup build --build-base /home/misys/forza_ws/race_stack/build/steering_lookup/build install --record /home/misys/forza_ws/race_stack/build/steering_lookup/install.log --single-version-externally-managed install_data
[5.329s] running egg_info
[5.331s] writing ../../build/steering_lookup/steering_lookup.egg-info/PKG-INFO
[5.331s] writing dependency_links to ../../build/steering_lookup/steering_lookup.egg-info/dependency_links.txt
[5.332s] writing requirements to ../../build/steering_lookup/steering_lookup.egg-info/requires.txt
[5.333s] writing top-level names to ../../build/steering_lookup/steering_lookup.egg-info/top_level.txt
[5.339s] reading manifest file '../../build/steering_lookup/steering_lookup.egg-info/SOURCES.txt'
[5.340s] adding license file 'LICENSE'
[5.342s] writing manifest file '../../build/steering_lookup/steering_lookup.egg-info/SOURCES.txt'
[5.343s] running build
[5.344s] running build_py
[5.345s] running install
[5.347s] running install_lib
[5.352s] running install_data
[5.353s] running install_egg_info
[5.358s] removing '/home/misys/forza_ws/race_stack/install/steering_lookup/lib/python3.10/site-packages/steering_lookup-0.0.0-py3.10.egg-info' (and everything under it)
[5.371s] Copying ../../build/steering_lookup/steering_lookup.egg-info to /home/misys/forza_ws/race_stack/install/steering_lookup/lib/python3.10/site-packages/steering_lookup-0.0.0-py3.10.egg-info
[5.377s] running install_scripts
[5.445s] writing list of installed files to '/home/misys/forza_ws/race_stack/build/steering_lookup/install.log'
[5.624s] Invoked command in '/home/misys/forza_ws/race_stack/system_identification/steering_lookup' returned '0': PYTHONPATH=/home/misys/forza_ws/race_stack/build/steering_lookup/prefix_override:/usr/lib/python3/dist-packages/colcon_core/task/python/colcon_distutils_commands:/home/misys/forza_ws/race_stack/install/steering_lookup/lib/python3.10/site-packages:${PYTHONPATH} /usr/bin/python3 -W ignore:setup.py install is deprecated -W ignore:easy_install command is deprecated setup.py egg_info --egg-base ../../build/steering_lookup build --build-base /home/misys/forza_ws/race_stack/build/steering_lookup/build install --record /home/misys/forza_ws/race_stack/build/steering_lookup/install.log --single-version-externally-managed install_data
