[4.983s] Invoking command in '/home/misys/forza_ws/race_stack/state_estimation': PYTHONPATH=/home/misys/forza_ws/race_stack/build/state_estimation/prefix_override:/usr/lib/python3/dist-packages/colcon_core/task/python/colcon_distutils_commands:/home/misys/forza_ws/race_stack/install/state_estimation/lib/python3.10/site-packages:${PYTHONPATH} /usr/bin/python3 -W ignore:setup.py install is deprecated -W ignore:easy_install command is deprecated setup.py egg_info --egg-base ../build/state_estimation build --build-base /home/misys/forza_ws/race_stack/build/state_estimation/build install --record /home/misys/forza_ws/race_stack/build/state_estimation/install.log --single-version-externally-managed install_data
[5.813s] running egg_info
[5.815s] writing ../build/state_estimation/state_estimation.egg-info/PKG-INFO
[5.815s] writing dependency_links to ../build/state_estimation/state_estimation.egg-info/dependency_links.txt
[5.817s] writing entry points to ../build/state_estimation/state_estimation.egg-info/entry_points.txt
[5.817s] writing requirements to ../build/state_estimation/state_estimation.egg-info/requires.txt
[5.817s] writing top-level names to ../build/state_estimation/state_estimation.egg-info/top_level.txt
[5.820s] reading manifest file '../build/state_estimation/state_estimation.egg-info/SOURCES.txt'
[5.822s] adding license file 'LICENSE'
[5.824s] writing manifest file '../build/state_estimation/state_estimation.egg-info/SOURCES.txt'
[5.825s] running build
[5.825s] running build_py
[5.826s] running install
[5.826s] running install_lib
[5.829s] running install_data
[5.830s] running install_egg_info
[5.834s] removing '/home/misys/forza_ws/race_stack/install/state_estimation/lib/python3.10/site-packages/state_estimation-0.0.0-py3.10.egg-info' (and everything under it)
[5.837s] Copying ../build/state_estimation/state_estimation.egg-info to /home/misys/forza_ws/race_stack/install/state_estimation/lib/python3.10/site-packages/state_estimation-0.0.0-py3.10.egg-info
[5.838s] running install_scripts
[5.919s] Installing carstate_node script to /home/misys/forza_ws/race_stack/install/state_estimation/lib/state_estimation
[5.920s] writing list of installed files to '/home/misys/forza_ws/race_stack/build/state_estimation/install.log'
[6.123s] Invoked command in '/home/misys/forza_ws/race_stack/state_estimation' returned '0': PYTHONPATH=/home/misys/forza_ws/race_stack/build/state_estimation/prefix_override:/usr/lib/python3/dist-packages/colcon_core/task/python/colcon_distutils_commands:/home/misys/forza_ws/race_stack/install/state_estimation/lib/python3.10/site-packages:${PYTHONPATH} /usr/bin/python3 -W ignore:setup.py install is deprecated -W ignore:easy_install command is deprecated setup.py egg_info --egg-base ../build/state_estimation build --build-base /home/misys/forza_ws/race_stack/build/state_estimation/build install --record /home/misys/forza_ws/race_stack/build/state_estimation/install.log --single-version-externally-managed install_data
