[0.092s] Invoking command in '/home/misys/forza_ws/race_stack/build/vesc_msgs': CMAKE_PREFIX_PATH=${CMAKE_PREFIX_PATH}:/home/misys/forza_ws/race_stack/install/f1tenth_stack:/home/misys/forza_ws/race_stack/install/joy_teleop:/home/misys/forza_ws/race_stack/install/steering_lookup:/home/misys/forza_ws/race_stack/install/state_machine:/home/misys/forza_ws/race_stack/install/slam_tuner:/home/misys/forza_ws/race_stack/install/state_estimation:/home/misys/forza_ws/race_stack/install/map_editor:/home/misys/forza_ws/race_stack/install/stack_master:/home/misys/forza_ws/race_stack/install/spline_planner:/home/misys/forza_ws/race_stack/install/sector_tuner:/home/misys/forza_ws/race_stack/install/perception:/home/misys/forza_ws/race_stack/install/particle_filter:/home/misys/forza_ws/race_stack/install/opponent_publisher:/home/misys/forza_ws/race_stack/install/mouse_teleop:/home/misys/forza_ws/race_stack/install/lap_analyser:/home/misys/forza_ws/race_stack/install/key_teleop:/home/misys/forza_ws/race_stack/install/id_controller:/home/misys/forza_ws/race_stack/install/global_planner:/home/misys/forza_ws/race_stack/install/frenet_odom_republisher:/home/misys/forza_ws/race_stack/install/frenet_conversion:/home/misys/forza_ws/race_stack/install/f1tenth_gym_ros:/home/misys/forza_ws/race_stack/install/controller:/opt/ros/humble /usr/bin/cmake --build /home/misys/forza_ws/race_stack/build/vesc_msgs -- -j6 -l6
[1.347s] [ 10%] Built target vesc_msgs__rosidl_generator_c
[1.349s] [ 12%] Built target vesc_msgs__cpp
[1.350s] [ 12%] Built target ament_cmake_python_copy_vesc_msgs
[1.350s] [ 23%] Built target vesc_msgs__rosidl_typesupport_cpp
[1.350s] [ 34%] Built target vesc_msgs__rosidl_typesupport_introspection_c
[1.350s] [ 45%] Built target vesc_msgs__rosidl_typesupport_c
[1.350s] [ 56%] Built target vesc_msgs__rosidl_typesupport_fastrtps_cpp
[1.350s] [ 67%] Built target vesc_msgs__rosidl_typesupport_fastrtps_c
[1.350s] [ 78%] Built target vesc_msgs__rosidl_typesupport_introspection_cpp
[1.351s] [ 78%] Built target vesc_msgs
[1.351s] [ 80%] Built target vesc_msgs__py
[1.351s] [ 89%] Built target vesc_msgs__rosidl_generator_py
[1.352s] [ 92%] Built target vesc_msgs__rosidl_typesupport_introspection_c__pyext
[1.352s] [ 96%] Built target vesc_msgs__rosidl_typesupport_fastrtps_c__pyext
[1.352s] [100%] Built target vesc_msgs__rosidl_typesupport_c__pyext
[1.401s] running egg_info
[1.402s] writing vesc_msgs.egg-info/PKG-INFO
[1.403s] writing dependency_links to vesc_msgs.egg-info/dependency_links.txt
[1.404s] writing top-level names to vesc_msgs.egg-info/top_level.txt
[1.410s] reading manifest file 'vesc_msgs.egg-info/SOURCES.txt'
[1.412s] writing manifest file 'vesc_msgs.egg-info/SOURCES.txt'
[1.501s] [100%] Built target ament_cmake_python_build_vesc_msgs_egg
[2.199s] Invoked command in '/home/misys/forza_ws/race_stack/build/vesc_msgs' returned '0': CMAKE_PREFIX_PATH=${CMAKE_PREFIX_PATH}:/home/misys/forza_ws/race_stack/install/f1tenth_stack:/home/misys/forza_ws/race_stack/install/joy_teleop:/home/misys/forza_ws/race_stack/install/steering_lookup:/home/misys/forza_ws/race_stack/install/state_machine:/home/misys/forza_ws/race_stack/install/slam_tuner:/home/misys/forza_ws/race_stack/install/state_estimation:/home/misys/forza_ws/race_stack/install/map_editor:/home/misys/forza_ws/race_stack/install/stack_master:/home/misys/forza_ws/race_stack/install/spline_planner:/home/misys/forza_ws/race_stack/install/sector_tuner:/home/misys/forza_ws/race_stack/install/perception:/home/misys/forza_ws/race_stack/install/particle_filter:/home/misys/forza_ws/race_stack/install/opponent_publisher:/home/misys/forza_ws/race_stack/install/mouse_teleop:/home/misys/forza_ws/race_stack/install/lap_analyser:/home/misys/forza_ws/race_stack/install/key_teleop:/home/misys/forza_ws/race_stack/install/id_controller:/home/misys/forza_ws/race_stack/install/global_planner:/home/misys/forza_ws/race_stack/install/frenet_odom_republisher:/home/misys/forza_ws/race_stack/install/frenet_conversion:/home/misys/forza_ws/race_stack/install/f1tenth_gym_ros:/home/misys/forza_ws/race_stack/install/controller:/opt/ros/humble /usr/bin/cmake --build /home/misys/forza_ws/race_stack/build/vesc_msgs -- -j6 -l6
[2.204s] Invoking command in '/home/misys/forza_ws/race_stack/build/vesc_msgs': CMAKE_PREFIX_PATH=${CMAKE_PREFIX_PATH}:/home/misys/forza_ws/race_stack/install/f1tenth_stack:/home/misys/forza_ws/race_stack/install/joy_teleop:/home/misys/forza_ws/race_stack/install/steering_lookup:/home/misys/forza_ws/race_stack/install/state_machine:/home/misys/forza_ws/race_stack/install/slam_tuner:/home/misys/forza_ws/race_stack/install/state_estimation:/home/misys/forza_ws/race_stack/install/map_editor:/home/misys/forza_ws/race_stack/install/stack_master:/home/misys/forza_ws/race_stack/install/spline_planner:/home/misys/forza_ws/race_stack/install/sector_tuner:/home/misys/forza_ws/race_stack/install/perception:/home/misys/forza_ws/race_stack/install/particle_filter:/home/misys/forza_ws/race_stack/install/opponent_publisher:/home/misys/forza_ws/race_stack/install/mouse_teleop:/home/misys/forza_ws/race_stack/install/lap_analyser:/home/misys/forza_ws/race_stack/install/key_teleop:/home/misys/forza_ws/race_stack/install/id_controller:/home/misys/forza_ws/race_stack/install/global_planner:/home/misys/forza_ws/race_stack/install/frenet_odom_republisher:/home/misys/forza_ws/race_stack/install/frenet_conversion:/home/misys/forza_ws/race_stack/install/f1tenth_gym_ros:/home/misys/forza_ws/race_stack/install/controller:/opt/ros/humble /usr/bin/cmake --install /home/misys/forza_ws/race_stack/build/vesc_msgs
[2.236s] -- Install configuration: ""
[2.236s] -- Up-to-date: /home/misys/forza_ws/race_stack/install/vesc_msgs/share/ament_index/resource_index/rosidl_interfaces/vesc_msgs
[2.237s] -- Up-to-date: /home/misys/forza_ws/race_stack/install/vesc_msgs/include/vesc_msgs/vesc_msgs
[2.247s] -- Up-to-date: /home/misys/forza_ws/race_stack/install/vesc_msgs/include/vesc_msgs/vesc_msgs/msg
[2.248s] -- Up-to-date: /home/misys/forza_ws/race_stack/install/vesc_msgs/include/vesc_msgs/vesc_msgs/msg/detail
[2.248s] -- Up-to-date: /home/misys/forza_ws/race_stack/install/vesc_msgs/include/vesc_msgs/vesc_msgs/msg/detail/vesc_state_stamped__functions.c
[2.248s] -- Up-to-date: /home/misys/forza_ws/race_stack/install/vesc_msgs/include/vesc_msgs/vesc_msgs/msg/detail/vesc_imu__functions.h
[2.248s] -- Up-to-date: /home/misys/forza_ws/race_stack/install/vesc_msgs/include/vesc_msgs/vesc_msgs/msg/detail/vesc_state_stamped__struct.h
[2.249s] -- Up-to-date: /home/misys/forza_ws/race_stack/install/vesc_msgs/include/vesc_msgs/vesc_msgs/msg/detail/vesc_state_stamped__functions.h
[2.249s] -- Up-to-date: /home/misys/forza_ws/race_stack/install/vesc_msgs/include/vesc_msgs/vesc_msgs/msg/detail/vesc_state_stamped__type_support.h
[2.249s] -- Up-to-date: /home/misys/forza_ws/race_stack/install/vesc_msgs/include/vesc_msgs/vesc_msgs/msg/detail/vesc_state__struct.h
[2.249s] -- Up-to-date: /home/misys/forza_ws/race_stack/install/vesc_msgs/include/vesc_msgs/vesc_msgs/msg/detail/vesc_state__functions.h
[2.249s] -- Up-to-date: /home/misys/forza_ws/race_stack/install/vesc_msgs/include/vesc_msgs/vesc_msgs/msg/detail/vesc_imu__functions.c
[2.249s] -- Up-to-date: /home/misys/forza_ws/race_stack/install/vesc_msgs/include/vesc_msgs/vesc_msgs/msg/detail/vesc_imu__type_support.h
[2.249s] -- Up-to-date: /home/misys/forza_ws/race_stack/install/vesc_msgs/include/vesc_msgs/vesc_msgs/msg/detail/vesc_state__type_support.h
[2.250s] -- Up-to-date: /home/misys/forza_ws/race_stack/install/vesc_msgs/include/vesc_msgs/vesc_msgs/msg/detail/vesc_state__functions.c
[2.250s] -- Up-to-date: /home/misys/forza_ws/race_stack/install/vesc_msgs/include/vesc_msgs/vesc_msgs/msg/detail/vesc_imu__struct.h
[2.250s] -- Up-to-date: /home/misys/forza_ws/race_stack/install/vesc_msgs/include/vesc_msgs/vesc_msgs/msg/detail/vesc_imu_stamped__struct.h
[2.250s] -- Up-to-date: /home/misys/forza_ws/race_stack/install/vesc_msgs/include/vesc_msgs/vesc_msgs/msg/detail/vesc_imu_stamped__functions.h
[2.250s] -- Up-to-date: /home/misys/forza_ws/race_stack/install/vesc_msgs/include/vesc_msgs/vesc_msgs/msg/detail/vesc_imu_stamped__type_support.h
[2.251s] -- Up-to-date: /home/misys/forza_ws/race_stack/install/vesc_msgs/include/vesc_msgs/vesc_msgs/msg/detail/vesc_imu_stamped__functions.c
[2.251s] -- Up-to-date: /home/misys/forza_ws/race_stack/install/vesc_msgs/include/vesc_msgs/vesc_msgs/msg/rosidl_generator_c__visibility_control.h
[2.251s] -- Up-to-date: /home/misys/forza_ws/race_stack/install/vesc_msgs/include/vesc_msgs/vesc_msgs/msg/vesc_imu_stamped.h
[2.251s] -- Up-to-date: /home/misys/forza_ws/race_stack/install/vesc_msgs/include/vesc_msgs/vesc_msgs/msg/vesc_state_stamped.h
[2.251s] -- Up-to-date: /home/misys/forza_ws/race_stack/install/vesc_msgs/include/vesc_msgs/vesc_msgs/msg/vesc_imu.h
[2.251s] -- Up-to-date: /home/misys/forza_ws/race_stack/install/vesc_msgs/include/vesc_msgs/vesc_msgs/msg/vesc_state.h
[2.251s] -- Up-to-date: /home/misys/forza_ws/race_stack/install/vesc_msgs/share/vesc_msgs/environment/library_path.sh
[2.252s] -- Up-to-date: /home/misys/forza_ws/race_stack/install/vesc_msgs/share/vesc_msgs/environment/library_path.dsv
[2.252s] -- Up-to-date: /home/misys/forza_ws/race_stack/install/vesc_msgs/lib/libvesc_msgs__rosidl_generator_c.so
[2.252s] -- Up-to-date: /home/misys/forza_ws/race_stack/install/vesc_msgs/include/vesc_msgs/vesc_msgs
[2.252s] -- Up-to-date: /home/misys/forza_ws/race_stack/install/vesc_msgs/include/vesc_msgs/vesc_msgs/msg
[2.252s] -- Up-to-date: /home/misys/forza_ws/race_stack/install/vesc_msgs/include/vesc_msgs/vesc_msgs/msg/detail
[2.252s] -- Up-to-date: /home/misys/forza_ws/race_stack/install/vesc_msgs/include/vesc_msgs/vesc_msgs/msg/detail/vesc_imu_stamped__rosidl_typesupport_fastrtps_c.h
[2.252s] -- Up-to-date: /home/misys/forza_ws/race_stack/install/vesc_msgs/include/vesc_msgs/vesc_msgs/msg/detail/vesc_state__rosidl_typesupport_fastrtps_c.h
[2.252s] -- Up-to-date: /home/misys/forza_ws/race_stack/install/vesc_msgs/include/vesc_msgs/vesc_msgs/msg/detail/vesc_state_stamped__rosidl_typesupport_fastrtps_c.h
[2.252s] -- Up-to-date: /home/misys/forza_ws/race_stack/install/vesc_msgs/include/vesc_msgs/vesc_msgs/msg/detail/vesc_imu__rosidl_typesupport_fastrtps_c.h
[2.253s] -- Up-to-date: /home/misys/forza_ws/race_stack/install/vesc_msgs/include/vesc_msgs/vesc_msgs/msg/rosidl_typesupport_fastrtps_c__visibility_control.h
[2.253s] -- Up-to-date: /home/misys/forza_ws/race_stack/install/vesc_msgs/lib/libvesc_msgs__rosidl_typesupport_fastrtps_c.so
[2.253s] -- Up-to-date: /home/misys/forza_ws/race_stack/install/vesc_msgs/include/vesc_msgs/vesc_msgs
[2.253s] -- Up-to-date: /home/misys/forza_ws/race_stack/install/vesc_msgs/include/vesc_msgs/vesc_msgs/msg
[2.253s] -- Up-to-date: /home/misys/forza_ws/race_stack/install/vesc_msgs/include/vesc_msgs/vesc_msgs/msg/detail
[2.253s] -- Up-to-date: /home/misys/forza_ws/race_stack/install/vesc_msgs/include/vesc_msgs/vesc_msgs/msg/detail/vesc_imu__rosidl_typesupport_introspection_c.h
[2.253s] -- Up-to-date: /home/misys/forza_ws/race_stack/install/vesc_msgs/include/vesc_msgs/vesc_msgs/msg/detail/vesc_state_stamped__type_support.c
[2.253s] -- Up-to-date: /home/misys/forza_ws/race_stack/install/vesc_msgs/include/vesc_msgs/vesc_msgs/msg/detail/vesc_state__type_support.c
[2.253s] -- Up-to-date: /home/misys/forza_ws/race_stack/install/vesc_msgs/include/vesc_msgs/vesc_msgs/msg/detail/vesc_imu_stamped__type_support.c
[2.254s] -- Up-to-date: /home/misys/forza_ws/race_stack/install/vesc_msgs/include/vesc_msgs/vesc_msgs/msg/detail/vesc_imu__type_support.c
[2.254s] -- Up-to-date: /home/misys/forza_ws/race_stack/install/vesc_msgs/include/vesc_msgs/vesc_msgs/msg/detail/vesc_state_stamped__rosidl_typesupport_introspection_c.h
[2.254s] -- Up-to-date: /home/misys/forza_ws/race_stack/install/vesc_msgs/include/vesc_msgs/vesc_msgs/msg/detail/vesc_imu_stamped__rosidl_typesupport_introspection_c.h
[2.257s] -- Up-to-date: /home/misys/forza_ws/race_stack/install/vesc_msgs/include/vesc_msgs/vesc_msgs/msg/detail/vesc_state__rosidl_typesupport_introspection_c.h
[2.258s] -- Up-to-date: /home/misys/forza_ws/race_stack/install/vesc_msgs/include/vesc_msgs/vesc_msgs/msg/rosidl_typesupport_introspection_c__visibility_control.h
[2.259s] -- Up-to-date: /home/misys/forza_ws/race_stack/install/vesc_msgs/lib/libvesc_msgs__rosidl_typesupport_introspection_c.so
[2.260s] -- Up-to-date: /home/misys/forza_ws/race_stack/install/vesc_msgs/lib/libvesc_msgs__rosidl_typesupport_c.so
[2.261s] -- Up-to-date: /home/misys/forza_ws/race_stack/install/vesc_msgs/include/vesc_msgs/vesc_msgs
[2.261s] -- Up-to-date: /home/misys/forza_ws/race_stack/install/vesc_msgs/include/vesc_msgs/vesc_msgs/msg
[2.262s] -- Up-to-date: /home/misys/forza_ws/race_stack/install/vesc_msgs/include/vesc_msgs/vesc_msgs/msg/rosidl_generator_cpp__visibility_control.hpp
[2.262s] -- Up-to-date: /home/misys/forza_ws/race_stack/install/vesc_msgs/include/vesc_msgs/vesc_msgs/msg/detail
[2.263s] -- Up-to-date: /home/misys/forza_ws/race_stack/install/vesc_msgs/include/vesc_msgs/vesc_msgs/msg/detail/vesc_imu__builder.hpp
[2.263s] -- Up-to-date: /home/misys/forza_ws/race_stack/install/vesc_msgs/include/vesc_msgs/vesc_msgs/msg/detail/vesc_state_stamped__traits.hpp
[2.264s] -- Up-to-date: /home/misys/forza_ws/race_stack/install/vesc_msgs/include/vesc_msgs/vesc_msgs/msg/detail/vesc_imu__type_support.hpp
[2.264s] -- Up-to-date: /home/misys/forza_ws/race_stack/install/vesc_msgs/include/vesc_msgs/vesc_msgs/msg/detail/vesc_imu_stamped__struct.hpp
[2.265s] -- Up-to-date: /home/misys/forza_ws/race_stack/install/vesc_msgs/include/vesc_msgs/vesc_msgs/msg/detail/vesc_imu__struct.hpp
[2.265s] -- Up-to-date: /home/misys/forza_ws/race_stack/install/vesc_msgs/include/vesc_msgs/vesc_msgs/msg/detail/vesc_state_stamped__type_support.hpp
[2.266s] -- Up-to-date: /home/misys/forza_ws/race_stack/install/vesc_msgs/include/vesc_msgs/vesc_msgs/msg/detail/vesc_state_stamped__builder.hpp
[2.267s] -- Up-to-date: /home/misys/forza_ws/race_stack/install/vesc_msgs/include/vesc_msgs/vesc_msgs/msg/detail/vesc_imu_stamped__builder.hpp
[2.267s] -- Up-to-date: /home/misys/forza_ws/race_stack/install/vesc_msgs/include/vesc_msgs/vesc_msgs/msg/detail/vesc_imu_stamped__traits.hpp
[2.268s] -- Up-to-date: /home/misys/forza_ws/race_stack/install/vesc_msgs/include/vesc_msgs/vesc_msgs/msg/detail/vesc_state__builder.hpp
[2.268s] -- Up-to-date: /home/misys/forza_ws/race_stack/install/vesc_msgs/include/vesc_msgs/vesc_msgs/msg/detail/vesc_state__struct.hpp
[2.269s] -- Up-to-date: /home/misys/forza_ws/race_stack/install/vesc_msgs/include/vesc_msgs/vesc_msgs/msg/detail/vesc_state__type_support.hpp
[2.270s] -- Up-to-date: /home/misys/forza_ws/race_stack/install/vesc_msgs/include/vesc_msgs/vesc_msgs/msg/detail/vesc_imu_stamped__type_support.hpp
[2.270s] -- Up-to-date: /home/misys/forza_ws/race_stack/install/vesc_msgs/include/vesc_msgs/vesc_msgs/msg/detail/vesc_state__traits.hpp
[2.271s] -- Up-to-date: /home/misys/forza_ws/race_stack/install/vesc_msgs/include/vesc_msgs/vesc_msgs/msg/detail/vesc_imu__traits.hpp
[2.271s] -- Up-to-date: /home/misys/forza_ws/race_stack/install/vesc_msgs/include/vesc_msgs/vesc_msgs/msg/detail/vesc_state_stamped__struct.hpp
[2.272s] -- Up-to-date: /home/misys/forza_ws/race_stack/install/vesc_msgs/include/vesc_msgs/vesc_msgs/msg/vesc_imu.hpp
[2.272s] -- Up-to-date: /home/misys/forza_ws/race_stack/install/vesc_msgs/include/vesc_msgs/vesc_msgs/msg/vesc_imu_stamped.hpp
[2.273s] -- Up-to-date: /home/misys/forza_ws/race_stack/install/vesc_msgs/include/vesc_msgs/vesc_msgs/msg/vesc_state_stamped.hpp
[2.273s] -- Up-to-date: /home/misys/forza_ws/race_stack/install/vesc_msgs/include/vesc_msgs/vesc_msgs/msg/vesc_state.hpp
[2.279s] -- Up-to-date: /home/misys/forza_ws/race_stack/install/vesc_msgs/include/vesc_msgs/vesc_msgs
[2.279s] -- Up-to-date: /home/misys/forza_ws/race_stack/install/vesc_msgs/include/vesc_msgs/vesc_msgs/msg
[2.280s] -- Up-to-date: /home/misys/forza_ws/race_stack/install/vesc_msgs/include/vesc_msgs/vesc_msgs/msg/detail
[2.280s] -- Up-to-date: /home/misys/forza_ws/race_stack/install/vesc_msgs/include/vesc_msgs/vesc_msgs/msg/detail/vesc_imu_stamped__rosidl_typesupport_fastrtps_cpp.hpp
[2.281s] -- Up-to-date: /home/misys/forza_ws/race_stack/install/vesc_msgs/include/vesc_msgs/vesc_msgs/msg/detail/vesc_imu__rosidl_typesupport_fastrtps_cpp.hpp
[2.281s] -- Up-to-date: /home/misys/forza_ws/race_stack/install/vesc_msgs/include/vesc_msgs/vesc_msgs/msg/detail/vesc_state_stamped__rosidl_typesupport_fastrtps_cpp.hpp
[2.282s] -- Up-to-date: /home/misys/forza_ws/race_stack/install/vesc_msgs/include/vesc_msgs/vesc_msgs/msg/detail/dds_fastrtps
[2.282s] -- Up-to-date: /home/misys/forza_ws/race_stack/install/vesc_msgs/include/vesc_msgs/vesc_msgs/msg/detail/vesc_state__rosidl_typesupport_fastrtps_cpp.hpp
[2.282s] -- Up-to-date: /home/misys/forza_ws/race_stack/install/vesc_msgs/include/vesc_msgs/vesc_msgs/msg/rosidl_typesupport_fastrtps_cpp__visibility_control.h
[2.282s] -- Up-to-date: /home/misys/forza_ws/race_stack/install/vesc_msgs/lib/libvesc_msgs__rosidl_typesupport_fastrtps_cpp.so
[2.282s] -- Up-to-date: /home/misys/forza_ws/race_stack/install/vesc_msgs/include/vesc_msgs/vesc_msgs
[2.282s] -- Up-to-date: /home/misys/forza_ws/race_stack/install/vesc_msgs/include/vesc_msgs/vesc_msgs/msg
[2.282s] -- Up-to-date: /home/misys/forza_ws/race_stack/install/vesc_msgs/include/vesc_msgs/vesc_msgs/msg/detail
[2.283s] -- Up-to-date: /home/misys/forza_ws/race_stack/install/vesc_msgs/include/vesc_msgs/vesc_msgs/msg/detail/vesc_imu__rosidl_typesupport_introspection_cpp.hpp
[2.283s] -- Up-to-date: /home/misys/forza_ws/race_stack/install/vesc_msgs/include/vesc_msgs/vesc_msgs/msg/detail/vesc_imu_stamped__type_support.cpp
[2.283s] -- Up-to-date: /home/misys/forza_ws/race_stack/install/vesc_msgs/include/vesc_msgs/vesc_msgs/msg/detail/vesc_imu__type_support.cpp
[2.283s] -- Up-to-date: /home/misys/forza_ws/race_stack/install/vesc_msgs/include/vesc_msgs/vesc_msgs/msg/detail/vesc_state_stamped__rosidl_typesupport_introspection_cpp.hpp
[2.283s] -- Up-to-date: /home/misys/forza_ws/race_stack/install/vesc_msgs/include/vesc_msgs/vesc_msgs/msg/detail/vesc_imu_stamped__rosidl_typesupport_introspection_cpp.hpp
[2.283s] -- Up-to-date: /home/misys/forza_ws/race_stack/install/vesc_msgs/include/vesc_msgs/vesc_msgs/msg/detail/vesc_state__type_support.cpp
[2.283s] -- Up-to-date: /home/misys/forza_ws/race_stack/install/vesc_msgs/include/vesc_msgs/vesc_msgs/msg/detail/vesc_state__rosidl_typesupport_introspection_cpp.hpp
[2.283s] -- Up-to-date: /home/misys/forza_ws/race_stack/install/vesc_msgs/include/vesc_msgs/vesc_msgs/msg/detail/vesc_state_stamped__type_support.cpp
[2.283s] -- Up-to-date: /home/misys/forza_ws/race_stack/install/vesc_msgs/lib/libvesc_msgs__rosidl_typesupport_introspection_cpp.so
[2.284s] -- Up-to-date: /home/misys/forza_ws/race_stack/install/vesc_msgs/lib/libvesc_msgs__rosidl_typesupport_cpp.so
[2.284s] -- Up-to-date: /home/misys/forza_ws/race_stack/install/vesc_msgs/share/vesc_msgs/environment/pythonpath.sh
[2.284s] -- Up-to-date: /home/misys/forza_ws/race_stack/install/vesc_msgs/share/vesc_msgs/environment/pythonpath.dsv
[2.284s] -- Up-to-date: /home/misys/forza_ws/race_stack/install/vesc_msgs/local/lib/python3.10/dist-packages/vesc_msgs-1.2.0-py3.10.egg-info
[2.284s] -- Installing: /home/misys/forza_ws/race_stack/install/vesc_msgs/local/lib/python3.10/dist-packages/vesc_msgs-1.2.0-py3.10.egg-info/dependency_links.txt
[2.284s] -- Installing: /home/misys/forza_ws/race_stack/install/vesc_msgs/local/lib/python3.10/dist-packages/vesc_msgs-1.2.0-py3.10.egg-info/PKG-INFO
[2.298s] -- Installing: /home/misys/forza_ws/race_stack/install/vesc_msgs/local/lib/python3.10/dist-packages/vesc_msgs-1.2.0-py3.10.egg-info/top_level.txt
[2.300s] -- Installing: /home/misys/forza_ws/race_stack/install/vesc_msgs/local/lib/python3.10/dist-packages/vesc_msgs-1.2.0-py3.10.egg-info/SOURCES.txt
[2.301s] -- Up-to-date: /home/misys/forza_ws/race_stack/install/vesc_msgs/local/lib/python3.10/dist-packages/vesc_msgs
[2.301s] -- Up-to-date: /home/misys/forza_ws/race_stack/install/vesc_msgs/local/lib/python3.10/dist-packages/vesc_msgs/_vesc_msgs_s.ep.rosidl_typesupport_c.c
[2.301s] -- Up-to-date: /home/misys/forza_ws/race_stack/install/vesc_msgs/local/lib/python3.10/dist-packages/vesc_msgs/vesc_msgs_s__rosidl_typesupport_c.cpython-310-aarch64-linux-gnu.so
[2.301s] -- Up-to-date: /home/misys/forza_ws/race_stack/install/vesc_msgs/local/lib/python3.10/dist-packages/vesc_msgs/vesc_msgs_s__rosidl_typesupport_introspection_c.cpython-310-aarch64-linux-gnu.so
[2.302s] -- Up-to-date: /home/misys/forza_ws/race_stack/install/vesc_msgs/local/lib/python3.10/dist-packages/vesc_msgs/msg
[2.302s] -- Up-to-date: /home/misys/forza_ws/race_stack/install/vesc_msgs/local/lib/python3.10/dist-packages/vesc_msgs/msg/_vesc_imu_stamped.py
[2.302s] -- Up-to-date: /home/misys/forza_ws/race_stack/install/vesc_msgs/local/lib/python3.10/dist-packages/vesc_msgs/msg/_vesc_state.py
[2.303s] -- Up-to-date: /home/misys/forza_ws/race_stack/install/vesc_msgs/local/lib/python3.10/dist-packages/vesc_msgs/msg/_vesc_state_stamped.py
[2.303s] -- Up-to-date: /home/misys/forza_ws/race_stack/install/vesc_msgs/local/lib/python3.10/dist-packages/vesc_msgs/msg/__init__.py
[2.303s] -- Up-to-date: /home/misys/forza_ws/race_stack/install/vesc_msgs/local/lib/python3.10/dist-packages/vesc_msgs/msg/_vesc_state_stamped_s.c
[2.303s] -- Up-to-date: /home/misys/forza_ws/race_stack/install/vesc_msgs/local/lib/python3.10/dist-packages/vesc_msgs/msg/_vesc_imu_s.c
[2.304s] -- Up-to-date: /home/misys/forza_ws/race_stack/install/vesc_msgs/local/lib/python3.10/dist-packages/vesc_msgs/msg/_vesc_imu_stamped_s.c
[2.304s] -- Up-to-date: /home/misys/forza_ws/race_stack/install/vesc_msgs/local/lib/python3.10/dist-packages/vesc_msgs/msg/_vesc_state_s.c
[2.307s] -- Up-to-date: /home/misys/forza_ws/race_stack/install/vesc_msgs/local/lib/python3.10/dist-packages/vesc_msgs/msg/_vesc_imu.py
[2.307s] -- Up-to-date: /home/misys/forza_ws/race_stack/install/vesc_msgs/local/lib/python3.10/dist-packages/vesc_msgs/_vesc_msgs_s.ep.rosidl_typesupport_introspection_c.c
[2.317s] -- Up-to-date: /home/misys/forza_ws/race_stack/install/vesc_msgs/local/lib/python3.10/dist-packages/vesc_msgs/_vesc_msgs_s.ep.rosidl_typesupport_fastrtps_c.c
[2.317s] -- Up-to-date: /home/misys/forza_ws/race_stack/install/vesc_msgs/local/lib/python3.10/dist-packages/vesc_msgs/__init__.py
[2.317s] -- Up-to-date: /home/misys/forza_ws/race_stack/install/vesc_msgs/local/lib/python3.10/dist-packages/vesc_msgs/libvesc_msgs__rosidl_generator_py.so
[2.317s] -- Up-to-date: /home/misys/forza_ws/race_stack/install/vesc_msgs/local/lib/python3.10/dist-packages/vesc_msgs/vesc_msgs_s__rosidl_typesupport_fastrtps_c.cpython-310-aarch64-linux-gnu.so
[2.418s] Listing '/home/misys/forza_ws/race_stack/install/vesc_msgs/local/lib/python3.10/dist-packages/vesc_msgs'...
[2.418s] Listing '/home/misys/forza_ws/race_stack/install/vesc_msgs/local/lib/python3.10/dist-packages/vesc_msgs/msg'...
[2.418s] -- Up-to-date: /home/misys/forza_ws/race_stack/install/vesc_msgs/local/lib/python3.10/dist-packages/vesc_msgs/vesc_msgs_s__rosidl_typesupport_fastrtps_c.cpython-310-aarch64-linux-gnu.so
[2.418s] -- Up-to-date: /home/misys/forza_ws/race_stack/install/vesc_msgs/local/lib/python3.10/dist-packages/vesc_msgs/vesc_msgs_s__rosidl_typesupport_introspection_c.cpython-310-aarch64-linux-gnu.so
[2.418s] -- Up-to-date: /home/misys/forza_ws/race_stack/install/vesc_msgs/local/lib/python3.10/dist-packages/vesc_msgs/vesc_msgs_s__rosidl_typesupport_c.cpython-310-aarch64-linux-gnu.so
[2.419s] -- Up-to-date: /home/misys/forza_ws/race_stack/install/vesc_msgs/lib/libvesc_msgs__rosidl_generator_py.so
[2.419s] -- Up-to-date: /home/misys/forza_ws/race_stack/install/vesc_msgs/share/vesc_msgs/msg/VescState.idl
[2.419s] -- Up-to-date: /home/misys/forza_ws/race_stack/install/vesc_msgs/share/vesc_msgs/msg/VescStateStamped.idl
[2.419s] -- Up-to-date: /home/misys/forza_ws/race_stack/install/vesc_msgs/share/vesc_msgs/msg/VescImu.idl
[2.419s] -- Up-to-date: /home/misys/forza_ws/race_stack/install/vesc_msgs/share/vesc_msgs/msg/VescImuStamped.idl
[2.419s] -- Up-to-date: /home/misys/forza_ws/race_stack/install/vesc_msgs/share/vesc_msgs/msg/VescState.msg
[2.419s] -- Up-to-date: /home/misys/forza_ws/race_stack/install/vesc_msgs/share/vesc_msgs/msg/VescStateStamped.msg
[2.419s] -- Up-to-date: /home/misys/forza_ws/race_stack/install/vesc_msgs/share/vesc_msgs/msg/VescImu.msg
[2.419s] -- Up-to-date: /home/misys/forza_ws/race_stack/install/vesc_msgs/share/vesc_msgs/msg/VescImuStamped.msg
[2.420s] -- Up-to-date: /home/misys/forza_ws/race_stack/install/vesc_msgs/share/ament_index/resource_index/package_run_dependencies/vesc_msgs
[2.420s] -- Up-to-date: /home/misys/forza_ws/race_stack/install/vesc_msgs/share/ament_index/resource_index/parent_prefix_path/vesc_msgs
[2.420s] -- Up-to-date: /home/misys/forza_ws/race_stack/install/vesc_msgs/share/vesc_msgs/environment/ament_prefix_path.sh
[2.420s] -- Up-to-date: /home/misys/forza_ws/race_stack/install/vesc_msgs/share/vesc_msgs/environment/ament_prefix_path.dsv
[2.420s] -- Up-to-date: /home/misys/forza_ws/race_stack/install/vesc_msgs/share/vesc_msgs/environment/path.sh
[2.420s] -- Up-to-date: /home/misys/forza_ws/race_stack/install/vesc_msgs/share/vesc_msgs/environment/path.dsv
[2.420s] -- Up-to-date: /home/misys/forza_ws/race_stack/install/vesc_msgs/share/vesc_msgs/local_setup.bash
[2.433s] -- Up-to-date: /home/misys/forza_ws/race_stack/install/vesc_msgs/share/vesc_msgs/local_setup.sh
[2.435s] -- Up-to-date: /home/misys/forza_ws/race_stack/install/vesc_msgs/share/vesc_msgs/local_setup.zsh
[2.435s] -- Up-to-date: /home/misys/forza_ws/race_stack/install/vesc_msgs/share/vesc_msgs/local_setup.dsv
[2.435s] -- Installing: /home/misys/forza_ws/race_stack/install/vesc_msgs/share/vesc_msgs/package.dsv
[2.436s] -- Up-to-date: /home/misys/forza_ws/race_stack/install/vesc_msgs/share/ament_index/resource_index/packages/vesc_msgs
[2.436s] -- Up-to-date: /home/misys/forza_ws/race_stack/install/vesc_msgs/share/vesc_msgs/cmake/export_vesc_msgs__rosidl_generator_cExport.cmake
[2.436s] -- Up-to-date: /home/misys/forza_ws/race_stack/install/vesc_msgs/share/vesc_msgs/cmake/export_vesc_msgs__rosidl_generator_cExport-noconfig.cmake
[2.437s] -- Up-to-date: /home/misys/forza_ws/race_stack/install/vesc_msgs/share/vesc_msgs/cmake/export_vesc_msgs__rosidl_typesupport_fastrtps_cExport.cmake
[2.438s] -- Up-to-date: /home/misys/forza_ws/race_stack/install/vesc_msgs/share/vesc_msgs/cmake/export_vesc_msgs__rosidl_typesupport_fastrtps_cExport-noconfig.cmake
[2.438s] -- Up-to-date: /home/misys/forza_ws/race_stack/install/vesc_msgs/share/vesc_msgs/cmake/vesc_msgs__rosidl_typesupport_introspection_cExport.cmake
[2.438s] -- Up-to-date: /home/misys/forza_ws/race_stack/install/vesc_msgs/share/vesc_msgs/cmake/vesc_msgs__rosidl_typesupport_introspection_cExport-noconfig.cmake
[2.438s] -- Up-to-date: /home/misys/forza_ws/race_stack/install/vesc_msgs/share/vesc_msgs/cmake/vesc_msgs__rosidl_typesupport_cExport.cmake
[2.438s] -- Up-to-date: /home/misys/forza_ws/race_stack/install/vesc_msgs/share/vesc_msgs/cmake/vesc_msgs__rosidl_typesupport_cExport-noconfig.cmake
[2.438s] -- Up-to-date: /home/misys/forza_ws/race_stack/install/vesc_msgs/share/vesc_msgs/cmake/export_vesc_msgs__rosidl_generator_cppExport.cmake
[2.439s] -- Up-to-date: /home/misys/forza_ws/race_stack/install/vesc_msgs/share/vesc_msgs/cmake/export_vesc_msgs__rosidl_typesupport_fastrtps_cppExport.cmake
[2.439s] -- Up-to-date: /home/misys/forza_ws/race_stack/install/vesc_msgs/share/vesc_msgs/cmake/export_vesc_msgs__rosidl_typesupport_fastrtps_cppExport-noconfig.cmake
[2.439s] -- Up-to-date: /home/misys/forza_ws/race_stack/install/vesc_msgs/share/vesc_msgs/cmake/vesc_msgs__rosidl_typesupport_introspection_cppExport.cmake
[2.439s] -- Up-to-date: /home/misys/forza_ws/race_stack/install/vesc_msgs/share/vesc_msgs/cmake/vesc_msgs__rosidl_typesupport_introspection_cppExport-noconfig.cmake
[2.439s] -- Up-to-date: /home/misys/forza_ws/race_stack/install/vesc_msgs/share/vesc_msgs/cmake/vesc_msgs__rosidl_typesupport_cppExport.cmake
[2.454s] -- Up-to-date: /home/misys/forza_ws/race_stack/install/vesc_msgs/share/vesc_msgs/cmake/vesc_msgs__rosidl_typesupport_cppExport-noconfig.cmake
[2.455s] -- Up-to-date: /home/misys/forza_ws/race_stack/install/vesc_msgs/share/vesc_msgs/cmake/export_vesc_msgs__rosidl_generator_pyExport.cmake
[2.455s] -- Up-to-date: /home/misys/forza_ws/race_stack/install/vesc_msgs/share/vesc_msgs/cmake/export_vesc_msgs__rosidl_generator_pyExport-noconfig.cmake
[2.455s] -- Up-to-date: /home/misys/forza_ws/race_stack/install/vesc_msgs/share/vesc_msgs/cmake/rosidl_cmake-extras.cmake
[2.455s] -- Up-to-date: /home/misys/forza_ws/race_stack/install/vesc_msgs/share/vesc_msgs/cmake/ament_cmake_export_dependencies-extras.cmake
[2.456s] -- Up-to-date: /home/misys/forza_ws/race_stack/install/vesc_msgs/share/vesc_msgs/cmake/ament_cmake_export_include_directories-extras.cmake
[2.456s] -- Up-to-date: /home/misys/forza_ws/race_stack/install/vesc_msgs/share/vesc_msgs/cmake/ament_cmake_export_libraries-extras.cmake
[2.456s] -- Up-to-date: /home/misys/forza_ws/race_stack/install/vesc_msgs/share/vesc_msgs/cmake/ament_cmake_export_targets-extras.cmake
[2.456s] -- Up-to-date: /home/misys/forza_ws/race_stack/install/vesc_msgs/share/vesc_msgs/cmake/rosidl_cmake_export_typesupport_targets-extras.cmake
[2.456s] -- Up-to-date: /home/misys/forza_ws/race_stack/install/vesc_msgs/share/vesc_msgs/cmake/rosidl_cmake_export_typesupport_libraries-extras.cmake
[2.456s] -- Up-to-date: /home/misys/forza_ws/race_stack/install/vesc_msgs/share/vesc_msgs/cmake/vesc_msgsConfig.cmake
[2.456s] -- Up-to-date: /home/misys/forza_ws/race_stack/install/vesc_msgs/share/vesc_msgs/cmake/vesc_msgsConfig-version.cmake
[2.456s] -- Up-to-date: /home/misys/forza_ws/race_stack/install/vesc_msgs/share/vesc_msgs/package.xml
[2.473s] Invoked command in '/home/misys/forza_ws/race_stack/build/vesc_msgs' returned '0': CMAKE_PREFIX_PATH=${CMAKE_PREFIX_PATH}:/home/misys/forza_ws/race_stack/install/f1tenth_stack:/home/misys/forza_ws/race_stack/install/joy_teleop:/home/misys/forza_ws/race_stack/install/steering_lookup:/home/misys/forza_ws/race_stack/install/state_machine:/home/misys/forza_ws/race_stack/install/slam_tuner:/home/misys/forza_ws/race_stack/install/state_estimation:/home/misys/forza_ws/race_stack/install/map_editor:/home/misys/forza_ws/race_stack/install/stack_master:/home/misys/forza_ws/race_stack/install/spline_planner:/home/misys/forza_ws/race_stack/install/sector_tuner:/home/misys/forza_ws/race_stack/install/perception:/home/misys/forza_ws/race_stack/install/particle_filter:/home/misys/forza_ws/race_stack/install/opponent_publisher:/home/misys/forza_ws/race_stack/install/mouse_teleop:/home/misys/forza_ws/race_stack/install/lap_analyser:/home/misys/forza_ws/race_stack/install/key_teleop:/home/misys/forza_ws/race_stack/install/id_controller:/home/misys/forza_ws/race_stack/install/global_planner:/home/misys/forza_ws/race_stack/install/frenet_odom_republisher:/home/misys/forza_ws/race_stack/install/frenet_conversion:/home/misys/forza_ws/race_stack/install/f1tenth_gym_ros:/home/misys/forza_ws/race_stack/install/controller:/opt/ros/humble /usr/bin/cmake --install /home/misys/forza_ws/race_stack/build/vesc_msgs
