[4.658s] Invoking command in '/home/misys/forza_ws/race_stack/utilities/nodes/sector_tuner': PYTHONPATH=/home/misys/forza_ws/race_stack/build/sector_tuner/prefix_override:/usr/lib/python3/dist-packages/colcon_core/task/python/colcon_distutils_commands:/home/misys/forza_ws/race_stack/install/sector_tuner/lib/python3.10/site-packages:${PYTHONPATH} /usr/bin/python3 -W ignore:setup.py install is deprecated -W ignore:easy_install command is deprecated setup.py egg_info --egg-base ../../../build/sector_tuner build --build-base /home/misys/forza_ws/race_stack/build/sector_tuner/build install --record /home/misys/forza_ws/race_stack/build/sector_tuner/install.log --single-version-externally-managed install_data
[5.602s] running egg_info
[5.605s] writing ../../../build/sector_tuner/sector_tuner.egg-info/PKG-INFO
[5.606s] writing dependency_links to ../../../build/sector_tuner/sector_tuner.egg-info/dependency_links.txt
[5.608s] writing entry points to ../../../build/sector_tuner/sector_tuner.egg-info/entry_points.txt
[5.608s] writing requirements to ../../../build/sector_tuner/sector_tuner.egg-info/requires.txt
[5.608s] writing top-level names to ../../../build/sector_tuner/sector_tuner.egg-info/top_level.txt
[5.613s] reading manifest file '../../../build/sector_tuner/sector_tuner.egg-info/SOURCES.txt'
[5.615s] writing manifest file '../../../build/sector_tuner/sector_tuner.egg-info/SOURCES.txt'
[5.616s] running build
[5.616s] running build_py
[5.618s] running build_scripts
[5.618s] running install
[5.619s] running install_lib
[5.626s] running install_data
[5.626s] running install_egg_info
[5.646s] removing '/home/misys/forza_ws/race_stack/install/sector_tuner/lib/python3.10/site-packages/sector_tuner-0.0.0-py3.10.egg-info' (and everything under it)
[5.646s] Copying ../../../build/sector_tuner/sector_tuner.egg-info to /home/misys/forza_ws/race_stack/install/sector_tuner/lib/python3.10/site-packages/sector_tuner-0.0.0-py3.10.egg-info
[5.650s] running install_scripts
[5.717s] changing mode of /home/misys/forza_ws/race_stack/install/sector_tuner/lib/sector_tuner/finish_sector.sh to 755
[5.720s] Installing ot_interpolator script to /home/misys/forza_ws/race_stack/install/sector_tuner/lib/sector_tuner
[5.723s] Installing ot_sector_slicer script to /home/misys/forza_ws/race_stack/install/sector_tuner/lib/sector_tuner
[5.723s] Installing sector_slicer script to /home/misys/forza_ws/race_stack/install/sector_tuner/lib/sector_tuner
[5.723s] Installing sector_tuner script to /home/misys/forza_ws/race_stack/install/sector_tuner/lib/sector_tuner
[5.724s] writing list of installed files to '/home/misys/forza_ws/race_stack/build/sector_tuner/install.log'
[6.052s] Invoked command in '/home/misys/forza_ws/race_stack/utilities/nodes/sector_tuner' returned '0': PYTHONPATH=/home/misys/forza_ws/race_stack/build/sector_tuner/prefix_override:/usr/lib/python3/dist-packages/colcon_core/task/python/colcon_distutils_commands:/home/misys/forza_ws/race_stack/install/sector_tuner/lib/python3.10/site-packages:${PYTHONPATH} /usr/bin/python3 -W ignore:setup.py install is deprecated -W ignore:easy_install command is deprecated setup.py egg_info --egg-base ../../../build/sector_tuner build --build-base /home/misys/forza_ws/race_stack/build/sector_tuner/build install --record /home/misys/forza_ws/race_stack/build/sector_tuner/install.log --single-version-externally-managed install_data
