[6.556s] Invoking command in '/home/misys/forza_ws/race_stack/state_estimation': PYTHONPATH=/home/misys/forza_ws/race_stack/build/state_estimation/prefix_override:/usr/lib/python3/dist-packages/colcon_core/task/python/colcon_distutils_commands:/home/misys/forza_ws/race_stack/install/state_estimation/lib/python3.10/site-packages:${PYTHONPATH} /usr/bin/python3 -W ignore:setup.py install is deprecated -W ignore:easy_install command is deprecated setup.py egg_info --egg-base ../build/state_estimation build --build-base /home/misys/forza_ws/race_stack/build/state_estimation/build install --record /home/misys/forza_ws/race_stack/build/state_estimation/install.log --single-version-externally-managed install_data
[9.193s] running egg_info
[9.208s] creating ../build/state_estimation/state_estimation.egg-info
[9.212s] writing ../build/state_estimation/state_estimation.egg-info/PKG-INFO
[9.213s] writing dependency_links to ../build/state_estimation/state_estimation.egg-info/dependency_links.txt
[9.217s] writing entry points to ../build/state_estimation/state_estimation.egg-info/entry_points.txt
[9.218s] writing requirements to ../build/state_estimation/state_estimation.egg-info/requires.txt
[9.221s] writing top-level names to ../build/state_estimation/state_estimation.egg-info/top_level.txt
[9.222s] writing manifest file '../build/state_estimation/state_estimation.egg-info/SOURCES.txt'
[9.240s] reading manifest file '../build/state_estimation/state_estimation.egg-info/SOURCES.txt'
[9.255s] adding license file 'LICENSE'
[9.257s] writing manifest file '../build/state_estimation/state_estimation.egg-info/SOURCES.txt'
[9.257s] running build
[9.257s] running build_py
[9.257s] creating /home/misys/forza_ws/race_stack/build/state_estimation/build
[9.257s] creating /home/misys/forza_ws/race_stack/build/state_estimation/build/lib
[9.258s] creating /home/misys/forza_ws/race_stack/build/state_estimation/build/lib/state_estimation
[9.270s] copying state_estimation/carstate_node.py -> /home/misys/forza_ws/race_stack/build/state_estimation/build/lib/state_estimation
[9.275s] copying state_estimation/__init__.py -> /home/misys/forza_ws/race_stack/build/state_estimation/build/lib/state_estimation
[9.275s] running install
[9.276s] running install_lib
[9.278s] creating /home/misys/forza_ws/race_stack/install/state_estimation/lib/python3.10/site-packages/state_estimation
[9.282s] copying /home/misys/forza_ws/race_stack/build/state_estimation/build/lib/state_estimation/carstate_node.py -> /home/misys/forza_ws/race_stack/install/state_estimation/lib/python3.10/site-packages/state_estimation
[9.282s] copying /home/misys/forza_ws/race_stack/build/state_estimation/build/lib/state_estimation/__init__.py -> /home/misys/forza_ws/race_stack/install/state_estimation/lib/python3.10/site-packages/state_estimation
[9.288s] byte-compiling /home/misys/forza_ws/race_stack/install/state_estimation/lib/python3.10/site-packages/state_estimation/carstate_node.py to carstate_node.cpython-310.pyc
[9.298s] byte-compiling /home/misys/forza_ws/race_stack/install/state_estimation/lib/python3.10/site-packages/state_estimation/__init__.py to __init__.cpython-310.pyc
[9.303s] running install_data
[9.303s] creating /home/misys/forza_ws/race_stack/install/state_estimation/share/ament_index
[9.303s] creating /home/misys/forza_ws/race_stack/install/state_estimation/share/ament_index/resource_index
[9.303s] creating /home/misys/forza_ws/race_stack/install/state_estimation/share/ament_index/resource_index/packages
[9.304s] copying resource/state_estimation -> /home/misys/forza_ws/race_stack/install/state_estimation/share/ament_index/resource_index/packages
[9.304s] copying package.xml -> /home/misys/forza_ws/race_stack/install/state_estimation/share/state_estimation
[9.304s] creating /home/misys/forza_ws/race_stack/install/state_estimation/share/state_estimation/config
[9.304s] copying config/ekf.yaml -> /home/misys/forza_ws/race_stack/install/state_estimation/share/state_estimation/config
[9.307s] copying config/ekf_sim.yaml -> /home/misys/forza_ws/race_stack/install/state_estimation/share/state_estimation/config
[9.311s] creating /home/misys/forza_ws/race_stack/install/state_estimation/share/state_estimation/launch
[9.311s] copying launch/state_estimation_launch.xml -> /home/misys/forza_ws/race_stack/install/state_estimation/share/state_estimation/launch
[9.315s] copying launch/ekf_launch.py -> /home/misys/forza_ws/race_stack/install/state_estimation/share/state_estimation/launch
[9.319s] running install_egg_info
[9.335s] Copying ../build/state_estimation/state_estimation.egg-info to /home/misys/forza_ws/race_stack/install/state_estimation/lib/python3.10/site-packages/state_estimation-0.0.0-py3.10.egg-info
[9.337s] running install_scripts
[9.495s] Installing carstate_node script to /home/misys/forza_ws/race_stack/install/state_estimation/lib/state_estimation
[9.504s] writing list of installed files to '/home/misys/forza_ws/race_stack/build/state_estimation/install.log'
[9.986s] Invoked command in '/home/misys/forza_ws/race_stack/state_estimation' returned '0': PYTHONPATH=/home/misys/forza_ws/race_stack/build/state_estimation/prefix_override:/usr/lib/python3/dist-packages/colcon_core/task/python/colcon_distutils_commands:/home/misys/forza_ws/race_stack/install/state_estimation/lib/python3.10/site-packages:${PYTHONPATH} /usr/bin/python3 -W ignore:setup.py install is deprecated -W ignore:easy_install command is deprecated setup.py egg_info --egg-base ../build/state_estimation build --build-base /home/misys/forza_ws/race_stack/build/state_estimation/build install --record /home/misys/forza_ws/race_stack/build/state_estimation/install.log --single-version-externally-managed install_data
