[2.893s] Invoking command in '/home/misys/forza_ws/race_stack/stack_master': PYTHONPATH=/home/misys/forza_ws/race_stack/build/stack_master/prefix_override:/usr/lib/python3/dist-packages/colcon_core/task/python/colcon_distutils_commands:/home/misys/forza_ws/race_stack/install/stack_master/lib/python3.10/site-packages:${PYTHONPATH} /usr/bin/python3 -W ignore:setup.py install is deprecated -W ignore:easy_install command is deprecated setup.py egg_info --egg-base ../build/stack_master build --build-base /home/misys/forza_ws/race_stack/build/stack_master/build install --record /home/misys/forza_ws/race_stack/build/stack_master/install.log --single-version-externally-managed install_data
[3.624s] running egg_info
[3.625s] writing ../build/stack_master/stack_master.egg-info/PKG-INFO
[3.626s] writing dependency_links to ../build/stack_master/stack_master.egg-info/dependency_links.txt
[3.626s] writing entry points to ../build/stack_master/stack_master.egg-info/entry_points.txt
[3.627s] writing requirements to ../build/stack_master/stack_master.egg-info/requires.txt
[3.627s] writing top-level names to ../build/stack_master/stack_master.egg-info/top_level.txt
[3.632s] reading manifest file '../build/stack_master/stack_master.egg-info/SOURCES.txt'
[3.633s] adding license file 'LICENSE'
[3.635s] writing manifest file '../build/stack_master/stack_master.egg-info/SOURCES.txt'
[3.636s] running build
[3.636s] running build_py
[3.637s] running install
[3.638s] running install_lib
[3.642s] running install_data
[3.648s] copying maps/teras/global_waypoints.json -> /home/misys/forza_ws/race_stack/install/stack_master/share/stack_master/maps/teras
[3.656s] copying maps/teras/speed_scaling.yaml -> /home/misys/forza_ws/race_stack/install/stack_master/share/stack_master/maps/teras
[3.657s] copying maps/teras/ot_sectors.yaml -> /home/misys/forza_ws/race_stack/install/stack_master/share/stack_master/maps/teras
[3.658s] running install_egg_info
[3.665s] removing '/home/misys/forza_ws/race_stack/install/stack_master/lib/python3.10/site-packages/stack_master-0.0.0-py3.10.egg-info' (and everything under it)
[3.666s] Copying ../build/stack_master/stack_master.egg-info to /home/misys/forza_ws/race_stack/install/stack_master/lib/python3.10/site-packages/stack_master-0.0.0-py3.10.egg-info
[3.669s] running install_scripts
[3.719s] Installing global_parameter_node script to /home/misys/forza_ws/race_stack/install/stack_master/lib/stack_master
[3.721s] writing list of installed files to '/home/misys/forza_ws/race_stack/build/stack_master/install.log'
[3.893s] Invoked command in '/home/misys/forza_ws/race_stack/stack_master' returned '0': PYTHONPATH=/home/misys/forza_ws/race_stack/build/stack_master/prefix_override:/usr/lib/python3/dist-packages/colcon_core/task/python/colcon_distutils_commands:/home/misys/forza_ws/race_stack/install/stack_master/lib/python3.10/site-packages:${PYTHONPATH} /usr/bin/python3 -W ignore:setup.py install is deprecated -W ignore:easy_install command is deprecated setup.py egg_info --egg-base ../build/stack_master build --build-base /home/misys/forza_ws/race_stack/build/stack_master/build install --record /home/misys/forza_ws/race_stack/build/stack_master/install.log --single-version-externally-managed install_data
