[5.172s] Invoking command in '/home/misys/forza_ws/race_stack/controller': PYTHONPATH=/home/misys/forza_ws/race_stack/build/controller/prefix_override:/usr/lib/python3/dist-packages/colcon_core/task/python/colcon_distutils_commands:/home/misys/forza_ws/race_stack/install/controller/lib/python3.10/site-packages:${PYTHONPATH} /usr/bin/python3 -W ignore:setup.py install is deprecated -W ignore:easy_install command is deprecated setup.py egg_info --egg-base ../build/controller build --build-base /home/misys/forza_ws/race_stack/build/controller/build install --record /home/misys/forza_ws/race_stack/build/controller/install.log --single-version-externally-managed install_data
[7.520s] running egg_info
[7.521s] creating ../build/controller/controller.egg-info
[7.533s] writing ../build/controller/controller.egg-info/PKG-INFO
[7.533s] writing dependency_links to ../build/controller/controller.egg-info/dependency_links.txt
[7.534s] writing entry points to ../build/controller/controller.egg-info/entry_points.txt
[7.535s] writing requirements to ../build/controller/controller.egg-info/requires.txt
[7.536s] writing top-level names to ../build/controller/controller.egg-info/top_level.txt
[7.545s] writing manifest file '../build/controller/controller.egg-info/SOURCES.txt'
[7.562s] reading manifest file '../build/controller/controller.egg-info/SOURCES.txt'
[7.562s] adding license file 'LICENSE'
[7.564s] writing manifest file '../build/controller/controller.egg-info/SOURCES.txt'
[7.564s] running build
[7.564s] running build_py
[7.565s] creating /home/misys/forza_ws/race_stack/build/controller/build
[7.572s] creating /home/misys/forza_ws/race_stack/build/controller/build/lib
[7.573s] creating /home/misys/forza_ws/race_stack/build/controller/build/lib/controller
[7.573s] copying controller/pp.py -> /home/misys/forza_ws/race_stack/build/controller/build/lib/controller
[7.578s] copying controller/map.py -> /home/misys/forza_ws/race_stack/build/controller/build/lib/controller
[7.579s] copying controller/controller_manager.py -> /home/misys/forza_ws/race_stack/build/controller/build/lib/controller
[7.579s] copying controller/ftg.py -> /home/misys/forza_ws/race_stack/build/controller/build/lib/controller
[7.584s] copying controller/__init__.py -> /home/misys/forza_ws/race_stack/build/controller/build/lib/controller
[7.585s] running install
[7.586s] running install_lib
[7.588s] creating /home/misys/forza_ws/race_stack/install/controller/lib/python3.10/site-packages/controller
[7.597s] copying /home/misys/forza_ws/race_stack/build/controller/build/lib/controller/pp.py -> /home/misys/forza_ws/race_stack/install/controller/lib/python3.10/site-packages/controller
[7.598s] copying /home/misys/forza_ws/race_stack/build/controller/build/lib/controller/map.py -> /home/misys/forza_ws/race_stack/install/controller/lib/python3.10/site-packages/controller
[7.599s] copying /home/misys/forza_ws/race_stack/build/controller/build/lib/controller/controller_manager.py -> /home/misys/forza_ws/race_stack/install/controller/lib/python3.10/site-packages/controller
[7.599s] copying /home/misys/forza_ws/race_stack/build/controller/build/lib/controller/ftg.py -> /home/misys/forza_ws/race_stack/install/controller/lib/python3.10/site-packages/controller
[7.605s] copying /home/misys/forza_ws/race_stack/build/controller/build/lib/controller/__init__.py -> /home/misys/forza_ws/race_stack/install/controller/lib/python3.10/site-packages/controller
[7.606s] byte-compiling /home/misys/forza_ws/race_stack/install/controller/lib/python3.10/site-packages/controller/pp.py to pp.cpython-310.pyc
[7.619s] byte-compiling /home/misys/forza_ws/race_stack/install/controller/lib/python3.10/site-packages/controller/map.py to map.cpython-310.pyc
[7.637s] byte-compiling /home/misys/forza_ws/race_stack/install/controller/lib/python3.10/site-packages/controller/controller_manager.py to controller_manager.cpython-310.pyc
[7.662s] byte-compiling /home/misys/forza_ws/race_stack/install/controller/lib/python3.10/site-packages/controller/ftg.py to ftg.cpython-310.pyc
[7.683s] byte-compiling /home/misys/forza_ws/race_stack/install/controller/lib/python3.10/site-packages/controller/__init__.py to __init__.cpython-310.pyc
[7.685s] running install_data
[7.685s] creating /home/misys/forza_ws/race_stack/install/controller/share/ament_index
[7.686s] creating /home/misys/forza_ws/race_stack/install/controller/share/ament_index/resource_index
[7.686s] creating /home/misys/forza_ws/race_stack/install/controller/share/ament_index/resource_index/packages
[7.687s] copying resource/controller -> /home/misys/forza_ws/race_stack/install/controller/share/ament_index/resource_index/packages
[7.688s] copying package.xml -> /home/misys/forza_ws/race_stack/install/controller/share/controller
[7.697s] creating /home/misys/forza_ws/race_stack/install/controller/share/controller/launch
[7.698s] copying launch/controller_launch.xml -> /home/misys/forza_ws/race_stack/install/controller/share/controller/launch
[7.704s] running install_egg_info
[7.710s] Copying ../build/controller/controller.egg-info to /home/misys/forza_ws/race_stack/install/controller/lib/python3.10/site-packages/controller-0.0.0-py3.10.egg-info
[7.722s] running install_scripts
[7.829s] Installing controller script to /home/misys/forza_ws/race_stack/install/controller/lib/controller
[7.833s] writing list of installed files to '/home/misys/forza_ws/race_stack/build/controller/install.log'
[8.168s] Invoked command in '/home/misys/forza_ws/race_stack/controller' returned '0': PYTHONPATH=/home/misys/forza_ws/race_stack/build/controller/prefix_override:/usr/lib/python3/dist-packages/colcon_core/task/python/colcon_distutils_commands:/home/misys/forza_ws/race_stack/install/controller/lib/python3.10/site-packages:${PYTHONPATH} /usr/bin/python3 -W ignore:setup.py install is deprecated -W ignore:easy_install command is deprecated setup.py egg_info --egg-base ../build/controller build --build-base /home/misys/forza_ws/race_stack/build/controller/build install --record /home/misys/forza_ws/race_stack/build/controller/install.log --single-version-externally-managed install_data
