[2.380s] Invoking command in '/home/misys/forza_ws/race_stack/system_identification/steering_lookup': PYTHONPATH=/home/misys/forza_ws/race_stack/build/steering_lookup/prefix_override:/usr/lib/python3/dist-packages/colcon_core/task/python/colcon_distutils_commands:/home/misys/forza_ws/race_stack/install/steering_lookup/lib/python3.10/site-packages:${PYTHONPATH} /usr/bin/python3 -W ignore:setup.py install is deprecated -W ignore:easy_install command is deprecated setup.py egg_info --egg-base ../../build/steering_lookup build --build-base /home/misys/forza_ws/race_stack/build/steering_lookup/build install --record /home/misys/forza_ws/race_stack/build/steering_lookup/install.log --single-version-externally-managed install_data
[3.077s] running egg_info
[3.078s] writing ../../build/steering_lookup/steering_lookup.egg-info/PKG-INFO
[3.079s] writing dependency_links to ../../build/steering_lookup/steering_lookup.egg-info/dependency_links.txt
[3.079s] writing requirements to ../../build/steering_lookup/steering_lookup.egg-info/requires.txt
[3.080s] writing top-level names to ../../build/steering_lookup/steering_lookup.egg-info/top_level.txt
[3.083s] reading manifest file '../../build/steering_lookup/steering_lookup.egg-info/SOURCES.txt'
[3.084s] adding license file 'LICENSE'
[3.085s] writing manifest file '../../build/steering_lookup/steering_lookup.egg-info/SOURCES.txt'
[3.085s] running build
[3.085s] running build_py
[3.086s] running install
[3.086s] running install_lib
[3.090s] running install_data
[3.090s] running install_egg_info
[3.094s] removing '/home/misys/forza_ws/race_stack/install/steering_lookup/lib/python3.10/site-packages/steering_lookup-0.0.0-py3.10.egg-info' (and everything under it)
[3.095s] Copying ../../build/steering_lookup/steering_lookup.egg-info to /home/misys/forza_ws/race_stack/install/steering_lookup/lib/python3.10/site-packages/steering_lookup-0.0.0-py3.10.egg-info
[3.097s] running install_scripts
[3.145s] writing list of installed files to '/home/misys/forza_ws/race_stack/build/steering_lookup/install.log'
[4.020s] Invoked command in '/home/misys/forza_ws/race_stack/system_identification/steering_lookup' returned '0': PYTHONPATH=/home/misys/forza_ws/race_stack/build/steering_lookup/prefix_override:/usr/lib/python3/dist-packages/colcon_core/task/python/colcon_distutils_commands:/home/misys/forza_ws/race_stack/install/steering_lookup/lib/python3.10/site-packages:${PYTHONPATH} /usr/bin/python3 -W ignore:setup.py install is deprecated -W ignore:easy_install command is deprecated setup.py egg_info --egg-base ../../build/steering_lookup build --build-base /home/misys/forza_ws/race_stack/build/steering_lookup/build install --record /home/misys/forza_ws/race_stack/build/steering_lookup/install.log --single-version-externally-managed install_data
