[4.492s] Invoking command in '/home/misys/forza_ws/race_stack/system_identification/steering_lookup': PYTHONPATH=/home/misys/forza_ws/race_stack/build/steering_lookup/prefix_override:/usr/lib/python3/dist-packages/colcon_core/task/python/colcon_distutils_commands:/home/misys/forza_ws/race_stack/install/steering_lookup/lib/python3.10/site-packages:${PYTHONPATH} /usr/bin/python3 -W ignore:setup.py install is deprecated -W ignore:easy_install command is deprecated setup.py egg_info --egg-base ../../build/steering_lookup build --build-base /home/misys/forza_ws/race_stack/build/steering_lookup/build install --record /home/misys/forza_ws/race_stack/build/steering_lookup/install.log --single-version-externally-managed install_data
[5.214s] running egg_info
[5.215s] writing ../../build/steering_lookup/steering_lookup.egg-info/PKG-INFO
[5.216s] writing dependency_links to ../../build/steering_lookup/steering_lookup.egg-info/dependency_links.txt
[5.216s] writing requirements to ../../build/steering_lookup/steering_lookup.egg-info/requires.txt
[5.217s] writing top-level names to ../../build/steering_lookup/steering_lookup.egg-info/top_level.txt
[5.232s] reading manifest file '../../build/steering_lookup/steering_lookup.egg-info/SOURCES.txt'
[5.232s] adding license file 'LICENSE'
[5.233s] writing manifest file '../../build/steering_lookup/steering_lookup.egg-info/SOURCES.txt'
[5.233s] running build
[5.233s] running build_py
[5.233s] running install
[5.233s] running install_lib
[5.233s] running install_data
[5.233s] running install_egg_info
[5.234s] removing '/home/misys/forza_ws/race_stack/install/steering_lookup/lib/python3.10/site-packages/steering_lookup-0.0.0-py3.10.egg-info' (and everything under it)
[5.235s] Copying ../../build/steering_lookup/steering_lookup.egg-info to /home/misys/forza_ws/race_stack/install/steering_lookup/lib/python3.10/site-packages/steering_lookup-0.0.0-py3.10.egg-info
[5.237s] running install_scripts
[5.291s] writing list of installed files to '/home/misys/forza_ws/race_stack/build/steering_lookup/install.log'
[5.393s] Invoked command in '/home/misys/forza_ws/race_stack/system_identification/steering_lookup' returned '0': PYTHONPATH=/home/misys/forza_ws/race_stack/build/steering_lookup/prefix_override:/usr/lib/python3/dist-packages/colcon_core/task/python/colcon_distutils_commands:/home/misys/forza_ws/race_stack/install/steering_lookup/lib/python3.10/site-packages:${PYTHONPATH} /usr/bin/python3 -W ignore:setup.py install is deprecated -W ignore:easy_install command is deprecated setup.py egg_info --egg-base ../../build/steering_lookup build --build-base /home/misys/forza_ws/race_stack/build/steering_lookup/build install --record /home/misys/forza_ws/race_stack/build/steering_lookup/install.log --single-version-externally-managed install_data
