[5.325s] Invoking command in '/home/misys/forza_ws/race_stack/planner/global_planner': PYTHONPATH=/home/misys/forza_ws/race_stack/build/global_planner/prefix_override:/usr/lib/python3/dist-packages/colcon_core/task/python/colcon_distutils_commands:/home/misys/forza_ws/race_stack/install/global_planner/lib/python3.10/site-packages:${PYTHONPATH} /usr/bin/python3 -W ignore:setup.py install is deprecated -W ignore:easy_install command is deprecated setup.py egg_info --egg-base ../../build/global_planner build --build-base /home/misys/forza_ws/race_stack/build/global_planner/build install --record /home/misys/forza_ws/race_stack/build/global_planner/install.log --single-version-externally-managed install_data
[6.447s] running egg_info
[6.451s] writing ../../build/global_planner/global_planner.egg-info/PKG-INFO
[6.451s] writing dependency_links to ../../build/global_planner/global_planner.egg-info/dependency_links.txt
[6.451s] writing entry points to ../../build/global_planner/global_planner.egg-info/entry_points.txt
[6.456s] writing requirements to ../../build/global_planner/global_planner.egg-info/requires.txt
[6.457s] writing top-level names to ../../build/global_planner/global_planner.egg-info/top_level.txt
[6.463s] reading manifest file '../../build/global_planner/global_planner.egg-info/SOURCES.txt'
[6.464s] adding license file 'LICENSE'
[6.468s] writing manifest file '../../build/global_planner/global_planner.egg-info/SOURCES.txt'
[6.472s] running build
[6.473s] running build_py
[6.474s] running install
[6.475s] running install_lib
[6.483s] running install_data
[6.485s] running install_egg_info
[6.497s] removing '/home/misys/forza_ws/race_stack/install/global_planner/lib/python3.10/site-packages/global_planner-0.0.0-py3.10.egg-info' (and everything under it)
[6.499s] Copying ../../build/global_planner/global_planner.egg-info to /home/misys/forza_ws/race_stack/install/global_planner/lib/python3.10/site-packages/global_planner-0.0.0-py3.10.egg-info
[6.506s] running install_scripts
[6.608s] Installing global_planner script to /home/misys/forza_ws/race_stack/install/global_planner/lib/global_planner
[6.608s] Installing global_trajectory_publisher script to /home/misys/forza_ws/race_stack/install/global_planner/lib/global_planner
[6.609s] writing list of installed files to '/home/misys/forza_ws/race_stack/build/global_planner/install.log'
[7.173s] Invoked command in '/home/misys/forza_ws/race_stack/planner/global_planner' returned '0': PYTHONPATH=/home/misys/forza_ws/race_stack/build/global_planner/prefix_override:/usr/lib/python3/dist-packages/colcon_core/task/python/colcon_distutils_commands:/home/misys/forza_ws/race_stack/install/global_planner/lib/python3.10/site-packages:${PYTHONPATH} /usr/bin/python3 -W ignore:setup.py install is deprecated -W ignore:easy_install command is deprecated setup.py egg_info --egg-base ../../build/global_planner build --build-base /home/misys/forza_ws/race_stack/build/global_planner/build install --record /home/misys/forza_ws/race_stack/build/global_planner/install.log --single-version-externally-managed install_data
