[5.861s] Invoking command in '/home/misys/forza_ws/race_stack/base_system/f110_simulator/f1tenth_gym_ros': PYTHONPATH=/home/misys/forza_ws/race_stack/build/f1tenth_gym_ros/prefix_override:/usr/lib/python3/dist-packages/colcon_core/task/python/colcon_distutils_commands:/home/misys/forza_ws/race_stack/install/f1tenth_gym_ros/lib/python3.10/site-packages:${PYTHONPATH} /usr/bin/python3 -W ignore:setup.py install is deprecated -W ignore:easy_install command is deprecated setup.py egg_info --egg-base ../../../build/f1tenth_gym_ros build --build-base /home/misys/forza_ws/race_stack/build/f1tenth_gym_ros/build install --record /home/misys/forza_ws/race_stack/build/f1tenth_gym_ros/install.log --single-version-externally-managed install_data
[7.751s] running egg_info
[7.753s] writing ../../../build/f1tenth_gym_ros/f1tenth_gym_ros.egg-info/PKG-INFO
[7.754s] writing dependency_links to ../../../build/f1tenth_gym_ros/f1tenth_gym_ros.egg-info/dependency_links.txt
[7.754s] writing entry points to ../../../build/f1tenth_gym_ros/f1tenth_gym_ros.egg-info/entry_points.txt
[7.755s] writing requirements to ../../../build/f1tenth_gym_ros/f1tenth_gym_ros.egg-info/requires.txt
[7.755s] writing top-level names to ../../../build/f1tenth_gym_ros/f1tenth_gym_ros.egg-info/top_level.txt
[7.760s] reading manifest file '../../../build/f1tenth_gym_ros/f1tenth_gym_ros.egg-info/SOURCES.txt'
[7.760s] adding license file 'LICENSE'
[7.762s] writing manifest file '../../../build/f1tenth_gym_ros/f1tenth_gym_ros.egg-info/SOURCES.txt'
[7.763s] running build
[7.763s] running build_py
[7.763s] running install
[7.764s] running install_lib
[7.767s] running install_data
[7.768s] running install_egg_info
[7.773s] removing '/home/misys/forza_ws/race_stack/install/f1tenth_gym_ros/lib/python3.10/site-packages/f1tenth_gym_ros-0.0.0-py3.10.egg-info' (and everything under it)
[7.779s] Copying ../../../build/f1tenth_gym_ros/f1tenth_gym_ros.egg-info to /home/misys/forza_ws/race_stack/install/f1tenth_gym_ros/lib/python3.10/site-packages/f1tenth_gym_ros-0.0.0-py3.10.egg-info
[7.779s] running install_scripts
[7.838s] Installing gym_bridge script to /home/misys/forza_ws/race_stack/install/f1tenth_gym_ros/lib/f1tenth_gym_ros
[7.839s] writing list of installed files to '/home/misys/forza_ws/race_stack/build/f1tenth_gym_ros/install.log'
[8.570s] Invoked command in '/home/misys/forza_ws/race_stack/base_system/f110_simulator/f1tenth_gym_ros' returned '0': PYTHONPATH=/home/misys/forza_ws/race_stack/build/f1tenth_gym_ros/prefix_override:/usr/lib/python3/dist-packages/colcon_core/task/python/colcon_distutils_commands:/home/misys/forza_ws/race_stack/install/f1tenth_gym_ros/lib/python3.10/site-packages:${PYTHONPATH} /usr/bin/python3 -W ignore:setup.py install is deprecated -W ignore:easy_install command is deprecated setup.py egg_info --egg-base ../../../build/f1tenth_gym_ros build --build-base /home/misys/forza_ws/race_stack/build/f1tenth_gym_ros/build install --record /home/misys/forza_ws/race_stack/build/f1tenth_gym_ros/install.log --single-version-externally-managed install_data
