[3.213s] Invoking command in '/home/misys/forza_ws/race_stack/utilities/nodes/lap_analyser': PYTHONPATH=/home/misys/forza_ws/race_stack/build/lap_analyser/prefix_override:/usr/lib/python3/dist-packages/colcon_core/task/python/colcon_distutils_commands:/home/misys/forza_ws/race_stack/install/lap_analyser/lib/python3.10/site-packages:${PYTHONPATH} /usr/bin/python3 -W ignore:setup.py install is deprecated -W ignore:easy_install command is deprecated setup.py egg_info --egg-base ../../../build/lap_analyser build --build-base /home/misys/forza_ws/race_stack/build/lap_analyser/build install --record /home/misys/forza_ws/race_stack/build/lap_analyser/install.log --single-version-externally-managed install_data
[3.901s] running egg_info
[3.906s] writing ../../../build/lap_analyser/lap_analyser.egg-info/PKG-INFO
[3.906s] writing dependency_links to ../../../build/lap_analyser/lap_analyser.egg-info/dependency_links.txt
[3.906s] writing entry points to ../../../build/lap_analyser/lap_analyser.egg-info/entry_points.txt
[3.906s] writing requirements to ../../../build/lap_analyser/lap_analyser.egg-info/requires.txt
[3.906s] writing top-level names to ../../../build/lap_analyser/lap_analyser.egg-info/top_level.txt
[3.917s] reading manifest file '../../../build/lap_analyser/lap_analyser.egg-info/SOURCES.txt'
[3.918s] adding license file 'LICENSE'
[3.920s] writing manifest file '../../../build/lap_analyser/lap_analyser.egg-info/SOURCES.txt'
[3.921s] running build
[3.922s] running build_py
[3.925s] running install
[3.926s] running install_lib
[3.929s] running install_data
[3.930s] running install_egg_info
[3.935s] removing '/home/misys/forza_ws/race_stack/install/lap_analyser/lib/python3.10/site-packages/lap_analyser-0.0.0-py3.10.egg-info' (and everything under it)
[3.936s] Copying ../../../build/lap_analyser/lap_analyser.egg-info to /home/misys/forza_ws/race_stack/install/lap_analyser/lib/python3.10/site-packages/lap_analyser-0.0.0-py3.10.egg-info
[3.938s] running install_scripts
[3.998s] Installing lap_analyser script to /home/misys/forza_ws/race_stack/install/lap_analyser/lib/lap_analyser
[3.999s] writing list of installed files to '/home/misys/forza_ws/race_stack/build/lap_analyser/install.log'
[4.910s] Invoked command in '/home/misys/forza_ws/race_stack/utilities/nodes/lap_analyser' returned '0': PYTHONPATH=/home/misys/forza_ws/race_stack/build/lap_analyser/prefix_override:/usr/lib/python3/dist-packages/colcon_core/task/python/colcon_distutils_commands:/home/misys/forza_ws/race_stack/install/lap_analyser/lib/python3.10/site-packages:${PYTHONPATH} /usr/bin/python3 -W ignore:setup.py install is deprecated -W ignore:easy_install command is deprecated setup.py egg_info --egg-base ../../../build/lap_analyser build --build-base /home/misys/forza_ws/race_stack/build/lap_analyser/build install --record /home/misys/forza_ws/race_stack/build/lap_analyser/install.log --single-version-externally-managed install_data
