[4.757s] Invoking command in '/home/misys/forza_ws/race_stack/utilities/nodes/opponent_publisher': PYTHONPATH=/home/misys/forza_ws/race_stack/build/opponent_publisher/prefix_override:/usr/lib/python3/dist-packages/colcon_core/task/python/colcon_distutils_commands:/home/misys/forza_ws/race_stack/install/opponent_publisher/lib/python3.10/site-packages:${PYTHONPATH} /usr/bin/python3 -W ignore:setup.py install is deprecated -W ignore:easy_install command is deprecated setup.py egg_info --egg-base ../../../build/opponent_publisher build --build-base /home/misys/forza_ws/race_stack/build/opponent_publisher/build install --record /home/misys/forza_ws/race_stack/build/opponent_publisher/install.log --single-version-externally-managed install_data
[5.982s] running egg_info
[5.989s] writing ../../../build/opponent_publisher/opponent_publisher.egg-info/PKG-INFO
[5.991s] writing dependency_links to ../../../build/opponent_publisher/opponent_publisher.egg-info/dependency_links.txt
[5.992s] writing entry points to ../../../build/opponent_publisher/opponent_publisher.egg-info/entry_points.txt
[5.992s] writing requirements to ../../../build/opponent_publisher/opponent_publisher.egg-info/requires.txt
[5.993s] writing top-level names to ../../../build/opponent_publisher/opponent_publisher.egg-info/top_level.txt
[6.000s] reading manifest file '../../../build/opponent_publisher/opponent_publisher.egg-info/SOURCES.txt'
[6.005s] adding license file 'LICENSE'
[6.022s] writing manifest file '../../../build/opponent_publisher/opponent_publisher.egg-info/SOURCES.txt'
[6.023s] running build
[6.023s] running build_py
[6.024s] running install
[6.037s] running install_lib
[6.064s] running install_data
[6.065s] running install_egg_info
[6.088s] removing '/home/misys/forza_ws/race_stack/install/opponent_publisher/lib/python3.10/site-packages/opponent_publisher-0.0.0-py3.10.egg-info' (and everything under it)
[6.106s] Copying ../../../build/opponent_publisher/opponent_publisher.egg-info to /home/misys/forza_ws/race_stack/install/opponent_publisher/lib/python3.10/site-packages/opponent_publisher-0.0.0-py3.10.egg-info
[6.116s] running install_scripts
[6.204s] Installing collision_detector script to /home/misys/forza_ws/race_stack/install/opponent_publisher/lib/opponent_publisher
[6.204s] Installing obstacle_publisher script to /home/misys/forza_ws/race_stack/install/opponent_publisher/lib/opponent_publisher
[6.204s] writing list of installed files to '/home/misys/forza_ws/race_stack/build/opponent_publisher/install.log'
[6.528s] Invoked command in '/home/misys/forza_ws/race_stack/utilities/nodes/opponent_publisher' returned '0': PYTHONPATH=/home/misys/forza_ws/race_stack/build/opponent_publisher/prefix_override:/usr/lib/python3/dist-packages/colcon_core/task/python/colcon_distutils_commands:/home/misys/forza_ws/race_stack/install/opponent_publisher/lib/python3.10/site-packages:${PYTHONPATH} /usr/bin/python3 -W ignore:setup.py install is deprecated -W ignore:easy_install command is deprecated setup.py egg_info --egg-base ../../../build/opponent_publisher build --build-base /home/misys/forza_ws/race_stack/build/opponent_publisher/build install --record /home/misys/forza_ws/race_stack/build/opponent_publisher/install.log --single-version-externally-managed install_data
