[0.687s] Invoking command in '/home/misys/forza_ws/race_stack/build/vesc_driver': AMENT_PREFIX_PATH=/home/misys/forza_ws/race_stack/install/vesc_msgs:${AMENT_PREFIX_PATH} CMAKE_PREFIX_PATH=/home/misys/forza_ws/race_stack/install/vesc_msgs:/opt/ros/humble LD_LIBRARY_PATH=/home/misys/forza_ws/race_stack/install/vesc_msgs/lib:/opt/ros/humble/opt/rviz_ogre_vendor/lib:/opt/ros/humble/lib/aarch64-linux-gnu:/opt/ros/humble/lib:/usr/local/cuda/lib64 PYTHONPATH=/home/misys/forza_ws/race_stack/install/vesc_msgs/local/lib/python3.10/dist-packages:${PYTHONPATH} /usr/bin/cmake --build /home/misys/forza_ws/race_stack/build/vesc_driver -- -j6 -l6
[0.851s] [35m[1mConsolidate compiler generated dependencies of target vesc_driver_node[0m
[0.865s] [35m[1mConsolidate compiler generated dependencies of target vesc_driver[0m
[0.935s] [ 20%] Built target vesc_driver_node
[0.968s] [ 70%] Built target vesc_driver
[0.993s] [35m[1mConsolidate compiler generated dependencies of target vesc_device_namer[0m
[1.028s] [100%] Built target vesc_device_namer
[1.539s] Invoked command in '/home/misys/forza_ws/race_stack/build/vesc_driver' returned '0': AMENT_PREFIX_PATH=/home/misys/forza_ws/race_stack/install/vesc_msgs:${AMENT_PREFIX_PATH} CMAKE_PREFIX_PATH=/home/misys/forza_ws/race_stack/install/vesc_msgs:/opt/ros/humble LD_LIBRARY_PATH=/home/misys/forza_ws/race_stack/install/vesc_msgs/lib:/opt/ros/humble/opt/rviz_ogre_vendor/lib:/opt/ros/humble/lib/aarch64-linux-gnu:/opt/ros/humble/lib:/usr/local/cuda/lib64 PYTHONPATH=/home/misys/forza_ws/race_stack/install/vesc_msgs/local/lib/python3.10/dist-packages:${PYTHONPATH} /usr/bin/cmake --build /home/misys/forza_ws/race_stack/build/vesc_driver -- -j6 -l6
[1.541s] Invoking command in '/home/misys/forza_ws/race_stack/build/vesc_driver': AMENT_PREFIX_PATH=/home/misys/forza_ws/race_stack/install/vesc_msgs:${AMENT_PREFIX_PATH} CMAKE_PREFIX_PATH=/home/misys/forza_ws/race_stack/install/vesc_msgs:/opt/ros/humble LD_LIBRARY_PATH=/home/misys/forza_ws/race_stack/install/vesc_msgs/lib:/opt/ros/humble/opt/rviz_ogre_vendor/lib:/opt/ros/humble/lib/aarch64-linux-gnu:/opt/ros/humble/lib:/usr/local/cuda/lib64 PYTHONPATH=/home/misys/forza_ws/race_stack/install/vesc_msgs/local/lib/python3.10/dist-packages:${PYTHONPATH} /usr/bin/cmake --install /home/misys/forza_ws/race_stack/build/vesc_driver
[2.176s] -- Install configuration: ""
[2.177s] -- Up-to-date: /home/misys/forza_ws/race_stack/install/vesc_driver/lib/vesc_driver/vesc_driver_node
[2.177s] -- Up-to-date: /home/misys/forza_ws/race_stack/install/vesc_driver/include
[2.178s] -- Up-to-date: /home/misys/forza_ws/race_stack/install/vesc_driver/include/vesc_driver
[2.178s] -- Up-to-date: /home/misys/forza_ws/race_stack/install/vesc_driver/include/vesc_driver/vesc_interface.hpp
[2.179s] -- Up-to-date: /home/misys/forza_ws/race_stack/install/vesc_driver/include/vesc_driver/vesc_driver.hpp
[2.179s] -- Up-to-date: /home/misys/forza_ws/race_stack/install/vesc_driver/include/vesc_driver/vesc_packet_factory.hpp
[2.180s] -- Up-to-date: /home/misys/forza_ws/race_stack/install/vesc_driver/include/vesc_driver/datatypes.hpp
[2.180s] -- Up-to-date: /home/misys/forza_ws/race_stack/install/vesc_driver/include/vesc_driver/vesc_packet.hpp
[2.180s] -- Up-to-date: /home/misys/forza_ws/race_stack/install/vesc_driver/include/vesc_driver/crc.hpp
[2.181s] -- Up-to-date: /home/misys/forza_ws/race_stack/install/vesc_driver/include/vesc_driver/vesc_device_uuid_lookup.hpp
[2.181s] -- Up-to-date: /home/misys/forza_ws/race_stack/install/vesc_driver/share/vesc_driver/environment/library_path.sh
[2.181s] -- Up-to-date: /home/misys/forza_ws/race_stack/install/vesc_driver/share/vesc_driver/environment/library_path.dsv
[2.182s] -- Up-to-date: /home/misys/forza_ws/race_stack/install/vesc_driver/lib/libvesc_driver.so
[2.182s] -- Up-to-date: /home/misys/forza_ws/race_stack/install/vesc_driver/lib/vesc_driver/vesc_device_namer
[2.182s] -- Up-to-date: /home/misys/forza_ws/race_stack/install/vesc_driver/share/vesc_driver/launch
[2.183s] -- Up-to-date: /home/misys/forza_ws/race_stack/install/vesc_driver/share/vesc_driver/launch/vesc_driver_node.launch.py
[2.183s] -- Up-to-date: /home/misys/forza_ws/race_stack/install/vesc_driver/share/vesc_driver/params
[2.183s] -- Up-to-date: /home/misys/forza_ws/race_stack/install/vesc_driver/share/vesc_driver/params/vesc_config.yaml
[2.184s] -- Up-to-date: /home/misys/forza_ws/race_stack/install/vesc_driver/share/ament_index/resource_index/package_run_dependencies/vesc_driver
[2.184s] -- Up-to-date: /home/misys/forza_ws/race_stack/install/vesc_driver/share/ament_index/resource_index/parent_prefix_path/vesc_driver
[2.184s] -- Up-to-date: /home/misys/forza_ws/race_stack/install/vesc_driver/share/vesc_driver/environment/ament_prefix_path.sh
[2.185s] -- Up-to-date: /home/misys/forza_ws/race_stack/install/vesc_driver/share/vesc_driver/environment/ament_prefix_path.dsv
[2.185s] -- Up-to-date: /home/misys/forza_ws/race_stack/install/vesc_driver/share/vesc_driver/environment/path.sh
[2.185s] -- Up-to-date: /home/misys/forza_ws/race_stack/install/vesc_driver/share/vesc_driver/environment/path.dsv
[2.186s] -- Up-to-date: /home/misys/forza_ws/race_stack/install/vesc_driver/share/vesc_driver/local_setup.bash
[2.186s] -- Up-to-date: /home/misys/forza_ws/race_stack/install/vesc_driver/share/vesc_driver/local_setup.sh
[2.186s] -- Up-to-date: /home/misys/forza_ws/race_stack/install/vesc_driver/share/vesc_driver/local_setup.zsh
[2.187s] -- Up-to-date: /home/misys/forza_ws/race_stack/install/vesc_driver/share/vesc_driver/local_setup.dsv
[2.188s] -- Installing: /home/misys/forza_ws/race_stack/install/vesc_driver/share/vesc_driver/package.dsv
[2.188s] -- Up-to-date: /home/misys/forza_ws/race_stack/install/vesc_driver/share/ament_index/resource_index/packages/vesc_driver
[2.189s] -- Up-to-date: /home/misys/forza_ws/race_stack/install/vesc_driver/share/ament_index/resource_index/rclcpp_components/vesc_driver
[2.190s] -- Up-to-date: /home/misys/forza_ws/race_stack/install/vesc_driver/share/vesc_driver/cmake/ament_cmake_export_dependencies-extras.cmake
[2.192s] -- Up-to-date: /home/misys/forza_ws/race_stack/install/vesc_driver/share/vesc_driver/cmake/ament_cmake_export_include_directories-extras.cmake
[2.193s] -- Up-to-date: /home/misys/forza_ws/race_stack/install/vesc_driver/share/vesc_driver/cmake/ament_cmake_export_libraries-extras.cmake
[2.194s] -- Up-to-date: /home/misys/forza_ws/race_stack/install/vesc_driver/share/vesc_driver/cmake/vesc_driverConfig.cmake
[2.194s] -- Up-to-date: /home/misys/forza_ws/race_stack/install/vesc_driver/share/vesc_driver/cmake/vesc_driverConfig-version.cmake
[2.195s] -- Up-to-date: /home/misys/forza_ws/race_stack/install/vesc_driver/share/vesc_driver/package.xml
[2.238s] Invoked command in '/home/misys/forza_ws/race_stack/build/vesc_driver' returned '0': AMENT_PREFIX_PATH=/home/misys/forza_ws/race_stack/install/vesc_msgs:${AMENT_PREFIX_PATH} CMAKE_PREFIX_PATH=/home/misys/forza_ws/race_stack/install/vesc_msgs:/opt/ros/humble LD_LIBRARY_PATH=/home/misys/forza_ws/race_stack/install/vesc_msgs/lib:/opt/ros/humble/opt/rviz_ogre_vendor/lib:/opt/ros/humble/lib/aarch64-linux-gnu:/opt/ros/humble/lib:/usr/local/cuda/lib64 PYTHONPATH=/home/misys/forza_ws/race_stack/install/vesc_msgs/local/lib/python3.10/dist-packages:${PYTHONPATH} /usr/bin/cmake --install /home/misys/forza_ws/race_stack/build/vesc_driver
