[3.308s] Invoking command in '/home/misys/forza_ws/race_stack/state_estimation': PYTHONPATH=/home/misys/forza_ws/race_stack/build/state_estimation/prefix_override:/usr/lib/python3/dist-packages/colcon_core/task/python/colcon_distutils_commands:/home/misys/forza_ws/race_stack/install/state_estimation/lib/python3.10/site-packages:${PYTHONPATH} /usr/bin/python3 -W ignore:setup.py install is deprecated -W ignore:easy_install command is deprecated setup.py egg_info --egg-base ../build/state_estimation build --build-base /home/misys/forza_ws/race_stack/build/state_estimation/build install --record /home/misys/forza_ws/race_stack/build/state_estimation/install.log --single-version-externally-managed install_data
[4.070s] running egg_info
[4.071s] writing ../build/state_estimation/state_estimation.egg-info/PKG-INFO
[4.072s] writing dependency_links to ../build/state_estimation/state_estimation.egg-info/dependency_links.txt
[4.073s] writing entry points to ../build/state_estimation/state_estimation.egg-info/entry_points.txt
[4.073s] writing requirements to ../build/state_estimation/state_estimation.egg-info/requires.txt
[4.073s] writing top-level names to ../build/state_estimation/state_estimation.egg-info/top_level.txt
[4.077s] reading manifest file '../build/state_estimation/state_estimation.egg-info/SOURCES.txt'
[4.078s] adding license file 'LICENSE'
[4.079s] writing manifest file '../build/state_estimation/state_estimation.egg-info/SOURCES.txt'
[4.079s] running build
[4.079s] running build_py
[4.080s] running install
[4.081s] running install_lib
[4.084s] running install_data
[4.084s] copying config/ekf.yaml -> /home/misys/forza_ws/race_stack/install/state_estimation/share/state_estimation/config
[4.085s] running install_egg_info
[4.089s] removing '/home/misys/forza_ws/race_stack/install/state_estimation/lib/python3.10/site-packages/state_estimation-0.0.0-py3.10.egg-info' (and everything under it)
[4.090s] Copying ../build/state_estimation/state_estimation.egg-info to /home/misys/forza_ws/race_stack/install/state_estimation/lib/python3.10/site-packages/state_estimation-0.0.0-py3.10.egg-info
[4.093s] running install_scripts
[4.139s] Installing carstate_node script to /home/misys/forza_ws/race_stack/install/state_estimation/lib/state_estimation
[4.140s] writing list of installed files to '/home/misys/forza_ws/race_stack/build/state_estimation/install.log'
[4.291s] Invoked command in '/home/misys/forza_ws/race_stack/state_estimation' returned '0': PYTHONPATH=/home/misys/forza_ws/race_stack/build/state_estimation/prefix_override:/usr/lib/python3/dist-packages/colcon_core/task/python/colcon_distutils_commands:/home/misys/forza_ws/race_stack/install/state_estimation/lib/python3.10/site-packages:${PYTHONPATH} /usr/bin/python3 -W ignore:setup.py install is deprecated -W ignore:easy_install command is deprecated setup.py egg_info --egg-base ../build/state_estimation build --build-base /home/misys/forza_ws/race_stack/build/state_estimation/build install --record /home/misys/forza_ws/race_stack/build/state_estimation/install.log --single-version-externally-managed install_data
