[4.675s] Invoking command in '/home/misys/forza_ws/race_stack/utilities/nodes/lap_analyser': PYTHONPATH=/home/misys/forza_ws/race_stack/build/lap_analyser/prefix_override:/usr/lib/python3/dist-packages/colcon_core/task/python/colcon_distutils_commands:/home/misys/forza_ws/race_stack/install/lap_analyser/lib/python3.10/site-packages:${PYTHONPATH} /usr/bin/python3 -W ignore:setup.py install is deprecated -W ignore:easy_install command is deprecated setup.py egg_info --egg-base ../../../build/lap_analyser build --build-base /home/misys/forza_ws/race_stack/build/lap_analyser/build install --record /home/misys/forza_ws/race_stack/build/lap_analyser/install.log --single-version-externally-managed install_data
[5.415s] running egg_info
[5.416s] writing ../../../build/lap_analyser/lap_analyser.egg-info/PKG-INFO
[5.417s] writing dependency_links to ../../../build/lap_analyser/lap_analyser.egg-info/dependency_links.txt
[5.418s] writing entry points to ../../../build/lap_analyser/lap_analyser.egg-info/entry_points.txt
[5.419s] writing requirements to ../../../build/lap_analyser/lap_analyser.egg-info/requires.txt
[5.419s] writing top-level names to ../../../build/lap_analyser/lap_analyser.egg-info/top_level.txt
[5.425s] reading manifest file '../../../build/lap_analyser/lap_analyser.egg-info/SOURCES.txt'
[5.426s] adding license file 'LICENSE'
[5.427s] writing manifest file '../../../build/lap_analyser/lap_analyser.egg-info/SOURCES.txt'
[5.428s] running build
[5.428s] running build_py
[5.429s] running install
[5.430s] running install_lib
[5.434s] running install_data
[5.435s] running install_egg_info
[5.440s] removing '/home/misys/forza_ws/race_stack/install/lap_analyser/lib/python3.10/site-packages/lap_analyser-0.0.0-py3.10.egg-info' (and everything under it)
[5.441s] Copying ../../../build/lap_analyser/lap_analyser.egg-info to /home/misys/forza_ws/race_stack/install/lap_analyser/lib/python3.10/site-packages/lap_analyser-0.0.0-py3.10.egg-info
[5.445s] running install_scripts
[5.504s] Installing lap_analyser script to /home/misys/forza_ws/race_stack/install/lap_analyser/lib/lap_analyser
[5.506s] writing list of installed files to '/home/misys/forza_ws/race_stack/build/lap_analyser/install.log'
[5.672s] Invoked command in '/home/misys/forza_ws/race_stack/utilities/nodes/lap_analyser' returned '0': PYTHONPATH=/home/misys/forza_ws/race_stack/build/lap_analyser/prefix_override:/usr/lib/python3/dist-packages/colcon_core/task/python/colcon_distutils_commands:/home/misys/forza_ws/race_stack/install/lap_analyser/lib/python3.10/site-packages:${PYTHONPATH} /usr/bin/python3 -W ignore:setup.py install is deprecated -W ignore:easy_install command is deprecated setup.py egg_info --egg-base ../../../build/lap_analyser build --build-base /home/misys/forza_ws/race_stack/build/lap_analyser/build install --record /home/misys/forza_ws/race_stack/build/lap_analyser/install.log --single-version-externally-managed install_data
