[3.236s] Invoking command in '/home/misys/forza_ws/race_stack/utilities/nodes/opponent_publisher': PYTHONPATH=/home/misys/forza_ws/race_stack/build/opponent_publisher/prefix_override:/usr/lib/python3/dist-packages/colcon_core/task/python/colcon_distutils_commands:/home/misys/forza_ws/race_stack/install/opponent_publisher/lib/python3.10/site-packages:${PYTHONPATH} /usr/bin/python3 -W ignore:setup.py install is deprecated -W ignore:easy_install command is deprecated setup.py egg_info --egg-base ../../../build/opponent_publisher build --build-base /home/misys/forza_ws/race_stack/build/opponent_publisher/build install --record /home/misys/forza_ws/race_stack/build/opponent_publisher/install.log --single-version-externally-managed install_data
[4.139s] running egg_info
[4.140s] writing ../../../build/opponent_publisher/opponent_publisher.egg-info/PKG-INFO
[4.141s] writing dependency_links to ../../../build/opponent_publisher/opponent_publisher.egg-info/dependency_links.txt
[4.142s] writing entry points to ../../../build/opponent_publisher/opponent_publisher.egg-info/entry_points.txt
[4.142s] writing requirements to ../../../build/opponent_publisher/opponent_publisher.egg-info/requires.txt
[4.142s] writing top-level names to ../../../build/opponent_publisher/opponent_publisher.egg-info/top_level.txt
[4.148s] reading manifest file '../../../build/opponent_publisher/opponent_publisher.egg-info/SOURCES.txt'
[4.149s] adding license file 'LICENSE'
[4.150s] writing manifest file '../../../build/opponent_publisher/opponent_publisher.egg-info/SOURCES.txt'
[4.151s] running build
[4.151s] running build_py
[4.152s] running install
[4.153s] running install_lib
[4.157s] running install_data
[4.158s] running install_egg_info
[4.163s] removing '/home/misys/forza_ws/race_stack/install/opponent_publisher/lib/python3.10/site-packages/opponent_publisher-0.0.0-py3.10.egg-info' (and everything under it)
[4.164s] Copying ../../../build/opponent_publisher/opponent_publisher.egg-info to /home/misys/forza_ws/race_stack/install/opponent_publisher/lib/python3.10/site-packages/opponent_publisher-0.0.0-py3.10.egg-info
[4.166s] running install_scripts
[4.269s] Installing collision_detector script to /home/misys/forza_ws/race_stack/install/opponent_publisher/lib/opponent_publisher
[4.277s] Installing obstacle_publisher script to /home/misys/forza_ws/race_stack/install/opponent_publisher/lib/opponent_publisher
[4.278s] writing list of installed files to '/home/misys/forza_ws/race_stack/build/opponent_publisher/install.log'
[4.562s] Invoked command in '/home/misys/forza_ws/race_stack/utilities/nodes/opponent_publisher' returned '0': PYTHONPATH=/home/misys/forza_ws/race_stack/build/opponent_publisher/prefix_override:/usr/lib/python3/dist-packages/colcon_core/task/python/colcon_distutils_commands:/home/misys/forza_ws/race_stack/install/opponent_publisher/lib/python3.10/site-packages:${PYTHONPATH} /usr/bin/python3 -W ignore:setup.py install is deprecated -W ignore:easy_install command is deprecated setup.py egg_info --egg-base ../../../build/opponent_publisher build --build-base /home/misys/forza_ws/race_stack/build/opponent_publisher/build install --record /home/misys/forza_ws/race_stack/build/opponent_publisher/install.log --single-version-externally-managed install_data
