[4.983s] Invoking command in '/home/misys/forza_ws/race_stack/base_system/f110_simulator/f1tenth_gym_ros': PYTHONPATH=/home/misys/forza_ws/race_stack/build/f1tenth_gym_ros/prefix_override:/usr/lib/python3/dist-packages/colcon_core/task/python/colcon_distutils_commands:/home/misys/forza_ws/race_stack/install/f1tenth_gym_ros/lib/python3.10/site-packages:${PYTHONPATH} /usr/bin/python3 -W ignore:setup.py install is deprecated -W ignore:easy_install command is deprecated setup.py egg_info --egg-base ../../../build/f1tenth_gym_ros build --build-base /home/misys/forza_ws/race_stack/build/f1tenth_gym_ros/build install --record /home/misys/forza_ws/race_stack/build/f1tenth_gym_ros/install.log --single-version-externally-managed install_data
[6.088s] running egg_info
[6.089s] writing ../../../build/f1tenth_gym_ros/f1tenth_gym_ros.egg-info/PKG-INFO
[6.089s] writing dependency_links to ../../../build/f1tenth_gym_ros/f1tenth_gym_ros.egg-info/dependency_links.txt
[6.091s] writing entry points to ../../../build/f1tenth_gym_ros/f1tenth_gym_ros.egg-info/entry_points.txt
[6.092s] writing requirements to ../../../build/f1tenth_gym_ros/f1tenth_gym_ros.egg-info/requires.txt
[6.092s] writing top-level names to ../../../build/f1tenth_gym_ros/f1tenth_gym_ros.egg-info/top_level.txt
[6.094s] reading manifest file '../../../build/f1tenth_gym_ros/f1tenth_gym_ros.egg-info/SOURCES.txt'
[6.095s] adding license file 'LICENSE'
[6.096s] writing manifest file '../../../build/f1tenth_gym_ros/f1tenth_gym_ros.egg-info/SOURCES.txt'
[6.096s] running build
[6.096s] running build_py
[6.096s] running install
[6.097s] running install_lib
[6.099s] running install_data
[6.100s] running install_egg_info
[6.106s] removing '/home/misys/forza_ws/race_stack/install/f1tenth_gym_ros/lib/python3.10/site-packages/f1tenth_gym_ros-0.0.0-py3.10.egg-info' (and everything under it)
[6.106s] Copying ../../../build/f1tenth_gym_ros/f1tenth_gym_ros.egg-info to /home/misys/forza_ws/race_stack/install/f1tenth_gym_ros/lib/python3.10/site-packages/f1tenth_gym_ros-0.0.0-py3.10.egg-info
[6.108s] running install_scripts
[6.161s] Installing gym_bridge script to /home/misys/forza_ws/race_stack/install/f1tenth_gym_ros/lib/f1tenth_gym_ros
[6.162s] writing list of installed files to '/home/misys/forza_ws/race_stack/build/f1tenth_gym_ros/install.log'
[6.304s] Invoked command in '/home/misys/forza_ws/race_stack/base_system/f110_simulator/f1tenth_gym_ros' returned '0': PYTHONPATH=/home/misys/forza_ws/race_stack/build/f1tenth_gym_ros/prefix_override:/usr/lib/python3/dist-packages/colcon_core/task/python/colcon_distutils_commands:/home/misys/forza_ws/race_stack/install/f1tenth_gym_ros/lib/python3.10/site-packages:${PYTHONPATH} /usr/bin/python3 -W ignore:setup.py install is deprecated -W ignore:easy_install command is deprecated setup.py egg_info --egg-base ../../../build/f1tenth_gym_ros build --build-base /home/misys/forza_ws/race_stack/build/f1tenth_gym_ros/build install --record /home/misys/forza_ws/race_stack/build/f1tenth_gym_ros/install.log --single-version-externally-managed install_data
