[0.765s] Invoking command in '/home/misys/forza_ws/race_stack/build/teleop_tools': AMENT_PREFIX_PATH=/home/misys/forza_ws/race_stack/install/joy_teleop:/home/misys/forza_ws/race_stack/install/teleop_tools_msgs:/home/misys/forza_ws/race_stack/install/key_teleop:${AMENT_PREFIX_PATH} CMAKE_PREFIX_PATH=/home/misys/forza_ws/race_stack/install/teleop_tools_msgs:/opt/ros/humble LD_LIBRARY_PATH=/home/misys/forza_ws/race_stack/install/teleop_tools_msgs/lib:/opt/ros/humble/opt/rviz_ogre_vendor/lib:/opt/ros/humble/lib/aarch64-linux-gnu:/opt/ros/humble/lib:/usr/local/cuda/lib64 PYTHONPATH=/home/misys/forza_ws/race_stack/install/joy_teleop/lib/python3.10/site-packages:/home/misys/forza_ws/race_stack/install/teleop_tools_msgs/local/lib/python3.10/dist-packages:/home/misys/forza_ws/race_stack/install/key_teleop/lib/python3.10/site-packages:${PYTHONPATH} /usr/bin/cmake --build /home/misys/forza_ws/race_stack/build/teleop_tools -- -j6 -l6
[1.585s] Invoked command in '/home/misys/forza_ws/race_stack/build/teleop_tools' returned '0': AMENT_PREFIX_PATH=/home/misys/forza_ws/race_stack/install/joy_teleop:/home/misys/forza_ws/race_stack/install/teleop_tools_msgs:/home/misys/forza_ws/race_stack/install/key_teleop:${AMENT_PREFIX_PATH} CMAKE_PREFIX_PATH=/home/misys/forza_ws/race_stack/install/teleop_tools_msgs:/opt/ros/humble LD_LIBRARY_PATH=/home/misys/forza_ws/race_stack/install/teleop_tools_msgs/lib:/opt/ros/humble/opt/rviz_ogre_vendor/lib:/opt/ros/humble/lib/aarch64-linux-gnu:/opt/ros/humble/lib:/usr/local/cuda/lib64 PYTHONPATH=/home/misys/forza_ws/race_stack/install/joy_teleop/lib/python3.10/site-packages:/home/misys/forza_ws/race_stack/install/teleop_tools_msgs/local/lib/python3.10/dist-packages:/home/misys/forza_ws/race_stack/install/key_teleop/lib/python3.10/site-packages:${PYTHONPATH} /usr/bin/cmake --build /home/misys/forza_ws/race_stack/build/teleop_tools -- -j6 -l6
[1.590s] Invoking command in '/home/misys/forza_ws/race_stack/build/teleop_tools': AMENT_PREFIX_PATH=/home/misys/forza_ws/race_stack/install/joy_teleop:/home/misys/forza_ws/race_stack/install/teleop_tools_msgs:/home/misys/forza_ws/race_stack/install/key_teleop:${AMENT_PREFIX_PATH} CMAKE_PREFIX_PATH=/home/misys/forza_ws/race_stack/install/teleop_tools_msgs:/opt/ros/humble LD_LIBRARY_PATH=/home/misys/forza_ws/race_stack/install/teleop_tools_msgs/lib:/opt/ros/humble/opt/rviz_ogre_vendor/lib:/opt/ros/humble/lib/aarch64-linux-gnu:/opt/ros/humble/lib:/usr/local/cuda/lib64 PYTHONPATH=/home/misys/forza_ws/race_stack/install/joy_teleop/lib/python3.10/site-packages:/home/misys/forza_ws/race_stack/install/teleop_tools_msgs/local/lib/python3.10/dist-packages:/home/misys/forza_ws/race_stack/install/key_teleop/lib/python3.10/site-packages:${PYTHONPATH} /usr/bin/cmake --install /home/misys/forza_ws/race_stack/build/teleop_tools
[1.605s] -- Install configuration: ""
[1.606s] -- Up-to-date: /home/misys/forza_ws/race_stack/install/teleop_tools/share/ament_index/resource_index/package_run_dependencies/teleop_tools
[1.610s] -- Up-to-date: /home/misys/forza_ws/race_stack/install/teleop_tools/share/ament_index/resource_index/parent_prefix_path/teleop_tools
[1.611s] -- Up-to-date: /home/misys/forza_ws/race_stack/install/teleop_tools/share/teleop_tools/environment/ament_prefix_path.sh
[1.611s] -- Up-to-date: /home/misys/forza_ws/race_stack/install/teleop_tools/share/teleop_tools/environment/ament_prefix_path.dsv
[1.611s] -- Up-to-date: /home/misys/forza_ws/race_stack/install/teleop_tools/share/teleop_tools/environment/path.sh
[1.612s] -- Up-to-date: /home/misys/forza_ws/race_stack/install/teleop_tools/share/teleop_tools/environment/path.dsv
[1.612s] -- Up-to-date: /home/misys/forza_ws/race_stack/install/teleop_tools/share/teleop_tools/local_setup.bash
[1.613s] -- Up-to-date: /home/misys/forza_ws/race_stack/install/teleop_tools/share/teleop_tools/local_setup.sh
[1.613s] -- Up-to-date: /home/misys/forza_ws/race_stack/install/teleop_tools/share/teleop_tools/local_setup.zsh
[1.613s] -- Up-to-date: /home/misys/forza_ws/race_stack/install/teleop_tools/share/teleop_tools/local_setup.dsv
[1.613s] -- Up-to-date: /home/misys/forza_ws/race_stack/install/teleop_tools/share/teleop_tools/package.dsv
[1.614s] -- Up-to-date: /home/misys/forza_ws/race_stack/install/teleop_tools/share/ament_index/resource_index/packages/teleop_tools
[1.614s] -- Up-to-date: /home/misys/forza_ws/race_stack/install/teleop_tools/share/teleop_tools/cmake/teleop_toolsConfig.cmake
[1.614s] -- Up-to-date: /home/misys/forza_ws/race_stack/install/teleop_tools/share/teleop_tools/cmake/teleop_toolsConfig-version.cmake
[1.615s] -- Up-to-date: /home/misys/forza_ws/race_stack/install/teleop_tools/share/teleop_tools/package.xml
[1.623s] Invoked command in '/home/misys/forza_ws/race_stack/build/teleop_tools' returned '0': AMENT_PREFIX_PATH=/home/misys/forza_ws/race_stack/install/joy_teleop:/home/misys/forza_ws/race_stack/install/teleop_tools_msgs:/home/misys/forza_ws/race_stack/install/key_teleop:${AMENT_PREFIX_PATH} CMAKE_PREFIX_PATH=/home/misys/forza_ws/race_stack/install/teleop_tools_msgs:/opt/ros/humble LD_LIBRARY_PATH=/home/misys/forza_ws/race_stack/install/teleop_tools_msgs/lib:/opt/ros/humble/opt/rviz_ogre_vendor/lib:/opt/ros/humble/lib/aarch64-linux-gnu:/opt/ros/humble/lib:/usr/local/cuda/lib64 PYTHONPATH=/home/misys/forza_ws/race_stack/install/joy_teleop/lib/python3.10/site-packages:/home/misys/forza_ws/race_stack/install/teleop_tools_msgs/local/lib/python3.10/dist-packages:/home/misys/forza_ws/race_stack/install/key_teleop/lib/python3.10/site-packages:${PYTHONPATH} /usr/bin/cmake --install /home/misys/forza_ws/race_stack/build/teleop_tools
