[4.804s] Invoking command in '/home/misys/forza_ws/race_stack/utilities/nodes/lap_analyser': PYTHONPATH=/home/misys/forza_ws/race_stack/build/lap_analyser/prefix_override:/usr/lib/python3/dist-packages/colcon_core/task/python/colcon_distutils_commands:/home/misys/forza_ws/race_stack/install/lap_analyser/lib/python3.10/site-packages:${PYTHONPATH} /usr/bin/python3 -W ignore:setup.py install is deprecated -W ignore:easy_install command is deprecated setup.py egg_info --egg-base ../../../build/lap_analyser build --build-base /home/misys/forza_ws/race_stack/build/lap_analyser/build install --record /home/misys/forza_ws/race_stack/build/lap_analyser/install.log --single-version-externally-managed install_data
[5.881s] running egg_info
[5.883s] writing ../../../build/lap_analyser/lap_analyser.egg-info/PKG-INFO
[5.885s] writing dependency_links to ../../../build/lap_analyser/lap_analyser.egg-info/dependency_links.txt
[5.886s] writing entry points to ../../../build/lap_analyser/lap_analyser.egg-info/entry_points.txt
[5.887s] writing requirements to ../../../build/lap_analyser/lap_analyser.egg-info/requires.txt
[5.888s] writing top-level names to ../../../build/lap_analyser/lap_analyser.egg-info/top_level.txt
[5.893s] reading manifest file '../../../build/lap_analyser/lap_analyser.egg-info/SOURCES.txt'
[5.897s] adding license file 'LICENSE'
[5.897s] writing manifest file '../../../build/lap_analyser/lap_analyser.egg-info/SOURCES.txt'
[5.898s] running build
[5.898s] running build_py
[5.898s] running install
[5.898s] running install_lib
[5.902s] running install_data
[5.902s] running install_egg_info
[5.907s] removing '/home/misys/forza_ws/race_stack/install/lap_analyser/lib/python3.10/site-packages/lap_analyser-0.0.0-py3.10.egg-info' (and everything under it)
[5.909s] Copying ../../../build/lap_analyser/lap_analyser.egg-info to /home/misys/forza_ws/race_stack/install/lap_analyser/lib/python3.10/site-packages/lap_analyser-0.0.0-py3.10.egg-info
[5.923s] running install_scripts
[6.002s] Installing lap_analyser script to /home/misys/forza_ws/race_stack/install/lap_analyser/lib/lap_analyser
[6.003s] writing list of installed files to '/home/misys/forza_ws/race_stack/build/lap_analyser/install.log'
[6.817s] Invoked command in '/home/misys/forza_ws/race_stack/utilities/nodes/lap_analyser' returned '0': PYTHONPATH=/home/misys/forza_ws/race_stack/build/lap_analyser/prefix_override:/usr/lib/python3/dist-packages/colcon_core/task/python/colcon_distutils_commands:/home/misys/forza_ws/race_stack/install/lap_analyser/lib/python3.10/site-packages:${PYTHONPATH} /usr/bin/python3 -W ignore:setup.py install is deprecated -W ignore:easy_install command is deprecated setup.py egg_info --egg-base ../../../build/lap_analyser build --build-base /home/misys/forza_ws/race_stack/build/lap_analyser/build install --record /home/misys/forza_ws/race_stack/build/lap_analyser/install.log --single-version-externally-managed install_data
