[4.398s] Invoking command in '/home/misys/forza_ws/race_stack/utilities/nodes/opponent_publisher': PYTHONPATH=/home/misys/forza_ws/race_stack/build/opponent_publisher/prefix_override:/usr/lib/python3/dist-packages/colcon_core/task/python/colcon_distutils_commands:/home/misys/forza_ws/race_stack/install/opponent_publisher/lib/python3.10/site-packages:${PYTHONPATH} /usr/bin/python3 -W ignore:setup.py install is deprecated -W ignore:easy_install command is deprecated setup.py egg_info --egg-base ../../../build/opponent_publisher build --build-base /home/misys/forza_ws/race_stack/build/opponent_publisher/build install --record /home/misys/forza_ws/race_stack/build/opponent_publisher/install.log --single-version-externally-managed install_data
[5.125s] running egg_info
[5.125s] writing ../../../build/opponent_publisher/opponent_publisher.egg-info/PKG-INFO
[5.125s] writing dependency_links to ../../../build/opponent_publisher/opponent_publisher.egg-info/dependency_links.txt
[5.125s] writing entry points to ../../../build/opponent_publisher/opponent_publisher.egg-info/entry_points.txt
[5.125s] writing requirements to ../../../build/opponent_publisher/opponent_publisher.egg-info/requires.txt
[5.126s] writing top-level names to ../../../build/opponent_publisher/opponent_publisher.egg-info/top_level.txt
[5.130s] reading manifest file '../../../build/opponent_publisher/opponent_publisher.egg-info/SOURCES.txt'
[5.130s] adding license file 'LICENSE'
[5.131s] writing manifest file '../../../build/opponent_publisher/opponent_publisher.egg-info/SOURCES.txt'
[5.132s] running build
[5.132s] running build_py
[5.133s] running install
[5.133s] running install_lib
[5.140s] running install_data
[5.141s] running install_egg_info
[5.142s] removing '/home/misys/forza_ws/race_stack/install/opponent_publisher/lib/python3.10/site-packages/opponent_publisher-0.0.0-py3.10.egg-info' (and everything under it)
[5.147s] Copying ../../../build/opponent_publisher/opponent_publisher.egg-info to /home/misys/forza_ws/race_stack/install/opponent_publisher/lib/python3.10/site-packages/opponent_publisher-0.0.0-py3.10.egg-info
[5.148s] running install_scripts
[5.196s] Installing collision_detector script to /home/misys/forza_ws/race_stack/install/opponent_publisher/lib/opponent_publisher
[5.196s] Installing obstacle_publisher script to /home/misys/forza_ws/race_stack/install/opponent_publisher/lib/opponent_publisher
[5.196s] writing list of installed files to '/home/misys/forza_ws/race_stack/build/opponent_publisher/install.log'
[5.656s] Invoked command in '/home/misys/forza_ws/race_stack/utilities/nodes/opponent_publisher' returned '0': PYTHONPATH=/home/misys/forza_ws/race_stack/build/opponent_publisher/prefix_override:/usr/lib/python3/dist-packages/colcon_core/task/python/colcon_distutils_commands:/home/misys/forza_ws/race_stack/install/opponent_publisher/lib/python3.10/site-packages:${PYTHONPATH} /usr/bin/python3 -W ignore:setup.py install is deprecated -W ignore:easy_install command is deprecated setup.py egg_info --egg-base ../../../build/opponent_publisher build --build-base /home/misys/forza_ws/race_stack/build/opponent_publisher/build install --record /home/misys/forza_ws/race_stack/build/opponent_publisher/install.log --single-version-externally-managed install_data
