[2.756s] Invoking command in '/home/misys/forza_ws/race_stack/utilities/libraries/frenet_conversion': PYTHONPATH=/home/misys/forza_ws/race_stack/build/frenet_conversion/prefix_override:/usr/lib/python3/dist-packages/colcon_core/task/python/colcon_distutils_commands:/home/misys/forza_ws/race_stack/install/frenet_conversion/lib/python3.10/site-packages:${PYTHONPATH} /usr/bin/python3 -W ignore:setup.py install is deprecated -W ignore:easy_install command is deprecated setup.py egg_info --egg-base ../../../build/frenet_conversion build --build-base /home/misys/forza_ws/race_stack/build/frenet_conversion/build install --record /home/misys/forza_ws/race_stack/build/frenet_conversion/install.log --single-version-externally-managed install_data
[3.462s] running egg_info
[3.464s] creating ../../../build/frenet_conversion/frenet_conversion.egg-info
[3.465s] writing ../../../build/frenet_conversion/frenet_conversion.egg-info/PKG-INFO
[3.466s] writing dependency_links to ../../../build/frenet_conversion/frenet_conversion.egg-info/dependency_links.txt
[3.467s] writing entry points to ../../../build/frenet_conversion/frenet_conversion.egg-info/entry_points.txt
[3.467s] writing requirements to ../../../build/frenet_conversion/frenet_conversion.egg-info/requires.txt
[3.468s] writing top-level names to ../../../build/frenet_conversion/frenet_conversion.egg-info/top_level.txt
[3.469s] writing manifest file '../../../build/frenet_conversion/frenet_conversion.egg-info/SOURCES.txt'
[3.474s] reading manifest file '../../../build/frenet_conversion/frenet_conversion.egg-info/SOURCES.txt'
[3.476s] writing manifest file '../../../build/frenet_conversion/frenet_conversion.egg-info/SOURCES.txt'
[3.477s] running build
[3.477s] running build_py
[3.478s] creating /home/misys/forza_ws/race_stack/build/frenet_conversion/build
[3.479s] creating /home/misys/forza_ws/race_stack/build/frenet_conversion/build/lib
[3.479s] creating /home/misys/forza_ws/race_stack/build/frenet_conversion/build/lib/frenet_conversion
[3.480s] copying frenet_conversion/frenet_converter_demo_node.py -> /home/misys/forza_ws/race_stack/build/frenet_conversion/build/lib/frenet_conversion
[3.490s] copying frenet_conversion/__init__.py -> /home/misys/forza_ws/race_stack/build/frenet_conversion/build/lib/frenet_conversion
[3.491s] copying frenet_conversion/frenet_converter.py -> /home/misys/forza_ws/race_stack/build/frenet_conversion/build/lib/frenet_conversion
[3.492s] running install
[3.493s] running install_lib
[3.496s] creating /home/misys/forza_ws/race_stack/install/frenet_conversion/lib/python3.10/site-packages/frenet_conversion
[3.497s] copying /home/misys/forza_ws/race_stack/build/frenet_conversion/build/lib/frenet_conversion/frenet_converter_demo_node.py -> /home/misys/forza_ws/race_stack/install/frenet_conversion/lib/python3.10/site-packages/frenet_conversion
[3.497s] copying /home/misys/forza_ws/race_stack/build/frenet_conversion/build/lib/frenet_conversion/__init__.py -> /home/misys/forza_ws/race_stack/install/frenet_conversion/lib/python3.10/site-packages/frenet_conversion
[3.498s] copying /home/misys/forza_ws/race_stack/build/frenet_conversion/build/lib/frenet_conversion/frenet_converter.py -> /home/misys/forza_ws/race_stack/install/frenet_conversion/lib/python3.10/site-packages/frenet_conversion
[3.500s] byte-compiling /home/misys/forza_ws/race_stack/install/frenet_conversion/lib/python3.10/site-packages/frenet_conversion/frenet_converter_demo_node.py to frenet_converter_demo_node.cpython-310.pyc
[3.502s] byte-compiling /home/misys/forza_ws/race_stack/install/frenet_conversion/lib/python3.10/site-packages/frenet_conversion/__init__.py to __init__.cpython-310.pyc
[3.507s] byte-compiling /home/misys/forza_ws/race_stack/install/frenet_conversion/lib/python3.10/site-packages/frenet_conversion/frenet_converter.py to frenet_converter.cpython-310.pyc
[3.510s] running install_data
[3.511s] creating /home/misys/forza_ws/race_stack/install/frenet_conversion/share/ament_index
[3.511s] creating /home/misys/forza_ws/race_stack/install/frenet_conversion/share/ament_index/resource_index
[3.512s] creating /home/misys/forza_ws/race_stack/install/frenet_conversion/share/ament_index/resource_index/packages
[3.512s] copying resource/frenet_conversion -> /home/misys/forza_ws/race_stack/install/frenet_conversion/share/ament_index/resource_index/packages
[3.513s] copying package.xml -> /home/misys/forza_ws/race_stack/install/frenet_conversion/share/frenet_conversion
[3.514s] running install_egg_info
[3.536s] Copying ../../../build/frenet_conversion/frenet_conversion.egg-info to /home/misys/forza_ws/race_stack/install/frenet_conversion/lib/python3.10/site-packages/frenet_conversion-0.0.0-py3.10.egg-info
[3.538s] running install_scripts
[3.584s] Installing frenet_converter_demo script to /home/misys/forza_ws/race_stack/install/frenet_conversion/lib/frenet_conversion
[3.585s] writing list of installed files to '/home/misys/forza_ws/race_stack/build/frenet_conversion/install.log'
[3.720s] Invoked command in '/home/misys/forza_ws/race_stack/utilities/libraries/frenet_conversion' returned '0': PYTHONPATH=/home/misys/forza_ws/race_stack/build/frenet_conversion/prefix_override:/usr/lib/python3/dist-packages/colcon_core/task/python/colcon_distutils_commands:/home/misys/forza_ws/race_stack/install/frenet_conversion/lib/python3.10/site-packages:${PYTHONPATH} /usr/bin/python3 -W ignore:setup.py install is deprecated -W ignore:easy_install command is deprecated setup.py egg_info --egg-base ../../../build/frenet_conversion build --build-base /home/misys/forza_ws/race_stack/build/frenet_conversion/build install --record /home/misys/forza_ws/race_stack/build/frenet_conversion/install.log --single-version-externally-managed install_data
