[0.153s] Invoking command in '/home/misys/forza_ws/race_stack/build/vesc_msgs': CMAKE_PREFIX_PATH=${CMAKE_PREFIX_PATH}:/home/misys/forza_ws/race_stack/install/f1tenth_stack:/home/misys/forza_ws/race_stack/install/joy_teleop:/home/misys/forza_ws/race_stack/install/steering_lookup:/home/misys/forza_ws/race_stack/install/state_machine:/home/misys/forza_ws/race_stack/install/slam_tuner:/home/misys/forza_ws/race_stack/install/state_estimation:/home/misys/forza_ws/race_stack/install/map_editor:/home/misys/forza_ws/race_stack/install/stack_master:/home/misys/forza_ws/race_stack/install/spline_planner:/home/misys/forza_ws/race_stack/install/sector_tuner:/home/misys/forza_ws/race_stack/install/perception:/home/misys/forza_ws/race_stack/install/particle_filter:/home/misys/forza_ws/race_stack/install/opponent_publisher:/home/misys/forza_ws/race_stack/install/mouse_teleop:/home/misys/forza_ws/race_stack/install/lap_analyser:/home/misys/forza_ws/race_stack/install/key_teleop:/home/misys/forza_ws/race_stack/install/id_controller:/home/misys/forza_ws/race_stack/install/global_planner:/home/misys/forza_ws/race_stack/install/frenet_odom_republisher:/home/misys/forza_ws/race_stack/install/frenet_conversion:/home/misys/forza_ws/race_stack/install/f1tenth_gym_ros:/home/misys/forza_ws/race_stack/install/controller:/opt/ros/humble /usr/bin/cmake --build /home/misys/forza_ws/race_stack/build/vesc_msgs -- -j6 -l6
[1.805s] [  1%] Built target vesc_msgs__cpp
[1.807s] [ 12%] Built target vesc_msgs__rosidl_generator_c
[1.809s] [ 12%] Built target ament_cmake_python_copy_vesc_msgs
[1.811s] [ 23%] Built target vesc_msgs__rosidl_typesupport_cpp
[1.811s] [ 34%] Built target vesc_msgs__rosidl_typesupport_introspection_c
[1.812s] [ 45%] Built target vesc_msgs__rosidl_typesupport_introspection_cpp
[1.812s] [ 56%] Built target vesc_msgs__rosidl_typesupport_c
[1.812s] [ 67%] Built target vesc_msgs__rosidl_typesupport_fastrtps_c
[1.812s] [ 78%] Built target vesc_msgs__rosidl_typesupport_fastrtps_cpp
[1.813s] [ 78%] Built target vesc_msgs
[1.813s] [ 80%] Built target vesc_msgs__py
[1.813s] [ 89%] Built target vesc_msgs__rosidl_generator_py
[1.891s] [ 92%] Built target vesc_msgs__rosidl_typesupport_fastrtps_c__pyext
[1.914s] [ 96%] Built target vesc_msgs__rosidl_typesupport_introspection_c__pyext
[2.113s] [100%] Built target vesc_msgs__rosidl_typesupport_c__pyext
[2.422s] running egg_info
[2.423s] writing vesc_msgs.egg-info/PKG-INFO
[2.423s] writing dependency_links to vesc_msgs.egg-info/dependency_links.txt
[2.423s] writing top-level names to vesc_msgs.egg-info/top_level.txt
[2.429s] reading manifest file 'vesc_msgs.egg-info/SOURCES.txt'
[2.435s] writing manifest file 'vesc_msgs.egg-info/SOURCES.txt'
[2.589s] [100%] Built target ament_cmake_python_build_vesc_msgs_egg
[3.143s] Invoked command in '/home/misys/forza_ws/race_stack/build/vesc_msgs' returned '0': CMAKE_PREFIX_PATH=${CMAKE_PREFIX_PATH}:/home/misys/forza_ws/race_stack/install/f1tenth_stack:/home/misys/forza_ws/race_stack/install/joy_teleop:/home/misys/forza_ws/race_stack/install/steering_lookup:/home/misys/forza_ws/race_stack/install/state_machine:/home/misys/forza_ws/race_stack/install/slam_tuner:/home/misys/forza_ws/race_stack/install/state_estimation:/home/misys/forza_ws/race_stack/install/map_editor:/home/misys/forza_ws/race_stack/install/stack_master:/home/misys/forza_ws/race_stack/install/spline_planner:/home/misys/forza_ws/race_stack/install/sector_tuner:/home/misys/forza_ws/race_stack/install/perception:/home/misys/forza_ws/race_stack/install/particle_filter:/home/misys/forza_ws/race_stack/install/opponent_publisher:/home/misys/forza_ws/race_stack/install/mouse_teleop:/home/misys/forza_ws/race_stack/install/lap_analyser:/home/misys/forza_ws/race_stack/install/key_teleop:/home/misys/forza_ws/race_stack/install/id_controller:/home/misys/forza_ws/race_stack/install/global_planner:/home/misys/forza_ws/race_stack/install/frenet_odom_republisher:/home/misys/forza_ws/race_stack/install/frenet_conversion:/home/misys/forza_ws/race_stack/install/f1tenth_gym_ros:/home/misys/forza_ws/race_stack/install/controller:/opt/ros/humble /usr/bin/cmake --build /home/misys/forza_ws/race_stack/build/vesc_msgs -- -j6 -l6
[3.157s] Invoking command in '/home/misys/forza_ws/race_stack/build/vesc_msgs': CMAKE_PREFIX_PATH=${CMAKE_PREFIX_PATH}:/home/misys/forza_ws/race_stack/install/f1tenth_stack:/home/misys/forza_ws/race_stack/install/joy_teleop:/home/misys/forza_ws/race_stack/install/steering_lookup:/home/misys/forza_ws/race_stack/install/state_machine:/home/misys/forza_ws/race_stack/install/slam_tuner:/home/misys/forza_ws/race_stack/install/state_estimation:/home/misys/forza_ws/race_stack/install/map_editor:/home/misys/forza_ws/race_stack/install/stack_master:/home/misys/forza_ws/race_stack/install/spline_planner:/home/misys/forza_ws/race_stack/install/sector_tuner:/home/misys/forza_ws/race_stack/install/perception:/home/misys/forza_ws/race_stack/install/particle_filter:/home/misys/forza_ws/race_stack/install/opponent_publisher:/home/misys/forza_ws/race_stack/install/mouse_teleop:/home/misys/forza_ws/race_stack/install/lap_analyser:/home/misys/forza_ws/race_stack/install/key_teleop:/home/misys/forza_ws/race_stack/install/id_controller:/home/misys/forza_ws/race_stack/install/global_planner:/home/misys/forza_ws/race_stack/install/frenet_odom_republisher:/home/misys/forza_ws/race_stack/install/frenet_conversion:/home/misys/forza_ws/race_stack/install/f1tenth_gym_ros:/home/misys/forza_ws/race_stack/install/controller:/opt/ros/humble /usr/bin/cmake --install /home/misys/forza_ws/race_stack/build/vesc_msgs
[3.276s] -- Install configuration: ""
[3.276s] -- Up-to-date: /home/misys/forza_ws/race_stack/install/vesc_msgs/share/ament_index/resource_index/rosidl_interfaces/vesc_msgs
[3.276s] -- Up-to-date: /home/misys/forza_ws/race_stack/install/vesc_msgs/include/vesc_msgs/vesc_msgs
[3.276s] -- Up-to-date: /home/misys/forza_ws/race_stack/install/vesc_msgs/include/vesc_msgs/vesc_msgs/msg
[3.276s] -- Up-to-date: /home/misys/forza_ws/race_stack/install/vesc_msgs/include/vesc_msgs/vesc_msgs/msg/detail
[3.276s] -- Up-to-date: /home/misys/forza_ws/race_stack/install/vesc_msgs/include/vesc_msgs/vesc_msgs/msg/detail/vesc_state_stamped__functions.c
[3.276s] -- Up-to-date: /home/misys/forza_ws/race_stack/install/vesc_msgs/include/vesc_msgs/vesc_msgs/msg/detail/vesc_imu__functions.h
[3.276s] -- Up-to-date: /home/misys/forza_ws/race_stack/install/vesc_msgs/include/vesc_msgs/vesc_msgs/msg/detail/vesc_state_stamped__struct.h
[3.277s] -- Up-to-date: /home/misys/forza_ws/race_stack/install/vesc_msgs/include/vesc_msgs/vesc_msgs/msg/detail/vesc_state_stamped__functions.h
[3.277s] -- Up-to-date: /home/misys/forza_ws/race_stack/install/vesc_msgs/include/vesc_msgs/vesc_msgs/msg/detail/vesc_state_stamped__type_support.h
[3.277s] -- Up-to-date: /home/misys/forza_ws/race_stack/install/vesc_msgs/include/vesc_msgs/vesc_msgs/msg/detail/vesc_state__struct.h
[3.277s] -- Up-to-date: /home/misys/forza_ws/race_stack/install/vesc_msgs/include/vesc_msgs/vesc_msgs/msg/detail/vesc_state__functions.h
[3.277s] -- Up-to-date: /home/misys/forza_ws/race_stack/install/vesc_msgs/include/vesc_msgs/vesc_msgs/msg/detail/vesc_imu__functions.c
[3.277s] -- Up-to-date: /home/misys/forza_ws/race_stack/install/vesc_msgs/include/vesc_msgs/vesc_msgs/msg/detail/vesc_imu__type_support.h
[3.277s] -- Up-to-date: /home/misys/forza_ws/race_stack/install/vesc_msgs/include/vesc_msgs/vesc_msgs/msg/detail/vesc_state__type_support.h
[3.278s] -- Up-to-date: /home/misys/forza_ws/race_stack/install/vesc_msgs/include/vesc_msgs/vesc_msgs/msg/detail/vesc_state__functions.c
[3.278s] -- Up-to-date: /home/misys/forza_ws/race_stack/install/vesc_msgs/include/vesc_msgs/vesc_msgs/msg/detail/vesc_imu__struct.h
[3.278s] -- Up-to-date: /home/misys/forza_ws/race_stack/install/vesc_msgs/include/vesc_msgs/vesc_msgs/msg/detail/vesc_imu_stamped__struct.h
[3.278s] -- Up-to-date: /home/misys/forza_ws/race_stack/install/vesc_msgs/include/vesc_msgs/vesc_msgs/msg/detail/vesc_imu_stamped__functions.h
[3.278s] -- Up-to-date: /home/misys/forza_ws/race_stack/install/vesc_msgs/include/vesc_msgs/vesc_msgs/msg/detail/vesc_imu_stamped__type_support.h
[3.278s] -- Up-to-date: /home/misys/forza_ws/race_stack/install/vesc_msgs/include/vesc_msgs/vesc_msgs/msg/detail/vesc_imu_stamped__functions.c
[3.296s] -- Up-to-date: /home/misys/forza_ws/race_stack/install/vesc_msgs/include/vesc_msgs/vesc_msgs/msg/rosidl_generator_c__visibility_control.h
[3.296s] -- Up-to-date: /home/misys/forza_ws/race_stack/install/vesc_msgs/include/vesc_msgs/vesc_msgs/msg/vesc_imu_stamped.h
[3.296s] -- Up-to-date: /home/misys/forza_ws/race_stack/install/vesc_msgs/include/vesc_msgs/vesc_msgs/msg/vesc_state_stamped.h
[3.296s] -- Up-to-date: /home/misys/forza_ws/race_stack/install/vesc_msgs/include/vesc_msgs/vesc_msgs/msg/vesc_imu.h
[3.313s] -- Up-to-date: /home/misys/forza_ws/race_stack/install/vesc_msgs/include/vesc_msgs/vesc_msgs/msg/vesc_state.h
[3.314s] -- Up-to-date: /home/misys/forza_ws/race_stack/install/vesc_msgs/share/vesc_msgs/environment/library_path.sh
[3.314s] -- Up-to-date: /home/misys/forza_ws/race_stack/install/vesc_msgs/share/vesc_msgs/environment/library_path.dsv
[3.342s] -- Up-to-date: /home/misys/forza_ws/race_stack/install/vesc_msgs/lib/libvesc_msgs__rosidl_generator_c.so
[3.342s] -- Up-to-date: /home/misys/forza_ws/race_stack/install/vesc_msgs/include/vesc_msgs/vesc_msgs
[3.343s] -- Up-to-date: /home/misys/forza_ws/race_stack/install/vesc_msgs/include/vesc_msgs/vesc_msgs/msg
[3.343s] -- Up-to-date: /home/misys/forza_ws/race_stack/install/vesc_msgs/include/vesc_msgs/vesc_msgs/msg/detail
[3.343s] -- Up-to-date: /home/misys/forza_ws/race_stack/install/vesc_msgs/include/vesc_msgs/vesc_msgs/msg/detail/vesc_imu_stamped__rosidl_typesupport_fastrtps_c.h
[3.343s] -- Up-to-date: /home/misys/forza_ws/race_stack/install/vesc_msgs/include/vesc_msgs/vesc_msgs/msg/detail/vesc_state__rosidl_typesupport_fastrtps_c.h
[3.343s] -- Up-to-date: /home/misys/forza_ws/race_stack/install/vesc_msgs/include/vesc_msgs/vesc_msgs/msg/detail/vesc_state_stamped__rosidl_typesupport_fastrtps_c.h
[3.343s] -- Up-to-date: /home/misys/forza_ws/race_stack/install/vesc_msgs/include/vesc_msgs/vesc_msgs/msg/detail/vesc_imu__rosidl_typesupport_fastrtps_c.h
[3.344s] -- Up-to-date: /home/misys/forza_ws/race_stack/install/vesc_msgs/include/vesc_msgs/vesc_msgs/msg/rosidl_typesupport_fastrtps_c__visibility_control.h
[3.347s] -- Up-to-date: /home/misys/forza_ws/race_stack/install/vesc_msgs/lib/libvesc_msgs__rosidl_typesupport_fastrtps_c.so
[3.347s] -- Up-to-date: /home/misys/forza_ws/race_stack/install/vesc_msgs/include/vesc_msgs/vesc_msgs
[3.348s] -- Up-to-date: /home/misys/forza_ws/race_stack/install/vesc_msgs/include/vesc_msgs/vesc_msgs/msg
[3.348s] -- Up-to-date: /home/misys/forza_ws/race_stack/install/vesc_msgs/include/vesc_msgs/vesc_msgs/msg/detail
[3.348s] -- Up-to-date: /home/misys/forza_ws/race_stack/install/vesc_msgs/include/vesc_msgs/vesc_msgs/msg/detail/vesc_imu__rosidl_typesupport_introspection_c.h
[3.348s] -- Up-to-date: /home/misys/forza_ws/race_stack/install/vesc_msgs/include/vesc_msgs/vesc_msgs/msg/detail/vesc_state_stamped__type_support.c
[3.348s] -- Up-to-date: /home/misys/forza_ws/race_stack/install/vesc_msgs/include/vesc_msgs/vesc_msgs/msg/detail/vesc_state__type_support.c
[3.348s] -- Up-to-date: /home/misys/forza_ws/race_stack/install/vesc_msgs/include/vesc_msgs/vesc_msgs/msg/detail/vesc_imu_stamped__type_support.c
[3.348s] -- Up-to-date: /home/misys/forza_ws/race_stack/install/vesc_msgs/include/vesc_msgs/vesc_msgs/msg/detail/vesc_imu__type_support.c
[3.348s] -- Up-to-date: /home/misys/forza_ws/race_stack/install/vesc_msgs/include/vesc_msgs/vesc_msgs/msg/detail/vesc_state_stamped__rosidl_typesupport_introspection_c.h
[3.349s] -- Up-to-date: /home/misys/forza_ws/race_stack/install/vesc_msgs/include/vesc_msgs/vesc_msgs/msg/detail/vesc_imu_stamped__rosidl_typesupport_introspection_c.h
[3.349s] -- Up-to-date: /home/misys/forza_ws/race_stack/install/vesc_msgs/include/vesc_msgs/vesc_msgs/msg/detail/vesc_state__rosidl_typesupport_introspection_c.h
[3.349s] -- Up-to-date: /home/misys/forza_ws/race_stack/install/vesc_msgs/include/vesc_msgs/vesc_msgs/msg/rosidl_typesupport_introspection_c__visibility_control.h
[3.361s] -- Up-to-date: /home/misys/forza_ws/race_stack/install/vesc_msgs/lib/libvesc_msgs__rosidl_typesupport_introspection_c.so
[3.364s] -- Up-to-date: /home/misys/forza_ws/race_stack/install/vesc_msgs/lib/libvesc_msgs__rosidl_typesupport_c.so
[3.364s] -- Up-to-date: /home/misys/forza_ws/race_stack/install/vesc_msgs/include/vesc_msgs/vesc_msgs
[3.364s] -- Up-to-date: /home/misys/forza_ws/race_stack/install/vesc_msgs/include/vesc_msgs/vesc_msgs/msg
[3.364s] -- Up-to-date: /home/misys/forza_ws/race_stack/install/vesc_msgs/include/vesc_msgs/vesc_msgs/msg/rosidl_generator_cpp__visibility_control.hpp
[3.364s] -- Up-to-date: /home/misys/forza_ws/race_stack/install/vesc_msgs/include/vesc_msgs/vesc_msgs/msg/detail
[3.364s] -- Up-to-date: /home/misys/forza_ws/race_stack/install/vesc_msgs/include/vesc_msgs/vesc_msgs/msg/detail/vesc_imu__builder.hpp
[3.365s] -- Up-to-date: /home/misys/forza_ws/race_stack/install/vesc_msgs/include/vesc_msgs/vesc_msgs/msg/detail/vesc_state_stamped__traits.hpp
[3.388s] -- Up-to-date: /home/misys/forza_ws/race_stack/install/vesc_msgs/include/vesc_msgs/vesc_msgs/msg/detail/vesc_imu__type_support.hpp
[3.388s] -- Up-to-date: /home/misys/forza_ws/race_stack/install/vesc_msgs/include/vesc_msgs/vesc_msgs/msg/detail/vesc_imu_stamped__struct.hpp
[3.388s] -- Up-to-date: /home/misys/forza_ws/race_stack/install/vesc_msgs/include/vesc_msgs/vesc_msgs/msg/detail/vesc_imu__struct.hpp
[3.388s] -- Up-to-date: /home/misys/forza_ws/race_stack/install/vesc_msgs/include/vesc_msgs/vesc_msgs/msg/detail/vesc_state_stamped__type_support.hpp
[3.388s] -- Up-to-date: /home/misys/forza_ws/race_stack/install/vesc_msgs/include/vesc_msgs/vesc_msgs/msg/detail/vesc_state_stamped__builder.hpp
[3.388s] -- Up-to-date: /home/misys/forza_ws/race_stack/install/vesc_msgs/include/vesc_msgs/vesc_msgs/msg/detail/vesc_imu_stamped__builder.hpp
[3.389s] -- Up-to-date: /home/misys/forza_ws/race_stack/install/vesc_msgs/include/vesc_msgs/vesc_msgs/msg/detail/vesc_imu_stamped__traits.hpp
[3.389s] -- Up-to-date: /home/misys/forza_ws/race_stack/install/vesc_msgs/include/vesc_msgs/vesc_msgs/msg/detail/vesc_state__builder.hpp
[3.389s] -- Up-to-date: /home/misys/forza_ws/race_stack/install/vesc_msgs/include/vesc_msgs/vesc_msgs/msg/detail/vesc_state__struct.hpp
[3.389s] -- Up-to-date: /home/misys/forza_ws/race_stack/install/vesc_msgs/include/vesc_msgs/vesc_msgs/msg/detail/vesc_state__type_support.hpp
[3.389s] -- Up-to-date: /home/misys/forza_ws/race_stack/install/vesc_msgs/include/vesc_msgs/vesc_msgs/msg/detail/vesc_imu_stamped__type_support.hpp
[3.390s] -- Up-to-date: /home/misys/forza_ws/race_stack/install/vesc_msgs/include/vesc_msgs/vesc_msgs/msg/detail/vesc_state__traits.hpp
[3.390s] -- Up-to-date: /home/misys/forza_ws/race_stack/install/vesc_msgs/include/vesc_msgs/vesc_msgs/msg/detail/vesc_imu__traits.hpp
[3.390s] -- Up-to-date: /home/misys/forza_ws/race_stack/install/vesc_msgs/include/vesc_msgs/vesc_msgs/msg/detail/vesc_state_stamped__struct.hpp
[3.390s] -- Up-to-date: /home/misys/forza_ws/race_stack/install/vesc_msgs/include/vesc_msgs/vesc_msgs/msg/vesc_imu.hpp
[3.390s] -- Up-to-date: /home/misys/forza_ws/race_stack/install/vesc_msgs/include/vesc_msgs/vesc_msgs/msg/vesc_imu_stamped.hpp
[3.391s] -- Up-to-date: /home/misys/forza_ws/race_stack/install/vesc_msgs/include/vesc_msgs/vesc_msgs/msg/vesc_state_stamped.hpp
[3.391s] -- Up-to-date: /home/misys/forza_ws/race_stack/install/vesc_msgs/include/vesc_msgs/vesc_msgs/msg/vesc_state.hpp
[3.391s] -- Up-to-date: /home/misys/forza_ws/race_stack/install/vesc_msgs/include/vesc_msgs/vesc_msgs
[3.391s] -- Up-to-date: /home/misys/forza_ws/race_stack/install/vesc_msgs/include/vesc_msgs/vesc_msgs/msg
[3.391s] -- Up-to-date: /home/misys/forza_ws/race_stack/install/vesc_msgs/include/vesc_msgs/vesc_msgs/msg/detail
[3.391s] -- Up-to-date: /home/misys/forza_ws/race_stack/install/vesc_msgs/include/vesc_msgs/vesc_msgs/msg/detail/vesc_imu_stamped__rosidl_typesupport_fastrtps_cpp.hpp
[3.391s] -- Up-to-date: /home/misys/forza_ws/race_stack/install/vesc_msgs/include/vesc_msgs/vesc_msgs/msg/detail/vesc_imu__rosidl_typesupport_fastrtps_cpp.hpp
[3.392s] -- Up-to-date: /home/misys/forza_ws/race_stack/install/vesc_msgs/include/vesc_msgs/vesc_msgs/msg/detail/vesc_state_stamped__rosidl_typesupport_fastrtps_cpp.hpp
[3.392s] -- Up-to-date: /home/misys/forza_ws/race_stack/install/vesc_msgs/include/vesc_msgs/vesc_msgs/msg/detail/dds_fastrtps
[3.392s] -- Up-to-date: /home/misys/forza_ws/race_stack/install/vesc_msgs/include/vesc_msgs/vesc_msgs/msg/detail/vesc_state__rosidl_typesupport_fastrtps_cpp.hpp
[3.392s] -- Up-to-date: /home/misys/forza_ws/race_stack/install/vesc_msgs/include/vesc_msgs/vesc_msgs/msg/rosidl_typesupport_fastrtps_cpp__visibility_control.h
[3.392s] -- Up-to-date: /home/misys/forza_ws/race_stack/install/vesc_msgs/lib/libvesc_msgs__rosidl_typesupport_fastrtps_cpp.so
[3.393s] -- Up-to-date: /home/misys/forza_ws/race_stack/install/vesc_msgs/include/vesc_msgs/vesc_msgs
[3.393s] -- Up-to-date: /home/misys/forza_ws/race_stack/install/vesc_msgs/include/vesc_msgs/vesc_msgs/msg
[3.393s] -- Up-to-date: /home/misys/forza_ws/race_stack/install/vesc_msgs/include/vesc_msgs/vesc_msgs/msg/detail
[3.393s] -- Up-to-date: /home/misys/forza_ws/race_stack/install/vesc_msgs/include/vesc_msgs/vesc_msgs/msg/detail/vesc_imu__rosidl_typesupport_introspection_cpp.hpp
[3.393s] -- Up-to-date: /home/misys/forza_ws/race_stack/install/vesc_msgs/include/vesc_msgs/vesc_msgs/msg/detail/vesc_imu_stamped__type_support.cpp
[3.393s] -- Up-to-date: /home/misys/forza_ws/race_stack/install/vesc_msgs/include/vesc_msgs/vesc_msgs/msg/detail/vesc_imu__type_support.cpp
[3.393s] -- Up-to-date: /home/misys/forza_ws/race_stack/install/vesc_msgs/include/vesc_msgs/vesc_msgs/msg/detail/vesc_state_stamped__rosidl_typesupport_introspection_cpp.hpp
[3.394s] -- Up-to-date: /home/misys/forza_ws/race_stack/install/vesc_msgs/include/vesc_msgs/vesc_msgs/msg/detail/vesc_imu_stamped__rosidl_typesupport_introspection_cpp.hpp
[3.394s] -- Up-to-date: /home/misys/forza_ws/race_stack/install/vesc_msgs/include/vesc_msgs/vesc_msgs/msg/detail/vesc_state__type_support.cpp
[3.394s] -- Up-to-date: /home/misys/forza_ws/race_stack/install/vesc_msgs/include/vesc_msgs/vesc_msgs/msg/detail/vesc_state__rosidl_typesupport_introspection_cpp.hpp
[3.394s] -- Up-to-date: /home/misys/forza_ws/race_stack/install/vesc_msgs/include/vesc_msgs/vesc_msgs/msg/detail/vesc_state_stamped__type_support.cpp
[3.394s] -- Up-to-date: /home/misys/forza_ws/race_stack/install/vesc_msgs/lib/libvesc_msgs__rosidl_typesupport_introspection_cpp.so
[3.402s] -- Up-to-date: /home/misys/forza_ws/race_stack/install/vesc_msgs/lib/libvesc_msgs__rosidl_typesupport_cpp.so
[3.415s] -- Up-to-date: /home/misys/forza_ws/race_stack/install/vesc_msgs/share/vesc_msgs/environment/pythonpath.sh
[3.415s] -- Up-to-date: /home/misys/forza_ws/race_stack/install/vesc_msgs/share/vesc_msgs/environment/pythonpath.dsv
[3.415s] -- Up-to-date: /home/misys/forza_ws/race_stack/install/vesc_msgs/local/lib/python3.10/dist-packages/vesc_msgs-1.2.0-py3.10.egg-info
[3.415s] -- Installing: /home/misys/forza_ws/race_stack/install/vesc_msgs/local/lib/python3.10/dist-packages/vesc_msgs-1.2.0-py3.10.egg-info/dependency_links.txt
[3.416s] -- Installing: /home/misys/forza_ws/race_stack/install/vesc_msgs/local/lib/python3.10/dist-packages/vesc_msgs-1.2.0-py3.10.egg-info/PKG-INFO
[3.416s] -- Installing: /home/misys/forza_ws/race_stack/install/vesc_msgs/local/lib/python3.10/dist-packages/vesc_msgs-1.2.0-py3.10.egg-info/top_level.txt
[3.416s] -- Installing: /home/misys/forza_ws/race_stack/install/vesc_msgs/local/lib/python3.10/dist-packages/vesc_msgs-1.2.0-py3.10.egg-info/SOURCES.txt
[3.416s] -- Up-to-date: /home/misys/forza_ws/race_stack/install/vesc_msgs/local/lib/python3.10/dist-packages/vesc_msgs
[3.416s] -- Up-to-date: /home/misys/forza_ws/race_stack/install/vesc_msgs/local/lib/python3.10/dist-packages/vesc_msgs/_vesc_msgs_s.ep.rosidl_typesupport_c.c
[3.416s] -- Up-to-date: /home/misys/forza_ws/race_stack/install/vesc_msgs/local/lib/python3.10/dist-packages/vesc_msgs/vesc_msgs_s__rosidl_typesupport_c.cpython-310-aarch64-linux-gnu.so
[3.417s] -- Up-to-date: /home/misys/forza_ws/race_stack/install/vesc_msgs/local/lib/python3.10/dist-packages/vesc_msgs/vesc_msgs_s__rosidl_typesupport_introspection_c.cpython-310-aarch64-linux-gnu.so
[3.417s] -- Up-to-date: /home/misys/forza_ws/race_stack/install/vesc_msgs/local/lib/python3.10/dist-packages/vesc_msgs/msg
[3.417s] -- Up-to-date: /home/misys/forza_ws/race_stack/install/vesc_msgs/local/lib/python3.10/dist-packages/vesc_msgs/msg/_vesc_imu_stamped.py
[3.417s] -- Up-to-date: /home/misys/forza_ws/race_stack/install/vesc_msgs/local/lib/python3.10/dist-packages/vesc_msgs/msg/_vesc_state.py
[3.417s] -- Up-to-date: /home/misys/forza_ws/race_stack/install/vesc_msgs/local/lib/python3.10/dist-packages/vesc_msgs/msg/_vesc_state_stamped.py
[3.417s] -- Up-to-date: /home/misys/forza_ws/race_stack/install/vesc_msgs/local/lib/python3.10/dist-packages/vesc_msgs/msg/__init__.py
[3.417s] -- Up-to-date: /home/misys/forza_ws/race_stack/install/vesc_msgs/local/lib/python3.10/dist-packages/vesc_msgs/msg/_vesc_state_stamped_s.c
[3.417s] -- Up-to-date: /home/misys/forza_ws/race_stack/install/vesc_msgs/local/lib/python3.10/dist-packages/vesc_msgs/msg/_vesc_imu_s.c
[3.417s] -- Up-to-date: /home/misys/forza_ws/race_stack/install/vesc_msgs/local/lib/python3.10/dist-packages/vesc_msgs/msg/_vesc_imu_stamped_s.c
[3.418s] -- Up-to-date: /home/misys/forza_ws/race_stack/install/vesc_msgs/local/lib/python3.10/dist-packages/vesc_msgs/msg/_vesc_state_s.c
[3.418s] -- Up-to-date: /home/misys/forza_ws/race_stack/install/vesc_msgs/local/lib/python3.10/dist-packages/vesc_msgs/msg/_vesc_imu.py
[3.418s] -- Up-to-date: /home/misys/forza_ws/race_stack/install/vesc_msgs/local/lib/python3.10/dist-packages/vesc_msgs/_vesc_msgs_s.ep.rosidl_typesupport_introspection_c.c
[3.418s] -- Up-to-date: /home/misys/forza_ws/race_stack/install/vesc_msgs/local/lib/python3.10/dist-packages/vesc_msgs/_vesc_msgs_s.ep.rosidl_typesupport_fastrtps_c.c
[3.418s] -- Up-to-date: /home/misys/forza_ws/race_stack/install/vesc_msgs/local/lib/python3.10/dist-packages/vesc_msgs/__init__.py
[3.418s] -- Up-to-date: /home/misys/forza_ws/race_stack/install/vesc_msgs/local/lib/python3.10/dist-packages/vesc_msgs/libvesc_msgs__rosidl_generator_py.so
[3.418s] -- Up-to-date: /home/misys/forza_ws/race_stack/install/vesc_msgs/local/lib/python3.10/dist-packages/vesc_msgs/vesc_msgs_s__rosidl_typesupport_fastrtps_c.cpython-310-aarch64-linux-gnu.so
[3.442s] Listing '/home/misys/forza_ws/race_stack/install/vesc_msgs/local/lib/python3.10/dist-packages/vesc_msgs'...
[3.442s] Listing '/home/misys/forza_ws/race_stack/install/vesc_msgs/local/lib/python3.10/dist-packages/vesc_msgs/msg'...
[3.443s] -- Up-to-date: /home/misys/forza_ws/race_stack/install/vesc_msgs/local/lib/python3.10/dist-packages/vesc_msgs/vesc_msgs_s__rosidl_typesupport_fastrtps_c.cpython-310-aarch64-linux-gnu.so
[3.443s] -- Up-to-date: /home/misys/forza_ws/race_stack/install/vesc_msgs/local/lib/python3.10/dist-packages/vesc_msgs/vesc_msgs_s__rosidl_typesupport_introspection_c.cpython-310-aarch64-linux-gnu.so
[3.443s] -- Up-to-date: /home/misys/forza_ws/race_stack/install/vesc_msgs/local/lib/python3.10/dist-packages/vesc_msgs/vesc_msgs_s__rosidl_typesupport_c.cpython-310-aarch64-linux-gnu.so
[3.443s] -- Up-to-date: /home/misys/forza_ws/race_stack/install/vesc_msgs/lib/libvesc_msgs__rosidl_generator_py.so
[3.444s] -- Up-to-date: /home/misys/forza_ws/race_stack/install/vesc_msgs/share/vesc_msgs/msg/VescState.idl
[3.444s] -- Up-to-date: /home/misys/forza_ws/race_stack/install/vesc_msgs/share/vesc_msgs/msg/VescStateStamped.idl
[3.444s] -- Up-to-date: /home/misys/forza_ws/race_stack/install/vesc_msgs/share/vesc_msgs/msg/VescImu.idl
[3.444s] -- Up-to-date: /home/misys/forza_ws/race_stack/install/vesc_msgs/share/vesc_msgs/msg/VescImuStamped.idl
[3.444s] -- Up-to-date: /home/misys/forza_ws/race_stack/install/vesc_msgs/share/vesc_msgs/msg/VescState.msg
[3.445s] -- Up-to-date: /home/misys/forza_ws/race_stack/install/vesc_msgs/share/vesc_msgs/msg/VescStateStamped.msg
[3.445s] -- Up-to-date: /home/misys/forza_ws/race_stack/install/vesc_msgs/share/vesc_msgs/msg/VescImu.msg
[3.445s] -- Up-to-date: /home/misys/forza_ws/race_stack/install/vesc_msgs/share/vesc_msgs/msg/VescImuStamped.msg
[3.445s] -- Up-to-date: /home/misys/forza_ws/race_stack/install/vesc_msgs/share/ament_index/resource_index/package_run_dependencies/vesc_msgs
[3.445s] -- Up-to-date: /home/misys/forza_ws/race_stack/install/vesc_msgs/share/ament_index/resource_index/parent_prefix_path/vesc_msgs
[3.445s] -- Up-to-date: /home/misys/forza_ws/race_stack/install/vesc_msgs/share/vesc_msgs/environment/ament_prefix_path.sh
[3.446s] -- Up-to-date: /home/misys/forza_ws/race_stack/install/vesc_msgs/share/vesc_msgs/environment/ament_prefix_path.dsv
[3.446s] -- Up-to-date: /home/misys/forza_ws/race_stack/install/vesc_msgs/share/vesc_msgs/environment/path.sh
[3.446s] -- Up-to-date: /home/misys/forza_ws/race_stack/install/vesc_msgs/share/vesc_msgs/environment/path.dsv
[3.446s] -- Up-to-date: /home/misys/forza_ws/race_stack/install/vesc_msgs/share/vesc_msgs/local_setup.bash
[3.446s] -- Up-to-date: /home/misys/forza_ws/race_stack/install/vesc_msgs/share/vesc_msgs/local_setup.sh
[3.446s] -- Up-to-date: /home/misys/forza_ws/race_stack/install/vesc_msgs/share/vesc_msgs/local_setup.zsh
[3.446s] -- Up-to-date: /home/misys/forza_ws/race_stack/install/vesc_msgs/share/vesc_msgs/local_setup.dsv
[3.447s] -- Installing: /home/misys/forza_ws/race_stack/install/vesc_msgs/share/vesc_msgs/package.dsv
[3.447s] -- Up-to-date: /home/misys/forza_ws/race_stack/install/vesc_msgs/share/ament_index/resource_index/packages/vesc_msgs
[3.447s] -- Up-to-date: /home/misys/forza_ws/race_stack/install/vesc_msgs/share/vesc_msgs/cmake/export_vesc_msgs__rosidl_generator_cExport.cmake
[3.447s] -- Up-to-date: /home/misys/forza_ws/race_stack/install/vesc_msgs/share/vesc_msgs/cmake/export_vesc_msgs__rosidl_generator_cExport-noconfig.cmake
[3.447s] -- Up-to-date: /home/misys/forza_ws/race_stack/install/vesc_msgs/share/vesc_msgs/cmake/export_vesc_msgs__rosidl_typesupport_fastrtps_cExport.cmake
[3.447s] -- Up-to-date: /home/misys/forza_ws/race_stack/install/vesc_msgs/share/vesc_msgs/cmake/export_vesc_msgs__rosidl_typesupport_fastrtps_cExport-noconfig.cmake
[3.447s] -- Up-to-date: /home/misys/forza_ws/race_stack/install/vesc_msgs/share/vesc_msgs/cmake/vesc_msgs__rosidl_typesupport_introspection_cExport.cmake
[3.447s] -- Up-to-date: /home/misys/forza_ws/race_stack/install/vesc_msgs/share/vesc_msgs/cmake/vesc_msgs__rosidl_typesupport_introspection_cExport-noconfig.cmake
[3.447s] -- Up-to-date: /home/misys/forza_ws/race_stack/install/vesc_msgs/share/vesc_msgs/cmake/vesc_msgs__rosidl_typesupport_cExport.cmake
[3.448s] -- Up-to-date: /home/misys/forza_ws/race_stack/install/vesc_msgs/share/vesc_msgs/cmake/vesc_msgs__rosidl_typesupport_cExport-noconfig.cmake
[3.448s] -- Up-to-date: /home/misys/forza_ws/race_stack/install/vesc_msgs/share/vesc_msgs/cmake/export_vesc_msgs__rosidl_generator_cppExport.cmake
[3.448s] -- Up-to-date: /home/misys/forza_ws/race_stack/install/vesc_msgs/share/vesc_msgs/cmake/export_vesc_msgs__rosidl_typesupport_fastrtps_cppExport.cmake
[3.448s] -- Up-to-date: /home/misys/forza_ws/race_stack/install/vesc_msgs/share/vesc_msgs/cmake/export_vesc_msgs__rosidl_typesupport_fastrtps_cppExport-noconfig.cmake
[3.449s] -- Up-to-date: /home/misys/forza_ws/race_stack/install/vesc_msgs/share/vesc_msgs/cmake/vesc_msgs__rosidl_typesupport_introspection_cppExport.cmake
[3.449s] -- Up-to-date: /home/misys/forza_ws/race_stack/install/vesc_msgs/share/vesc_msgs/cmake/vesc_msgs__rosidl_typesupport_introspection_cppExport-noconfig.cmake
[3.450s] -- Up-to-date: /home/misys/forza_ws/race_stack/install/vesc_msgs/share/vesc_msgs/cmake/vesc_msgs__rosidl_typesupport_cppExport.cmake
[3.450s] -- Up-to-date: /home/misys/forza_ws/race_stack/install/vesc_msgs/share/vesc_msgs/cmake/vesc_msgs__rosidl_typesupport_cppExport-noconfig.cmake
[3.450s] -- Up-to-date: /home/misys/forza_ws/race_stack/install/vesc_msgs/share/vesc_msgs/cmake/export_vesc_msgs__rosidl_generator_pyExport.cmake
[3.450s] -- Up-to-date: /home/misys/forza_ws/race_stack/install/vesc_msgs/share/vesc_msgs/cmake/export_vesc_msgs__rosidl_generator_pyExport-noconfig.cmake
[3.450s] -- Up-to-date: /home/misys/forza_ws/race_stack/install/vesc_msgs/share/vesc_msgs/cmake/rosidl_cmake-extras.cmake
[3.450s] -- Up-to-date: /home/misys/forza_ws/race_stack/install/vesc_msgs/share/vesc_msgs/cmake/ament_cmake_export_dependencies-extras.cmake
[3.451s] -- Up-to-date: /home/misys/forza_ws/race_stack/install/vesc_msgs/share/vesc_msgs/cmake/ament_cmake_export_include_directories-extras.cmake
[3.451s] -- Up-to-date: /home/misys/forza_ws/race_stack/install/vesc_msgs/share/vesc_msgs/cmake/ament_cmake_export_libraries-extras.cmake
[3.465s] -- Up-to-date: /home/misys/forza_ws/race_stack/install/vesc_msgs/share/vesc_msgs/cmake/ament_cmake_export_targets-extras.cmake
[3.465s] -- Up-to-date: /home/misys/forza_ws/race_stack/install/vesc_msgs/share/vesc_msgs/cmake/rosidl_cmake_export_typesupport_targets-extras.cmake
[3.466s] -- Up-to-date: /home/misys/forza_ws/race_stack/install/vesc_msgs/share/vesc_msgs/cmake/rosidl_cmake_export_typesupport_libraries-extras.cmake
[3.466s] -- Up-to-date: /home/misys/forza_ws/race_stack/install/vesc_msgs/share/vesc_msgs/cmake/vesc_msgsConfig.cmake
[3.466s] -- Up-to-date: /home/misys/forza_ws/race_stack/install/vesc_msgs/share/vesc_msgs/cmake/vesc_msgsConfig-version.cmake
[3.466s] -- Up-to-date: /home/misys/forza_ws/race_stack/install/vesc_msgs/share/vesc_msgs/package.xml
[3.466s] Invoked command in '/home/misys/forza_ws/race_stack/build/vesc_msgs' returned '0': CMAKE_PREFIX_PATH=${CMAKE_PREFIX_PATH}:/home/misys/forza_ws/race_stack/install/f1tenth_stack:/home/misys/forza_ws/race_stack/install/joy_teleop:/home/misys/forza_ws/race_stack/install/steering_lookup:/home/misys/forza_ws/race_stack/install/state_machine:/home/misys/forza_ws/race_stack/install/slam_tuner:/home/misys/forza_ws/race_stack/install/state_estimation:/home/misys/forza_ws/race_stack/install/map_editor:/home/misys/forza_ws/race_stack/install/stack_master:/home/misys/forza_ws/race_stack/install/spline_planner:/home/misys/forza_ws/race_stack/install/sector_tuner:/home/misys/forza_ws/race_stack/install/perception:/home/misys/forza_ws/race_stack/install/particle_filter:/home/misys/forza_ws/race_stack/install/opponent_publisher:/home/misys/forza_ws/race_stack/install/mouse_teleop:/home/misys/forza_ws/race_stack/install/lap_analyser:/home/misys/forza_ws/race_stack/install/key_teleop:/home/misys/forza_ws/race_stack/install/id_controller:/home/misys/forza_ws/race_stack/install/global_planner:/home/misys/forza_ws/race_stack/install/frenet_odom_republisher:/home/misys/forza_ws/race_stack/install/frenet_conversion:/home/misys/forza_ws/race_stack/install/f1tenth_gym_ros:/home/misys/forza_ws/race_stack/install/controller:/opt/ros/humble /usr/bin/cmake --install /home/misys/forza_ws/race_stack/build/vesc_msgs
