[0.260s] Invoking command in '/home/misys/forza_ws/race_stack/build/f110_msgs': CMAKE_PREFIX_PATH=${CMAKE_PREFIX_PATH}:/home/misys/forza_ws/race_stack/install/f1tenth_stack:/home/misys/forza_ws/race_stack/install/joy_teleop:/home/misys/forza_ws/race_stack/install/steering_lookup:/home/misys/forza_ws/race_stack/install/state_machine:/home/misys/forza_ws/race_stack/install/slam_tuner:/home/misys/forza_ws/race_stack/install/state_estimation:/home/misys/forza_ws/race_stack/install/map_editor:/home/misys/forza_ws/race_stack/install/stack_master:/home/misys/forza_ws/race_stack/install/spline_planner:/home/misys/forza_ws/race_stack/install/sector_tuner:/home/misys/forza_ws/race_stack/install/perception:/home/misys/forza_ws/race_stack/install/particle_filter:/home/misys/forza_ws/race_stack/install/opponent_publisher:/home/misys/forza_ws/race_stack/install/mouse_teleop:/home/misys/forza_ws/race_stack/install/lap_analyser:/home/misys/forza_ws/race_stack/install/key_teleop:/home/misys/forza_ws/race_stack/install/id_controller:/home/misys/forza_ws/race_stack/install/global_planner:/home/misys/forza_ws/race_stack/install/frenet_odom_republisher:/home/misys/forza_ws/race_stack/install/frenet_conversion:/home/misys/forza_ws/race_stack/install/f1tenth_gym_ros:/home/misys/forza_ws/race_stack/install/controller:/opt/ros/humble /usr/bin/cmake --build /home/misys/forza_ws/race_stack/build/f110_msgs -- -j6 -l6
[3.468s] [  0%] Built target f110_msgs__cpp
[3.468s] [  0%] Built target ament_cmake_python_copy_f110_msgs
[3.468s] [ 12%] Built target f110_msgs__rosidl_typesupport_introspection_cpp
[3.468s] running egg_info
[3.468s] writing f110_msgs.egg-info/PKG-INFO
[3.468s] writing dependency_links to f110_msgs.egg-info/dependency_links.txt
[3.469s] writing top-level names to f110_msgs.egg-info/top_level.txt
[3.469s] reading manifest file 'f110_msgs.egg-info/SOURCES.txt'
[3.472s] writing manifest file 'f110_msgs.egg-info/SOURCES.txt'
[3.473s] [ 12%] Built target ament_cmake_python_build_f110_msgs_egg
[3.474s] [ 23%] Built target f110_msgs__rosidl_typesupport_fastrtps_cpp
[3.474s] [ 35%] Built target f110_msgs__rosidl_typesupport_cpp
[3.686s] [ 47%] Built target f110_msgs__rosidl_generator_c
[4.036s] [ 59%] Built target f110_msgs__rosidl_typesupport_fastrtps_c
[4.386s] [ 71%] Built target f110_msgs__rosidl_typesupport_c
[4.618s] [ 83%] Built target f110_msgs__rosidl_typesupport_introspection_c
[4.897s] [ 83%] Built target f110_msgs
[5.006s] [ 84%] Built target f110_msgs__py
[5.334s] [ 95%] Built target f110_msgs__rosidl_generator_py
[5.562s] [ 97%] Built target f110_msgs__rosidl_typesupport_fastrtps_c__pyext
[5.853s] [ 98%] Built target f110_msgs__rosidl_typesupport_c__pyext
[5.930s] [100%] Built target f110_msgs__rosidl_typesupport_introspection_c__pyext
[6.948s] Invoked command in '/home/misys/forza_ws/race_stack/build/f110_msgs' returned '0': CMAKE_PREFIX_PATH=${CMAKE_PREFIX_PATH}:/home/misys/forza_ws/race_stack/install/f1tenth_stack:/home/misys/forza_ws/race_stack/install/joy_teleop:/home/misys/forza_ws/race_stack/install/steering_lookup:/home/misys/forza_ws/race_stack/install/state_machine:/home/misys/forza_ws/race_stack/install/slam_tuner:/home/misys/forza_ws/race_stack/install/state_estimation:/home/misys/forza_ws/race_stack/install/map_editor:/home/misys/forza_ws/race_stack/install/stack_master:/home/misys/forza_ws/race_stack/install/spline_planner:/home/misys/forza_ws/race_stack/install/sector_tuner:/home/misys/forza_ws/race_stack/install/perception:/home/misys/forza_ws/race_stack/install/particle_filter:/home/misys/forza_ws/race_stack/install/opponent_publisher:/home/misys/forza_ws/race_stack/install/mouse_teleop:/home/misys/forza_ws/race_stack/install/lap_analyser:/home/misys/forza_ws/race_stack/install/key_teleop:/home/misys/forza_ws/race_stack/install/id_controller:/home/misys/forza_ws/race_stack/install/global_planner:/home/misys/forza_ws/race_stack/install/frenet_odom_republisher:/home/misys/forza_ws/race_stack/install/frenet_conversion:/home/misys/forza_ws/race_stack/install/f1tenth_gym_ros:/home/misys/forza_ws/race_stack/install/controller:/opt/ros/humble /usr/bin/cmake --build /home/misys/forza_ws/race_stack/build/f110_msgs -- -j6 -l6
[6.950s] Invoking command in '/home/misys/forza_ws/race_stack/build/f110_msgs': CMAKE_PREFIX_PATH=${CMAKE_PREFIX_PATH}:/home/misys/forza_ws/race_stack/install/f1tenth_stack:/home/misys/forza_ws/race_stack/install/joy_teleop:/home/misys/forza_ws/race_stack/install/steering_lookup:/home/misys/forza_ws/race_stack/install/state_machine:/home/misys/forza_ws/race_stack/install/slam_tuner:/home/misys/forza_ws/race_stack/install/state_estimation:/home/misys/forza_ws/race_stack/install/map_editor:/home/misys/forza_ws/race_stack/install/stack_master:/home/misys/forza_ws/race_stack/install/spline_planner:/home/misys/forza_ws/race_stack/install/sector_tuner:/home/misys/forza_ws/race_stack/install/perception:/home/misys/forza_ws/race_stack/install/particle_filter:/home/misys/forza_ws/race_stack/install/opponent_publisher:/home/misys/forza_ws/race_stack/install/mouse_teleop:/home/misys/forza_ws/race_stack/install/lap_analyser:/home/misys/forza_ws/race_stack/install/key_teleop:/home/misys/forza_ws/race_stack/install/id_controller:/home/misys/forza_ws/race_stack/install/global_planner:/home/misys/forza_ws/race_stack/install/frenet_odom_republisher:/home/misys/forza_ws/race_stack/install/frenet_conversion:/home/misys/forza_ws/race_stack/install/f1tenth_gym_ros:/home/misys/forza_ws/race_stack/install/controller:/opt/ros/humble /usr/bin/cmake --install /home/misys/forza_ws/race_stack/build/f110_msgs
[7.036s] -- Install configuration: ""
[7.036s] -- Up-to-date: /home/misys/forza_ws/race_stack/install/f110_msgs/share/ament_index/resource_index/rosidl_interfaces/f110_msgs
[7.036s] -- Up-to-date: /home/misys/forza_ws/race_stack/install/f110_msgs/include/f110_msgs/f110_msgs
[7.037s] -- Up-to-date: /home/misys/forza_ws/race_stack/install/f110_msgs/include/f110_msgs/f110_msgs/msg
[7.037s] -- Up-to-date: /home/misys/forza_ws/race_stack/install/f110_msgs/include/f110_msgs/f110_msgs/msg/lap_data.h
[7.037s] -- Up-to-date: /home/misys/forza_ws/race_stack/install/f110_msgs/include/f110_msgs/f110_msgs/msg/wpnt.h
[7.037s] -- Up-to-date: /home/misys/forza_ws/race_stack/install/f110_msgs/include/f110_msgs/f110_msgs/msg/car_state.h
[7.037s] -- Up-to-date: /home/misys/forza_ws/race_stack/install/f110_msgs/include/f110_msgs/f110_msgs/msg/detail
[7.037s] -- Up-to-date: /home/misys/forza_ws/race_stack/install/f110_msgs/include/f110_msgs/f110_msgs/msg/detail/opp_wpnt__struct.h
[7.037s] -- Up-to-date: /home/misys/forza_ws/race_stack/install/f110_msgs/include/f110_msgs/f110_msgs/msg/detail/car_state_stamped__functions.h
[7.037s] -- Up-to-date: /home/misys/forza_ws/race_stack/install/f110_msgs/include/f110_msgs/f110_msgs/msg/detail/opp_wpnt__functions.h
[7.037s] -- Up-to-date: /home/misys/forza_ws/race_stack/install/f110_msgs/include/f110_msgs/f110_msgs/msg/detail/obstacle__struct.h
[7.038s] -- Up-to-date: /home/misys/forza_ws/race_stack/install/f110_msgs/include/f110_msgs/f110_msgs/msg/detail/opponent_trajectory__functions.c
[7.038s] -- Up-to-date: /home/misys/forza_ws/race_stack/install/f110_msgs/include/f110_msgs/f110_msgs/msg/detail/obstacle__type_support.h
[7.038s] -- Up-to-date: /home/misys/forza_ws/race_stack/install/f110_msgs/include/f110_msgs/f110_msgs/msg/detail/car_state__functions.c
[7.038s] -- Up-to-date: /home/misys/forza_ws/race_stack/install/f110_msgs/include/f110_msgs/f110_msgs/msg/detail/gap_data__functions.h
[7.038s] -- Up-to-date: /home/misys/forza_ws/race_stack/install/f110_msgs/include/f110_msgs/f110_msgs/msg/detail/wpnt__functions.h
[7.038s] -- Up-to-date: /home/misys/forza_ws/race_stack/install/f110_msgs/include/f110_msgs/f110_msgs/msg/detail/obstacle_array__functions.h
[7.038s] -- Up-to-date: /home/misys/forza_ws/race_stack/install/f110_msgs/include/f110_msgs/f110_msgs/msg/detail/wpnt__type_support.h
[7.038s] -- Up-to-date: /home/misys/forza_ws/race_stack/install/f110_msgs/include/f110_msgs/f110_msgs/msg/detail/car_state__functions.h
[7.038s] -- Up-to-date: /home/misys/forza_ws/race_stack/install/f110_msgs/include/f110_msgs/f110_msgs/msg/detail/ot_wpnt_array__type_support.h
[7.039s] -- Up-to-date: /home/misys/forza_ws/race_stack/install/f110_msgs/include/f110_msgs/f110_msgs/msg/detail/pid_data__functions.c
[7.039s] -- Up-to-date: /home/misys/forza_ws/race_stack/install/f110_msgs/include/f110_msgs/f110_msgs/msg/detail/gap_data__type_support.h
[7.039s] -- Up-to-date: /home/misys/forza_ws/race_stack/install/f110_msgs/include/f110_msgs/f110_msgs/msg/detail/wpnt_array__functions.c
[7.039s] -- Up-to-date: /home/misys/forza_ws/race_stack/install/f110_msgs/include/f110_msgs/f110_msgs/msg/detail/wpnt_array__functions.h
[7.039s] -- Up-to-date: /home/misys/forza_ws/race_stack/install/f110_msgs/include/f110_msgs/f110_msgs/msg/detail/car_state_stamped__functions.c
[7.039s] -- Up-to-date: /home/misys/forza_ws/race_stack/install/f110_msgs/include/f110_msgs/f110_msgs/msg/detail/wpnt_array__type_support.h
[7.039s] -- Up-to-date: /home/misys/forza_ws/race_stack/install/f110_msgs/include/f110_msgs/f110_msgs/msg/detail/lap_data__functions.c
[7.040s] -- Up-to-date: /home/misys/forza_ws/race_stack/install/f110_msgs/include/f110_msgs/f110_msgs/msg/detail/car_state__struct.h
[7.040s] -- Up-to-date: /home/misys/forza_ws/race_stack/install/f110_msgs/include/f110_msgs/f110_msgs/msg/detail/lap_data__functions.h
[7.055s] -- Up-to-date: /home/misys/forza_ws/race_stack/install/f110_msgs/include/f110_msgs/f110_msgs/msg/detail/car_state__type_support.h
[7.058s] -- Up-to-date: /home/misys/forza_ws/race_stack/install/f110_msgs/include/f110_msgs/f110_msgs/msg/detail/opponent_trajectory__struct.h
[7.059s] -- Up-to-date: /home/misys/forza_ws/race_stack/install/f110_msgs/include/f110_msgs/f110_msgs/msg/detail/obstacle_array__type_support.h
[7.059s] -- Up-to-date: /home/misys/forza_ws/race_stack/install/f110_msgs/include/f110_msgs/f110_msgs/msg/detail/wpnt__struct.h
[7.062s] -- Up-to-date: /home/misys/forza_ws/race_stack/install/f110_msgs/include/f110_msgs/f110_msgs/msg/detail/lap_data__type_support.h
[7.062s] -- Up-to-date: /home/misys/forza_ws/race_stack/install/f110_msgs/include/f110_msgs/f110_msgs/msg/detail/wpnt_array__struct.h
[7.062s] -- Up-to-date: /home/misys/forza_ws/race_stack/install/f110_msgs/include/f110_msgs/f110_msgs/msg/detail/gap_data__struct.h
[7.065s] -- Up-to-date: /home/misys/forza_ws/race_stack/install/f110_msgs/include/f110_msgs/f110_msgs/msg/detail/car_state_stamped__type_support.h
[7.066s] -- Up-to-date: /home/misys/forza_ws/race_stack/install/f110_msgs/include/f110_msgs/f110_msgs/msg/detail/obstacle__functions.h
[7.066s] -- Up-to-date: /home/misys/forza_ws/race_stack/install/f110_msgs/include/f110_msgs/f110_msgs/msg/detail/obstacle_array__functions.c
[7.066s] -- Up-to-date: /home/misys/forza_ws/race_stack/install/f110_msgs/include/f110_msgs/f110_msgs/msg/detail/wpnt__functions.c
[7.066s] -- Up-to-date: /home/misys/forza_ws/race_stack/install/f110_msgs/include/f110_msgs/f110_msgs/msg/detail/gap_data__functions.c
[7.066s] -- Up-to-date: /home/misys/forza_ws/race_stack/install/f110_msgs/include/f110_msgs/f110_msgs/msg/detail/opponent_trajectory__type_support.h
[7.066s] -- Up-to-date: /home/misys/forza_ws/race_stack/install/f110_msgs/include/f110_msgs/f110_msgs/msg/detail/car_state_stamped__struct.h
[7.069s] -- Up-to-date: /home/misys/forza_ws/race_stack/install/f110_msgs/include/f110_msgs/f110_msgs/msg/detail/opp_wpnt__type_support.h
[7.069s] -- Up-to-date: /home/misys/forza_ws/race_stack/install/f110_msgs/include/f110_msgs/f110_msgs/msg/detail/pid_data__type_support.h
[7.069s] -- Up-to-date: /home/misys/forza_ws/race_stack/install/f110_msgs/include/f110_msgs/f110_msgs/msg/detail/lap_data__struct.h
[7.069s] -- Up-to-date: /home/misys/forza_ws/race_stack/install/f110_msgs/include/f110_msgs/f110_msgs/msg/detail/obstacle_array__struct.h
[7.069s] -- Up-to-date: /home/misys/forza_ws/race_stack/install/f110_msgs/include/f110_msgs/f110_msgs/msg/detail/pid_data__functions.h
[7.069s] -- Up-to-date: /home/misys/forza_ws/race_stack/install/f110_msgs/include/f110_msgs/f110_msgs/msg/detail/obstacle__functions.c
[7.075s] -- Up-to-date: /home/misys/forza_ws/race_stack/install/f110_msgs/include/f110_msgs/f110_msgs/msg/detail/ot_wpnt_array__struct.h
[7.101s] -- Up-to-date: /home/misys/forza_ws/race_stack/install/f110_msgs/include/f110_msgs/f110_msgs/msg/detail/opponent_trajectory__functions.h
[7.101s] -- Up-to-date: /home/misys/forza_ws/race_stack/install/f110_msgs/include/f110_msgs/f110_msgs/msg/detail/ot_wpnt_array__functions.h
[7.101s] -- Up-to-date: /home/misys/forza_ws/race_stack/install/f110_msgs/include/f110_msgs/f110_msgs/msg/detail/ot_wpnt_array__functions.c
[7.101s] -- Up-to-date: /home/misys/forza_ws/race_stack/install/f110_msgs/include/f110_msgs/f110_msgs/msg/detail/opp_wpnt__functions.c
[7.102s] -- Up-to-date: /home/misys/forza_ws/race_stack/install/f110_msgs/include/f110_msgs/f110_msgs/msg/detail/pid_data__struct.h
[7.102s] -- Up-to-date: /home/misys/forza_ws/race_stack/install/f110_msgs/include/f110_msgs/f110_msgs/msg/opponent_trajectory.h
[7.102s] -- Up-to-date: /home/misys/forza_ws/race_stack/install/f110_msgs/include/f110_msgs/f110_msgs/msg/rosidl_generator_c__visibility_control.h
[7.102s] -- Up-to-date: /home/misys/forza_ws/race_stack/install/f110_msgs/include/f110_msgs/f110_msgs/msg/ot_wpnt_array.h
[7.102s] -- Up-to-date: /home/misys/forza_ws/race_stack/install/f110_msgs/include/f110_msgs/f110_msgs/msg/wpnt_array.h
[7.102s] -- Up-to-date: /home/misys/forza_ws/race_stack/install/f110_msgs/include/f110_msgs/f110_msgs/msg/opp_wpnt.h
[7.102s] -- Up-to-date: /home/misys/forza_ws/race_stack/install/f110_msgs/include/f110_msgs/f110_msgs/msg/obstacle_array.h
[7.102s] -- Up-to-date: /home/misys/forza_ws/race_stack/install/f110_msgs/include/f110_msgs/f110_msgs/msg/gap_data.h
[7.102s] -- Up-to-date: /home/misys/forza_ws/race_stack/install/f110_msgs/include/f110_msgs/f110_msgs/msg/car_state_stamped.h
[7.103s] -- Up-to-date: /home/misys/forza_ws/race_stack/install/f110_msgs/include/f110_msgs/f110_msgs/msg/pid_data.h
[7.103s] -- Up-to-date: /home/misys/forza_ws/race_stack/install/f110_msgs/include/f110_msgs/f110_msgs/msg/obstacle.h
[7.103s] -- Up-to-date: /home/misys/forza_ws/race_stack/install/f110_msgs/share/f110_msgs/environment/library_path.sh
[7.103s] -- Up-to-date: /home/misys/forza_ws/race_stack/install/f110_msgs/share/f110_msgs/environment/library_path.dsv
[7.103s] -- Up-to-date: /home/misys/forza_ws/race_stack/install/f110_msgs/lib/libf110_msgs__rosidl_generator_c.so
[7.103s] -- Up-to-date: /home/misys/forza_ws/race_stack/install/f110_msgs/include/f110_msgs/f110_msgs
[7.103s] -- Up-to-date: /home/misys/forza_ws/race_stack/install/f110_msgs/include/f110_msgs/f110_msgs/msg
[7.103s] -- Up-to-date: /home/misys/forza_ws/race_stack/install/f110_msgs/include/f110_msgs/f110_msgs/msg/detail
[7.103s] -- Up-to-date: /home/misys/forza_ws/race_stack/install/f110_msgs/include/f110_msgs/f110_msgs/msg/detail/opp_wpnt__rosidl_typesupport_fastrtps_c.h
[7.104s] -- Up-to-date: /home/misys/forza_ws/race_stack/install/f110_msgs/include/f110_msgs/f110_msgs/msg/detail/opponent_trajectory__rosidl_typesupport_fastrtps_c.h
[7.104s] -- Up-to-date: /home/misys/forza_ws/race_stack/install/f110_msgs/include/f110_msgs/f110_msgs/msg/detail/lap_data__rosidl_typesupport_fastrtps_c.h
[7.106s] -- Up-to-date: /home/misys/forza_ws/race_stack/install/f110_msgs/include/f110_msgs/f110_msgs/msg/detail/car_state__rosidl_typesupport_fastrtps_c.h
[7.107s] -- Up-to-date: /home/misys/forza_ws/race_stack/install/f110_msgs/include/f110_msgs/f110_msgs/msg/detail/car_state_stamped__rosidl_typesupport_fastrtps_c.h
[7.107s] -- Up-to-date: /home/misys/forza_ws/race_stack/install/f110_msgs/include/f110_msgs/f110_msgs/msg/detail/wpnt_array__rosidl_typesupport_fastrtps_c.h
[7.107s] -- Up-to-date: /home/misys/forza_ws/race_stack/install/f110_msgs/include/f110_msgs/f110_msgs/msg/detail/obstacle__rosidl_typesupport_fastrtps_c.h
[7.107s] -- Up-to-date: /home/misys/forza_ws/race_stack/install/f110_msgs/include/f110_msgs/f110_msgs/msg/detail/gap_data__rosidl_typesupport_fastrtps_c.h
[7.107s] -- Up-to-date: /home/misys/forza_ws/race_stack/install/f110_msgs/include/f110_msgs/f110_msgs/msg/detail/wpnt__rosidl_typesupport_fastrtps_c.h
[7.108s] -- Up-to-date: /home/misys/forza_ws/race_stack/install/f110_msgs/include/f110_msgs/f110_msgs/msg/detail/ot_wpnt_array__rosidl_typesupport_fastrtps_c.h
[7.108s] -- Up-to-date: /home/misys/forza_ws/race_stack/install/f110_msgs/include/f110_msgs/f110_msgs/msg/detail/obstacle_array__rosidl_typesupport_fastrtps_c.h
[7.110s] -- Up-to-date: /home/misys/forza_ws/race_stack/install/f110_msgs/include/f110_msgs/f110_msgs/msg/detail/pid_data__rosidl_typesupport_fastrtps_c.h
[7.110s] -- Up-to-date: /home/misys/forza_ws/race_stack/install/f110_msgs/include/f110_msgs/f110_msgs/msg/rosidl_typesupport_fastrtps_c__visibility_control.h
[7.111s] -- Up-to-date: /home/misys/forza_ws/race_stack/install/f110_msgs/lib/libf110_msgs__rosidl_typesupport_fastrtps_c.so
[7.111s] -- Up-to-date: /home/misys/forza_ws/race_stack/install/f110_msgs/include/f110_msgs/f110_msgs
[7.111s] -- Up-to-date: /home/misys/forza_ws/race_stack/install/f110_msgs/include/f110_msgs/f110_msgs/msg
[7.111s] -- Up-to-date: /home/misys/forza_ws/race_stack/install/f110_msgs/include/f110_msgs/f110_msgs/msg/car_state.hpp
[7.111s] -- Up-to-date: /home/misys/forza_ws/race_stack/install/f110_msgs/include/f110_msgs/f110_msgs/msg/pid_data.hpp
[7.111s] -- Up-to-date: /home/misys/forza_ws/race_stack/install/f110_msgs/include/f110_msgs/f110_msgs/msg/rosidl_generator_cpp__visibility_control.hpp
[7.112s] -- Up-to-date: /home/misys/forza_ws/race_stack/install/f110_msgs/include/f110_msgs/f110_msgs/msg/detail
[7.112s] -- Up-to-date: /home/misys/forza_ws/race_stack/install/f110_msgs/include/f110_msgs/f110_msgs/msg/detail/wpnt__traits.hpp
[7.112s] -- Up-to-date: /home/misys/forza_ws/race_stack/install/f110_msgs/include/f110_msgs/f110_msgs/msg/detail/wpnt__struct.hpp
[7.112s] -- Up-to-date: /home/misys/forza_ws/race_stack/install/f110_msgs/include/f110_msgs/f110_msgs/msg/detail/ot_wpnt_array__struct.hpp
[7.112s] -- Up-to-date: /home/misys/forza_ws/race_stack/install/f110_msgs/include/f110_msgs/f110_msgs/msg/detail/wpnt__type_support.hpp
[7.112s] -- Up-to-date: /home/misys/forza_ws/race_stack/install/f110_msgs/include/f110_msgs/f110_msgs/msg/detail/car_state__traits.hpp
[7.112s] -- Up-to-date: /home/misys/forza_ws/race_stack/install/f110_msgs/include/f110_msgs/f110_msgs/msg/detail/lap_data__traits.hpp
[7.113s] -- Up-to-date: /home/misys/forza_ws/race_stack/install/f110_msgs/include/f110_msgs/f110_msgs/msg/detail/obstacle_array__traits.hpp
[7.113s] -- Up-to-date: /home/misys/forza_ws/race_stack/install/f110_msgs/include/f110_msgs/f110_msgs/msg/detail/obstacle__traits.hpp
[7.113s] -- Up-to-date: /home/misys/forza_ws/race_stack/install/f110_msgs/include/f110_msgs/f110_msgs/msg/detail/lap_data__type_support.hpp
[7.113s] -- Up-to-date: /home/misys/forza_ws/race_stack/install/f110_msgs/include/f110_msgs/f110_msgs/msg/detail/obstacle__builder.hpp
[7.115s] -- Up-to-date: /home/misys/forza_ws/race_stack/install/f110_msgs/include/f110_msgs/f110_msgs/msg/detail/pid_data__struct.hpp
[7.115s] -- Up-to-date: /home/misys/forza_ws/race_stack/install/f110_msgs/include/f110_msgs/f110_msgs/msg/detail/car_state_stamped__type_support.hpp
[7.115s] -- Up-to-date: /home/misys/forza_ws/race_stack/install/f110_msgs/include/f110_msgs/f110_msgs/msg/detail/opponent_trajectory__builder.hpp
[7.115s] -- Up-to-date: /home/misys/forza_ws/race_stack/install/f110_msgs/include/f110_msgs/f110_msgs/msg/detail/opp_wpnt__struct.hpp
[7.116s] -- Up-to-date: /home/misys/forza_ws/race_stack/install/f110_msgs/include/f110_msgs/f110_msgs/msg/detail/car_state_stamped__builder.hpp
[7.116s] -- Up-to-date: /home/misys/forza_ws/race_stack/install/f110_msgs/include/f110_msgs/f110_msgs/msg/detail/wpnt__builder.hpp
[7.116s] -- Up-to-date: /home/misys/forza_ws/race_stack/install/f110_msgs/include/f110_msgs/f110_msgs/msg/detail/gap_data__struct.hpp
[7.117s] -- Up-to-date: /home/misys/forza_ws/race_stack/install/f110_msgs/include/f110_msgs/f110_msgs/msg/detail/opp_wpnt__traits.hpp
[7.118s] -- Up-to-date: /home/misys/forza_ws/race_stack/install/f110_msgs/include/f110_msgs/f110_msgs/msg/detail/gap_data__builder.hpp
[7.118s] -- Up-to-date: /home/misys/forza_ws/race_stack/install/f110_msgs/include/f110_msgs/f110_msgs/msg/detail/opp_wpnt__type_support.hpp
[7.118s] -- Up-to-date: /home/misys/forza_ws/race_stack/install/f110_msgs/include/f110_msgs/f110_msgs/msg/detail/wpnt_array__builder.hpp
[7.118s] -- Up-to-date: /home/misys/forza_ws/race_stack/install/f110_msgs/include/f110_msgs/f110_msgs/msg/detail/car_state__builder.hpp
[7.118s] -- Up-to-date: /home/misys/forza_ws/race_stack/install/f110_msgs/include/f110_msgs/f110_msgs/msg/detail/obstacle_array__builder.hpp
[7.118s] -- Up-to-date: /home/misys/forza_ws/race_stack/install/f110_msgs/include/f110_msgs/f110_msgs/msg/detail/wpnt_array__struct.hpp
[7.122s] -- Up-to-date: /home/misys/forza_ws/race_stack/install/f110_msgs/include/f110_msgs/f110_msgs/msg/detail/opponent_trajectory__struct.hpp
[7.122s] -- Up-to-date: /home/misys/forza_ws/race_stack/install/f110_msgs/include/f110_msgs/f110_msgs/msg/detail/opp_wpnt__builder.hpp
[7.122s] -- Up-to-date: /home/misys/forza_ws/race_stack/install/f110_msgs/include/f110_msgs/f110_msgs/msg/detail/car_state_stamped__traits.hpp
[7.125s] -- Up-to-date: /home/misys/forza_ws/race_stack/install/f110_msgs/include/f110_msgs/f110_msgs/msg/detail/gap_data__traits.hpp
[7.128s] -- Up-to-date: /home/misys/forza_ws/race_stack/install/f110_msgs/include/f110_msgs/f110_msgs/msg/detail/pid_data__builder.hpp
[7.128s] -- Up-to-date: /home/misys/forza_ws/race_stack/install/f110_msgs/include/f110_msgs/f110_msgs/msg/detail/opponent_trajectory__type_support.hpp
[7.128s] -- Up-to-date: /home/misys/forza_ws/race_stack/install/f110_msgs/include/f110_msgs/f110_msgs/msg/detail/car_state__struct.hpp
[7.128s] -- Up-to-date: /home/misys/forza_ws/race_stack/install/f110_msgs/include/f110_msgs/f110_msgs/msg/detail/wpnt_array__type_support.hpp
[7.128s] -- Up-to-date: /home/misys/forza_ws/race_stack/install/f110_msgs/include/f110_msgs/f110_msgs/msg/detail/obstacle__type_support.hpp
[7.129s] -- Up-to-date: /home/misys/forza_ws/race_stack/install/f110_msgs/include/f110_msgs/f110_msgs/msg/detail/ot_wpnt_array__type_support.hpp
[7.131s] -- Up-to-date: /home/misys/forza_ws/race_stack/install/f110_msgs/include/f110_msgs/f110_msgs/msg/detail/pid_data__traits.hpp
[7.133s] -- Up-to-date: /home/misys/forza_ws/race_stack/install/f110_msgs/include/f110_msgs/f110_msgs/msg/detail/ot_wpnt_array__builder.hpp
[7.133s] -- Up-to-date: /home/misys/forza_ws/race_stack/install/f110_msgs/include/f110_msgs/f110_msgs/msg/detail/obstacle_array__type_support.hpp
[7.133s] -- Up-to-date: /home/misys/forza_ws/race_stack/install/f110_msgs/include/f110_msgs/f110_msgs/msg/detail/ot_wpnt_array__traits.hpp
[7.133s] -- Up-to-date: /home/misys/forza_ws/race_stack/install/f110_msgs/include/f110_msgs/f110_msgs/msg/detail/car_state__type_support.hpp
[7.133s] -- Up-to-date: /home/misys/forza_ws/race_stack/install/f110_msgs/include/f110_msgs/f110_msgs/msg/detail/opponent_trajectory__traits.hpp
[7.134s] -- Up-to-date: /home/misys/forza_ws/race_stack/install/f110_msgs/include/f110_msgs/f110_msgs/msg/detail/obstacle_array__struct.hpp
[7.134s] -- Up-to-date: /home/misys/forza_ws/race_stack/install/f110_msgs/include/f110_msgs/f110_msgs/msg/detail/lap_data__struct.hpp
[7.135s] -- Up-to-date: /home/misys/forza_ws/race_stack/install/f110_msgs/include/f110_msgs/f110_msgs/msg/detail/obstacle__struct.hpp
[7.135s] -- Up-to-date: /home/misys/forza_ws/race_stack/install/f110_msgs/include/f110_msgs/f110_msgs/msg/detail/lap_data__builder.hpp
[7.136s] -- Up-to-date: /home/misys/forza_ws/race_stack/install/f110_msgs/include/f110_msgs/f110_msgs/msg/detail/gap_data__type_support.hpp
[7.136s] -- Up-to-date: /home/misys/forza_ws/race_stack/install/f110_msgs/include/f110_msgs/f110_msgs/msg/detail/pid_data__type_support.hpp
[7.136s] -- Up-to-date: /home/misys/forza_ws/race_stack/install/f110_msgs/include/f110_msgs/f110_msgs/msg/detail/car_state_stamped__struct.hpp
[7.136s] -- Up-to-date: /home/misys/forza_ws/race_stack/install/f110_msgs/include/f110_msgs/f110_msgs/msg/detail/wpnt_array__traits.hpp
[7.137s] -- Up-to-date: /home/misys/forza_ws/race_stack/install/f110_msgs/include/f110_msgs/f110_msgs/msg/wpnt.hpp
[7.138s] -- Up-to-date: /home/misys/forza_ws/race_stack/install/f110_msgs/include/f110_msgs/f110_msgs/msg/obstacle_array.hpp
[7.138s] -- Up-to-date: /home/misys/forza_ws/race_stack/install/f110_msgs/include/f110_msgs/f110_msgs/msg/opp_wpnt.hpp
[7.138s] -- Up-to-date: /home/misys/forza_ws/race_stack/install/f110_msgs/include/f110_msgs/f110_msgs/msg/ot_wpnt_array.hpp
[7.138s] -- Up-to-date: /home/misys/forza_ws/race_stack/install/f110_msgs/include/f110_msgs/f110_msgs/msg/car_state_stamped.hpp
[7.138s] -- Up-to-date: /home/misys/forza_ws/race_stack/install/f110_msgs/include/f110_msgs/f110_msgs/msg/lap_data.hpp
[7.138s] -- Up-to-date: /home/misys/forza_ws/race_stack/install/f110_msgs/include/f110_msgs/f110_msgs/msg/opponent_trajectory.hpp
[7.140s] -- Up-to-date: /home/misys/forza_ws/race_stack/install/f110_msgs/include/f110_msgs/f110_msgs/msg/gap_data.hpp
[7.140s] -- Up-to-date: /home/misys/forza_ws/race_stack/install/f110_msgs/include/f110_msgs/f110_msgs/msg/wpnt_array.hpp
[7.140s] -- Up-to-date: /home/misys/forza_ws/race_stack/install/f110_msgs/include/f110_msgs/f110_msgs/msg/obstacle.hpp
[7.140s] -- Up-to-date: /home/misys/forza_ws/race_stack/install/f110_msgs/include/f110_msgs/f110_msgs
[7.140s] -- Up-to-date: /home/misys/forza_ws/race_stack/install/f110_msgs/include/f110_msgs/f110_msgs/msg
[7.141s] -- Up-to-date: /home/misys/forza_ws/race_stack/install/f110_msgs/include/f110_msgs/f110_msgs/msg/detail
[7.141s] -- Up-to-date: /home/misys/forza_ws/race_stack/install/f110_msgs/include/f110_msgs/f110_msgs/msg/detail/wpnt_array__rosidl_typesupport_fastrtps_cpp.hpp
[7.143s] -- Up-to-date: /home/misys/forza_ws/race_stack/install/f110_msgs/include/f110_msgs/f110_msgs/msg/detail/gap_data__rosidl_typesupport_fastrtps_cpp.hpp
[7.146s] -- Up-to-date: /home/misys/forza_ws/race_stack/install/f110_msgs/include/f110_msgs/f110_msgs/msg/detail/ot_wpnt_array__rosidl_typesupport_fastrtps_cpp.hpp
[7.146s] -- Up-to-date: /home/misys/forza_ws/race_stack/install/f110_msgs/include/f110_msgs/f110_msgs/msg/detail/lap_data__rosidl_typesupport_fastrtps_cpp.hpp
[7.146s] -- Up-to-date: /home/misys/forza_ws/race_stack/install/f110_msgs/include/f110_msgs/f110_msgs/msg/detail/obstacle__rosidl_typesupport_fastrtps_cpp.hpp
[7.147s] -- Up-to-date: /home/misys/forza_ws/race_stack/install/f110_msgs/include/f110_msgs/f110_msgs/msg/detail/car_state_stamped__rosidl_typesupport_fastrtps_cpp.hpp
[7.150s] -- Up-to-date: /home/misys/forza_ws/race_stack/install/f110_msgs/include/f110_msgs/f110_msgs/msg/detail/opp_wpnt__rosidl_typesupport_fastrtps_cpp.hpp
[7.150s] -- Up-to-date: /home/misys/forza_ws/race_stack/install/f110_msgs/include/f110_msgs/f110_msgs/msg/detail/wpnt__rosidl_typesupport_fastrtps_cpp.hpp
[7.152s] -- Up-to-date: /home/misys/forza_ws/race_stack/install/f110_msgs/include/f110_msgs/f110_msgs/msg/detail/dds_fastrtps
[7.153s] -- Up-to-date: /home/misys/forza_ws/race_stack/install/f110_msgs/include/f110_msgs/f110_msgs/msg/detail/car_state__rosidl_typesupport_fastrtps_cpp.hpp
[7.153s] -- Up-to-date: /home/misys/forza_ws/race_stack/install/f110_msgs/include/f110_msgs/f110_msgs/msg/detail/pid_data__rosidl_typesupport_fastrtps_cpp.hpp
[7.154s] -- Up-to-date: /home/misys/forza_ws/race_stack/install/f110_msgs/include/f110_msgs/f110_msgs/msg/detail/obstacle_array__rosidl_typesupport_fastrtps_cpp.hpp
[7.154s] -- Up-to-date: /home/misys/forza_ws/race_stack/install/f110_msgs/include/f110_msgs/f110_msgs/msg/detail/opponent_trajectory__rosidl_typesupport_fastrtps_cpp.hpp
[7.155s] -- Up-to-date: /home/misys/forza_ws/race_stack/install/f110_msgs/include/f110_msgs/f110_msgs/msg/rosidl_typesupport_fastrtps_cpp__visibility_control.h
[7.155s] -- Up-to-date: /home/misys/forza_ws/race_stack/install/f110_msgs/lib/libf110_msgs__rosidl_typesupport_fastrtps_cpp.so
[7.156s] -- Up-to-date: /home/misys/forza_ws/race_stack/install/f110_msgs/include/f110_msgs/f110_msgs
[7.158s] -- Up-to-date: /home/misys/forza_ws/race_stack/install/f110_msgs/include/f110_msgs/f110_msgs/msg
[7.158s] -- Up-to-date: /home/misys/forza_ws/race_stack/install/f110_msgs/include/f110_msgs/f110_msgs/msg/detail
[7.158s] -- Up-to-date: /home/misys/forza_ws/race_stack/install/f110_msgs/include/f110_msgs/f110_msgs/msg/detail/car_state_stamped__rosidl_typesupport_introspection_c.h
[7.160s] -- Up-to-date: /home/misys/forza_ws/race_stack/install/f110_msgs/include/f110_msgs/f110_msgs/msg/detail/pid_data__type_support.c
[7.160s] -- Up-to-date: /home/misys/forza_ws/race_stack/install/f110_msgs/include/f110_msgs/f110_msgs/msg/detail/car_state_stamped__type_support.c
[7.160s] -- Up-to-date: /home/misys/forza_ws/race_stack/install/f110_msgs/include/f110_msgs/f110_msgs/msg/detail/obstacle_array__type_support.c
[7.160s] -- Up-to-date: /home/misys/forza_ws/race_stack/install/f110_msgs/include/f110_msgs/f110_msgs/msg/detail/pid_data__rosidl_typesupport_introspection_c.h
[7.160s] -- Up-to-date: /home/misys/forza_ws/race_stack/install/f110_msgs/include/f110_msgs/f110_msgs/msg/detail/wpnt_array__type_support.c
[7.162s] -- Up-to-date: /home/misys/forza_ws/race_stack/install/f110_msgs/include/f110_msgs/f110_msgs/msg/detail/opponent_trajectory__type_support.c
[7.162s] -- Up-to-date: /home/misys/forza_ws/race_stack/install/f110_msgs/include/f110_msgs/f110_msgs/msg/detail/car_state__rosidl_typesupport_introspection_c.h
[7.162s] -- Up-to-date: /home/misys/forza_ws/race_stack/install/f110_msgs/include/f110_msgs/f110_msgs/msg/detail/wpnt__rosidl_typesupport_introspection_c.h
[7.163s] -- Up-to-date: /home/misys/forza_ws/race_stack/install/f110_msgs/include/f110_msgs/f110_msgs/msg/detail/opp_wpnt__rosidl_typesupport_introspection_c.h
[7.163s] -- Up-to-date: /home/misys/forza_ws/race_stack/install/f110_msgs/include/f110_msgs/f110_msgs/msg/detail/car_state__type_support.c
[7.165s] -- Up-to-date: /home/misys/forza_ws/race_stack/install/f110_msgs/include/f110_msgs/f110_msgs/msg/detail/gap_data__rosidl_typesupport_introspection_c.h
[7.169s] -- Up-to-date: /home/misys/forza_ws/race_stack/install/f110_msgs/include/f110_msgs/f110_msgs/msg/detail/wpnt_array__rosidl_typesupport_introspection_c.h
[7.170s] -- Up-to-date: /home/misys/forza_ws/race_stack/install/f110_msgs/include/f110_msgs/f110_msgs/msg/detail/opp_wpnt__type_support.c
[7.170s] -- Up-to-date: /home/misys/forza_ws/race_stack/install/f110_msgs/include/f110_msgs/f110_msgs/msg/detail/obstacle_array__rosidl_typesupport_introspection_c.h
[7.170s] -- Up-to-date: /home/misys/forza_ws/race_stack/install/f110_msgs/include/f110_msgs/f110_msgs/msg/detail/wpnt__type_support.c
[7.171s] -- Up-to-date: /home/misys/forza_ws/race_stack/install/f110_msgs/include/f110_msgs/f110_msgs/msg/detail/lap_data__rosidl_typesupport_introspection_c.h
[7.171s] -- Up-to-date: /home/misys/forza_ws/race_stack/install/f110_msgs/include/f110_msgs/f110_msgs/msg/detail/obstacle__rosidl_typesupport_introspection_c.h
[7.172s] -- Up-to-date: /home/misys/forza_ws/race_stack/install/f110_msgs/include/f110_msgs/f110_msgs/msg/detail/lap_data__type_support.c
[7.172s] -- Up-to-date: /home/misys/forza_ws/race_stack/install/f110_msgs/include/f110_msgs/f110_msgs/msg/detail/ot_wpnt_array__rosidl_typesupport_introspection_c.h
[7.173s] -- Up-to-date: /home/misys/forza_ws/race_stack/install/f110_msgs/include/f110_msgs/f110_msgs/msg/detail/obstacle__type_support.c
[7.173s] -- Up-to-date: /home/misys/forza_ws/race_stack/install/f110_msgs/include/f110_msgs/f110_msgs/msg/detail/gap_data__type_support.c
[7.173s] -- Up-to-date: /home/misys/forza_ws/race_stack/install/f110_msgs/include/f110_msgs/f110_msgs/msg/detail/ot_wpnt_array__type_support.c
[7.173s] -- Up-to-date: /home/misys/forza_ws/race_stack/install/f110_msgs/include/f110_msgs/f110_msgs/msg/detail/opponent_trajectory__rosidl_typesupport_introspection_c.h
[7.173s] -- Up-to-date: /home/misys/forza_ws/race_stack/install/f110_msgs/include/f110_msgs/f110_msgs/msg/rosidl_typesupport_introspection_c__visibility_control.h
[7.174s] -- Up-to-date: /home/misys/forza_ws/race_stack/install/f110_msgs/lib/libf110_msgs__rosidl_typesupport_introspection_c.so
[7.174s] -- Up-to-date: /home/misys/forza_ws/race_stack/install/f110_msgs/lib/libf110_msgs__rosidl_typesupport_c.so
[7.176s] -- Up-to-date: /home/misys/forza_ws/race_stack/install/f110_msgs/include/f110_msgs/f110_msgs
[7.176s] -- Up-to-date: /home/misys/forza_ws/race_stack/install/f110_msgs/include/f110_msgs/f110_msgs/msg
[7.177s] -- Up-to-date: /home/misys/forza_ws/race_stack/install/f110_msgs/include/f110_msgs/f110_msgs/msg/detail
[7.178s] -- Up-to-date: /home/misys/forza_ws/race_stack/install/f110_msgs/include/f110_msgs/f110_msgs/msg/detail/ot_wpnt_array__type_support.cpp
[7.178s] -- Up-to-date: /home/misys/forza_ws/race_stack/install/f110_msgs/include/f110_msgs/f110_msgs/msg/detail/obstacle_array__rosidl_typesupport_introspection_cpp.hpp
[7.179s] -- Up-to-date: /home/misys/forza_ws/race_stack/install/f110_msgs/include/f110_msgs/f110_msgs/msg/detail/lap_data__rosidl_typesupport_introspection_cpp.hpp
[7.179s] -- Up-to-date: /home/misys/forza_ws/race_stack/install/f110_msgs/include/f110_msgs/f110_msgs/msg/detail/wpnt_array__type_support.cpp
[7.179s] -- Up-to-date: /home/misys/forza_ws/race_stack/install/f110_msgs/include/f110_msgs/f110_msgs/msg/detail/opponent_trajectory__rosidl_typesupport_introspection_cpp.hpp
[7.179s] -- Up-to-date: /home/misys/forza_ws/race_stack/install/f110_msgs/include/f110_msgs/f110_msgs/msg/detail/opp_wpnt__rosidl_typesupport_introspection_cpp.hpp
[7.179s] -- Up-to-date: /home/misys/forza_ws/race_stack/install/f110_msgs/include/f110_msgs/f110_msgs/msg/detail/opponent_trajectory__type_support.cpp
[7.179s] -- Up-to-date: /home/misys/forza_ws/race_stack/install/f110_msgs/include/f110_msgs/f110_msgs/msg/detail/obstacle_array__type_support.cpp
[7.180s] -- Up-to-date: /home/misys/forza_ws/race_stack/install/f110_msgs/include/f110_msgs/f110_msgs/msg/detail/opp_wpnt__type_support.cpp
[7.180s] -- Up-to-date: /home/misys/forza_ws/race_stack/install/f110_msgs/include/f110_msgs/f110_msgs/msg/detail/wpnt_array__rosidl_typesupport_introspection_cpp.hpp
[7.180s] -- Up-to-date: /home/misys/forza_ws/race_stack/install/f110_msgs/include/f110_msgs/f110_msgs/msg/detail/obstacle__type_support.cpp
[7.180s] -- Up-to-date: /home/misys/forza_ws/race_stack/install/f110_msgs/include/f110_msgs/f110_msgs/msg/detail/wpnt__type_support.cpp
[7.181s] -- Up-to-date: /home/misys/forza_ws/race_stack/install/f110_msgs/include/f110_msgs/f110_msgs/msg/detail/gap_data__rosidl_typesupport_introspection_cpp.hpp
[7.181s] -- Up-to-date: /home/misys/forza_ws/race_stack/install/f110_msgs/include/f110_msgs/f110_msgs/msg/detail/ot_wpnt_array__rosidl_typesupport_introspection_cpp.hpp
[7.181s] -- Up-to-date: /home/misys/forza_ws/race_stack/install/f110_msgs/include/f110_msgs/f110_msgs/msg/detail/car_state__rosidl_typesupport_introspection_cpp.hpp
[7.181s] -- Up-to-date: /home/misys/forza_ws/race_stack/install/f110_msgs/include/f110_msgs/f110_msgs/msg/detail/car_state__type_support.cpp
[7.181s] -- Up-to-date: /home/misys/forza_ws/race_stack/install/f110_msgs/include/f110_msgs/f110_msgs/msg/detail/lap_data__type_support.cpp
[7.181s] -- Up-to-date: /home/misys/forza_ws/race_stack/install/f110_msgs/include/f110_msgs/f110_msgs/msg/detail/car_state_stamped__rosidl_typesupport_introspection_cpp.hpp
[7.181s] -- Up-to-date: /home/misys/forza_ws/race_stack/install/f110_msgs/include/f110_msgs/f110_msgs/msg/detail/wpnt__rosidl_typesupport_introspection_cpp.hpp
[7.182s] -- Up-to-date: /home/misys/forza_ws/race_stack/install/f110_msgs/include/f110_msgs/f110_msgs/msg/detail/gap_data__type_support.cpp
[7.182s] -- Up-to-date: /home/misys/forza_ws/race_stack/install/f110_msgs/include/f110_msgs/f110_msgs/msg/detail/car_state_stamped__type_support.cpp
[7.182s] -- Up-to-date: /home/misys/forza_ws/race_stack/install/f110_msgs/include/f110_msgs/f110_msgs/msg/detail/pid_data__rosidl_typesupport_introspection_cpp.hpp
[7.182s] -- Up-to-date: /home/misys/forza_ws/race_stack/install/f110_msgs/include/f110_msgs/f110_msgs/msg/detail/obstacle__rosidl_typesupport_introspection_cpp.hpp
[7.182s] -- Up-to-date: /home/misys/forza_ws/race_stack/install/f110_msgs/include/f110_msgs/f110_msgs/msg/detail/pid_data__type_support.cpp
[7.182s] -- Up-to-date: /home/misys/forza_ws/race_stack/install/f110_msgs/lib/libf110_msgs__rosidl_typesupport_introspection_cpp.so
[7.182s] -- Up-to-date: /home/misys/forza_ws/race_stack/install/f110_msgs/lib/libf110_msgs__rosidl_typesupport_cpp.so
[7.183s] -- Up-to-date: /home/misys/forza_ws/race_stack/install/f110_msgs/share/f110_msgs/environment/pythonpath.sh
[7.184s] -- Up-to-date: /home/misys/forza_ws/race_stack/install/f110_msgs/share/f110_msgs/environment/pythonpath.dsv
[7.185s] -- Up-to-date: /home/misys/forza_ws/race_stack/install/f110_msgs/local/lib/python3.10/dist-packages/f110_msgs-0.0.0-py3.10.egg-info
[7.185s] -- Installing: /home/misys/forza_ws/race_stack/install/f110_msgs/local/lib/python3.10/dist-packages/f110_msgs-0.0.0-py3.10.egg-info/dependency_links.txt
[7.185s] -- Installing: /home/misys/forza_ws/race_stack/install/f110_msgs/local/lib/python3.10/dist-packages/f110_msgs-0.0.0-py3.10.egg-info/PKG-INFO
[7.185s] -- Installing: /home/misys/forza_ws/race_stack/install/f110_msgs/local/lib/python3.10/dist-packages/f110_msgs-0.0.0-py3.10.egg-info/top_level.txt
[7.185s] -- Installing: /home/misys/forza_ws/race_stack/install/f110_msgs/local/lib/python3.10/dist-packages/f110_msgs-0.0.0-py3.10.egg-info/SOURCES.txt
[7.185s] -- Up-to-date: /home/misys/forza_ws/race_stack/install/f110_msgs/local/lib/python3.10/dist-packages/f110_msgs
[7.186s] -- Up-to-date: /home/misys/forza_ws/race_stack/install/f110_msgs/local/lib/python3.10/dist-packages/f110_msgs/_f110_msgs_s.ep.rosidl_typesupport_introspection_c.c
[7.186s] -- Up-to-date: /home/misys/forza_ws/race_stack/install/f110_msgs/local/lib/python3.10/dist-packages/f110_msgs/f110_msgs_s__rosidl_typesupport_introspection_c.cpython-310-aarch64-linux-gnu.so
[7.186s] -- Up-to-date: /home/misys/forza_ws/race_stack/install/f110_msgs/local/lib/python3.10/dist-packages/f110_msgs/f110_msgs_s__rosidl_typesupport_fastrtps_c.cpython-310-aarch64-linux-gnu.so
[7.186s] -- Up-to-date: /home/misys/forza_ws/race_stack/install/f110_msgs/local/lib/python3.10/dist-packages/f110_msgs/msg
[7.186s] -- Up-to-date: /home/misys/forza_ws/race_stack/install/f110_msgs/local/lib/python3.10/dist-packages/f110_msgs/msg/_opponent_trajectory_s.c
[7.186s] -- Up-to-date: /home/misys/forza_ws/race_stack/install/f110_msgs/local/lib/python3.10/dist-packages/f110_msgs/msg/_wpnt.py
[7.186s] -- Up-to-date: /home/misys/forza_ws/race_stack/install/f110_msgs/local/lib/python3.10/dist-packages/f110_msgs/msg/_wpnt_s.c
[7.186s] -- Up-to-date: /home/misys/forza_ws/race_stack/install/f110_msgs/local/lib/python3.10/dist-packages/f110_msgs/msg/_opp_wpnt_s.c
[7.187s] -- Up-to-date: /home/misys/forza_ws/race_stack/install/f110_msgs/local/lib/python3.10/dist-packages/f110_msgs/msg/_car_state_stamped.py
[7.187s] -- Up-to-date: /home/misys/forza_ws/race_stack/install/f110_msgs/local/lib/python3.10/dist-packages/f110_msgs/msg/_opp_wpnt.py
[7.187s] -- Up-to-date: /home/misys/forza_ws/race_stack/install/f110_msgs/local/lib/python3.10/dist-packages/f110_msgs/msg/_obstacle_array.py
[7.187s] -- Up-to-date: /home/misys/forza_ws/race_stack/install/f110_msgs/local/lib/python3.10/dist-packages/f110_msgs/msg/_obstacle.py
[7.187s] -- Up-to-date: /home/misys/forza_ws/race_stack/install/f110_msgs/local/lib/python3.10/dist-packages/f110_msgs/msg/_lap_data_s.c
[7.187s] -- Up-to-date: /home/misys/forza_ws/race_stack/install/f110_msgs/local/lib/python3.10/dist-packages/f110_msgs/msg/_wpnt_array.py
[7.187s] -- Up-to-date: /home/misys/forza_ws/race_stack/install/f110_msgs/local/lib/python3.10/dist-packages/f110_msgs/msg/_obstacle_array_s.c
[7.188s] -- Up-to-date: /home/misys/forza_ws/race_stack/install/f110_msgs/local/lib/python3.10/dist-packages/f110_msgs/msg/_obstacle_s.c
[7.188s] -- Up-to-date: /home/misys/forza_ws/race_stack/install/f110_msgs/local/lib/python3.10/dist-packages/f110_msgs/msg/_car_state_s.c
[7.188s] -- Up-to-date: /home/misys/forza_ws/race_stack/install/f110_msgs/local/lib/python3.10/dist-packages/f110_msgs/msg/_wpnt_array_s.c
[7.188s] -- Up-to-date: /home/misys/forza_ws/race_stack/install/f110_msgs/local/lib/python3.10/dist-packages/f110_msgs/msg/_pid_data.py
[7.188s] -- Up-to-date: /home/misys/forza_ws/race_stack/install/f110_msgs/local/lib/python3.10/dist-packages/f110_msgs/msg/_car_state_stamped_s.c
[7.188s] -- Up-to-date: /home/misys/forza_ws/race_stack/install/f110_msgs/local/lib/python3.10/dist-packages/f110_msgs/msg/_ot_wpnt_array.py
[7.188s] -- Up-to-date: /home/misys/forza_ws/race_stack/install/f110_msgs/local/lib/python3.10/dist-packages/f110_msgs/msg/__init__.py
[7.188s] -- Up-to-date: /home/misys/forza_ws/race_stack/install/f110_msgs/local/lib/python3.10/dist-packages/f110_msgs/msg/_pid_data_s.c
[7.189s] -- Up-to-date: /home/misys/forza_ws/race_stack/install/f110_msgs/local/lib/python3.10/dist-packages/f110_msgs/msg/_opponent_trajectory.py
[7.189s] -- Up-to-date: /home/misys/forza_ws/race_stack/install/f110_msgs/local/lib/python3.10/dist-packages/f110_msgs/msg/_gap_data_s.c
[7.189s] -- Up-to-date: /home/misys/forza_ws/race_stack/install/f110_msgs/local/lib/python3.10/dist-packages/f110_msgs/msg/_lap_data.py
[7.189s] -- Up-to-date: /home/misys/forza_ws/race_stack/install/f110_msgs/local/lib/python3.10/dist-packages/f110_msgs/msg/_gap_data.py
[7.189s] -- Up-to-date: /home/misys/forza_ws/race_stack/install/f110_msgs/local/lib/python3.10/dist-packages/f110_msgs/msg/_ot_wpnt_array_s.c
[7.189s] -- Up-to-date: /home/misys/forza_ws/race_stack/install/f110_msgs/local/lib/python3.10/dist-packages/f110_msgs/msg/_car_state.py
[7.189s] -- Up-to-date: /home/misys/forza_ws/race_stack/install/f110_msgs/local/lib/python3.10/dist-packages/f110_msgs/_f110_msgs_s.ep.rosidl_typesupport_fastrtps_c.c
[7.189s] -- Up-to-date: /home/misys/forza_ws/race_stack/install/f110_msgs/local/lib/python3.10/dist-packages/f110_msgs/__init__.py
[7.189s] -- Up-to-date: /home/misys/forza_ws/race_stack/install/f110_msgs/local/lib/python3.10/dist-packages/f110_msgs/libf110_msgs__rosidl_generator_py.so
[7.190s] -- Up-to-date: /home/misys/forza_ws/race_stack/install/f110_msgs/local/lib/python3.10/dist-packages/f110_msgs/f110_msgs_s__rosidl_typesupport_c.cpython-310-aarch64-linux-gnu.so
[7.190s] -- Up-to-date: /home/misys/forza_ws/race_stack/install/f110_msgs/local/lib/python3.10/dist-packages/f110_msgs/_f110_msgs_s.ep.rosidl_typesupport_c.c
[7.582s] Listing '/home/misys/forza_ws/race_stack/install/f110_msgs/local/lib/python3.10/dist-packages/f110_msgs'...
[7.583s] Listing '/home/misys/forza_ws/race_stack/install/f110_msgs/local/lib/python3.10/dist-packages/f110_msgs/msg'...
[7.615s] -- Up-to-date: /home/misys/forza_ws/race_stack/install/f110_msgs/local/lib/python3.10/dist-packages/f110_msgs/f110_msgs_s__rosidl_typesupport_fastrtps_c.cpython-310-aarch64-linux-gnu.so
[7.615s] -- Up-to-date: /home/misys/forza_ws/race_stack/install/f110_msgs/local/lib/python3.10/dist-packages/f110_msgs/f110_msgs_s__rosidl_typesupport_introspection_c.cpython-310-aarch64-linux-gnu.so
[7.616s] -- Up-to-date: /home/misys/forza_ws/race_stack/install/f110_msgs/local/lib/python3.10/dist-packages/f110_msgs/f110_msgs_s__rosidl_typesupport_c.cpython-310-aarch64-linux-gnu.so
[7.617s] -- Up-to-date: /home/misys/forza_ws/race_stack/install/f110_msgs/lib/libf110_msgs__rosidl_generator_py.so
[7.617s] -- Up-to-date: /home/misys/forza_ws/race_stack/install/f110_msgs/share/f110_msgs/msg/CarState.idl
[7.617s] -- Up-to-date: /home/misys/forza_ws/race_stack/install/f110_msgs/share/f110_msgs/msg/CarStateStamped.idl
[7.618s] -- Up-to-date: /home/misys/forza_ws/race_stack/install/f110_msgs/share/f110_msgs/msg/GapData.idl
[7.618s] -- Up-to-date: /home/misys/forza_ws/race_stack/install/f110_msgs/share/f110_msgs/msg/LapData.idl
[7.618s] -- Up-to-date: /home/misys/forza_ws/race_stack/install/f110_msgs/share/f110_msgs/msg/OTWpntArray.idl
[7.618s] -- Up-to-date: /home/misys/forza_ws/race_stack/install/f110_msgs/share/f110_msgs/msg/Obstacle.idl
[7.619s] -- Up-to-date: /home/misys/forza_ws/race_stack/install/f110_msgs/share/f110_msgs/msg/ObstacleArray.idl
[7.619s] -- Up-to-date: /home/misys/forza_ws/race_stack/install/f110_msgs/share/f110_msgs/msg/PidData.idl
[7.619s] -- Up-to-date: /home/misys/forza_ws/race_stack/install/f110_msgs/share/f110_msgs/msg/Wpnt.idl
[7.620s] -- Up-to-date: /home/misys/forza_ws/race_stack/install/f110_msgs/share/f110_msgs/msg/WpntArray.idl
[7.620s] -- Up-to-date: /home/misys/forza_ws/race_stack/install/f110_msgs/share/f110_msgs/msg/OpponentTrajectory.idl
[7.621s] -- Up-to-date: /home/misys/forza_ws/race_stack/install/f110_msgs/share/f110_msgs/msg/OppWpnt.idl
[7.621s] -- Up-to-date: /home/misys/forza_ws/race_stack/install/f110_msgs/share/f110_msgs/msg/CarState.msg
[7.621s] -- Up-to-date: /home/misys/forza_ws/race_stack/install/f110_msgs/share/f110_msgs/msg/CarStateStamped.msg
[7.621s] -- Up-to-date: /home/misys/forza_ws/race_stack/install/f110_msgs/share/f110_msgs/msg/GapData.msg
[7.622s] -- Up-to-date: /home/misys/forza_ws/race_stack/install/f110_msgs/share/f110_msgs/msg/LapData.msg
[7.622s] -- Up-to-date: /home/misys/forza_ws/race_stack/install/f110_msgs/share/f110_msgs/msg/OTWpntArray.msg
[7.622s] -- Up-to-date: /home/misys/forza_ws/race_stack/install/f110_msgs/share/f110_msgs/msg/Obstacle.msg
[7.622s] -- Up-to-date: /home/misys/forza_ws/race_stack/install/f110_msgs/share/f110_msgs/msg/ObstacleArray.msg
[7.623s] -- Up-to-date: /home/misys/forza_ws/race_stack/install/f110_msgs/share/f110_msgs/msg/PidData.msg
[7.623s] -- Up-to-date: /home/misys/forza_ws/race_stack/install/f110_msgs/share/f110_msgs/msg/Wpnt.msg
[7.623s] -- Up-to-date: /home/misys/forza_ws/race_stack/install/f110_msgs/share/f110_msgs/msg/WpntArray.msg
[7.623s] -- Up-to-date: /home/misys/forza_ws/race_stack/install/f110_msgs/share/f110_msgs/msg/OpponentTrajectory.msg
[7.623s] -- Up-to-date: /home/misys/forza_ws/race_stack/install/f110_msgs/share/f110_msgs/msg/OppWpnt.msg
[7.623s] -- Up-to-date: /home/misys/forza_ws/race_stack/install/f110_msgs/share/f110_msgs/my_mapping_rules.yaml
[7.624s] -- Up-to-date: /home/misys/forza_ws/race_stack/install/f110_msgs/share/ament_index/resource_index/package_run_dependencies/f110_msgs
[7.624s] -- Up-to-date: /home/misys/forza_ws/race_stack/install/f110_msgs/share/ament_index/resource_index/parent_prefix_path/f110_msgs
[7.624s] -- Up-to-date: /home/misys/forza_ws/race_stack/install/f110_msgs/share/f110_msgs/environment/ament_prefix_path.sh
[7.625s] -- Up-to-date: /home/misys/forza_ws/race_stack/install/f110_msgs/share/f110_msgs/environment/ament_prefix_path.dsv
[7.626s] -- Up-to-date: /home/misys/forza_ws/race_stack/install/f110_msgs/share/f110_msgs/environment/path.sh
[7.626s] -- Up-to-date: /home/misys/forza_ws/race_stack/install/f110_msgs/share/f110_msgs/environment/path.dsv
[7.627s] -- Up-to-date: /home/misys/forza_ws/race_stack/install/f110_msgs/share/f110_msgs/local_setup.bash
[7.627s] -- Up-to-date: /home/misys/forza_ws/race_stack/install/f110_msgs/share/f110_msgs/local_setup.sh
[7.627s] -- Up-to-date: /home/misys/forza_ws/race_stack/install/f110_msgs/share/f110_msgs/local_setup.zsh
[7.627s] -- Up-to-date: /home/misys/forza_ws/race_stack/install/f110_msgs/share/f110_msgs/local_setup.dsv
[7.627s] -- Installing: /home/misys/forza_ws/race_stack/install/f110_msgs/share/f110_msgs/package.dsv
[7.628s] -- Up-to-date: /home/misys/forza_ws/race_stack/install/f110_msgs/share/ament_index/resource_index/packages/f110_msgs
[7.640s] -- Up-to-date: /home/misys/forza_ws/race_stack/install/f110_msgs/share/f110_msgs/cmake/export_f110_msgs__rosidl_generator_cExport.cmake
[7.649s] -- Up-to-date: /home/misys/forza_ws/race_stack/install/f110_msgs/share/f110_msgs/cmake/export_f110_msgs__rosidl_generator_cExport-noconfig.cmake
[7.653s] -- Up-to-date: /home/misys/forza_ws/race_stack/install/f110_msgs/share/f110_msgs/cmake/export_f110_msgs__rosidl_typesupport_fastrtps_cExport.cmake
[7.655s] -- Up-to-date: /home/misys/forza_ws/race_stack/install/f110_msgs/share/f110_msgs/cmake/export_f110_msgs__rosidl_typesupport_fastrtps_cExport-noconfig.cmake
[7.655s] -- Up-to-date: /home/misys/forza_ws/race_stack/install/f110_msgs/share/f110_msgs/cmake/export_f110_msgs__rosidl_generator_cppExport.cmake
[7.657s] -- Up-to-date: /home/misys/forza_ws/race_stack/install/f110_msgs/share/f110_msgs/cmake/export_f110_msgs__rosidl_typesupport_fastrtps_cppExport.cmake
[7.658s] -- Up-to-date: /home/misys/forza_ws/race_stack/install/f110_msgs/share/f110_msgs/cmake/export_f110_msgs__rosidl_typesupport_fastrtps_cppExport-noconfig.cmake
[7.661s] -- Up-to-date: /home/misys/forza_ws/race_stack/install/f110_msgs/share/f110_msgs/cmake/f110_msgs__rosidl_typesupport_introspection_cExport.cmake
[7.663s] -- Up-to-date: /home/misys/forza_ws/race_stack/install/f110_msgs/share/f110_msgs/cmake/f110_msgs__rosidl_typesupport_introspection_cExport-noconfig.cmake
[7.666s] -- Up-to-date: /home/misys/forza_ws/race_stack/install/f110_msgs/share/f110_msgs/cmake/f110_msgs__rosidl_typesupport_cExport.cmake
[7.667s] -- Up-to-date: /home/misys/forza_ws/race_stack/install/f110_msgs/share/f110_msgs/cmake/f110_msgs__rosidl_typesupport_cExport-noconfig.cmake
[7.668s] -- Up-to-date: /home/misys/forza_ws/race_stack/install/f110_msgs/share/f110_msgs/cmake/f110_msgs__rosidl_typesupport_introspection_cppExport.cmake
[7.674s] -- Up-to-date: /home/misys/forza_ws/race_stack/install/f110_msgs/share/f110_msgs/cmake/f110_msgs__rosidl_typesupport_introspection_cppExport-noconfig.cmake
[7.677s] -- Up-to-date: /home/misys/forza_ws/race_stack/install/f110_msgs/share/f110_msgs/cmake/f110_msgs__rosidl_typesupport_cppExport.cmake
[7.680s] -- Up-to-date: /home/misys/forza_ws/race_stack/install/f110_msgs/share/f110_msgs/cmake/f110_msgs__rosidl_typesupport_cppExport-noconfig.cmake
[7.681s] -- Up-to-date: /home/misys/forza_ws/race_stack/install/f110_msgs/share/f110_msgs/cmake/export_f110_msgs__rosidl_generator_pyExport.cmake
[7.683s] -- Up-to-date: /home/misys/forza_ws/race_stack/install/f110_msgs/share/f110_msgs/cmake/export_f110_msgs__rosidl_generator_pyExport-noconfig.cmake
[7.685s] -- Up-to-date: /home/misys/forza_ws/race_stack/install/f110_msgs/share/f110_msgs/cmake/rosidl_cmake-extras.cmake
[7.687s] -- Up-to-date: /home/misys/forza_ws/race_stack/install/f110_msgs/share/f110_msgs/cmake/ament_cmake_export_dependencies-extras.cmake
[7.687s] -- Up-to-date: /home/misys/forza_ws/race_stack/install/f110_msgs/share/f110_msgs/cmake/ament_cmake_export_include_directories-extras.cmake
[7.688s] -- Up-to-date: /home/misys/forza_ws/race_stack/install/f110_msgs/share/f110_msgs/cmake/ament_cmake_export_libraries-extras.cmake
[7.688s] -- Up-to-date: /home/misys/forza_ws/race_stack/install/f110_msgs/share/f110_msgs/cmake/ament_cmake_export_targets-extras.cmake
[7.690s] -- Up-to-date: /home/misys/forza_ws/race_stack/install/f110_msgs/share/f110_msgs/cmake/rosidl_cmake_export_typesupport_targets-extras.cmake
[7.695s] -- Up-to-date: /home/misys/forza_ws/race_stack/install/f110_msgs/share/f110_msgs/cmake/rosidl_cmake_export_typesupport_libraries-extras.cmake
[7.695s] -- Up-to-date: /home/misys/forza_ws/race_stack/install/f110_msgs/share/f110_msgs/cmake/f110_msgsConfig.cmake
[7.695s] -- Up-to-date: /home/misys/forza_ws/race_stack/install/f110_msgs/share/f110_msgs/cmake/f110_msgsConfig-version.cmake
[7.696s] -- Up-to-date: /home/misys/forza_ws/race_stack/install/f110_msgs/share/f110_msgs/package.xml
[7.710s] Invoked command in '/home/misys/forza_ws/race_stack/build/f110_msgs' returned '0': CMAKE_PREFIX_PATH=${CMAKE_PREFIX_PATH}:/home/misys/forza_ws/race_stack/install/f1tenth_stack:/home/misys/forza_ws/race_stack/install/joy_teleop:/home/misys/forza_ws/race_stack/install/steering_lookup:/home/misys/forza_ws/race_stack/install/state_machine:/home/misys/forza_ws/race_stack/install/slam_tuner:/home/misys/forza_ws/race_stack/install/state_estimation:/home/misys/forza_ws/race_stack/install/map_editor:/home/misys/forza_ws/race_stack/install/stack_master:/home/misys/forza_ws/race_stack/install/spline_planner:/home/misys/forza_ws/race_stack/install/sector_tuner:/home/misys/forza_ws/race_stack/install/perception:/home/misys/forza_ws/race_stack/install/particle_filter:/home/misys/forza_ws/race_stack/install/opponent_publisher:/home/misys/forza_ws/race_stack/install/mouse_teleop:/home/misys/forza_ws/race_stack/install/lap_analyser:/home/misys/forza_ws/race_stack/install/key_teleop:/home/misys/forza_ws/race_stack/install/id_controller:/home/misys/forza_ws/race_stack/install/global_planner:/home/misys/forza_ws/race_stack/install/frenet_odom_republisher:/home/misys/forza_ws/race_stack/install/frenet_conversion:/home/misys/forza_ws/race_stack/install/f1tenth_gym_ros:/home/misys/forza_ws/race_stack/install/controller:/opt/ros/humble /usr/bin/cmake --install /home/misys/forza_ws/race_stack/build/f110_msgs
