[2.728s] Invoking command in '/home/misys/forza_ws/race_stack/state_machine': PYTHONPATH=/home/misys/forza_ws/race_stack/build/state_machine/prefix_override:/usr/lib/python3/dist-packages/colcon_core/task/python/colcon_distutils_commands:/home/misys/forza_ws/race_stack/install/state_machine/lib/python3.10/site-packages:${PYTHONPATH} /usr/bin/python3 -W ignore:setup.py install is deprecated -W ignore:easy_install command is deprecated setup.py egg_info --egg-base ../build/state_machine build --build-base /home/misys/forza_ws/race_stack/build/state_machine/build install --record /home/misys/forza_ws/race_stack/build/state_machine/install.log --single-version-externally-managed install_data
[7.675s] running egg_info
[7.675s] creating ../build/state_machine/state_machine.egg-info
[7.675s] writing ../build/state_machine/state_machine.egg-info/PKG-INFO
[7.675s] writing dependency_links to ../build/state_machine/state_machine.egg-info/dependency_links.txt
[7.675s] writing entry points to ../build/state_machine/state_machine.egg-info/entry_points.txt
[7.675s] writing requirements to ../build/state_machine/state_machine.egg-info/requires.txt
[7.675s] writing top-level names to ../build/state_machine/state_machine.egg-info/top_level.txt
[7.675s] writing manifest file '../build/state_machine/state_machine.egg-info/SOURCES.txt'
[7.676s] reading manifest file '../build/state_machine/state_machine.egg-info/SOURCES.txt'
[7.676s] adding license file 'LICENSE'
[7.676s] writing manifest file '../build/state_machine/state_machine.egg-info/SOURCES.txt'
[7.676s] running build
[7.676s] running build_py
[7.676s] creating /home/misys/forza_ws/race_stack/build/state_machine/build
[7.676s] creating /home/misys/forza_ws/race_stack/build/state_machine/build/lib
[7.676s] creating /home/misys/forza_ws/race_stack/build/state_machine/build/lib/state_machine
[7.676s] copying state_machine/state_machine_params.py -> /home/misys/forza_ws/race_stack/build/state_machine/build/lib/state_machine
[7.677s] copying state_machine/state_machine.py -> /home/misys/forza_ws/race_stack/build/state_machine/build/lib/state_machine
[7.677s] copying state_machine/states.py -> /home/misys/forza_ws/race_stack/build/state_machine/build/lib/state_machine
[7.678s] copying state_machine/transitions.py -> /home/misys/forza_ws/race_stack/build/state_machine/build/lib/state_machine
[7.678s] copying state_machine/__init__.py -> /home/misys/forza_ws/race_stack/build/state_machine/build/lib/state_machine
[7.678s] copying state_machine/state_types.py -> /home/misys/forza_ws/race_stack/build/state_machine/build/lib/state_machine
[7.678s] running install
[7.678s] running install_lib
[7.678s] creating /home/misys/forza_ws/race_stack/install/state_machine/lib/python3.10/site-packages/state_machine
[7.678s] copying /home/misys/forza_ws/race_stack/build/state_machine/build/lib/state_machine/state_machine_params.py -> /home/misys/forza_ws/race_stack/install/state_machine/lib/python3.10/site-packages/state_machine
[7.678s] copying /home/misys/forza_ws/race_stack/build/state_machine/build/lib/state_machine/state_machine.py -> /home/misys/forza_ws/race_stack/install/state_machine/lib/python3.10/site-packages/state_machine
[7.679s] copying /home/misys/forza_ws/race_stack/build/state_machine/build/lib/state_machine/states.py -> /home/misys/forza_ws/race_stack/install/state_machine/lib/python3.10/site-packages/state_machine
[7.679s] copying /home/misys/forza_ws/race_stack/build/state_machine/build/lib/state_machine/transitions.py -> /home/misys/forza_ws/race_stack/install/state_machine/lib/python3.10/site-packages/state_machine
[7.679s] copying /home/misys/forza_ws/race_stack/build/state_machine/build/lib/state_machine/__init__.py -> /home/misys/forza_ws/race_stack/install/state_machine/lib/python3.10/site-packages/state_machine
[7.680s] copying /home/misys/forza_ws/race_stack/build/state_machine/build/lib/state_machine/state_types.py -> /home/misys/forza_ws/race_stack/install/state_machine/lib/python3.10/site-packages/state_machine
[7.680s] byte-compiling /home/misys/forza_ws/race_stack/install/state_machine/lib/python3.10/site-packages/state_machine/state_machine_params.py to state_machine_params.cpython-310.pyc
[7.681s] byte-compiling /home/misys/forza_ws/race_stack/install/state_machine/lib/python3.10/site-packages/state_machine/state_machine.py to state_machine.cpython-310.pyc
[7.681s] byte-compiling /home/misys/forza_ws/race_stack/install/state_machine/lib/python3.10/site-packages/state_machine/states.py to states.cpython-310.pyc
[7.681s] byte-compiling /home/misys/forza_ws/race_stack/install/state_machine/lib/python3.10/site-packages/state_machine/transitions.py to transitions.cpython-310.pyc
[7.681s] byte-compiling /home/misys/forza_ws/race_stack/install/state_machine/lib/python3.10/site-packages/state_machine/__init__.py to __init__.cpython-310.pyc
[7.681s] byte-compiling /home/misys/forza_ws/race_stack/install/state_machine/lib/python3.10/site-packages/state_machine/state_types.py to state_types.cpython-310.pyc
[7.682s] running install_data
[7.682s] creating /home/misys/forza_ws/race_stack/install/state_machine/share/ament_index
[7.682s] creating /home/misys/forza_ws/race_stack/install/state_machine/share/ament_index/resource_index
[7.682s] creating /home/misys/forza_ws/race_stack/install/state_machine/share/ament_index/resource_index/packages
[7.682s] copying resource/state_machine -> /home/misys/forza_ws/race_stack/install/state_machine/share/ament_index/resource_index/packages
[7.682s] copying package.xml -> /home/misys/forza_ws/race_stack/install/state_machine/share/state_machine
[7.682s] creating /home/misys/forza_ws/race_stack/install/state_machine/share/state_machine/launch
[7.682s] copying launch/state_machine_launch.xml -> /home/misys/forza_ws/race_stack/install/state_machine/share/state_machine/launch
[7.682s] copying launch/state_machine.launch.py -> /home/misys/forza_ws/race_stack/install/state_machine/share/state_machine/launch
[7.683s] running install_egg_info
[7.683s] Copying ../build/state_machine/state_machine.egg-info to /home/misys/forza_ws/race_stack/install/state_machine/lib/python3.10/site-packages/state_machine-0.0.0-py3.10.egg-info
[7.683s] running install_scripts
[7.683s] Installing state_machine script to /home/misys/forza_ws/race_stack/install/state_machine/lib/state_machine
[7.683s] writing list of installed files to '/home/misys/forza_ws/race_stack/build/state_machine/install.log'
[7.693s] Invoked command in '/home/misys/forza_ws/race_stack/state_machine' returned '0': PYTHONPATH=/home/misys/forza_ws/race_stack/build/state_machine/prefix_override:/usr/lib/python3/dist-packages/colcon_core/task/python/colcon_distutils_commands:/home/misys/forza_ws/race_stack/install/state_machine/lib/python3.10/site-packages:${PYTHONPATH} /usr/bin/python3 -W ignore:setup.py install is deprecated -W ignore:easy_install command is deprecated setup.py egg_info --egg-base ../build/state_machine build --build-base /home/misys/forza_ws/race_stack/build/state_machine/build install --record /home/misys/forza_ws/race_stack/build/state_machine/install.log --single-version-externally-managed install_data
