[2.310s] Invoking command in '/home/misys/forza_ws/race_stack/base_system/f1tenth_system/teleop_tools/key_teleop': PYTHONPATH=/home/misys/forza_ws/race_stack/build/key_teleop/prefix_override:/usr/lib/python3/dist-packages/colcon_core/task/python/colcon_distutils_commands:/home/misys/forza_ws/race_stack/install/key_teleop/lib/python3.10/site-packages:${PYTHONPATH} /usr/bin/python3 -W ignore:setup.py install is deprecated -W ignore:easy_install command is deprecated setup.py egg_info --egg-base ../../../../build/key_teleop build --build-base /home/misys/forza_ws/race_stack/build/key_teleop/build install --record /home/misys/forza_ws/race_stack/build/key_teleop/install.log --single-version-externally-managed install_data
[3.048s] running egg_info
[3.050s] writing ../../../../build/key_teleop/key_teleop.egg-info/PKG-INFO
[3.050s] writing dependency_links to ../../../../build/key_teleop/key_teleop.egg-info/dependency_links.txt
[3.051s] writing entry points to ../../../../build/key_teleop/key_teleop.egg-info/entry_points.txt
[3.051s] writing requirements to ../../../../build/key_teleop/key_teleop.egg-info/requires.txt
[3.051s] writing top-level names to ../../../../build/key_teleop/key_teleop.egg-info/top_level.txt
[3.056s] reading manifest file '../../../../build/key_teleop/key_teleop.egg-info/SOURCES.txt'
[3.056s] adding license file 'LICENSE'
[3.058s] writing manifest file '../../../../build/key_teleop/key_teleop.egg-info/SOURCES.txt'
[3.058s] running build
[3.058s] running build_py
[3.059s] running install
[3.060s] running install_lib
[3.064s] running install_data
[3.064s] running install_egg_info
[3.069s] removing '/home/misys/forza_ws/race_stack/install/key_teleop/lib/python3.10/site-packages/key_teleop-1.5.0-py3.10.egg-info' (and everything under it)
[3.073s] Copying ../../../../build/key_teleop/key_teleop.egg-info to /home/misys/forza_ws/race_stack/install/key_teleop/lib/python3.10/site-packages/key_teleop-1.5.0-py3.10.egg-info
[3.073s] running install_scripts
[3.123s] Installing key_teleop script to /home/misys/forza_ws/race_stack/install/key_teleop/lib/key_teleop
[3.124s] writing list of installed files to '/home/misys/forza_ws/race_stack/build/key_teleop/install.log'
[3.905s] Invoked command in '/home/misys/forza_ws/race_stack/base_system/f1tenth_system/teleop_tools/key_teleop' returned '0': PYTHONPATH=/home/misys/forza_ws/race_stack/build/key_teleop/prefix_override:/usr/lib/python3/dist-packages/colcon_core/task/python/colcon_distutils_commands:/home/misys/forza_ws/race_stack/install/key_teleop/lib/python3.10/site-packages:${PYTHONPATH} /usr/bin/python3 -W ignore:setup.py install is deprecated -W ignore:easy_install command is deprecated setup.py egg_info --egg-base ../../../../build/key_teleop build --build-base /home/misys/forza_ws/race_stack/build/key_teleop/build install --record /home/misys/forza_ws/race_stack/build/key_teleop/install.log --single-version-externally-managed install_data
