[3.538s] Invoking command in '/home/misys/forza_ws/race_stack/perception': PYTHONPATH=/home/misys/forza_ws/race_stack/build/perception/prefix_override:/usr/lib/python3/dist-packages/colcon_core/task/python/colcon_distutils_commands:/home/misys/forza_ws/race_stack/install/perception/lib/python3.10/site-packages:${PYTHONPATH} /usr/bin/python3 -W ignore:setup.py install is deprecated -W ignore:easy_install command is deprecated setup.py egg_info --egg-base ../build/perception build --build-base /home/misys/forza_ws/race_stack/build/perception/build install --record /home/misys/forza_ws/race_stack/build/perception/install.log --single-version-externally-managed install_data
[4.264s] running egg_info
[4.265s] writing ../build/perception/perception.egg-info/PKG-INFO
[4.266s] writing dependency_links to ../build/perception/perception.egg-info/dependency_links.txt
[4.267s] writing entry points to ../build/perception/perception.egg-info/entry_points.txt
[4.267s] writing requirements to ../build/perception/perception.egg-info/requires.txt
[4.267s] writing top-level names to ../build/perception/perception.egg-info/top_level.txt
[4.272s] reading manifest file '../build/perception/perception.egg-info/SOURCES.txt'
[4.272s] adding license file 'LICENSE'
[4.274s] writing manifest file '../build/perception/perception.egg-info/SOURCES.txt'
[4.274s] running build
[4.274s] running build_py
[4.275s] running install
[4.275s] running install_lib
[4.277s] running install_data
[4.278s] running install_egg_info
[4.282s] removing '/home/misys/forza_ws/race_stack/install/perception/lib/python3.10/site-packages/perception-0.0.0-py3.10.egg-info' (and everything under it)
[4.283s] Copying ../build/perception/perception.egg-info to /home/misys/forza_ws/race_stack/install/perception/lib/python3.10/site-packages/perception-0.0.0-py3.10.egg-info
[4.285s] running install_scripts
[4.338s] Installing detect script to /home/misys/forza_ws/race_stack/install/perception/lib/perception
[4.338s] Installing tracking script to /home/misys/forza_ws/race_stack/install/perception/lib/perception
[4.338s] writing list of installed files to '/home/misys/forza_ws/race_stack/build/perception/install.log'
[4.446s] Invoked command in '/home/misys/forza_ws/race_stack/perception' returned '0': PYTHONPATH=/home/misys/forza_ws/race_stack/build/perception/prefix_override:/usr/lib/python3/dist-packages/colcon_core/task/python/colcon_distutils_commands:/home/misys/forza_ws/race_stack/install/perception/lib/python3.10/site-packages:${PYTHONPATH} /usr/bin/python3 -W ignore:setup.py install is deprecated -W ignore:easy_install command is deprecated setup.py egg_info --egg-base ../build/perception build --build-base /home/misys/forza_ws/race_stack/build/perception/build install --record /home/misys/forza_ws/race_stack/build/perception/install.log --single-version-externally-managed install_data
