[6.931s] Invoking command in '/home/misys/forza_ws/race_stack/state_machine': PYTHONPATH=/home/misys/forza_ws/race_stack/build/state_machine/prefix_override:/usr/lib/python3/dist-packages/colcon_core/task/python/colcon_distutils_commands:/home/misys/forza_ws/race_stack/install/state_machine/lib/python3.10/site-packages:${PYTHONPATH} /usr/bin/python3 -W ignore:setup.py install is deprecated -W ignore:easy_install command is deprecated setup.py egg_info --egg-base ../build/state_machine build --build-base /home/misys/forza_ws/race_stack/build/state_machine/build install --record /home/misys/forza_ws/race_stack/build/state_machine/install.log --single-version-externally-managed install_data
[9.213s] running egg_info
[9.214s] writing ../build/state_machine/state_machine.egg-info/PKG-INFO
[9.216s] writing dependency_links to ../build/state_machine/state_machine.egg-info/dependency_links.txt
[9.217s] writing entry points to ../build/state_machine/state_machine.egg-info/entry_points.txt
[9.218s] writing requirements to ../build/state_machine/state_machine.egg-info/requires.txt
[9.219s] writing top-level names to ../build/state_machine/state_machine.egg-info/top_level.txt
[9.225s] reading manifest file '../build/state_machine/state_machine.egg-info/SOURCES.txt'
[9.229s] adding license file 'LICENSE'
[9.231s] writing manifest file '../build/state_machine/state_machine.egg-info/SOURCES.txt'
[9.232s] running build
[9.233s] running build_py
[9.235s] running install
[9.236s] running install_lib
[9.241s] running install_data
[9.242s] running install_egg_info
[9.249s] removing '/home/misys/forza_ws/race_stack/install/state_machine/lib/python3.10/site-packages/state_machine-0.0.0-py3.10.egg-info' (and everything under it)
[9.279s] Copying ../build/state_machine/state_machine.egg-info to /home/misys/forza_ws/race_stack/install/state_machine/lib/python3.10/site-packages/state_machine-0.0.0-py3.10.egg-info
[9.283s] running install_scripts
[9.398s] Installing state_machine script to /home/misys/forza_ws/race_stack/install/state_machine/lib/state_machine
[9.400s] writing list of installed files to '/home/misys/forza_ws/race_stack/build/state_machine/install.log'
[11.601s] Invoked command in '/home/misys/forza_ws/race_stack/state_machine' returned '0': PYTHONPATH=/home/misys/forza_ws/race_stack/build/state_machine/prefix_override:/usr/lib/python3/dist-packages/colcon_core/task/python/colcon_distutils_commands:/home/misys/forza_ws/race_stack/install/state_machine/lib/python3.10/site-packages:${PYTHONPATH} /usr/bin/python3 -W ignore:setup.py install is deprecated -W ignore:easy_install command is deprecated setup.py egg_info --egg-base ../build/state_machine build --build-base /home/misys/forza_ws/race_stack/build/state_machine/build install --record /home/misys/forza_ws/race_stack/build/state_machine/install.log --single-version-externally-managed install_data
