[0.770s] Invoking command in '/home/misys/forza_ws/race_stack/build/vesc_ackermann': AMENT_PREFIX_PATH=/home/misys/forza_ws/race_stack/install/vesc_msgs:${AMENT_PREFIX_PATH} CMAKE_PREFIX_PATH=/home/misys/forza_ws/race_stack/install/vesc_msgs:/opt/ros/humble LD_LIBRARY_PATH=/home/misys/forza_ws/race_stack/install/vesc_msgs/lib:/opt/ros/humble/opt/rviz_ogre_vendor/lib:/opt/ros/humble/lib/aarch64-linux-gnu:/opt/ros/humble/lib:/usr/local/cuda/lib64 PYTHONPATH=/home/misys/forza_ws/race_stack/install/vesc_msgs/local/lib/python3.10/dist-packages:${PYTHONPATH} /usr/bin/cmake --build /home/misys/forza_ws/race_stack/build/vesc_ackermann -- -j6 -l6
[0.871s] [35m[1mConsolidate compiler generated dependencies of target ackermann_to_vesc_node[0m
[0.872s] [35m[1mConsolidate compiler generated dependencies of target vesc_to_odom_node[0m
[0.872s] [35m[1mConsolidate compiler generated dependencies of target vesc_ackermann[0m
[0.927s] [ 42%] Built target vesc_ackermann
[0.942s] [ 71%] Built target ackermann_to_vesc_node
[0.952s] [100%] Built target vesc_to_odom_node
[1.454s] Invoked command in '/home/misys/forza_ws/race_stack/build/vesc_ackermann' returned '0': AMENT_PREFIX_PATH=/home/misys/forza_ws/race_stack/install/vesc_msgs:${AMENT_PREFIX_PATH} CMAKE_PREFIX_PATH=/home/misys/forza_ws/race_stack/install/vesc_msgs:/opt/ros/humble LD_LIBRARY_PATH=/home/misys/forza_ws/race_stack/install/vesc_msgs/lib:/opt/ros/humble/opt/rviz_ogre_vendor/lib:/opt/ros/humble/lib/aarch64-linux-gnu:/opt/ros/humble/lib:/usr/local/cuda/lib64 PYTHONPATH=/home/misys/forza_ws/race_stack/install/vesc_msgs/local/lib/python3.10/dist-packages:${PYTHONPATH} /usr/bin/cmake --build /home/misys/forza_ws/race_stack/build/vesc_ackermann -- -j6 -l6
[1.463s] Invoking command in '/home/misys/forza_ws/race_stack/build/vesc_ackermann': AMENT_PREFIX_PATH=/home/misys/forza_ws/race_stack/install/vesc_msgs:${AMENT_PREFIX_PATH} CMAKE_PREFIX_PATH=/home/misys/forza_ws/race_stack/install/vesc_msgs:/opt/ros/humble LD_LIBRARY_PATH=/home/misys/forza_ws/race_stack/install/vesc_msgs/lib:/opt/ros/humble/opt/rviz_ogre_vendor/lib:/opt/ros/humble/lib/aarch64-linux-gnu:/opt/ros/humble/lib:/usr/local/cuda/lib64 PYTHONPATH=/home/misys/forza_ws/race_stack/install/vesc_msgs/local/lib/python3.10/dist-packages:${PYTHONPATH} /usr/bin/cmake --install /home/misys/forza_ws/race_stack/build/vesc_ackermann
[1.500s] -- Install configuration: ""
[1.500s] -- Up-to-date: /home/misys/forza_ws/race_stack/install/vesc_ackermann/lib/vesc_ackermann/ackermann_to_vesc_node
[1.501s] -- Up-to-date: /home/misys/forza_ws/race_stack/install/vesc_ackermann/lib/vesc_ackermann/vesc_to_odom_node
[1.501s] -- Up-to-date: /home/misys/forza_ws/race_stack/install/vesc_ackermann/include
[1.502s] -- Up-to-date: /home/misys/forza_ws/race_stack/install/vesc_ackermann/include/vesc_ackermann
[1.502s] -- Up-to-date: /home/misys/forza_ws/race_stack/install/vesc_ackermann/include/vesc_ackermann/ackermann_to_vesc.hpp
[1.502s] -- Up-to-date: /home/misys/forza_ws/race_stack/install/vesc_ackermann/include/vesc_ackermann/vesc_to_odom.hpp
[1.502s] -- Up-to-date: /home/misys/forza_ws/race_stack/install/vesc_ackermann/share/vesc_ackermann/environment/library_path.sh
[1.502s] -- Up-to-date: /home/misys/forza_ws/race_stack/install/vesc_ackermann/share/vesc_ackermann/environment/library_path.dsv
[1.502s] -- Up-to-date: /home/misys/forza_ws/race_stack/install/vesc_ackermann/lib/libvesc_ackermann.so
[1.502s] -- Up-to-date: /home/misys/forza_ws/race_stack/install/vesc_ackermann/share/vesc_ackermann/launch
[1.502s] -- Up-to-date: /home/misys/forza_ws/race_stack/install/vesc_ackermann/share/vesc_ackermann/launch/vesc_to_odom_node.launch.xml
[1.503s] -- Up-to-date: /home/misys/forza_ws/race_stack/install/vesc_ackermann/share/vesc_ackermann/launch/ackermann_to_vesc_node.launch.xml
[1.503s] -- Up-to-date: /home/misys/forza_ws/race_stack/install/vesc_ackermann/share/ament_index/resource_index/package_run_dependencies/vesc_ackermann
[1.503s] -- Up-to-date: /home/misys/forza_ws/race_stack/install/vesc_ackermann/share/ament_index/resource_index/parent_prefix_path/vesc_ackermann
[1.503s] -- Up-to-date: /home/misys/forza_ws/race_stack/install/vesc_ackermann/share/vesc_ackermann/environment/ament_prefix_path.sh
[1.503s] -- Up-to-date: /home/misys/forza_ws/race_stack/install/vesc_ackermann/share/vesc_ackermann/environment/ament_prefix_path.dsv
[1.503s] -- Up-to-date: /home/misys/forza_ws/race_stack/install/vesc_ackermann/share/vesc_ackermann/environment/path.sh
[1.503s] -- Up-to-date: /home/misys/forza_ws/race_stack/install/vesc_ackermann/share/vesc_ackermann/environment/path.dsv
[1.503s] -- Up-to-date: /home/misys/forza_ws/race_stack/install/vesc_ackermann/share/vesc_ackermann/local_setup.bash
[1.504s] -- Up-to-date: /home/misys/forza_ws/race_stack/install/vesc_ackermann/share/vesc_ackermann/local_setup.sh
[1.504s] -- Up-to-date: /home/misys/forza_ws/race_stack/install/vesc_ackermann/share/vesc_ackermann/local_setup.zsh
[1.504s] -- Up-to-date: /home/misys/forza_ws/race_stack/install/vesc_ackermann/share/vesc_ackermann/local_setup.dsv
[1.504s] -- Installing: /home/misys/forza_ws/race_stack/install/vesc_ackermann/share/vesc_ackermann/package.dsv
[1.504s] -- Up-to-date: /home/misys/forza_ws/race_stack/install/vesc_ackermann/share/ament_index/resource_index/packages/vesc_ackermann
[1.504s] -- Up-to-date: /home/misys/forza_ws/race_stack/install/vesc_ackermann/share/ament_index/resource_index/rclcpp_components/vesc_ackermann
[1.504s] -- Up-to-date: /home/misys/forza_ws/race_stack/install/vesc_ackermann/share/vesc_ackermann/cmake/ament_cmake_export_dependencies-extras.cmake
[1.504s] -- Up-to-date: /home/misys/forza_ws/race_stack/install/vesc_ackermann/share/vesc_ackermann/cmake/ament_cmake_export_include_directories-extras.cmake
[1.505s] -- Up-to-date: /home/misys/forza_ws/race_stack/install/vesc_ackermann/share/vesc_ackermann/cmake/ament_cmake_export_libraries-extras.cmake
[1.505s] -- Up-to-date: /home/misys/forza_ws/race_stack/install/vesc_ackermann/share/vesc_ackermann/cmake/vesc_ackermannConfig.cmake
[1.505s] -- Up-to-date: /home/misys/forza_ws/race_stack/install/vesc_ackermann/share/vesc_ackermann/cmake/vesc_ackermannConfig-version.cmake
[1.505s] -- Up-to-date: /home/misys/forza_ws/race_stack/install/vesc_ackermann/share/vesc_ackermann/package.xml
[1.515s] Invoked command in '/home/misys/forza_ws/race_stack/build/vesc_ackermann' returned '0': AMENT_PREFIX_PATH=/home/misys/forza_ws/race_stack/install/vesc_msgs:${AMENT_PREFIX_PATH} CMAKE_PREFIX_PATH=/home/misys/forza_ws/race_stack/install/vesc_msgs:/opt/ros/humble LD_LIBRARY_PATH=/home/misys/forza_ws/race_stack/install/vesc_msgs/lib:/opt/ros/humble/opt/rviz_ogre_vendor/lib:/opt/ros/humble/lib/aarch64-linux-gnu:/opt/ros/humble/lib:/usr/local/cuda/lib64 PYTHONPATH=/home/misys/forza_ws/race_stack/install/vesc_msgs/local/lib/python3.10/dist-packages:${PYTHONPATH} /usr/bin/cmake --install /home/misys/forza_ws/race_stack/build/vesc_ackermann
