[4.427s] Invoking command in '/home/misys/forza_ws/race_stack/perception': PYTHONPATH=/home/misys/forza_ws/race_stack/build/perception/prefix_override:/usr/lib/python3/dist-packages/colcon_core/task/python/colcon_distutils_commands:/home/misys/forza_ws/race_stack/install/perception/lib/python3.10/site-packages:${PYTHONPATH} /usr/bin/python3 -W ignore:setup.py install is deprecated -W ignore:easy_install command is deprecated setup.py egg_info --egg-base ../build/perception build --build-base /home/misys/forza_ws/race_stack/build/perception/build install --record /home/misys/forza_ws/race_stack/build/perception/install.log --single-version-externally-managed install_data
[5.239s] running egg_info
[5.241s] writing ../build/perception/perception.egg-info/PKG-INFO
[5.242s] writing dependency_links to ../build/perception/perception.egg-info/dependency_links.txt
[5.243s] writing entry points to ../build/perception/perception.egg-info/entry_points.txt
[5.244s] writing requirements to ../build/perception/perception.egg-info/requires.txt
[5.245s] writing top-level names to ../build/perception/perception.egg-info/top_level.txt
[5.253s] reading manifest file '../build/perception/perception.egg-info/SOURCES.txt'
[5.254s] adding license file 'LICENSE'
[5.255s] writing manifest file '../build/perception/perception.egg-info/SOURCES.txt'
[5.256s] running build
[5.257s] running build_py
[5.259s] running install
[5.260s] running install_lib
[5.264s] running install_data
[5.265s] running install_egg_info
[5.270s] removing '/home/misys/forza_ws/race_stack/install/perception/lib/python3.10/site-packages/perception-0.0.0-py3.10.egg-info' (and everything under it)
[5.272s] Copying ../build/perception/perception.egg-info to /home/misys/forza_ws/race_stack/install/perception/lib/python3.10/site-packages/perception-0.0.0-py3.10.egg-info
[5.275s] running install_scripts
[5.333s] Installing detect script to /home/misys/forza_ws/race_stack/install/perception/lib/perception
[5.333s] Installing tracking script to /home/misys/forza_ws/race_stack/install/perception/lib/perception
[5.334s] writing list of installed files to '/home/misys/forza_ws/race_stack/build/perception/install.log'
[5.497s] Invoked command in '/home/misys/forza_ws/race_stack/perception' returned '0': PYTHONPATH=/home/misys/forza_ws/race_stack/build/perception/prefix_override:/usr/lib/python3/dist-packages/colcon_core/task/python/colcon_distutils_commands:/home/misys/forza_ws/race_stack/install/perception/lib/python3.10/site-packages:${PYTHONPATH} /usr/bin/python3 -W ignore:setup.py install is deprecated -W ignore:easy_install command is deprecated setup.py egg_info --egg-base ../build/perception build --build-base /home/misys/forza_ws/race_stack/build/perception/build install --record /home/misys/forza_ws/race_stack/build/perception/install.log --single-version-externally-managed install_data
