[0.110s] Invoking command in '/home/misys/forza_ws/race_stack/build/teleop_tools_msgs': CMAKE_PREFIX_PATH=${CMAKE_PREFIX_PATH}:/home/misys/forza_ws/race_stack/install/f1tenth_stack:/home/misys/forza_ws/race_stack/install/joy_teleop:/home/misys/forza_ws/race_stack/install/steering_lookup:/home/misys/forza_ws/race_stack/install/state_machine:/home/misys/forza_ws/race_stack/install/slam_tuner:/home/misys/forza_ws/race_stack/install/state_estimation:/home/misys/forza_ws/race_stack/install/map_editor:/home/misys/forza_ws/race_stack/install/stack_master:/home/misys/forza_ws/race_stack/install/spline_planner:/home/misys/forza_ws/race_stack/install/sector_tuner:/home/misys/forza_ws/race_stack/install/perception:/home/misys/forza_ws/race_stack/install/particle_filter:/home/misys/forza_ws/race_stack/install/opponent_publisher:/home/misys/forza_ws/race_stack/install/mouse_teleop:/home/misys/forza_ws/race_stack/install/lap_analyser:/home/misys/forza_ws/race_stack/install/key_teleop:/home/misys/forza_ws/race_stack/install/id_controller:/home/misys/forza_ws/race_stack/install/global_planner:/home/misys/forza_ws/race_stack/install/frenet_odom_republisher:/home/misys/forza_ws/race_stack/install/frenet_conversion:/home/misys/forza_ws/race_stack/install/f1tenth_gym_ros:/home/misys/forza_ws/race_stack/install/controller:/opt/ros/humble /usr/bin/cmake --build /home/misys/forza_ws/race_stack/build/teleop_tools_msgs -- -j6 -l6
[1.532s] [  3%] Built target teleop_tools_msgs__cpp
[1.533s] [ 12%] Built target teleop_tools_msgs__rosidl_generator_c
[1.533s] [ 12%] Built target ament_cmake_python_copy_teleop_tools_msgs
[1.533s] [ 25%] Built target teleop_tools_msgs__rosidl_typesupport_fastrtps_cpp
[1.533s] [ 32%] Built target teleop_tools_msgs__rosidl_typesupport_cpp
[1.533s] [ 41%] Built target teleop_tools_msgs__rosidl_typesupport_introspection_c
[1.533s] [ 51%] Built target teleop_tools_msgs__rosidl_typesupport_introspection_cpp
[1.533s] [ 61%] Built target teleop_tools_msgs__rosidl_typesupport_fastrtps_c
[1.534s] [ 70%] Built target teleop_tools_msgs__rosidl_typesupport_c
[1.534s] [ 70%] Built target teleop_tools_msgs
[1.534s] [ 74%] Built target teleop_tools_msgs__py
[1.650s] [ 80%] Built target teleop_tools_msgs__rosidl_generator_py
[1.935s] [ 87%] Built target teleop_tools_msgs__rosidl_typesupport_c__pyext
[1.970s] [ 93%] Built target teleop_tools_msgs__rosidl_typesupport_fastrtps_c__pyext
[1.976s] [100%] Built target teleop_tools_msgs__rosidl_typesupport_introspection_c__pyext
[2.568s] running egg_info
[2.568s] writing teleop_tools_msgs.egg-info/PKG-INFO
[2.570s] writing dependency_links to teleop_tools_msgs.egg-info/dependency_links.txt
[2.572s] writing top-level names to teleop_tools_msgs.egg-info/top_level.txt
[2.578s] reading manifest file 'teleop_tools_msgs.egg-info/SOURCES.txt'
[2.589s] writing manifest file 'teleop_tools_msgs.egg-info/SOURCES.txt'
[2.729s] [100%] Built target ament_cmake_python_build_teleop_tools_msgs_egg
[2.996s] Invoked command in '/home/misys/forza_ws/race_stack/build/teleop_tools_msgs' returned '0': CMAKE_PREFIX_PATH=${CMAKE_PREFIX_PATH}:/home/misys/forza_ws/race_stack/install/f1tenth_stack:/home/misys/forza_ws/race_stack/install/joy_teleop:/home/misys/forza_ws/race_stack/install/steering_lookup:/home/misys/forza_ws/race_stack/install/state_machine:/home/misys/forza_ws/race_stack/install/slam_tuner:/home/misys/forza_ws/race_stack/install/state_estimation:/home/misys/forza_ws/race_stack/install/map_editor:/home/misys/forza_ws/race_stack/install/stack_master:/home/misys/forza_ws/race_stack/install/spline_planner:/home/misys/forza_ws/race_stack/install/sector_tuner:/home/misys/forza_ws/race_stack/install/perception:/home/misys/forza_ws/race_stack/install/particle_filter:/home/misys/forza_ws/race_stack/install/opponent_publisher:/home/misys/forza_ws/race_stack/install/mouse_teleop:/home/misys/forza_ws/race_stack/install/lap_analyser:/home/misys/forza_ws/race_stack/install/key_teleop:/home/misys/forza_ws/race_stack/install/id_controller:/home/misys/forza_ws/race_stack/install/global_planner:/home/misys/forza_ws/race_stack/install/frenet_odom_republisher:/home/misys/forza_ws/race_stack/install/frenet_conversion:/home/misys/forza_ws/race_stack/install/f1tenth_gym_ros:/home/misys/forza_ws/race_stack/install/controller:/opt/ros/humble /usr/bin/cmake --build /home/misys/forza_ws/race_stack/build/teleop_tools_msgs -- -j6 -l6
[2.997s] Invoking command in '/home/misys/forza_ws/race_stack/build/teleop_tools_msgs': CMAKE_PREFIX_PATH=${CMAKE_PREFIX_PATH}:/home/misys/forza_ws/race_stack/install/f1tenth_stack:/home/misys/forza_ws/race_stack/install/joy_teleop:/home/misys/forza_ws/race_stack/install/steering_lookup:/home/misys/forza_ws/race_stack/install/state_machine:/home/misys/forza_ws/race_stack/install/slam_tuner:/home/misys/forza_ws/race_stack/install/state_estimation:/home/misys/forza_ws/race_stack/install/map_editor:/home/misys/forza_ws/race_stack/install/stack_master:/home/misys/forza_ws/race_stack/install/spline_planner:/home/misys/forza_ws/race_stack/install/sector_tuner:/home/misys/forza_ws/race_stack/install/perception:/home/misys/forza_ws/race_stack/install/particle_filter:/home/misys/forza_ws/race_stack/install/opponent_publisher:/home/misys/forza_ws/race_stack/install/mouse_teleop:/home/misys/forza_ws/race_stack/install/lap_analyser:/home/misys/forza_ws/race_stack/install/key_teleop:/home/misys/forza_ws/race_stack/install/id_controller:/home/misys/forza_ws/race_stack/install/global_planner:/home/misys/forza_ws/race_stack/install/frenet_odom_republisher:/home/misys/forza_ws/race_stack/install/frenet_conversion:/home/misys/forza_ws/race_stack/install/f1tenth_gym_ros:/home/misys/forza_ws/race_stack/install/controller:/opt/ros/humble /usr/bin/cmake --install /home/misys/forza_ws/race_stack/build/teleop_tools_msgs
[3.026s] -- Install configuration: ""
[3.027s] -- Up-to-date: /home/misys/forza_ws/race_stack/install/teleop_tools_msgs/share/ament_index/resource_index/rosidl_interfaces/teleop_tools_msgs
[3.027s] -- Up-to-date: /home/misys/forza_ws/race_stack/install/teleop_tools_msgs/include/teleop_tools_msgs/teleop_tools_msgs
[3.028s] -- Up-to-date: /home/misys/forza_ws/race_stack/install/teleop_tools_msgs/include/teleop_tools_msgs/teleop_tools_msgs/action
[3.028s] -- Up-to-date: /home/misys/forza_ws/race_stack/install/teleop_tools_msgs/include/teleop_tools_msgs/teleop_tools_msgs/action/detail
[3.032s] -- Up-to-date: /home/misys/forza_ws/race_stack/install/teleop_tools_msgs/include/teleop_tools_msgs/teleop_tools_msgs/action/detail/increment__struct.h
[3.032s] -- Up-to-date: /home/misys/forza_ws/race_stack/install/teleop_tools_msgs/include/teleop_tools_msgs/teleop_tools_msgs/action/detail/increment__type_support.h
[3.033s] -- Up-to-date: /home/misys/forza_ws/race_stack/install/teleop_tools_msgs/include/teleop_tools_msgs/teleop_tools_msgs/action/detail/increment__functions.h
[3.033s] -- Up-to-date: /home/misys/forza_ws/race_stack/install/teleop_tools_msgs/include/teleop_tools_msgs/teleop_tools_msgs/action/detail/increment__functions.c
[3.033s] -- Up-to-date: /home/misys/forza_ws/race_stack/install/teleop_tools_msgs/include/teleop_tools_msgs/teleop_tools_msgs/action/increment.h
[3.034s] -- Up-to-date: /home/misys/forza_ws/race_stack/install/teleop_tools_msgs/include/teleop_tools_msgs/teleop_tools_msgs/msg
[3.034s] -- Up-to-date: /home/misys/forza_ws/race_stack/install/teleop_tools_msgs/include/teleop_tools_msgs/teleop_tools_msgs/msg/rosidl_generator_c__visibility_control.h
[3.035s] -- Up-to-date: /home/misys/forza_ws/race_stack/install/teleop_tools_msgs/share/teleop_tools_msgs/environment/library_path.sh
[3.035s] -- Up-to-date: /home/misys/forza_ws/race_stack/install/teleop_tools_msgs/share/teleop_tools_msgs/environment/library_path.dsv
[3.038s] -- Up-to-date: /home/misys/forza_ws/race_stack/install/teleop_tools_msgs/lib/libteleop_tools_msgs__rosidl_generator_c.so
[3.039s] -- Up-to-date: /home/misys/forza_ws/race_stack/install/teleop_tools_msgs/include/teleop_tools_msgs/teleop_tools_msgs
[3.039s] -- Up-to-date: /home/misys/forza_ws/race_stack/install/teleop_tools_msgs/include/teleop_tools_msgs/teleop_tools_msgs/action
[3.040s] -- Up-to-date: /home/misys/forza_ws/race_stack/install/teleop_tools_msgs/include/teleop_tools_msgs/teleop_tools_msgs/action/detail
[3.041s] -- Up-to-date: /home/misys/forza_ws/race_stack/install/teleop_tools_msgs/include/teleop_tools_msgs/teleop_tools_msgs/action/detail/increment__rosidl_typesupport_fastrtps_c.h
[3.041s] -- Up-to-date: /home/misys/forza_ws/race_stack/install/teleop_tools_msgs/include/teleop_tools_msgs/teleop_tools_msgs/msg
[3.041s] -- Up-to-date: /home/misys/forza_ws/race_stack/install/teleop_tools_msgs/include/teleop_tools_msgs/teleop_tools_msgs/msg/rosidl_typesupport_fastrtps_c__visibility_control.h
[3.042s] -- Up-to-date: /home/misys/forza_ws/race_stack/install/teleop_tools_msgs/lib/libteleop_tools_msgs__rosidl_typesupport_fastrtps_c.so
[3.049s] -- Up-to-date: /home/misys/forza_ws/race_stack/install/teleop_tools_msgs/include/teleop_tools_msgs/teleop_tools_msgs
[3.050s] -- Up-to-date: /home/misys/forza_ws/race_stack/install/teleop_tools_msgs/include/teleop_tools_msgs/teleop_tools_msgs/action
[3.051s] -- Up-to-date: /home/misys/forza_ws/race_stack/install/teleop_tools_msgs/include/teleop_tools_msgs/teleop_tools_msgs/action/detail
[3.052s] -- Up-to-date: /home/misys/forza_ws/race_stack/install/teleop_tools_msgs/include/teleop_tools_msgs/teleop_tools_msgs/action/detail/increment__rosidl_typesupport_introspection_c.h
[3.053s] -- Up-to-date: /home/misys/forza_ws/race_stack/install/teleop_tools_msgs/include/teleop_tools_msgs/teleop_tools_msgs/action/detail/increment__type_support.c
[3.054s] -- Up-to-date: /home/misys/forza_ws/race_stack/install/teleop_tools_msgs/include/teleop_tools_msgs/teleop_tools_msgs/msg
[3.055s] -- Up-to-date: /home/misys/forza_ws/race_stack/install/teleop_tools_msgs/include/teleop_tools_msgs/teleop_tools_msgs/msg/rosidl_typesupport_introspection_c__visibility_control.h
[3.055s] -- Up-to-date: /home/misys/forza_ws/race_stack/install/teleop_tools_msgs/lib/libteleop_tools_msgs__rosidl_typesupport_introspection_c.so
[3.056s] -- Up-to-date: /home/misys/forza_ws/race_stack/install/teleop_tools_msgs/lib/libteleop_tools_msgs__rosidl_typesupport_c.so
[3.056s] -- Up-to-date: /home/misys/forza_ws/race_stack/install/teleop_tools_msgs/include/teleop_tools_msgs/teleop_tools_msgs
[3.056s] -- Up-to-date: /home/misys/forza_ws/race_stack/install/teleop_tools_msgs/include/teleop_tools_msgs/teleop_tools_msgs/action
[3.056s] -- Up-to-date: /home/misys/forza_ws/race_stack/install/teleop_tools_msgs/include/teleop_tools_msgs/teleop_tools_msgs/action/detail
[3.056s] -- Up-to-date: /home/misys/forza_ws/race_stack/install/teleop_tools_msgs/include/teleop_tools_msgs/teleop_tools_msgs/action/detail/increment__builder.hpp
[3.056s] -- Up-to-date: /home/misys/forza_ws/race_stack/install/teleop_tools_msgs/include/teleop_tools_msgs/teleop_tools_msgs/action/detail/increment__traits.hpp
[3.056s] -- Up-to-date: /home/misys/forza_ws/race_stack/install/teleop_tools_msgs/include/teleop_tools_msgs/teleop_tools_msgs/action/detail/increment__struct.hpp
[3.056s] -- Up-to-date: /home/misys/forza_ws/race_stack/install/teleop_tools_msgs/include/teleop_tools_msgs/teleop_tools_msgs/action/detail/increment__type_support.hpp
[3.057s] -- Up-to-date: /home/misys/forza_ws/race_stack/install/teleop_tools_msgs/include/teleop_tools_msgs/teleop_tools_msgs/action/increment.hpp
[3.065s] -- Up-to-date: /home/misys/forza_ws/race_stack/install/teleop_tools_msgs/include/teleop_tools_msgs/teleop_tools_msgs/msg
[3.067s] -- Up-to-date: /home/misys/forza_ws/race_stack/install/teleop_tools_msgs/include/teleop_tools_msgs/teleop_tools_msgs/msg/rosidl_generator_cpp__visibility_control.hpp
[3.067s] -- Up-to-date: /home/misys/forza_ws/race_stack/install/teleop_tools_msgs/include/teleop_tools_msgs/teleop_tools_msgs
[3.067s] -- Up-to-date: /home/misys/forza_ws/race_stack/install/teleop_tools_msgs/include/teleop_tools_msgs/teleop_tools_msgs/action
[3.069s] -- Up-to-date: /home/misys/forza_ws/race_stack/install/teleop_tools_msgs/include/teleop_tools_msgs/teleop_tools_msgs/action/detail
[3.070s] -- Up-to-date: /home/misys/forza_ws/race_stack/install/teleop_tools_msgs/include/teleop_tools_msgs/teleop_tools_msgs/action/detail/increment__rosidl_typesupport_fastrtps_cpp.hpp
[3.070s] -- Up-to-date: /home/misys/forza_ws/race_stack/install/teleop_tools_msgs/include/teleop_tools_msgs/teleop_tools_msgs/action/detail/dds_fastrtps
[3.070s] -- Up-to-date: /home/misys/forza_ws/race_stack/install/teleop_tools_msgs/include/teleop_tools_msgs/teleop_tools_msgs/msg
[3.073s] -- Up-to-date: /home/misys/forza_ws/race_stack/install/teleop_tools_msgs/include/teleop_tools_msgs/teleop_tools_msgs/msg/rosidl_typesupport_fastrtps_cpp__visibility_control.h
[3.074s] -- Up-to-date: /home/misys/forza_ws/race_stack/install/teleop_tools_msgs/lib/libteleop_tools_msgs__rosidl_typesupport_fastrtps_cpp.so
[3.076s] -- Up-to-date: /home/misys/forza_ws/race_stack/install/teleop_tools_msgs/include/teleop_tools_msgs/teleop_tools_msgs
[3.078s] -- Up-to-date: /home/misys/forza_ws/race_stack/install/teleop_tools_msgs/include/teleop_tools_msgs/teleop_tools_msgs/action
[3.080s] -- Up-to-date: /home/misys/forza_ws/race_stack/install/teleop_tools_msgs/include/teleop_tools_msgs/teleop_tools_msgs/action/detail
[3.081s] -- Up-to-date: /home/misys/forza_ws/race_stack/install/teleop_tools_msgs/include/teleop_tools_msgs/teleop_tools_msgs/action/detail/increment__type_support.cpp
[3.081s] -- Up-to-date: /home/misys/forza_ws/race_stack/install/teleop_tools_msgs/include/teleop_tools_msgs/teleop_tools_msgs/action/detail/increment__rosidl_typesupport_introspection_cpp.hpp
[3.082s] -- Up-to-date: /home/misys/forza_ws/race_stack/install/teleop_tools_msgs/lib/libteleop_tools_msgs__rosidl_typesupport_introspection_cpp.so
[3.084s] -- Up-to-date: /home/misys/forza_ws/race_stack/install/teleop_tools_msgs/lib/libteleop_tools_msgs__rosidl_typesupport_cpp.so
[3.084s] -- Up-to-date: /home/misys/forza_ws/race_stack/install/teleop_tools_msgs/share/teleop_tools_msgs/environment/pythonpath.sh
[3.084s] -- Up-to-date: /home/misys/forza_ws/race_stack/install/teleop_tools_msgs/share/teleop_tools_msgs/environment/pythonpath.dsv
[3.086s] -- Up-to-date: /home/misys/forza_ws/race_stack/install/teleop_tools_msgs/local/lib/python3.10/dist-packages/teleop_tools_msgs-1.5.0-py3.10.egg-info
[3.086s] -- Installing: /home/misys/forza_ws/race_stack/install/teleop_tools_msgs/local/lib/python3.10/dist-packages/teleop_tools_msgs-1.5.0-py3.10.egg-info/dependency_links.txt
[3.087s] -- Installing: /home/misys/forza_ws/race_stack/install/teleop_tools_msgs/local/lib/python3.10/dist-packages/teleop_tools_msgs-1.5.0-py3.10.egg-info/PKG-INFO
[3.089s] -- Installing: /home/misys/forza_ws/race_stack/install/teleop_tools_msgs/local/lib/python3.10/dist-packages/teleop_tools_msgs-1.5.0-py3.10.egg-info/top_level.txt
[3.089s] -- Installing: /home/misys/forza_ws/race_stack/install/teleop_tools_msgs/local/lib/python3.10/dist-packages/teleop_tools_msgs-1.5.0-py3.10.egg-info/SOURCES.txt
[3.090s] -- Up-to-date: /home/misys/forza_ws/race_stack/install/teleop_tools_msgs/local/lib/python3.10/dist-packages/teleop_tools_msgs
[3.090s] -- Up-to-date: /home/misys/forza_ws/race_stack/install/teleop_tools_msgs/local/lib/python3.10/dist-packages/teleop_tools_msgs/_teleop_tools_msgs_s.ep.rosidl_typesupport_c.c
[3.090s] -- Up-to-date: /home/misys/forza_ws/race_stack/install/teleop_tools_msgs/local/lib/python3.10/dist-packages/teleop_tools_msgs/teleop_tools_msgs_s__rosidl_typesupport_introspection_c.cpython-310-aarch64-linux-gnu.so
[3.090s] -- Up-to-date: /home/misys/forza_ws/race_stack/install/teleop_tools_msgs/local/lib/python3.10/dist-packages/teleop_tools_msgs/teleop_tools_msgs_s__rosidl_typesupport_fastrtps_c.cpython-310-aarch64-linux-gnu.so
[3.090s] -- Up-to-date: /home/misys/forza_ws/race_stack/install/teleop_tools_msgs/local/lib/python3.10/dist-packages/teleop_tools_msgs/libteleop_tools_msgs__rosidl_generator_py.so
[3.090s] -- Up-to-date: /home/misys/forza_ws/race_stack/install/teleop_tools_msgs/local/lib/python3.10/dist-packages/teleop_tools_msgs/_teleop_tools_msgs_s.ep.rosidl_typesupport_introspection_c.c
[3.090s] -- Up-to-date: /home/misys/forza_ws/race_stack/install/teleop_tools_msgs/local/lib/python3.10/dist-packages/teleop_tools_msgs/_teleop_tools_msgs_s.ep.rosidl_typesupport_fastrtps_c.c
[3.091s] -- Up-to-date: /home/misys/forza_ws/race_stack/install/teleop_tools_msgs/local/lib/python3.10/dist-packages/teleop_tools_msgs/action
[3.100s] -- Up-to-date: /home/misys/forza_ws/race_stack/install/teleop_tools_msgs/local/lib/python3.10/dist-packages/teleop_tools_msgs/action/_increment.py
[3.101s] -- Up-to-date: /home/misys/forza_ws/race_stack/install/teleop_tools_msgs/local/lib/python3.10/dist-packages/teleop_tools_msgs/action/_increment_s.c
[3.101s] -- Up-to-date: /home/misys/forza_ws/race_stack/install/teleop_tools_msgs/local/lib/python3.10/dist-packages/teleop_tools_msgs/action/__init__.py
[3.101s] -- Up-to-date: /home/misys/forza_ws/race_stack/install/teleop_tools_msgs/local/lib/python3.10/dist-packages/teleop_tools_msgs/__init__.py
[3.101s] -- Up-to-date: /home/misys/forza_ws/race_stack/install/teleop_tools_msgs/local/lib/python3.10/dist-packages/teleop_tools_msgs/teleop_tools_msgs_s__rosidl_typesupport_c.cpython-310-aarch64-linux-gnu.so
[3.353s] Listing '/home/misys/forza_ws/race_stack/install/teleop_tools_msgs/local/lib/python3.10/dist-packages/teleop_tools_msgs'...
[3.354s] Listing '/home/misys/forza_ws/race_stack/install/teleop_tools_msgs/local/lib/python3.10/dist-packages/teleop_tools_msgs/action'...
[3.396s] -- Up-to-date: /home/misys/forza_ws/race_stack/install/teleop_tools_msgs/local/lib/python3.10/dist-packages/teleop_tools_msgs/teleop_tools_msgs_s__rosidl_typesupport_fastrtps_c.cpython-310-aarch64-linux-gnu.so
[3.404s] -- Up-to-date: /home/misys/forza_ws/race_stack/install/teleop_tools_msgs/local/lib/python3.10/dist-packages/teleop_tools_msgs/teleop_tools_msgs_s__rosidl_typesupport_introspection_c.cpython-310-aarch64-linux-gnu.so
[3.404s] -- Up-to-date: /home/misys/forza_ws/race_stack/install/teleop_tools_msgs/local/lib/python3.10/dist-packages/teleop_tools_msgs/teleop_tools_msgs_s__rosidl_typesupport_c.cpython-310-aarch64-linux-gnu.so
[3.413s] -- Up-to-date: /home/misys/forza_ws/race_stack/install/teleop_tools_msgs/lib/libteleop_tools_msgs__rosidl_generator_py.so
[3.414s] -- Up-to-date: /home/misys/forza_ws/race_stack/install/teleop_tools_msgs/share/teleop_tools_msgs/action/Increment.idl
[3.415s] -- Up-to-date: /home/misys/forza_ws/race_stack/install/teleop_tools_msgs/share/teleop_tools_msgs/action/Increment.action
[3.415s] -- Up-to-date: /home/misys/forza_ws/race_stack/install/teleop_tools_msgs/share/ament_index/resource_index/package_run_dependencies/teleop_tools_msgs
[3.415s] -- Up-to-date: /home/misys/forza_ws/race_stack/install/teleop_tools_msgs/share/ament_index/resource_index/parent_prefix_path/teleop_tools_msgs
[3.415s] -- Up-to-date: /home/misys/forza_ws/race_stack/install/teleop_tools_msgs/share/teleop_tools_msgs/environment/ament_prefix_path.sh
[3.415s] -- Up-to-date: /home/misys/forza_ws/race_stack/install/teleop_tools_msgs/share/teleop_tools_msgs/environment/ament_prefix_path.dsv
[3.416s] -- Up-to-date: /home/misys/forza_ws/race_stack/install/teleop_tools_msgs/share/teleop_tools_msgs/environment/path.sh
[3.416s] -- Up-to-date: /home/misys/forza_ws/race_stack/install/teleop_tools_msgs/share/teleop_tools_msgs/environment/path.dsv
[3.416s] -- Up-to-date: /home/misys/forza_ws/race_stack/install/teleop_tools_msgs/share/teleop_tools_msgs/local_setup.bash
[3.416s] -- Up-to-date: /home/misys/forza_ws/race_stack/install/teleop_tools_msgs/share/teleop_tools_msgs/local_setup.sh
[3.416s] -- Up-to-date: /home/misys/forza_ws/race_stack/install/teleop_tools_msgs/share/teleop_tools_msgs/local_setup.zsh
[3.417s] -- Up-to-date: /home/misys/forza_ws/race_stack/install/teleop_tools_msgs/share/teleop_tools_msgs/local_setup.dsv
[3.417s] -- Installing: /home/misys/forza_ws/race_stack/install/teleop_tools_msgs/share/teleop_tools_msgs/package.dsv
[3.417s] -- Up-to-date: /home/misys/forza_ws/race_stack/install/teleop_tools_msgs/share/ament_index/resource_index/packages/teleop_tools_msgs
[3.426s] -- Up-to-date: /home/misys/forza_ws/race_stack/install/teleop_tools_msgs/share/teleop_tools_msgs/cmake/export_teleop_tools_msgs__rosidl_generator_cExport.cmake
[3.428s] -- Up-to-date: /home/misys/forza_ws/race_stack/install/teleop_tools_msgs/share/teleop_tools_msgs/cmake/export_teleop_tools_msgs__rosidl_generator_cExport-noconfig.cmake
[3.429s] -- Up-to-date: /home/misys/forza_ws/race_stack/install/teleop_tools_msgs/share/teleop_tools_msgs/cmake/export_teleop_tools_msgs__rosidl_typesupport_fastrtps_cExport.cmake
[3.429s] -- Up-to-date: /home/misys/forza_ws/race_stack/install/teleop_tools_msgs/share/teleop_tools_msgs/cmake/export_teleop_tools_msgs__rosidl_typesupport_fastrtps_cExport-noconfig.cmake
[3.429s] -- Up-to-date: /home/misys/forza_ws/race_stack/install/teleop_tools_msgs/share/teleop_tools_msgs/cmake/teleop_tools_msgs__rosidl_typesupport_introspection_cExport.cmake
[3.429s] -- Up-to-date: /home/misys/forza_ws/race_stack/install/teleop_tools_msgs/share/teleop_tools_msgs/cmake/teleop_tools_msgs__rosidl_typesupport_introspection_cExport-noconfig.cmake
[3.430s] -- Up-to-date: /home/misys/forza_ws/race_stack/install/teleop_tools_msgs/share/teleop_tools_msgs/cmake/teleop_tools_msgs__rosidl_typesupport_cExport.cmake
[3.431s] -- Up-to-date: /home/misys/forza_ws/race_stack/install/teleop_tools_msgs/share/teleop_tools_msgs/cmake/teleop_tools_msgs__rosidl_typesupport_cExport-noconfig.cmake
[3.431s] -- Up-to-date: /home/misys/forza_ws/race_stack/install/teleop_tools_msgs/share/teleop_tools_msgs/cmake/export_teleop_tools_msgs__rosidl_generator_cppExport.cmake
[3.432s] -- Up-to-date: /home/misys/forza_ws/race_stack/install/teleop_tools_msgs/share/teleop_tools_msgs/cmake/export_teleop_tools_msgs__rosidl_typesupport_fastrtps_cppExport.cmake
[3.432s] -- Up-to-date: /home/misys/forza_ws/race_stack/install/teleop_tools_msgs/share/teleop_tools_msgs/cmake/export_teleop_tools_msgs__rosidl_typesupport_fastrtps_cppExport-noconfig.cmake
[3.436s] -- Up-to-date: /home/misys/forza_ws/race_stack/install/teleop_tools_msgs/share/teleop_tools_msgs/cmake/teleop_tools_msgs__rosidl_typesupport_introspection_cppExport.cmake
[3.436s] -- Up-to-date: /home/misys/forza_ws/race_stack/install/teleop_tools_msgs/share/teleop_tools_msgs/cmake/teleop_tools_msgs__rosidl_typesupport_introspection_cppExport-noconfig.cmake
[3.445s] -- Up-to-date: /home/misys/forza_ws/race_stack/install/teleop_tools_msgs/share/teleop_tools_msgs/cmake/teleop_tools_msgs__rosidl_typesupport_cppExport.cmake
[3.445s] -- Up-to-date: /home/misys/forza_ws/race_stack/install/teleop_tools_msgs/share/teleop_tools_msgs/cmake/teleop_tools_msgs__rosidl_typesupport_cppExport-noconfig.cmake
[3.446s] -- Up-to-date: /home/misys/forza_ws/race_stack/install/teleop_tools_msgs/share/teleop_tools_msgs/cmake/export_teleop_tools_msgs__rosidl_generator_pyExport.cmake
[3.447s] -- Up-to-date: /home/misys/forza_ws/race_stack/install/teleop_tools_msgs/share/teleop_tools_msgs/cmake/export_teleop_tools_msgs__rosidl_generator_pyExport-noconfig.cmake
[3.448s] -- Up-to-date: /home/misys/forza_ws/race_stack/install/teleop_tools_msgs/share/teleop_tools_msgs/cmake/rosidl_cmake-extras.cmake
[3.449s] -- Up-to-date: /home/misys/forza_ws/race_stack/install/teleop_tools_msgs/share/teleop_tools_msgs/cmake/ament_cmake_export_dependencies-extras.cmake
[3.449s] -- Up-to-date: /home/misys/forza_ws/race_stack/install/teleop_tools_msgs/share/teleop_tools_msgs/cmake/ament_cmake_export_include_directories-extras.cmake
[3.450s] -- Up-to-date: /home/misys/forza_ws/race_stack/install/teleop_tools_msgs/share/teleop_tools_msgs/cmake/ament_cmake_export_libraries-extras.cmake
[3.450s] -- Up-to-date: /home/misys/forza_ws/race_stack/install/teleop_tools_msgs/share/teleop_tools_msgs/cmake/ament_cmake_export_targets-extras.cmake
[3.451s] -- Up-to-date: /home/misys/forza_ws/race_stack/install/teleop_tools_msgs/share/teleop_tools_msgs/cmake/rosidl_cmake_export_typesupport_targets-extras.cmake
[3.452s] -- Up-to-date: /home/misys/forza_ws/race_stack/install/teleop_tools_msgs/share/teleop_tools_msgs/cmake/rosidl_cmake_export_typesupport_libraries-extras.cmake
[3.463s] -- Up-to-date: /home/misys/forza_ws/race_stack/install/teleop_tools_msgs/share/teleop_tools_msgs/cmake/teleop_tools_msgsConfig.cmake
[3.464s] -- Up-to-date: /home/misys/forza_ws/race_stack/install/teleop_tools_msgs/share/teleop_tools_msgs/cmake/teleop_tools_msgsConfig-version.cmake
[3.464s] -- Up-to-date: /home/misys/forza_ws/race_stack/install/teleop_tools_msgs/share/teleop_tools_msgs/package.xml
[4.168s] Invoked command in '/home/misys/forza_ws/race_stack/build/teleop_tools_msgs' returned '0': CMAKE_PREFIX_PATH=${CMAKE_PREFIX_PATH}:/home/misys/forza_ws/race_stack/install/f1tenth_stack:/home/misys/forza_ws/race_stack/install/joy_teleop:/home/misys/forza_ws/race_stack/install/steering_lookup:/home/misys/forza_ws/race_stack/install/state_machine:/home/misys/forza_ws/race_stack/install/slam_tuner:/home/misys/forza_ws/race_stack/install/state_estimation:/home/misys/forza_ws/race_stack/install/map_editor:/home/misys/forza_ws/race_stack/install/stack_master:/home/misys/forza_ws/race_stack/install/spline_planner:/home/misys/forza_ws/race_stack/install/sector_tuner:/home/misys/forza_ws/race_stack/install/perception:/home/misys/forza_ws/race_stack/install/particle_filter:/home/misys/forza_ws/race_stack/install/opponent_publisher:/home/misys/forza_ws/race_stack/install/mouse_teleop:/home/misys/forza_ws/race_stack/install/lap_analyser:/home/misys/forza_ws/race_stack/install/key_teleop:/home/misys/forza_ws/race_stack/install/id_controller:/home/misys/forza_ws/race_stack/install/global_planner:/home/misys/forza_ws/race_stack/install/frenet_odom_republisher:/home/misys/forza_ws/race_stack/install/frenet_conversion:/home/misys/forza_ws/race_stack/install/f1tenth_gym_ros:/home/misys/forza_ws/race_stack/install/controller:/opt/ros/humble /usr/bin/cmake --install /home/misys/forza_ws/race_stack/build/teleop_tools_msgs
