[3.310s] Invoking command in '/home/misys/forza_ws/race_stack/base_system/f1tenth_system/teleop_tools/mouse_teleop': PYTHONPATH=/home/misys/forza_ws/race_stack/build/mouse_teleop/prefix_override:/usr/lib/python3/dist-packages/colcon_core/task/python/colcon_distutils_commands:/home/misys/forza_ws/race_stack/install/mouse_teleop/lib/python3.10/site-packages:${PYTHONPATH} /usr/bin/python3 -W ignore:setup.py install is deprecated -W ignore:easy_install command is deprecated setup.py egg_info --egg-base ../../../../build/mouse_teleop build --build-base /home/misys/forza_ws/race_stack/build/mouse_teleop/build install --record /home/misys/forza_ws/race_stack/build/mouse_teleop/install.log --single-version-externally-managed install_data
[4.006s] running egg_info
[4.008s] writing ../../../../build/mouse_teleop/mouse_teleop.egg-info/PKG-INFO
[4.008s] writing dependency_links to ../../../../build/mouse_teleop/mouse_teleop.egg-info/dependency_links.txt
[4.009s] writing entry points to ../../../../build/mouse_teleop/mouse_teleop.egg-info/entry_points.txt
[4.009s] writing requirements to ../../../../build/mouse_teleop/mouse_teleop.egg-info/requires.txt
[4.009s] writing top-level names to ../../../../build/mouse_teleop/mouse_teleop.egg-info/top_level.txt
[4.013s] reading manifest file '../../../../build/mouse_teleop/mouse_teleop.egg-info/SOURCES.txt'
[4.014s] adding license file 'LICENSE'
[4.015s] writing manifest file '../../../../build/mouse_teleop/mouse_teleop.egg-info/SOURCES.txt'
[4.015s] running build
[4.015s] running build_py
[4.016s] running install
[4.016s] running install_lib
[4.020s] running install_data
[4.020s] running install_egg_info
[4.025s] removing '/home/misys/forza_ws/race_stack/install/mouse_teleop/lib/python3.10/site-packages/mouse_teleop-1.5.0-py3.10.egg-info' (and everything under it)
[4.026s] Copying ../../../../build/mouse_teleop/mouse_teleop.egg-info to /home/misys/forza_ws/race_stack/install/mouse_teleop/lib/python3.10/site-packages/mouse_teleop-1.5.0-py3.10.egg-info
[4.028s] running install_scripts
[4.079s] Installing mouse_teleop script to /home/misys/forza_ws/race_stack/install/mouse_teleop/lib/mouse_teleop
[4.079s] writing list of installed files to '/home/misys/forza_ws/race_stack/build/mouse_teleop/install.log'
[4.184s] Invoked command in '/home/misys/forza_ws/race_stack/base_system/f1tenth_system/teleop_tools/mouse_teleop' returned '0': PYTHONPATH=/home/misys/forza_ws/race_stack/build/mouse_teleop/prefix_override:/usr/lib/python3/dist-packages/colcon_core/task/python/colcon_distutils_commands:/home/misys/forza_ws/race_stack/install/mouse_teleop/lib/python3.10/site-packages:${PYTHONPATH} /usr/bin/python3 -W ignore:setup.py install is deprecated -W ignore:easy_install command is deprecated setup.py egg_info --egg-base ../../../../build/mouse_teleop build --build-base /home/misys/forza_ws/race_stack/build/mouse_teleop/build install --record /home/misys/forza_ws/race_stack/build/mouse_teleop/install.log --single-version-externally-managed install_data
