[4.155s] Invoking command in '/home/misys/forza_ws/race_stack/base_system/f110_simulator/f1tenth_gym_ros': PYTHONPATH=/home/misys/forza_ws/race_stack/build/f1tenth_gym_ros/prefix_override:/usr/lib/python3/dist-packages/colcon_core/task/python/colcon_distutils_commands:/home/misys/forza_ws/race_stack/install/f1tenth_gym_ros/lib/python3.10/site-packages:${PYTHONPATH} /usr/bin/python3 -W ignore:setup.py install is deprecated -W ignore:easy_install command is deprecated setup.py egg_info --egg-base ../../../build/f1tenth_gym_ros build --build-base /home/misys/forza_ws/race_stack/build/f1tenth_gym_ros/build install --record /home/misys/forza_ws/race_stack/build/f1tenth_gym_ros/install.log --single-version-externally-managed install_data
[4.876s] running egg_info
[4.878s] writing ../../../build/f1tenth_gym_ros/f1tenth_gym_ros.egg-info/PKG-INFO
[4.879s] writing dependency_links to ../../../build/f1tenth_gym_ros/f1tenth_gym_ros.egg-info/dependency_links.txt
[4.879s] writing entry points to ../../../build/f1tenth_gym_ros/f1tenth_gym_ros.egg-info/entry_points.txt
[4.879s] writing requirements to ../../../build/f1tenth_gym_ros/f1tenth_gym_ros.egg-info/requires.txt
[4.880s] writing top-level names to ../../../build/f1tenth_gym_ros/f1tenth_gym_ros.egg-info/top_level.txt
[4.884s] reading manifest file '../../../build/f1tenth_gym_ros/f1tenth_gym_ros.egg-info/SOURCES.txt'
[4.884s] adding license file 'LICENSE'
[4.886s] writing manifest file '../../../build/f1tenth_gym_ros/f1tenth_gym_ros.egg-info/SOURCES.txt'
[4.886s] running build
[4.886s] running build_py
[4.887s] running install
[4.887s] running install_lib
[4.892s] running install_data
[4.892s] running install_egg_info
[4.902s] removing '/home/misys/forza_ws/race_stack/install/f1tenth_gym_ros/lib/python3.10/site-packages/f1tenth_gym_ros-0.0.0-py3.10.egg-info' (and everything under it)
[4.902s] Copying ../../../build/f1tenth_gym_ros/f1tenth_gym_ros.egg-info to /home/misys/forza_ws/race_stack/install/f1tenth_gym_ros/lib/python3.10/site-packages/f1tenth_gym_ros-0.0.0-py3.10.egg-info
[4.903s] running install_scripts
[4.948s] Installing gym_bridge script to /home/misys/forza_ws/race_stack/install/f1tenth_gym_ros/lib/f1tenth_gym_ros
[4.954s] writing list of installed files to '/home/misys/forza_ws/race_stack/build/f1tenth_gym_ros/install.log'
[5.735s] Invoked command in '/home/misys/forza_ws/race_stack/base_system/f110_simulator/f1tenth_gym_ros' returned '0': PYTHONPATH=/home/misys/forza_ws/race_stack/build/f1tenth_gym_ros/prefix_override:/usr/lib/python3/dist-packages/colcon_core/task/python/colcon_distutils_commands:/home/misys/forza_ws/race_stack/install/f1tenth_gym_ros/lib/python3.10/site-packages:${PYTHONPATH} /usr/bin/python3 -W ignore:setup.py install is deprecated -W ignore:easy_install command is deprecated setup.py egg_info --egg-base ../../../build/f1tenth_gym_ros build --build-base /home/misys/forza_ws/race_stack/build/f1tenth_gym_ros/build install --record /home/misys/forza_ws/race_stack/build/f1tenth_gym_ros/install.log --single-version-externally-managed install_data
