[0.081s] Invoking command in '/home/misys/forza_ws/race_stack/build/urg_node2': CMAKE_PREFIX_PATH=${CMAKE_PREFIX_PATH}:/home/misys/forza_ws/race_stack/install/f1tenth_stack:/home/misys/forza_ws/race_stack/install/joy_teleop:/home/misys/forza_ws/race_stack/install/steering_lookup:/home/misys/forza_ws/race_stack/install/state_machine:/home/misys/forza_ws/race_stack/install/slam_tuner:/home/misys/forza_ws/race_stack/install/state_estimation:/home/misys/forza_ws/race_stack/install/map_editor:/home/misys/forza_ws/race_stack/install/stack_master:/home/misys/forza_ws/race_stack/install/spline_planner:/home/misys/forza_ws/race_stack/install/sector_tuner:/home/misys/forza_ws/race_stack/install/perception:/home/misys/forza_ws/race_stack/install/particle_filter:/home/misys/forza_ws/race_stack/install/opponent_publisher:/home/misys/forza_ws/race_stack/install/mouse_teleop:/home/misys/forza_ws/race_stack/install/lap_analyser:/home/misys/forza_ws/race_stack/install/key_teleop:/home/misys/forza_ws/race_stack/install/id_controller:/home/misys/forza_ws/race_stack/install/global_planner:/home/misys/forza_ws/race_stack/install/frenet_odom_republisher:/home/misys/forza_ws/race_stack/install/frenet_conversion:/home/misys/forza_ws/race_stack/install/f1tenth_gym_ros:/home/misys/forza_ws/race_stack/install/controller:/opt/ros/humble /usr/bin/cmake --build /home/misys/forza_ws/race_stack/build/urg_node2 -- -j6 -l6
[0.282s] [ 45%] Built target urg_c
[0.329s] [ 55%] Built target urg_node2_node
[0.433s] [ 65%] Built target gtest
[0.468s] [ 75%] Built target urg_node2
[0.551s] [ 85%] Built target gtest_main
[0.669s] [100%] Built target urg_node2_test
[1.263s] Invoked command in '/home/misys/forza_ws/race_stack/build/urg_node2' returned '0': CMAKE_PREFIX_PATH=${CMAKE_PREFIX_PATH}:/home/misys/forza_ws/race_stack/install/f1tenth_stack:/home/misys/forza_ws/race_stack/install/joy_teleop:/home/misys/forza_ws/race_stack/install/steering_lookup:/home/misys/forza_ws/race_stack/install/state_machine:/home/misys/forza_ws/race_stack/install/slam_tuner:/home/misys/forza_ws/race_stack/install/state_estimation:/home/misys/forza_ws/race_stack/install/map_editor:/home/misys/forza_ws/race_stack/install/stack_master:/home/misys/forza_ws/race_stack/install/spline_planner:/home/misys/forza_ws/race_stack/install/sector_tuner:/home/misys/forza_ws/race_stack/install/perception:/home/misys/forza_ws/race_stack/install/particle_filter:/home/misys/forza_ws/race_stack/install/opponent_publisher:/home/misys/forza_ws/race_stack/install/mouse_teleop:/home/misys/forza_ws/race_stack/install/lap_analyser:/home/misys/forza_ws/race_stack/install/key_teleop:/home/misys/forza_ws/race_stack/install/id_controller:/home/misys/forza_ws/race_stack/install/global_planner:/home/misys/forza_ws/race_stack/install/frenet_odom_republisher:/home/misys/forza_ws/race_stack/install/frenet_conversion:/home/misys/forza_ws/race_stack/install/f1tenth_gym_ros:/home/misys/forza_ws/race_stack/install/controller:/opt/ros/humble /usr/bin/cmake --build /home/misys/forza_ws/race_stack/build/urg_node2 -- -j6 -l6
[1.277s] Invoking command in '/home/misys/forza_ws/race_stack/build/urg_node2': CMAKE_PREFIX_PATH=${CMAKE_PREFIX_PATH}:/home/misys/forza_ws/race_stack/install/f1tenth_stack:/home/misys/forza_ws/race_stack/install/joy_teleop:/home/misys/forza_ws/race_stack/install/steering_lookup:/home/misys/forza_ws/race_stack/install/state_machine:/home/misys/forza_ws/race_stack/install/slam_tuner:/home/misys/forza_ws/race_stack/install/state_estimation:/home/misys/forza_ws/race_stack/install/map_editor:/home/misys/forza_ws/race_stack/install/stack_master:/home/misys/forza_ws/race_stack/install/spline_planner:/home/misys/forza_ws/race_stack/install/sector_tuner:/home/misys/forza_ws/race_stack/install/perception:/home/misys/forza_ws/race_stack/install/particle_filter:/home/misys/forza_ws/race_stack/install/opponent_publisher:/home/misys/forza_ws/race_stack/install/mouse_teleop:/home/misys/forza_ws/race_stack/install/lap_analyser:/home/misys/forza_ws/race_stack/install/key_teleop:/home/misys/forza_ws/race_stack/install/id_controller:/home/misys/forza_ws/race_stack/install/global_planner:/home/misys/forza_ws/race_stack/install/frenet_odom_republisher:/home/misys/forza_ws/race_stack/install/frenet_conversion:/home/misys/forza_ws/race_stack/install/f1tenth_gym_ros:/home/misys/forza_ws/race_stack/install/controller:/opt/ros/humble /usr/bin/cmake --install /home/misys/forza_ws/race_stack/build/urg_node2
[1.329s] -- Install configuration: ""
[1.329s] -- Up-to-date: /home/misys/forza_ws/race_stack/install/urg_node2/lib/urg_node2/urg_node2_node
[1.329s] -- Up-to-date: /home/misys/forza_ws/race_stack/install/urg_node2/lib/liburg_node2.so
[1.329s] -- Up-to-date: /home/misys/forza_ws/race_stack/install/urg_node2/lib/liburg_c.so
[1.330s] -- Up-to-date: /home/misys/forza_ws/race_stack/install/urg_node2/share/urg_node2/launch
[1.334s] -- Up-to-date: /home/misys/forza_ws/race_stack/install/urg_node2/share/urg_node2/launch/urg_node2_component.launch.py
[1.339s] -- Up-to-date: /home/misys/forza_ws/race_stack/install/urg_node2/share/urg_node2/launch/urg_node2_2lidar.launch.py
[1.339s] -- Up-to-date: /home/misys/forza_ws/race_stack/install/urg_node2/share/urg_node2/launch/urg_node2.launch.py
[1.341s] -- Up-to-date: /home/misys/forza_ws/race_stack/install/urg_node2/share/urg_node2/config
[1.341s] -- Up-to-date: /home/misys/forza_ws/race_stack/install/urg_node2/share/urg_node2/config/params_ether.yaml
[1.341s] -- Up-to-date: /home/misys/forza_ws/race_stack/install/urg_node2/share/urg_node2/config/params_serial.yaml
[1.341s] -- Up-to-date: /home/misys/forza_ws/race_stack/install/urg_node2/share/urg_node2/config/params_ether_2nd.yaml
[1.342s] -- Up-to-date: /home/misys/forza_ws/race_stack/install/urg_node2/share/ament_index/resource_index/package_run_dependencies/urg_node2
[1.343s] -- Up-to-date: /home/misys/forza_ws/race_stack/install/urg_node2/share/ament_index/resource_index/parent_prefix_path/urg_node2
[1.343s] -- Up-to-date: /home/misys/forza_ws/race_stack/install/urg_node2/share/urg_node2/environment/ament_prefix_path.sh
[1.343s] -- Up-to-date: /home/misys/forza_ws/race_stack/install/urg_node2/share/urg_node2/environment/ament_prefix_path.dsv
[1.344s] -- Up-to-date: /home/misys/forza_ws/race_stack/install/urg_node2/share/urg_node2/environment/path.sh
[1.344s] -- Up-to-date: /home/misys/forza_ws/race_stack/install/urg_node2/share/urg_node2/environment/path.dsv
[1.345s] -- Up-to-date: /home/misys/forza_ws/race_stack/install/urg_node2/share/urg_node2/local_setup.bash
[1.345s] -- Up-to-date: /home/misys/forza_ws/race_stack/install/urg_node2/share/urg_node2/local_setup.sh
[1.345s] -- Up-to-date: /home/misys/forza_ws/race_stack/install/urg_node2/share/urg_node2/local_setup.zsh
[1.346s] -- Up-to-date: /home/misys/forza_ws/race_stack/install/urg_node2/share/urg_node2/local_setup.dsv
[1.347s] -- Installing: /home/misys/forza_ws/race_stack/install/urg_node2/share/urg_node2/package.dsv
[1.347s] -- Up-to-date: /home/misys/forza_ws/race_stack/install/urg_node2/share/ament_index/resource_index/packages/urg_node2
[1.347s] -- Up-to-date: /home/misys/forza_ws/race_stack/install/urg_node2/share/ament_index/resource_index/rclcpp_components/urg_node2
[1.348s] -- Up-to-date: /home/misys/forza_ws/race_stack/install/urg_node2/share/urg_node2/cmake/urg_node2Config.cmake
[1.349s] -- Up-to-date: /home/misys/forza_ws/race_stack/install/urg_node2/share/urg_node2/cmake/urg_node2Config-version.cmake
[1.349s] -- Up-to-date: /home/misys/forza_ws/race_stack/install/urg_node2/share/urg_node2/package.xml
[1.424s] Invoked command in '/home/misys/forza_ws/race_stack/build/urg_node2' returned '0': CMAKE_PREFIX_PATH=${CMAKE_PREFIX_PATH}:/home/misys/forza_ws/race_stack/install/f1tenth_stack:/home/misys/forza_ws/race_stack/install/joy_teleop:/home/misys/forza_ws/race_stack/install/steering_lookup:/home/misys/forza_ws/race_stack/install/state_machine:/home/misys/forza_ws/race_stack/install/slam_tuner:/home/misys/forza_ws/race_stack/install/state_estimation:/home/misys/forza_ws/race_stack/install/map_editor:/home/misys/forza_ws/race_stack/install/stack_master:/home/misys/forza_ws/race_stack/install/spline_planner:/home/misys/forza_ws/race_stack/install/sector_tuner:/home/misys/forza_ws/race_stack/install/perception:/home/misys/forza_ws/race_stack/install/particle_filter:/home/misys/forza_ws/race_stack/install/opponent_publisher:/home/misys/forza_ws/race_stack/install/mouse_teleop:/home/misys/forza_ws/race_stack/install/lap_analyser:/home/misys/forza_ws/race_stack/install/key_teleop:/home/misys/forza_ws/race_stack/install/id_controller:/home/misys/forza_ws/race_stack/install/global_planner:/home/misys/forza_ws/race_stack/install/frenet_odom_republisher:/home/misys/forza_ws/race_stack/install/frenet_conversion:/home/misys/forza_ws/race_stack/install/f1tenth_gym_ros:/home/misys/forza_ws/race_stack/install/controller:/opt/ros/humble /usr/bin/cmake --install /home/misys/forza_ws/race_stack/build/urg_node2
