[2.477s] Invoking command in '/home/misys/forza_ws/race_stack/controller': PYTHONPATH=/home/misys/forza_ws/race_stack/build/controller/prefix_override:/usr/lib/python3/dist-packages/colcon_core/task/python/colcon_distutils_commands:/home/misys/forza_ws/race_stack/install/controller/lib/python3.10/site-packages:${PYTHONPATH} /usr/bin/python3 -W ignore:setup.py install is deprecated -W ignore:easy_install command is deprecated setup.py egg_info --egg-base ../build/controller build --build-base /home/misys/forza_ws/race_stack/build/controller/build install --record /home/misys/forza_ws/race_stack/build/controller/install.log --single-version-externally-managed install_data
[3.147s] running egg_info
[3.148s] writing ../build/controller/controller.egg-info/PKG-INFO
[3.148s] writing dependency_links to ../build/controller/controller.egg-info/dependency_links.txt
[3.149s] writing entry points to ../build/controller/controller.egg-info/entry_points.txt
[3.149s] writing requirements to ../build/controller/controller.egg-info/requires.txt
[3.149s] writing top-level names to ../build/controller/controller.egg-info/top_level.txt
[3.154s] reading manifest file '../build/controller/controller.egg-info/SOURCES.txt'
[3.154s] adding license file 'LICENSE'
[3.156s] writing manifest file '../build/controller/controller.egg-info/SOURCES.txt'
[3.156s] running build
[3.156s] running build_py
[3.157s] running install
[3.157s] running install_lib
[3.161s] running install_data
[3.162s] running install_egg_info
[3.166s] removing '/home/misys/forza_ws/race_stack/install/controller/lib/python3.10/site-packages/controller-0.0.0-py3.10.egg-info' (and everything under it)
[3.167s] Copying ../build/controller/controller.egg-info to /home/misys/forza_ws/race_stack/install/controller/lib/python3.10/site-packages/controller-0.0.0-py3.10.egg-info
[3.169s] running install_scripts
[3.214s] Installing controller script to /home/misys/forza_ws/race_stack/install/controller/lib/controller
[3.215s] writing list of installed files to '/home/misys/forza_ws/race_stack/build/controller/install.log'
[4.771s] Invoked command in '/home/misys/forza_ws/race_stack/controller' returned '0': PYTHONPATH=/home/misys/forza_ws/race_stack/build/controller/prefix_override:/usr/lib/python3/dist-packages/colcon_core/task/python/colcon_distutils_commands:/home/misys/forza_ws/race_stack/install/controller/lib/python3.10/site-packages:${PYTHONPATH} /usr/bin/python3 -W ignore:setup.py install is deprecated -W ignore:easy_install command is deprecated setup.py egg_info --egg-base ../build/controller build --build-base /home/misys/forza_ws/race_stack/build/controller/build install --record /home/misys/forza_ws/race_stack/build/controller/install.log --single-version-externally-managed install_data
