[5.546s] Invoking command in '/home/misys/forza_ws/race_stack/utilities/nodes/lap_analyser': PYTHONPATH=/home/misys/forza_ws/race_stack/build/lap_analyser/prefix_override:/usr/lib/python3/dist-packages/colcon_core/task/python/colcon_distutils_commands:/home/misys/forza_ws/race_stack/install/lap_analyser/lib/python3.10/site-packages:${PYTHONPATH} /usr/bin/python3 -W ignore:setup.py install is deprecated -W ignore:easy_install command is deprecated setup.py egg_info --egg-base ../../../build/lap_analyser build --build-base /home/misys/forza_ws/race_stack/build/lap_analyser/build install --record /home/misys/forza_ws/race_stack/build/lap_analyser/install.log --single-version-externally-managed install_data
[6.411s] running egg_info
[6.413s] writing ../../../build/lap_analyser/lap_analyser.egg-info/PKG-INFO
[6.414s] writing dependency_links to ../../../build/lap_analyser/lap_analyser.egg-info/dependency_links.txt
[6.416s] writing entry points to ../../../build/lap_analyser/lap_analyser.egg-info/entry_points.txt
[6.417s] writing requirements to ../../../build/lap_analyser/lap_analyser.egg-info/requires.txt
[6.418s] writing top-level names to ../../../build/lap_analyser/lap_analyser.egg-info/top_level.txt
[6.425s] reading manifest file '../../../build/lap_analyser/lap_analyser.egg-info/SOURCES.txt'
[6.426s] adding license file 'LICENSE'
[6.428s] writing manifest file '../../../build/lap_analyser/lap_analyser.egg-info/SOURCES.txt'
[6.429s] running build
[6.430s] running build_py
[6.431s] running install
[6.432s] running install_lib
[6.438s] running install_data
[6.439s] running install_egg_info
[6.445s] removing '/home/misys/forza_ws/race_stack/install/lap_analyser/lib/python3.10/site-packages/lap_analyser-0.0.0-py3.10.egg-info' (and everything under it)
[6.458s] Copying ../../../build/lap_analyser/lap_analyser.egg-info to /home/misys/forza_ws/race_stack/install/lap_analyser/lib/python3.10/site-packages/lap_analyser-0.0.0-py3.10.egg-info
[6.465s] running install_scripts
[6.537s] Installing lap_analyser script to /home/misys/forza_ws/race_stack/install/lap_analyser/lib/lap_analyser
[6.538s] writing list of installed files to '/home/misys/forza_ws/race_stack/build/lap_analyser/install.log'
[6.652s] Invoked command in '/home/misys/forza_ws/race_stack/utilities/nodes/lap_analyser' returned '0': PYTHONPATH=/home/misys/forza_ws/race_stack/build/lap_analyser/prefix_override:/usr/lib/python3/dist-packages/colcon_core/task/python/colcon_distutils_commands:/home/misys/forza_ws/race_stack/install/lap_analyser/lib/python3.10/site-packages:${PYTHONPATH} /usr/bin/python3 -W ignore:setup.py install is deprecated -W ignore:easy_install command is deprecated setup.py egg_info --egg-base ../../../build/lap_analyser build --build-base /home/misys/forza_ws/race_stack/build/lap_analyser/build install --record /home/misys/forza_ws/race_stack/build/lap_analyser/install.log --single-version-externally-managed install_data
