[4.498s] Invoking command in '/home/misys/forza_ws/race_stack/state_machine': PYTHONPATH=/home/misys/forza_ws/race_stack/build/state_machine/prefix_override:/usr/lib/python3/dist-packages/colcon_core/task/python/colcon_distutils_commands:/home/misys/forza_ws/race_stack/install/state_machine/lib/python3.10/site-packages:${PYTHONPATH} /usr/bin/python3 -W ignore:setup.py install is deprecated -W ignore:easy_install command is deprecated setup.py egg_info --egg-base ../build/state_machine build --build-base /home/misys/forza_ws/race_stack/build/state_machine/build install --record /home/misys/forza_ws/race_stack/build/state_machine/install.log --single-version-externally-managed install_data
[6.226s] running egg_info
[6.229s] writing ../build/state_machine/state_machine.egg-info/PKG-INFO
[6.231s] writing dependency_links to ../build/state_machine/state_machine.egg-info/dependency_links.txt
[6.234s] writing entry points to ../build/state_machine/state_machine.egg-info/entry_points.txt
[6.244s] writing requirements to ../build/state_machine/state_machine.egg-info/requires.txt
[6.246s] writing top-level names to ../build/state_machine/state_machine.egg-info/top_level.txt
[6.268s] reading manifest file '../build/state_machine/state_machine.egg-info/SOURCES.txt'
[6.270s] adding license file 'LICENSE'
[6.276s] writing manifest file '../build/state_machine/state_machine.egg-info/SOURCES.txt'
[6.277s] running build
[6.278s] running build_py
[6.280s] running install
[6.282s] running install_lib
[6.293s] running install_data
[6.294s] running install_egg_info
[6.310s] removing '/home/misys/forza_ws/race_stack/install/state_machine/lib/python3.10/site-packages/state_machine-0.0.0-py3.10.egg-info' (and everything under it)
[6.348s] Copying ../build/state_machine/state_machine.egg-info to /home/misys/forza_ws/race_stack/install/state_machine/lib/python3.10/site-packages/state_machine-0.0.0-py3.10.egg-info
[6.350s] running install_scripts
[6.494s] Installing state_machine script to /home/misys/forza_ws/race_stack/install/state_machine/lib/state_machine
[6.495s] writing list of installed files to '/home/misys/forza_ws/race_stack/build/state_machine/install.log'
[7.102s] Invoked command in '/home/misys/forza_ws/race_stack/state_machine' returned '0': PYTHONPATH=/home/misys/forza_ws/race_stack/build/state_machine/prefix_override:/usr/lib/python3/dist-packages/colcon_core/task/python/colcon_distutils_commands:/home/misys/forza_ws/race_stack/install/state_machine/lib/python3.10/site-packages:${PYTHONPATH} /usr/bin/python3 -W ignore:setup.py install is deprecated -W ignore:easy_install command is deprecated setup.py egg_info --egg-base ../build/state_machine build --build-base /home/misys/forza_ws/race_stack/build/state_machine/build install --record /home/misys/forza_ws/race_stack/build/state_machine/install.log --single-version-externally-managed install_data
