[4.092s] Invoking command in '/home/misys/forza_ws/race_stack/utilities/nodes/frenet_odom_republisher': PYTHONPATH=/home/misys/forza_ws/race_stack/build/frenet_odom_republisher/prefix_override:/usr/lib/python3/dist-packages/colcon_core/task/python/colcon_distutils_commands:/home/misys/forza_ws/race_stack/install/frenet_odom_republisher/lib/python3.10/site-packages:${PYTHONPATH} /usr/bin/python3 -W ignore:setup.py install is deprecated -W ignore:easy_install command is deprecated setup.py egg_info --egg-base ../../../build/frenet_odom_republisher build --build-base /home/misys/forza_ws/race_stack/build/frenet_odom_republisher/build install --record /home/misys/forza_ws/race_stack/build/frenet_odom_republisher/install.log --single-version-externally-managed install_data
[4.917s] running egg_info
[4.919s] writing ../../../build/frenet_odom_republisher/frenet_odom_republisher.egg-info/PKG-INFO
[4.920s] writing dependency_links to ../../../build/frenet_odom_republisher/frenet_odom_republisher.egg-info/dependency_links.txt
[4.920s] writing entry points to ../../../build/frenet_odom_republisher/frenet_odom_republisher.egg-info/entry_points.txt
[4.920s] writing requirements to ../../../build/frenet_odom_republisher/frenet_odom_republisher.egg-info/requires.txt
[4.921s] writing top-level names to ../../../build/frenet_odom_republisher/frenet_odom_republisher.egg-info/top_level.txt
[4.926s] reading manifest file '../../../build/frenet_odom_republisher/frenet_odom_republisher.egg-info/SOURCES.txt'
[4.927s] writing manifest file '../../../build/frenet_odom_republisher/frenet_odom_republisher.egg-info/SOURCES.txt'
[4.928s] running build
[4.928s] running build_py
[4.928s] running install
[4.929s] running install_lib
[4.932s] running install_data
[4.933s] running install_egg_info
[4.941s] removing '/home/misys/forza_ws/race_stack/install/frenet_odom_republisher/lib/python3.10/site-packages/frenet_odom_republisher-0.0.0-py3.10.egg-info' (and everything under it)
[4.942s] Copying ../../../build/frenet_odom_republisher/frenet_odom_republisher.egg-info to /home/misys/forza_ws/race_stack/install/frenet_odom_republisher/lib/python3.10/site-packages/frenet_odom_republisher-0.0.0-py3.10.egg-info
[4.943s] running install_scripts
[4.996s] Installing frenet_odom_republisher_node script to /home/misys/forza_ws/race_stack/install/frenet_odom_republisher/lib/frenet_odom_republisher
[4.997s] writing list of installed files to '/home/misys/forza_ws/race_stack/build/frenet_odom_republisher/install.log'
[5.784s] Invoked command in '/home/misys/forza_ws/race_stack/utilities/nodes/frenet_odom_republisher' returned '0': PYTHONPATH=/home/misys/forza_ws/race_stack/build/frenet_odom_republisher/prefix_override:/usr/lib/python3/dist-packages/colcon_core/task/python/colcon_distutils_commands:/home/misys/forza_ws/race_stack/install/frenet_odom_republisher/lib/python3.10/site-packages:${PYTHONPATH} /usr/bin/python3 -W ignore:setup.py install is deprecated -W ignore:easy_install command is deprecated setup.py egg_info --egg-base ../../../build/frenet_odom_republisher build --build-base /home/misys/forza_ws/race_stack/build/frenet_odom_republisher/build install --record /home/misys/forza_ws/race_stack/build/frenet_odom_republisher/install.log --single-version-externally-managed install_data
