[6.226s] Invoking command in '/home/misys/forza_ws/race_stack/utilities/nodes/lap_analyser': PYTHONPATH=/home/misys/forza_ws/race_stack/build/lap_analyser/prefix_override:/usr/lib/python3/dist-packages/colcon_core/task/python/colcon_distutils_commands:/home/misys/forza_ws/race_stack/install/lap_analyser/lib/python3.10/site-packages:${PYTHONPATH} /usr/bin/python3 -W ignore:setup.py install is deprecated -W ignore:easy_install command is deprecated setup.py egg_info --egg-base ../../../build/lap_analyser build --build-base /home/misys/forza_ws/race_stack/build/lap_analyser/build install --record /home/misys/forza_ws/race_stack/build/lap_analyser/install.log --single-version-externally-managed install_data
[7.238s] running egg_info
[7.239s] writing ../../../build/lap_analyser/lap_analyser.egg-info/PKG-INFO
[7.240s] writing dependency_links to ../../../build/lap_analyser/lap_analyser.egg-info/dependency_links.txt
[7.241s] writing entry points to ../../../build/lap_analyser/lap_analyser.egg-info/entry_points.txt
[7.242s] writing requirements to ../../../build/lap_analyser/lap_analyser.egg-info/requires.txt
[7.242s] writing top-level names to ../../../build/lap_analyser/lap_analyser.egg-info/top_level.txt
[7.247s] reading manifest file '../../../build/lap_analyser/lap_analyser.egg-info/SOURCES.txt'
[7.248s] adding license file 'LICENSE'
[7.248s] writing manifest file '../../../build/lap_analyser/lap_analyser.egg-info/SOURCES.txt'
[7.249s] running build
[7.249s] running build_py
[7.250s] running install
[7.250s] running install_lib
[7.258s] running install_data
[7.261s] running install_egg_info
[7.268s] removing '/home/misys/forza_ws/race_stack/install/lap_analyser/lib/python3.10/site-packages/lap_analyser-0.0.0-py3.10.egg-info' (and everything under it)
[7.281s] Copying ../../../build/lap_analyser/lap_analyser.egg-info to /home/misys/forza_ws/race_stack/install/lap_analyser/lib/python3.10/site-packages/lap_analyser-0.0.0-py3.10.egg-info
[7.286s] running install_scripts
[7.383s] Installing lap_analyser script to /home/misys/forza_ws/race_stack/install/lap_analyser/lib/lap_analyser
[7.393s] writing list of installed files to '/home/misys/forza_ws/race_stack/build/lap_analyser/install.log'
[7.842s] Invoked command in '/home/misys/forza_ws/race_stack/utilities/nodes/lap_analyser' returned '0': PYTHONPATH=/home/misys/forza_ws/race_stack/build/lap_analyser/prefix_override:/usr/lib/python3/dist-packages/colcon_core/task/python/colcon_distutils_commands:/home/misys/forza_ws/race_stack/install/lap_analyser/lib/python3.10/site-packages:${PYTHONPATH} /usr/bin/python3 -W ignore:setup.py install is deprecated -W ignore:easy_install command is deprecated setup.py egg_info --egg-base ../../../build/lap_analyser build --build-base /home/misys/forza_ws/race_stack/build/lap_analyser/build install --record /home/misys/forza_ws/race_stack/build/lap_analyser/install.log --single-version-externally-managed install_data
