[0.112s] Invoking command in '/home/misys/forza_ws/race_stack/build/vesc_driver': CMAKE_PREFIX_PATH=/home/misys/forza_ws/race_stack/install/vesc_msgs:/home/misys/forza_ws/race_stack/install/vesc:/home/misys/forza_ws/race_stack/install/vesc_driver:/home/misys/forza_ws/race_stack/install/vesc_ackermann:/home/misys/forza_ws/race_stack/install/urg_node2:/home/misys/forza_ws/race_stack/install/udp_msgs:/home/misys/forza_ws/race_stack/install/teleop_tools:/home/misys/forza_ws/race_stack/install/teleop_tools_msgs:/home/misys/forza_ws/race_stack/install/slam_toolbox:/home/misys/forza_ws/race_stack/install/f110_msgs:/home/misys/forza_ws/race_stack/install/ackermann_mux:/home/misys/forza_ws/race_stack/install/f1tenth_stack:/home/misys/forza_ws/race_stack/install/joy_teleop:/home/misys/forza_ws/race_stack/install/steering_lookup:/home/misys/forza_ws/race_stack/install/state_machine:/home/misys/forza_ws/race_stack/install/slam_tuner:/home/misys/forza_ws/race_stack/install/state_estimation:/home/misys/forza_ws/race_stack/install/map_editor:/home/misys/forza_ws/race_stack/install/stack_master:/home/misys/forza_ws/race_stack/install/spline_planner:/home/misys/forza_ws/race_stack/install/sector_tuner:/home/misys/forza_ws/race_stack/install/se_pose_to_tf_bridge:/home/misys/forza_ws/race_stack/install/perception:/home/misys/forza_ws/race_stack/install/particle_filter:/home/misys/forza_ws/race_stack/install/opponent_publisher:/home/misys/forza_ws/race_stack/install/mouse_teleop:/home/misys/forza_ws/race_stack/install/lap_analyser:/home/misys/forza_ws/race_stack/install/key_teleop:/home/misys/forza_ws/race_stack/install/id_controller:/home/misys/forza_ws/race_stack/install/global_planner:/home/misys/forza_ws/race_stack/install/frenet_odom_republisher:/home/misys/forza_ws/race_stack/install/frenet_conversion:/home/misys/forza_ws/race_stack/install/f1tenth_gym_ros:/home/misys/forza_ws/race_stack/install/controller:/opt/ros/humble LD_LIBRARY_PATH=/home/misys/forza_ws/race_stack/install/vesc_msgs/lib:/home/misys/forza_ws/race_stack/install/vesc_driver/lib:/home/misys/forza_ws/race_stack/install/vesc_ackermann/lib:/home/misys/forza_ws/race_stack/install/urg_node2/lib:/home/misys/forza_ws/race_stack/install/udp_msgs/lib:/home/misys/forza_ws/race_stack/install/teleop_tools_msgs/lib:/home/misys/forza_ws/race_stack/install/slam_toolbox/lib:/home/misys/forza_ws/race_stack/install/f110_msgs/lib:/opt/ros/humble/opt/rviz_ogre_vendor/lib:/opt/ros/humble/lib/aarch64-linux-gnu:/opt/ros/humble/lib:/usr/local/cuda/lib64 /usr/bin/cmake /home/misys/forza_ws/race_stack/sensors/vesc/vesc_driver -DCMAKE_INSTALL_PREFIX=/home/misys/forza_ws/race_stack/install/vesc_driver
[0.449s] -- The C compiler identification is GNU 11.4.0
[0.727s] -- The CXX compiler identification is GNU 11.4.0
[0.752s] -- Detecting C compiler ABI info
[1.228s] -- Detecting C compiler ABI info - done
[1.239s] -- Check for working C compiler: /usr/bin/cc - skipped
[1.239s] -- Detecting C compile features
[1.253s] -- Detecting C compile features - done
[1.259s] -- Detecting CXX compiler ABI info
[1.738s] -- Detecting CXX compiler ABI info - done
[1.739s] -- Check for working CXX compiler: /usr/bin/c++ - skipped
[1.739s] -- Detecting CXX compile features
[1.739s] -- Detecting CXX compile features - done
[1.742s] -- Found ament_cmake_auto: 1.3.11 (/opt/ros/humble/share/ament_cmake_auto/cmake)
[2.548s] -- Found Python3: /usr/bin/python3 (found version "3.10.12") found components: Interpreter 
[3.697s] -- Found rosidl_generator_c: 3.1.6 (/opt/ros/humble/share/rosidl_generator_c/cmake)
[3.736s] -- Found rosidl_adapter: 3.1.6 (/opt/ros/humble/share/rosidl_adapter/cmake)
[3.799s] -- Found rosidl_generator_cpp: 3.1.6 (/opt/ros/humble/share/rosidl_generator_cpp/cmake)
[3.898s] -- Using all available rosidl_typesupport_c: rosidl_typesupport_fastrtps_c;rosidl_typesupport_introspection_c
[4.034s] -- Using all available rosidl_typesupport_cpp: rosidl_typesupport_fastrtps_cpp;rosidl_typesupport_introspection_cpp
[4.377s] -- Found rmw_implementation_cmake: 6.1.2 (/opt/ros/humble/share/rmw_implementation_cmake/cmake)
[4.401s] -- Found rmw_fastrtps_cpp: 6.2.7 (/opt/ros/humble/share/rmw_fastrtps_cpp/cmake)
[5.015s] -- Found OpenSSL: /usr/lib/aarch64-linux-gnu/libcrypto.so (found version "3.0.2")  
[5.164s] -- Found FastRTPS: /opt/ros/humble/include  
[5.397s] -- Using RMW implementation 'rmw_fastrtps_cpp' as default
[5.482s] -- Looking for pthread.h
[5.898s] -- Looking for pthread.h - found
[5.899s] -- Performing Test CMAKE_HAVE_LIBC_PTHREAD
[6.252s] -- Performing Test CMAKE_HAVE_LIBC_PTHREAD - Success
[6.254s] -- Found Threads: TRUE  
[6.707s] -- Found asio_cmake_module: 1.2.0 (/opt/ros/humble/share/asio_cmake_module/cmake)
[6.715s] -- Found ASIO: /usr/include  
[6.903s] -- Found ament_lint_auto: 0.12.12 (/opt/ros/humble/share/ament_lint_auto/cmake)
[7.004s] -- Added test 'copyright' to check source files copyright and LICENSE
[7.014s] -- Added test 'cppcheck' to perform static code analysis on C / C++ code
[7.015s] -- Configured cppcheck include dirs: /home/misys/forza_ws/race_stack/sensors/vesc/vesc_driver/include
[7.016s] -- Configured cppcheck exclude dirs and/or files: 
[7.022s] -- Added test 'cpplint' to check C / C++ code against the Google style
[7.022s] -- Configured cpplint exclude dirs and/or files: 
[7.025s] -- Added test 'flake8' to check Python code syntax and style conventions
[7.029s] -- Added test 'lint_cmake' to check CMake code style
[7.034s] -- Added test 'pep257' to check Python code against some of the docstring style conventions in PEP 257
[7.043s] -- Added test 'uncrustify' to check C / C++ code style
[7.043s] -- Configured uncrustify additional arguments: 
[7.048s] -- Added test 'xmllint' to check XML markup files
[7.063s] -- Configuring done
[7.204s] -- Generating done
[7.224s] -- Build files have been written to: /home/misys/forza_ws/race_stack/build/vesc_driver
[8.065s] Invoked command in '/home/misys/forza_ws/race_stack/build/vesc_driver' returned '0': CMAKE_PREFIX_PATH=/home/misys/forza_ws/race_stack/install/vesc_msgs:/home/misys/forza_ws/race_stack/install/vesc:/home/misys/forza_ws/race_stack/install/vesc_driver:/home/misys/forza_ws/race_stack/install/vesc_ackermann:/home/misys/forza_ws/race_stack/install/urg_node2:/home/misys/forza_ws/race_stack/install/udp_msgs:/home/misys/forza_ws/race_stack/install/teleop_tools:/home/misys/forza_ws/race_stack/install/teleop_tools_msgs:/home/misys/forza_ws/race_stack/install/slam_toolbox:/home/misys/forza_ws/race_stack/install/f110_msgs:/home/misys/forza_ws/race_stack/install/ackermann_mux:/home/misys/forza_ws/race_stack/install/f1tenth_stack:/home/misys/forza_ws/race_stack/install/joy_teleop:/home/misys/forza_ws/race_stack/install/steering_lookup:/home/misys/forza_ws/race_stack/install/state_machine:/home/misys/forza_ws/race_stack/install/slam_tuner:/home/misys/forza_ws/race_stack/install/state_estimation:/home/misys/forza_ws/race_stack/install/map_editor:/home/misys/forza_ws/race_stack/install/stack_master:/home/misys/forza_ws/race_stack/install/spline_planner:/home/misys/forza_ws/race_stack/install/sector_tuner:/home/misys/forza_ws/race_stack/install/se_pose_to_tf_bridge:/home/misys/forza_ws/race_stack/install/perception:/home/misys/forza_ws/race_stack/install/particle_filter:/home/misys/forza_ws/race_stack/install/opponent_publisher:/home/misys/forza_ws/race_stack/install/mouse_teleop:/home/misys/forza_ws/race_stack/install/lap_analyser:/home/misys/forza_ws/race_stack/install/key_teleop:/home/misys/forza_ws/race_stack/install/id_controller:/home/misys/forza_ws/race_stack/install/global_planner:/home/misys/forza_ws/race_stack/install/frenet_odom_republisher:/home/misys/forza_ws/race_stack/install/frenet_conversion:/home/misys/forza_ws/race_stack/install/f1tenth_gym_ros:/home/misys/forza_ws/race_stack/install/controller:/opt/ros/humble LD_LIBRARY_PATH=/home/misys/forza_ws/race_stack/install/vesc_msgs/lib:/home/misys/forza_ws/race_stack/install/vesc_driver/lib:/home/misys/forza_ws/race_stack/install/vesc_ackermann/lib:/home/misys/forza_ws/race_stack/install/urg_node2/lib:/home/misys/forza_ws/race_stack/install/udp_msgs/lib:/home/misys/forza_ws/race_stack/install/teleop_tools_msgs/lib:/home/misys/forza_ws/race_stack/install/slam_toolbox/lib:/home/misys/forza_ws/race_stack/install/f110_msgs/lib:/opt/ros/humble/opt/rviz_ogre_vendor/lib:/opt/ros/humble/lib/aarch64-linux-gnu:/opt/ros/humble/lib:/usr/local/cuda/lib64 /usr/bin/cmake /home/misys/forza_ws/race_stack/sensors/vesc/vesc_driver -DCMAKE_INSTALL_PREFIX=/home/misys/forza_ws/race_stack/install/vesc_driver
[8.068s] Invoking command in '/home/misys/forza_ws/race_stack/build/vesc_driver': CMAKE_PREFIX_PATH=/home/misys/forza_ws/race_stack/install/vesc_msgs:/home/misys/forza_ws/race_stack/install/vesc:/home/misys/forza_ws/race_stack/install/vesc_driver:/home/misys/forza_ws/race_stack/install/vesc_ackermann:/home/misys/forza_ws/race_stack/install/urg_node2:/home/misys/forza_ws/race_stack/install/udp_msgs:/home/misys/forza_ws/race_stack/install/teleop_tools:/home/misys/forza_ws/race_stack/install/teleop_tools_msgs:/home/misys/forza_ws/race_stack/install/slam_toolbox:/home/misys/forza_ws/race_stack/install/f110_msgs:/home/misys/forza_ws/race_stack/install/ackermann_mux:/home/misys/forza_ws/race_stack/install/f1tenth_stack:/home/misys/forza_ws/race_stack/install/joy_teleop:/home/misys/forza_ws/race_stack/install/steering_lookup:/home/misys/forza_ws/race_stack/install/state_machine:/home/misys/forza_ws/race_stack/install/slam_tuner:/home/misys/forza_ws/race_stack/install/state_estimation:/home/misys/forza_ws/race_stack/install/map_editor:/home/misys/forza_ws/race_stack/install/stack_master:/home/misys/forza_ws/race_stack/install/spline_planner:/home/misys/forza_ws/race_stack/install/sector_tuner:/home/misys/forza_ws/race_stack/install/se_pose_to_tf_bridge:/home/misys/forza_ws/race_stack/install/perception:/home/misys/forza_ws/race_stack/install/particle_filter:/home/misys/forza_ws/race_stack/install/opponent_publisher:/home/misys/forza_ws/race_stack/install/mouse_teleop:/home/misys/forza_ws/race_stack/install/lap_analyser:/home/misys/forza_ws/race_stack/install/key_teleop:/home/misys/forza_ws/race_stack/install/id_controller:/home/misys/forza_ws/race_stack/install/global_planner:/home/misys/forza_ws/race_stack/install/frenet_odom_republisher:/home/misys/forza_ws/race_stack/install/frenet_conversion:/home/misys/forza_ws/race_stack/install/f1tenth_gym_ros:/home/misys/forza_ws/race_stack/install/controller:/opt/ros/humble LD_LIBRARY_PATH=/home/misys/forza_ws/race_stack/install/vesc_msgs/lib:/home/misys/forza_ws/race_stack/install/vesc_driver/lib:/home/misys/forza_ws/race_stack/install/vesc_ackermann/lib:/home/misys/forza_ws/race_stack/install/urg_node2/lib:/home/misys/forza_ws/race_stack/install/udp_msgs/lib:/home/misys/forza_ws/race_stack/install/teleop_tools_msgs/lib:/home/misys/forza_ws/race_stack/install/slam_toolbox/lib:/home/misys/forza_ws/race_stack/install/f110_msgs/lib:/opt/ros/humble/opt/rviz_ogre_vendor/lib:/opt/ros/humble/lib/aarch64-linux-gnu:/opt/ros/humble/lib:/usr/local/cuda/lib64 /usr/bin/cmake --build /home/misys/forza_ws/race_stack/build/vesc_driver -- -j6 -l6
[8.211s] [ 10%] [32mBuilding CXX object CMakeFiles/vesc_driver.dir/src/vesc_driver.cpp.o[0m
[32.152s] [ 20%] [32mBuilding CXX object CMakeFiles/vesc_driver.dir/src/vesc_packet_factory.cpp.o[0m
[33.409s] [ 30%] [32mBuilding CXX object CMakeFiles/vesc_driver.dir/src/vesc_packet.cpp.o[0m
[35.120s] [ 40%] [32mBuilding CXX object CMakeFiles/vesc_driver.dir/src/vesc_interface.cpp.o[0m
[39.053s] [ 50%] [32m[1mLinking CXX shared library libvesc_driver.so[0m
[40.550s] [ 50%] Built target vesc_driver
[40.596s] [ 60%] [32mBuilding CXX object CMakeFiles/vesc_driver_node.dir/rclcpp_components/node_main_vesc_driver_node.cpp.o[0m
[47.885s] [ 70%] [32m[1mLinking CXX executable vesc_driver_node[0m
[48.217s] [ 70%] Built target vesc_driver_node
[48.277s] [ 80%] [32mBuilding CXX object CMakeFiles/vesc_device_namer.dir/src/vesc_device_namer.cpp.o[0m
[49.552s] [ 90%] [32mBuilding CXX object CMakeFiles/vesc_device_namer.dir/src/vesc_device_uuid_lookup.cpp.o[0m
[51.131s] [100%] [32m[1mLinking CXX executable vesc_device_namer[0m
[51.853s] [100%] Built target vesc_device_namer
[51.885s] Invoked command in '/home/misys/forza_ws/race_stack/build/vesc_driver' returned '0': CMAKE_PREFIX_PATH=/home/misys/forza_ws/race_stack/install/vesc_msgs:/home/misys/forza_ws/race_stack/install/vesc:/home/misys/forza_ws/race_stack/install/vesc_driver:/home/misys/forza_ws/race_stack/install/vesc_ackermann:/home/misys/forza_ws/race_stack/install/urg_node2:/home/misys/forza_ws/race_stack/install/udp_msgs:/home/misys/forza_ws/race_stack/install/teleop_tools:/home/misys/forza_ws/race_stack/install/teleop_tools_msgs:/home/misys/forza_ws/race_stack/install/slam_toolbox:/home/misys/forza_ws/race_stack/install/f110_msgs:/home/misys/forza_ws/race_stack/install/ackermann_mux:/home/misys/forza_ws/race_stack/install/f1tenth_stack:/home/misys/forza_ws/race_stack/install/joy_teleop:/home/misys/forza_ws/race_stack/install/steering_lookup:/home/misys/forza_ws/race_stack/install/state_machine:/home/misys/forza_ws/race_stack/install/slam_tuner:/home/misys/forza_ws/race_stack/install/state_estimation:/home/misys/forza_ws/race_stack/install/map_editor:/home/misys/forza_ws/race_stack/install/stack_master:/home/misys/forza_ws/race_stack/install/spline_planner:/home/misys/forza_ws/race_stack/install/sector_tuner:/home/misys/forza_ws/race_stack/install/se_pose_to_tf_bridge:/home/misys/forza_ws/race_stack/install/perception:/home/misys/forza_ws/race_stack/install/particle_filter:/home/misys/forza_ws/race_stack/install/opponent_publisher:/home/misys/forza_ws/race_stack/install/mouse_teleop:/home/misys/forza_ws/race_stack/install/lap_analyser:/home/misys/forza_ws/race_stack/install/key_teleop:/home/misys/forza_ws/race_stack/install/id_controller:/home/misys/forza_ws/race_stack/install/global_planner:/home/misys/forza_ws/race_stack/install/frenet_odom_republisher:/home/misys/forza_ws/race_stack/install/frenet_conversion:/home/misys/forza_ws/race_stack/install/f1tenth_gym_ros:/home/misys/forza_ws/race_stack/install/controller:/opt/ros/humble LD_LIBRARY_PATH=/home/misys/forza_ws/race_stack/install/vesc_msgs/lib:/home/misys/forza_ws/race_stack/install/vesc_driver/lib:/home/misys/forza_ws/race_stack/install/vesc_ackermann/lib:/home/misys/forza_ws/race_stack/install/urg_node2/lib:/home/misys/forza_ws/race_stack/install/udp_msgs/lib:/home/misys/forza_ws/race_stack/install/teleop_tools_msgs/lib:/home/misys/forza_ws/race_stack/install/slam_toolbox/lib:/home/misys/forza_ws/race_stack/install/f110_msgs/lib:/opt/ros/humble/opt/rviz_ogre_vendor/lib:/opt/ros/humble/lib/aarch64-linux-gnu:/opt/ros/humble/lib:/usr/local/cuda/lib64 /usr/bin/cmake --build /home/misys/forza_ws/race_stack/build/vesc_driver -- -j6 -l6
[51.890s] Invoking command in '/home/misys/forza_ws/race_stack/build/vesc_driver': CMAKE_PREFIX_PATH=/home/misys/forza_ws/race_stack/install/vesc_msgs:/home/misys/forza_ws/race_stack/install/vesc:/home/misys/forza_ws/race_stack/install/vesc_driver:/home/misys/forza_ws/race_stack/install/vesc_ackermann:/home/misys/forza_ws/race_stack/install/urg_node2:/home/misys/forza_ws/race_stack/install/udp_msgs:/home/misys/forza_ws/race_stack/install/teleop_tools:/home/misys/forza_ws/race_stack/install/teleop_tools_msgs:/home/misys/forza_ws/race_stack/install/slam_toolbox:/home/misys/forza_ws/race_stack/install/f110_msgs:/home/misys/forza_ws/race_stack/install/ackermann_mux:/home/misys/forza_ws/race_stack/install/f1tenth_stack:/home/misys/forza_ws/race_stack/install/joy_teleop:/home/misys/forza_ws/race_stack/install/steering_lookup:/home/misys/forza_ws/race_stack/install/state_machine:/home/misys/forza_ws/race_stack/install/slam_tuner:/home/misys/forza_ws/race_stack/install/state_estimation:/home/misys/forza_ws/race_stack/install/map_editor:/home/misys/forza_ws/race_stack/install/stack_master:/home/misys/forza_ws/race_stack/install/spline_planner:/home/misys/forza_ws/race_stack/install/sector_tuner:/home/misys/forza_ws/race_stack/install/se_pose_to_tf_bridge:/home/misys/forza_ws/race_stack/install/perception:/home/misys/forza_ws/race_stack/install/particle_filter:/home/misys/forza_ws/race_stack/install/opponent_publisher:/home/misys/forza_ws/race_stack/install/mouse_teleop:/home/misys/forza_ws/race_stack/install/lap_analyser:/home/misys/forza_ws/race_stack/install/key_teleop:/home/misys/forza_ws/race_stack/install/id_controller:/home/misys/forza_ws/race_stack/install/global_planner:/home/misys/forza_ws/race_stack/install/frenet_odom_republisher:/home/misys/forza_ws/race_stack/install/frenet_conversion:/home/misys/forza_ws/race_stack/install/f1tenth_gym_ros:/home/misys/forza_ws/race_stack/install/controller:/opt/ros/humble LD_LIBRARY_PATH=/home/misys/forza_ws/race_stack/install/vesc_msgs/lib:/home/misys/forza_ws/race_stack/install/vesc_driver/lib:/home/misys/forza_ws/race_stack/install/vesc_ackermann/lib:/home/misys/forza_ws/race_stack/install/urg_node2/lib:/home/misys/forza_ws/race_stack/install/udp_msgs/lib:/home/misys/forza_ws/race_stack/install/teleop_tools_msgs/lib:/home/misys/forza_ws/race_stack/install/slam_toolbox/lib:/home/misys/forza_ws/race_stack/install/f110_msgs/lib:/opt/ros/humble/opt/rviz_ogre_vendor/lib:/opt/ros/humble/lib/aarch64-linux-gnu:/opt/ros/humble/lib:/usr/local/cuda/lib64 /usr/bin/cmake --install /home/misys/forza_ws/race_stack/build/vesc_driver
[51.908s] -- Install configuration: ""
[51.908s] -- Installing: /home/misys/forza_ws/race_stack/install/vesc_driver/lib/vesc_driver/vesc_driver_node
[51.910s] -- Set runtime path of "/home/misys/forza_ws/race_stack/install/vesc_driver/lib/vesc_driver/vesc_driver_node" to ""
[51.910s] -- Installing: /home/misys/forza_ws/race_stack/install/vesc_driver/include
[51.910s] -- Installing: /home/misys/forza_ws/race_stack/install/vesc_driver/include/vesc_driver
[51.910s] -- Installing: /home/misys/forza_ws/race_stack/install/vesc_driver/include/vesc_driver/vesc_interface.hpp
[51.910s] -- Installing: /home/misys/forza_ws/race_stack/install/vesc_driver/include/vesc_driver/vesc_driver.hpp
[51.911s] -- Installing: /home/misys/forza_ws/race_stack/install/vesc_driver/include/vesc_driver/vesc_packet_factory.hpp
[51.911s] -- Installing: /home/misys/forza_ws/race_stack/install/vesc_driver/include/vesc_driver/datatypes.hpp
[51.912s] -- Installing: /home/misys/forza_ws/race_stack/install/vesc_driver/include/vesc_driver/vesc_packet.hpp
[51.913s] -- Installing: /home/misys/forza_ws/race_stack/install/vesc_driver/include/vesc_driver/crc.hpp
[51.913s] -- Installing: /home/misys/forza_ws/race_stack/install/vesc_driver/include/vesc_driver/vesc_device_uuid_lookup.hpp
[51.914s] -- Installing: /home/misys/forza_ws/race_stack/install/vesc_driver/share/vesc_driver/environment/library_path.sh
[51.914s] -- Installing: /home/misys/forza_ws/race_stack/install/vesc_driver/share/vesc_driver/environment/library_path.dsv
[51.915s] -- Installing: /home/misys/forza_ws/race_stack/install/vesc_driver/lib/libvesc_driver.so
[51.934s] -- Set runtime path of "/home/misys/forza_ws/race_stack/install/vesc_driver/lib/libvesc_driver.so" to ""
[51.934s] -- Installing: /home/misys/forza_ws/race_stack/install/vesc_driver/lib/vesc_driver/vesc_device_namer
[51.937s] -- Set runtime path of "/home/misys/forza_ws/race_stack/install/vesc_driver/lib/vesc_driver/vesc_device_namer" to ""
[51.937s] -- Installing: /home/misys/forza_ws/race_stack/install/vesc_driver/share/vesc_driver/launch
[51.938s] -- Installing: /home/misys/forza_ws/race_stack/install/vesc_driver/share/vesc_driver/launch/vesc_driver_node.launch.py
[51.938s] -- Installing: /home/misys/forza_ws/race_stack/install/vesc_driver/share/vesc_driver/params
[51.938s] -- Installing: /home/misys/forza_ws/race_stack/install/vesc_driver/share/vesc_driver/params/vesc_config.yaml
[51.938s] -- Installing: /home/misys/forza_ws/race_stack/install/vesc_driver/share/ament_index/resource_index/package_run_dependencies/vesc_driver
[51.939s] -- Installing: /home/misys/forza_ws/race_stack/install/vesc_driver/share/ament_index/resource_index/parent_prefix_path/vesc_driver
[51.941s] -- Installing: /home/misys/forza_ws/race_stack/install/vesc_driver/share/vesc_driver/environment/ament_prefix_path.sh
[51.942s] -- Installing: /home/misys/forza_ws/race_stack/install/vesc_driver/share/vesc_driver/environment/ament_prefix_path.dsv
[51.943s] -- Installing: /home/misys/forza_ws/race_stack/install/vesc_driver/share/vesc_driver/environment/path.sh
[51.944s] -- Installing: /home/misys/forza_ws/race_stack/install/vesc_driver/share/vesc_driver/environment/path.dsv
[51.945s] -- Installing: /home/misys/forza_ws/race_stack/install/vesc_driver/share/vesc_driver/local_setup.bash
[51.945s] -- Installing: /home/misys/forza_ws/race_stack/install/vesc_driver/share/vesc_driver/local_setup.sh
[51.945s] -- Installing: /home/misys/forza_ws/race_stack/install/vesc_driver/share/vesc_driver/local_setup.zsh
[51.946s] -- Installing: /home/misys/forza_ws/race_stack/install/vesc_driver/share/vesc_driver/local_setup.dsv
[51.946s] -- Installing: /home/misys/forza_ws/race_stack/install/vesc_driver/share/vesc_driver/package.dsv
[51.947s] -- Installing: /home/misys/forza_ws/race_stack/install/vesc_driver/share/ament_index/resource_index/packages/vesc_driver
[51.947s] -- Installing: /home/misys/forza_ws/race_stack/install/vesc_driver/share/ament_index/resource_index/rclcpp_components/vesc_driver
[51.948s] -- Installing: /home/misys/forza_ws/race_stack/install/vesc_driver/share/vesc_driver/cmake/ament_cmake_export_dependencies-extras.cmake
[51.949s] -- Installing: /home/misys/forza_ws/race_stack/install/vesc_driver/share/vesc_driver/cmake/ament_cmake_export_include_directories-extras.cmake
[51.949s] -- Installing: /home/misys/forza_ws/race_stack/install/vesc_driver/share/vesc_driver/cmake/ament_cmake_export_libraries-extras.cmake
[51.950s] -- Installing: /home/misys/forza_ws/race_stack/install/vesc_driver/share/vesc_driver/cmake/vesc_driverConfig.cmake
[51.950s] -- Installing: /home/misys/forza_ws/race_stack/install/vesc_driver/share/vesc_driver/cmake/vesc_driverConfig-version.cmake
[51.951s] -- Installing: /home/misys/forza_ws/race_stack/install/vesc_driver/share/vesc_driver/package.xml
[51.957s] Invoked command in '/home/misys/forza_ws/race_stack/build/vesc_driver' returned '0': CMAKE_PREFIX_PATH=/home/misys/forza_ws/race_stack/install/vesc_msgs:/home/misys/forza_ws/race_stack/install/vesc:/home/misys/forza_ws/race_stack/install/vesc_driver:/home/misys/forza_ws/race_stack/install/vesc_ackermann:/home/misys/forza_ws/race_stack/install/urg_node2:/home/misys/forza_ws/race_stack/install/udp_msgs:/home/misys/forza_ws/race_stack/install/teleop_tools:/home/misys/forza_ws/race_stack/install/teleop_tools_msgs:/home/misys/forza_ws/race_stack/install/slam_toolbox:/home/misys/forza_ws/race_stack/install/f110_msgs:/home/misys/forza_ws/race_stack/install/ackermann_mux:/home/misys/forza_ws/race_stack/install/f1tenth_stack:/home/misys/forza_ws/race_stack/install/joy_teleop:/home/misys/forza_ws/race_stack/install/steering_lookup:/home/misys/forza_ws/race_stack/install/state_machine:/home/misys/forza_ws/race_stack/install/slam_tuner:/home/misys/forza_ws/race_stack/install/state_estimation:/home/misys/forza_ws/race_stack/install/map_editor:/home/misys/forza_ws/race_stack/install/stack_master:/home/misys/forza_ws/race_stack/install/spline_planner:/home/misys/forza_ws/race_stack/install/sector_tuner:/home/misys/forza_ws/race_stack/install/se_pose_to_tf_bridge:/home/misys/forza_ws/race_stack/install/perception:/home/misys/forza_ws/race_stack/install/particle_filter:/home/misys/forza_ws/race_stack/install/opponent_publisher:/home/misys/forza_ws/race_stack/install/mouse_teleop:/home/misys/forza_ws/race_stack/install/lap_analyser:/home/misys/forza_ws/race_stack/install/key_teleop:/home/misys/forza_ws/race_stack/install/id_controller:/home/misys/forza_ws/race_stack/install/global_planner:/home/misys/forza_ws/race_stack/install/frenet_odom_republisher:/home/misys/forza_ws/race_stack/install/frenet_conversion:/home/misys/forza_ws/race_stack/install/f1tenth_gym_ros:/home/misys/forza_ws/race_stack/install/controller:/opt/ros/humble LD_LIBRARY_PATH=/home/misys/forza_ws/race_stack/install/vesc_msgs/lib:/home/misys/forza_ws/race_stack/install/vesc_driver/lib:/home/misys/forza_ws/race_stack/install/vesc_ackermann/lib:/home/misys/forza_ws/race_stack/install/urg_node2/lib:/home/misys/forza_ws/race_stack/install/udp_msgs/lib:/home/misys/forza_ws/race_stack/install/teleop_tools_msgs/lib:/home/misys/forza_ws/race_stack/install/slam_toolbox/lib:/home/misys/forza_ws/race_stack/install/f110_msgs/lib:/opt/ros/humble/opt/rviz_ogre_vendor/lib:/opt/ros/humble/lib/aarch64-linux-gnu:/opt/ros/humble/lib:/usr/local/cuda/lib64 /usr/bin/cmake --install /home/misys/forza_ws/race_stack/build/vesc_driver
