[5.473s] Invoking command in '/home/misys/forza_ws/race_stack/system_identification/steering_lookup': PYTHONPATH=/home/misys/forza_ws/race_stack/build/steering_lookup/prefix_override:/usr/lib/python3/dist-packages/colcon_core/task/python/colcon_distutils_commands:/home/misys/forza_ws/race_stack/install/steering_lookup/lib/python3.10/site-packages:${PYTHONPATH} /usr/bin/python3 -W ignore:setup.py install is deprecated -W ignore:easy_install command is deprecated setup.py egg_info --egg-base ../../build/steering_lookup build --build-base /home/misys/forza_ws/race_stack/build/steering_lookup/build install --record /home/misys/forza_ws/race_stack/build/steering_lookup/install.log --single-version-externally-managed install_data
[6.229s] running egg_info
[6.237s] writing ../../build/steering_lookup/steering_lookup.egg-info/PKG-INFO
[6.237s] writing dependency_links to ../../build/steering_lookup/steering_lookup.egg-info/dependency_links.txt
[6.238s] writing requirements to ../../build/steering_lookup/steering_lookup.egg-info/requires.txt
[6.238s] writing top-level names to ../../build/steering_lookup/steering_lookup.egg-info/top_level.txt
[6.242s] reading manifest file '../../build/steering_lookup/steering_lookup.egg-info/SOURCES.txt'
[6.243s] adding license file 'LICENSE'
[6.244s] writing manifest file '../../build/steering_lookup/steering_lookup.egg-info/SOURCES.txt'
[6.245s] running build
[6.245s] running build_py
[6.246s] running install
[6.247s] running install_lib
[6.251s] running install_data
[6.252s] running install_egg_info
[6.257s] removing '/home/misys/forza_ws/race_stack/install/steering_lookup/lib/python3.10/site-packages/steering_lookup-0.0.0-py3.10.egg-info' (and everything under it)
[6.258s] Copying ../../build/steering_lookup/steering_lookup.egg-info to /home/misys/forza_ws/race_stack/install/steering_lookup/lib/python3.10/site-packages/steering_lookup-0.0.0-py3.10.egg-info
[6.261s] running install_scripts
[6.314s] writing list of installed files to '/home/misys/forza_ws/race_stack/build/steering_lookup/install.log'
[6.480s] Invoked command in '/home/misys/forza_ws/race_stack/system_identification/steering_lookup' returned '0': PYTHONPATH=/home/misys/forza_ws/race_stack/build/steering_lookup/prefix_override:/usr/lib/python3/dist-packages/colcon_core/task/python/colcon_distutils_commands:/home/misys/forza_ws/race_stack/install/steering_lookup/lib/python3.10/site-packages:${PYTHONPATH} /usr/bin/python3 -W ignore:setup.py install is deprecated -W ignore:easy_install command is deprecated setup.py egg_info --egg-base ../../build/steering_lookup build --build-base /home/misys/forza_ws/race_stack/build/steering_lookup/build install --record /home/misys/forza_ws/race_stack/build/steering_lookup/install.log --single-version-externally-managed install_data
