[4.842s] Invoking command in '/home/misys/forza_ws/race_stack/system_identification/nodes/id_controller': PYTHONPATH=/home/misys/forza_ws/race_stack/build/id_controller/prefix_override:/usr/lib/python3/dist-packages/colcon_core/task/python/colcon_distutils_commands:/home/misys/forza_ws/race_stack/install/id_controller/lib/python3.10/site-packages:${PYTHONPATH} /usr/bin/python3 -W ignore:setup.py install is deprecated -W ignore:easy_install command is deprecated setup.py egg_info --egg-base ../../../build/id_controller build --build-base /home/misys/forza_ws/race_stack/build/id_controller/build install --record /home/misys/forza_ws/race_stack/build/id_controller/install.log --single-version-externally-managed install_data
[5.537s] running egg_info
[5.540s] writing ../../../build/id_controller/id_controller.egg-info/PKG-INFO
[5.541s] writing dependency_links to ../../../build/id_controller/id_controller.egg-info/dependency_links.txt
[5.541s] writing entry points to ../../../build/id_controller/id_controller.egg-info/entry_points.txt
[5.544s] writing requirements to ../../../build/id_controller/id_controller.egg-info/requires.txt
[5.544s] writing top-level names to ../../../build/id_controller/id_controller.egg-info/top_level.txt
[5.545s] reading manifest file '../../../build/id_controller/id_controller.egg-info/SOURCES.txt'
[5.546s] adding license file 'LICENSE'
[5.548s] writing manifest file '../../../build/id_controller/id_controller.egg-info/SOURCES.txt'
[5.548s] running build
[5.548s] running build_py
[5.549s] running install
[5.549s] running install_lib
[5.552s] running install_data
[5.552s] running install_egg_info
[5.556s] removing '/home/misys/forza_ws/race_stack/install/id_controller/lib/python3.10/site-packages/id_controller-0.0.0-py3.10.egg-info' (and everything under it)
[5.557s] Copying ../../../build/id_controller/id_controller.egg-info to /home/misys/forza_ws/race_stack/install/id_controller/lib/python3.10/site-packages/id_controller-0.0.0-py3.10.egg-info
[5.562s] running install_scripts
[5.612s] writing list of installed files to '/home/misys/forza_ws/race_stack/build/id_controller/install.log'
[5.703s] Invoked command in '/home/misys/forza_ws/race_stack/system_identification/nodes/id_controller' returned '0': PYTHONPATH=/home/misys/forza_ws/race_stack/build/id_controller/prefix_override:/usr/lib/python3/dist-packages/colcon_core/task/python/colcon_distutils_commands:/home/misys/forza_ws/race_stack/install/id_controller/lib/python3.10/site-packages:${PYTHONPATH} /usr/bin/python3 -W ignore:setup.py install is deprecated -W ignore:easy_install command is deprecated setup.py egg_info --egg-base ../../../build/id_controller build --build-base /home/misys/forza_ws/race_stack/build/id_controller/build install --record /home/misys/forza_ws/race_stack/build/id_controller/install.log --single-version-externally-managed install_data
