[5.159s] Invoking command in '/home/misys/forza_ws/race_stack/controller': PYTHONPATH=/home/misys/forza_ws/race_stack/build/controller/prefix_override:/usr/lib/python3/dist-packages/colcon_core/task/python/colcon_distutils_commands:/home/misys/forza_ws/race_stack/install/controller/lib/python3.10/site-packages:${PYTHONPATH} /usr/bin/python3 -W ignore:setup.py install is deprecated -W ignore:easy_install command is deprecated setup.py egg_info --egg-base ../build/controller build --build-base /home/misys/forza_ws/race_stack/build/controller/build install --record /home/misys/forza_ws/race_stack/build/controller/install.log --single-version-externally-managed install_data
[6.355s] running egg_info
[6.357s] writing ../build/controller/controller.egg-info/PKG-INFO
[6.357s] writing dependency_links to ../build/controller/controller.egg-info/dependency_links.txt
[6.357s] writing entry points to ../build/controller/controller.egg-info/entry_points.txt
[6.358s] writing requirements to ../build/controller/controller.egg-info/requires.txt
[6.358s] writing top-level names to ../build/controller/controller.egg-info/top_level.txt
[6.364s] reading manifest file '../build/controller/controller.egg-info/SOURCES.txt'
[6.365s] adding license file 'LICENSE'
[6.366s] writing manifest file '../build/controller/controller.egg-info/SOURCES.txt'
[6.366s] running build
[6.366s] running build_py
[6.367s] running install
[6.368s] running install_lib
[6.372s] running install_data
[6.372s] running install_egg_info
[6.382s] removing '/home/misys/forza_ws/race_stack/install/controller/lib/python3.10/site-packages/controller-0.0.0-py3.10.egg-info' (and everything under it)
[6.383s] Copying ../build/controller/controller.egg-info to /home/misys/forza_ws/race_stack/install/controller/lib/python3.10/site-packages/controller-0.0.0-py3.10.egg-info
[6.383s] running install_scripts
[6.457s] Installing controller script to /home/misys/forza_ws/race_stack/install/controller/lib/controller
[6.458s] writing list of installed files to '/home/misys/forza_ws/race_stack/build/controller/install.log'
[6.814s] Invoked command in '/home/misys/forza_ws/race_stack/controller' returned '0': PYTHONPATH=/home/misys/forza_ws/race_stack/build/controller/prefix_override:/usr/lib/python3/dist-packages/colcon_core/task/python/colcon_distutils_commands:/home/misys/forza_ws/race_stack/install/controller/lib/python3.10/site-packages:${PYTHONPATH} /usr/bin/python3 -W ignore:setup.py install is deprecated -W ignore:easy_install command is deprecated setup.py egg_info --egg-base ../build/controller build --build-base /home/misys/forza_ws/race_stack/build/controller/build install --record /home/misys/forza_ws/race_stack/build/controller/install.log --single-version-externally-managed install_data
