[4.225s] Invoking command in '/home/misys/forza_ws/race_stack/base_system/f1tenth_system/teleop_tools/mouse_teleop': PYTHONPATH=/home/misys/forza_ws/race_stack/build/mouse_teleop/prefix_override:/usr/lib/python3/dist-packages/colcon_core/task/python/colcon_distutils_commands:/home/misys/forza_ws/race_stack/install/mouse_teleop/lib/python3.10/site-packages:${PYTHONPATH} /usr/bin/python3 -W ignore:setup.py install is deprecated -W ignore:easy_install command is deprecated setup.py egg_info --egg-base ../../../../build/mouse_teleop build --build-base /home/misys/forza_ws/race_stack/build/mouse_teleop/build install --record /home/misys/forza_ws/race_stack/build/mouse_teleop/install.log --single-version-externally-managed install_data
[4.944s] running egg_info
[4.945s] writing ../../../../build/mouse_teleop/mouse_teleop.egg-info/PKG-INFO
[4.949s] writing dependency_links to ../../../../build/mouse_teleop/mouse_teleop.egg-info/dependency_links.txt
[4.950s] writing entry points to ../../../../build/mouse_teleop/mouse_teleop.egg-info/entry_points.txt
[4.950s] writing requirements to ../../../../build/mouse_teleop/mouse_teleop.egg-info/requires.txt
[4.950s] writing top-level names to ../../../../build/mouse_teleop/mouse_teleop.egg-info/top_level.txt
[4.955s] reading manifest file '../../../../build/mouse_teleop/mouse_teleop.egg-info/SOURCES.txt'
[4.957s] adding license file 'LICENSE'
[4.958s] writing manifest file '../../../../build/mouse_teleop/mouse_teleop.egg-info/SOURCES.txt'
[4.959s] running build
[4.959s] running build_py
[4.959s] running install
[4.960s] running install_lib
[4.970s] running install_data
[4.970s] running install_egg_info
[4.973s] removing '/home/misys/forza_ws/race_stack/install/mouse_teleop/lib/python3.10/site-packages/mouse_teleop-1.5.0-py3.10.egg-info' (and everything under it)
[4.973s] Copying ../../../../build/mouse_teleop/mouse_teleop.egg-info to /home/misys/forza_ws/race_stack/install/mouse_teleop/lib/python3.10/site-packages/mouse_teleop-1.5.0-py3.10.egg-info
[4.975s] running install_scripts
[5.035s] Installing mouse_teleop script to /home/misys/forza_ws/race_stack/install/mouse_teleop/lib/mouse_teleop
[5.035s] writing list of installed files to '/home/misys/forza_ws/race_stack/build/mouse_teleop/install.log'
[5.269s] Invoked command in '/home/misys/forza_ws/race_stack/base_system/f1tenth_system/teleop_tools/mouse_teleop' returned '0': PYTHONPATH=/home/misys/forza_ws/race_stack/build/mouse_teleop/prefix_override:/usr/lib/python3/dist-packages/colcon_core/task/python/colcon_distutils_commands:/home/misys/forza_ws/race_stack/install/mouse_teleop/lib/python3.10/site-packages:${PYTHONPATH} /usr/bin/python3 -W ignore:setup.py install is deprecated -W ignore:easy_install command is deprecated setup.py egg_info --egg-base ../../../../build/mouse_teleop build --build-base /home/misys/forza_ws/race_stack/build/mouse_teleop/build install --record /home/misys/forza_ws/race_stack/build/mouse_teleop/install.log --single-version-externally-managed install_data
