[5.526s] Invoking command in '/home/misys/forza_ws/race_stack/system_identification/nodes/id_controller': PYTHONPATH=/home/misys/forza_ws/race_stack/build/id_controller/prefix_override:/usr/lib/python3/dist-packages/colcon_core/task/python/colcon_distutils_commands:/home/misys/forza_ws/race_stack/install/id_controller/lib/python3.10/site-packages:${PYTHONPATH} /usr/bin/python3 -W ignore:setup.py install is deprecated -W ignore:easy_install command is deprecated setup.py egg_info --egg-base ../../../build/id_controller build --build-base /home/misys/forza_ws/race_stack/build/id_controller/build install --record /home/misys/forza_ws/race_stack/build/id_controller/install.log --single-version-externally-managed install_data
[6.368s] running egg_info
[6.370s] writing ../../../build/id_controller/id_controller.egg-info/PKG-INFO
[6.370s] writing dependency_links to ../../../build/id_controller/id_controller.egg-info/dependency_links.txt
[6.371s] writing entry points to ../../../build/id_controller/id_controller.egg-info/entry_points.txt
[6.371s] writing requirements to ../../../build/id_controller/id_controller.egg-info/requires.txt
[6.372s] writing top-level names to ../../../build/id_controller/id_controller.egg-info/top_level.txt
[6.377s] reading manifest file '../../../build/id_controller/id_controller.egg-info/SOURCES.txt'
[6.378s] adding license file 'LICENSE'
[6.379s] writing manifest file '../../../build/id_controller/id_controller.egg-info/SOURCES.txt'
[6.379s] running build
[6.379s] running build_py
[6.380s] running install
[6.380s] running install_lib
[6.386s] running install_data
[6.387s] running install_egg_info
[6.410s] removing '/home/misys/forza_ws/race_stack/install/id_controller/lib/python3.10/site-packages/id_controller-0.0.0-py3.10.egg-info' (and everything under it)
[6.411s] Copying ../../../build/id_controller/id_controller.egg-info to /home/misys/forza_ws/race_stack/install/id_controller/lib/python3.10/site-packages/id_controller-0.0.0-py3.10.egg-info
[6.416s] running install_scripts
[6.476s] writing list of installed files to '/home/misys/forza_ws/race_stack/build/id_controller/install.log'
[6.594s] Invoked command in '/home/misys/forza_ws/race_stack/system_identification/nodes/id_controller' returned '0': PYTHONPATH=/home/misys/forza_ws/race_stack/build/id_controller/prefix_override:/usr/lib/python3/dist-packages/colcon_core/task/python/colcon_distutils_commands:/home/misys/forza_ws/race_stack/install/id_controller/lib/python3.10/site-packages:${PYTHONPATH} /usr/bin/python3 -W ignore:setup.py install is deprecated -W ignore:easy_install command is deprecated setup.py egg_info --egg-base ../../../build/id_controller build --build-base /home/misys/forza_ws/race_stack/build/id_controller/build install --record /home/misys/forza_ws/race_stack/build/id_controller/install.log --single-version-externally-managed install_data
