[11.120s] Invoking command in '/home/misys/forza_ws/race_stack/system_identification/nodes/id_controller': PYTHONPATH=/home/misys/forza_ws/race_stack/build/id_controller/prefix_override:/usr/lib/python3/dist-packages/colcon_core/task/python/colcon_distutils_commands:/home/misys/forza_ws/race_stack/install/id_controller/lib/python3.10/site-packages:${PYTHONPATH} /usr/bin/python3 -W ignore:setup.py install is deprecated -W ignore:easy_install command is deprecated setup.py egg_info --egg-base ../../../build/id_controller build --build-base /home/misys/forza_ws/race_stack/build/id_controller/build install --record /home/misys/forza_ws/race_stack/build/id_controller/install.log --single-version-externally-managed install_data
[12.349s] running egg_info
[12.351s] writing ../../../build/id_controller/id_controller.egg-info/PKG-INFO
[12.352s] writing dependency_links to ../../../build/id_controller/id_controller.egg-info/dependency_links.txt
[12.353s] writing entry points to ../../../build/id_controller/id_controller.egg-info/entry_points.txt
[12.353s] writing requirements to ../../../build/id_controller/id_controller.egg-info/requires.txt
[12.354s] writing top-level names to ../../../build/id_controller/id_controller.egg-info/top_level.txt
[12.359s] reading manifest file '../../../build/id_controller/id_controller.egg-info/SOURCES.txt'
[12.360s] adding license file 'LICENSE'
[12.361s] writing manifest file '../../../build/id_controller/id_controller.egg-info/SOURCES.txt'
[12.362s] running build
[12.362s] running build_py
[12.362s] running install
[12.364s] running install_lib
[12.367s] running install_data
[12.368s] running install_egg_info
[12.373s] removing '/home/misys/forza_ws/race_stack/install/id_controller/lib/python3.10/site-packages/id_controller-0.0.0-py3.10.egg-info' (and everything under it)
[12.374s] Copying ../../../build/id_controller/id_controller.egg-info to /home/misys/forza_ws/race_stack/install/id_controller/lib/python3.10/site-packages/id_controller-0.0.0-py3.10.egg-info
[12.378s] running install_scripts
[12.435s] writing list of installed files to '/home/misys/forza_ws/race_stack/build/id_controller/install.log'
[12.529s] Invoked command in '/home/misys/forza_ws/race_stack/system_identification/nodes/id_controller' returned '0': PYTHONPATH=/home/misys/forza_ws/race_stack/build/id_controller/prefix_override:/usr/lib/python3/dist-packages/colcon_core/task/python/colcon_distutils_commands:/home/misys/forza_ws/race_stack/install/id_controller/lib/python3.10/site-packages:${PYTHONPATH} /usr/bin/python3 -W ignore:setup.py install is deprecated -W ignore:easy_install command is deprecated setup.py egg_info --egg-base ../../../build/id_controller build --build-base /home/misys/forza_ws/race_stack/build/id_controller/build install --record /home/misys/forza_ws/race_stack/build/id_controller/install.log --single-version-externally-managed install_data
