[3.391s] Invoking command in '/home/misys/forza_ws/race_stack/perception': PYTHONPATH=/home/misys/forza_ws/race_stack/build/perception/prefix_override:/usr/lib/python3/dist-packages/colcon_core/task/python/colcon_distutils_commands:/home/misys/forza_ws/race_stack/install/perception/lib/python3.10/site-packages:${PYTHONPATH} /usr/bin/python3 -W ignore:setup.py install is deprecated -W ignore:easy_install command is deprecated setup.py egg_info --egg-base ../build/perception build --build-base /home/misys/forza_ws/race_stack/build/perception/build install --record /home/misys/forza_ws/race_stack/build/perception/install.log --single-version-externally-managed install_data
[4.077s] running egg_info
[4.078s] writing ../build/perception/perception.egg-info/PKG-INFO
[4.078s] writing dependency_links to ../build/perception/perception.egg-info/dependency_links.txt
[4.079s] writing entry points to ../build/perception/perception.egg-info/entry_points.txt
[4.079s] writing requirements to ../build/perception/perception.egg-info/requires.txt
[4.079s] writing top-level names to ../build/perception/perception.egg-info/top_level.txt
[4.083s] reading manifest file '../build/perception/perception.egg-info/SOURCES.txt'
[4.084s] adding license file 'LICENSE'
[4.085s] writing manifest file '../build/perception/perception.egg-info/SOURCES.txt'
[4.085s] running build
[4.085s] running build_py
[4.086s] running install
[4.087s] running install_lib
[4.090s] running install_data
[4.090s] running install_egg_info
[4.095s] removing '/home/misys/forza_ws/race_stack/install/perception/lib/python3.10/site-packages/perception-0.0.0-py3.10.egg-info' (and everything under it)
[4.095s] Copying ../build/perception/perception.egg-info to /home/misys/forza_ws/race_stack/install/perception/lib/python3.10/site-packages/perception-0.0.0-py3.10.egg-info
[4.098s] running install_scripts
[4.144s] Installing detect script to /home/misys/forza_ws/race_stack/install/perception/lib/perception
[4.148s] Installing tracking script to /home/misys/forza_ws/race_stack/install/perception/lib/perception
[4.149s] writing list of installed files to '/home/misys/forza_ws/race_stack/build/perception/install.log'
[4.372s] Invoked command in '/home/misys/forza_ws/race_stack/perception' returned '0': PYTHONPATH=/home/misys/forza_ws/race_stack/build/perception/prefix_override:/usr/lib/python3/dist-packages/colcon_core/task/python/colcon_distutils_commands:/home/misys/forza_ws/race_stack/install/perception/lib/python3.10/site-packages:${PYTHONPATH} /usr/bin/python3 -W ignore:setup.py install is deprecated -W ignore:easy_install command is deprecated setup.py egg_info --egg-base ../build/perception build --build-base /home/misys/forza_ws/race_stack/build/perception/build install --record /home/misys/forza_ws/race_stack/build/perception/install.log --single-version-externally-managed install_data
