[4.697s] Invoking command in '/home/misys/forza_ws/race_stack/system_identification/nodes/id_controller': PYTHONPATH=/home/misys/forza_ws/race_stack/build/id_controller/prefix_override:/usr/lib/python3/dist-packages/colcon_core/task/python/colcon_distutils_commands:/home/misys/forza_ws/race_stack/install/id_controller/lib/python3.10/site-packages:${PYTHONPATH} /usr/bin/python3 -W ignore:setup.py install is deprecated -W ignore:easy_install command is deprecated setup.py egg_info --egg-base ../../../build/id_controller build --build-base /home/misys/forza_ws/race_stack/build/id_controller/build install --record /home/misys/forza_ws/race_stack/build/id_controller/install.log --single-version-externally-managed install_data
[5.509s] running egg_info
[5.510s] writing ../../../build/id_controller/id_controller.egg-info/PKG-INFO
[5.511s] writing dependency_links to ../../../build/id_controller/id_controller.egg-info/dependency_links.txt
[5.512s] writing entry points to ../../../build/id_controller/id_controller.egg-info/entry_points.txt
[5.513s] writing requirements to ../../../build/id_controller/id_controller.egg-info/requires.txt
[5.513s] writing top-level names to ../../../build/id_controller/id_controller.egg-info/top_level.txt
[5.519s] reading manifest file '../../../build/id_controller/id_controller.egg-info/SOURCES.txt'
[5.519s] adding license file 'LICENSE'
[5.521s] writing manifest file '../../../build/id_controller/id_controller.egg-info/SOURCES.txt'
[5.521s] running build
[5.521s] running build_py
[5.522s] running install
[5.523s] running install_lib
[5.528s] running install_data
[5.528s] running install_egg_info
[5.534s] removing '/home/misys/forza_ws/race_stack/install/id_controller/lib/python3.10/site-packages/id_controller-0.0.0-py3.10.egg-info' (and everything under it)
[5.535s] Copying ../../../build/id_controller/id_controller.egg-info to /home/misys/forza_ws/race_stack/install/id_controller/lib/python3.10/site-packages/id_controller-0.0.0-py3.10.egg-info
[5.538s] running install_scripts
[5.604s] writing list of installed files to '/home/misys/forza_ws/race_stack/build/id_controller/install.log'
[7.150s] Invoked command in '/home/misys/forza_ws/race_stack/system_identification/nodes/id_controller' returned '0': PYTHONPATH=/home/misys/forza_ws/race_stack/build/id_controller/prefix_override:/usr/lib/python3/dist-packages/colcon_core/task/python/colcon_distutils_commands:/home/misys/forza_ws/race_stack/install/id_controller/lib/python3.10/site-packages:${PYTHONPATH} /usr/bin/python3 -W ignore:setup.py install is deprecated -W ignore:easy_install command is deprecated setup.py egg_info --egg-base ../../../build/id_controller build --build-base /home/misys/forza_ws/race_stack/build/id_controller/build install --record /home/misys/forza_ws/race_stack/build/id_controller/install.log --single-version-externally-managed install_data
