[0.877s] Invoking command in '/home/misys/forza_ws/race_stack/build/urg_node2': CMAKE_PREFIX_PATH=${CMAKE_PREFIX_PATH}:/home/misys/forza_ws/race_stack/install/f1tenth_stack:/home/misys/forza_ws/race_stack/install/joy_teleop:/home/misys/forza_ws/race_stack/install/steering_lookup:/home/misys/forza_ws/race_stack/install/state_machine:/home/misys/forza_ws/race_stack/install/slam_tuner:/home/misys/forza_ws/race_stack/install/state_estimation:/home/misys/forza_ws/race_stack/install/map_editor:/home/misys/forza_ws/race_stack/install/stack_master:/home/misys/forza_ws/race_stack/install/spline_planner:/home/misys/forza_ws/race_stack/install/sector_tuner:/home/misys/forza_ws/race_stack/install/perception:/home/misys/forza_ws/race_stack/install/particle_filter:/home/misys/forza_ws/race_stack/install/opponent_publisher:/home/misys/forza_ws/race_stack/install/mouse_teleop:/home/misys/forza_ws/race_stack/install/lap_analyser:/home/misys/forza_ws/race_stack/install/key_teleop:/home/misys/forza_ws/race_stack/install/id_controller:/home/misys/forza_ws/race_stack/install/global_planner:/home/misys/forza_ws/race_stack/install/frenet_odom_republisher:/home/misys/forza_ws/race_stack/install/frenet_conversion:/home/misys/forza_ws/race_stack/install/f1tenth_gym_ros:/home/misys/forza_ws/race_stack/install/controller:/opt/ros/humble /usr/bin/cmake --build /home/misys/forza_ws/race_stack/build/urg_node2 -- -j6 -l6
[1.033s] [ 10%] Built target gtest
[1.034s] [ 20%] Built target urg_node2_node
[1.058s] [ 70%] Built target urg_c
[1.059s] [ 75%] Built target gtest_main
[1.135s] [ 90%] Built target urg_node2_test
[1.139s] [100%] Built target urg_node2
[2.494s] Invoked command in '/home/misys/forza_ws/race_stack/build/urg_node2' returned '0': CMAKE_PREFIX_PATH=${CMAKE_PREFIX_PATH}:/home/misys/forza_ws/race_stack/install/f1tenth_stack:/home/misys/forza_ws/race_stack/install/joy_teleop:/home/misys/forza_ws/race_stack/install/steering_lookup:/home/misys/forza_ws/race_stack/install/state_machine:/home/misys/forza_ws/race_stack/install/slam_tuner:/home/misys/forza_ws/race_stack/install/state_estimation:/home/misys/forza_ws/race_stack/install/map_editor:/home/misys/forza_ws/race_stack/install/stack_master:/home/misys/forza_ws/race_stack/install/spline_planner:/home/misys/forza_ws/race_stack/install/sector_tuner:/home/misys/forza_ws/race_stack/install/perception:/home/misys/forza_ws/race_stack/install/particle_filter:/home/misys/forza_ws/race_stack/install/opponent_publisher:/home/misys/forza_ws/race_stack/install/mouse_teleop:/home/misys/forza_ws/race_stack/install/lap_analyser:/home/misys/forza_ws/race_stack/install/key_teleop:/home/misys/forza_ws/race_stack/install/id_controller:/home/misys/forza_ws/race_stack/install/global_planner:/home/misys/forza_ws/race_stack/install/frenet_odom_republisher:/home/misys/forza_ws/race_stack/install/frenet_conversion:/home/misys/forza_ws/race_stack/install/f1tenth_gym_ros:/home/misys/forza_ws/race_stack/install/controller:/opt/ros/humble /usr/bin/cmake --build /home/misys/forza_ws/race_stack/build/urg_node2 -- -j6 -l6
[2.500s] Invoking command in '/home/misys/forza_ws/race_stack/build/urg_node2': CMAKE_PREFIX_PATH=${CMAKE_PREFIX_PATH}:/home/misys/forza_ws/race_stack/install/f1tenth_stack:/home/misys/forza_ws/race_stack/install/joy_teleop:/home/misys/forza_ws/race_stack/install/steering_lookup:/home/misys/forza_ws/race_stack/install/state_machine:/home/misys/forza_ws/race_stack/install/slam_tuner:/home/misys/forza_ws/race_stack/install/state_estimation:/home/misys/forza_ws/race_stack/install/map_editor:/home/misys/forza_ws/race_stack/install/stack_master:/home/misys/forza_ws/race_stack/install/spline_planner:/home/misys/forza_ws/race_stack/install/sector_tuner:/home/misys/forza_ws/race_stack/install/perception:/home/misys/forza_ws/race_stack/install/particle_filter:/home/misys/forza_ws/race_stack/install/opponent_publisher:/home/misys/forza_ws/race_stack/install/mouse_teleop:/home/misys/forza_ws/race_stack/install/lap_analyser:/home/misys/forza_ws/race_stack/install/key_teleop:/home/misys/forza_ws/race_stack/install/id_controller:/home/misys/forza_ws/race_stack/install/global_planner:/home/misys/forza_ws/race_stack/install/frenet_odom_republisher:/home/misys/forza_ws/race_stack/install/frenet_conversion:/home/misys/forza_ws/race_stack/install/f1tenth_gym_ros:/home/misys/forza_ws/race_stack/install/controller:/opt/ros/humble /usr/bin/cmake --install /home/misys/forza_ws/race_stack/build/urg_node2
[3.236s] -- Install configuration: ""
[3.237s] -- Up-to-date: /home/misys/forza_ws/race_stack/install/urg_node2/lib/urg_node2/urg_node2_node
[3.238s] -- Up-to-date: /home/misys/forza_ws/race_stack/install/urg_node2/lib/liburg_node2.so
[3.239s] -- Up-to-date: /home/misys/forza_ws/race_stack/install/urg_node2/lib/liburg_c.so
[3.239s] -- Up-to-date: /home/misys/forza_ws/race_stack/install/urg_node2/share/urg_node2/launch
[3.239s] -- Up-to-date: /home/misys/forza_ws/race_stack/install/urg_node2/share/urg_node2/launch/urg_node2_component.launch.py
[3.240s] -- Up-to-date: /home/misys/forza_ws/race_stack/install/urg_node2/share/urg_node2/launch/urg_node2_2lidar.launch.py
[3.241s] -- Up-to-date: /home/misys/forza_ws/race_stack/install/urg_node2/share/urg_node2/launch/urg_node2.launch.py
[3.241s] -- Up-to-date: /home/misys/forza_ws/race_stack/install/urg_node2/share/urg_node2/config
[3.242s] -- Up-to-date: /home/misys/forza_ws/race_stack/install/urg_node2/share/urg_node2/config/params_ether.yaml
[3.242s] -- Up-to-date: /home/misys/forza_ws/race_stack/install/urg_node2/share/urg_node2/config/params_serial.yaml
[3.242s] -- Up-to-date: /home/misys/forza_ws/race_stack/install/urg_node2/share/urg_node2/config/params_ether_2nd.yaml
[3.243s] -- Up-to-date: /home/misys/forza_ws/race_stack/install/urg_node2/share/ament_index/resource_index/package_run_dependencies/urg_node2
[3.244s] -- Up-to-date: /home/misys/forza_ws/race_stack/install/urg_node2/share/ament_index/resource_index/parent_prefix_path/urg_node2
[3.245s] -- Up-to-date: /home/misys/forza_ws/race_stack/install/urg_node2/share/urg_node2/environment/ament_prefix_path.sh
[3.245s] -- Up-to-date: /home/misys/forza_ws/race_stack/install/urg_node2/share/urg_node2/environment/ament_prefix_path.dsv
[3.246s] -- Up-to-date: /home/misys/forza_ws/race_stack/install/urg_node2/share/urg_node2/environment/path.sh
[3.246s] -- Up-to-date: /home/misys/forza_ws/race_stack/install/urg_node2/share/urg_node2/environment/path.dsv
[3.246s] -- Up-to-date: /home/misys/forza_ws/race_stack/install/urg_node2/share/urg_node2/local_setup.bash
[3.246s] -- Up-to-date: /home/misys/forza_ws/race_stack/install/urg_node2/share/urg_node2/local_setup.sh
[3.246s] -- Up-to-date: /home/misys/forza_ws/race_stack/install/urg_node2/share/urg_node2/local_setup.zsh
[3.246s] -- Up-to-date: /home/misys/forza_ws/race_stack/install/urg_node2/share/urg_node2/local_setup.dsv
[3.246s] -- Installing: /home/misys/forza_ws/race_stack/install/urg_node2/share/urg_node2/package.dsv
[3.246s] -- Up-to-date: /home/misys/forza_ws/race_stack/install/urg_node2/share/ament_index/resource_index/packages/urg_node2
[3.247s] -- Up-to-date: /home/misys/forza_ws/race_stack/install/urg_node2/share/ament_index/resource_index/rclcpp_components/urg_node2
[3.247s] -- Up-to-date: /home/misys/forza_ws/race_stack/install/urg_node2/share/urg_node2/cmake/urg_node2Config.cmake
[3.247s] -- Up-to-date: /home/misys/forza_ws/race_stack/install/urg_node2/share/urg_node2/cmake/urg_node2Config-version.cmake
[3.247s] -- Up-to-date: /home/misys/forza_ws/race_stack/install/urg_node2/share/urg_node2/package.xml
[3.255s] Invoked command in '/home/misys/forza_ws/race_stack/build/urg_node2' returned '0': CMAKE_PREFIX_PATH=${CMAKE_PREFIX_PATH}:/home/misys/forza_ws/race_stack/install/f1tenth_stack:/home/misys/forza_ws/race_stack/install/joy_teleop:/home/misys/forza_ws/race_stack/install/steering_lookup:/home/misys/forza_ws/race_stack/install/state_machine:/home/misys/forza_ws/race_stack/install/slam_tuner:/home/misys/forza_ws/race_stack/install/state_estimation:/home/misys/forza_ws/race_stack/install/map_editor:/home/misys/forza_ws/race_stack/install/stack_master:/home/misys/forza_ws/race_stack/install/spline_planner:/home/misys/forza_ws/race_stack/install/sector_tuner:/home/misys/forza_ws/race_stack/install/perception:/home/misys/forza_ws/race_stack/install/particle_filter:/home/misys/forza_ws/race_stack/install/opponent_publisher:/home/misys/forza_ws/race_stack/install/mouse_teleop:/home/misys/forza_ws/race_stack/install/lap_analyser:/home/misys/forza_ws/race_stack/install/key_teleop:/home/misys/forza_ws/race_stack/install/id_controller:/home/misys/forza_ws/race_stack/install/global_planner:/home/misys/forza_ws/race_stack/install/frenet_odom_republisher:/home/misys/forza_ws/race_stack/install/frenet_conversion:/home/misys/forza_ws/race_stack/install/f1tenth_gym_ros:/home/misys/forza_ws/race_stack/install/controller:/opt/ros/humble /usr/bin/cmake --install /home/misys/forza_ws/race_stack/build/urg_node2
