[3.619s] Invoking command in '/home/misys/forza_ws/race_stack/state_machine': PYTHONPATH=/home/misys/forza_ws/race_stack/build/state_machine/prefix_override:/usr/lib/python3/dist-packages/colcon_core/task/python/colcon_distutils_commands:/home/misys/forza_ws/race_stack/install/state_machine/lib/python3.10/site-packages:${PYTHONPATH} /usr/bin/python3 -W ignore:setup.py install is deprecated -W ignore:easy_install command is deprecated setup.py egg_info --egg-base ../build/state_machine build --build-base /home/misys/forza_ws/race_stack/build/state_machine/build install --record /home/misys/forza_ws/race_stack/build/state_machine/install.log --single-version-externally-managed install_data
[4.347s] running egg_info
[4.350s] writing ../build/state_machine/state_machine.egg-info/PKG-INFO
[4.352s] writing dependency_links to ../build/state_machine/state_machine.egg-info/dependency_links.txt
[4.353s] writing entry points to ../build/state_machine/state_machine.egg-info/entry_points.txt
[4.354s] writing requirements to ../build/state_machine/state_machine.egg-info/requires.txt
[4.355s] writing top-level names to ../build/state_machine/state_machine.egg-info/top_level.txt
[4.360s] reading manifest file '../build/state_machine/state_machine.egg-info/SOURCES.txt'
[4.361s] adding license file 'LICENSE'
[4.363s] writing manifest file '../build/state_machine/state_machine.egg-info/SOURCES.txt'
[4.365s] running build
[4.365s] running build_py
[4.366s] running install
[4.367s] running install_lib
[4.370s] running install_data
[4.371s] running install_egg_info
[4.375s] removing '/home/misys/forza_ws/race_stack/install/state_machine/lib/python3.10/site-packages/state_machine-0.0.0-py3.10.egg-info' (and everything under it)
[4.376s] Copying ../build/state_machine/state_machine.egg-info to /home/misys/forza_ws/race_stack/install/state_machine/lib/python3.10/site-packages/state_machine-0.0.0-py3.10.egg-info
[4.380s] running install_scripts
[4.425s] Installing state_machine script to /home/misys/forza_ws/race_stack/install/state_machine/lib/state_machine
[4.426s] writing list of installed files to '/home/misys/forza_ws/race_stack/build/state_machine/install.log'
[4.576s] Invoked command in '/home/misys/forza_ws/race_stack/state_machine' returned '0': PYTHONPATH=/home/misys/forza_ws/race_stack/build/state_machine/prefix_override:/usr/lib/python3/dist-packages/colcon_core/task/python/colcon_distutils_commands:/home/misys/forza_ws/race_stack/install/state_machine/lib/python3.10/site-packages:${PYTHONPATH} /usr/bin/python3 -W ignore:setup.py install is deprecated -W ignore:easy_install command is deprecated setup.py egg_info --egg-base ../build/state_machine build --build-base /home/misys/forza_ws/race_stack/build/state_machine/build install --record /home/misys/forza_ws/race_stack/build/state_machine/install.log --single-version-externally-managed install_data
