[3.846s] Invoking command in '/home/misys/forza_ws/race_stack/planner/global_planner': PYTHONPATH=/home/misys/forza_ws/race_stack/build/global_planner/prefix_override:/usr/lib/python3/dist-packages/colcon_core/task/python/colcon_distutils_commands:/home/misys/forza_ws/race_stack/install/global_planner/lib/python3.10/site-packages:${PYTHONPATH} /usr/bin/python3 -W ignore:setup.py install is deprecated -W ignore:easy_install command is deprecated setup.py egg_info --egg-base ../../build/global_planner build --build-base /home/misys/forza_ws/race_stack/build/global_planner/build install --record /home/misys/forza_ws/race_stack/build/global_planner/install.log --single-version-externally-managed install_data
[4.625s] running egg_info
[4.627s] writing ../../build/global_planner/global_planner.egg-info/PKG-INFO
[4.628s] writing dependency_links to ../../build/global_planner/global_planner.egg-info/dependency_links.txt
[4.629s] writing entry points to ../../build/global_planner/global_planner.egg-info/entry_points.txt
[4.630s] writing requirements to ../../build/global_planner/global_planner.egg-info/requires.txt
[4.631s] writing top-level names to ../../build/global_planner/global_planner.egg-info/top_level.txt
[4.637s] reading manifest file '../../build/global_planner/global_planner.egg-info/SOURCES.txt'
[4.638s] adding license file 'LICENSE'
[4.640s] writing manifest file '../../build/global_planner/global_planner.egg-info/SOURCES.txt'
[4.640s] running build
[4.641s] running build_py
[4.642s] running install
[4.643s] running install_lib
[4.648s] running install_data
[4.654s] running install_egg_info
[4.659s] removing '/home/misys/forza_ws/race_stack/install/global_planner/lib/python3.10/site-packages/global_planner-0.0.0-py3.10.egg-info' (and everything under it)
[4.660s] Copying ../../build/global_planner/global_planner.egg-info to /home/misys/forza_ws/race_stack/install/global_planner/lib/python3.10/site-packages/global_planner-0.0.0-py3.10.egg-info
[4.666s] running install_scripts
[4.715s] Installing global_planner script to /home/misys/forza_ws/race_stack/install/global_planner/lib/global_planner
[4.715s] Installing global_trajectory_publisher script to /home/misys/forza_ws/race_stack/install/global_planner/lib/global_planner
[4.716s] writing list of installed files to '/home/misys/forza_ws/race_stack/build/global_planner/install.log'
[5.968s] Invoked command in '/home/misys/forza_ws/race_stack/planner/global_planner' returned '0': PYTHONPATH=/home/misys/forza_ws/race_stack/build/global_planner/prefix_override:/usr/lib/python3/dist-packages/colcon_core/task/python/colcon_distutils_commands:/home/misys/forza_ws/race_stack/install/global_planner/lib/python3.10/site-packages:${PYTHONPATH} /usr/bin/python3 -W ignore:setup.py install is deprecated -W ignore:easy_install command is deprecated setup.py egg_info --egg-base ../../build/global_planner build --build-base /home/misys/forza_ws/race_stack/build/global_planner/build install --record /home/misys/forza_ws/race_stack/build/global_planner/install.log --single-version-externally-managed install_data
