[0.000000] (-) TimerEvent: {}
[0.000219] (-) JobUnselected: {'identifier': 'ackermann_mux'}
[0.000462] (-) JobUnselected: {'identifier': 'controller'}
[0.000922] (-) JobUnselected: {'identifier': 'f110_gym'}
[0.001173] (-) JobUnselected: {'identifier': 'f110_msgs'}
[0.001416] (-) JobUnselected: {'identifier': 'f1tenth_gym_ros'}
[0.001487] (-) JobUnselected: {'identifier': 'f1tenth_stack'}
[0.001638] (-) JobUnselected: {'identifier': 'frenet_conversion'}
[0.001705] (-) JobUnselected: {'identifier': 'frenet_odom_republisher'}
[0.001742] (-) JobUnselected: {'identifier': 'global_planner'}
[0.001775] (-) JobUnselected: {'identifier': 'id_controller'}
[0.001829] (-) JobUnselected: {'identifier': 'joy_teleop'}
[0.001864] (-) JobUnselected: {'identifier': 'key_teleop'}
[0.001912] (-) JobUnselected: {'identifier': 'lap_analyser'}
[0.002256] (-) JobUnselected: {'identifier': 'map_editor'}
[0.002317] (-) JobUnselected: {'identifier': 'mouse_teleop'}
[0.002423] (-) JobUnselected: {'identifier': 'opponent_publisher'}
[0.002479] (-) JobUnselected: {'identifier': 'particle_filter'}
[0.002513] (-) JobUnselected: {'identifier': 'perception'}
[0.002562] (-) JobUnselected: {'identifier': 'sector_tuner'}
[0.002597] (-) JobUnselected: {'identifier': 'slam_toolbox'}
[0.002640] (-) JobUnselected: {'identifier': 'slam_tuner'}
[0.002833] (-) JobUnselected: {'identifier': 'spline_planner'}
[0.002892] (-) JobUnselected: {'identifier': 'state_estimation'}
[0.002987] (-) JobUnselected: {'identifier': 'state_machine'}
[0.003039] (-) JobUnselected: {'identifier': 'steering_lookup'}
[0.003073] (-) JobUnselected: {'identifier': 'teleop_tools'}
[0.003105] (-) JobUnselected: {'identifier': 'teleop_tools_msgs'}
[0.003137] (-) JobUnselected: {'identifier': 'urg_node2'}
[0.003169] (-) JobUnselected: {'identifier': 'vesc'}
[0.003201] (-) JobUnselected: {'identifier': 'vesc_ackermann'}
[0.003503] (-) JobUnselected: {'identifier': 'vesc_driver'}
[0.003583] (-) JobUnselected: {'identifier': 'vesc_msgs'}
[0.003657] (stack_master) JobQueued: {'identifier': 'stack_master', 'dependencies': OrderedDict()}
[0.003726] (stack_master) JobStarted: {'identifier': 'stack_master'}
[0.099337] (-) TimerEvent: {}
[0.199709] (-) TimerEvent: {}
[0.255491] (stack_master) JobEnded: {'identifier': 'stack_master', 'rc': 0}
[0.268400] (-) EventReactorShutdown: {}
