[0.075s] Invoking command in '/home/misys/forza_ws/race_stack/build/ackermann_mux': CMAKE_PREFIX_PATH=${CMAKE_PREFIX_PATH}:/home/misys/forza_ws/race_stack/install/f1tenth_stack:/home/misys/forza_ws/race_stack/install/joy_teleop:/home/misys/forza_ws/race_stack/install/steering_lookup:/home/misys/forza_ws/race_stack/install/state_machine:/home/misys/forza_ws/race_stack/install/slam_tuner:/home/misys/forza_ws/race_stack/install/state_estimation:/home/misys/forza_ws/race_stack/install/map_editor:/home/misys/forza_ws/race_stack/install/stack_master:/home/misys/forza_ws/race_stack/install/spline_planner:/home/misys/forza_ws/race_stack/install/sector_tuner:/home/misys/forza_ws/race_stack/install/perception:/home/misys/forza_ws/race_stack/install/particle_filter:/home/misys/forza_ws/race_stack/install/opponent_publisher:/home/misys/forza_ws/race_stack/install/mouse_teleop:/home/misys/forza_ws/race_stack/install/lap_analyser:/home/misys/forza_ws/race_stack/install/key_teleop:/home/misys/forza_ws/race_stack/install/id_controller:/home/misys/forza_ws/race_stack/install/global_planner:/home/misys/forza_ws/race_stack/install/frenet_odom_republisher:/home/misys/forza_ws/race_stack/install/frenet_conversion:/home/misys/forza_ws/race_stack/install/f1tenth_gym_ros:/home/misys/forza_ws/race_stack/install/controller:/opt/ros/humble /usr/bin/cmake --build /home/misys/forza_ws/race_stack/build/ackermann_mux -- -j6 -l6
[1.004s] [100%] Built target ackermann_mux
[1.813s] Invoked command in '/home/misys/forza_ws/race_stack/build/ackermann_mux' returned '0': CMAKE_PREFIX_PATH=${CMAKE_PREFIX_PATH}:/home/misys/forza_ws/race_stack/install/f1tenth_stack:/home/misys/forza_ws/race_stack/install/joy_teleop:/home/misys/forza_ws/race_stack/install/steering_lookup:/home/misys/forza_ws/race_stack/install/state_machine:/home/misys/forza_ws/race_stack/install/slam_tuner:/home/misys/forza_ws/race_stack/install/state_estimation:/home/misys/forza_ws/race_stack/install/map_editor:/home/misys/forza_ws/race_stack/install/stack_master:/home/misys/forza_ws/race_stack/install/spline_planner:/home/misys/forza_ws/race_stack/install/sector_tuner:/home/misys/forza_ws/race_stack/install/perception:/home/misys/forza_ws/race_stack/install/particle_filter:/home/misys/forza_ws/race_stack/install/opponent_publisher:/home/misys/forza_ws/race_stack/install/mouse_teleop:/home/misys/forza_ws/race_stack/install/lap_analyser:/home/misys/forza_ws/race_stack/install/key_teleop:/home/misys/forza_ws/race_stack/install/id_controller:/home/misys/forza_ws/race_stack/install/global_planner:/home/misys/forza_ws/race_stack/install/frenet_odom_republisher:/home/misys/forza_ws/race_stack/install/frenet_conversion:/home/misys/forza_ws/race_stack/install/f1tenth_gym_ros:/home/misys/forza_ws/race_stack/install/controller:/opt/ros/humble /usr/bin/cmake --build /home/misys/forza_ws/race_stack/build/ackermann_mux -- -j6 -l6
[1.840s] Invoking command in '/home/misys/forza_ws/race_stack/build/ackermann_mux': CMAKE_PREFIX_PATH=${CMAKE_PREFIX_PATH}:/home/misys/forza_ws/race_stack/install/f1tenth_stack:/home/misys/forza_ws/race_stack/install/joy_teleop:/home/misys/forza_ws/race_stack/install/steering_lookup:/home/misys/forza_ws/race_stack/install/state_machine:/home/misys/forza_ws/race_stack/install/slam_tuner:/home/misys/forza_ws/race_stack/install/state_estimation:/home/misys/forza_ws/race_stack/install/map_editor:/home/misys/forza_ws/race_stack/install/stack_master:/home/misys/forza_ws/race_stack/install/spline_planner:/home/misys/forza_ws/race_stack/install/sector_tuner:/home/misys/forza_ws/race_stack/install/perception:/home/misys/forza_ws/race_stack/install/particle_filter:/home/misys/forza_ws/race_stack/install/opponent_publisher:/home/misys/forza_ws/race_stack/install/mouse_teleop:/home/misys/forza_ws/race_stack/install/lap_analyser:/home/misys/forza_ws/race_stack/install/key_teleop:/home/misys/forza_ws/race_stack/install/id_controller:/home/misys/forza_ws/race_stack/install/global_planner:/home/misys/forza_ws/race_stack/install/frenet_odom_republisher:/home/misys/forza_ws/race_stack/install/frenet_conversion:/home/misys/forza_ws/race_stack/install/f1tenth_gym_ros:/home/misys/forza_ws/race_stack/install/controller:/opt/ros/humble /usr/bin/cmake --install /home/misys/forza_ws/race_stack/build/ackermann_mux
[1.860s] -- Install configuration: ""
[1.860s] -- Up-to-date: /home/misys/forza_ws/race_stack/install/ackermann_mux/lib/ackermann_mux/ackermann_mux
[1.861s] -- Up-to-date: /home/misys/forza_ws/race_stack/install/ackermann_mux/share/ackermann_mux/launch
[1.861s] -- Up-to-date: /home/misys/forza_ws/race_stack/install/ackermann_mux/share/ackermann_mux/launch/ackermann_mux_launch.py
[1.861s] -- Up-to-date: /home/misys/forza_ws/race_stack/install/ackermann_mux/share/ackermann_mux/config
[1.861s] -- Up-to-date: /home/misys/forza_ws/race_stack/install/ackermann_mux/share/ackermann_mux/config/ackermann_mux_topics.yaml
[1.861s] -- Up-to-date: /home/misys/forza_ws/race_stack/install/ackermann_mux/share/ackermann_mux/config/joystick.yaml
[1.862s] -- Up-to-date: /home/misys/forza_ws/race_stack/install/ackermann_mux/share/ackermann_mux/config/ackermann_mux_locks.yaml
[1.862s] -- Up-to-date: /home/misys/forza_ws/race_stack/install/ackermann_mux/include
[1.862s] -- Up-to-date: /home/misys/forza_ws/race_stack/install/ackermann_mux/include/ackermann_mux
[1.862s] -- Up-to-date: /home/misys/forza_ws/race_stack/install/ackermann_mux/include/ackermann_mux/params_helpers.hpp
[1.862s] -- Up-to-date: /home/misys/forza_ws/race_stack/install/ackermann_mux/include/ackermann_mux/topic_handle.hpp
[1.862s] -- Up-to-date: /home/misys/forza_ws/race_stack/install/ackermann_mux/include/ackermann_mux/ackermann_mux_diagnostics_status.hpp
[1.863s] -- Up-to-date: /home/misys/forza_ws/race_stack/install/ackermann_mux/include/ackermann_mux/utils.hpp
[1.863s] -- Up-to-date: /home/misys/forza_ws/race_stack/install/ackermann_mux/include/ackermann_mux/ackermann_mux.hpp
[1.863s] -- Up-to-date: /home/misys/forza_ws/race_stack/install/ackermann_mux/include/ackermann_mux/ackermann_mux_diagnostics.hpp
[1.863s] -- Up-to-date: /home/misys/forza_ws/race_stack/install/ackermann_mux/share/ament_index/resource_index/package_run_dependencies/ackermann_mux
[1.864s] -- Up-to-date: /home/misys/forza_ws/race_stack/install/ackermann_mux/share/ament_index/resource_index/parent_prefix_path/ackermann_mux
[1.864s] -- Up-to-date: /home/misys/forza_ws/race_stack/install/ackermann_mux/share/ackermann_mux/environment/ament_prefix_path.sh
[1.864s] -- Up-to-date: /home/misys/forza_ws/race_stack/install/ackermann_mux/share/ackermann_mux/environment/ament_prefix_path.dsv
[1.864s] -- Up-to-date: /home/misys/forza_ws/race_stack/install/ackermann_mux/share/ackermann_mux/environment/path.sh
[1.864s] -- Up-to-date: /home/misys/forza_ws/race_stack/install/ackermann_mux/share/ackermann_mux/environment/path.dsv
[1.864s] -- Up-to-date: /home/misys/forza_ws/race_stack/install/ackermann_mux/share/ackermann_mux/local_setup.bash
[1.865s] -- Up-to-date: /home/misys/forza_ws/race_stack/install/ackermann_mux/share/ackermann_mux/local_setup.sh
[1.865s] -- Up-to-date: /home/misys/forza_ws/race_stack/install/ackermann_mux/share/ackermann_mux/local_setup.zsh
[1.865s] -- Up-to-date: /home/misys/forza_ws/race_stack/install/ackermann_mux/share/ackermann_mux/local_setup.dsv
[1.865s] -- Installing: /home/misys/forza_ws/race_stack/install/ackermann_mux/share/ackermann_mux/package.dsv
[1.865s] -- Up-to-date: /home/misys/forza_ws/race_stack/install/ackermann_mux/share/ament_index/resource_index/packages/ackermann_mux
[1.865s] -- Up-to-date: /home/misys/forza_ws/race_stack/install/ackermann_mux/share/ackermann_mux/cmake/ament_cmake_export_include_directories-extras.cmake
[1.866s] -- Up-to-date: /home/misys/forza_ws/race_stack/install/ackermann_mux/share/ackermann_mux/cmake/ament_cmake_export_dependencies-extras.cmake
[1.866s] -- Up-to-date: /home/misys/forza_ws/race_stack/install/ackermann_mux/share/ackermann_mux/cmake/ackermann_muxConfig.cmake
[1.866s] -- Up-to-date: /home/misys/forza_ws/race_stack/install/ackermann_mux/share/ackermann_mux/cmake/ackermann_muxConfig-version.cmake
[1.866s] -- Up-to-date: /home/misys/forza_ws/race_stack/install/ackermann_mux/share/ackermann_mux/package.xml
[1.943s] Invoked command in '/home/misys/forza_ws/race_stack/build/ackermann_mux' returned '0': CMAKE_PREFIX_PATH=${CMAKE_PREFIX_PATH}:/home/misys/forza_ws/race_stack/install/f1tenth_stack:/home/misys/forza_ws/race_stack/install/joy_teleop:/home/misys/forza_ws/race_stack/install/steering_lookup:/home/misys/forza_ws/race_stack/install/state_machine:/home/misys/forza_ws/race_stack/install/slam_tuner:/home/misys/forza_ws/race_stack/install/state_estimation:/home/misys/forza_ws/race_stack/install/map_editor:/home/misys/forza_ws/race_stack/install/stack_master:/home/misys/forza_ws/race_stack/install/spline_planner:/home/misys/forza_ws/race_stack/install/sector_tuner:/home/misys/forza_ws/race_stack/install/perception:/home/misys/forza_ws/race_stack/install/particle_filter:/home/misys/forza_ws/race_stack/install/opponent_publisher:/home/misys/forza_ws/race_stack/install/mouse_teleop:/home/misys/forza_ws/race_stack/install/lap_analyser:/home/misys/forza_ws/race_stack/install/key_teleop:/home/misys/forza_ws/race_stack/install/id_controller:/home/misys/forza_ws/race_stack/install/global_planner:/home/misys/forza_ws/race_stack/install/frenet_odom_republisher:/home/misys/forza_ws/race_stack/install/frenet_conversion:/home/misys/forza_ws/race_stack/install/f1tenth_gym_ros:/home/misys/forza_ws/race_stack/install/controller:/opt/ros/humble /usr/bin/cmake --install /home/misys/forza_ws/race_stack/build/ackermann_mux
