[10.312s] Invoking command in '/home/misys/forza_ws/race_stack/utilities/nodes/lap_analyser': PYTHONPATH=/home/misys/forza_ws/race_stack/build/lap_analyser/prefix_override:/usr/lib/python3/dist-packages/colcon_core/task/python/colcon_distutils_commands:/home/misys/forza_ws/race_stack/install/lap_analyser/lib/python3.10/site-packages:${PYTHONPATH} /usr/bin/python3 -W ignore:setup.py install is deprecated -W ignore:easy_install command is deprecated setup.py egg_info --egg-base ../../../build/lap_analyser build --build-base /home/misys/forza_ws/race_stack/build/lap_analyser/build install --record /home/misys/forza_ws/race_stack/build/lap_analyser/install.log --single-version-externally-managed install_data
[12.436s] running egg_info
[12.442s] writing ../../../build/lap_analyser/lap_analyser.egg-info/PKG-INFO
[12.444s] writing dependency_links to ../../../build/lap_analyser/lap_analyser.egg-info/dependency_links.txt
[12.444s] writing entry points to ../../../build/lap_analyser/lap_analyser.egg-info/entry_points.txt
[12.444s] writing requirements to ../../../build/lap_analyser/lap_analyser.egg-info/requires.txt
[12.445s] writing top-level names to ../../../build/lap_analyser/lap_analyser.egg-info/top_level.txt
[12.453s] reading manifest file '../../../build/lap_analyser/lap_analyser.egg-info/SOURCES.txt'
[12.453s] adding license file 'LICENSE'
[12.457s] writing manifest file '../../../build/lap_analyser/lap_analyser.egg-info/SOURCES.txt'
[12.457s] running build
[12.458s] running build_py
[12.458s] running install
[12.459s] running install_lib
[12.468s] running install_data
[12.468s] running install_egg_info
[12.481s] removing '/home/misys/forza_ws/race_stack/install/lap_analyser/lib/python3.10/site-packages/lap_analyser-0.0.0-py3.10.egg-info' (and everything under it)
[12.495s] Copying ../../../build/lap_analyser/lap_analyser.egg-info to /home/misys/forza_ws/race_stack/install/lap_analyser/lib/python3.10/site-packages/lap_analyser-0.0.0-py3.10.egg-info
[12.495s] running install_scripts
[12.599s] Installing lap_analyser script to /home/misys/forza_ws/race_stack/install/lap_analyser/lib/lap_analyser
[12.600s] writing list of installed files to '/home/misys/forza_ws/race_stack/build/lap_analyser/install.log'
[14.836s] Invoked command in '/home/misys/forza_ws/race_stack/utilities/nodes/lap_analyser' returned '0': PYTHONPATH=/home/misys/forza_ws/race_stack/build/lap_analyser/prefix_override:/usr/lib/python3/dist-packages/colcon_core/task/python/colcon_distutils_commands:/home/misys/forza_ws/race_stack/install/lap_analyser/lib/python3.10/site-packages:${PYTHONPATH} /usr/bin/python3 -W ignore:setup.py install is deprecated -W ignore:easy_install command is deprecated setup.py egg_info --egg-base ../../../build/lap_analyser build --build-base /home/misys/forza_ws/race_stack/build/lap_analyser/build install --record /home/misys/forza_ws/race_stack/build/lap_analyser/install.log --single-version-externally-managed install_data
