[2.712s] Invoking command in '/home/misys/forza_ws/race_stack/stack_master': PYTHONPATH=/home/misys/forza_ws/race_stack/build/stack_master/prefix_override:/usr/lib/python3/dist-packages/colcon_core/task/python/colcon_distutils_commands:/home/misys/forza_ws/race_stack/install/stack_master/lib/python3.10/site-packages:${PYTHONPATH} /usr/bin/python3 -W ignore:setup.py install is deprecated -W ignore:easy_install command is deprecated setup.py egg_info --egg-base ../build/stack_master build --build-base /home/misys/forza_ws/race_stack/build/stack_master/build install --record /home/misys/forza_ws/race_stack/build/stack_master/install.log --single-version-externally-managed install_data
[3.696s] running egg_info
[3.699s] writing ../build/stack_master/stack_master.egg-info/PKG-INFO
[3.700s] writing dependency_links to ../build/stack_master/stack_master.egg-info/dependency_links.txt
[3.701s] writing entry points to ../build/stack_master/stack_master.egg-info/entry_points.txt
[3.701s] writing requirements to ../build/stack_master/stack_master.egg-info/requires.txt
[3.701s] writing top-level names to ../build/stack_master/stack_master.egg-info/top_level.txt
[3.709s] reading manifest file '../build/stack_master/stack_master.egg-info/SOURCES.txt'
[3.709s] adding license file 'LICENSE'
[3.716s] writing manifest file '../build/stack_master/stack_master.egg-info/SOURCES.txt'
[3.716s] running build
[3.716s] running build_py
[3.716s] running install
[3.716s] running install_lib
[3.720s] running install_data
[3.721s] copying config/NUC2/l1_params.yaml -> /home/misys/forza_ws/race_stack/install/stack_master/share/stack_master/config/NUC2
[3.729s] running install_egg_info
[3.735s] removing '/home/misys/forza_ws/race_stack/install/stack_master/lib/python3.10/site-packages/stack_master-0.0.0-py3.10.egg-info' (and everything under it)
[3.741s] Copying ../build/stack_master/stack_master.egg-info to /home/misys/forza_ws/race_stack/install/stack_master/lib/python3.10/site-packages/stack_master-0.0.0-py3.10.egg-info
[3.742s] running install_scripts
[3.792s] Installing global_parameter_node script to /home/misys/forza_ws/race_stack/install/stack_master/lib/stack_master
[3.793s] writing list of installed files to '/home/misys/forza_ws/race_stack/build/stack_master/install.log'
[4.656s] Invoked command in '/home/misys/forza_ws/race_stack/stack_master' returned '0': PYTHONPATH=/home/misys/forza_ws/race_stack/build/stack_master/prefix_override:/usr/lib/python3/dist-packages/colcon_core/task/python/colcon_distutils_commands:/home/misys/forza_ws/race_stack/install/stack_master/lib/python3.10/site-packages:${PYTHONPATH} /usr/bin/python3 -W ignore:setup.py install is deprecated -W ignore:easy_install command is deprecated setup.py egg_info --egg-base ../build/stack_master build --build-base /home/misys/forza_ws/race_stack/build/stack_master/build install --record /home/misys/forza_ws/race_stack/build/stack_master/install.log --single-version-externally-managed install_data
