[0.122s] Invoking command in '/home/misys/forza_ws/race_stack/build/slam_toolbox': CMAKE_PREFIX_PATH=${CMAKE_PREFIX_PATH}:/home/misys/forza_ws/race_stack/install/f1tenth_stack:/home/misys/forza_ws/race_stack/install/joy_teleop:/home/misys/forza_ws/race_stack/install/steering_lookup:/home/misys/forza_ws/race_stack/install/state_machine:/home/misys/forza_ws/race_stack/install/slam_tuner:/home/misys/forza_ws/race_stack/install/state_estimation:/home/misys/forza_ws/race_stack/install/map_editor:/home/misys/forza_ws/race_stack/install/stack_master:/home/misys/forza_ws/race_stack/install/spline_planner:/home/misys/forza_ws/race_stack/install/sector_tuner:/home/misys/forza_ws/race_stack/install/perception:/home/misys/forza_ws/race_stack/install/particle_filter:/home/misys/forza_ws/race_stack/install/opponent_publisher:/home/misys/forza_ws/race_stack/install/mouse_teleop:/home/misys/forza_ws/race_stack/install/lap_analyser:/home/misys/forza_ws/race_stack/install/key_teleop:/home/misys/forza_ws/race_stack/install/id_controller:/home/misys/forza_ws/race_stack/install/global_planner:/home/misys/forza_ws/race_stack/install/frenet_odom_republisher:/home/misys/forza_ws/race_stack/install/frenet_conversion:/home/misys/forza_ws/race_stack/install/f1tenth_gym_ros:/home/misys/forza_ws/race_stack/install/controller:/opt/ros/humble /usr/bin/cmake --build /home/misys/forza_ws/race_stack/build/slam_toolbox -- -j6 -l6
[2.260s] [  1%] Built target slam_toolbox__cpp
[2.260s] [  3%] Built target kartoSlamToolbox
[2.260s] [ 11%] Built target slam_toolbox__rosidl_typesupport_introspection_cpp
[2.261s] [ 20%] Built target slam_toolbox__rosidl_typesupport_fastrtps_cpp
[2.261s] [ 28%] Built target slam_toolbox__rosidl_typesupport_cpp
[2.261s] [ 28%] Built target ament_cmake_python_copy_slam_toolbox
[2.367s] [ 33%] Built target toolbox_common
[4.690s] running egg_info
[4.690s] writing slam_toolbox.egg-info/PKG-INFO
[4.691s] writing dependency_links to slam_toolbox.egg-info/dependency_links.txt
[4.694s] writing top-level names to slam_toolbox.egg-info/top_level.txt
[4.721s] reading manifest file 'slam_toolbox.egg-info/SOURCES.txt'
[4.731s] writing manifest file 'slam_toolbox.egg-info/SOURCES.txt'
[4.995s] [ 33%] Built target ament_cmake_python_build_slam_toolbox_egg
[5.371s] [ 35%] Built target sync_slam_toolbox
[5.746s] [ 36%] Built target localization_slam_toolbox
[6.013s] [ 37%] Built target lifelong_slam_toolbox
[6.299s] [ 39%] Built target merge_maps_kinematic
[6.708s] [ 40%] Built target sync_slam_toolbox_node
[7.237s] [ 42%] Built target localization_slam_toolbox_node
[7.751s] [ 44%] Built target lifelong_slam_toolbox_node
[8.005s] [ 45%] Built target map_and_localization_slam_toolbox
[8.399s] [ 47%] Built target async_slam_toolbox
[8.842s] [ 48%] Built target map_and_localization_slam_toolbox_node
[9.232s] [ 49%] Built target async_slam_toolbox_node
[9.591s] [ 51%] Built target ceres_solver_plugin
[9.966s] [ 53%] Built target SlamToolboxPlugin
[10.189s] [ 62%] Built target slam_toolbox__rosidl_generator_c
[10.603s] [ 71%] Built target slam_toolbox__rosidl_typesupport_fastrtps_c
[10.891s] [ 79%] Built target slam_toolbox__rosidl_typesupport_c
[11.146s] [ 87%] Built target slam_toolbox__rosidl_typesupport_introspection_c
[11.286s] [ 87%] Built target slam_toolbox
[11.435s] [ 87%] Built target slam_toolbox__py
[11.629s] [ 95%] Built target slam_toolbox__rosidl_generator_py
[11.788s] [ 96%] Built target slam_toolbox__rosidl_typesupport_fastrtps_c__pyext
[11.978s] [ 98%] Built target slam_toolbox__rosidl_typesupport_c__pyext
[12.187s] [100%] Built target slam_toolbox__rosidl_typesupport_introspection_c__pyext
[12.333s] Invoked command in '/home/misys/forza_ws/race_stack/build/slam_toolbox' returned '0': CMAKE_PREFIX_PATH=${CMAKE_PREFIX_PATH}:/home/misys/forza_ws/race_stack/install/f1tenth_stack:/home/misys/forza_ws/race_stack/install/joy_teleop:/home/misys/forza_ws/race_stack/install/steering_lookup:/home/misys/forza_ws/race_stack/install/state_machine:/home/misys/forza_ws/race_stack/install/slam_tuner:/home/misys/forza_ws/race_stack/install/state_estimation:/home/misys/forza_ws/race_stack/install/map_editor:/home/misys/forza_ws/race_stack/install/stack_master:/home/misys/forza_ws/race_stack/install/spline_planner:/home/misys/forza_ws/race_stack/install/sector_tuner:/home/misys/forza_ws/race_stack/install/perception:/home/misys/forza_ws/race_stack/install/particle_filter:/home/misys/forza_ws/race_stack/install/opponent_publisher:/home/misys/forza_ws/race_stack/install/mouse_teleop:/home/misys/forza_ws/race_stack/install/lap_analyser:/home/misys/forza_ws/race_stack/install/key_teleop:/home/misys/forza_ws/race_stack/install/id_controller:/home/misys/forza_ws/race_stack/install/global_planner:/home/misys/forza_ws/race_stack/install/frenet_odom_republisher:/home/misys/forza_ws/race_stack/install/frenet_conversion:/home/misys/forza_ws/race_stack/install/f1tenth_gym_ros:/home/misys/forza_ws/race_stack/install/controller:/opt/ros/humble /usr/bin/cmake --build /home/misys/forza_ws/race_stack/build/slam_toolbox -- -j6 -l6
[12.356s] Invoking command in '/home/misys/forza_ws/race_stack/build/slam_toolbox': CMAKE_PREFIX_PATH=${CMAKE_PREFIX_PATH}:/home/misys/forza_ws/race_stack/install/f1tenth_stack:/home/misys/forza_ws/race_stack/install/joy_teleop:/home/misys/forza_ws/race_stack/install/steering_lookup:/home/misys/forza_ws/race_stack/install/state_machine:/home/misys/forza_ws/race_stack/install/slam_tuner:/home/misys/forza_ws/race_stack/install/state_estimation:/home/misys/forza_ws/race_stack/install/map_editor:/home/misys/forza_ws/race_stack/install/stack_master:/home/misys/forza_ws/race_stack/install/spline_planner:/home/misys/forza_ws/race_stack/install/sector_tuner:/home/misys/forza_ws/race_stack/install/perception:/home/misys/forza_ws/race_stack/install/particle_filter:/home/misys/forza_ws/race_stack/install/opponent_publisher:/home/misys/forza_ws/race_stack/install/mouse_teleop:/home/misys/forza_ws/race_stack/install/lap_analyser:/home/misys/forza_ws/race_stack/install/key_teleop:/home/misys/forza_ws/race_stack/install/id_controller:/home/misys/forza_ws/race_stack/install/global_planner:/home/misys/forza_ws/race_stack/install/frenet_odom_republisher:/home/misys/forza_ws/race_stack/install/frenet_conversion:/home/misys/forza_ws/race_stack/install/f1tenth_gym_ros:/home/misys/forza_ws/race_stack/install/controller:/opt/ros/humble /usr/bin/cmake --install /home/misys/forza_ws/race_stack/build/slam_toolbox
[12.437s] -- Install configuration: "Release"
[12.438s] -- Up-to-date: /home/misys/forza_ws/race_stack/install/slam_toolbox/share/ament_index/resource_index/rosidl_interfaces/slam_toolbox
[12.438s] -- Up-to-date: /home/misys/forza_ws/race_stack/install/slam_toolbox/include/slam_toolbox/slam_toolbox
[12.438s] -- Up-to-date: /home/misys/forza_ws/race_stack/install/slam_toolbox/include/slam_toolbox/slam_toolbox/msg
[12.439s] -- Up-to-date: /home/misys/forza_ws/race_stack/install/slam_toolbox/include/slam_toolbox/slam_toolbox/msg/rosidl_generator_c__visibility_control.h
[12.439s] -- Up-to-date: /home/misys/forza_ws/race_stack/install/slam_toolbox/include/slam_toolbox/slam_toolbox/srv
[12.446s] -- Up-to-date: /home/misys/forza_ws/race_stack/install/slam_toolbox/include/slam_toolbox/slam_toolbox/srv/toggle_interactive.h
[12.446s] -- Up-to-date: /home/misys/forza_ws/race_stack/install/slam_toolbox/include/slam_toolbox/slam_toolbox/srv/loop_closure.h
[12.446s] -- Up-to-date: /home/misys/forza_ws/race_stack/install/slam_toolbox/include/slam_toolbox/slam_toolbox/srv/detail
[12.447s] -- Up-to-date: /home/misys/forza_ws/race_stack/install/slam_toolbox/include/slam_toolbox/slam_toolbox/srv/detail/add_submap__struct.h
[12.447s] -- Up-to-date: /home/misys/forza_ws/race_stack/install/slam_toolbox/include/slam_toolbox/slam_toolbox/srv/detail/toggle_interactive__functions.h
[12.447s] -- Up-to-date: /home/misys/forza_ws/race_stack/install/slam_toolbox/include/slam_toolbox/slam_toolbox/srv/detail/pause__functions.h
[12.447s] -- Up-to-date: /home/misys/forza_ws/race_stack/install/slam_toolbox/include/slam_toolbox/slam_toolbox/srv/detail/serialize_pose_graph__functions.h
[12.448s] -- Up-to-date: /home/misys/forza_ws/race_stack/install/slam_toolbox/include/slam_toolbox/slam_toolbox/srv/detail/add_submap__functions.c
[12.448s] -- Up-to-date: /home/misys/forza_ws/race_stack/install/slam_toolbox/include/slam_toolbox/slam_toolbox/srv/detail/serialize_pose_graph__functions.c
[12.448s] -- Up-to-date: /home/misys/forza_ws/race_stack/install/slam_toolbox/include/slam_toolbox/slam_toolbox/srv/detail/clear_queue__struct.h
[12.448s] -- Up-to-date: /home/misys/forza_ws/race_stack/install/slam_toolbox/include/slam_toolbox/slam_toolbox/srv/detail/deserialize_pose_graph__struct.h
[12.448s] -- Up-to-date: /home/misys/forza_ws/race_stack/install/slam_toolbox/include/slam_toolbox/slam_toolbox/srv/detail/pause__type_support.h
[12.449s] -- Up-to-date: /home/misys/forza_ws/race_stack/install/slam_toolbox/include/slam_toolbox/slam_toolbox/srv/detail/clear__type_support.h
[12.449s] -- Up-to-date: /home/misys/forza_ws/race_stack/install/slam_toolbox/include/slam_toolbox/slam_toolbox/srv/detail/toggle_interactive__functions.c
[12.449s] -- Up-to-date: /home/misys/forza_ws/race_stack/install/slam_toolbox/include/slam_toolbox/slam_toolbox/srv/detail/merge_maps__struct.h
[12.451s] -- Up-to-date: /home/misys/forza_ws/race_stack/install/slam_toolbox/include/slam_toolbox/slam_toolbox/srv/detail/add_submap__type_support.h
[12.451s] -- Up-to-date: /home/misys/forza_ws/race_stack/install/slam_toolbox/include/slam_toolbox/slam_toolbox/srv/detail/add_submap__functions.h
[12.451s] -- Up-to-date: /home/misys/forza_ws/race_stack/install/slam_toolbox/include/slam_toolbox/slam_toolbox/srv/detail/save_map__type_support.h
[12.451s] -- Up-to-date: /home/misys/forza_ws/race_stack/install/slam_toolbox/include/slam_toolbox/slam_toolbox/srv/detail/clear_queue__functions.h
[12.452s] -- Up-to-date: /home/misys/forza_ws/race_stack/install/slam_toolbox/include/slam_toolbox/slam_toolbox/srv/detail/save_map__functions.c
[12.452s] -- Up-to-date: /home/misys/forza_ws/race_stack/install/slam_toolbox/include/slam_toolbox/slam_toolbox/srv/detail/serialize_pose_graph__type_support.h
[12.452s] -- Up-to-date: /home/misys/forza_ws/race_stack/install/slam_toolbox/include/slam_toolbox/slam_toolbox/srv/detail/deserialize_pose_graph__functions.h
[12.452s] -- Up-to-date: /home/misys/forza_ws/race_stack/install/slam_toolbox/include/slam_toolbox/slam_toolbox/srv/detail/clear_queue__functions.c
[12.452s] -- Up-to-date: /home/misys/forza_ws/race_stack/install/slam_toolbox/include/slam_toolbox/slam_toolbox/srv/detail/serialize_pose_graph__struct.h
[12.452s] -- Up-to-date: /home/misys/forza_ws/race_stack/install/slam_toolbox/include/slam_toolbox/slam_toolbox/srv/detail/toggle_interactive__struct.h
[12.452s] -- Up-to-date: /home/misys/forza_ws/race_stack/install/slam_toolbox/include/slam_toolbox/slam_toolbox/srv/detail/loop_closure__struct.h
[12.452s] -- Up-to-date: /home/misys/forza_ws/race_stack/install/slam_toolbox/include/slam_toolbox/slam_toolbox/srv/detail/merge_maps__functions.c
[12.453s] -- Up-to-date: /home/misys/forza_ws/race_stack/install/slam_toolbox/include/slam_toolbox/slam_toolbox/srv/detail/toggle_interactive__type_support.h
[12.453s] -- Up-to-date: /home/misys/forza_ws/race_stack/install/slam_toolbox/include/slam_toolbox/slam_toolbox/srv/detail/loop_closure__functions.c
[12.453s] -- Up-to-date: /home/misys/forza_ws/race_stack/install/slam_toolbox/include/slam_toolbox/slam_toolbox/srv/detail/deserialize_pose_graph__type_support.h
[12.453s] -- Up-to-date: /home/misys/forza_ws/race_stack/install/slam_toolbox/include/slam_toolbox/slam_toolbox/srv/detail/loop_closure__type_support.h
[12.453s] -- Up-to-date: /home/misys/forza_ws/race_stack/install/slam_toolbox/include/slam_toolbox/slam_toolbox/srv/detail/merge_maps__functions.h
[12.454s] -- Up-to-date: /home/misys/forza_ws/race_stack/install/slam_toolbox/include/slam_toolbox/slam_toolbox/srv/detail/loop_closure__functions.h
[12.454s] -- Up-to-date: /home/misys/forza_ws/race_stack/install/slam_toolbox/include/slam_toolbox/slam_toolbox/srv/detail/clear__struct.h
[12.454s] -- Up-to-date: /home/misys/forza_ws/race_stack/install/slam_toolbox/include/slam_toolbox/slam_toolbox/srv/detail/clear__functions.c
[12.454s] -- Up-to-date: /home/misys/forza_ws/race_stack/install/slam_toolbox/include/slam_toolbox/slam_toolbox/srv/detail/save_map__functions.h
[12.454s] -- Up-to-date: /home/misys/forza_ws/race_stack/install/slam_toolbox/include/slam_toolbox/slam_toolbox/srv/detail/save_map__struct.h
[12.459s] -- Up-to-date: /home/misys/forza_ws/race_stack/install/slam_toolbox/include/slam_toolbox/slam_toolbox/srv/detail/deserialize_pose_graph__functions.c
[12.460s] -- Up-to-date: /home/misys/forza_ws/race_stack/install/slam_toolbox/include/slam_toolbox/slam_toolbox/srv/detail/clear_queue__type_support.h
[12.460s] -- Up-to-date: /home/misys/forza_ws/race_stack/install/slam_toolbox/include/slam_toolbox/slam_toolbox/srv/detail/clear__functions.h
[12.460s] -- Up-to-date: /home/misys/forza_ws/race_stack/install/slam_toolbox/include/slam_toolbox/slam_toolbox/srv/detail/merge_maps__type_support.h
[12.460s] -- Up-to-date: /home/misys/forza_ws/race_stack/install/slam_toolbox/include/slam_toolbox/slam_toolbox/srv/detail/pause__functions.c
[12.460s] -- Up-to-date: /home/misys/forza_ws/race_stack/install/slam_toolbox/include/slam_toolbox/slam_toolbox/srv/detail/pause__struct.h
[12.460s] -- Up-to-date: /home/misys/forza_ws/race_stack/install/slam_toolbox/include/slam_toolbox/slam_toolbox/srv/clear.h
[12.461s] -- Up-to-date: /home/misys/forza_ws/race_stack/install/slam_toolbox/include/slam_toolbox/slam_toolbox/srv/deserialize_pose_graph.h
[12.461s] -- Up-to-date: /home/misys/forza_ws/race_stack/install/slam_toolbox/include/slam_toolbox/slam_toolbox/srv/clear_queue.h
[12.461s] -- Up-to-date: /home/misys/forza_ws/race_stack/install/slam_toolbox/include/slam_toolbox/slam_toolbox/srv/pause.h
[12.461s] -- Up-to-date: /home/misys/forza_ws/race_stack/install/slam_toolbox/include/slam_toolbox/slam_toolbox/srv/merge_maps.h
[12.461s] -- Up-to-date: /home/misys/forza_ws/race_stack/install/slam_toolbox/include/slam_toolbox/slam_toolbox/srv/add_submap.h
[12.461s] -- Up-to-date: /home/misys/forza_ws/race_stack/install/slam_toolbox/include/slam_toolbox/slam_toolbox/srv/serialize_pose_graph.h
[12.462s] -- Up-to-date: /home/misys/forza_ws/race_stack/install/slam_toolbox/include/slam_toolbox/slam_toolbox/srv/save_map.h
[12.462s] -- Up-to-date: /home/misys/forza_ws/race_stack/install/slam_toolbox/share/slam_toolbox/environment/library_path.sh
[12.462s] -- Up-to-date: /home/misys/forza_ws/race_stack/install/slam_toolbox/share/slam_toolbox/environment/library_path.dsv
[12.462s] -- Up-to-date: /home/misys/forza_ws/race_stack/install/slam_toolbox/lib/libslam_toolbox__rosidl_generator_c.so
[12.462s] -- Up-to-date: /home/misys/forza_ws/race_stack/install/slam_toolbox/include/slam_toolbox/slam_toolbox
[12.462s] -- Up-to-date: /home/misys/forza_ws/race_stack/install/slam_toolbox/include/slam_toolbox/slam_toolbox/msg
[12.464s] -- Up-to-date: /home/misys/forza_ws/race_stack/install/slam_toolbox/include/slam_toolbox/slam_toolbox/msg/rosidl_typesupport_fastrtps_c__visibility_control.h
[12.464s] -- Up-to-date: /home/misys/forza_ws/race_stack/install/slam_toolbox/include/slam_toolbox/slam_toolbox/srv
[12.464s] -- Up-to-date: /home/misys/forza_ws/race_stack/install/slam_toolbox/include/slam_toolbox/slam_toolbox/srv/detail
[12.465s] -- Up-to-date: /home/misys/forza_ws/race_stack/install/slam_toolbox/include/slam_toolbox/slam_toolbox/srv/detail/deserialize_pose_graph__rosidl_typesupport_fastrtps_c.h
[12.465s] -- Up-to-date: /home/misys/forza_ws/race_stack/install/slam_toolbox/include/slam_toolbox/slam_toolbox/srv/detail/serialize_pose_graph__rosidl_typesupport_fastrtps_c.h
[12.465s] -- Up-to-date: /home/misys/forza_ws/race_stack/install/slam_toolbox/include/slam_toolbox/slam_toolbox/srv/detail/clear__rosidl_typesupport_fastrtps_c.h
[12.465s] -- Up-to-date: /home/misys/forza_ws/race_stack/install/slam_toolbox/include/slam_toolbox/slam_toolbox/srv/detail/merge_maps__rosidl_typesupport_fastrtps_c.h
[12.465s] -- Up-to-date: /home/misys/forza_ws/race_stack/install/slam_toolbox/include/slam_toolbox/slam_toolbox/srv/detail/loop_closure__rosidl_typesupport_fastrtps_c.h
[12.466s] -- Up-to-date: /home/misys/forza_ws/race_stack/install/slam_toolbox/include/slam_toolbox/slam_toolbox/srv/detail/clear_queue__rosidl_typesupport_fastrtps_c.h
[12.467s] -- Up-to-date: /home/misys/forza_ws/race_stack/install/slam_toolbox/include/slam_toolbox/slam_toolbox/srv/detail/add_submap__rosidl_typesupport_fastrtps_c.h
[12.467s] -- Up-to-date: /home/misys/forza_ws/race_stack/install/slam_toolbox/include/slam_toolbox/slam_toolbox/srv/detail/pause__rosidl_typesupport_fastrtps_c.h
[12.467s] -- Up-to-date: /home/misys/forza_ws/race_stack/install/slam_toolbox/include/slam_toolbox/slam_toolbox/srv/detail/toggle_interactive__rosidl_typesupport_fastrtps_c.h
[12.467s] -- Up-to-date: /home/misys/forza_ws/race_stack/install/slam_toolbox/include/slam_toolbox/slam_toolbox/srv/detail/save_map__rosidl_typesupport_fastrtps_c.h
[12.467s] -- Up-to-date: /home/misys/forza_ws/race_stack/install/slam_toolbox/lib/libslam_toolbox__rosidl_typesupport_fastrtps_c.so
[12.470s] -- Up-to-date: /home/misys/forza_ws/race_stack/install/slam_toolbox/include/slam_toolbox/slam_toolbox
[12.470s] -- Up-to-date: /home/misys/forza_ws/race_stack/install/slam_toolbox/include/slam_toolbox/slam_toolbox/msg
[12.470s] -- Up-to-date: /home/misys/forza_ws/race_stack/install/slam_toolbox/include/slam_toolbox/slam_toolbox/msg/rosidl_generator_cpp__visibility_control.hpp
[12.470s] -- Up-to-date: /home/misys/forza_ws/race_stack/install/slam_toolbox/include/slam_toolbox/slam_toolbox/srv
[12.470s] -- Up-to-date: /home/misys/forza_ws/race_stack/install/slam_toolbox/include/slam_toolbox/slam_toolbox/srv/loop_closure.hpp
[12.474s] -- Up-to-date: /home/misys/forza_ws/race_stack/install/slam_toolbox/include/slam_toolbox/slam_toolbox/srv/clear_queue.hpp
[12.474s] -- Up-to-date: /home/misys/forza_ws/race_stack/install/slam_toolbox/include/slam_toolbox/slam_toolbox/srv/detail
[12.474s] -- Up-to-date: /home/misys/forza_ws/race_stack/install/slam_toolbox/include/slam_toolbox/slam_toolbox/srv/detail/add_submap__struct.hpp
[12.474s] -- Up-to-date: /home/misys/forza_ws/race_stack/install/slam_toolbox/include/slam_toolbox/slam_toolbox/srv/detail/clear_queue__traits.hpp
[12.474s] -- Up-to-date: /home/misys/forza_ws/race_stack/install/slam_toolbox/include/slam_toolbox/slam_toolbox/srv/detail/loop_closure__traits.hpp
[12.474s] -- Up-to-date: /home/misys/forza_ws/race_stack/install/slam_toolbox/include/slam_toolbox/slam_toolbox/srv/detail/pause__type_support.hpp
[12.475s] -- Up-to-date: /home/misys/forza_ws/race_stack/install/slam_toolbox/include/slam_toolbox/slam_toolbox/srv/detail/save_map__traits.hpp
[12.475s] -- Up-to-date: /home/misys/forza_ws/race_stack/install/slam_toolbox/include/slam_toolbox/slam_toolbox/srv/detail/add_submap__builder.hpp
[12.475s] -- Up-to-date: /home/misys/forza_ws/race_stack/install/slam_toolbox/include/slam_toolbox/slam_toolbox/srv/detail/clear_queue__struct.hpp
[12.475s] -- Up-to-date: /home/misys/forza_ws/race_stack/install/slam_toolbox/include/slam_toolbox/slam_toolbox/srv/detail/toggle_interactive__type_support.hpp
[12.475s] -- Up-to-date: /home/misys/forza_ws/race_stack/install/slam_toolbox/include/slam_toolbox/slam_toolbox/srv/detail/serialize_pose_graph__type_support.hpp
[12.475s] -- Up-to-date: /home/misys/forza_ws/race_stack/install/slam_toolbox/include/slam_toolbox/slam_toolbox/srv/detail/save_map__type_support.hpp
[12.475s] -- Up-to-date: /home/misys/forza_ws/race_stack/install/slam_toolbox/include/slam_toolbox/slam_toolbox/srv/detail/add_submap__traits.hpp
[12.480s] -- Up-to-date: /home/misys/forza_ws/race_stack/install/slam_toolbox/include/slam_toolbox/slam_toolbox/srv/detail/deserialize_pose_graph__traits.hpp
[12.481s] -- Up-to-date: /home/misys/forza_ws/race_stack/install/slam_toolbox/include/slam_toolbox/slam_toolbox/srv/detail/toggle_interactive__builder.hpp
[12.482s] -- Up-to-date: /home/misys/forza_ws/race_stack/install/slam_toolbox/include/slam_toolbox/slam_toolbox/srv/detail/merge_maps__builder.hpp
[12.482s] -- Up-to-date: /home/misys/forza_ws/race_stack/install/slam_toolbox/include/slam_toolbox/slam_toolbox/srv/detail/clear__type_support.hpp
[12.482s] -- Up-to-date: /home/misys/forza_ws/race_stack/install/slam_toolbox/include/slam_toolbox/slam_toolbox/srv/detail/clear__struct.hpp
[12.482s] -- Up-to-date: /home/misys/forza_ws/race_stack/install/slam_toolbox/include/slam_toolbox/slam_toolbox/srv/detail/clear_queue__builder.hpp
[12.482s] -- Up-to-date: /home/misys/forza_ws/race_stack/install/slam_toolbox/include/slam_toolbox/slam_toolbox/srv/detail/save_map__struct.hpp
[12.482s] -- Up-to-date: /home/misys/forza_ws/race_stack/install/slam_toolbox/include/slam_toolbox/slam_toolbox/srv/detail/serialize_pose_graph__builder.hpp
[12.482s] -- Up-to-date: /home/misys/forza_ws/race_stack/install/slam_toolbox/include/slam_toolbox/slam_toolbox/srv/detail/toggle_interactive__struct.hpp
[12.483s] -- Up-to-date: /home/misys/forza_ws/race_stack/install/slam_toolbox/include/slam_toolbox/slam_toolbox/srv/detail/pause__builder.hpp
[12.483s] -- Up-to-date: /home/misys/forza_ws/race_stack/install/slam_toolbox/include/slam_toolbox/slam_toolbox/srv/detail/clear__traits.hpp
[12.486s] -- Up-to-date: /home/misys/forza_ws/race_stack/install/slam_toolbox/include/slam_toolbox/slam_toolbox/srv/detail/clear__builder.hpp
[12.486s] -- Up-to-date: /home/misys/forza_ws/race_stack/install/slam_toolbox/include/slam_toolbox/slam_toolbox/srv/detail/pause__struct.hpp
[12.486s] -- Up-to-date: /home/misys/forza_ws/race_stack/install/slam_toolbox/include/slam_toolbox/slam_toolbox/srv/detail/merge_maps__traits.hpp
[12.487s] -- Up-to-date: /home/misys/forza_ws/race_stack/install/slam_toolbox/include/slam_toolbox/slam_toolbox/srv/detail/deserialize_pose_graph__struct.hpp
[12.487s] -- Up-to-date: /home/misys/forza_ws/race_stack/install/slam_toolbox/include/slam_toolbox/slam_toolbox/srv/detail/serialize_pose_graph__traits.hpp
[12.487s] -- Up-to-date: /home/misys/forza_ws/race_stack/install/slam_toolbox/include/slam_toolbox/slam_toolbox/srv/detail/deserialize_pose_graph__type_support.hpp
[12.487s] -- Up-to-date: /home/misys/forza_ws/race_stack/install/slam_toolbox/include/slam_toolbox/slam_toolbox/srv/detail/merge_maps__struct.hpp
[12.487s] -- Up-to-date: /home/misys/forza_ws/race_stack/install/slam_toolbox/include/slam_toolbox/slam_toolbox/srv/detail/serialize_pose_graph__struct.hpp
[12.487s] -- Up-to-date: /home/misys/forza_ws/race_stack/install/slam_toolbox/include/slam_toolbox/slam_toolbox/srv/detail/clear_queue__type_support.hpp
[12.487s] -- Up-to-date: /home/misys/forza_ws/race_stack/install/slam_toolbox/include/slam_toolbox/slam_toolbox/srv/detail/loop_closure__struct.hpp
[12.487s] -- Up-to-date: /home/misys/forza_ws/race_stack/install/slam_toolbox/include/slam_toolbox/slam_toolbox/srv/detail/toggle_interactive__traits.hpp
[12.488s] -- Up-to-date: /home/misys/forza_ws/race_stack/install/slam_toolbox/include/slam_toolbox/slam_toolbox/srv/detail/deserialize_pose_graph__builder.hpp
[12.488s] -- Up-to-date: /home/misys/forza_ws/race_stack/install/slam_toolbox/include/slam_toolbox/slam_toolbox/srv/detail/add_submap__type_support.hpp
[12.488s] -- Up-to-date: /home/misys/forza_ws/race_stack/install/slam_toolbox/include/slam_toolbox/slam_toolbox/srv/detail/pause__traits.hpp
[12.488s] -- Up-to-date: /home/misys/forza_ws/race_stack/install/slam_toolbox/include/slam_toolbox/slam_toolbox/srv/detail/merge_maps__type_support.hpp
[12.488s] -- Up-to-date: /home/misys/forza_ws/race_stack/install/slam_toolbox/include/slam_toolbox/slam_toolbox/srv/detail/loop_closure__builder.hpp
[12.488s] -- Up-to-date: /home/misys/forza_ws/race_stack/install/slam_toolbox/include/slam_toolbox/slam_toolbox/srv/detail/save_map__builder.hpp
[12.488s] -- Up-to-date: /home/misys/forza_ws/race_stack/install/slam_toolbox/include/slam_toolbox/slam_toolbox/srv/detail/loop_closure__type_support.hpp
[12.494s] -- Up-to-date: /home/misys/forza_ws/race_stack/install/slam_toolbox/include/slam_toolbox/slam_toolbox/srv/serialize_pose_graph.hpp
[12.495s] -- Up-to-date: /home/misys/forza_ws/race_stack/install/slam_toolbox/include/slam_toolbox/slam_toolbox/srv/deserialize_pose_graph.hpp
[12.495s] -- Up-to-date: /home/misys/forza_ws/race_stack/install/slam_toolbox/include/slam_toolbox/slam_toolbox/srv/clear.hpp
[12.495s] -- Up-to-date: /home/misys/forza_ws/race_stack/install/slam_toolbox/include/slam_toolbox/slam_toolbox/srv/toggle_interactive.hpp
[12.495s] -- Up-to-date: /home/misys/forza_ws/race_stack/install/slam_toolbox/include/slam_toolbox/slam_toolbox/srv/merge_maps.hpp
[12.495s] -- Up-to-date: /home/misys/forza_ws/race_stack/install/slam_toolbox/include/slam_toolbox/slam_toolbox/srv/pause.hpp
[12.495s] -- Up-to-date: /home/misys/forza_ws/race_stack/install/slam_toolbox/include/slam_toolbox/slam_toolbox/srv/save_map.hpp
[12.495s] -- Up-to-date: /home/misys/forza_ws/race_stack/install/slam_toolbox/include/slam_toolbox/slam_toolbox/srv/add_submap.hpp
[12.496s] -- Up-to-date: /home/misys/forza_ws/race_stack/install/slam_toolbox/include/slam_toolbox/slam_toolbox
[12.502s] -- Up-to-date: /home/misys/forza_ws/race_stack/install/slam_toolbox/include/slam_toolbox/slam_toolbox/msg
[12.502s] -- Up-to-date: /home/misys/forza_ws/race_stack/install/slam_toolbox/include/slam_toolbox/slam_toolbox/msg/rosidl_typesupport_fastrtps_cpp__visibility_control.h
[12.502s] -- Up-to-date: /home/misys/forza_ws/race_stack/install/slam_toolbox/include/slam_toolbox/slam_toolbox/srv
[12.502s] -- Up-to-date: /home/misys/forza_ws/race_stack/install/slam_toolbox/include/slam_toolbox/slam_toolbox/srv/detail
[12.503s] -- Up-to-date: /home/misys/forza_ws/race_stack/install/slam_toolbox/include/slam_toolbox/slam_toolbox/srv/detail/deserialize_pose_graph__rosidl_typesupport_fastrtps_cpp.hpp
[12.503s] -- Up-to-date: /home/misys/forza_ws/race_stack/install/slam_toolbox/include/slam_toolbox/slam_toolbox/srv/detail/toggle_interactive__rosidl_typesupport_fastrtps_cpp.hpp
[12.503s] -- Up-to-date: /home/misys/forza_ws/race_stack/install/slam_toolbox/include/slam_toolbox/slam_toolbox/srv/detail/add_submap__rosidl_typesupport_fastrtps_cpp.hpp
[12.503s] -- Up-to-date: /home/misys/forza_ws/race_stack/install/slam_toolbox/include/slam_toolbox/slam_toolbox/srv/detail/pause__rosidl_typesupport_fastrtps_cpp.hpp
[12.503s] -- Up-to-date: /home/misys/forza_ws/race_stack/install/slam_toolbox/include/slam_toolbox/slam_toolbox/srv/detail/merge_maps__rosidl_typesupport_fastrtps_cpp.hpp
[12.503s] -- Up-to-date: /home/misys/forza_ws/race_stack/install/slam_toolbox/include/slam_toolbox/slam_toolbox/srv/detail/serialize_pose_graph__rosidl_typesupport_fastrtps_cpp.hpp
[12.503s] -- Up-to-date: /home/misys/forza_ws/race_stack/install/slam_toolbox/include/slam_toolbox/slam_toolbox/srv/detail/dds_fastrtps
[12.503s] -- Up-to-date: /home/misys/forza_ws/race_stack/install/slam_toolbox/include/slam_toolbox/slam_toolbox/srv/detail/clear__rosidl_typesupport_fastrtps_cpp.hpp
[12.503s] -- Up-to-date: /home/misys/forza_ws/race_stack/install/slam_toolbox/include/slam_toolbox/slam_toolbox/srv/detail/save_map__rosidl_typesupport_fastrtps_cpp.hpp
[12.504s] -- Up-to-date: /home/misys/forza_ws/race_stack/install/slam_toolbox/include/slam_toolbox/slam_toolbox/srv/detail/clear_queue__rosidl_typesupport_fastrtps_cpp.hpp
[12.504s] -- Up-to-date: /home/misys/forza_ws/race_stack/install/slam_toolbox/include/slam_toolbox/slam_toolbox/srv/detail/loop_closure__rosidl_typesupport_fastrtps_cpp.hpp
[12.504s] -- Up-to-date: /home/misys/forza_ws/race_stack/install/slam_toolbox/lib/libslam_toolbox__rosidl_typesupport_fastrtps_cpp.so
[12.504s] -- Up-to-date: /home/misys/forza_ws/race_stack/install/slam_toolbox/include/slam_toolbox/slam_toolbox
[12.510s] -- Up-to-date: /home/misys/forza_ws/race_stack/install/slam_toolbox/include/slam_toolbox/slam_toolbox/msg
[12.519s] -- Up-to-date: /home/misys/forza_ws/race_stack/install/slam_toolbox/include/slam_toolbox/slam_toolbox/msg/rosidl_typesupport_introspection_c__visibility_control.h
[12.520s] -- Up-to-date: /home/misys/forza_ws/race_stack/install/slam_toolbox/include/slam_toolbox/slam_toolbox/srv
[12.520s] -- Up-to-date: /home/misys/forza_ws/race_stack/install/slam_toolbox/include/slam_toolbox/slam_toolbox/srv/detail
[12.520s] -- Up-to-date: /home/misys/forza_ws/race_stack/install/slam_toolbox/include/slam_toolbox/slam_toolbox/srv/detail/clear_queue__type_support.c
[12.520s] -- Up-to-date: /home/misys/forza_ws/race_stack/install/slam_toolbox/include/slam_toolbox/slam_toolbox/srv/detail/save_map__type_support.c
[12.520s] -- Up-to-date: /home/misys/forza_ws/race_stack/install/slam_toolbox/include/slam_toolbox/slam_toolbox/srv/detail/loop_closure__rosidl_typesupport_introspection_c.h
[12.520s] -- Up-to-date: /home/misys/forza_ws/race_stack/install/slam_toolbox/include/slam_toolbox/slam_toolbox/srv/detail/toggle_interactive__rosidl_typesupport_introspection_c.h
[12.521s] -- Up-to-date: /home/misys/forza_ws/race_stack/install/slam_toolbox/include/slam_toolbox/slam_toolbox/srv/detail/merge_maps__type_support.c
[12.521s] -- Up-to-date: /home/misys/forza_ws/race_stack/install/slam_toolbox/include/slam_toolbox/slam_toolbox/srv/detail/add_submap__type_support.c
[12.521s] -- Up-to-date: /home/misys/forza_ws/race_stack/install/slam_toolbox/include/slam_toolbox/slam_toolbox/srv/detail/merge_maps__rosidl_typesupport_introspection_c.h
[12.521s] -- Up-to-date: /home/misys/forza_ws/race_stack/install/slam_toolbox/include/slam_toolbox/slam_toolbox/srv/detail/clear_queue__rosidl_typesupport_introspection_c.h
[12.521s] -- Up-to-date: /home/misys/forza_ws/race_stack/install/slam_toolbox/include/slam_toolbox/slam_toolbox/srv/detail/clear__type_support.c
[12.522s] -- Up-to-date: /home/misys/forza_ws/race_stack/install/slam_toolbox/include/slam_toolbox/slam_toolbox/srv/detail/pause__rosidl_typesupport_introspection_c.h
[12.522s] -- Up-to-date: /home/misys/forza_ws/race_stack/install/slam_toolbox/include/slam_toolbox/slam_toolbox/srv/detail/clear__rosidl_typesupport_introspection_c.h
[12.522s] -- Up-to-date: /home/misys/forza_ws/race_stack/install/slam_toolbox/include/slam_toolbox/slam_toolbox/srv/detail/deserialize_pose_graph__type_support.c
[12.522s] -- Up-to-date: /home/misys/forza_ws/race_stack/install/slam_toolbox/include/slam_toolbox/slam_toolbox/srv/detail/add_submap__rosidl_typesupport_introspection_c.h
[12.523s] -- Up-to-date: /home/misys/forza_ws/race_stack/install/slam_toolbox/include/slam_toolbox/slam_toolbox/srv/detail/toggle_interactive__type_support.c
[12.524s] -- Up-to-date: /home/misys/forza_ws/race_stack/install/slam_toolbox/include/slam_toolbox/slam_toolbox/srv/detail/serialize_pose_graph__rosidl_typesupport_introspection_c.h
[12.524s] -- Up-to-date: /home/misys/forza_ws/race_stack/install/slam_toolbox/include/slam_toolbox/slam_toolbox/srv/detail/loop_closure__type_support.c
[12.524s] -- Up-to-date: /home/misys/forza_ws/race_stack/install/slam_toolbox/include/slam_toolbox/slam_toolbox/srv/detail/pause__type_support.c
[12.524s] -- Up-to-date: /home/misys/forza_ws/race_stack/install/slam_toolbox/include/slam_toolbox/slam_toolbox/srv/detail/deserialize_pose_graph__rosidl_typesupport_introspection_c.h
[12.524s] -- Up-to-date: /home/misys/forza_ws/race_stack/install/slam_toolbox/include/slam_toolbox/slam_toolbox/srv/detail/serialize_pose_graph__type_support.c
[12.525s] -- Up-to-date: /home/misys/forza_ws/race_stack/install/slam_toolbox/include/slam_toolbox/slam_toolbox/srv/detail/save_map__rosidl_typesupport_introspection_c.h
[12.527s] -- Up-to-date: /home/misys/forza_ws/race_stack/install/slam_toolbox/lib/libslam_toolbox__rosidl_typesupport_introspection_c.so
[12.527s] -- Up-to-date: /home/misys/forza_ws/race_stack/install/slam_toolbox/lib/libslam_toolbox__rosidl_typesupport_c.so
[12.527s] -- Up-to-date: /home/misys/forza_ws/race_stack/install/slam_toolbox/include/slam_toolbox/slam_toolbox
[12.528s] -- Up-to-date: /home/misys/forza_ws/race_stack/install/slam_toolbox/include/slam_toolbox/slam_toolbox/srv
[12.528s] -- Up-to-date: /home/misys/forza_ws/race_stack/install/slam_toolbox/include/slam_toolbox/slam_toolbox/srv/detail
[12.528s] -- Up-to-date: /home/misys/forza_ws/race_stack/install/slam_toolbox/include/slam_toolbox/slam_toolbox/srv/detail/pause__type_support.cpp
[12.528s] -- Up-to-date: /home/misys/forza_ws/race_stack/install/slam_toolbox/include/slam_toolbox/slam_toolbox/srv/detail/loop_closure__type_support.cpp
[12.528s] -- Up-to-date: /home/misys/forza_ws/race_stack/install/slam_toolbox/include/slam_toolbox/slam_toolbox/srv/detail/add_submap__type_support.cpp
[12.528s] -- Up-to-date: /home/misys/forza_ws/race_stack/install/slam_toolbox/include/slam_toolbox/slam_toolbox/srv/detail/save_map__rosidl_typesupport_introspection_cpp.hpp
[12.534s] -- Up-to-date: /home/misys/forza_ws/race_stack/install/slam_toolbox/include/slam_toolbox/slam_toolbox/srv/detail/loop_closure__rosidl_typesupport_introspection_cpp.hpp
[12.534s] -- Up-to-date: /home/misys/forza_ws/race_stack/install/slam_toolbox/include/slam_toolbox/slam_toolbox/srv/detail/merge_maps__rosidl_typesupport_introspection_cpp.hpp
[12.535s] -- Up-to-date: /home/misys/forza_ws/race_stack/install/slam_toolbox/include/slam_toolbox/slam_toolbox/srv/detail/clear__rosidl_typesupport_introspection_cpp.hpp
[12.535s] -- Up-to-date: /home/misys/forza_ws/race_stack/install/slam_toolbox/include/slam_toolbox/slam_toolbox/srv/detail/merge_maps__type_support.cpp
[12.535s] -- Up-to-date: /home/misys/forza_ws/race_stack/install/slam_toolbox/include/slam_toolbox/slam_toolbox/srv/detail/add_submap__rosidl_typesupport_introspection_cpp.hpp
[12.535s] -- Up-to-date: /home/misys/forza_ws/race_stack/install/slam_toolbox/include/slam_toolbox/slam_toolbox/srv/detail/clear_queue__type_support.cpp
[12.535s] -- Up-to-date: /home/misys/forza_ws/race_stack/install/slam_toolbox/include/slam_toolbox/slam_toolbox/srv/detail/pause__rosidl_typesupport_introspection_cpp.hpp
[12.535s] -- Up-to-date: /home/misys/forza_ws/race_stack/install/slam_toolbox/include/slam_toolbox/slam_toolbox/srv/detail/serialize_pose_graph__type_support.cpp
[12.535s] -- Up-to-date: /home/misys/forza_ws/race_stack/install/slam_toolbox/include/slam_toolbox/slam_toolbox/srv/detail/save_map__type_support.cpp
[12.536s] -- Up-to-date: /home/misys/forza_ws/race_stack/install/slam_toolbox/include/slam_toolbox/slam_toolbox/srv/detail/clear__type_support.cpp
[12.560s] -- Up-to-date: /home/misys/forza_ws/race_stack/install/slam_toolbox/include/slam_toolbox/slam_toolbox/srv/detail/clear_queue__rosidl_typesupport_introspection_cpp.hpp
[12.560s] -- Up-to-date: /home/misys/forza_ws/race_stack/install/slam_toolbox/include/slam_toolbox/slam_toolbox/srv/detail/deserialize_pose_graph__type_support.cpp
[12.560s] -- Up-to-date: /home/misys/forza_ws/race_stack/install/slam_toolbox/include/slam_toolbox/slam_toolbox/srv/detail/serialize_pose_graph__rosidl_typesupport_introspection_cpp.hpp
[12.560s] -- Up-to-date: /home/misys/forza_ws/race_stack/install/slam_toolbox/include/slam_toolbox/slam_toolbox/srv/detail/toggle_interactive__rosidl_typesupport_introspection_cpp.hpp
[12.560s] -- Up-to-date: /home/misys/forza_ws/race_stack/install/slam_toolbox/include/slam_toolbox/slam_toolbox/srv/detail/toggle_interactive__type_support.cpp
[12.561s] -- Up-to-date: /home/misys/forza_ws/race_stack/install/slam_toolbox/include/slam_toolbox/slam_toolbox/srv/detail/deserialize_pose_graph__rosidl_typesupport_introspection_cpp.hpp
[12.561s] -- Up-to-date: /home/misys/forza_ws/race_stack/install/slam_toolbox/lib/libslam_toolbox__rosidl_typesupport_introspection_cpp.so
[12.561s] -- Up-to-date: /home/misys/forza_ws/race_stack/install/slam_toolbox/lib/libslam_toolbox__rosidl_typesupport_cpp.so
[12.561s] -- Up-to-date: /home/misys/forza_ws/race_stack/install/slam_toolbox/share/slam_toolbox/environment/pythonpath.sh
[12.561s] -- Up-to-date: /home/misys/forza_ws/race_stack/install/slam_toolbox/share/slam_toolbox/environment/pythonpath.dsv
[12.561s] -- Up-to-date: /home/misys/forza_ws/race_stack/install/slam_toolbox/local/lib/python3.10/dist-packages/slam_toolbox-2.6.8-py3.10.egg-info
[12.561s] -- Installing: /home/misys/forza_ws/race_stack/install/slam_toolbox/local/lib/python3.10/dist-packages/slam_toolbox-2.6.8-py3.10.egg-info/dependency_links.txt
[12.561s] -- Installing: /home/misys/forza_ws/race_stack/install/slam_toolbox/local/lib/python3.10/dist-packages/slam_toolbox-2.6.8-py3.10.egg-info/PKG-INFO
[12.562s] -- Installing: /home/misys/forza_ws/race_stack/install/slam_toolbox/local/lib/python3.10/dist-packages/slam_toolbox-2.6.8-py3.10.egg-info/top_level.txt
[12.562s] -- Installing: /home/misys/forza_ws/race_stack/install/slam_toolbox/local/lib/python3.10/dist-packages/slam_toolbox-2.6.8-py3.10.egg-info/SOURCES.txt
[12.563s] -- Up-to-date: /home/misys/forza_ws/race_stack/install/slam_toolbox/local/lib/python3.10/dist-packages/slam_toolbox
[12.564s] -- Up-to-date: /home/misys/forza_ws/race_stack/install/slam_toolbox/local/lib/python3.10/dist-packages/slam_toolbox/_slam_toolbox_s.ep.rosidl_typesupport_fastrtps_c.c
[12.564s] -- Up-to-date: /home/misys/forza_ws/race_stack/install/slam_toolbox/local/lib/python3.10/dist-packages/slam_toolbox/slam_toolbox_s__rosidl_typesupport_c.cpython-310-aarch64-linux-gnu.so
[12.564s] -- Up-to-date: /home/misys/forza_ws/race_stack/install/slam_toolbox/local/lib/python3.10/dist-packages/slam_toolbox/slam_toolbox_s__rosidl_typesupport_fastrtps_c.cpython-310-aarch64-linux-gnu.so
[12.564s] -- Up-to-date: /home/misys/forza_ws/race_stack/install/slam_toolbox/local/lib/python3.10/dist-packages/slam_toolbox/slam_toolbox_s__rosidl_typesupport_introspection_c.cpython-310-aarch64-linux-gnu.so
[12.564s] -- Up-to-date: /home/misys/forza_ws/race_stack/install/slam_toolbox/local/lib/python3.10/dist-packages/slam_toolbox/_slam_toolbox_s.ep.rosidl_typesupport_introspection_c.c
[12.564s] -- Up-to-date: /home/misys/forza_ws/race_stack/install/slam_toolbox/local/lib/python3.10/dist-packages/slam_toolbox/libslam_toolbox__rosidl_generator_py.so
[12.564s] -- Up-to-date: /home/misys/forza_ws/race_stack/install/slam_toolbox/local/lib/python3.10/dist-packages/slam_toolbox/_slam_toolbox_s.ep.rosidl_typesupport_c.c
[12.564s] -- Up-to-date: /home/misys/forza_ws/race_stack/install/slam_toolbox/local/lib/python3.10/dist-packages/slam_toolbox/srv
[12.565s] -- Up-to-date: /home/misys/forza_ws/race_stack/install/slam_toolbox/local/lib/python3.10/dist-packages/slam_toolbox/srv/_clear_s.c
[12.565s] -- Up-to-date: /home/misys/forza_ws/race_stack/install/slam_toolbox/local/lib/python3.10/dist-packages/slam_toolbox/srv/_merge_maps_s.c
[12.565s] -- Up-to-date: /home/misys/forza_ws/race_stack/install/slam_toolbox/local/lib/python3.10/dist-packages/slam_toolbox/srv/_loop_closure.py
[12.565s] -- Up-to-date: /home/misys/forza_ws/race_stack/install/slam_toolbox/local/lib/python3.10/dist-packages/slam_toolbox/srv/_serialize_pose_graph.py
[12.565s] -- Up-to-date: /home/misys/forza_ws/race_stack/install/slam_toolbox/local/lib/python3.10/dist-packages/slam_toolbox/srv/_deserialize_pose_graph.py
[12.565s] -- Up-to-date: /home/misys/forza_ws/race_stack/install/slam_toolbox/local/lib/python3.10/dist-packages/slam_toolbox/srv/_clear.py
[12.565s] -- Up-to-date: /home/misys/forza_ws/race_stack/install/slam_toolbox/local/lib/python3.10/dist-packages/slam_toolbox/srv/_pause.py
[12.565s] -- Up-to-date: /home/misys/forza_ws/race_stack/install/slam_toolbox/local/lib/python3.10/dist-packages/slam_toolbox/srv/_deserialize_pose_graph_s.c
[12.565s] -- Up-to-date: /home/misys/forza_ws/race_stack/install/slam_toolbox/local/lib/python3.10/dist-packages/slam_toolbox/srv/_toggle_interactive_s.c
[12.566s] -- Up-to-date: /home/misys/forza_ws/race_stack/install/slam_toolbox/local/lib/python3.10/dist-packages/slam_toolbox/srv/_clear_queue.py
[12.566s] -- Up-to-date: /home/misys/forza_ws/race_stack/install/slam_toolbox/local/lib/python3.10/dist-packages/slam_toolbox/srv/_toggle_interactive.py
[12.595s] -- Up-to-date: /home/misys/forza_ws/race_stack/install/slam_toolbox/local/lib/python3.10/dist-packages/slam_toolbox/srv/_add_submap.py
[12.596s] -- Up-to-date: /home/misys/forza_ws/race_stack/install/slam_toolbox/local/lib/python3.10/dist-packages/slam_toolbox/srv/_save_map.py
[12.596s] -- Up-to-date: /home/misys/forza_ws/race_stack/install/slam_toolbox/local/lib/python3.10/dist-packages/slam_toolbox/srv/_add_submap_s.c
[12.596s] -- Up-to-date: /home/misys/forza_ws/race_stack/install/slam_toolbox/local/lib/python3.10/dist-packages/slam_toolbox/srv/_pause_s.c
[12.596s] -- Up-to-date: /home/misys/forza_ws/race_stack/install/slam_toolbox/local/lib/python3.10/dist-packages/slam_toolbox/srv/_save_map_s.c
[12.596s] -- Up-to-date: /home/misys/forza_ws/race_stack/install/slam_toolbox/local/lib/python3.10/dist-packages/slam_toolbox/srv/__init__.py
[12.596s] -- Up-to-date: /home/misys/forza_ws/race_stack/install/slam_toolbox/local/lib/python3.10/dist-packages/slam_toolbox/srv/_loop_closure_s.c
[12.596s] -- Up-to-date: /home/misys/forza_ws/race_stack/install/slam_toolbox/local/lib/python3.10/dist-packages/slam_toolbox/srv/_serialize_pose_graph_s.c
[12.596s] -- Up-to-date: /home/misys/forza_ws/race_stack/install/slam_toolbox/local/lib/python3.10/dist-packages/slam_toolbox/srv/_merge_maps.py
[12.597s] -- Up-to-date: /home/misys/forza_ws/race_stack/install/slam_toolbox/local/lib/python3.10/dist-packages/slam_toolbox/srv/_clear_queue_s.c
[12.597s] -- Up-to-date: /home/misys/forza_ws/race_stack/install/slam_toolbox/local/lib/python3.10/dist-packages/slam_toolbox/__init__.py
[12.913s] Listing '/home/misys/forza_ws/race_stack/install/slam_toolbox/local/lib/python3.10/dist-packages/slam_toolbox'...
[12.913s] Listing '/home/misys/forza_ws/race_stack/install/slam_toolbox/local/lib/python3.10/dist-packages/slam_toolbox/srv'...
[12.939s] -- Up-to-date: /home/misys/forza_ws/race_stack/install/slam_toolbox/local/lib/python3.10/dist-packages/slam_toolbox/slam_toolbox_s__rosidl_typesupport_fastrtps_c.cpython-310-aarch64-linux-gnu.so
[12.939s] -- Up-to-date: /home/misys/forza_ws/race_stack/install/slam_toolbox/local/lib/python3.10/dist-packages/slam_toolbox/slam_toolbox_s__rosidl_typesupport_introspection_c.cpython-310-aarch64-linux-gnu.so
[12.940s] -- Up-to-date: /home/misys/forza_ws/race_stack/install/slam_toolbox/local/lib/python3.10/dist-packages/slam_toolbox/slam_toolbox_s__rosidl_typesupport_c.cpython-310-aarch64-linux-gnu.so
[12.941s] -- Up-to-date: /home/misys/forza_ws/race_stack/install/slam_toolbox/lib/libslam_toolbox__rosidl_generator_py.so
[12.942s] -- Up-to-date: /home/misys/forza_ws/race_stack/install/slam_toolbox/share/slam_toolbox/srv/Pause.idl
[12.943s] -- Up-to-date: /home/misys/forza_ws/race_stack/install/slam_toolbox/share/slam_toolbox/srv/ClearQueue.idl
[12.944s] -- Up-to-date: /home/misys/forza_ws/race_stack/install/slam_toolbox/share/slam_toolbox/srv/ToggleInteractive.idl
[12.944s] -- Up-to-date: /home/misys/forza_ws/race_stack/install/slam_toolbox/share/slam_toolbox/srv/Clear.idl
[12.944s] -- Up-to-date: /home/misys/forza_ws/race_stack/install/slam_toolbox/share/slam_toolbox/srv/SaveMap.idl
[12.944s] -- Up-to-date: /home/misys/forza_ws/race_stack/install/slam_toolbox/share/slam_toolbox/srv/LoopClosure.idl
[12.944s] -- Up-to-date: /home/misys/forza_ws/race_stack/install/slam_toolbox/share/slam_toolbox/srv/MergeMaps.idl
[12.944s] -- Up-to-date: /home/misys/forza_ws/race_stack/install/slam_toolbox/share/slam_toolbox/srv/AddSubmap.idl
[12.944s] -- Up-to-date: /home/misys/forza_ws/race_stack/install/slam_toolbox/share/slam_toolbox/srv/DeserializePoseGraph.idl
[12.945s] -- Up-to-date: /home/misys/forza_ws/race_stack/install/slam_toolbox/share/slam_toolbox/srv/SerializePoseGraph.idl
[12.945s] -- Up-to-date: /home/misys/forza_ws/race_stack/install/slam_toolbox/share/slam_toolbox/srvs/Pause.srv
[12.945s] -- Up-to-date: /home/misys/forza_ws/race_stack/install/slam_toolbox/share/slam_toolbox/srvs/Pause_Request.msg
[12.945s] -- Up-to-date: /home/misys/forza_ws/race_stack/install/slam_toolbox/share/slam_toolbox/srvs/Pause_Response.msg
[12.945s] -- Up-to-date: /home/misys/forza_ws/race_stack/install/slam_toolbox/share/slam_toolbox/srvs/ClearQueue.srv
[12.945s] -- Up-to-date: /home/misys/forza_ws/race_stack/install/slam_toolbox/share/slam_toolbox/srvs/ClearQueue_Request.msg
[12.945s] -- Up-to-date: /home/misys/forza_ws/race_stack/install/slam_toolbox/share/slam_toolbox/srvs/ClearQueue_Response.msg
[12.945s] -- Up-to-date: /home/misys/forza_ws/race_stack/install/slam_toolbox/share/slam_toolbox/srvs/ToggleInteractive.srv
[12.946s] -- Up-to-date: /home/misys/forza_ws/race_stack/install/slam_toolbox/share/slam_toolbox/srvs/ToggleInteractive_Request.msg
[12.946s] -- Up-to-date: /home/misys/forza_ws/race_stack/install/slam_toolbox/share/slam_toolbox/srvs/ToggleInteractive_Response.msg
[12.946s] -- Up-to-date: /home/misys/forza_ws/race_stack/install/slam_toolbox/share/slam_toolbox/srvs/Clear.srv
[12.947s] -- Up-to-date: /home/misys/forza_ws/race_stack/install/slam_toolbox/share/slam_toolbox/srvs/Clear_Request.msg
[12.947s] -- Up-to-date: /home/misys/forza_ws/race_stack/install/slam_toolbox/share/slam_toolbox/srvs/Clear_Response.msg
[12.947s] -- Up-to-date: /home/misys/forza_ws/race_stack/install/slam_toolbox/share/slam_toolbox/srvs/SaveMap.srv
[12.947s] -- Up-to-date: /home/misys/forza_ws/race_stack/install/slam_toolbox/share/slam_toolbox/srvs/SaveMap_Request.msg
[12.948s] -- Up-to-date: /home/misys/forza_ws/race_stack/install/slam_toolbox/share/slam_toolbox/srvs/SaveMap_Response.msg
[12.948s] -- Up-to-date: /home/misys/forza_ws/race_stack/install/slam_toolbox/share/slam_toolbox/srvs/LoopClosure.srv
[12.948s] -- Up-to-date: /home/misys/forza_ws/race_stack/install/slam_toolbox/share/slam_toolbox/srvs/LoopClosure_Request.msg
[12.948s] -- Up-to-date: /home/misys/forza_ws/race_stack/install/slam_toolbox/share/slam_toolbox/srvs/LoopClosure_Response.msg
[12.948s] -- Up-to-date: /home/misys/forza_ws/race_stack/install/slam_toolbox/share/slam_toolbox/srvs/MergeMaps.srv
[12.948s] -- Up-to-date: /home/misys/forza_ws/race_stack/install/slam_toolbox/share/slam_toolbox/srvs/MergeMaps_Request.msg
[12.948s] -- Up-to-date: /home/misys/forza_ws/race_stack/install/slam_toolbox/share/slam_toolbox/srvs/MergeMaps_Response.msg
[12.948s] -- Up-to-date: /home/misys/forza_ws/race_stack/install/slam_toolbox/share/slam_toolbox/srvs/AddSubmap.srv
[12.949s] -- Up-to-date: /home/misys/forza_ws/race_stack/install/slam_toolbox/share/slam_toolbox/srvs/AddSubmap_Request.msg
[12.949s] -- Up-to-date: /home/misys/forza_ws/race_stack/install/slam_toolbox/share/slam_toolbox/srvs/AddSubmap_Response.msg
[12.949s] -- Up-to-date: /home/misys/forza_ws/race_stack/install/slam_toolbox/share/slam_toolbox/srvs/DeserializePoseGraph.srv
[12.949s] -- Up-to-date: /home/misys/forza_ws/race_stack/install/slam_toolbox/share/slam_toolbox/srvs/DeserializePoseGraph_Request.msg
[12.949s] -- Up-to-date: /home/misys/forza_ws/race_stack/install/slam_toolbox/share/slam_toolbox/srvs/DeserializePoseGraph_Response.msg
[12.949s] -- Up-to-date: /home/misys/forza_ws/race_stack/install/slam_toolbox/share/slam_toolbox/srvs/SerializePoseGraph.srv
[12.949s] -- Up-to-date: /home/misys/forza_ws/race_stack/install/slam_toolbox/share/slam_toolbox/srvs/SerializePoseGraph_Request.msg
[12.949s] -- Up-to-date: /home/misys/forza_ws/race_stack/install/slam_toolbox/share/slam_toolbox/srvs/SerializePoseGraph_Response.msg
[12.949s] -- Up-to-date: /home/misys/forza_ws/race_stack/install/slam_toolbox/share/slam_toolbox/rviz_plugins.xml
[12.949s] -- Up-to-date: /home/misys/forza_ws/race_stack/install/slam_toolbox/share/slam_toolbox/solver_plugins.xml
[12.963s] -- Up-to-date: /home/misys/forza_ws/race_stack/install/slam_toolbox/lib/slam_toolbox/async_slam_toolbox_node
[12.964s] -- Up-to-date: /home/misys/forza_ws/race_stack/install/slam_toolbox/lib/slam_toolbox/sync_slam_toolbox_node
[12.970s] -- Up-to-date: /home/misys/forza_ws/race_stack/install/slam_toolbox/lib/slam_toolbox/localization_slam_toolbox_node
[12.973s] -- Up-to-date: /home/misys/forza_ws/race_stack/install/slam_toolbox/lib/slam_toolbox/map_and_localization_slam_toolbox_node
[12.975s] -- Up-to-date: /home/misys/forza_ws/race_stack/install/slam_toolbox/lib/slam_toolbox/merge_maps_kinematic
[12.979s] -- Up-to-date: /home/misys/forza_ws/race_stack/install/slam_toolbox/lib/libtoolbox_common.so
[12.980s] -- Up-to-date: /home/misys/forza_ws/race_stack/install/slam_toolbox/lib/libSlamToolboxPlugin.so
[12.986s] -- Up-to-date: /home/misys/forza_ws/race_stack/install/slam_toolbox/lib/libceres_solver_plugin.so
[12.990s] -- Up-to-date: /home/misys/forza_ws/race_stack/install/slam_toolbox/lib/libasync_slam_toolbox.so
[12.992s] -- Up-to-date: /home/misys/forza_ws/race_stack/install/slam_toolbox/lib/libsync_slam_toolbox.so
[12.993s] -- Up-to-date: /home/misys/forza_ws/race_stack/install/slam_toolbox/lib/liblocalization_slam_toolbox.so
[12.994s] -- Up-to-date: /home/misys/forza_ws/race_stack/install/slam_toolbox/lib/liblifelong_slam_toolbox.so
[12.995s] -- Up-to-date: /home/misys/forza_ws/race_stack/install/slam_toolbox/lib/libmap_and_localization_slam_toolbox.so
[13.006s] -- Up-to-date: /home/misys/forza_ws/race_stack/install/slam_toolbox/lib/libkartoSlamToolbox.so
[13.010s] -- Up-to-date: /home/misys/forza_ws/race_stack/install/slam_toolbox/lib/libSlamToolboxPlugin.so
[13.010s] -- Up-to-date: /home/misys/forza_ws/race_stack/install/slam_toolbox/include
[13.010s] -- Up-to-date: /home/misys/forza_ws/race_stack/install/slam_toolbox/include/slam_toolbox
[13.011s] -- Up-to-date: /home/misys/forza_ws/race_stack/install/slam_toolbox/include/slam_toolbox/laser_utils.hpp
[13.011s] -- Up-to-date: /home/misys/forza_ws/race_stack/install/slam_toolbox/include/slam_toolbox/merge_maps_kinematic.hpp
[13.011s] -- Up-to-date: /home/misys/forza_ws/race_stack/install/slam_toolbox/include/slam_toolbox/experimental
[13.011s] -- Up-to-date: /home/misys/forza_ws/race_stack/install/slam_toolbox/include/slam_toolbox/experimental/slam_toolbox_lifelong.hpp
[13.011s] -- Up-to-date: /home/misys/forza_ws/race_stack/install/slam_toolbox/include/slam_toolbox/experimental/slam_toolbox_map_and_localization.hpp
[13.011s] -- Up-to-date: /home/misys/forza_ws/race_stack/install/slam_toolbox/include/slam_toolbox/get_pose_helper.hpp
[13.011s] -- Up-to-date: /home/misys/forza_ws/race_stack/install/slam_toolbox/include/slam_toolbox/toolbox_types.hpp
[13.011s] -- Up-to-date: /home/misys/forza_ws/race_stack/install/slam_toolbox/include/slam_toolbox/slam_toolbox_async.hpp
[13.011s] -- Up-to-date: /home/misys/forza_ws/race_stack/install/slam_toolbox/include/slam_toolbox/slam_mapper.hpp
[13.012s] -- Up-to-date: /home/misys/forza_ws/race_stack/install/slam_toolbox/include/slam_toolbox/slam_toolbox_localization.hpp
[13.012s] -- Up-to-date: /home/misys/forza_ws/race_stack/install/slam_toolbox/include/slam_toolbox/loop_closure_assistant.hpp
[13.012s] -- Up-to-date: /home/misys/forza_ws/race_stack/install/slam_toolbox/include/slam_toolbox/visualization_utils.hpp
[13.012s] -- Up-to-date: /home/misys/forza_ws/race_stack/install/slam_toolbox/include/slam_toolbox/snap_utils.hpp
[13.012s] -- Up-to-date: /home/misys/forza_ws/race_stack/install/slam_toolbox/include/slam_toolbox/toolbox_msgs.hpp
[13.012s] -- Up-to-date: /home/misys/forza_ws/race_stack/install/slam_toolbox/include/slam_toolbox/map_saver.hpp
[13.012s] -- Up-to-date: /home/misys/forza_ws/race_stack/install/slam_toolbox/include/slam_toolbox/slam_toolbox_sync.hpp
[13.012s] -- Up-to-date: /home/misys/forza_ws/race_stack/install/slam_toolbox/include/slam_toolbox/serialization.hpp
[13.012s] -- Up-to-date: /home/misys/forza_ws/race_stack/install/slam_toolbox/include/slam_toolbox/slam_toolbox_common.hpp
[13.012s] -- Up-to-date: /home/misys/forza_ws/race_stack/install/slam_toolbox/share/slam_toolbox/launch
[13.013s] -- Up-to-date: /home/misys/forza_ws/race_stack/install/slam_toolbox/share/slam_toolbox/launch/online_async_launch.py
[13.013s] -- Up-to-date: /home/misys/forza_ws/race_stack/install/slam_toolbox/share/slam_toolbox/launch/online_sync_launch.py
[13.013s] -- Up-to-date: /home/misys/forza_ws/race_stack/install/slam_toolbox/share/slam_toolbox/launch/offline_launch_forza.py
[13.013s] -- Up-to-date: /home/misys/forza_ws/race_stack/install/slam_toolbox/share/slam_toolbox/launch/localization_launch.py
[13.013s] -- Up-to-date: /home/misys/forza_ws/race_stack/install/slam_toolbox/share/slam_toolbox/launch/merge_maps_kinematic_launch.py
[13.013s] -- Up-to-date: /home/misys/forza_ws/race_stack/install/slam_toolbox/share/slam_toolbox/launch/offline_launch.py
[13.013s] -- Up-to-date: /home/misys/forza_ws/race_stack/install/slam_toolbox/share/slam_toolbox/config
[13.019s] -- Up-to-date: /home/misys/forza_ws/race_stack/install/slam_toolbox/share/slam_toolbox/config/mapper_params_lifelong.yaml
[13.019s] -- Up-to-date: /home/misys/forza_ws/race_stack/install/slam_toolbox/share/slam_toolbox/config/mapper_params_offline_forza.yaml
[13.019s] -- Up-to-date: /home/misys/forza_ws/race_stack/install/slam_toolbox/share/slam_toolbox/config/slam_toolbox_default.rviz
[13.020s] -- Up-to-date: /home/misys/forza_ws/race_stack/install/slam_toolbox/share/slam_toolbox/config/mapper_params_offline.yaml
[13.020s] -- Up-to-date: /home/misys/forza_ws/race_stack/install/slam_toolbox/share/slam_toolbox/config/mapper_params_online_sync.yaml
[13.020s] -- Up-to-date: /home/misys/forza_ws/race_stack/install/slam_toolbox/share/slam_toolbox/config/mapper_params_localization.yaml
[13.020s] -- Up-to-date: /home/misys/forza_ws/race_stack/install/slam_toolbox/share/slam_toolbox/config/mapper_params_online_async.yaml
[13.020s] -- Up-to-date: /home/misys/forza_ws/race_stack/install/slam_toolbox/share/solver_plugins.xml
[13.020s] -- Up-to-date: /home/misys/forza_ws/race_stack/install/slam_toolbox/share/rviz_plugins.xml
[13.020s] -- Up-to-date: /home/misys/forza_ws/race_stack/install/slam_toolbox/share/ament_index/resource_index/package_run_dependencies/slam_toolbox
[13.020s] -- Up-to-date: /home/misys/forza_ws/race_stack/install/slam_toolbox/share/ament_index/resource_index/parent_prefix_path/slam_toolbox
[13.020s] -- Up-to-date: /home/misys/forza_ws/race_stack/install/slam_toolbox/share/slam_toolbox/environment/ament_prefix_path.sh
[13.021s] -- Up-to-date: /home/misys/forza_ws/race_stack/install/slam_toolbox/share/slam_toolbox/environment/ament_prefix_path.dsv
[13.021s] -- Up-to-date: /home/misys/forza_ws/race_stack/install/slam_toolbox/share/slam_toolbox/environment/path.sh
[13.021s] -- Up-to-date: /home/misys/forza_ws/race_stack/install/slam_toolbox/share/slam_toolbox/environment/path.dsv
[13.021s] -- Up-to-date: /home/misys/forza_ws/race_stack/install/slam_toolbox/share/slam_toolbox/local_setup.bash
[13.021s] -- Up-to-date: /home/misys/forza_ws/race_stack/install/slam_toolbox/share/slam_toolbox/local_setup.sh
[13.021s] -- Up-to-date: /home/misys/forza_ws/race_stack/install/slam_toolbox/share/slam_toolbox/local_setup.zsh
[13.021s] -- Up-to-date: /home/misys/forza_ws/race_stack/install/slam_toolbox/share/slam_toolbox/local_setup.dsv
[13.021s] -- Installing: /home/misys/forza_ws/race_stack/install/slam_toolbox/share/slam_toolbox/package.dsv
[13.022s] -- Up-to-date: /home/misys/forza_ws/race_stack/install/slam_toolbox/share/ament_index/resource_index/packages/slam_toolbox
[13.022s] -- Up-to-date: /home/misys/forza_ws/race_stack/install/slam_toolbox/share/ament_index/resource_index/rviz_common__pluginlib__plugin/slam_toolbox
[13.022s] -- Up-to-date: /home/misys/forza_ws/race_stack/install/slam_toolbox/share/ament_index/resource_index/slam_toolbox__pluginlib__plugin/slam_toolbox
[13.026s] -- Up-to-date: /home/misys/forza_ws/race_stack/install/slam_toolbox/share/slam_toolbox/cmake/export_slam_toolbox__rosidl_generator_cExport.cmake
[13.026s] -- Up-to-date: /home/misys/forza_ws/race_stack/install/slam_toolbox/share/slam_toolbox/cmake/export_slam_toolbox__rosidl_generator_cExport-release.cmake
[13.033s] -- Up-to-date: /home/misys/forza_ws/race_stack/install/slam_toolbox/share/slam_toolbox/cmake/export_slam_toolbox__rosidl_typesupport_fastrtps_cExport.cmake
[13.033s] -- Up-to-date: /home/misys/forza_ws/race_stack/install/slam_toolbox/share/slam_toolbox/cmake/export_slam_toolbox__rosidl_typesupport_fastrtps_cExport-release.cmake
[13.033s] -- Up-to-date: /home/misys/forza_ws/race_stack/install/slam_toolbox/share/slam_toolbox/cmake/export_slam_toolbox__rosidl_generator_cppExport.cmake
[13.034s] -- Up-to-date: /home/misys/forza_ws/race_stack/install/slam_toolbox/share/slam_toolbox/cmake/export_slam_toolbox__rosidl_typesupport_fastrtps_cppExport.cmake
[13.034s] -- Up-to-date: /home/misys/forza_ws/race_stack/install/slam_toolbox/share/slam_toolbox/cmake/export_slam_toolbox__rosidl_typesupport_fastrtps_cppExport-release.cmake
[13.035s] -- Up-to-date: /home/misys/forza_ws/race_stack/install/slam_toolbox/share/slam_toolbox/cmake/slam_toolbox__rosidl_typesupport_introspection_cExport.cmake
[13.035s] -- Up-to-date: /home/misys/forza_ws/race_stack/install/slam_toolbox/share/slam_toolbox/cmake/slam_toolbox__rosidl_typesupport_introspection_cExport-release.cmake
[13.036s] -- Up-to-date: /home/misys/forza_ws/race_stack/install/slam_toolbox/share/slam_toolbox/cmake/slam_toolbox__rosidl_typesupport_cExport.cmake
[13.036s] -- Up-to-date: /home/misys/forza_ws/race_stack/install/slam_toolbox/share/slam_toolbox/cmake/slam_toolbox__rosidl_typesupport_cExport-release.cmake
[13.036s] -- Up-to-date: /home/misys/forza_ws/race_stack/install/slam_toolbox/share/slam_toolbox/cmake/slam_toolbox__rosidl_typesupport_introspection_cppExport.cmake
[13.036s] -- Up-to-date: /home/misys/forza_ws/race_stack/install/slam_toolbox/share/slam_toolbox/cmake/slam_toolbox__rosidl_typesupport_introspection_cppExport-release.cmake
[13.037s] -- Up-to-date: /home/misys/forza_ws/race_stack/install/slam_toolbox/share/slam_toolbox/cmake/slam_toolbox__rosidl_typesupport_cppExport.cmake
[13.037s] -- Up-to-date: /home/misys/forza_ws/race_stack/install/slam_toolbox/share/slam_toolbox/cmake/slam_toolbox__rosidl_typesupport_cppExport-release.cmake
[13.038s] -- Up-to-date: /home/misys/forza_ws/race_stack/install/slam_toolbox/share/slam_toolbox/cmake/export_slam_toolbox__rosidl_generator_pyExport.cmake
[13.038s] -- Up-to-date: /home/misys/forza_ws/race_stack/install/slam_toolbox/share/slam_toolbox/cmake/export_slam_toolbox__rosidl_generator_pyExport-release.cmake
[13.042s] -- Up-to-date: /home/misys/forza_ws/race_stack/install/slam_toolbox/share/slam_toolbox/cmake/SlamToolboxPluginExport.cmake
[13.042s] -- Up-to-date: /home/misys/forza_ws/race_stack/install/slam_toolbox/share/slam_toolbox/cmake/SlamToolboxPluginExport-release.cmake
[13.043s] -- Up-to-date: /home/misys/forza_ws/race_stack/install/slam_toolbox/share/ament_index/resource_index/rclcpp_components/slam_toolbox
[13.043s] -- Up-to-date: /home/misys/forza_ws/race_stack/install/slam_toolbox/share/slam_toolbox/cmake/rosidl_cmake-extras.cmake
[13.043s] -- Up-to-date: /home/misys/forza_ws/race_stack/install/slam_toolbox/share/slam_toolbox/cmake/ament_cmake_export_dependencies-extras.cmake
[13.043s] -- Up-to-date: /home/misys/forza_ws/race_stack/install/slam_toolbox/share/slam_toolbox/cmake/ament_cmake_export_include_directories-extras.cmake
[13.043s] -- Up-to-date: /home/misys/forza_ws/race_stack/install/slam_toolbox/share/slam_toolbox/cmake/ament_cmake_export_libraries-extras.cmake
[13.044s] -- Up-to-date: /home/misys/forza_ws/race_stack/install/slam_toolbox/share/slam_toolbox/cmake/ament_cmake_export_targets-extras.cmake
[13.044s] -- Up-to-date: /home/misys/forza_ws/race_stack/install/slam_toolbox/share/slam_toolbox/cmake/rosidl_cmake_export_typesupport_targets-extras.cmake
[13.044s] -- Up-to-date: /home/misys/forza_ws/race_stack/install/slam_toolbox/share/slam_toolbox/cmake/rosidl_cmake_export_typesupport_libraries-extras.cmake
[13.044s] -- Up-to-date: /home/misys/forza_ws/race_stack/install/slam_toolbox/share/slam_toolbox/cmake/slam_toolboxConfig.cmake
[13.044s] -- Up-to-date: /home/misys/forza_ws/race_stack/install/slam_toolbox/share/slam_toolbox/cmake/slam_toolboxConfig-version.cmake
[13.044s] -- Up-to-date: /home/misys/forza_ws/race_stack/install/slam_toolbox/share/slam_toolbox/package.xml
[13.046s] -- Up-to-date: /home/misys/forza_ws/race_stack/install/slam_toolbox/include/
[13.047s] -- Up-to-date: /home/misys/forza_ws/race_stack/install/slam_toolbox/include//karto_sdk
[13.047s] -- Up-to-date: /home/misys/forza_ws/race_stack/install/slam_toolbox/include//karto_sdk/nanoflann_adaptors.h
[13.047s] -- Up-to-date: /home/misys/forza_ws/race_stack/install/slam_toolbox/include//karto_sdk/nanoflann.hpp
[13.047s] -- Up-to-date: /home/misys/forza_ws/race_stack/install/slam_toolbox/include//karto_sdk/Math.h
[13.047s] -- Up-to-date: /home/misys/forza_ws/race_stack/install/slam_toolbox/include//karto_sdk/Mapper.h
[13.047s] -- Up-to-date: /home/misys/forza_ws/race_stack/install/slam_toolbox/include//karto_sdk/Karto.h
[13.047s] -- Up-to-date: /home/misys/forza_ws/race_stack/install/slam_toolbox/include//karto_sdk/Macros.h
[13.048s] -- Up-to-date: /home/misys/forza_ws/race_stack/install/slam_toolbox/include//karto_sdk/Types.h
[14.840s] Invoked command in '/home/misys/forza_ws/race_stack/build/slam_toolbox' returned '0': CMAKE_PREFIX_PATH=${CMAKE_PREFIX_PATH}:/home/misys/forza_ws/race_stack/install/f1tenth_stack:/home/misys/forza_ws/race_stack/install/joy_teleop:/home/misys/forza_ws/race_stack/install/steering_lookup:/home/misys/forza_ws/race_stack/install/state_machine:/home/misys/forza_ws/race_stack/install/slam_tuner:/home/misys/forza_ws/race_stack/install/state_estimation:/home/misys/forza_ws/race_stack/install/map_editor:/home/misys/forza_ws/race_stack/install/stack_master:/home/misys/forza_ws/race_stack/install/spline_planner:/home/misys/forza_ws/race_stack/install/sector_tuner:/home/misys/forza_ws/race_stack/install/perception:/home/misys/forza_ws/race_stack/install/particle_filter:/home/misys/forza_ws/race_stack/install/opponent_publisher:/home/misys/forza_ws/race_stack/install/mouse_teleop:/home/misys/forza_ws/race_stack/install/lap_analyser:/home/misys/forza_ws/race_stack/install/key_teleop:/home/misys/forza_ws/race_stack/install/id_controller:/home/misys/forza_ws/race_stack/install/global_planner:/home/misys/forza_ws/race_stack/install/frenet_odom_republisher:/home/misys/forza_ws/race_stack/install/frenet_conversion:/home/misys/forza_ws/race_stack/install/f1tenth_gym_ros:/home/misys/forza_ws/race_stack/install/controller:/opt/ros/humble /usr/bin/cmake --install /home/misys/forza_ws/race_stack/build/slam_toolbox
