[3.538s] Invoking command in '/home/misys/forza_ws/race_stack/state_machine': PYTHONPATH=/home/misys/forza_ws/race_stack/build/state_machine/prefix_override:/usr/lib/python3/dist-packages/colcon_core/task/python/colcon_distutils_commands:/home/misys/forza_ws/race_stack/install/state_machine/lib/python3.10/site-packages:${PYTHONPATH} /usr/bin/python3 -W ignore:setup.py install is deprecated -W ignore:easy_install command is deprecated setup.py egg_info --egg-base ../build/state_machine build --build-base /home/misys/forza_ws/race_stack/build/state_machine/build install --record /home/misys/forza_ws/race_stack/build/state_machine/install.log --single-version-externally-managed install_data
[4.228s] running egg_info
[4.229s] writing ../build/state_machine/state_machine.egg-info/PKG-INFO
[4.230s] writing dependency_links to ../build/state_machine/state_machine.egg-info/dependency_links.txt
[4.230s] writing entry points to ../build/state_machine/state_machine.egg-info/entry_points.txt
[4.230s] writing requirements to ../build/state_machine/state_machine.egg-info/requires.txt
[4.231s] writing top-level names to ../build/state_machine/state_machine.egg-info/top_level.txt
[4.235s] reading manifest file '../build/state_machine/state_machine.egg-info/SOURCES.txt'
[4.235s] adding license file 'LICENSE'
[4.236s] writing manifest file '../build/state_machine/state_machine.egg-info/SOURCES.txt'
[4.237s] running build
[4.237s] running build_py
[4.238s] running install
[4.238s] running install_lib
[4.242s] running install_data
[4.243s] running install_egg_info
[4.247s] removing '/home/misys/forza_ws/race_stack/install/state_machine/lib/python3.10/site-packages/state_machine-0.0.0-py3.10.egg-info' (and everything under it)
[4.248s] Copying ../build/state_machine/state_machine.egg-info to /home/misys/forza_ws/race_stack/install/state_machine/lib/python3.10/site-packages/state_machine-0.0.0-py3.10.egg-info
[4.250s] running install_scripts
[4.297s] Installing state_machine script to /home/misys/forza_ws/race_stack/install/state_machine/lib/state_machine
[4.298s] writing list of installed files to '/home/misys/forza_ws/race_stack/build/state_machine/install.log'
[5.166s] Invoked command in '/home/misys/forza_ws/race_stack/state_machine' returned '0': PYTHONPATH=/home/misys/forza_ws/race_stack/build/state_machine/prefix_override:/usr/lib/python3/dist-packages/colcon_core/task/python/colcon_distutils_commands:/home/misys/forza_ws/race_stack/install/state_machine/lib/python3.10/site-packages:${PYTHONPATH} /usr/bin/python3 -W ignore:setup.py install is deprecated -W ignore:easy_install command is deprecated setup.py egg_info --egg-base ../build/state_machine build --build-base /home/misys/forza_ws/race_stack/build/state_machine/build install --record /home/misys/forza_ws/race_stack/build/state_machine/install.log --single-version-externally-managed install_data
