[5.103s] Invoking command in '/home/misys/forza_ws/race_stack/controller': PYTHONPATH=/home/misys/forza_ws/race_stack/build/controller/prefix_override:/usr/lib/python3/dist-packages/colcon_core/task/python/colcon_distutils_commands:/home/misys/forza_ws/race_stack/install/controller/lib/python3.10/site-packages:${PYTHONPATH} /usr/bin/python3 -W ignore:setup.py install is deprecated -W ignore:easy_install command is deprecated setup.py egg_info --egg-base ../build/controller build --build-base /home/misys/forza_ws/race_stack/build/controller/build install --record /home/misys/forza_ws/race_stack/build/controller/install.log --single-version-externally-managed install_data
[6.332s] running egg_info
[6.334s] writing ../build/controller/controller.egg-info/PKG-INFO
[6.335s] writing dependency_links to ../build/controller/controller.egg-info/dependency_links.txt
[6.335s] writing entry points to ../build/controller/controller.egg-info/entry_points.txt
[6.336s] writing requirements to ../build/controller/controller.egg-info/requires.txt
[6.337s] writing top-level names to ../build/controller/controller.egg-info/top_level.txt
[6.343s] reading manifest file '../build/controller/controller.egg-info/SOURCES.txt'
[6.344s] adding license file 'LICENSE'
[6.346s] writing manifest file '../build/controller/controller.egg-info/SOURCES.txt'
[6.346s] running build
[6.346s] running build_py
[6.347s] copying controller/pp.py -> /home/misys/forza_ws/race_stack/build/controller/build/lib/controller
[6.348s] copying controller/controller_manager.py -> /home/misys/forza_ws/race_stack/build/controller/build/lib/controller
[6.350s] running install
[6.350s] running install_lib
[6.353s] copying /home/misys/forza_ws/race_stack/build/controller/build/lib/controller/pp.py -> /home/misys/forza_ws/race_stack/install/controller/lib/python3.10/site-packages/controller
[6.354s] copying /home/misys/forza_ws/race_stack/build/controller/build/lib/controller/controller_manager.py -> /home/misys/forza_ws/race_stack/install/controller/lib/python3.10/site-packages/controller
[6.357s] byte-compiling /home/misys/forza_ws/race_stack/install/controller/lib/python3.10/site-packages/controller/pp.py to pp.cpython-310.pyc
[6.361s] byte-compiling /home/misys/forza_ws/race_stack/install/controller/lib/python3.10/site-packages/controller/controller_manager.py to controller_manager.cpython-310.pyc
[6.371s] running install_data
[6.371s] running install_egg_info
[6.377s] removing '/home/misys/forza_ws/race_stack/install/controller/lib/python3.10/site-packages/controller-0.0.0-py3.10.egg-info' (and everything under it)
[6.378s] Copying ../build/controller/controller.egg-info to /home/misys/forza_ws/race_stack/install/controller/lib/python3.10/site-packages/controller-0.0.0-py3.10.egg-info
[6.381s] running install_scripts
[6.447s] Installing controller script to /home/misys/forza_ws/race_stack/install/controller/lib/controller
[6.449s] writing list of installed files to '/home/misys/forza_ws/race_stack/build/controller/install.log'
[6.686s] Invoked command in '/home/misys/forza_ws/race_stack/controller' returned '0': PYTHONPATH=/home/misys/forza_ws/race_stack/build/controller/prefix_override:/usr/lib/python3/dist-packages/colcon_core/task/python/colcon_distutils_commands:/home/misys/forza_ws/race_stack/install/controller/lib/python3.10/site-packages:${PYTHONPATH} /usr/bin/python3 -W ignore:setup.py install is deprecated -W ignore:easy_install command is deprecated setup.py egg_info --egg-base ../build/controller build --build-base /home/misys/forza_ws/race_stack/build/controller/build install --record /home/misys/forza_ws/race_stack/build/controller/install.log --single-version-externally-managed install_data
