[4.534s] Invoking command in '/home/misys/forza_ws/race_stack/controller': PYTHONPATH=/home/misys/forza_ws/race_stack/build/controller/prefix_override:/usr/lib/python3/dist-packages/colcon_core/task/python/colcon_distutils_commands:/home/misys/forza_ws/race_stack/install/controller/lib/python3.10/site-packages:${PYTHONPATH} /usr/bin/python3 -W ignore:setup.py install is deprecated -W ignore:easy_install command is deprecated setup.py egg_info --egg-base ../build/controller build --build-base /home/misys/forza_ws/race_stack/build/controller/build install --record /home/misys/forza_ws/race_stack/build/controller/install.log --single-version-externally-managed install_data
[5.576s] running egg_info
[5.582s] writing ../build/controller/controller.egg-info/PKG-INFO
[5.587s] writing dependency_links to ../build/controller/controller.egg-info/dependency_links.txt
[5.587s] writing entry points to ../build/controller/controller.egg-info/entry_points.txt
[5.587s] writing requirements to ../build/controller/controller.egg-info/requires.txt
[5.588s] writing top-level names to ../build/controller/controller.egg-info/top_level.txt
[5.594s] reading manifest file '../build/controller/controller.egg-info/SOURCES.txt'
[5.596s] adding license file 'LICENSE'
[5.598s] writing manifest file '../build/controller/controller.egg-info/SOURCES.txt'
[5.598s] running build
[5.598s] running build_py
[5.599s] running install
[5.600s] running install_lib
[5.604s] running install_data
[5.605s] running install_egg_info
[5.617s] removing '/home/misys/forza_ws/race_stack/install/controller/lib/python3.10/site-packages/controller-0.0.0-py3.10.egg-info' (and everything under it)
[5.622s] Copying ../build/controller/controller.egg-info to /home/misys/forza_ws/race_stack/install/controller/lib/python3.10/site-packages/controller-0.0.0-py3.10.egg-info
[5.626s] running install_scripts
[5.716s] Installing controller script to /home/misys/forza_ws/race_stack/install/controller/lib/controller
[5.725s] writing list of installed files to '/home/misys/forza_ws/race_stack/build/controller/install.log'
[6.163s] Invoked command in '/home/misys/forza_ws/race_stack/controller' returned '0': PYTHONPATH=/home/misys/forza_ws/race_stack/build/controller/prefix_override:/usr/lib/python3/dist-packages/colcon_core/task/python/colcon_distutils_commands:/home/misys/forza_ws/race_stack/install/controller/lib/python3.10/site-packages:${PYTHONPATH} /usr/bin/python3 -W ignore:setup.py install is deprecated -W ignore:easy_install command is deprecated setup.py egg_info --egg-base ../build/controller build --build-base /home/misys/forza_ws/race_stack/build/controller/build install --record /home/misys/forza_ws/race_stack/build/controller/install.log --single-version-externally-managed install_data
