[1.945s] Invoking command in '/home/misys/forza_ws/race_stack/controller': PYTHONPATH=/home/misys/forza_ws/race_stack/build/controller/prefix_override:/usr/lib/python3/dist-packages/colcon_core/task/python/colcon_distutils_commands:/home/misys/forza_ws/race_stack/install/controller/lib/python3.10/site-packages:${PYTHONPATH} /usr/bin/python3 -W ignore:setup.py install is deprecated -W ignore:easy_install command is deprecated setup.py egg_info --egg-base ../build/controller build --build-base /home/misys/forza_ws/race_stack/build/controller/build install --record /home/misys/forza_ws/race_stack/build/controller/install.log --single-version-externally-managed install_data
[3.233s] running egg_info
[3.234s] writing ../build/controller/controller.egg-info/PKG-INFO
[3.235s] writing dependency_links to ../build/controller/controller.egg-info/dependency_links.txt
[3.235s] writing entry points to ../build/controller/controller.egg-info/entry_points.txt
[3.235s] writing requirements to ../build/controller/controller.egg-info/requires.txt
[3.236s] writing top-level names to ../build/controller/controller.egg-info/top_level.txt
[3.274s] reading manifest file '../build/controller/controller.egg-info/SOURCES.txt'
[3.301s] adding license file 'LICENSE'
[3.302s] writing manifest file '../build/controller/controller.egg-info/SOURCES.txt'
[3.303s] running build
[3.308s] running build_py
[3.309s] copying controller/controller_manager.py -> /home/misys/forza_ws/race_stack/build/controller/build/lib/controller
[3.310s] running install
[3.312s] running install_lib
[3.329s] copying /home/misys/forza_ws/race_stack/build/controller/build/lib/controller/controller_manager.py -> /home/misys/forza_ws/race_stack/install/controller/lib/python3.10/site-packages/controller
[3.332s] byte-compiling /home/misys/forza_ws/race_stack/install/controller/lib/python3.10/site-packages/controller/controller_manager.py to controller_manager.cpython-310.pyc
[3.350s] running install_data
[3.364s] running install_egg_info
[3.366s] removing '/home/misys/forza_ws/race_stack/install/controller/lib/python3.10/site-packages/controller-0.0.0-py3.10.egg-info' (and everything under it)
[3.367s] Copying ../build/controller/controller.egg-info to /home/misys/forza_ws/race_stack/install/controller/lib/python3.10/site-packages/controller-0.0.0-py3.10.egg-info
[3.373s] running install_scripts
[3.487s] Installing controller script to /home/misys/forza_ws/race_stack/install/controller/lib/controller
[3.489s] writing list of installed files to '/home/misys/forza_ws/race_stack/build/controller/install.log'
[3.589s] Invoked command in '/home/misys/forza_ws/race_stack/controller' returned '0': PYTHONPATH=/home/misys/forza_ws/race_stack/build/controller/prefix_override:/usr/lib/python3/dist-packages/colcon_core/task/python/colcon_distutils_commands:/home/misys/forza_ws/race_stack/install/controller/lib/python3.10/site-packages:${PYTHONPATH} /usr/bin/python3 -W ignore:setup.py install is deprecated -W ignore:easy_install command is deprecated setup.py egg_info --egg-base ../build/controller build --build-base /home/misys/forza_ws/race_stack/build/controller/build install --record /home/misys/forza_ws/race_stack/build/controller/install.log --single-version-externally-managed install_data
