[2.839s] Invoking command in '/home/misys/forza_ws/race_stack/base_system/f110_simulator/f1tenth_gym_ros': PYTHONPATH=/home/misys/forza_ws/race_stack/build/f1tenth_gym_ros/prefix_override:/usr/lib/python3/dist-packages/colcon_core/task/python/colcon_distutils_commands:/home/misys/forza_ws/race_stack/install/f1tenth_gym_ros/lib/python3.10/site-packages:${PYTHONPATH} /usr/bin/python3 -W ignore:setup.py install is deprecated -W ignore:easy_install command is deprecated setup.py egg_info --egg-base ../../../build/f1tenth_gym_ros build --build-base /home/misys/forza_ws/race_stack/build/f1tenth_gym_ros/build install --record /home/misys/forza_ws/race_stack/build/f1tenth_gym_ros/install.log --single-version-externally-managed install_data
[3.540s] running egg_info
[3.547s] writing ../../../build/f1tenth_gym_ros/f1tenth_gym_ros.egg-info/PKG-INFO
[3.547s] writing dependency_links to ../../../build/f1tenth_gym_ros/f1tenth_gym_ros.egg-info/dependency_links.txt
[3.547s] writing entry points to ../../../build/f1tenth_gym_ros/f1tenth_gym_ros.egg-info/entry_points.txt
[3.548s] writing requirements to ../../../build/f1tenth_gym_ros/f1tenth_gym_ros.egg-info/requires.txt
[3.548s] writing top-level names to ../../../build/f1tenth_gym_ros/f1tenth_gym_ros.egg-info/top_level.txt
[3.548s] reading manifest file '../../../build/f1tenth_gym_ros/f1tenth_gym_ros.egg-info/SOURCES.txt'
[3.549s] adding license file 'LICENSE'
[3.554s] writing manifest file '../../../build/f1tenth_gym_ros/f1tenth_gym_ros.egg-info/SOURCES.txt'
[3.555s] running build
[3.555s] running build_py
[3.555s] running install
[3.555s] running install_lib
[3.556s] running install_data
[3.557s] running install_egg_info
[3.561s] removing '/home/misys/forza_ws/race_stack/install/f1tenth_gym_ros/lib/python3.10/site-packages/f1tenth_gym_ros-0.0.0-py3.10.egg-info' (and everything under it)
[3.562s] Copying ../../../build/f1tenth_gym_ros/f1tenth_gym_ros.egg-info to /home/misys/forza_ws/race_stack/install/f1tenth_gym_ros/lib/python3.10/site-packages/f1tenth_gym_ros-0.0.0-py3.10.egg-info
[3.565s] running install_scripts
[3.613s] Installing gym_bridge script to /home/misys/forza_ws/race_stack/install/f1tenth_gym_ros/lib/f1tenth_gym_ros
[3.615s] writing list of installed files to '/home/misys/forza_ws/race_stack/build/f1tenth_gym_ros/install.log'
[5.339s] Invoked command in '/home/misys/forza_ws/race_stack/base_system/f110_simulator/f1tenth_gym_ros' returned '0': PYTHONPATH=/home/misys/forza_ws/race_stack/build/f1tenth_gym_ros/prefix_override:/usr/lib/python3/dist-packages/colcon_core/task/python/colcon_distutils_commands:/home/misys/forza_ws/race_stack/install/f1tenth_gym_ros/lib/python3.10/site-packages:${PYTHONPATH} /usr/bin/python3 -W ignore:setup.py install is deprecated -W ignore:easy_install command is deprecated setup.py egg_info --egg-base ../../../build/f1tenth_gym_ros build --build-base /home/misys/forza_ws/race_stack/build/f1tenth_gym_ros/build install --record /home/misys/forza_ws/race_stack/build/f1tenth_gym_ros/install.log --single-version-externally-managed install_data
