[3.318s] Invoking command in '/home/misys/forza_ws/race_stack/state_machine': PYTHONPATH=/home/misys/forza_ws/race_stack/build/state_machine/prefix_override:/usr/lib/python3/dist-packages/colcon_core/task/python/colcon_distutils_commands:/home/misys/forza_ws/race_stack/install/state_machine/lib/python3.10/site-packages:${PYTHONPATH} /usr/bin/python3 -W ignore:setup.py install is deprecated -W ignore:easy_install command is deprecated setup.py egg_info --egg-base ../build/state_machine build --build-base /home/misys/forza_ws/race_stack/build/state_machine/build install --record /home/misys/forza_ws/race_stack/build/state_machine/install.log --single-version-externally-managed install_data
[3.992s] running egg_info
[4.000s] writing ../build/state_machine/state_machine.egg-info/PKG-INFO
[4.005s] writing dependency_links to ../build/state_machine/state_machine.egg-info/dependency_links.txt
[4.005s] writing entry points to ../build/state_machine/state_machine.egg-info/entry_points.txt
[4.005s] writing requirements to ../build/state_machine/state_machine.egg-info/requires.txt
[4.006s] writing top-level names to ../build/state_machine/state_machine.egg-info/top_level.txt
[4.013s] reading manifest file '../build/state_machine/state_machine.egg-info/SOURCES.txt'
[4.018s] adding license file 'LICENSE'
[4.019s] writing manifest file '../build/state_machine/state_machine.egg-info/SOURCES.txt'
[4.020s] running build
[4.020s] running build_py
[4.022s] running install
[4.023s] running install_lib
[4.027s] running install_data
[4.028s] running install_egg_info
[4.033s] removing '/home/misys/forza_ws/race_stack/install/state_machine/lib/python3.10/site-packages/state_machine-0.0.0-py3.10.egg-info' (and everything under it)
[4.034s] Copying ../build/state_machine/state_machine.egg-info to /home/misys/forza_ws/race_stack/install/state_machine/lib/python3.10/site-packages/state_machine-0.0.0-py3.10.egg-info
[4.037s] running install_scripts
[4.089s] Installing state_machine script to /home/misys/forza_ws/race_stack/install/state_machine/lib/state_machine
[4.091s] writing list of installed files to '/home/misys/forza_ws/race_stack/build/state_machine/install.log'
[5.015s] Invoked command in '/home/misys/forza_ws/race_stack/state_machine' returned '0': PYTHONPATH=/home/misys/forza_ws/race_stack/build/state_machine/prefix_override:/usr/lib/python3/dist-packages/colcon_core/task/python/colcon_distutils_commands:/home/misys/forza_ws/race_stack/install/state_machine/lib/python3.10/site-packages:${PYTHONPATH} /usr/bin/python3 -W ignore:setup.py install is deprecated -W ignore:easy_install command is deprecated setup.py egg_info --egg-base ../build/state_machine build --build-base /home/misys/forza_ws/race_stack/build/state_machine/build install --record /home/misys/forza_ws/race_stack/build/state_machine/install.log --single-version-externally-managed install_data
