[3.084s] Invoking command in '/home/misys/forza_ws/race_stack/state_machine': PYTHONPATH=/home/misys/forza_ws/race_stack/build/state_machine/prefix_override:/usr/lib/python3/dist-packages/colcon_core/task/python/colcon_distutils_commands:/home/misys/forza_ws/race_stack/install/state_machine/lib/python3.10/site-packages:${PYTHONPATH} /usr/bin/python3 -W ignore:setup.py install is deprecated -W ignore:easy_install command is deprecated setup.py egg_info --egg-base ../build/state_machine build --build-base /home/misys/forza_ws/race_stack/build/state_machine/build install --record /home/misys/forza_ws/race_stack/build/state_machine/install.log --single-version-externally-managed install_data
[4.162s] running egg_info
[4.163s] writing ../build/state_machine/state_machine.egg-info/PKG-INFO
[4.164s] writing dependency_links to ../build/state_machine/state_machine.egg-info/dependency_links.txt
[4.165s] writing entry points to ../build/state_machine/state_machine.egg-info/entry_points.txt
[4.167s] writing requirements to ../build/state_machine/state_machine.egg-info/requires.txt
[4.168s] writing top-level names to ../build/state_machine/state_machine.egg-info/top_level.txt
[4.174s] reading manifest file '../build/state_machine/state_machine.egg-info/SOURCES.txt'
[4.174s] adding license file 'LICENSE'
[4.176s] writing manifest file '../build/state_machine/state_machine.egg-info/SOURCES.txt'
[4.177s] running build
[4.177s] running build_py
[4.179s] running install
[4.180s] running install_lib
[4.191s] running install_data
[4.191s] running install_egg_info
[4.196s] removing '/home/misys/forza_ws/race_stack/install/state_machine/lib/python3.10/site-packages/state_machine-0.0.0-py3.10.egg-info' (and everything under it)
[4.197s] Copying ../build/state_machine/state_machine.egg-info to /home/misys/forza_ws/race_stack/install/state_machine/lib/python3.10/site-packages/state_machine-0.0.0-py3.10.egg-info
[4.203s] running install_scripts
[4.267s] Installing state_machine script to /home/misys/forza_ws/race_stack/install/state_machine/lib/state_machine
[4.268s] writing list of installed files to '/home/misys/forza_ws/race_stack/build/state_machine/install.log'
[4.424s] Invoked command in '/home/misys/forza_ws/race_stack/state_machine' returned '0': PYTHONPATH=/home/misys/forza_ws/race_stack/build/state_machine/prefix_override:/usr/lib/python3/dist-packages/colcon_core/task/python/colcon_distutils_commands:/home/misys/forza_ws/race_stack/install/state_machine/lib/python3.10/site-packages:${PYTHONPATH} /usr/bin/python3 -W ignore:setup.py install is deprecated -W ignore:easy_install command is deprecated setup.py egg_info --egg-base ../build/state_machine build --build-base /home/misys/forza_ws/race_stack/build/state_machine/build install --record /home/misys/forza_ws/race_stack/build/state_machine/install.log --single-version-externally-managed install_data
