[2.696s] Invoking command in '/home/misys/forza_ws/race_stack/perception': PYTHONPATH=/home/misys/forza_ws/race_stack/build/perception/prefix_override:/usr/lib/python3/dist-packages/colcon_core/task/python/colcon_distutils_commands:/home/misys/forza_ws/race_stack/install/perception/lib/python3.10/site-packages:${PYTHONPATH} /usr/bin/python3 -W ignore:setup.py install is deprecated -W ignore:easy_install command is deprecated setup.py egg_info --egg-base ../build/perception build --build-base /home/misys/forza_ws/race_stack/build/perception/build install --record /home/misys/forza_ws/race_stack/build/perception/install.log --single-version-externally-managed install_data
[3.572s] running egg_info
[3.574s] creating ../build/perception/perception.egg-info
[3.577s] writing ../build/perception/perception.egg-info/PKG-INFO
[3.593s] writing dependency_links to ../build/perception/perception.egg-info/dependency_links.txt
[3.594s] writing entry points to ../build/perception/perception.egg-info/entry_points.txt
[3.594s] writing requirements to ../build/perception/perception.egg-info/requires.txt
[3.594s] writing top-level names to ../build/perception/perception.egg-info/top_level.txt
[3.594s] writing manifest file '../build/perception/perception.egg-info/SOURCES.txt'
[3.629s] reading manifest file '../build/perception/perception.egg-info/SOURCES.txt'
[3.633s] adding license file 'LICENSE'
[3.636s] writing manifest file '../build/perception/perception.egg-info/SOURCES.txt'
[3.636s] running build
[3.636s] running build_py
[3.636s] creating /home/misys/forza_ws/race_stack/build/perception/build
[3.637s] creating /home/misys/forza_ws/race_stack/build/perception/build/lib
[3.637s] creating /home/misys/forza_ws/race_stack/build/perception/build/lib/perception
[3.637s] copying perception/tracking.py -> /home/misys/forza_ws/race_stack/build/perception/build/lib/perception
[3.639s] copying perception/detect.py -> /home/misys/forza_ws/race_stack/build/perception/build/lib/perception
[3.643s] copying perception/__init__.py -> /home/misys/forza_ws/race_stack/build/perception/build/lib/perception
[3.644s] running install
[3.645s] running install_lib
[3.647s] creating /home/misys/forza_ws/race_stack/install/perception/lib/python3.10/site-packages/perception
[3.647s] copying /home/misys/forza_ws/race_stack/build/perception/build/lib/perception/tracking.py -> /home/misys/forza_ws/race_stack/install/perception/lib/python3.10/site-packages/perception
[3.648s] copying /home/misys/forza_ws/race_stack/build/perception/build/lib/perception/detect.py -> /home/misys/forza_ws/race_stack/install/perception/lib/python3.10/site-packages/perception
[3.648s] copying /home/misys/forza_ws/race_stack/build/perception/build/lib/perception/__init__.py -> /home/misys/forza_ws/race_stack/install/perception/lib/python3.10/site-packages/perception
[3.651s] byte-compiling /home/misys/forza_ws/race_stack/install/perception/lib/python3.10/site-packages/perception/tracking.py to tracking.cpython-310.pyc
[3.667s] byte-compiling /home/misys/forza_ws/race_stack/install/perception/lib/python3.10/site-packages/perception/detect.py to detect.cpython-310.pyc
[3.675s] byte-compiling /home/misys/forza_ws/race_stack/install/perception/lib/python3.10/site-packages/perception/__init__.py to __init__.cpython-310.pyc
[3.675s] running install_data
[3.676s] creating /home/misys/forza_ws/race_stack/install/perception/share/ament_index
[3.676s] creating /home/misys/forza_ws/race_stack/install/perception/share/ament_index/resource_index
[3.676s] creating /home/misys/forza_ws/race_stack/install/perception/share/ament_index/resource_index/packages
[3.676s] copying resource/perception -> /home/misys/forza_ws/race_stack/install/perception/share/ament_index/resource_index/packages
[3.677s] copying package.xml -> /home/misys/forza_ws/race_stack/install/perception/share/perception
[3.678s] creating /home/misys/forza_ws/race_stack/install/perception/share/perception/launch
[3.678s] copying launch/perception_launch.xml -> /home/misys/forza_ws/race_stack/install/perception/share/perception/launch
[3.679s] copying launch/detect_bag_launch.xml -> /home/misys/forza_ws/race_stack/install/perception/share/perception/launch
[3.679s] running install_egg_info
[3.687s] Copying ../build/perception/perception.egg-info to /home/misys/forza_ws/race_stack/install/perception/lib/python3.10/site-packages/perception-0.0.0-py3.10.egg-info
[3.689s] running install_scripts
[3.753s] Installing detect script to /home/misys/forza_ws/race_stack/install/perception/lib/perception
[3.753s] Installing tracking script to /home/misys/forza_ws/race_stack/install/perception/lib/perception
[3.755s] writing list of installed files to '/home/misys/forza_ws/race_stack/build/perception/install.log'
[3.867s] Invoked command in '/home/misys/forza_ws/race_stack/perception' returned '0': PYTHONPATH=/home/misys/forza_ws/race_stack/build/perception/prefix_override:/usr/lib/python3/dist-packages/colcon_core/task/python/colcon_distutils_commands:/home/misys/forza_ws/race_stack/install/perception/lib/python3.10/site-packages:${PYTHONPATH} /usr/bin/python3 -W ignore:setup.py install is deprecated -W ignore:easy_install command is deprecated setup.py egg_info --egg-base ../build/perception build --build-base /home/misys/forza_ws/race_stack/build/perception/build install --record /home/misys/forza_ws/race_stack/build/perception/install.log --single-version-externally-managed install_data
