[1.749s] Invoking command in '/home/misys/forza_ws/race_stack/stack_master': PYTHONPATH=/home/misys/forza_ws/race_stack/build/stack_master/prefix_override:/usr/lib/python3/dist-packages/colcon_core/task/python/colcon_distutils_commands:/home/misys/forza_ws/race_stack/install/stack_master/lib/python3.10/site-packages:${PYTHONPATH} /usr/bin/python3 -W ignore:setup.py install is deprecated -W ignore:easy_install command is deprecated setup.py egg_info --egg-base ../build/stack_master build --build-base /home/misys/forza_ws/race_stack/build/stack_master/build install --record /home/misys/forza_ws/race_stack/build/stack_master/install.log --single-version-externally-managed install_data
[2.401s] running egg_info
[2.401s] writing ../build/stack_master/stack_master.egg-info/PKG-INFO
[2.402s] writing dependency_links to ../build/stack_master/stack_master.egg-info/dependency_links.txt
[2.402s] writing entry points to ../build/stack_master/stack_master.egg-info/entry_points.txt
[2.403s] writing requirements to ../build/stack_master/stack_master.egg-info/requires.txt
[2.403s] writing top-level names to ../build/stack_master/stack_master.egg-info/top_level.txt
[2.407s] reading manifest file '../build/stack_master/stack_master.egg-info/SOURCES.txt'
[2.408s] adding license file 'LICENSE'
[2.410s] writing manifest file '../build/stack_master/stack_master.egg-info/SOURCES.txt'
[2.411s] running build
[2.411s] running build_py
[2.411s] running install
[2.412s] running install_lib
[2.415s] running install_data
[2.416s] copying config/NUC2/l1_params.yaml -> /home/misys/forza_ws/race_stack/install/stack_master/share/stack_master/config/NUC2
[2.419s] copying maps/teras/ot_sectors.yaml -> /home/misys/forza_ws/race_stack/install/stack_master/share/stack_master/maps/teras
[2.419s] running install_egg_info
[2.423s] removing '/home/misys/forza_ws/race_stack/install/stack_master/lib/python3.10/site-packages/stack_master-0.0.0-py3.10.egg-info' (and everything under it)
[2.424s] Copying ../build/stack_master/stack_master.egg-info to /home/misys/forza_ws/race_stack/install/stack_master/lib/python3.10/site-packages/stack_master-0.0.0-py3.10.egg-info
[2.426s] running install_scripts
[2.470s] Installing global_parameter_node script to /home/misys/forza_ws/race_stack/install/stack_master/lib/stack_master
[2.470s] writing list of installed files to '/home/misys/forza_ws/race_stack/build/stack_master/install.log'
[2.539s] Invoked command in '/home/misys/forza_ws/race_stack/stack_master' returned '0': PYTHONPATH=/home/misys/forza_ws/race_stack/build/stack_master/prefix_override:/usr/lib/python3/dist-packages/colcon_core/task/python/colcon_distutils_commands:/home/misys/forza_ws/race_stack/install/stack_master/lib/python3.10/site-packages:${PYTHONPATH} /usr/bin/python3 -W ignore:setup.py install is deprecated -W ignore:easy_install command is deprecated setup.py egg_info --egg-base ../build/stack_master build --build-base /home/misys/forza_ws/race_stack/build/stack_master/build install --record /home/misys/forza_ws/race_stack/build/stack_master/install.log --single-version-externally-managed install_data
