[2.563s] Invoking command in '/home/misys/forza_ws/race_stack/utilities/nodes/slam_tuner': AMENT_PREFIX_PATH=/home/misys/forza_ws/race_stack/install/state_estimation:${AMENT_PREFIX_PATH} PYTHONPATH=/home/misys/forza_ws/race_stack/build/slam_tuner/prefix_override:/usr/lib/python3/dist-packages/colcon_core/task/python/colcon_distutils_commands:/home/misys/forza_ws/race_stack/install/slam_tuner/lib/python3.10/site-packages:/home/misys/forza_ws/race_stack/install/state_estimation/lib/python3.10/site-packages:${PYTHONPATH} /usr/bin/python3 -W ignore:setup.py install is deprecated -W ignore:easy_install command is deprecated setup.py egg_info --egg-base ../../../build/slam_tuner build --build-base /home/misys/forza_ws/race_stack/build/slam_tuner/build install --record /home/misys/forza_ws/race_stack/build/slam_tuner/install.log --single-version-externally-managed install_data
[3.153s] running egg_info
[3.154s] writing ../../../build/slam_tuner/slam_tuner.egg-info/PKG-INFO
[3.155s] writing dependency_links to ../../../build/slam_tuner/slam_tuner.egg-info/dependency_links.txt
[3.155s] writing entry points to ../../../build/slam_tuner/slam_tuner.egg-info/entry_points.txt
[3.155s] writing requirements to ../../../build/slam_tuner/slam_tuner.egg-info/requires.txt
[3.155s] writing top-level names to ../../../build/slam_tuner/slam_tuner.egg-info/top_level.txt
[3.160s] reading manifest file '../../../build/slam_tuner/slam_tuner.egg-info/SOURCES.txt'
[3.163s] writing manifest file '../../../build/slam_tuner/slam_tuner.egg-info/SOURCES.txt'
[3.164s] running build
[3.164s] running build_py
[3.165s] running install
[3.166s] running install_lib
[3.169s] running install_data
[3.169s] running install_egg_info
[3.173s] removing '/home/misys/forza_ws/race_stack/install/slam_tuner/lib/python3.10/site-packages/slam_tuner-0.0.0-py3.10.egg-info' (and everything under it)
[3.174s] Copying ../../../build/slam_tuner/slam_tuner.egg-info to /home/misys/forza_ws/race_stack/install/slam_tuner/lib/python3.10/site-packages/slam_tuner-0.0.0-py3.10.egg-info
[3.176s] running install_scripts
[3.218s] Installing slam_tuner_node script to /home/misys/forza_ws/race_stack/install/slam_tuner/lib/slam_tuner
[3.219s] writing list of installed files to '/home/misys/forza_ws/race_stack/build/slam_tuner/install.log'
[3.303s] Invoked command in '/home/misys/forza_ws/race_stack/utilities/nodes/slam_tuner' returned '0': AMENT_PREFIX_PATH=/home/misys/forza_ws/race_stack/install/state_estimation:${AMENT_PREFIX_PATH} PYTHONPATH=/home/misys/forza_ws/race_stack/build/slam_tuner/prefix_override:/usr/lib/python3/dist-packages/colcon_core/task/python/colcon_distutils_commands:/home/misys/forza_ws/race_stack/install/slam_tuner/lib/python3.10/site-packages:/home/misys/forza_ws/race_stack/install/state_estimation/lib/python3.10/site-packages:${PYTHONPATH} /usr/bin/python3 -W ignore:setup.py install is deprecated -W ignore:easy_install command is deprecated setup.py egg_info --egg-base ../../../build/slam_tuner build --build-base /home/misys/forza_ws/race_stack/build/slam_tuner/build install --record /home/misys/forza_ws/race_stack/build/slam_tuner/install.log --single-version-externally-managed install_data
