[4.809s] Invoking command in '/home/misys/forza_ws/race_stack/controller': PYTHONPATH=/home/misys/forza_ws/race_stack/build/controller/prefix_override:/usr/lib/python3/dist-packages/colcon_core/task/python/colcon_distutils_commands:/home/misys/forza_ws/race_stack/install/controller/lib/python3.10/site-packages:${PYTHONPATH} /usr/bin/python3 -W ignore:setup.py install is deprecated -W ignore:easy_install command is deprecated setup.py egg_info --egg-base ../build/controller build --build-base /home/misys/forza_ws/race_stack/build/controller/build install --record /home/misys/forza_ws/race_stack/build/controller/install.log --single-version-externally-managed install_data
[5.921s] running egg_info
[5.930s] writing ../build/controller/controller.egg-info/PKG-INFO
[5.932s] writing dependency_links to ../build/controller/controller.egg-info/dependency_links.txt
[5.932s] writing entry points to ../build/controller/controller.egg-info/entry_points.txt
[5.932s] writing requirements to ../build/controller/controller.egg-info/requires.txt
[5.933s] writing top-level names to ../build/controller/controller.egg-info/top_level.txt
[5.952s] reading manifest file '../build/controller/controller.egg-info/SOURCES.txt'
[5.952s] adding license file 'LICENSE'
[5.952s] writing manifest file '../build/controller/controller.egg-info/SOURCES.txt'
[5.953s] running build
[5.953s] running build_py
[5.953s] copying controller/controller_manager.py -> /home/misys/forza_ws/race_stack/build/controller/build/lib/controller
[5.953s] running install
[5.953s] running install_lib
[5.970s] copying /home/misys/forza_ws/race_stack/build/controller/build/lib/controller/controller_manager.py -> /home/misys/forza_ws/race_stack/install/controller/lib/python3.10/site-packages/controller
[5.975s] byte-compiling /home/misys/forza_ws/race_stack/install/controller/lib/python3.10/site-packages/controller/controller_manager.py to controller_manager.cpython-310.pyc
[5.975s] running install_data
[5.976s] running install_egg_info
[5.979s] removing '/home/misys/forza_ws/race_stack/install/controller/lib/python3.10/site-packages/controller-0.0.0-py3.10.egg-info' (and everything under it)
[5.983s] Copying ../build/controller/controller.egg-info to /home/misys/forza_ws/race_stack/install/controller/lib/python3.10/site-packages/controller-0.0.0-py3.10.egg-info
[5.983s] running install_scripts
[6.031s] Installing controller script to /home/misys/forza_ws/race_stack/install/controller/lib/controller
[6.032s] writing list of installed files to '/home/misys/forza_ws/race_stack/build/controller/install.log'
[7.344s] Invoked command in '/home/misys/forza_ws/race_stack/controller' returned '0': PYTHONPATH=/home/misys/forza_ws/race_stack/build/controller/prefix_override:/usr/lib/python3/dist-packages/colcon_core/task/python/colcon_distutils_commands:/home/misys/forza_ws/race_stack/install/controller/lib/python3.10/site-packages:${PYTHONPATH} /usr/bin/python3 -W ignore:setup.py install is deprecated -W ignore:easy_install command is deprecated setup.py egg_info --egg-base ../build/controller build --build-base /home/misys/forza_ws/race_stack/build/controller/build install --record /home/misys/forza_ws/race_stack/build/controller/install.log --single-version-externally-managed install_data
