[4.911s] Invoking command in '/home/misys/forza_ws/race_stack/perception': PYTHONPATH=/home/misys/forza_ws/race_stack/build/perception/prefix_override:/usr/lib/python3/dist-packages/colcon_core/task/python/colcon_distutils_commands:/home/misys/forza_ws/race_stack/install/perception/lib/python3.10/site-packages:${PYTHONPATH} /usr/bin/python3 -W ignore:setup.py install is deprecated -W ignore:easy_install command is deprecated setup.py egg_info --egg-base ../build/perception build --build-base /home/misys/forza_ws/race_stack/build/perception/build install --record /home/misys/forza_ws/race_stack/build/perception/install.log --single-version-externally-managed install_data
[6.334s] running egg_info
[6.334s] writing ../build/perception/perception.egg-info/PKG-INFO
[6.335s] writing dependency_links to ../build/perception/perception.egg-info/dependency_links.txt
[6.335s] writing entry points to ../build/perception/perception.egg-info/entry_points.txt
[6.335s] writing requirements to ../build/perception/perception.egg-info/requires.txt
[6.337s] writing top-level names to ../build/perception/perception.egg-info/top_level.txt
[6.364s] reading manifest file '../build/perception/perception.egg-info/SOURCES.txt'
[6.370s] adding license file 'LICENSE'
[6.372s] writing manifest file '../build/perception/perception.egg-info/SOURCES.txt'
[6.372s] running build
[6.372s] running build_py
[6.375s] running install
[6.377s] running install_lib
[6.417s] running install_data
[6.417s] running install_egg_info
[6.434s] removing '/home/misys/forza_ws/race_stack/install/perception/lib/python3.10/site-packages/perception-0.0.0-py3.10.egg-info' (and everything under it)
[6.449s] Copying ../build/perception/perception.egg-info to /home/misys/forza_ws/race_stack/install/perception/lib/python3.10/site-packages/perception-0.0.0-py3.10.egg-info
[6.478s] running install_scripts
[6.587s] Installing detect script to /home/misys/forza_ws/race_stack/install/perception/lib/perception
[6.587s] Installing tracking script to /home/misys/forza_ws/race_stack/install/perception/lib/perception
[6.588s] writing list of installed files to '/home/misys/forza_ws/race_stack/build/perception/install.log'
[7.394s] Invoked command in '/home/misys/forza_ws/race_stack/perception' returned '0': PYTHONPATH=/home/misys/forza_ws/race_stack/build/perception/prefix_override:/usr/lib/python3/dist-packages/colcon_core/task/python/colcon_distutils_commands:/home/misys/forza_ws/race_stack/install/perception/lib/python3.10/site-packages:${PYTHONPATH} /usr/bin/python3 -W ignore:setup.py install is deprecated -W ignore:easy_install command is deprecated setup.py egg_info --egg-base ../build/perception build --build-base /home/misys/forza_ws/race_stack/build/perception/build install --record /home/misys/forza_ws/race_stack/build/perception/install.log --single-version-externally-managed install_data
