[2.714s] Invoking command in '/home/misys/forza_ws/race_stack/utilities/nodes/sector_tuner': PYTHONPATH=/home/misys/forza_ws/race_stack/build/sector_tuner/prefix_override:/usr/lib/python3/dist-packages/colcon_core/task/python/colcon_distutils_commands:/home/misys/forza_ws/race_stack/install/sector_tuner/lib/python3.10/site-packages:${PYTHONPATH} /usr/bin/python3 -W ignore:setup.py install is deprecated -W ignore:easy_install command is deprecated setup.py egg_info --egg-base ../../../build/sector_tuner build --build-base /home/misys/forza_ws/race_stack/build/sector_tuner/build install --record /home/misys/forza_ws/race_stack/build/sector_tuner/install.log --single-version-externally-managed install_data
[3.691s] running egg_info
[3.693s] writing ../../../build/sector_tuner/sector_tuner.egg-info/PKG-INFO
[3.693s] writing dependency_links to ../../../build/sector_tuner/sector_tuner.egg-info/dependency_links.txt
[3.694s] writing entry points to ../../../build/sector_tuner/sector_tuner.egg-info/entry_points.txt
[3.694s] writing requirements to ../../../build/sector_tuner/sector_tuner.egg-info/requires.txt
[3.694s] writing top-level names to ../../../build/sector_tuner/sector_tuner.egg-info/top_level.txt
[3.701s] reading manifest file '../../../build/sector_tuner/sector_tuner.egg-info/SOURCES.txt'
[3.703s] writing manifest file '../../../build/sector_tuner/sector_tuner.egg-info/SOURCES.txt'
[3.704s] running build
[3.704s] running build_py
[3.705s] running build_scripts
[3.705s] running install
[3.706s] running install_lib
[3.710s] running install_data
[3.710s] running install_egg_info
[3.716s] removing '/home/misys/forza_ws/race_stack/install/sector_tuner/lib/python3.10/site-packages/sector_tuner-0.0.0-py3.10.egg-info' (and everything under it)
[3.717s] Copying ../../../build/sector_tuner/sector_tuner.egg-info to /home/misys/forza_ws/race_stack/install/sector_tuner/lib/python3.10/site-packages/sector_tuner-0.0.0-py3.10.egg-info
[3.719s] running install_scripts
[3.774s] changing mode of /home/misys/forza_ws/race_stack/install/sector_tuner/lib/sector_tuner/finish_sector.sh to 755
[3.779s] Installing ot_interpolator script to /home/misys/forza_ws/race_stack/install/sector_tuner/lib/sector_tuner
[3.780s] Installing ot_sector_slicer script to /home/misys/forza_ws/race_stack/install/sector_tuner/lib/sector_tuner
[3.781s] Installing sector_slicer script to /home/misys/forza_ws/race_stack/install/sector_tuner/lib/sector_tuner
[3.782s] Installing sector_tuner script to /home/misys/forza_ws/race_stack/install/sector_tuner/lib/sector_tuner
[3.784s] writing list of installed files to '/home/misys/forza_ws/race_stack/build/sector_tuner/install.log'
[5.376s] Invoked command in '/home/misys/forza_ws/race_stack/utilities/nodes/sector_tuner' returned '0': PYTHONPATH=/home/misys/forza_ws/race_stack/build/sector_tuner/prefix_override:/usr/lib/python3/dist-packages/colcon_core/task/python/colcon_distutils_commands:/home/misys/forza_ws/race_stack/install/sector_tuner/lib/python3.10/site-packages:${PYTHONPATH} /usr/bin/python3 -W ignore:setup.py install is deprecated -W ignore:easy_install command is deprecated setup.py egg_info --egg-base ../../../build/sector_tuner build --build-base /home/misys/forza_ws/race_stack/build/sector_tuner/build install --record /home/misys/forza_ws/race_stack/build/sector_tuner/install.log --single-version-externally-managed install_data
