[1.747s] Invoking command in '/home/misys/forza_ws/race_stack/controller': PYTHONPATH=/home/misys/forza_ws/race_stack/build/controller/prefix_override:/usr/lib/python3/dist-packages/colcon_core/task/python/colcon_distutils_commands:/home/misys/forza_ws/race_stack/install/controller/lib/python3.10/site-packages:${PYTHONPATH} /usr/bin/python3 -W ignore:setup.py install is deprecated -W ignore:easy_install command is deprecated setup.py egg_info --egg-base ../build/controller build --build-base /home/misys/forza_ws/race_stack/build/controller/build install --record /home/misys/forza_ws/race_stack/build/controller/install.log --single-version-externally-managed install_data
[2.397s] running egg_info
[2.398s] writing ../build/controller/controller.egg-info/PKG-INFO
[2.398s] writing dependency_links to ../build/controller/controller.egg-info/dependency_links.txt
[2.398s] writing entry points to ../build/controller/controller.egg-info/entry_points.txt
[2.399s] writing requirements to ../build/controller/controller.egg-info/requires.txt
[2.399s] writing top-level names to ../build/controller/controller.egg-info/top_level.txt
[2.403s] reading manifest file '../build/controller/controller.egg-info/SOURCES.txt'
[2.403s] adding license file 'LICENSE'
[2.404s] writing manifest file '../build/controller/controller.egg-info/SOURCES.txt'
[2.405s] running build
[2.405s] running build_py
[2.405s] copying controller/pp.py -> /home/misys/forza_ws/race_stack/build/controller/build/lib/controller
[2.406s] running install
[2.406s] running install_lib
[2.408s] copying /home/misys/forza_ws/race_stack/build/controller/build/lib/controller/pp.py -> /home/misys/forza_ws/race_stack/install/controller/lib/python3.10/site-packages/controller
[2.410s] byte-compiling /home/misys/forza_ws/race_stack/install/controller/lib/python3.10/site-packages/controller/pp.py to pp.cpython-310.pyc
[2.414s] running install_data
[2.415s] running install_egg_info
[2.419s] removing '/home/misys/forza_ws/race_stack/install/controller/lib/python3.10/site-packages/controller-0.0.0-py3.10.egg-info' (and everything under it)
[2.420s] Copying ../build/controller/controller.egg-info to /home/misys/forza_ws/race_stack/install/controller/lib/python3.10/site-packages/controller-0.0.0-py3.10.egg-info
[2.422s] running install_scripts
[2.467s] Installing controller script to /home/misys/forza_ws/race_stack/install/controller/lib/controller
[2.468s] writing list of installed files to '/home/misys/forza_ws/race_stack/build/controller/install.log'
[2.535s] Invoked command in '/home/misys/forza_ws/race_stack/controller' returned '0': PYTHONPATH=/home/misys/forza_ws/race_stack/build/controller/prefix_override:/usr/lib/python3/dist-packages/colcon_core/task/python/colcon_distutils_commands:/home/misys/forza_ws/race_stack/install/controller/lib/python3.10/site-packages:${PYTHONPATH} /usr/bin/python3 -W ignore:setup.py install is deprecated -W ignore:easy_install command is deprecated setup.py egg_info --egg-base ../build/controller build --build-base /home/misys/forza_ws/race_stack/build/controller/build install --record /home/misys/forza_ws/race_stack/build/controller/install.log --single-version-externally-managed install_data
