[2.737s] Invoking command in '/home/misys/forza_ws/race_stack/controller': PYTHONPATH=/home/misys/forza_ws/race_stack/build/controller/prefix_override:/usr/lib/python3/dist-packages/colcon_core/task/python/colcon_distutils_commands:/home/misys/forza_ws/race_stack/install/controller/lib/python3.10/site-packages:${PYTHONPATH} /usr/bin/python3 -W ignore:setup.py install is deprecated -W ignore:easy_install command is deprecated setup.py egg_info --egg-base ../build/controller build --build-base /home/misys/forza_ws/race_stack/build/controller/build install --record /home/misys/forza_ws/race_stack/build/controller/install.log --single-version-externally-managed install_data
[3.533s] running egg_info
[3.534s] writing ../build/controller/controller.egg-info/PKG-INFO
[3.534s] writing dependency_links to ../build/controller/controller.egg-info/dependency_links.txt
[3.536s] writing entry points to ../build/controller/controller.egg-info/entry_points.txt
[3.536s] writing requirements to ../build/controller/controller.egg-info/requires.txt
[3.538s] writing top-level names to ../build/controller/controller.egg-info/top_level.txt
[3.538s] reading manifest file '../build/controller/controller.egg-info/SOURCES.txt'
[3.539s] adding license file 'LICENSE'
[3.539s] writing manifest file '../build/controller/controller.egg-info/SOURCES.txt'
[3.540s] running build
[3.541s] running build_py
[3.541s] running install
[3.542s] running install_lib
[3.543s] running install_data
[3.545s] running install_egg_info
[3.545s] removing '/home/misys/forza_ws/race_stack/install/controller/lib/python3.10/site-packages/controller-0.0.0-py3.10.egg-info' (and everything under it)
[3.546s] Copying ../build/controller/controller.egg-info to /home/misys/forza_ws/race_stack/install/controller/lib/python3.10/site-packages/controller-0.0.0-py3.10.egg-info
[3.547s] running install_scripts
[3.548s] Installing controller script to /home/misys/forza_ws/race_stack/install/controller/lib/controller
[3.549s] writing list of installed files to '/home/misys/forza_ws/race_stack/build/controller/install.log'
[5.094s] Invoked command in '/home/misys/forza_ws/race_stack/controller' returned '0': PYTHONPATH=/home/misys/forza_ws/race_stack/build/controller/prefix_override:/usr/lib/python3/dist-packages/colcon_core/task/python/colcon_distutils_commands:/home/misys/forza_ws/race_stack/install/controller/lib/python3.10/site-packages:${PYTHONPATH} /usr/bin/python3 -W ignore:setup.py install is deprecated -W ignore:easy_install command is deprecated setup.py egg_info --egg-base ../build/controller build --build-base /home/misys/forza_ws/race_stack/build/controller/build install --record /home/misys/forza_ws/race_stack/build/controller/install.log --single-version-externally-managed install_data
