[5.339s] Invoking command in '/home/misys/forza_ws/race_stack/utilities/nodes/lap_analyser': PYTHONPATH=/home/misys/forza_ws/race_stack/build/lap_analyser/prefix_override:/usr/lib/python3/dist-packages/colcon_core/task/python/colcon_distutils_commands:/home/misys/forza_ws/race_stack/install/lap_analyser/lib/python3.10/site-packages:${PYTHONPATH} /usr/bin/python3 -W ignore:setup.py install is deprecated -W ignore:easy_install command is deprecated setup.py egg_info --egg-base ../../../build/lap_analyser build --build-base /home/misys/forza_ws/race_stack/build/lap_analyser/build install --record /home/misys/forza_ws/race_stack/build/lap_analyser/install.log --single-version-externally-managed install_data
[6.702s] running egg_info
[6.704s] writing ../../../build/lap_analyser/lap_analyser.egg-info/PKG-INFO
[6.705s] writing dependency_links to ../../../build/lap_analyser/lap_analyser.egg-info/dependency_links.txt
[6.706s] writing entry points to ../../../build/lap_analyser/lap_analyser.egg-info/entry_points.txt
[6.706s] writing requirements to ../../../build/lap_analyser/lap_analyser.egg-info/requires.txt
[6.707s] writing top-level names to ../../../build/lap_analyser/lap_analyser.egg-info/top_level.txt
[6.712s] reading manifest file '../../../build/lap_analyser/lap_analyser.egg-info/SOURCES.txt'
[6.713s] adding license file 'LICENSE'
[6.714s] writing manifest file '../../../build/lap_analyser/lap_analyser.egg-info/SOURCES.txt'
[6.714s] running build
[6.714s] running build_py
[6.715s] running install
[6.716s] running install_lib
[6.720s] running install_data
[6.720s] running install_egg_info
[6.726s] removing '/home/misys/forza_ws/race_stack/install/lap_analyser/lib/python3.10/site-packages/lap_analyser-0.0.0-py3.10.egg-info' (and everything under it)
[6.727s] Copying ../../../build/lap_analyser/lap_analyser.egg-info to /home/misys/forza_ws/race_stack/install/lap_analyser/lib/python3.10/site-packages/lap_analyser-0.0.0-py3.10.egg-info
[6.740s] running install_scripts
[6.800s] Installing lap_analyser script to /home/misys/forza_ws/race_stack/install/lap_analyser/lib/lap_analyser
[6.801s] writing list of installed files to '/home/misys/forza_ws/race_stack/build/lap_analyser/install.log'
[7.145s] Invoked command in '/home/misys/forza_ws/race_stack/utilities/nodes/lap_analyser' returned '0': PYTHONPATH=/home/misys/forza_ws/race_stack/build/lap_analyser/prefix_override:/usr/lib/python3/dist-packages/colcon_core/task/python/colcon_distutils_commands:/home/misys/forza_ws/race_stack/install/lap_analyser/lib/python3.10/site-packages:${PYTHONPATH} /usr/bin/python3 -W ignore:setup.py install is deprecated -W ignore:easy_install command is deprecated setup.py egg_info --egg-base ../../../build/lap_analyser build --build-base /home/misys/forza_ws/race_stack/build/lap_analyser/build install --record /home/misys/forza_ws/race_stack/build/lap_analyser/install.log --single-version-externally-managed install_data
