[2.885s] Invoking command in '/home/misys/forza_ws/race_stack/planner/global_planner': PYTHONPATH=/home/misys/forza_ws/race_stack/build/global_planner/prefix_override:/usr/lib/python3/dist-packages/colcon_core/task/python/colcon_distutils_commands:/home/misys/forza_ws/race_stack/install/global_planner/lib/python3.10/site-packages:${PYTHONPATH} /usr/bin/python3 -W ignore:setup.py install is deprecated -W ignore:easy_install command is deprecated setup.py egg_info --egg-base ../../build/global_planner build --build-base /home/misys/forza_ws/race_stack/build/global_planner/build install --record /home/misys/forza_ws/race_stack/build/global_planner/install.log --single-version-externally-managed install_data
[3.694s] running egg_info
[3.695s] creating ../../build/global_planner/global_planner.egg-info
[3.695s] writing ../../build/global_planner/global_planner.egg-info/PKG-INFO
[3.695s] writing dependency_links to ../../build/global_planner/global_planner.egg-info/dependency_links.txt
[3.695s] writing entry points to ../../build/global_planner/global_planner.egg-info/entry_points.txt
[3.695s] writing requirements to ../../build/global_planner/global_planner.egg-info/requires.txt
[3.695s] writing top-level names to ../../build/global_planner/global_planner.egg-info/top_level.txt
[3.696s] writing manifest file '../../build/global_planner/global_planner.egg-info/SOURCES.txt'
[3.696s] reading manifest file '../../build/global_planner/global_planner.egg-info/SOURCES.txt'
[3.696s] adding license file 'LICENSE'
[3.696s] writing manifest file '../../build/global_planner/global_planner.egg-info/SOURCES.txt'
[3.696s] running build
[3.696s] running build_py
[3.696s] creating /home/misys/forza_ws/race_stack/build/global_planner/build
[3.696s] creating /home/misys/forza_ws/race_stack/build/global_planner/build/lib
[3.697s] creating /home/misys/forza_ws/race_stack/build/global_planner/build/lib/global_planner
[3.697s] copying global_planner/global_planner_logic.py -> /home/misys/forza_ws/race_stack/build/global_planner/build/lib/global_planner
[3.697s] copying global_planner/global_trajectory_publisher.py -> /home/misys/forza_ws/race_stack/build/global_planner/build/lib/global_planner
[3.697s] copying global_planner/global_planner_node.py -> /home/misys/forza_ws/race_stack/build/global_planner/build/lib/global_planner
[3.697s] copying global_planner/readwrite_global_waypoints.py -> /home/misys/forza_ws/race_stack/build/global_planner/build/lib/global_planner
[3.697s] copying global_planner/global_planner_utils.py -> /home/misys/forza_ws/race_stack/build/global_planner/build/lib/global_planner
[3.697s] copying global_planner/__init__.py -> /home/misys/forza_ws/race_stack/build/global_planner/build/lib/global_planner
[3.697s] running install
[3.697s] running install_lib
[3.698s] creating /home/misys/forza_ws/race_stack/install/global_planner/lib/python3.10/site-packages/global_planner
[3.698s] copying /home/misys/forza_ws/race_stack/build/global_planner/build/lib/global_planner/global_planner_logic.py -> /home/misys/forza_ws/race_stack/install/global_planner/lib/python3.10/site-packages/global_planner
[3.698s] copying /home/misys/forza_ws/race_stack/build/global_planner/build/lib/global_planner/global_trajectory_publisher.py -> /home/misys/forza_ws/race_stack/install/global_planner/lib/python3.10/site-packages/global_planner
[3.698s] copying /home/misys/forza_ws/race_stack/build/global_planner/build/lib/global_planner/global_planner_node.py -> /home/misys/forza_ws/race_stack/install/global_planner/lib/python3.10/site-packages/global_planner
[3.698s] copying /home/misys/forza_ws/race_stack/build/global_planner/build/lib/global_planner/readwrite_global_waypoints.py -> /home/misys/forza_ws/race_stack/install/global_planner/lib/python3.10/site-packages/global_planner
[3.698s] copying /home/misys/forza_ws/race_stack/build/global_planner/build/lib/global_planner/global_planner_utils.py -> /home/misys/forza_ws/race_stack/install/global_planner/lib/python3.10/site-packages/global_planner
[3.706s] copying /home/misys/forza_ws/race_stack/build/global_planner/build/lib/global_planner/__init__.py -> /home/misys/forza_ws/race_stack/install/global_planner/lib/python3.10/site-packages/global_planner
[3.707s] byte-compiling /home/misys/forza_ws/race_stack/install/global_planner/lib/python3.10/site-packages/global_planner/global_planner_logic.py to global_planner_logic.cpython-310.pyc
[3.707s] byte-compiling /home/misys/forza_ws/race_stack/install/global_planner/lib/python3.10/site-packages/global_planner/global_trajectory_publisher.py to global_trajectory_publisher.cpython-310.pyc
[3.707s] byte-compiling /home/misys/forza_ws/race_stack/install/global_planner/lib/python3.10/site-packages/global_planner/global_planner_node.py to global_planner_node.cpython-310.pyc
[3.707s] byte-compiling /home/misys/forza_ws/race_stack/install/global_planner/lib/python3.10/site-packages/global_planner/readwrite_global_waypoints.py to readwrite_global_waypoints.cpython-310.pyc
[3.707s] byte-compiling /home/misys/forza_ws/race_stack/install/global_planner/lib/python3.10/site-packages/global_planner/global_planner_utils.py to global_planner_utils.cpython-310.pyc
[3.707s] byte-compiling /home/misys/forza_ws/race_stack/install/global_planner/lib/python3.10/site-packages/global_planner/__init__.py to __init__.cpython-310.pyc
[3.708s] running install_data
[3.708s] creating /home/misys/forza_ws/race_stack/install/global_planner/share/ament_index
[3.708s] creating /home/misys/forza_ws/race_stack/install/global_planner/share/ament_index/resource_index
[3.708s] creating /home/misys/forza_ws/race_stack/install/global_planner/share/ament_index/resource_index/packages
[3.708s] copying resource/global_planner -> /home/misys/forza_ws/race_stack/install/global_planner/share/ament_index/resource_index/packages
[3.708s] copying package.xml -> /home/misys/forza_ws/race_stack/install/global_planner/share/global_planner
[3.708s] running install_egg_info
[3.708s] Copying ../../build/global_planner/global_planner.egg-info to /home/misys/forza_ws/race_stack/install/global_planner/lib/python3.10/site-packages/global_planner-0.0.0-py3.10.egg-info
[3.708s] running install_scripts
[3.719s] Installing global_planner script to /home/misys/forza_ws/race_stack/install/global_planner/lib/global_planner
[3.719s] Installing global_trajectory_publisher script to /home/misys/forza_ws/race_stack/install/global_planner/lib/global_planner
[3.719s] writing list of installed files to '/home/misys/forza_ws/race_stack/build/global_planner/install.log'
[4.489s] Invoked command in '/home/misys/forza_ws/race_stack/planner/global_planner' returned '0': PYTHONPATH=/home/misys/forza_ws/race_stack/build/global_planner/prefix_override:/usr/lib/python3/dist-packages/colcon_core/task/python/colcon_distutils_commands:/home/misys/forza_ws/race_stack/install/global_planner/lib/python3.10/site-packages:${PYTHONPATH} /usr/bin/python3 -W ignore:setup.py install is deprecated -W ignore:easy_install command is deprecated setup.py egg_info --egg-base ../../build/global_planner build --build-base /home/misys/forza_ws/race_stack/build/global_planner/build install --record /home/misys/forza_ws/race_stack/build/global_planner/install.log --single-version-externally-managed install_data
