[3.167s] Invoking command in '/home/misys/forza_ws/race_stack/system_identification/nodes/id_controller': PYTHONPATH=/home/misys/forza_ws/race_stack/build/id_controller/prefix_override:/usr/lib/python3/dist-packages/colcon_core/task/python/colcon_distutils_commands:/home/misys/forza_ws/race_stack/install/id_controller/lib/python3.10/site-packages:${PYTHONPATH} /usr/bin/python3 -W ignore:setup.py install is deprecated -W ignore:easy_install command is deprecated setup.py egg_info --egg-base ../../../build/id_controller build --build-base /home/misys/forza_ws/race_stack/build/id_controller/build install --record /home/misys/forza_ws/race_stack/build/id_controller/install.log --single-version-externally-managed install_data
[3.874s] running egg_info
[3.875s] writing ../../../build/id_controller/id_controller.egg-info/PKG-INFO
[3.876s] writing dependency_links to ../../../build/id_controller/id_controller.egg-info/dependency_links.txt
[3.877s] writing entry points to ../../../build/id_controller/id_controller.egg-info/entry_points.txt
[3.879s] writing requirements to ../../../build/id_controller/id_controller.egg-info/requires.txt
[3.880s] writing top-level names to ../../../build/id_controller/id_controller.egg-info/top_level.txt
[3.885s] reading manifest file '../../../build/id_controller/id_controller.egg-info/SOURCES.txt'
[3.886s] adding license file 'LICENSE'
[3.888s] writing manifest file '../../../build/id_controller/id_controller.egg-info/SOURCES.txt'
[3.888s] running build
[3.889s] running build_py
[3.890s] running install
[3.891s] running install_lib
[3.894s] running install_data
[3.895s] running install_egg_info
[3.900s] removing '/home/misys/forza_ws/race_stack/install/id_controller/lib/python3.10/site-packages/id_controller-0.0.0-py3.10.egg-info' (and everything under it)
[3.907s] Copying ../../../build/id_controller/id_controller.egg-info to /home/misys/forza_ws/race_stack/install/id_controller/lib/python3.10/site-packages/id_controller-0.0.0-py3.10.egg-info
[3.917s] running install_scripts
[3.971s] writing list of installed files to '/home/misys/forza_ws/race_stack/build/id_controller/install.log'
[4.736s] Invoked command in '/home/misys/forza_ws/race_stack/system_identification/nodes/id_controller' returned '0': PYTHONPATH=/home/misys/forza_ws/race_stack/build/id_controller/prefix_override:/usr/lib/python3/dist-packages/colcon_core/task/python/colcon_distutils_commands:/home/misys/forza_ws/race_stack/install/id_controller/lib/python3.10/site-packages:${PYTHONPATH} /usr/bin/python3 -W ignore:setup.py install is deprecated -W ignore:easy_install command is deprecated setup.py egg_info --egg-base ../../../build/id_controller build --build-base /home/misys/forza_ws/race_stack/build/id_controller/build install --record /home/misys/forza_ws/race_stack/build/id_controller/install.log --single-version-externally-managed install_data
