[0.098s] Invoking command in '/home/misys/forza_ws/race_stack/build/f110_msgs': CMAKE_PREFIX_PATH=${CMAKE_PREFIX_PATH}:/home/misys/forza_ws/race_stack/install/f1tenth_stack:/home/misys/forza_ws/race_stack/install/joy_teleop:/home/misys/forza_ws/race_stack/install/steering_lookup:/home/misys/forza_ws/race_stack/install/state_machine:/home/misys/forza_ws/race_stack/install/slam_tuner:/home/misys/forza_ws/race_stack/install/state_estimation:/home/misys/forza_ws/race_stack/install/map_editor:/home/misys/forza_ws/race_stack/install/stack_master:/home/misys/forza_ws/race_stack/install/spline_planner:/home/misys/forza_ws/race_stack/install/sector_tuner:/home/misys/forza_ws/race_stack/install/perception:/home/misys/forza_ws/race_stack/install/particle_filter:/home/misys/forza_ws/race_stack/install/opponent_publisher:/home/misys/forza_ws/race_stack/install/mouse_teleop:/home/misys/forza_ws/race_stack/install/lap_analyser:/home/misys/forza_ws/race_stack/install/key_teleop:/home/misys/forza_ws/race_stack/install/id_controller:/home/misys/forza_ws/race_stack/install/global_planner:/home/misys/forza_ws/race_stack/install/frenet_odom_republisher:/home/misys/forza_ws/race_stack/install/frenet_conversion:/home/misys/forza_ws/race_stack/install/f1tenth_gym_ros:/home/misys/forza_ws/race_stack/install/controller:/opt/ros/humble /usr/bin/cmake --build /home/misys/forza_ws/race_stack/build/f110_msgs -- -j6 -l6
[1.753s] [  0%] Built target f110_msgs__cpp
[1.753s] [ 12%] Built target f110_msgs__rosidl_generator_c
[1.753s] [ 12%] Built target ament_cmake_python_copy_f110_msgs
[1.754s] [ 24%] Built target f110_msgs__rosidl_typesupport_introspection_cpp
[1.754s] [ 35%] Built target f110_msgs__rosidl_typesupport_fastrtps_cpp
[1.754s] [ 48%] Built target f110_msgs__rosidl_typesupport_fastrtps_c
[1.754s] [ 59%] Built target f110_msgs__rosidl_typesupport_cpp
[1.754s] [ 71%] Built target f110_msgs__rosidl_typesupport_introspection_c
[1.754s] [ 83%] Built target f110_msgs__rosidl_typesupport_c
[1.754s] [ 83%] Built target f110_msgs
[1.754s] [ 84%] Built target f110_msgs__py
[1.754s] [ 95%] Built target f110_msgs__rosidl_generator_py
[1.755s] [ 97%] Built target f110_msgs__rosidl_typesupport_introspection_c__pyext
[1.755s] [100%] Built target f110_msgs__rosidl_typesupport_c__pyext
[1.755s] [100%] Built target f110_msgs__rosidl_typesupport_fastrtps_c__pyext
[1.961s] running egg_info
[1.962s] writing f110_msgs.egg-info/PKG-INFO
[1.963s] writing dependency_links to f110_msgs.egg-info/dependency_links.txt
[1.964s] writing top-level names to f110_msgs.egg-info/top_level.txt
[1.972s] reading manifest file 'f110_msgs.egg-info/SOURCES.txt'
[1.974s] writing manifest file 'f110_msgs.egg-info/SOURCES.txt'
[2.070s] [100%] Built target ament_cmake_python_build_f110_msgs_egg
[2.761s] Invoked command in '/home/misys/forza_ws/race_stack/build/f110_msgs' returned '0': CMAKE_PREFIX_PATH=${CMAKE_PREFIX_PATH}:/home/misys/forza_ws/race_stack/install/f1tenth_stack:/home/misys/forza_ws/race_stack/install/joy_teleop:/home/misys/forza_ws/race_stack/install/steering_lookup:/home/misys/forza_ws/race_stack/install/state_machine:/home/misys/forza_ws/race_stack/install/slam_tuner:/home/misys/forza_ws/race_stack/install/state_estimation:/home/misys/forza_ws/race_stack/install/map_editor:/home/misys/forza_ws/race_stack/install/stack_master:/home/misys/forza_ws/race_stack/install/spline_planner:/home/misys/forza_ws/race_stack/install/sector_tuner:/home/misys/forza_ws/race_stack/install/perception:/home/misys/forza_ws/race_stack/install/particle_filter:/home/misys/forza_ws/race_stack/install/opponent_publisher:/home/misys/forza_ws/race_stack/install/mouse_teleop:/home/misys/forza_ws/race_stack/install/lap_analyser:/home/misys/forza_ws/race_stack/install/key_teleop:/home/misys/forza_ws/race_stack/install/id_controller:/home/misys/forza_ws/race_stack/install/global_planner:/home/misys/forza_ws/race_stack/install/frenet_odom_republisher:/home/misys/forza_ws/race_stack/install/frenet_conversion:/home/misys/forza_ws/race_stack/install/f1tenth_gym_ros:/home/misys/forza_ws/race_stack/install/controller:/opt/ros/humble /usr/bin/cmake --build /home/misys/forza_ws/race_stack/build/f110_msgs -- -j6 -l6
[2.774s] Invoking command in '/home/misys/forza_ws/race_stack/build/f110_msgs': CMAKE_PREFIX_PATH=${CMAKE_PREFIX_PATH}:/home/misys/forza_ws/race_stack/install/f1tenth_stack:/home/misys/forza_ws/race_stack/install/joy_teleop:/home/misys/forza_ws/race_stack/install/steering_lookup:/home/misys/forza_ws/race_stack/install/state_machine:/home/misys/forza_ws/race_stack/install/slam_tuner:/home/misys/forza_ws/race_stack/install/state_estimation:/home/misys/forza_ws/race_stack/install/map_editor:/home/misys/forza_ws/race_stack/install/stack_master:/home/misys/forza_ws/race_stack/install/spline_planner:/home/misys/forza_ws/race_stack/install/sector_tuner:/home/misys/forza_ws/race_stack/install/perception:/home/misys/forza_ws/race_stack/install/particle_filter:/home/misys/forza_ws/race_stack/install/opponent_publisher:/home/misys/forza_ws/race_stack/install/mouse_teleop:/home/misys/forza_ws/race_stack/install/lap_analyser:/home/misys/forza_ws/race_stack/install/key_teleop:/home/misys/forza_ws/race_stack/install/id_controller:/home/misys/forza_ws/race_stack/install/global_planner:/home/misys/forza_ws/race_stack/install/frenet_odom_republisher:/home/misys/forza_ws/race_stack/install/frenet_conversion:/home/misys/forza_ws/race_stack/install/f1tenth_gym_ros:/home/misys/forza_ws/race_stack/install/controller:/opt/ros/humble /usr/bin/cmake --install /home/misys/forza_ws/race_stack/build/f110_msgs
[2.870s] -- Install configuration: ""
[2.870s] -- Up-to-date: /home/misys/forza_ws/race_stack/install/f110_msgs/share/ament_index/resource_index/rosidl_interfaces/f110_msgs
[2.870s] -- Up-to-date: /home/misys/forza_ws/race_stack/install/f110_msgs/include/f110_msgs/f110_msgs
[2.870s] -- Up-to-date: /home/misys/forza_ws/race_stack/install/f110_msgs/include/f110_msgs/f110_msgs/msg
[2.879s] -- Up-to-date: /home/misys/forza_ws/race_stack/install/f110_msgs/include/f110_msgs/f110_msgs/msg/lap_data.h
[2.879s] -- Up-to-date: /home/misys/forza_ws/race_stack/install/f110_msgs/include/f110_msgs/f110_msgs/msg/wpnt.h
[2.880s] -- Up-to-date: /home/misys/forza_ws/race_stack/install/f110_msgs/include/f110_msgs/f110_msgs/msg/car_state.h
[2.880s] -- Up-to-date: /home/misys/forza_ws/race_stack/install/f110_msgs/include/f110_msgs/f110_msgs/msg/detail
[2.881s] -- Up-to-date: /home/misys/forza_ws/race_stack/install/f110_msgs/include/f110_msgs/f110_msgs/msg/detail/opp_wpnt__struct.h
[2.882s] -- Up-to-date: /home/misys/forza_ws/race_stack/install/f110_msgs/include/f110_msgs/f110_msgs/msg/detail/car_state_stamped__functions.h
[2.882s] -- Up-to-date: /home/misys/forza_ws/race_stack/install/f110_msgs/include/f110_msgs/f110_msgs/msg/detail/opp_wpnt__functions.h
[2.882s] -- Up-to-date: /home/misys/forza_ws/race_stack/install/f110_msgs/include/f110_msgs/f110_msgs/msg/detail/obstacle__struct.h
[2.883s] -- Up-to-date: /home/misys/forza_ws/race_stack/install/f110_msgs/include/f110_msgs/f110_msgs/msg/detail/opponent_trajectory__functions.c
[2.883s] -- Up-to-date: /home/misys/forza_ws/race_stack/install/f110_msgs/include/f110_msgs/f110_msgs/msg/detail/obstacle__type_support.h
[2.884s] -- Up-to-date: /home/misys/forza_ws/race_stack/install/f110_msgs/include/f110_msgs/f110_msgs/msg/detail/car_state__functions.c
[2.884s] -- Up-to-date: /home/misys/forza_ws/race_stack/install/f110_msgs/include/f110_msgs/f110_msgs/msg/detail/gap_data__functions.h
[2.884s] -- Up-to-date: /home/misys/forza_ws/race_stack/install/f110_msgs/include/f110_msgs/f110_msgs/msg/detail/wpnt__functions.h
[2.888s] -- Up-to-date: /home/misys/forza_ws/race_stack/install/f110_msgs/include/f110_msgs/f110_msgs/msg/detail/obstacle_array__functions.h
[2.888s] -- Up-to-date: /home/misys/forza_ws/race_stack/install/f110_msgs/include/f110_msgs/f110_msgs/msg/detail/wpnt__type_support.h
[2.888s] -- Up-to-date: /home/misys/forza_ws/race_stack/install/f110_msgs/include/f110_msgs/f110_msgs/msg/detail/car_state__functions.h
[2.888s] -- Up-to-date: /home/misys/forza_ws/race_stack/install/f110_msgs/include/f110_msgs/f110_msgs/msg/detail/ot_wpnt_array__type_support.h
[2.888s] -- Up-to-date: /home/misys/forza_ws/race_stack/install/f110_msgs/include/f110_msgs/f110_msgs/msg/detail/pid_data__functions.c
[2.889s] -- Up-to-date: /home/misys/forza_ws/race_stack/install/f110_msgs/include/f110_msgs/f110_msgs/msg/detail/gap_data__type_support.h
[2.889s] -- Up-to-date: /home/misys/forza_ws/race_stack/install/f110_msgs/include/f110_msgs/f110_msgs/msg/detail/wpnt_array__functions.c
[2.889s] -- Up-to-date: /home/misys/forza_ws/race_stack/install/f110_msgs/include/f110_msgs/f110_msgs/msg/detail/wpnt_array__functions.h
[2.889s] -- Up-to-date: /home/misys/forza_ws/race_stack/install/f110_msgs/include/f110_msgs/f110_msgs/msg/detail/car_state_stamped__functions.c
[2.889s] -- Up-to-date: /home/misys/forza_ws/race_stack/install/f110_msgs/include/f110_msgs/f110_msgs/msg/detail/wpnt_array__type_support.h
[2.889s] -- Up-to-date: /home/misys/forza_ws/race_stack/install/f110_msgs/include/f110_msgs/f110_msgs/msg/detail/lap_data__functions.c
[2.889s] -- Up-to-date: /home/misys/forza_ws/race_stack/install/f110_msgs/include/f110_msgs/f110_msgs/msg/detail/car_state__struct.h
[2.889s] -- Up-to-date: /home/misys/forza_ws/race_stack/install/f110_msgs/include/f110_msgs/f110_msgs/msg/detail/lap_data__functions.h
[2.889s] -- Up-to-date: /home/misys/forza_ws/race_stack/install/f110_msgs/include/f110_msgs/f110_msgs/msg/detail/car_state__type_support.h
[2.890s] -- Up-to-date: /home/misys/forza_ws/race_stack/install/f110_msgs/include/f110_msgs/f110_msgs/msg/detail/opponent_trajectory__struct.h
[2.890s] -- Up-to-date: /home/misys/forza_ws/race_stack/install/f110_msgs/include/f110_msgs/f110_msgs/msg/detail/obstacle_array__type_support.h
[2.890s] -- Up-to-date: /home/misys/forza_ws/race_stack/install/f110_msgs/include/f110_msgs/f110_msgs/msg/detail/wpnt__struct.h
[2.890s] -- Up-to-date: /home/misys/forza_ws/race_stack/install/f110_msgs/include/f110_msgs/f110_msgs/msg/detail/lap_data__type_support.h
[2.890s] -- Up-to-date: /home/misys/forza_ws/race_stack/install/f110_msgs/include/f110_msgs/f110_msgs/msg/detail/wpnt_array__struct.h
[2.890s] -- Up-to-date: /home/misys/forza_ws/race_stack/install/f110_msgs/include/f110_msgs/f110_msgs/msg/detail/gap_data__struct.h
[2.890s] -- Up-to-date: /home/misys/forza_ws/race_stack/install/f110_msgs/include/f110_msgs/f110_msgs/msg/detail/car_state_stamped__type_support.h
[2.890s] -- Up-to-date: /home/misys/forza_ws/race_stack/install/f110_msgs/include/f110_msgs/f110_msgs/msg/detail/obstacle__functions.h
[2.891s] -- Up-to-date: /home/misys/forza_ws/race_stack/install/f110_msgs/include/f110_msgs/f110_msgs/msg/detail/obstacle_array__functions.c
[2.891s] -- Up-to-date: /home/misys/forza_ws/race_stack/install/f110_msgs/include/f110_msgs/f110_msgs/msg/detail/wpnt__functions.c
[2.891s] -- Up-to-date: /home/misys/forza_ws/race_stack/install/f110_msgs/include/f110_msgs/f110_msgs/msg/detail/gap_data__functions.c
[2.891s] -- Up-to-date: /home/misys/forza_ws/race_stack/install/f110_msgs/include/f110_msgs/f110_msgs/msg/detail/opponent_trajectory__type_support.h
[2.891s] -- Up-to-date: /home/misys/forza_ws/race_stack/install/f110_msgs/include/f110_msgs/f110_msgs/msg/detail/car_state_stamped__struct.h
[2.891s] -- Up-to-date: /home/misys/forza_ws/race_stack/install/f110_msgs/include/f110_msgs/f110_msgs/msg/detail/opp_wpnt__type_support.h
[2.891s] -- Up-to-date: /home/misys/forza_ws/race_stack/install/f110_msgs/include/f110_msgs/f110_msgs/msg/detail/pid_data__type_support.h
[2.891s] -- Up-to-date: /home/misys/forza_ws/race_stack/install/f110_msgs/include/f110_msgs/f110_msgs/msg/detail/lap_data__struct.h
[2.891s] -- Up-to-date: /home/misys/forza_ws/race_stack/install/f110_msgs/include/f110_msgs/f110_msgs/msg/detail/obstacle_array__struct.h
[2.892s] -- Up-to-date: /home/misys/forza_ws/race_stack/install/f110_msgs/include/f110_msgs/f110_msgs/msg/detail/pid_data__functions.h
[2.899s] -- Up-to-date: /home/misys/forza_ws/race_stack/install/f110_msgs/include/f110_msgs/f110_msgs/msg/detail/obstacle__functions.c
[2.899s] -- Up-to-date: /home/misys/forza_ws/race_stack/install/f110_msgs/include/f110_msgs/f110_msgs/msg/detail/ot_wpnt_array__struct.h
[2.899s] -- Up-to-date: /home/misys/forza_ws/race_stack/install/f110_msgs/include/f110_msgs/f110_msgs/msg/detail/opponent_trajectory__functions.h
[2.899s] -- Up-to-date: /home/misys/forza_ws/race_stack/install/f110_msgs/include/f110_msgs/f110_msgs/msg/detail/ot_wpnt_array__functions.h
[2.899s] -- Up-to-date: /home/misys/forza_ws/race_stack/install/f110_msgs/include/f110_msgs/f110_msgs/msg/detail/ot_wpnt_array__functions.c
[2.899s] -- Up-to-date: /home/misys/forza_ws/race_stack/install/f110_msgs/include/f110_msgs/f110_msgs/msg/detail/opp_wpnt__functions.c
[2.900s] -- Up-to-date: /home/misys/forza_ws/race_stack/install/f110_msgs/include/f110_msgs/f110_msgs/msg/detail/pid_data__struct.h
[2.900s] -- Up-to-date: /home/misys/forza_ws/race_stack/install/f110_msgs/include/f110_msgs/f110_msgs/msg/opponent_trajectory.h
[2.900s] -- Up-to-date: /home/misys/forza_ws/race_stack/install/f110_msgs/include/f110_msgs/f110_msgs/msg/rosidl_generator_c__visibility_control.h
[2.900s] -- Up-to-date: /home/misys/forza_ws/race_stack/install/f110_msgs/include/f110_msgs/f110_msgs/msg/ot_wpnt_array.h
[2.900s] -- Up-to-date: /home/misys/forza_ws/race_stack/install/f110_msgs/include/f110_msgs/f110_msgs/msg/wpnt_array.h
[2.900s] -- Up-to-date: /home/misys/forza_ws/race_stack/install/f110_msgs/include/f110_msgs/f110_msgs/msg/opp_wpnt.h
[2.900s] -- Up-to-date: /home/misys/forza_ws/race_stack/install/f110_msgs/include/f110_msgs/f110_msgs/msg/obstacle_array.h
[2.900s] -- Up-to-date: /home/misys/forza_ws/race_stack/install/f110_msgs/include/f110_msgs/f110_msgs/msg/gap_data.h
[2.901s] -- Up-to-date: /home/misys/forza_ws/race_stack/install/f110_msgs/include/f110_msgs/f110_msgs/msg/car_state_stamped.h
[2.901s] -- Up-to-date: /home/misys/forza_ws/race_stack/install/f110_msgs/include/f110_msgs/f110_msgs/msg/pid_data.h
[2.901s] -- Up-to-date: /home/misys/forza_ws/race_stack/install/f110_msgs/include/f110_msgs/f110_msgs/msg/obstacle.h
[2.907s] -- Up-to-date: /home/misys/forza_ws/race_stack/install/f110_msgs/share/f110_msgs/environment/library_path.sh
[2.907s] -- Up-to-date: /home/misys/forza_ws/race_stack/install/f110_msgs/share/f110_msgs/environment/library_path.dsv
[2.912s] -- Up-to-date: /home/misys/forza_ws/race_stack/install/f110_msgs/lib/libf110_msgs__rosidl_generator_c.so
[2.912s] -- Up-to-date: /home/misys/forza_ws/race_stack/install/f110_msgs/include/f110_msgs/f110_msgs
[2.912s] -- Up-to-date: /home/misys/forza_ws/race_stack/install/f110_msgs/include/f110_msgs/f110_msgs/msg
[2.912s] -- Up-to-date: /home/misys/forza_ws/race_stack/install/f110_msgs/include/f110_msgs/f110_msgs/msg/detail
[2.912s] -- Up-to-date: /home/misys/forza_ws/race_stack/install/f110_msgs/include/f110_msgs/f110_msgs/msg/detail/opp_wpnt__rosidl_typesupport_fastrtps_c.h
[2.912s] -- Up-to-date: /home/misys/forza_ws/race_stack/install/f110_msgs/include/f110_msgs/f110_msgs/msg/detail/opponent_trajectory__rosidl_typesupport_fastrtps_c.h
[2.912s] -- Up-to-date: /home/misys/forza_ws/race_stack/install/f110_msgs/include/f110_msgs/f110_msgs/msg/detail/lap_data__rosidl_typesupport_fastrtps_c.h
[2.913s] -- Up-to-date: /home/misys/forza_ws/race_stack/install/f110_msgs/include/f110_msgs/f110_msgs/msg/detail/car_state__rosidl_typesupport_fastrtps_c.h
[2.913s] -- Up-to-date: /home/misys/forza_ws/race_stack/install/f110_msgs/include/f110_msgs/f110_msgs/msg/detail/car_state_stamped__rosidl_typesupport_fastrtps_c.h
[2.913s] -- Up-to-date: /home/misys/forza_ws/race_stack/install/f110_msgs/include/f110_msgs/f110_msgs/msg/detail/wpnt_array__rosidl_typesupport_fastrtps_c.h
[2.913s] -- Up-to-date: /home/misys/forza_ws/race_stack/install/f110_msgs/include/f110_msgs/f110_msgs/msg/detail/obstacle__rosidl_typesupport_fastrtps_c.h
[2.913s] -- Up-to-date: /home/misys/forza_ws/race_stack/install/f110_msgs/include/f110_msgs/f110_msgs/msg/detail/gap_data__rosidl_typesupport_fastrtps_c.h
[2.913s] -- Up-to-date: /home/misys/forza_ws/race_stack/install/f110_msgs/include/f110_msgs/f110_msgs/msg/detail/wpnt__rosidl_typesupport_fastrtps_c.h
[2.913s] -- Up-to-date: /home/misys/forza_ws/race_stack/install/f110_msgs/include/f110_msgs/f110_msgs/msg/detail/ot_wpnt_array__rosidl_typesupport_fastrtps_c.h
[2.913s] -- Up-to-date: /home/misys/forza_ws/race_stack/install/f110_msgs/include/f110_msgs/f110_msgs/msg/detail/obstacle_array__rosidl_typesupport_fastrtps_c.h
[2.914s] -- Up-to-date: /home/misys/forza_ws/race_stack/install/f110_msgs/include/f110_msgs/f110_msgs/msg/detail/pid_data__rosidl_typesupport_fastrtps_c.h
[2.914s] -- Up-to-date: /home/misys/forza_ws/race_stack/install/f110_msgs/include/f110_msgs/f110_msgs/msg/rosidl_typesupport_fastrtps_c__visibility_control.h
[2.958s] -- Up-to-date: /home/misys/forza_ws/race_stack/install/f110_msgs/lib/libf110_msgs__rosidl_typesupport_fastrtps_c.so
[2.958s] -- Up-to-date: /home/misys/forza_ws/race_stack/install/f110_msgs/include/f110_msgs/f110_msgs
[2.958s] -- Up-to-date: /home/misys/forza_ws/race_stack/install/f110_msgs/include/f110_msgs/f110_msgs/msg
[2.958s] -- Up-to-date: /home/misys/forza_ws/race_stack/install/f110_msgs/include/f110_msgs/f110_msgs/msg/car_state.hpp
[2.959s] -- Up-to-date: /home/misys/forza_ws/race_stack/install/f110_msgs/include/f110_msgs/f110_msgs/msg/pid_data.hpp
[2.959s] -- Up-to-date: /home/misys/forza_ws/race_stack/install/f110_msgs/include/f110_msgs/f110_msgs/msg/rosidl_generator_cpp__visibility_control.hpp
[2.959s] -- Up-to-date: /home/misys/forza_ws/race_stack/install/f110_msgs/include/f110_msgs/f110_msgs/msg/detail
[2.959s] -- Up-to-date: /home/misys/forza_ws/race_stack/install/f110_msgs/include/f110_msgs/f110_msgs/msg/detail/wpnt__traits.hpp
[2.959s] -- Up-to-date: /home/misys/forza_ws/race_stack/install/f110_msgs/include/f110_msgs/f110_msgs/msg/detail/wpnt__struct.hpp
[2.959s] -- Up-to-date: /home/misys/forza_ws/race_stack/install/f110_msgs/include/f110_msgs/f110_msgs/msg/detail/ot_wpnt_array__struct.hpp
[2.959s] -- Up-to-date: /home/misys/forza_ws/race_stack/install/f110_msgs/include/f110_msgs/f110_msgs/msg/detail/wpnt__type_support.hpp
[2.959s] -- Up-to-date: /home/misys/forza_ws/race_stack/install/f110_msgs/include/f110_msgs/f110_msgs/msg/detail/car_state__traits.hpp
[2.959s] -- Up-to-date: /home/misys/forza_ws/race_stack/install/f110_msgs/include/f110_msgs/f110_msgs/msg/detail/lap_data__traits.hpp
[2.960s] -- Up-to-date: /home/misys/forza_ws/race_stack/install/f110_msgs/include/f110_msgs/f110_msgs/msg/detail/obstacle_array__traits.hpp
[2.960s] -- Up-to-date: /home/misys/forza_ws/race_stack/install/f110_msgs/include/f110_msgs/f110_msgs/msg/detail/obstacle__traits.hpp
[2.960s] -- Up-to-date: /home/misys/forza_ws/race_stack/install/f110_msgs/include/f110_msgs/f110_msgs/msg/detail/lap_data__type_support.hpp
[2.960s] -- Up-to-date: /home/misys/forza_ws/race_stack/install/f110_msgs/include/f110_msgs/f110_msgs/msg/detail/obstacle__builder.hpp
[2.960s] -- Up-to-date: /home/misys/forza_ws/race_stack/install/f110_msgs/include/f110_msgs/f110_msgs/msg/detail/pid_data__struct.hpp
[2.960s] -- Up-to-date: /home/misys/forza_ws/race_stack/install/f110_msgs/include/f110_msgs/f110_msgs/msg/detail/car_state_stamped__type_support.hpp
[2.960s] -- Up-to-date: /home/misys/forza_ws/race_stack/install/f110_msgs/include/f110_msgs/f110_msgs/msg/detail/opponent_trajectory__builder.hpp
[2.960s] -- Up-to-date: /home/misys/forza_ws/race_stack/install/f110_msgs/include/f110_msgs/f110_msgs/msg/detail/opp_wpnt__struct.hpp
[2.960s] -- Up-to-date: /home/misys/forza_ws/race_stack/install/f110_msgs/include/f110_msgs/f110_msgs/msg/detail/car_state_stamped__builder.hpp
[2.961s] -- Up-to-date: /home/misys/forza_ws/race_stack/install/f110_msgs/include/f110_msgs/f110_msgs/msg/detail/wpnt__builder.hpp
[2.961s] -- Up-to-date: /home/misys/forza_ws/race_stack/install/f110_msgs/include/f110_msgs/f110_msgs/msg/detail/gap_data__struct.hpp
[2.961s] -- Up-to-date: /home/misys/forza_ws/race_stack/install/f110_msgs/include/f110_msgs/f110_msgs/msg/detail/opp_wpnt__traits.hpp
[2.961s] -- Up-to-date: /home/misys/forza_ws/race_stack/install/f110_msgs/include/f110_msgs/f110_msgs/msg/detail/gap_data__builder.hpp
[2.961s] -- Up-to-date: /home/misys/forza_ws/race_stack/install/f110_msgs/include/f110_msgs/f110_msgs/msg/detail/opp_wpnt__type_support.hpp
[2.961s] -- Up-to-date: /home/misys/forza_ws/race_stack/install/f110_msgs/include/f110_msgs/f110_msgs/msg/detail/wpnt_array__builder.hpp
[2.961s] -- Up-to-date: /home/misys/forza_ws/race_stack/install/f110_msgs/include/f110_msgs/f110_msgs/msg/detail/car_state__builder.hpp
[2.961s] -- Up-to-date: /home/misys/forza_ws/race_stack/install/f110_msgs/include/f110_msgs/f110_msgs/msg/detail/obstacle_array__builder.hpp
[2.961s] -- Up-to-date: /home/misys/forza_ws/race_stack/install/f110_msgs/include/f110_msgs/f110_msgs/msg/detail/wpnt_array__struct.hpp
[2.962s] -- Up-to-date: /home/misys/forza_ws/race_stack/install/f110_msgs/include/f110_msgs/f110_msgs/msg/detail/opponent_trajectory__struct.hpp
[2.962s] -- Up-to-date: /home/misys/forza_ws/race_stack/install/f110_msgs/include/f110_msgs/f110_msgs/msg/detail/opp_wpnt__builder.hpp
[2.962s] -- Up-to-date: /home/misys/forza_ws/race_stack/install/f110_msgs/include/f110_msgs/f110_msgs/msg/detail/car_state_stamped__traits.hpp
[2.962s] -- Up-to-date: /home/misys/forza_ws/race_stack/install/f110_msgs/include/f110_msgs/f110_msgs/msg/detail/gap_data__traits.hpp
[2.962s] -- Up-to-date: /home/misys/forza_ws/race_stack/install/f110_msgs/include/f110_msgs/f110_msgs/msg/detail/pid_data__builder.hpp
[2.962s] -- Up-to-date: /home/misys/forza_ws/race_stack/install/f110_msgs/include/f110_msgs/f110_msgs/msg/detail/opponent_trajectory__type_support.hpp
[2.962s] -- Up-to-date: /home/misys/forza_ws/race_stack/install/f110_msgs/include/f110_msgs/f110_msgs/msg/detail/car_state__struct.hpp
[2.962s] -- Up-to-date: /home/misys/forza_ws/race_stack/install/f110_msgs/include/f110_msgs/f110_msgs/msg/detail/wpnt_array__type_support.hpp
[2.963s] -- Up-to-date: /home/misys/forza_ws/race_stack/install/f110_msgs/include/f110_msgs/f110_msgs/msg/detail/obstacle__type_support.hpp
[2.963s] -- Up-to-date: /home/misys/forza_ws/race_stack/install/f110_msgs/include/f110_msgs/f110_msgs/msg/detail/ot_wpnt_array__type_support.hpp
[2.963s] -- Up-to-date: /home/misys/forza_ws/race_stack/install/f110_msgs/include/f110_msgs/f110_msgs/msg/detail/pid_data__traits.hpp
[2.963s] -- Up-to-date: /home/misys/forza_ws/race_stack/install/f110_msgs/include/f110_msgs/f110_msgs/msg/detail/ot_wpnt_array__builder.hpp
[2.963s] -- Up-to-date: /home/misys/forza_ws/race_stack/install/f110_msgs/include/f110_msgs/f110_msgs/msg/detail/obstacle_array__type_support.hpp
[2.963s] -- Up-to-date: /home/misys/forza_ws/race_stack/install/f110_msgs/include/f110_msgs/f110_msgs/msg/detail/ot_wpnt_array__traits.hpp
[2.963s] -- Up-to-date: /home/misys/forza_ws/race_stack/install/f110_msgs/include/f110_msgs/f110_msgs/msg/detail/car_state__type_support.hpp
[2.963s] -- Up-to-date: /home/misys/forza_ws/race_stack/install/f110_msgs/include/f110_msgs/f110_msgs/msg/detail/opponent_trajectory__traits.hpp
[2.963s] -- Up-to-date: /home/misys/forza_ws/race_stack/install/f110_msgs/include/f110_msgs/f110_msgs/msg/detail/obstacle_array__struct.hpp
[2.964s] -- Up-to-date: /home/misys/forza_ws/race_stack/install/f110_msgs/include/f110_msgs/f110_msgs/msg/detail/lap_data__struct.hpp
[2.992s] -- Up-to-date: /home/misys/forza_ws/race_stack/install/f110_msgs/include/f110_msgs/f110_msgs/msg/detail/obstacle__struct.hpp
[2.992s] -- Up-to-date: /home/misys/forza_ws/race_stack/install/f110_msgs/include/f110_msgs/f110_msgs/msg/detail/lap_data__builder.hpp
[2.993s] -- Up-to-date: /home/misys/forza_ws/race_stack/install/f110_msgs/include/f110_msgs/f110_msgs/msg/detail/gap_data__type_support.hpp
[2.993s] -- Up-to-date: /home/misys/forza_ws/race_stack/install/f110_msgs/include/f110_msgs/f110_msgs/msg/detail/pid_data__type_support.hpp
[2.993s] -- Up-to-date: /home/misys/forza_ws/race_stack/install/f110_msgs/include/f110_msgs/f110_msgs/msg/detail/car_state_stamped__struct.hpp
[2.993s] -- Up-to-date: /home/misys/forza_ws/race_stack/install/f110_msgs/include/f110_msgs/f110_msgs/msg/detail/wpnt_array__traits.hpp
[2.993s] -- Up-to-date: /home/misys/forza_ws/race_stack/install/f110_msgs/include/f110_msgs/f110_msgs/msg/wpnt.hpp
[2.993s] -- Up-to-date: /home/misys/forza_ws/race_stack/install/f110_msgs/include/f110_msgs/f110_msgs/msg/obstacle_array.hpp
[2.993s] -- Up-to-date: /home/misys/forza_ws/race_stack/install/f110_msgs/include/f110_msgs/f110_msgs/msg/opp_wpnt.hpp
[2.994s] -- Up-to-date: /home/misys/forza_ws/race_stack/install/f110_msgs/include/f110_msgs/f110_msgs/msg/ot_wpnt_array.hpp
[2.994s] -- Up-to-date: /home/misys/forza_ws/race_stack/install/f110_msgs/include/f110_msgs/f110_msgs/msg/car_state_stamped.hpp
[2.994s] -- Up-to-date: /home/misys/forza_ws/race_stack/install/f110_msgs/include/f110_msgs/f110_msgs/msg/lap_data.hpp
[2.994s] -- Up-to-date: /home/misys/forza_ws/race_stack/install/f110_msgs/include/f110_msgs/f110_msgs/msg/opponent_trajectory.hpp
[2.994s] -- Up-to-date: /home/misys/forza_ws/race_stack/install/f110_msgs/include/f110_msgs/f110_msgs/msg/gap_data.hpp
[2.994s] -- Up-to-date: /home/misys/forza_ws/race_stack/install/f110_msgs/include/f110_msgs/f110_msgs/msg/wpnt_array.hpp
[2.994s] -- Up-to-date: /home/misys/forza_ws/race_stack/install/f110_msgs/include/f110_msgs/f110_msgs/msg/obstacle.hpp
[2.994s] -- Up-to-date: /home/misys/forza_ws/race_stack/install/f110_msgs/include/f110_msgs/f110_msgs
[2.995s] -- Up-to-date: /home/misys/forza_ws/race_stack/install/f110_msgs/include/f110_msgs/f110_msgs/msg
[2.995s] -- Up-to-date: /home/misys/forza_ws/race_stack/install/f110_msgs/include/f110_msgs/f110_msgs/msg/detail
[2.995s] -- Up-to-date: /home/misys/forza_ws/race_stack/install/f110_msgs/include/f110_msgs/f110_msgs/msg/detail/wpnt_array__rosidl_typesupport_fastrtps_cpp.hpp
[2.995s] -- Up-to-date: /home/misys/forza_ws/race_stack/install/f110_msgs/include/f110_msgs/f110_msgs/msg/detail/gap_data__rosidl_typesupport_fastrtps_cpp.hpp
[2.995s] -- Up-to-date: /home/misys/forza_ws/race_stack/install/f110_msgs/include/f110_msgs/f110_msgs/msg/detail/ot_wpnt_array__rosidl_typesupport_fastrtps_cpp.hpp
[2.995s] -- Up-to-date: /home/misys/forza_ws/race_stack/install/f110_msgs/include/f110_msgs/f110_msgs/msg/detail/lap_data__rosidl_typesupport_fastrtps_cpp.hpp
[2.995s] -- Up-to-date: /home/misys/forza_ws/race_stack/install/f110_msgs/include/f110_msgs/f110_msgs/msg/detail/obstacle__rosidl_typesupport_fastrtps_cpp.hpp
[2.995s] -- Up-to-date: /home/misys/forza_ws/race_stack/install/f110_msgs/include/f110_msgs/f110_msgs/msg/detail/car_state_stamped__rosidl_typesupport_fastrtps_cpp.hpp
[2.995s] -- Up-to-date: /home/misys/forza_ws/race_stack/install/f110_msgs/include/f110_msgs/f110_msgs/msg/detail/opp_wpnt__rosidl_typesupport_fastrtps_cpp.hpp
[2.996s] -- Up-to-date: /home/misys/forza_ws/race_stack/install/f110_msgs/include/f110_msgs/f110_msgs/msg/detail/wpnt__rosidl_typesupport_fastrtps_cpp.hpp
[2.996s] -- Up-to-date: /home/misys/forza_ws/race_stack/install/f110_msgs/include/f110_msgs/f110_msgs/msg/detail/dds_fastrtps
[2.996s] -- Up-to-date: /home/misys/forza_ws/race_stack/install/f110_msgs/include/f110_msgs/f110_msgs/msg/detail/car_state__rosidl_typesupport_fastrtps_cpp.hpp
[2.996s] -- Up-to-date: /home/misys/forza_ws/race_stack/install/f110_msgs/include/f110_msgs/f110_msgs/msg/detail/pid_data__rosidl_typesupport_fastrtps_cpp.hpp
[2.996s] -- Up-to-date: /home/misys/forza_ws/race_stack/install/f110_msgs/include/f110_msgs/f110_msgs/msg/detail/obstacle_array__rosidl_typesupport_fastrtps_cpp.hpp
[2.996s] -- Up-to-date: /home/misys/forza_ws/race_stack/install/f110_msgs/include/f110_msgs/f110_msgs/msg/detail/opponent_trajectory__rosidl_typesupport_fastrtps_cpp.hpp
[2.996s] -- Up-to-date: /home/misys/forza_ws/race_stack/install/f110_msgs/include/f110_msgs/f110_msgs/msg/rosidl_typesupport_fastrtps_cpp__visibility_control.h
[2.998s] -- Up-to-date: /home/misys/forza_ws/race_stack/install/f110_msgs/lib/libf110_msgs__rosidl_typesupport_fastrtps_cpp.so
[2.998s] -- Up-to-date: /home/misys/forza_ws/race_stack/install/f110_msgs/include/f110_msgs/f110_msgs
[2.998s] -- Up-to-date: /home/misys/forza_ws/race_stack/install/f110_msgs/include/f110_msgs/f110_msgs/msg
[2.998s] -- Up-to-date: /home/misys/forza_ws/race_stack/install/f110_msgs/include/f110_msgs/f110_msgs/msg/detail
[2.998s] -- Up-to-date: /home/misys/forza_ws/race_stack/install/f110_msgs/include/f110_msgs/f110_msgs/msg/detail/car_state_stamped__rosidl_typesupport_introspection_c.h
[2.998s] -- Up-to-date: /home/misys/forza_ws/race_stack/install/f110_msgs/include/f110_msgs/f110_msgs/msg/detail/pid_data__type_support.c
[2.998s] -- Up-to-date: /home/misys/forza_ws/race_stack/install/f110_msgs/include/f110_msgs/f110_msgs/msg/detail/car_state_stamped__type_support.c
[2.998s] -- Up-to-date: /home/misys/forza_ws/race_stack/install/f110_msgs/include/f110_msgs/f110_msgs/msg/detail/obstacle_array__type_support.c
[2.998s] -- Up-to-date: /home/misys/forza_ws/race_stack/install/f110_msgs/include/f110_msgs/f110_msgs/msg/detail/pid_data__rosidl_typesupport_introspection_c.h
[2.999s] -- Up-to-date: /home/misys/forza_ws/race_stack/install/f110_msgs/include/f110_msgs/f110_msgs/msg/detail/wpnt_array__type_support.c
[2.999s] -- Up-to-date: /home/misys/forza_ws/race_stack/install/f110_msgs/include/f110_msgs/f110_msgs/msg/detail/opponent_trajectory__type_support.c
[2.999s] -- Up-to-date: /home/misys/forza_ws/race_stack/install/f110_msgs/include/f110_msgs/f110_msgs/msg/detail/car_state__rosidl_typesupport_introspection_c.h
[2.999s] -- Up-to-date: /home/misys/forza_ws/race_stack/install/f110_msgs/include/f110_msgs/f110_msgs/msg/detail/wpnt__rosidl_typesupport_introspection_c.h
[2.999s] -- Up-to-date: /home/misys/forza_ws/race_stack/install/f110_msgs/include/f110_msgs/f110_msgs/msg/detail/opp_wpnt__rosidl_typesupport_introspection_c.h
[2.999s] -- Up-to-date: /home/misys/forza_ws/race_stack/install/f110_msgs/include/f110_msgs/f110_msgs/msg/detail/car_state__type_support.c
[2.999s] -- Up-to-date: /home/misys/forza_ws/race_stack/install/f110_msgs/include/f110_msgs/f110_msgs/msg/detail/gap_data__rosidl_typesupport_introspection_c.h
[2.999s] -- Up-to-date: /home/misys/forza_ws/race_stack/install/f110_msgs/include/f110_msgs/f110_msgs/msg/detail/wpnt_array__rosidl_typesupport_introspection_c.h
[2.999s] -- Up-to-date: /home/misys/forza_ws/race_stack/install/f110_msgs/include/f110_msgs/f110_msgs/msg/detail/opp_wpnt__type_support.c
[3.000s] -- Up-to-date: /home/misys/forza_ws/race_stack/install/f110_msgs/include/f110_msgs/f110_msgs/msg/detail/obstacle_array__rosidl_typesupport_introspection_c.h
[3.032s] -- Up-to-date: /home/misys/forza_ws/race_stack/install/f110_msgs/include/f110_msgs/f110_msgs/msg/detail/wpnt__type_support.c
[3.032s] -- Up-to-date: /home/misys/forza_ws/race_stack/install/f110_msgs/include/f110_msgs/f110_msgs/msg/detail/lap_data__rosidl_typesupport_introspection_c.h
[3.033s] -- Up-to-date: /home/misys/forza_ws/race_stack/install/f110_msgs/include/f110_msgs/f110_msgs/msg/detail/obstacle__rosidl_typesupport_introspection_c.h
[3.033s] -- Up-to-date: /home/misys/forza_ws/race_stack/install/f110_msgs/include/f110_msgs/f110_msgs/msg/detail/lap_data__type_support.c
[3.033s] -- Up-to-date: /home/misys/forza_ws/race_stack/install/f110_msgs/include/f110_msgs/f110_msgs/msg/detail/ot_wpnt_array__rosidl_typesupport_introspection_c.h
[3.033s] -- Up-to-date: /home/misys/forza_ws/race_stack/install/f110_msgs/include/f110_msgs/f110_msgs/msg/detail/obstacle__type_support.c
[3.033s] -- Up-to-date: /home/misys/forza_ws/race_stack/install/f110_msgs/include/f110_msgs/f110_msgs/msg/detail/gap_data__type_support.c
[3.033s] -- Up-to-date: /home/misys/forza_ws/race_stack/install/f110_msgs/include/f110_msgs/f110_msgs/msg/detail/ot_wpnt_array__type_support.c
[3.033s] -- Up-to-date: /home/misys/forza_ws/race_stack/install/f110_msgs/include/f110_msgs/f110_msgs/msg/detail/opponent_trajectory__rosidl_typesupport_introspection_c.h
[3.033s] -- Up-to-date: /home/misys/forza_ws/race_stack/install/f110_msgs/include/f110_msgs/f110_msgs/msg/rosidl_typesupport_introspection_c__visibility_control.h
[3.034s] -- Up-to-date: /home/misys/forza_ws/race_stack/install/f110_msgs/lib/libf110_msgs__rosidl_typesupport_introspection_c.so
[3.039s] -- Up-to-date: /home/misys/forza_ws/race_stack/install/f110_msgs/lib/libf110_msgs__rosidl_typesupport_c.so
[3.039s] -- Up-to-date: /home/misys/forza_ws/race_stack/install/f110_msgs/include/f110_msgs/f110_msgs
[3.039s] -- Up-to-date: /home/misys/forza_ws/race_stack/install/f110_msgs/include/f110_msgs/f110_msgs/msg
[3.040s] -- Up-to-date: /home/misys/forza_ws/race_stack/install/f110_msgs/include/f110_msgs/f110_msgs/msg/detail
[3.040s] -- Up-to-date: /home/misys/forza_ws/race_stack/install/f110_msgs/include/f110_msgs/f110_msgs/msg/detail/ot_wpnt_array__type_support.cpp
[3.040s] -- Up-to-date: /home/misys/forza_ws/race_stack/install/f110_msgs/include/f110_msgs/f110_msgs/msg/detail/obstacle_array__rosidl_typesupport_introspection_cpp.hpp
[3.040s] -- Up-to-date: /home/misys/forza_ws/race_stack/install/f110_msgs/include/f110_msgs/f110_msgs/msg/detail/lap_data__rosidl_typesupport_introspection_cpp.hpp
[3.040s] -- Up-to-date: /home/misys/forza_ws/race_stack/install/f110_msgs/include/f110_msgs/f110_msgs/msg/detail/wpnt_array__type_support.cpp
[3.040s] -- Up-to-date: /home/misys/forza_ws/race_stack/install/f110_msgs/include/f110_msgs/f110_msgs/msg/detail/opponent_trajectory__rosidl_typesupport_introspection_cpp.hpp
[3.040s] -- Up-to-date: /home/misys/forza_ws/race_stack/install/f110_msgs/include/f110_msgs/f110_msgs/msg/detail/opp_wpnt__rosidl_typesupport_introspection_cpp.hpp
[3.040s] -- Up-to-date: /home/misys/forza_ws/race_stack/install/f110_msgs/include/f110_msgs/f110_msgs/msg/detail/opponent_trajectory__type_support.cpp
[3.040s] -- Up-to-date: /home/misys/forza_ws/race_stack/install/f110_msgs/include/f110_msgs/f110_msgs/msg/detail/obstacle_array__type_support.cpp
[3.041s] -- Up-to-date: /home/misys/forza_ws/race_stack/install/f110_msgs/include/f110_msgs/f110_msgs/msg/detail/opp_wpnt__type_support.cpp
[3.041s] -- Up-to-date: /home/misys/forza_ws/race_stack/install/f110_msgs/include/f110_msgs/f110_msgs/msg/detail/wpnt_array__rosidl_typesupport_introspection_cpp.hpp
[3.041s] -- Up-to-date: /home/misys/forza_ws/race_stack/install/f110_msgs/include/f110_msgs/f110_msgs/msg/detail/obstacle__type_support.cpp
[3.041s] -- Up-to-date: /home/misys/forza_ws/race_stack/install/f110_msgs/include/f110_msgs/f110_msgs/msg/detail/wpnt__type_support.cpp
[3.041s] -- Up-to-date: /home/misys/forza_ws/race_stack/install/f110_msgs/include/f110_msgs/f110_msgs/msg/detail/gap_data__rosidl_typesupport_introspection_cpp.hpp
[3.041s] -- Up-to-date: /home/misys/forza_ws/race_stack/install/f110_msgs/include/f110_msgs/f110_msgs/msg/detail/ot_wpnt_array__rosidl_typesupport_introspection_cpp.hpp
[3.041s] -- Up-to-date: /home/misys/forza_ws/race_stack/install/f110_msgs/include/f110_msgs/f110_msgs/msg/detail/car_state__rosidl_typesupport_introspection_cpp.hpp
[3.041s] -- Up-to-date: /home/misys/forza_ws/race_stack/install/f110_msgs/include/f110_msgs/f110_msgs/msg/detail/car_state__type_support.cpp
[3.042s] -- Up-to-date: /home/misys/forza_ws/race_stack/install/f110_msgs/include/f110_msgs/f110_msgs/msg/detail/lap_data__type_support.cpp
[3.042s] -- Up-to-date: /home/misys/forza_ws/race_stack/install/f110_msgs/include/f110_msgs/f110_msgs/msg/detail/car_state_stamped__rosidl_typesupport_introspection_cpp.hpp
[3.042s] -- Up-to-date: /home/misys/forza_ws/race_stack/install/f110_msgs/include/f110_msgs/f110_msgs/msg/detail/wpnt__rosidl_typesupport_introspection_cpp.hpp
[3.042s] -- Up-to-date: /home/misys/forza_ws/race_stack/install/f110_msgs/include/f110_msgs/f110_msgs/msg/detail/gap_data__type_support.cpp
[3.042s] -- Up-to-date: /home/misys/forza_ws/race_stack/install/f110_msgs/include/f110_msgs/f110_msgs/msg/detail/car_state_stamped__type_support.cpp
[3.042s] -- Up-to-date: /home/misys/forza_ws/race_stack/install/f110_msgs/include/f110_msgs/f110_msgs/msg/detail/pid_data__rosidl_typesupport_introspection_cpp.hpp
[3.042s] -- Up-to-date: /home/misys/forza_ws/race_stack/install/f110_msgs/include/f110_msgs/f110_msgs/msg/detail/obstacle__rosidl_typesupport_introspection_cpp.hpp
[3.042s] -- Up-to-date: /home/misys/forza_ws/race_stack/install/f110_msgs/include/f110_msgs/f110_msgs/msg/detail/pid_data__type_support.cpp
[3.042s] -- Up-to-date: /home/misys/forza_ws/race_stack/install/f110_msgs/lib/libf110_msgs__rosidl_typesupport_introspection_cpp.so
[3.048s] -- Up-to-date: /home/misys/forza_ws/race_stack/install/f110_msgs/lib/libf110_msgs__rosidl_typesupport_cpp.so
[3.048s] -- Up-to-date: /home/misys/forza_ws/race_stack/install/f110_msgs/share/f110_msgs/environment/pythonpath.sh
[3.048s] -- Up-to-date: /home/misys/forza_ws/race_stack/install/f110_msgs/share/f110_msgs/environment/pythonpath.dsv
[3.048s] -- Up-to-date: /home/misys/forza_ws/race_stack/install/f110_msgs/local/lib/python3.10/dist-packages/f110_msgs-0.0.0-py3.10.egg-info
[3.048s] -- Installing: /home/misys/forza_ws/race_stack/install/f110_msgs/local/lib/python3.10/dist-packages/f110_msgs-0.0.0-py3.10.egg-info/dependency_links.txt
[3.048s] -- Installing: /home/misys/forza_ws/race_stack/install/f110_msgs/local/lib/python3.10/dist-packages/f110_msgs-0.0.0-py3.10.egg-info/PKG-INFO
[3.049s] -- Installing: /home/misys/forza_ws/race_stack/install/f110_msgs/local/lib/python3.10/dist-packages/f110_msgs-0.0.0-py3.10.egg-info/top_level.txt
[3.049s] -- Installing: /home/misys/forza_ws/race_stack/install/f110_msgs/local/lib/python3.10/dist-packages/f110_msgs-0.0.0-py3.10.egg-info/SOURCES.txt
[3.049s] -- Up-to-date: /home/misys/forza_ws/race_stack/install/f110_msgs/local/lib/python3.10/dist-packages/f110_msgs
[3.051s] -- Up-to-date: /home/misys/forza_ws/race_stack/install/f110_msgs/local/lib/python3.10/dist-packages/f110_msgs/_f110_msgs_s.ep.rosidl_typesupport_introspection_c.c
[3.051s] -- Up-to-date: /home/misys/forza_ws/race_stack/install/f110_msgs/local/lib/python3.10/dist-packages/f110_msgs/f110_msgs_s__rosidl_typesupport_introspection_c.cpython-310-aarch64-linux-gnu.so
[3.051s] -- Up-to-date: /home/misys/forza_ws/race_stack/install/f110_msgs/local/lib/python3.10/dist-packages/f110_msgs/f110_msgs_s__rosidl_typesupport_fastrtps_c.cpython-310-aarch64-linux-gnu.so
[3.051s] -- Up-to-date: /home/misys/forza_ws/race_stack/install/f110_msgs/local/lib/python3.10/dist-packages/f110_msgs/msg
[3.051s] -- Up-to-date: /home/misys/forza_ws/race_stack/install/f110_msgs/local/lib/python3.10/dist-packages/f110_msgs/msg/_opponent_trajectory_s.c
[3.051s] -- Up-to-date: /home/misys/forza_ws/race_stack/install/f110_msgs/local/lib/python3.10/dist-packages/f110_msgs/msg/_wpnt.py
[3.052s] -- Up-to-date: /home/misys/forza_ws/race_stack/install/f110_msgs/local/lib/python3.10/dist-packages/f110_msgs/msg/_wpnt_s.c
[3.052s] -- Up-to-date: /home/misys/forza_ws/race_stack/install/f110_msgs/local/lib/python3.10/dist-packages/f110_msgs/msg/_opp_wpnt_s.c
[3.052s] -- Up-to-date: /home/misys/forza_ws/race_stack/install/f110_msgs/local/lib/python3.10/dist-packages/f110_msgs/msg/_car_state_stamped.py
[3.052s] -- Up-to-date: /home/misys/forza_ws/race_stack/install/f110_msgs/local/lib/python3.10/dist-packages/f110_msgs/msg/_opp_wpnt.py
[3.052s] -- Up-to-date: /home/misys/forza_ws/race_stack/install/f110_msgs/local/lib/python3.10/dist-packages/f110_msgs/msg/_obstacle_array.py
[3.052s] -- Up-to-date: /home/misys/forza_ws/race_stack/install/f110_msgs/local/lib/python3.10/dist-packages/f110_msgs/msg/_obstacle.py
[3.052s] -- Up-to-date: /home/misys/forza_ws/race_stack/install/f110_msgs/local/lib/python3.10/dist-packages/f110_msgs/msg/_lap_data_s.c
[3.053s] -- Up-to-date: /home/misys/forza_ws/race_stack/install/f110_msgs/local/lib/python3.10/dist-packages/f110_msgs/msg/_wpnt_array.py
[3.053s] -- Up-to-date: /home/misys/forza_ws/race_stack/install/f110_msgs/local/lib/python3.10/dist-packages/f110_msgs/msg/_obstacle_array_s.c
[3.053s] -- Up-to-date: /home/misys/forza_ws/race_stack/install/f110_msgs/local/lib/python3.10/dist-packages/f110_msgs/msg/_obstacle_s.c
[3.053s] -- Up-to-date: /home/misys/forza_ws/race_stack/install/f110_msgs/local/lib/python3.10/dist-packages/f110_msgs/msg/_car_state_s.c
[3.053s] -- Up-to-date: /home/misys/forza_ws/race_stack/install/f110_msgs/local/lib/python3.10/dist-packages/f110_msgs/msg/_wpnt_array_s.c
[3.053s] -- Up-to-date: /home/misys/forza_ws/race_stack/install/f110_msgs/local/lib/python3.10/dist-packages/f110_msgs/msg/_pid_data.py
[3.053s] -- Up-to-date: /home/misys/forza_ws/race_stack/install/f110_msgs/local/lib/python3.10/dist-packages/f110_msgs/msg/_car_state_stamped_s.c
[3.053s] -- Up-to-date: /home/misys/forza_ws/race_stack/install/f110_msgs/local/lib/python3.10/dist-packages/f110_msgs/msg/_ot_wpnt_array.py
[3.053s] -- Up-to-date: /home/misys/forza_ws/race_stack/install/f110_msgs/local/lib/python3.10/dist-packages/f110_msgs/msg/__init__.py
[3.059s] -- Up-to-date: /home/misys/forza_ws/race_stack/install/f110_msgs/local/lib/python3.10/dist-packages/f110_msgs/msg/_pid_data_s.c
[3.060s] -- Up-to-date: /home/misys/forza_ws/race_stack/install/f110_msgs/local/lib/python3.10/dist-packages/f110_msgs/msg/_opponent_trajectory.py
[3.060s] -- Up-to-date: /home/misys/forza_ws/race_stack/install/f110_msgs/local/lib/python3.10/dist-packages/f110_msgs/msg/_gap_data_s.c
[3.060s] -- Up-to-date: /home/misys/forza_ws/race_stack/install/f110_msgs/local/lib/python3.10/dist-packages/f110_msgs/msg/_lap_data.py
[3.061s] -- Up-to-date: /home/misys/forza_ws/race_stack/install/f110_msgs/local/lib/python3.10/dist-packages/f110_msgs/msg/_gap_data.py
[3.061s] -- Up-to-date: /home/misys/forza_ws/race_stack/install/f110_msgs/local/lib/python3.10/dist-packages/f110_msgs/msg/_ot_wpnt_array_s.c
[3.061s] -- Up-to-date: /home/misys/forza_ws/race_stack/install/f110_msgs/local/lib/python3.10/dist-packages/f110_msgs/msg/_car_state.py
[3.061s] -- Up-to-date: /home/misys/forza_ws/race_stack/install/f110_msgs/local/lib/python3.10/dist-packages/f110_msgs/_f110_msgs_s.ep.rosidl_typesupport_fastrtps_c.c
[3.061s] -- Up-to-date: /home/misys/forza_ws/race_stack/install/f110_msgs/local/lib/python3.10/dist-packages/f110_msgs/__init__.py
[3.061s] -- Up-to-date: /home/misys/forza_ws/race_stack/install/f110_msgs/local/lib/python3.10/dist-packages/f110_msgs/libf110_msgs__rosidl_generator_py.so
[3.061s] -- Up-to-date: /home/misys/forza_ws/race_stack/install/f110_msgs/local/lib/python3.10/dist-packages/f110_msgs/f110_msgs_s__rosidl_typesupport_c.cpython-310-aarch64-linux-gnu.so
[3.061s] -- Up-to-date: /home/misys/forza_ws/race_stack/install/f110_msgs/local/lib/python3.10/dist-packages/f110_msgs/_f110_msgs_s.ep.rosidl_typesupport_c.c
[3.242s] Listing '/home/misys/forza_ws/race_stack/install/f110_msgs/local/lib/python3.10/dist-packages/f110_msgs'...
[3.242s] Listing '/home/misys/forza_ws/race_stack/install/f110_msgs/local/lib/python3.10/dist-packages/f110_msgs/msg'...
[3.334s] -- Up-to-date: /home/misys/forza_ws/race_stack/install/f110_msgs/local/lib/python3.10/dist-packages/f110_msgs/f110_msgs_s__rosidl_typesupport_fastrtps_c.cpython-310-aarch64-linux-gnu.so
[3.344s] -- Up-to-date: /home/misys/forza_ws/race_stack/install/f110_msgs/local/lib/python3.10/dist-packages/f110_msgs/f110_msgs_s__rosidl_typesupport_introspection_c.cpython-310-aarch64-linux-gnu.so
[3.344s] -- Up-to-date: /home/misys/forza_ws/race_stack/install/f110_msgs/local/lib/python3.10/dist-packages/f110_msgs/f110_msgs_s__rosidl_typesupport_c.cpython-310-aarch64-linux-gnu.so
[3.344s] -- Up-to-date: /home/misys/forza_ws/race_stack/install/f110_msgs/lib/libf110_msgs__rosidl_generator_py.so
[3.345s] -- Up-to-date: /home/misys/forza_ws/race_stack/install/f110_msgs/share/f110_msgs/msg/CarState.idl
[3.345s] -- Up-to-date: /home/misys/forza_ws/race_stack/install/f110_msgs/share/f110_msgs/msg/CarStateStamped.idl
[3.345s] -- Up-to-date: /home/misys/forza_ws/race_stack/install/f110_msgs/share/f110_msgs/msg/GapData.idl
[3.346s] -- Up-to-date: /home/misys/forza_ws/race_stack/install/f110_msgs/share/f110_msgs/msg/LapData.idl
[3.348s] -- Up-to-date: /home/misys/forza_ws/race_stack/install/f110_msgs/share/f110_msgs/msg/OTWpntArray.idl
[3.350s] -- Up-to-date: /home/misys/forza_ws/race_stack/install/f110_msgs/share/f110_msgs/msg/Obstacle.idl
[3.353s] -- Up-to-date: /home/misys/forza_ws/race_stack/install/f110_msgs/share/f110_msgs/msg/ObstacleArray.idl
[3.353s] -- Up-to-date: /home/misys/forza_ws/race_stack/install/f110_msgs/share/f110_msgs/msg/PidData.idl
[3.353s] -- Up-to-date: /home/misys/forza_ws/race_stack/install/f110_msgs/share/f110_msgs/msg/Wpnt.idl
[3.354s] -- Up-to-date: /home/misys/forza_ws/race_stack/install/f110_msgs/share/f110_msgs/msg/WpntArray.idl
[3.354s] -- Up-to-date: /home/misys/forza_ws/race_stack/install/f110_msgs/share/f110_msgs/msg/OpponentTrajectory.idl
[3.355s] -- Up-to-date: /home/misys/forza_ws/race_stack/install/f110_msgs/share/f110_msgs/msg/OppWpnt.idl
[3.355s] -- Up-to-date: /home/misys/forza_ws/race_stack/install/f110_msgs/share/f110_msgs/msg/CarState.msg
[3.355s] -- Up-to-date: /home/misys/forza_ws/race_stack/install/f110_msgs/share/f110_msgs/msg/CarStateStamped.msg
[3.355s] -- Up-to-date: /home/misys/forza_ws/race_stack/install/f110_msgs/share/f110_msgs/msg/GapData.msg
[3.356s] -- Up-to-date: /home/misys/forza_ws/race_stack/install/f110_msgs/share/f110_msgs/msg/LapData.msg
[3.356s] -- Up-to-date: /home/misys/forza_ws/race_stack/install/f110_msgs/share/f110_msgs/msg/OTWpntArray.msg
[3.356s] -- Up-to-date: /home/misys/forza_ws/race_stack/install/f110_msgs/share/f110_msgs/msg/Obstacle.msg
[3.356s] -- Up-to-date: /home/misys/forza_ws/race_stack/install/f110_msgs/share/f110_msgs/msg/ObstacleArray.msg
[3.356s] -- Up-to-date: /home/misys/forza_ws/race_stack/install/f110_msgs/share/f110_msgs/msg/PidData.msg
[3.357s] -- Up-to-date: /home/misys/forza_ws/race_stack/install/f110_msgs/share/f110_msgs/msg/Wpnt.msg
[3.357s] -- Up-to-date: /home/misys/forza_ws/race_stack/install/f110_msgs/share/f110_msgs/msg/WpntArray.msg
[3.357s] -- Up-to-date: /home/misys/forza_ws/race_stack/install/f110_msgs/share/f110_msgs/msg/OpponentTrajectory.msg
[3.357s] -- Up-to-date: /home/misys/forza_ws/race_stack/install/f110_msgs/share/f110_msgs/msg/OppWpnt.msg
[3.357s] -- Up-to-date: /home/misys/forza_ws/race_stack/install/f110_msgs/share/f110_msgs/my_mapping_rules.yaml
[3.357s] -- Up-to-date: /home/misys/forza_ws/race_stack/install/f110_msgs/share/ament_index/resource_index/package_run_dependencies/f110_msgs
[3.357s] -- Up-to-date: /home/misys/forza_ws/race_stack/install/f110_msgs/share/ament_index/resource_index/parent_prefix_path/f110_msgs
[3.358s] -- Up-to-date: /home/misys/forza_ws/race_stack/install/f110_msgs/share/f110_msgs/environment/ament_prefix_path.sh
[3.358s] -- Up-to-date: /home/misys/forza_ws/race_stack/install/f110_msgs/share/f110_msgs/environment/ament_prefix_path.dsv
[3.358s] -- Up-to-date: /home/misys/forza_ws/race_stack/install/f110_msgs/share/f110_msgs/environment/path.sh
[3.358s] -- Up-to-date: /home/misys/forza_ws/race_stack/install/f110_msgs/share/f110_msgs/environment/path.dsv
[3.358s] -- Up-to-date: /home/misys/forza_ws/race_stack/install/f110_msgs/share/f110_msgs/local_setup.bash
[3.358s] -- Up-to-date: /home/misys/forza_ws/race_stack/install/f110_msgs/share/f110_msgs/local_setup.sh
[3.359s] -- Up-to-date: /home/misys/forza_ws/race_stack/install/f110_msgs/share/f110_msgs/local_setup.zsh
[3.359s] -- Up-to-date: /home/misys/forza_ws/race_stack/install/f110_msgs/share/f110_msgs/local_setup.dsv
[3.359s] -- Installing: /home/misys/forza_ws/race_stack/install/f110_msgs/share/f110_msgs/package.dsv
[3.359s] -- Up-to-date: /home/misys/forza_ws/race_stack/install/f110_msgs/share/ament_index/resource_index/packages/f110_msgs
[3.360s] -- Up-to-date: /home/misys/forza_ws/race_stack/install/f110_msgs/share/f110_msgs/cmake/export_f110_msgs__rosidl_generator_cExport.cmake
[3.363s] -- Up-to-date: /home/misys/forza_ws/race_stack/install/f110_msgs/share/f110_msgs/cmake/export_f110_msgs__rosidl_generator_cExport-noconfig.cmake
[3.364s] -- Up-to-date: /home/misys/forza_ws/race_stack/install/f110_msgs/share/f110_msgs/cmake/export_f110_msgs__rosidl_typesupport_fastrtps_cExport.cmake
[3.364s] -- Up-to-date: /home/misys/forza_ws/race_stack/install/f110_msgs/share/f110_msgs/cmake/export_f110_msgs__rosidl_typesupport_fastrtps_cExport-noconfig.cmake
[3.365s] -- Up-to-date: /home/misys/forza_ws/race_stack/install/f110_msgs/share/f110_msgs/cmake/export_f110_msgs__rosidl_generator_cppExport.cmake
[3.365s] -- Up-to-date: /home/misys/forza_ws/race_stack/install/f110_msgs/share/f110_msgs/cmake/export_f110_msgs__rosidl_typesupport_fastrtps_cppExport.cmake
[3.365s] -- Up-to-date: /home/misys/forza_ws/race_stack/install/f110_msgs/share/f110_msgs/cmake/export_f110_msgs__rosidl_typesupport_fastrtps_cppExport-noconfig.cmake
[3.366s] -- Up-to-date: /home/misys/forza_ws/race_stack/install/f110_msgs/share/f110_msgs/cmake/f110_msgs__rosidl_typesupport_introspection_cExport.cmake
[3.366s] -- Up-to-date: /home/misys/forza_ws/race_stack/install/f110_msgs/share/f110_msgs/cmake/f110_msgs__rosidl_typesupport_introspection_cExport-noconfig.cmake
[3.367s] -- Up-to-date: /home/misys/forza_ws/race_stack/install/f110_msgs/share/f110_msgs/cmake/f110_msgs__rosidl_typesupport_cExport.cmake
[3.367s] -- Up-to-date: /home/misys/forza_ws/race_stack/install/f110_msgs/share/f110_msgs/cmake/f110_msgs__rosidl_typesupport_cExport-noconfig.cmake
[3.372s] -- Up-to-date: /home/misys/forza_ws/race_stack/install/f110_msgs/share/f110_msgs/cmake/f110_msgs__rosidl_typesupport_introspection_cppExport.cmake
[3.372s] -- Up-to-date: /home/misys/forza_ws/race_stack/install/f110_msgs/share/f110_msgs/cmake/f110_msgs__rosidl_typesupport_introspection_cppExport-noconfig.cmake
[3.372s] -- Up-to-date: /home/misys/forza_ws/race_stack/install/f110_msgs/share/f110_msgs/cmake/f110_msgs__rosidl_typesupport_cppExport.cmake
[3.372s] -- Up-to-date: /home/misys/forza_ws/race_stack/install/f110_msgs/share/f110_msgs/cmake/f110_msgs__rosidl_typesupport_cppExport-noconfig.cmake
[3.373s] -- Up-to-date: /home/misys/forza_ws/race_stack/install/f110_msgs/share/f110_msgs/cmake/export_f110_msgs__rosidl_generator_pyExport.cmake
[3.373s] -- Up-to-date: /home/misys/forza_ws/race_stack/install/f110_msgs/share/f110_msgs/cmake/export_f110_msgs__rosidl_generator_pyExport-noconfig.cmake
[3.373s] -- Up-to-date: /home/misys/forza_ws/race_stack/install/f110_msgs/share/f110_msgs/cmake/rosidl_cmake-extras.cmake
[3.373s] -- Up-to-date: /home/misys/forza_ws/race_stack/install/f110_msgs/share/f110_msgs/cmake/ament_cmake_export_dependencies-extras.cmake
[3.373s] -- Up-to-date: /home/misys/forza_ws/race_stack/install/f110_msgs/share/f110_msgs/cmake/ament_cmake_export_include_directories-extras.cmake
[3.373s] -- Up-to-date: /home/misys/forza_ws/race_stack/install/f110_msgs/share/f110_msgs/cmake/ament_cmake_export_libraries-extras.cmake
[3.373s] -- Up-to-date: /home/misys/forza_ws/race_stack/install/f110_msgs/share/f110_msgs/cmake/ament_cmake_export_targets-extras.cmake
[3.373s] -- Up-to-date: /home/misys/forza_ws/race_stack/install/f110_msgs/share/f110_msgs/cmake/rosidl_cmake_export_typesupport_targets-extras.cmake
[3.373s] -- Up-to-date: /home/misys/forza_ws/race_stack/install/f110_msgs/share/f110_msgs/cmake/rosidl_cmake_export_typesupport_libraries-extras.cmake
[3.374s] -- Up-to-date: /home/misys/forza_ws/race_stack/install/f110_msgs/share/f110_msgs/cmake/f110_msgsConfig.cmake
[3.374s] -- Up-to-date: /home/misys/forza_ws/race_stack/install/f110_msgs/share/f110_msgs/cmake/f110_msgsConfig-version.cmake
[3.374s] -- Up-to-date: /home/misys/forza_ws/race_stack/install/f110_msgs/share/f110_msgs/package.xml
[4.253s] Invoked command in '/home/misys/forza_ws/race_stack/build/f110_msgs' returned '0': CMAKE_PREFIX_PATH=${CMAKE_PREFIX_PATH}:/home/misys/forza_ws/race_stack/install/f1tenth_stack:/home/misys/forza_ws/race_stack/install/joy_teleop:/home/misys/forza_ws/race_stack/install/steering_lookup:/home/misys/forza_ws/race_stack/install/state_machine:/home/misys/forza_ws/race_stack/install/slam_tuner:/home/misys/forza_ws/race_stack/install/state_estimation:/home/misys/forza_ws/race_stack/install/map_editor:/home/misys/forza_ws/race_stack/install/stack_master:/home/misys/forza_ws/race_stack/install/spline_planner:/home/misys/forza_ws/race_stack/install/sector_tuner:/home/misys/forza_ws/race_stack/install/perception:/home/misys/forza_ws/race_stack/install/particle_filter:/home/misys/forza_ws/race_stack/install/opponent_publisher:/home/misys/forza_ws/race_stack/install/mouse_teleop:/home/misys/forza_ws/race_stack/install/lap_analyser:/home/misys/forza_ws/race_stack/install/key_teleop:/home/misys/forza_ws/race_stack/install/id_controller:/home/misys/forza_ws/race_stack/install/global_planner:/home/misys/forza_ws/race_stack/install/frenet_odom_republisher:/home/misys/forza_ws/race_stack/install/frenet_conversion:/home/misys/forza_ws/race_stack/install/f1tenth_gym_ros:/home/misys/forza_ws/race_stack/install/controller:/opt/ros/humble /usr/bin/cmake --install /home/misys/forza_ws/race_stack/build/f110_msgs
