[4.814s] Invoking command in '/home/misys/forza_ws/race_stack/state_estimation': PYTHONPATH=/home/misys/forza_ws/race_stack/build/state_estimation/prefix_override:/usr/lib/python3/dist-packages/colcon_core/task/python/colcon_distutils_commands:/home/misys/forza_ws/race_stack/install/state_estimation/lib/python3.10/site-packages:${PYTHONPATH} /usr/bin/python3 -W ignore:setup.py install is deprecated -W ignore:easy_install command is deprecated setup.py egg_info --egg-base ../build/state_estimation build --build-base /home/misys/forza_ws/race_stack/build/state_estimation/build install --record /home/misys/forza_ws/race_stack/build/state_estimation/install.log --single-version-externally-managed install_data
[5.680s] running egg_info
[5.682s] writing ../build/state_estimation/state_estimation.egg-info/PKG-INFO
[5.682s] writing dependency_links to ../build/state_estimation/state_estimation.egg-info/dependency_links.txt
[5.683s] writing entry points to ../build/state_estimation/state_estimation.egg-info/entry_points.txt
[5.684s] writing requirements to ../build/state_estimation/state_estimation.egg-info/requires.txt
[5.684s] writing top-level names to ../build/state_estimation/state_estimation.egg-info/top_level.txt
[5.690s] reading manifest file '../build/state_estimation/state_estimation.egg-info/SOURCES.txt'
[5.690s] adding license file 'LICENSE'
[5.692s] writing manifest file '../build/state_estimation/state_estimation.egg-info/SOURCES.txt'
[5.692s] running build
[5.693s] running build_py
[5.693s] running install
[5.694s] running install_lib
[5.698s] running install_data
[5.699s] copying config/ekf.yaml -> /home/misys/forza_ws/race_stack/install/state_estimation/share/state_estimation/config
[5.700s] copying launch/ekf_launch.py -> /home/misys/forza_ws/race_stack/install/state_estimation/share/state_estimation/launch
[5.700s] running install_egg_info
[5.706s] removing '/home/misys/forza_ws/race_stack/install/state_estimation/lib/python3.10/site-packages/state_estimation-0.0.0-py3.10.egg-info' (and everything under it)
[5.707s] Copying ../build/state_estimation/state_estimation.egg-info to /home/misys/forza_ws/race_stack/install/state_estimation/lib/python3.10/site-packages/state_estimation-0.0.0-py3.10.egg-info
[5.713s] running install_scripts
[5.777s] Installing carstate_node script to /home/misys/forza_ws/race_stack/install/state_estimation/lib/state_estimation
[5.779s] writing list of installed files to '/home/misys/forza_ws/race_stack/build/state_estimation/install.log'
[6.626s] Invoked command in '/home/misys/forza_ws/race_stack/state_estimation' returned '0': PYTHONPATH=/home/misys/forza_ws/race_stack/build/state_estimation/prefix_override:/usr/lib/python3/dist-packages/colcon_core/task/python/colcon_distutils_commands:/home/misys/forza_ws/race_stack/install/state_estimation/lib/python3.10/site-packages:${PYTHONPATH} /usr/bin/python3 -W ignore:setup.py install is deprecated -W ignore:easy_install command is deprecated setup.py egg_info --egg-base ../build/state_estimation build --build-base /home/misys/forza_ws/race_stack/build/state_estimation/build install --record /home/misys/forza_ws/race_stack/build/state_estimation/install.log --single-version-externally-managed install_data
