[0.081s] Invoking command in '/home/misys/forza_ws/race_stack/build/f110_msgs': CMAKE_PREFIX_PATH=${CMAKE_PREFIX_PATH}:/home/misys/forza_ws/race_stack/install/f1tenth_stack:/home/misys/forza_ws/race_stack/install/joy_teleop:/home/misys/forza_ws/race_stack/install/steering_lookup:/home/misys/forza_ws/race_stack/install/state_machine:/home/misys/forza_ws/race_stack/install/slam_tuner:/home/misys/forza_ws/race_stack/install/state_estimation:/home/misys/forza_ws/race_stack/install/map_editor:/home/misys/forza_ws/race_stack/install/stack_master:/home/misys/forza_ws/race_stack/install/spline_planner:/home/misys/forza_ws/race_stack/install/sector_tuner:/home/misys/forza_ws/race_stack/install/perception:/home/misys/forza_ws/race_stack/install/particle_filter:/home/misys/forza_ws/race_stack/install/opponent_publisher:/home/misys/forza_ws/race_stack/install/mouse_teleop:/home/misys/forza_ws/race_stack/install/lap_analyser:/home/misys/forza_ws/race_stack/install/key_teleop:/home/misys/forza_ws/race_stack/install/id_controller:/home/misys/forza_ws/race_stack/install/global_planner:/home/misys/forza_ws/race_stack/install/frenet_odom_republisher:/home/misys/forza_ws/race_stack/install/frenet_conversion:/home/misys/forza_ws/race_stack/install/f1tenth_gym_ros:/home/misys/forza_ws/race_stack/install/controller:/opt/ros/humble /usr/bin/cmake --build /home/misys/forza_ws/race_stack/build/f110_msgs -- -j6 -l6
[1.706s] [ 12%] Built target f110_msgs__rosidl_generator_c
[1.706s] [ 12%] Built target f110_msgs__cpp
[1.706s] [ 12%] Built target ament_cmake_python_copy_f110_msgs
[1.707s] [ 24%] Built target f110_msgs__rosidl_typesupport_c
[1.707s] [ 47%] Built target f110_msgs__rosidl_typesupport_cpp
[1.707s] [ 58%] Built target f110_msgs__rosidl_typesupport_introspection_c
[1.707s] [ 62%] Built target f110_msgs__rosidl_typesupport_fastrtps_c
[1.708s] [ 72%] Built target f110_msgs__rosidl_typesupport_introspection_cpp
[1.708s] [ 83%] Built target f110_msgs__rosidl_typesupport_fastrtps_cpp
[1.708s] [ 83%] Built target f110_msgs
[1.708s] [ 84%] Built target f110_msgs__py
[1.708s] [ 95%] Built target f110_msgs__rosidl_generator_py
[1.709s] [ 97%] Built target f110_msgs__rosidl_typesupport_fastrtps_c__pyext
[1.709s] [ 98%] Built target f110_msgs__rosidl_typesupport_c__pyext
[1.709s] [100%] Built target f110_msgs__rosidl_typesupport_introspection_c__pyext
[2.063s] running egg_info
[2.066s] writing f110_msgs.egg-info/PKG-INFO
[2.067s] writing dependency_links to f110_msgs.egg-info/dependency_links.txt
[2.068s] writing top-level names to f110_msgs.egg-info/top_level.txt
[2.073s] reading manifest file 'f110_msgs.egg-info/SOURCES.txt'
[2.075s] writing manifest file 'f110_msgs.egg-info/SOURCES.txt'
[2.173s] [100%] Built target ament_cmake_python_build_f110_msgs_egg
[2.528s] Invoked command in '/home/misys/forza_ws/race_stack/build/f110_msgs' returned '0': CMAKE_PREFIX_PATH=${CMAKE_PREFIX_PATH}:/home/misys/forza_ws/race_stack/install/f1tenth_stack:/home/misys/forza_ws/race_stack/install/joy_teleop:/home/misys/forza_ws/race_stack/install/steering_lookup:/home/misys/forza_ws/race_stack/install/state_machine:/home/misys/forza_ws/race_stack/install/slam_tuner:/home/misys/forza_ws/race_stack/install/state_estimation:/home/misys/forza_ws/race_stack/install/map_editor:/home/misys/forza_ws/race_stack/install/stack_master:/home/misys/forza_ws/race_stack/install/spline_planner:/home/misys/forza_ws/race_stack/install/sector_tuner:/home/misys/forza_ws/race_stack/install/perception:/home/misys/forza_ws/race_stack/install/particle_filter:/home/misys/forza_ws/race_stack/install/opponent_publisher:/home/misys/forza_ws/race_stack/install/mouse_teleop:/home/misys/forza_ws/race_stack/install/lap_analyser:/home/misys/forza_ws/race_stack/install/key_teleop:/home/misys/forza_ws/race_stack/install/id_controller:/home/misys/forza_ws/race_stack/install/global_planner:/home/misys/forza_ws/race_stack/install/frenet_odom_republisher:/home/misys/forza_ws/race_stack/install/frenet_conversion:/home/misys/forza_ws/race_stack/install/f1tenth_gym_ros:/home/misys/forza_ws/race_stack/install/controller:/opt/ros/humble /usr/bin/cmake --build /home/misys/forza_ws/race_stack/build/f110_msgs -- -j6 -l6
[2.530s] Invoking command in '/home/misys/forza_ws/race_stack/build/f110_msgs': CMAKE_PREFIX_PATH=${CMAKE_PREFIX_PATH}:/home/misys/forza_ws/race_stack/install/f1tenth_stack:/home/misys/forza_ws/race_stack/install/joy_teleop:/home/misys/forza_ws/race_stack/install/steering_lookup:/home/misys/forza_ws/race_stack/install/state_machine:/home/misys/forza_ws/race_stack/install/slam_tuner:/home/misys/forza_ws/race_stack/install/state_estimation:/home/misys/forza_ws/race_stack/install/map_editor:/home/misys/forza_ws/race_stack/install/stack_master:/home/misys/forza_ws/race_stack/install/spline_planner:/home/misys/forza_ws/race_stack/install/sector_tuner:/home/misys/forza_ws/race_stack/install/perception:/home/misys/forza_ws/race_stack/install/particle_filter:/home/misys/forza_ws/race_stack/install/opponent_publisher:/home/misys/forza_ws/race_stack/install/mouse_teleop:/home/misys/forza_ws/race_stack/install/lap_analyser:/home/misys/forza_ws/race_stack/install/key_teleop:/home/misys/forza_ws/race_stack/install/id_controller:/home/misys/forza_ws/race_stack/install/global_planner:/home/misys/forza_ws/race_stack/install/frenet_odom_republisher:/home/misys/forza_ws/race_stack/install/frenet_conversion:/home/misys/forza_ws/race_stack/install/f1tenth_gym_ros:/home/misys/forza_ws/race_stack/install/controller:/opt/ros/humble /usr/bin/cmake --install /home/misys/forza_ws/race_stack/build/f110_msgs
[2.552s] -- Install configuration: ""
[2.553s] -- Up-to-date: /home/misys/forza_ws/race_stack/install/f110_msgs/share/ament_index/resource_index/rosidl_interfaces/f110_msgs
[2.553s] -- Up-to-date: /home/misys/forza_ws/race_stack/install/f110_msgs/include/f110_msgs/f110_msgs
[2.553s] -- Up-to-date: /home/misys/forza_ws/race_stack/install/f110_msgs/include/f110_msgs/f110_msgs/msg
[2.554s] -- Up-to-date: /home/misys/forza_ws/race_stack/install/f110_msgs/include/f110_msgs/f110_msgs/msg/lap_data.h
[2.554s] -- Up-to-date: /home/misys/forza_ws/race_stack/install/f110_msgs/include/f110_msgs/f110_msgs/msg/wpnt.h
[2.554s] -- Up-to-date: /home/misys/forza_ws/race_stack/install/f110_msgs/include/f110_msgs/f110_msgs/msg/car_state.h
[2.554s] -- Up-to-date: /home/misys/forza_ws/race_stack/install/f110_msgs/include/f110_msgs/f110_msgs/msg/detail
[2.554s] -- Up-to-date: /home/misys/forza_ws/race_stack/install/f110_msgs/include/f110_msgs/f110_msgs/msg/detail/opp_wpnt__struct.h
[2.555s] -- Up-to-date: /home/misys/forza_ws/race_stack/install/f110_msgs/include/f110_msgs/f110_msgs/msg/detail/car_state_stamped__functions.h
[2.557s] -- Up-to-date: /home/misys/forza_ws/race_stack/install/f110_msgs/include/f110_msgs/f110_msgs/msg/detail/opp_wpnt__functions.h
[2.560s] -- Up-to-date: /home/misys/forza_ws/race_stack/install/f110_msgs/include/f110_msgs/f110_msgs/msg/detail/obstacle__struct.h
[2.560s] -- Up-to-date: /home/misys/forza_ws/race_stack/install/f110_msgs/include/f110_msgs/f110_msgs/msg/detail/opponent_trajectory__functions.c
[2.560s] -- Up-to-date: /home/misys/forza_ws/race_stack/install/f110_msgs/include/f110_msgs/f110_msgs/msg/detail/obstacle__type_support.h
[2.560s] -- Up-to-date: /home/misys/forza_ws/race_stack/install/f110_msgs/include/f110_msgs/f110_msgs/msg/detail/car_state__functions.c
[2.561s] -- Up-to-date: /home/misys/forza_ws/race_stack/install/f110_msgs/include/f110_msgs/f110_msgs/msg/detail/gap_data__functions.h
[2.561s] -- Up-to-date: /home/misys/forza_ws/race_stack/install/f110_msgs/include/f110_msgs/f110_msgs/msg/detail/wpnt__functions.h
[2.562s] -- Up-to-date: /home/misys/forza_ws/race_stack/install/f110_msgs/include/f110_msgs/f110_msgs/msg/detail/obstacle_array__functions.h
[2.562s] -- Up-to-date: /home/misys/forza_ws/race_stack/install/f110_msgs/include/f110_msgs/f110_msgs/msg/detail/wpnt__type_support.h
[2.563s] -- Up-to-date: /home/misys/forza_ws/race_stack/install/f110_msgs/include/f110_msgs/f110_msgs/msg/detail/car_state__functions.h
[2.563s] -- Up-to-date: /home/misys/forza_ws/race_stack/install/f110_msgs/include/f110_msgs/f110_msgs/msg/detail/ot_wpnt_array__type_support.h
[2.566s] -- Up-to-date: /home/misys/forza_ws/race_stack/install/f110_msgs/include/f110_msgs/f110_msgs/msg/detail/pid_data__functions.c
[2.574s] -- Up-to-date: /home/misys/forza_ws/race_stack/install/f110_msgs/include/f110_msgs/f110_msgs/msg/detail/gap_data__type_support.h
[2.587s] -- Up-to-date: /home/misys/forza_ws/race_stack/install/f110_msgs/include/f110_msgs/f110_msgs/msg/detail/wpnt_array__functions.c
[2.588s] -- Up-to-date: /home/misys/forza_ws/race_stack/install/f110_msgs/include/f110_msgs/f110_msgs/msg/detail/wpnt_array__functions.h
[2.590s] -- Up-to-date: /home/misys/forza_ws/race_stack/install/f110_msgs/include/f110_msgs/f110_msgs/msg/detail/car_state_stamped__functions.c
[2.604s] -- Up-to-date: /home/misys/forza_ws/race_stack/install/f110_msgs/include/f110_msgs/f110_msgs/msg/detail/wpnt_array__type_support.h
[2.605s] -- Up-to-date: /home/misys/forza_ws/race_stack/install/f110_msgs/include/f110_msgs/f110_msgs/msg/detail/lap_data__functions.c
[2.606s] -- Up-to-date: /home/misys/forza_ws/race_stack/install/f110_msgs/include/f110_msgs/f110_msgs/msg/detail/car_state__struct.h
[2.608s] -- Up-to-date: /home/misys/forza_ws/race_stack/install/f110_msgs/include/f110_msgs/f110_msgs/msg/detail/lap_data__functions.h
[2.609s] -- Up-to-date: /home/misys/forza_ws/race_stack/install/f110_msgs/include/f110_msgs/f110_msgs/msg/detail/car_state__type_support.h
[2.621s] -- Up-to-date: /home/misys/forza_ws/race_stack/install/f110_msgs/include/f110_msgs/f110_msgs/msg/detail/opponent_trajectory__struct.h
[2.622s] -- Up-to-date: /home/misys/forza_ws/race_stack/install/f110_msgs/include/f110_msgs/f110_msgs/msg/detail/obstacle_array__type_support.h
[2.627s] -- Up-to-date: /home/misys/forza_ws/race_stack/install/f110_msgs/include/f110_msgs/f110_msgs/msg/detail/wpnt__struct.h
[2.627s] -- Up-to-date: /home/misys/forza_ws/race_stack/install/f110_msgs/include/f110_msgs/f110_msgs/msg/detail/lap_data__type_support.h
[2.628s] -- Up-to-date: /home/misys/forza_ws/race_stack/install/f110_msgs/include/f110_msgs/f110_msgs/msg/detail/wpnt_array__struct.h
[2.628s] -- Up-to-date: /home/misys/forza_ws/race_stack/install/f110_msgs/include/f110_msgs/f110_msgs/msg/detail/gap_data__struct.h
[2.628s] -- Up-to-date: /home/misys/forza_ws/race_stack/install/f110_msgs/include/f110_msgs/f110_msgs/msg/detail/car_state_stamped__type_support.h
[2.628s] -- Up-to-date: /home/misys/forza_ws/race_stack/install/f110_msgs/include/f110_msgs/f110_msgs/msg/detail/obstacle__functions.h
[2.628s] -- Up-to-date: /home/misys/forza_ws/race_stack/install/f110_msgs/include/f110_msgs/f110_msgs/msg/detail/obstacle_array__functions.c
[2.629s] -- Up-to-date: /home/misys/forza_ws/race_stack/install/f110_msgs/include/f110_msgs/f110_msgs/msg/detail/wpnt__functions.c
[2.629s] -- Up-to-date: /home/misys/forza_ws/race_stack/install/f110_msgs/include/f110_msgs/f110_msgs/msg/detail/gap_data__functions.c
[2.629s] -- Up-to-date: /home/misys/forza_ws/race_stack/install/f110_msgs/include/f110_msgs/f110_msgs/msg/detail/opponent_trajectory__type_support.h
[2.629s] -- Up-to-date: /home/misys/forza_ws/race_stack/install/f110_msgs/include/f110_msgs/f110_msgs/msg/detail/car_state_stamped__struct.h
[2.629s] -- Up-to-date: /home/misys/forza_ws/race_stack/install/f110_msgs/include/f110_msgs/f110_msgs/msg/detail/opp_wpnt__type_support.h
[2.630s] -- Up-to-date: /home/misys/forza_ws/race_stack/install/f110_msgs/include/f110_msgs/f110_msgs/msg/detail/pid_data__type_support.h
[2.630s] -- Up-to-date: /home/misys/forza_ws/race_stack/install/f110_msgs/include/f110_msgs/f110_msgs/msg/detail/lap_data__struct.h
[2.630s] -- Up-to-date: /home/misys/forza_ws/race_stack/install/f110_msgs/include/f110_msgs/f110_msgs/msg/detail/obstacle_array__struct.h
[2.630s] -- Up-to-date: /home/misys/forza_ws/race_stack/install/f110_msgs/include/f110_msgs/f110_msgs/msg/detail/pid_data__functions.h
[2.630s] -- Up-to-date: /home/misys/forza_ws/race_stack/install/f110_msgs/include/f110_msgs/f110_msgs/msg/detail/obstacle__functions.c
[2.630s] -- Up-to-date: /home/misys/forza_ws/race_stack/install/f110_msgs/include/f110_msgs/f110_msgs/msg/detail/ot_wpnt_array__struct.h
[2.631s] -- Up-to-date: /home/misys/forza_ws/race_stack/install/f110_msgs/include/f110_msgs/f110_msgs/msg/detail/opponent_trajectory__functions.h
[2.631s] -- Up-to-date: /home/misys/forza_ws/race_stack/install/f110_msgs/include/f110_msgs/f110_msgs/msg/detail/ot_wpnt_array__functions.h
[2.648s] -- Up-to-date: /home/misys/forza_ws/race_stack/install/f110_msgs/include/f110_msgs/f110_msgs/msg/detail/ot_wpnt_array__functions.c
[2.648s] -- Up-to-date: /home/misys/forza_ws/race_stack/install/f110_msgs/include/f110_msgs/f110_msgs/msg/detail/opp_wpnt__functions.c
[2.649s] -- Up-to-date: /home/misys/forza_ws/race_stack/install/f110_msgs/include/f110_msgs/f110_msgs/msg/detail/pid_data__struct.h
[2.650s] -- Up-to-date: /home/misys/forza_ws/race_stack/install/f110_msgs/include/f110_msgs/f110_msgs/msg/opponent_trajectory.h
[2.650s] -- Up-to-date: /home/misys/forza_ws/race_stack/install/f110_msgs/include/f110_msgs/f110_msgs/msg/rosidl_generator_c__visibility_control.h
[2.650s] -- Up-to-date: /home/misys/forza_ws/race_stack/install/f110_msgs/include/f110_msgs/f110_msgs/msg/ot_wpnt_array.h
[2.650s] -- Up-to-date: /home/misys/forza_ws/race_stack/install/f110_msgs/include/f110_msgs/f110_msgs/msg/wpnt_array.h
[2.650s] -- Up-to-date: /home/misys/forza_ws/race_stack/install/f110_msgs/include/f110_msgs/f110_msgs/msg/opp_wpnt.h
[2.650s] -- Up-to-date: /home/misys/forza_ws/race_stack/install/f110_msgs/include/f110_msgs/f110_msgs/msg/obstacle_array.h
[2.650s] -- Up-to-date: /home/misys/forza_ws/race_stack/install/f110_msgs/include/f110_msgs/f110_msgs/msg/gap_data.h
[2.650s] -- Up-to-date: /home/misys/forza_ws/race_stack/install/f110_msgs/include/f110_msgs/f110_msgs/msg/car_state_stamped.h
[2.650s] -- Up-to-date: /home/misys/forza_ws/race_stack/install/f110_msgs/include/f110_msgs/f110_msgs/msg/pid_data.h
[2.651s] -- Up-to-date: /home/misys/forza_ws/race_stack/install/f110_msgs/include/f110_msgs/f110_msgs/msg/obstacle.h
[2.651s] -- Up-to-date: /home/misys/forza_ws/race_stack/install/f110_msgs/share/f110_msgs/environment/library_path.sh
[2.651s] -- Up-to-date: /home/misys/forza_ws/race_stack/install/f110_msgs/share/f110_msgs/environment/library_path.dsv
[2.651s] -- Up-to-date: /home/misys/forza_ws/race_stack/install/f110_msgs/lib/libf110_msgs__rosidl_generator_c.so
[2.651s] -- Up-to-date: /home/misys/forza_ws/race_stack/install/f110_msgs/include/f110_msgs/f110_msgs
[2.651s] -- Up-to-date: /home/misys/forza_ws/race_stack/install/f110_msgs/include/f110_msgs/f110_msgs/msg
[2.651s] -- Up-to-date: /home/misys/forza_ws/race_stack/install/f110_msgs/include/f110_msgs/f110_msgs/msg/detail
[2.651s] -- Up-to-date: /home/misys/forza_ws/race_stack/install/f110_msgs/include/f110_msgs/f110_msgs/msg/detail/opp_wpnt__rosidl_typesupport_fastrtps_c.h
[2.652s] -- Up-to-date: /home/misys/forza_ws/race_stack/install/f110_msgs/include/f110_msgs/f110_msgs/msg/detail/opponent_trajectory__rosidl_typesupport_fastrtps_c.h
[2.652s] -- Up-to-date: /home/misys/forza_ws/race_stack/install/f110_msgs/include/f110_msgs/f110_msgs/msg/detail/lap_data__rosidl_typesupport_fastrtps_c.h
[2.652s] -- Up-to-date: /home/misys/forza_ws/race_stack/install/f110_msgs/include/f110_msgs/f110_msgs/msg/detail/car_state__rosidl_typesupport_fastrtps_c.h
[2.652s] -- Up-to-date: /home/misys/forza_ws/race_stack/install/f110_msgs/include/f110_msgs/f110_msgs/msg/detail/car_state_stamped__rosidl_typesupport_fastrtps_c.h
[2.652s] -- Up-to-date: /home/misys/forza_ws/race_stack/install/f110_msgs/include/f110_msgs/f110_msgs/msg/detail/wpnt_array__rosidl_typesupport_fastrtps_c.h
[2.652s] -- Up-to-date: /home/misys/forza_ws/race_stack/install/f110_msgs/include/f110_msgs/f110_msgs/msg/detail/obstacle__rosidl_typesupport_fastrtps_c.h
[2.652s] -- Up-to-date: /home/misys/forza_ws/race_stack/install/f110_msgs/include/f110_msgs/f110_msgs/msg/detail/gap_data__rosidl_typesupport_fastrtps_c.h
[2.652s] -- Up-to-date: /home/misys/forza_ws/race_stack/install/f110_msgs/include/f110_msgs/f110_msgs/msg/detail/wpnt__rosidl_typesupport_fastrtps_c.h
[2.652s] -- Up-to-date: /home/misys/forza_ws/race_stack/install/f110_msgs/include/f110_msgs/f110_msgs/msg/detail/ot_wpnt_array__rosidl_typesupport_fastrtps_c.h
[2.653s] -- Up-to-date: /home/misys/forza_ws/race_stack/install/f110_msgs/include/f110_msgs/f110_msgs/msg/detail/obstacle_array__rosidl_typesupport_fastrtps_c.h
[2.653s] -- Up-to-date: /home/misys/forza_ws/race_stack/install/f110_msgs/include/f110_msgs/f110_msgs/msg/detail/pid_data__rosidl_typesupport_fastrtps_c.h
[2.653s] -- Up-to-date: /home/misys/forza_ws/race_stack/install/f110_msgs/include/f110_msgs/f110_msgs/msg/rosidl_typesupport_fastrtps_c__visibility_control.h
[2.653s] -- Up-to-date: /home/misys/forza_ws/race_stack/install/f110_msgs/lib/libf110_msgs__rosidl_typesupport_fastrtps_c.so
[2.653s] -- Up-to-date: /home/misys/forza_ws/race_stack/install/f110_msgs/include/f110_msgs/f110_msgs
[2.653s] -- Up-to-date: /home/misys/forza_ws/race_stack/install/f110_msgs/include/f110_msgs/f110_msgs/msg
[2.653s] -- Up-to-date: /home/misys/forza_ws/race_stack/install/f110_msgs/include/f110_msgs/f110_msgs/msg/car_state.hpp
[2.653s] -- Up-to-date: /home/misys/forza_ws/race_stack/install/f110_msgs/include/f110_msgs/f110_msgs/msg/pid_data.hpp
[2.654s] -- Up-to-date: /home/misys/forza_ws/race_stack/install/f110_msgs/include/f110_msgs/f110_msgs/msg/rosidl_generator_cpp__visibility_control.hpp
[2.654s] -- Up-to-date: /home/misys/forza_ws/race_stack/install/f110_msgs/include/f110_msgs/f110_msgs/msg/detail
[2.654s] -- Up-to-date: /home/misys/forza_ws/race_stack/install/f110_msgs/include/f110_msgs/f110_msgs/msg/detail/wpnt__traits.hpp
[2.654s] -- Up-to-date: /home/misys/forza_ws/race_stack/install/f110_msgs/include/f110_msgs/f110_msgs/msg/detail/wpnt__struct.hpp
[2.654s] -- Up-to-date: /home/misys/forza_ws/race_stack/install/f110_msgs/include/f110_msgs/f110_msgs/msg/detail/ot_wpnt_array__struct.hpp
[2.654s] -- Up-to-date: /home/misys/forza_ws/race_stack/install/f110_msgs/include/f110_msgs/f110_msgs/msg/detail/wpnt__type_support.hpp
[2.654s] -- Up-to-date: /home/misys/forza_ws/race_stack/install/f110_msgs/include/f110_msgs/f110_msgs/msg/detail/car_state__traits.hpp
[2.654s] -- Up-to-date: /home/misys/forza_ws/race_stack/install/f110_msgs/include/f110_msgs/f110_msgs/msg/detail/lap_data__traits.hpp
[2.655s] -- Up-to-date: /home/misys/forza_ws/race_stack/install/f110_msgs/include/f110_msgs/f110_msgs/msg/detail/obstacle_array__traits.hpp
[2.655s] -- Up-to-date: /home/misys/forza_ws/race_stack/install/f110_msgs/include/f110_msgs/f110_msgs/msg/detail/obstacle__traits.hpp
[2.655s] -- Up-to-date: /home/misys/forza_ws/race_stack/install/f110_msgs/include/f110_msgs/f110_msgs/msg/detail/lap_data__type_support.hpp
[2.655s] -- Up-to-date: /home/misys/forza_ws/race_stack/install/f110_msgs/include/f110_msgs/f110_msgs/msg/detail/obstacle__builder.hpp
[2.655s] -- Up-to-date: /home/misys/forza_ws/race_stack/install/f110_msgs/include/f110_msgs/f110_msgs/msg/detail/pid_data__struct.hpp
[2.655s] -- Up-to-date: /home/misys/forza_ws/race_stack/install/f110_msgs/include/f110_msgs/f110_msgs/msg/detail/car_state_stamped__type_support.hpp
[2.655s] -- Up-to-date: /home/misys/forza_ws/race_stack/install/f110_msgs/include/f110_msgs/f110_msgs/msg/detail/opponent_trajectory__builder.hpp
[2.655s] -- Up-to-date: /home/misys/forza_ws/race_stack/install/f110_msgs/include/f110_msgs/f110_msgs/msg/detail/opp_wpnt__struct.hpp
[2.655s] -- Up-to-date: /home/misys/forza_ws/race_stack/install/f110_msgs/include/f110_msgs/f110_msgs/msg/detail/car_state_stamped__builder.hpp
[2.656s] -- Up-to-date: /home/misys/forza_ws/race_stack/install/f110_msgs/include/f110_msgs/f110_msgs/msg/detail/wpnt__builder.hpp
[2.656s] -- Up-to-date: /home/misys/forza_ws/race_stack/install/f110_msgs/include/f110_msgs/f110_msgs/msg/detail/gap_data__struct.hpp
[2.656s] -- Up-to-date: /home/misys/forza_ws/race_stack/install/f110_msgs/include/f110_msgs/f110_msgs/msg/detail/opp_wpnt__traits.hpp
[2.656s] -- Up-to-date: /home/misys/forza_ws/race_stack/install/f110_msgs/include/f110_msgs/f110_msgs/msg/detail/gap_data__builder.hpp
[2.656s] -- Up-to-date: /home/misys/forza_ws/race_stack/install/f110_msgs/include/f110_msgs/f110_msgs/msg/detail/opp_wpnt__type_support.hpp
[2.656s] -- Up-to-date: /home/misys/forza_ws/race_stack/install/f110_msgs/include/f110_msgs/f110_msgs/msg/detail/wpnt_array__builder.hpp
[2.656s] -- Up-to-date: /home/misys/forza_ws/race_stack/install/f110_msgs/include/f110_msgs/f110_msgs/msg/detail/car_state__builder.hpp
[2.656s] -- Up-to-date: /home/misys/forza_ws/race_stack/install/f110_msgs/include/f110_msgs/f110_msgs/msg/detail/obstacle_array__builder.hpp
[2.656s] -- Up-to-date: /home/misys/forza_ws/race_stack/install/f110_msgs/include/f110_msgs/f110_msgs/msg/detail/wpnt_array__struct.hpp
[2.657s] -- Up-to-date: /home/misys/forza_ws/race_stack/install/f110_msgs/include/f110_msgs/f110_msgs/msg/detail/opponent_trajectory__struct.hpp
[2.657s] -- Up-to-date: /home/misys/forza_ws/race_stack/install/f110_msgs/include/f110_msgs/f110_msgs/msg/detail/opp_wpnt__builder.hpp
[2.657s] -- Up-to-date: /home/misys/forza_ws/race_stack/install/f110_msgs/include/f110_msgs/f110_msgs/msg/detail/car_state_stamped__traits.hpp
[2.657s] -- Up-to-date: /home/misys/forza_ws/race_stack/install/f110_msgs/include/f110_msgs/f110_msgs/msg/detail/gap_data__traits.hpp
[2.664s] -- Up-to-date: /home/misys/forza_ws/race_stack/install/f110_msgs/include/f110_msgs/f110_msgs/msg/detail/pid_data__builder.hpp
[2.665s] -- Up-to-date: /home/misys/forza_ws/race_stack/install/f110_msgs/include/f110_msgs/f110_msgs/msg/detail/opponent_trajectory__type_support.hpp
[2.665s] -- Up-to-date: /home/misys/forza_ws/race_stack/install/f110_msgs/include/f110_msgs/f110_msgs/msg/detail/car_state__struct.hpp
[2.665s] -- Up-to-date: /home/misys/forza_ws/race_stack/install/f110_msgs/include/f110_msgs/f110_msgs/msg/detail/wpnt_array__type_support.hpp
[2.665s] -- Up-to-date: /home/misys/forza_ws/race_stack/install/f110_msgs/include/f110_msgs/f110_msgs/msg/detail/obstacle__type_support.hpp
[2.665s] -- Up-to-date: /home/misys/forza_ws/race_stack/install/f110_msgs/include/f110_msgs/f110_msgs/msg/detail/ot_wpnt_array__type_support.hpp
[2.665s] -- Up-to-date: /home/misys/forza_ws/race_stack/install/f110_msgs/include/f110_msgs/f110_msgs/msg/detail/pid_data__traits.hpp
[2.666s] -- Up-to-date: /home/misys/forza_ws/race_stack/install/f110_msgs/include/f110_msgs/f110_msgs/msg/detail/ot_wpnt_array__builder.hpp
[2.666s] -- Up-to-date: /home/misys/forza_ws/race_stack/install/f110_msgs/include/f110_msgs/f110_msgs/msg/detail/obstacle_array__type_support.hpp
[2.666s] -- Up-to-date: /home/misys/forza_ws/race_stack/install/f110_msgs/include/f110_msgs/f110_msgs/msg/detail/ot_wpnt_array__traits.hpp
[2.666s] -- Up-to-date: /home/misys/forza_ws/race_stack/install/f110_msgs/include/f110_msgs/f110_msgs/msg/detail/car_state__type_support.hpp
[2.666s] -- Up-to-date: /home/misys/forza_ws/race_stack/install/f110_msgs/include/f110_msgs/f110_msgs/msg/detail/opponent_trajectory__traits.hpp
[2.666s] -- Up-to-date: /home/misys/forza_ws/race_stack/install/f110_msgs/include/f110_msgs/f110_msgs/msg/detail/obstacle_array__struct.hpp
[2.667s] -- Up-to-date: /home/misys/forza_ws/race_stack/install/f110_msgs/include/f110_msgs/f110_msgs/msg/detail/lap_data__struct.hpp
[2.667s] -- Up-to-date: /home/misys/forza_ws/race_stack/install/f110_msgs/include/f110_msgs/f110_msgs/msg/detail/obstacle__struct.hpp
[2.667s] -- Up-to-date: /home/misys/forza_ws/race_stack/install/f110_msgs/include/f110_msgs/f110_msgs/msg/detail/lap_data__builder.hpp
[2.667s] -- Up-to-date: /home/misys/forza_ws/race_stack/install/f110_msgs/include/f110_msgs/f110_msgs/msg/detail/gap_data__type_support.hpp
[2.667s] -- Up-to-date: /home/misys/forza_ws/race_stack/install/f110_msgs/include/f110_msgs/f110_msgs/msg/detail/pid_data__type_support.hpp
[2.667s] -- Up-to-date: /home/misys/forza_ws/race_stack/install/f110_msgs/include/f110_msgs/f110_msgs/msg/detail/car_state_stamped__struct.hpp
[2.667s] -- Up-to-date: /home/misys/forza_ws/race_stack/install/f110_msgs/include/f110_msgs/f110_msgs/msg/detail/wpnt_array__traits.hpp
[2.667s] -- Up-to-date: /home/misys/forza_ws/race_stack/install/f110_msgs/include/f110_msgs/f110_msgs/msg/wpnt.hpp
[2.668s] -- Up-to-date: /home/misys/forza_ws/race_stack/install/f110_msgs/include/f110_msgs/f110_msgs/msg/obstacle_array.hpp
[2.668s] -- Up-to-date: /home/misys/forza_ws/race_stack/install/f110_msgs/include/f110_msgs/f110_msgs/msg/opp_wpnt.hpp
[2.668s] -- Up-to-date: /home/misys/forza_ws/race_stack/install/f110_msgs/include/f110_msgs/f110_msgs/msg/ot_wpnt_array.hpp
[2.668s] -- Up-to-date: /home/misys/forza_ws/race_stack/install/f110_msgs/include/f110_msgs/f110_msgs/msg/car_state_stamped.hpp
[2.668s] -- Up-to-date: /home/misys/forza_ws/race_stack/install/f110_msgs/include/f110_msgs/f110_msgs/msg/lap_data.hpp
[2.668s] -- Up-to-date: /home/misys/forza_ws/race_stack/install/f110_msgs/include/f110_msgs/f110_msgs/msg/opponent_trajectory.hpp
[2.668s] -- Up-to-date: /home/misys/forza_ws/race_stack/install/f110_msgs/include/f110_msgs/f110_msgs/msg/gap_data.hpp
[2.668s] -- Up-to-date: /home/misys/forza_ws/race_stack/install/f110_msgs/include/f110_msgs/f110_msgs/msg/wpnt_array.hpp
[2.668s] -- Up-to-date: /home/misys/forza_ws/race_stack/install/f110_msgs/include/f110_msgs/f110_msgs/msg/obstacle.hpp
[2.669s] -- Up-to-date: /home/misys/forza_ws/race_stack/install/f110_msgs/include/f110_msgs/f110_msgs
[2.669s] -- Up-to-date: /home/misys/forza_ws/race_stack/install/f110_msgs/include/f110_msgs/f110_msgs/msg
[2.669s] -- Up-to-date: /home/misys/forza_ws/race_stack/install/f110_msgs/include/f110_msgs/f110_msgs/msg/detail
[2.669s] -- Up-to-date: /home/misys/forza_ws/race_stack/install/f110_msgs/include/f110_msgs/f110_msgs/msg/detail/wpnt_array__rosidl_typesupport_fastrtps_cpp.hpp
[2.669s] -- Up-to-date: /home/misys/forza_ws/race_stack/install/f110_msgs/include/f110_msgs/f110_msgs/msg/detail/gap_data__rosidl_typesupport_fastrtps_cpp.hpp
[2.669s] -- Up-to-date: /home/misys/forza_ws/race_stack/install/f110_msgs/include/f110_msgs/f110_msgs/msg/detail/ot_wpnt_array__rosidl_typesupport_fastrtps_cpp.hpp
[2.669s] -- Up-to-date: /home/misys/forza_ws/race_stack/install/f110_msgs/include/f110_msgs/f110_msgs/msg/detail/lap_data__rosidl_typesupport_fastrtps_cpp.hpp
[2.669s] -- Up-to-date: /home/misys/forza_ws/race_stack/install/f110_msgs/include/f110_msgs/f110_msgs/msg/detail/obstacle__rosidl_typesupport_fastrtps_cpp.hpp
[2.670s] -- Up-to-date: /home/misys/forza_ws/race_stack/install/f110_msgs/include/f110_msgs/f110_msgs/msg/detail/car_state_stamped__rosidl_typesupport_fastrtps_cpp.hpp
[2.670s] -- Up-to-date: /home/misys/forza_ws/race_stack/install/f110_msgs/include/f110_msgs/f110_msgs/msg/detail/opp_wpnt__rosidl_typesupport_fastrtps_cpp.hpp
[2.670s] -- Up-to-date: /home/misys/forza_ws/race_stack/install/f110_msgs/include/f110_msgs/f110_msgs/msg/detail/wpnt__rosidl_typesupport_fastrtps_cpp.hpp
[2.670s] -- Up-to-date: /home/misys/forza_ws/race_stack/install/f110_msgs/include/f110_msgs/f110_msgs/msg/detail/dds_fastrtps
[2.670s] -- Up-to-date: /home/misys/forza_ws/race_stack/install/f110_msgs/include/f110_msgs/f110_msgs/msg/detail/car_state__rosidl_typesupport_fastrtps_cpp.hpp
[2.670s] -- Up-to-date: /home/misys/forza_ws/race_stack/install/f110_msgs/include/f110_msgs/f110_msgs/msg/detail/pid_data__rosidl_typesupport_fastrtps_cpp.hpp
[2.670s] -- Up-to-date: /home/misys/forza_ws/race_stack/install/f110_msgs/include/f110_msgs/f110_msgs/msg/detail/obstacle_array__rosidl_typesupport_fastrtps_cpp.hpp
[2.670s] -- Up-to-date: /home/misys/forza_ws/race_stack/install/f110_msgs/include/f110_msgs/f110_msgs/msg/detail/opponent_trajectory__rosidl_typesupport_fastrtps_cpp.hpp
[2.670s] -- Up-to-date: /home/misys/forza_ws/race_stack/install/f110_msgs/include/f110_msgs/f110_msgs/msg/rosidl_typesupport_fastrtps_cpp__visibility_control.h
[2.671s] -- Up-to-date: /home/misys/forza_ws/race_stack/install/f110_msgs/lib/libf110_msgs__rosidl_typesupport_fastrtps_cpp.so
[2.671s] -- Up-to-date: /home/misys/forza_ws/race_stack/install/f110_msgs/include/f110_msgs/f110_msgs
[2.671s] -- Up-to-date: /home/misys/forza_ws/race_stack/install/f110_msgs/include/f110_msgs/f110_msgs/msg
[2.671s] -- Up-to-date: /home/misys/forza_ws/race_stack/install/f110_msgs/include/f110_msgs/f110_msgs/msg/detail
[2.671s] -- Up-to-date: /home/misys/forza_ws/race_stack/install/f110_msgs/include/f110_msgs/f110_msgs/msg/detail/car_state_stamped__rosidl_typesupport_introspection_c.h
[2.671s] -- Up-to-date: /home/misys/forza_ws/race_stack/install/f110_msgs/include/f110_msgs/f110_msgs/msg/detail/pid_data__type_support.c
[2.671s] -- Up-to-date: /home/misys/forza_ws/race_stack/install/f110_msgs/include/f110_msgs/f110_msgs/msg/detail/car_state_stamped__type_support.c
[2.671s] -- Up-to-date: /home/misys/forza_ws/race_stack/install/f110_msgs/include/f110_msgs/f110_msgs/msg/detail/obstacle_array__type_support.c
[2.671s] -- Up-to-date: /home/misys/forza_ws/race_stack/install/f110_msgs/include/f110_msgs/f110_msgs/msg/detail/pid_data__rosidl_typesupport_introspection_c.h
[2.672s] -- Up-to-date: /home/misys/forza_ws/race_stack/install/f110_msgs/include/f110_msgs/f110_msgs/msg/detail/wpnt_array__type_support.c
[2.672s] -- Up-to-date: /home/misys/forza_ws/race_stack/install/f110_msgs/include/f110_msgs/f110_msgs/msg/detail/opponent_trajectory__type_support.c
[2.672s] -- Up-to-date: /home/misys/forza_ws/race_stack/install/f110_msgs/include/f110_msgs/f110_msgs/msg/detail/car_state__rosidl_typesupport_introspection_c.h
[2.672s] -- Up-to-date: /home/misys/forza_ws/race_stack/install/f110_msgs/include/f110_msgs/f110_msgs/msg/detail/wpnt__rosidl_typesupport_introspection_c.h
[2.672s] -- Up-to-date: /home/misys/forza_ws/race_stack/install/f110_msgs/include/f110_msgs/f110_msgs/msg/detail/opp_wpnt__rosidl_typesupport_introspection_c.h
[2.672s] -- Up-to-date: /home/misys/forza_ws/race_stack/install/f110_msgs/include/f110_msgs/f110_msgs/msg/detail/car_state__type_support.c
[2.672s] -- Up-to-date: /home/misys/forza_ws/race_stack/install/f110_msgs/include/f110_msgs/f110_msgs/msg/detail/gap_data__rosidl_typesupport_introspection_c.h
[2.672s] -- Up-to-date: /home/misys/forza_ws/race_stack/install/f110_msgs/include/f110_msgs/f110_msgs/msg/detail/wpnt_array__rosidl_typesupport_introspection_c.h
[2.672s] -- Up-to-date: /home/misys/forza_ws/race_stack/install/f110_msgs/include/f110_msgs/f110_msgs/msg/detail/opp_wpnt__type_support.c
[2.673s] -- Up-to-date: /home/misys/forza_ws/race_stack/install/f110_msgs/include/f110_msgs/f110_msgs/msg/detail/obstacle_array__rosidl_typesupport_introspection_c.h
[2.673s] -- Up-to-date: /home/misys/forza_ws/race_stack/install/f110_msgs/include/f110_msgs/f110_msgs/msg/detail/wpnt__type_support.c
[2.673s] -- Up-to-date: /home/misys/forza_ws/race_stack/install/f110_msgs/include/f110_msgs/f110_msgs/msg/detail/lap_data__rosidl_typesupport_introspection_c.h
[2.673s] -- Up-to-date: /home/misys/forza_ws/race_stack/install/f110_msgs/include/f110_msgs/f110_msgs/msg/detail/obstacle__rosidl_typesupport_introspection_c.h
[2.673s] -- Up-to-date: /home/misys/forza_ws/race_stack/install/f110_msgs/include/f110_msgs/f110_msgs/msg/detail/lap_data__type_support.c
[2.673s] -- Up-to-date: /home/misys/forza_ws/race_stack/install/f110_msgs/include/f110_msgs/f110_msgs/msg/detail/ot_wpnt_array__rosidl_typesupport_introspection_c.h
[2.673s] -- Up-to-date: /home/misys/forza_ws/race_stack/install/f110_msgs/include/f110_msgs/f110_msgs/msg/detail/obstacle__type_support.c
[2.673s] -- Up-to-date: /home/misys/forza_ws/race_stack/install/f110_msgs/include/f110_msgs/f110_msgs/msg/detail/gap_data__type_support.c
[2.674s] -- Up-to-date: /home/misys/forza_ws/race_stack/install/f110_msgs/include/f110_msgs/f110_msgs/msg/detail/ot_wpnt_array__type_support.c
[2.674s] -- Up-to-date: /home/misys/forza_ws/race_stack/install/f110_msgs/include/f110_msgs/f110_msgs/msg/detail/opponent_trajectory__rosidl_typesupport_introspection_c.h
[2.674s] -- Up-to-date: /home/misys/forza_ws/race_stack/install/f110_msgs/include/f110_msgs/f110_msgs/msg/rosidl_typesupport_introspection_c__visibility_control.h
[2.674s] -- Up-to-date: /home/misys/forza_ws/race_stack/install/f110_msgs/lib/libf110_msgs__rosidl_typesupport_introspection_c.so
[2.674s] -- Up-to-date: /home/misys/forza_ws/race_stack/install/f110_msgs/lib/libf110_msgs__rosidl_typesupport_c.so
[2.674s] -- Up-to-date: /home/misys/forza_ws/race_stack/install/f110_msgs/include/f110_msgs/f110_msgs
[2.674s] -- Up-to-date: /home/misys/forza_ws/race_stack/install/f110_msgs/include/f110_msgs/f110_msgs/msg
[2.674s] -- Up-to-date: /home/misys/forza_ws/race_stack/install/f110_msgs/include/f110_msgs/f110_msgs/msg/detail
[2.674s] -- Up-to-date: /home/misys/forza_ws/race_stack/install/f110_msgs/include/f110_msgs/f110_msgs/msg/detail/ot_wpnt_array__type_support.cpp
[2.675s] -- Up-to-date: /home/misys/forza_ws/race_stack/install/f110_msgs/include/f110_msgs/f110_msgs/msg/detail/obstacle_array__rosidl_typesupport_introspection_cpp.hpp
[2.675s] -- Up-to-date: /home/misys/forza_ws/race_stack/install/f110_msgs/include/f110_msgs/f110_msgs/msg/detail/lap_data__rosidl_typesupport_introspection_cpp.hpp
[2.675s] -- Up-to-date: /home/misys/forza_ws/race_stack/install/f110_msgs/include/f110_msgs/f110_msgs/msg/detail/wpnt_array__type_support.cpp
[2.675s] -- Up-to-date: /home/misys/forza_ws/race_stack/install/f110_msgs/include/f110_msgs/f110_msgs/msg/detail/opponent_trajectory__rosidl_typesupport_introspection_cpp.hpp
[2.675s] -- Up-to-date: /home/misys/forza_ws/race_stack/install/f110_msgs/include/f110_msgs/f110_msgs/msg/detail/opp_wpnt__rosidl_typesupport_introspection_cpp.hpp
[2.675s] -- Up-to-date: /home/misys/forza_ws/race_stack/install/f110_msgs/include/f110_msgs/f110_msgs/msg/detail/opponent_trajectory__type_support.cpp
[2.675s] -- Up-to-date: /home/misys/forza_ws/race_stack/install/f110_msgs/include/f110_msgs/f110_msgs/msg/detail/obstacle_array__type_support.cpp
[2.675s] -- Up-to-date: /home/misys/forza_ws/race_stack/install/f110_msgs/include/f110_msgs/f110_msgs/msg/detail/opp_wpnt__type_support.cpp
[2.675s] -- Up-to-date: /home/misys/forza_ws/race_stack/install/f110_msgs/include/f110_msgs/f110_msgs/msg/detail/wpnt_array__rosidl_typesupport_introspection_cpp.hpp
[2.676s] -- Up-to-date: /home/misys/forza_ws/race_stack/install/f110_msgs/include/f110_msgs/f110_msgs/msg/detail/obstacle__type_support.cpp
[2.676s] -- Up-to-date: /home/misys/forza_ws/race_stack/install/f110_msgs/include/f110_msgs/f110_msgs/msg/detail/wpnt__type_support.cpp
[2.676s] -- Up-to-date: /home/misys/forza_ws/race_stack/install/f110_msgs/include/f110_msgs/f110_msgs/msg/detail/gap_data__rosidl_typesupport_introspection_cpp.hpp
[2.676s] -- Up-to-date: /home/misys/forza_ws/race_stack/install/f110_msgs/include/f110_msgs/f110_msgs/msg/detail/ot_wpnt_array__rosidl_typesupport_introspection_cpp.hpp
[2.676s] -- Up-to-date: /home/misys/forza_ws/race_stack/install/f110_msgs/include/f110_msgs/f110_msgs/msg/detail/car_state__rosidl_typesupport_introspection_cpp.hpp
[2.676s] -- Up-to-date: /home/misys/forza_ws/race_stack/install/f110_msgs/include/f110_msgs/f110_msgs/msg/detail/car_state__type_support.cpp
[2.676s] -- Up-to-date: /home/misys/forza_ws/race_stack/install/f110_msgs/include/f110_msgs/f110_msgs/msg/detail/lap_data__type_support.cpp
[2.676s] -- Up-to-date: /home/misys/forza_ws/race_stack/install/f110_msgs/include/f110_msgs/f110_msgs/msg/detail/car_state_stamped__rosidl_typesupport_introspection_cpp.hpp
[2.676s] -- Up-to-date: /home/misys/forza_ws/race_stack/install/f110_msgs/include/f110_msgs/f110_msgs/msg/detail/wpnt__rosidl_typesupport_introspection_cpp.hpp
[2.699s] -- Up-to-date: /home/misys/forza_ws/race_stack/install/f110_msgs/include/f110_msgs/f110_msgs/msg/detail/gap_data__type_support.cpp
[2.700s] -- Up-to-date: /home/misys/forza_ws/race_stack/install/f110_msgs/include/f110_msgs/f110_msgs/msg/detail/car_state_stamped__type_support.cpp
[2.700s] -- Up-to-date: /home/misys/forza_ws/race_stack/install/f110_msgs/include/f110_msgs/f110_msgs/msg/detail/pid_data__rosidl_typesupport_introspection_cpp.hpp
[2.700s] -- Up-to-date: /home/misys/forza_ws/race_stack/install/f110_msgs/include/f110_msgs/f110_msgs/msg/detail/obstacle__rosidl_typesupport_introspection_cpp.hpp
[2.700s] -- Up-to-date: /home/misys/forza_ws/race_stack/install/f110_msgs/include/f110_msgs/f110_msgs/msg/detail/pid_data__type_support.cpp
[2.700s] -- Up-to-date: /home/misys/forza_ws/race_stack/install/f110_msgs/lib/libf110_msgs__rosidl_typesupport_introspection_cpp.so
[2.700s] -- Up-to-date: /home/misys/forza_ws/race_stack/install/f110_msgs/lib/libf110_msgs__rosidl_typesupport_cpp.so
[2.700s] -- Up-to-date: /home/misys/forza_ws/race_stack/install/f110_msgs/share/f110_msgs/environment/pythonpath.sh
[2.701s] -- Up-to-date: /home/misys/forza_ws/race_stack/install/f110_msgs/share/f110_msgs/environment/pythonpath.dsv
[2.701s] -- Up-to-date: /home/misys/forza_ws/race_stack/install/f110_msgs/local/lib/python3.10/dist-packages/f110_msgs-0.0.0-py3.10.egg-info
[2.701s] -- Installing: /home/misys/forza_ws/race_stack/install/f110_msgs/local/lib/python3.10/dist-packages/f110_msgs-0.0.0-py3.10.egg-info/dependency_links.txt
[2.701s] -- Installing: /home/misys/forza_ws/race_stack/install/f110_msgs/local/lib/python3.10/dist-packages/f110_msgs-0.0.0-py3.10.egg-info/PKG-INFO
[2.701s] -- Installing: /home/misys/forza_ws/race_stack/install/f110_msgs/local/lib/python3.10/dist-packages/f110_msgs-0.0.0-py3.10.egg-info/top_level.txt
[2.701s] -- Installing: /home/misys/forza_ws/race_stack/install/f110_msgs/local/lib/python3.10/dist-packages/f110_msgs-0.0.0-py3.10.egg-info/SOURCES.txt
[2.701s] -- Up-to-date: /home/misys/forza_ws/race_stack/install/f110_msgs/local/lib/python3.10/dist-packages/f110_msgs
[2.701s] -- Up-to-date: /home/misys/forza_ws/race_stack/install/f110_msgs/local/lib/python3.10/dist-packages/f110_msgs/_f110_msgs_s.ep.rosidl_typesupport_introspection_c.c
[2.702s] -- Up-to-date: /home/misys/forza_ws/race_stack/install/f110_msgs/local/lib/python3.10/dist-packages/f110_msgs/f110_msgs_s__rosidl_typesupport_introspection_c.cpython-310-aarch64-linux-gnu.so
[2.702s] -- Up-to-date: /home/misys/forza_ws/race_stack/install/f110_msgs/local/lib/python3.10/dist-packages/f110_msgs/f110_msgs_s__rosidl_typesupport_fastrtps_c.cpython-310-aarch64-linux-gnu.so
[2.702s] -- Up-to-date: /home/misys/forza_ws/race_stack/install/f110_msgs/local/lib/python3.10/dist-packages/f110_msgs/msg
[2.702s] -- Up-to-date: /home/misys/forza_ws/race_stack/install/f110_msgs/local/lib/python3.10/dist-packages/f110_msgs/msg/_opponent_trajectory_s.c
[2.702s] -- Up-to-date: /home/misys/forza_ws/race_stack/install/f110_msgs/local/lib/python3.10/dist-packages/f110_msgs/msg/_wpnt.py
[2.702s] -- Up-to-date: /home/misys/forza_ws/race_stack/install/f110_msgs/local/lib/python3.10/dist-packages/f110_msgs/msg/_wpnt_s.c
[2.702s] -- Up-to-date: /home/misys/forza_ws/race_stack/install/f110_msgs/local/lib/python3.10/dist-packages/f110_msgs/msg/_opp_wpnt_s.c
[2.702s] -- Up-to-date: /home/misys/forza_ws/race_stack/install/f110_msgs/local/lib/python3.10/dist-packages/f110_msgs/msg/_car_state_stamped.py
[2.702s] -- Up-to-date: /home/misys/forza_ws/race_stack/install/f110_msgs/local/lib/python3.10/dist-packages/f110_msgs/msg/_opp_wpnt.py
[2.703s] -- Up-to-date: /home/misys/forza_ws/race_stack/install/f110_msgs/local/lib/python3.10/dist-packages/f110_msgs/msg/_obstacle_array.py
[2.703s] -- Up-to-date: /home/misys/forza_ws/race_stack/install/f110_msgs/local/lib/python3.10/dist-packages/f110_msgs/msg/_obstacle.py
[2.703s] -- Up-to-date: /home/misys/forza_ws/race_stack/install/f110_msgs/local/lib/python3.10/dist-packages/f110_msgs/msg/_lap_data_s.c
[2.703s] -- Up-to-date: /home/misys/forza_ws/race_stack/install/f110_msgs/local/lib/python3.10/dist-packages/f110_msgs/msg/_wpnt_array.py
[2.703s] -- Up-to-date: /home/misys/forza_ws/race_stack/install/f110_msgs/local/lib/python3.10/dist-packages/f110_msgs/msg/_obstacle_array_s.c
[2.703s] -- Up-to-date: /home/misys/forza_ws/race_stack/install/f110_msgs/local/lib/python3.10/dist-packages/f110_msgs/msg/_obstacle_s.c
[2.703s] -- Up-to-date: /home/misys/forza_ws/race_stack/install/f110_msgs/local/lib/python3.10/dist-packages/f110_msgs/msg/_car_state_s.c
[2.703s] -- Up-to-date: /home/misys/forza_ws/race_stack/install/f110_msgs/local/lib/python3.10/dist-packages/f110_msgs/msg/_wpnt_array_s.c
[2.704s] -- Up-to-date: /home/misys/forza_ws/race_stack/install/f110_msgs/local/lib/python3.10/dist-packages/f110_msgs/msg/_pid_data.py
[2.704s] -- Up-to-date: /home/misys/forza_ws/race_stack/install/f110_msgs/local/lib/python3.10/dist-packages/f110_msgs/msg/_car_state_stamped_s.c
[2.704s] -- Up-to-date: /home/misys/forza_ws/race_stack/install/f110_msgs/local/lib/python3.10/dist-packages/f110_msgs/msg/_ot_wpnt_array.py
[2.704s] -- Up-to-date: /home/misys/forza_ws/race_stack/install/f110_msgs/local/lib/python3.10/dist-packages/f110_msgs/msg/__init__.py
[2.704s] -- Up-to-date: /home/misys/forza_ws/race_stack/install/f110_msgs/local/lib/python3.10/dist-packages/f110_msgs/msg/_pid_data_s.c
[2.704s] -- Up-to-date: /home/misys/forza_ws/race_stack/install/f110_msgs/local/lib/python3.10/dist-packages/f110_msgs/msg/_opponent_trajectory.py
[2.704s] -- Up-to-date: /home/misys/forza_ws/race_stack/install/f110_msgs/local/lib/python3.10/dist-packages/f110_msgs/msg/_gap_data_s.c
[2.704s] -- Up-to-date: /home/misys/forza_ws/race_stack/install/f110_msgs/local/lib/python3.10/dist-packages/f110_msgs/msg/_lap_data.py
[2.704s] -- Up-to-date: /home/misys/forza_ws/race_stack/install/f110_msgs/local/lib/python3.10/dist-packages/f110_msgs/msg/_gap_data.py
[2.705s] -- Up-to-date: /home/misys/forza_ws/race_stack/install/f110_msgs/local/lib/python3.10/dist-packages/f110_msgs/msg/_ot_wpnt_array_s.c
[2.705s] -- Up-to-date: /home/misys/forza_ws/race_stack/install/f110_msgs/local/lib/python3.10/dist-packages/f110_msgs/msg/_car_state.py
[2.705s] -- Up-to-date: /home/misys/forza_ws/race_stack/install/f110_msgs/local/lib/python3.10/dist-packages/f110_msgs/_f110_msgs_s.ep.rosidl_typesupport_fastrtps_c.c
[2.705s] -- Up-to-date: /home/misys/forza_ws/race_stack/install/f110_msgs/local/lib/python3.10/dist-packages/f110_msgs/__init__.py
[2.705s] -- Up-to-date: /home/misys/forza_ws/race_stack/install/f110_msgs/local/lib/python3.10/dist-packages/f110_msgs/libf110_msgs__rosidl_generator_py.so
[2.705s] -- Up-to-date: /home/misys/forza_ws/race_stack/install/f110_msgs/local/lib/python3.10/dist-packages/f110_msgs/f110_msgs_s__rosidl_typesupport_c.cpython-310-aarch64-linux-gnu.so
[2.705s] -- Up-to-date: /home/misys/forza_ws/race_stack/install/f110_msgs/local/lib/python3.10/dist-packages/f110_msgs/_f110_msgs_s.ep.rosidl_typesupport_c.c
[2.814s] Listing '/home/misys/forza_ws/race_stack/install/f110_msgs/local/lib/python3.10/dist-packages/f110_msgs'...
[2.814s] Listing '/home/misys/forza_ws/race_stack/install/f110_msgs/local/lib/python3.10/dist-packages/f110_msgs/msg'...
[2.827s] -- Up-to-date: /home/misys/forza_ws/race_stack/install/f110_msgs/local/lib/python3.10/dist-packages/f110_msgs/f110_msgs_s__rosidl_typesupport_fastrtps_c.cpython-310-aarch64-linux-gnu.so
[2.829s] -- Up-to-date: /home/misys/forza_ws/race_stack/install/f110_msgs/local/lib/python3.10/dist-packages/f110_msgs/f110_msgs_s__rosidl_typesupport_introspection_c.cpython-310-aarch64-linux-gnu.so
[2.831s] -- Up-to-date: /home/misys/forza_ws/race_stack/install/f110_msgs/local/lib/python3.10/dist-packages/f110_msgs/f110_msgs_s__rosidl_typesupport_c.cpython-310-aarch64-linux-gnu.so
[2.833s] -- Up-to-date: /home/misys/forza_ws/race_stack/install/f110_msgs/lib/libf110_msgs__rosidl_generator_py.so
[2.834s] -- Up-to-date: /home/misys/forza_ws/race_stack/install/f110_msgs/share/f110_msgs/msg/CarState.idl
[2.835s] -- Up-to-date: /home/misys/forza_ws/race_stack/install/f110_msgs/share/f110_msgs/msg/CarStateStamped.idl
[2.835s] -- Up-to-date: /home/misys/forza_ws/race_stack/install/f110_msgs/share/f110_msgs/msg/GapData.idl
[2.836s] -- Up-to-date: /home/misys/forza_ws/race_stack/install/f110_msgs/share/f110_msgs/msg/LapData.idl
[2.837s] -- Up-to-date: /home/misys/forza_ws/race_stack/install/f110_msgs/share/f110_msgs/msg/OTWpntArray.idl
[2.837s] -- Up-to-date: /home/misys/forza_ws/race_stack/install/f110_msgs/share/f110_msgs/msg/Obstacle.idl
[2.838s] -- Up-to-date: /home/misys/forza_ws/race_stack/install/f110_msgs/share/f110_msgs/msg/ObstacleArray.idl
[2.838s] -- Up-to-date: /home/misys/forza_ws/race_stack/install/f110_msgs/share/f110_msgs/msg/PidData.idl
[2.839s] -- Up-to-date: /home/misys/forza_ws/race_stack/install/f110_msgs/share/f110_msgs/msg/Wpnt.idl
[2.839s] -- Up-to-date: /home/misys/forza_ws/race_stack/install/f110_msgs/share/f110_msgs/msg/WpntArray.idl
[2.840s] -- Up-to-date: /home/misys/forza_ws/race_stack/install/f110_msgs/share/f110_msgs/msg/OpponentTrajectory.idl
[2.841s] -- Up-to-date: /home/misys/forza_ws/race_stack/install/f110_msgs/share/f110_msgs/msg/OppWpnt.idl
[2.841s] -- Up-to-date: /home/misys/forza_ws/race_stack/install/f110_msgs/share/f110_msgs/msg/CarState.msg
[2.842s] -- Up-to-date: /home/misys/forza_ws/race_stack/install/f110_msgs/share/f110_msgs/msg/CarStateStamped.msg
[2.843s] -- Up-to-date: /home/misys/forza_ws/race_stack/install/f110_msgs/share/f110_msgs/msg/GapData.msg
[2.843s] -- Up-to-date: /home/misys/forza_ws/race_stack/install/f110_msgs/share/f110_msgs/msg/LapData.msg
[2.844s] -- Up-to-date: /home/misys/forza_ws/race_stack/install/f110_msgs/share/f110_msgs/msg/OTWpntArray.msg
[2.844s] -- Up-to-date: /home/misys/forza_ws/race_stack/install/f110_msgs/share/f110_msgs/msg/Obstacle.msg
[2.845s] -- Up-to-date: /home/misys/forza_ws/race_stack/install/f110_msgs/share/f110_msgs/msg/ObstacleArray.msg
[2.846s] -- Up-to-date: /home/misys/forza_ws/race_stack/install/f110_msgs/share/f110_msgs/msg/PidData.msg
[2.847s] -- Up-to-date: /home/misys/forza_ws/race_stack/install/f110_msgs/share/f110_msgs/msg/Wpnt.msg
[2.852s] -- Up-to-date: /home/misys/forza_ws/race_stack/install/f110_msgs/share/f110_msgs/msg/WpntArray.msg
[2.852s] -- Up-to-date: /home/misys/forza_ws/race_stack/install/f110_msgs/share/f110_msgs/msg/OpponentTrajectory.msg
[2.852s] -- Up-to-date: /home/misys/forza_ws/race_stack/install/f110_msgs/share/f110_msgs/msg/OppWpnt.msg
[2.854s] -- Up-to-date: /home/misys/forza_ws/race_stack/install/f110_msgs/share/f110_msgs/my_mapping_rules.yaml
[2.854s] -- Up-to-date: /home/misys/forza_ws/race_stack/install/f110_msgs/share/ament_index/resource_index/package_run_dependencies/f110_msgs
[2.854s] -- Up-to-date: /home/misys/forza_ws/race_stack/install/f110_msgs/share/ament_index/resource_index/parent_prefix_path/f110_msgs
[2.859s] -- Up-to-date: /home/misys/forza_ws/race_stack/install/f110_msgs/share/f110_msgs/environment/ament_prefix_path.sh
[2.860s] -- Up-to-date: /home/misys/forza_ws/race_stack/install/f110_msgs/share/f110_msgs/environment/ament_prefix_path.dsv
[2.860s] -- Up-to-date: /home/misys/forza_ws/race_stack/install/f110_msgs/share/f110_msgs/environment/path.sh
[2.861s] -- Up-to-date: /home/misys/forza_ws/race_stack/install/f110_msgs/share/f110_msgs/environment/path.dsv
[2.861s] -- Up-to-date: /home/misys/forza_ws/race_stack/install/f110_msgs/share/f110_msgs/local_setup.bash
[2.861s] -- Up-to-date: /home/misys/forza_ws/race_stack/install/f110_msgs/share/f110_msgs/local_setup.sh
[2.861s] -- Up-to-date: /home/misys/forza_ws/race_stack/install/f110_msgs/share/f110_msgs/local_setup.zsh
[2.864s] -- Up-to-date: /home/misys/forza_ws/race_stack/install/f110_msgs/share/f110_msgs/local_setup.dsv
[2.865s] -- Installing: /home/misys/forza_ws/race_stack/install/f110_msgs/share/f110_msgs/package.dsv
[2.867s] -- Up-to-date: /home/misys/forza_ws/race_stack/install/f110_msgs/share/ament_index/resource_index/packages/f110_msgs
[2.868s] -- Up-to-date: /home/misys/forza_ws/race_stack/install/f110_msgs/share/f110_msgs/cmake/export_f110_msgs__rosidl_generator_cExport.cmake
[2.868s] -- Up-to-date: /home/misys/forza_ws/race_stack/install/f110_msgs/share/f110_msgs/cmake/export_f110_msgs__rosidl_generator_cExport-noconfig.cmake
[2.869s] -- Up-to-date: /home/misys/forza_ws/race_stack/install/f110_msgs/share/f110_msgs/cmake/export_f110_msgs__rosidl_typesupport_fastrtps_cExport.cmake
[2.869s] -- Up-to-date: /home/misys/forza_ws/race_stack/install/f110_msgs/share/f110_msgs/cmake/export_f110_msgs__rosidl_typesupport_fastrtps_cExport-noconfig.cmake
[2.870s] -- Up-to-date: /home/misys/forza_ws/race_stack/install/f110_msgs/share/f110_msgs/cmake/export_f110_msgs__rosidl_generator_cppExport.cmake
[2.871s] -- Up-to-date: /home/misys/forza_ws/race_stack/install/f110_msgs/share/f110_msgs/cmake/export_f110_msgs__rosidl_typesupport_fastrtps_cppExport.cmake
[2.871s] -- Up-to-date: /home/misys/forza_ws/race_stack/install/f110_msgs/share/f110_msgs/cmake/export_f110_msgs__rosidl_typesupport_fastrtps_cppExport-noconfig.cmake
[2.872s] -- Up-to-date: /home/misys/forza_ws/race_stack/install/f110_msgs/share/f110_msgs/cmake/f110_msgs__rosidl_typesupport_introspection_cExport.cmake
[2.872s] -- Up-to-date: /home/misys/forza_ws/race_stack/install/f110_msgs/share/f110_msgs/cmake/f110_msgs__rosidl_typesupport_introspection_cExport-noconfig.cmake
[2.873s] -- Up-to-date: /home/misys/forza_ws/race_stack/install/f110_msgs/share/f110_msgs/cmake/f110_msgs__rosidl_typesupport_cExport.cmake
[2.873s] -- Up-to-date: /home/misys/forza_ws/race_stack/install/f110_msgs/share/f110_msgs/cmake/f110_msgs__rosidl_typesupport_cExport-noconfig.cmake
[2.873s] -- Up-to-date: /home/misys/forza_ws/race_stack/install/f110_msgs/share/f110_msgs/cmake/f110_msgs__rosidl_typesupport_introspection_cppExport.cmake
[2.874s] -- Up-to-date: /home/misys/forza_ws/race_stack/install/f110_msgs/share/f110_msgs/cmake/f110_msgs__rosidl_typesupport_introspection_cppExport-noconfig.cmake
[2.874s] -- Up-to-date: /home/misys/forza_ws/race_stack/install/f110_msgs/share/f110_msgs/cmake/f110_msgs__rosidl_typesupport_cppExport.cmake
[2.874s] -- Up-to-date: /home/misys/forza_ws/race_stack/install/f110_msgs/share/f110_msgs/cmake/f110_msgs__rosidl_typesupport_cppExport-noconfig.cmake
[2.875s] -- Up-to-date: /home/misys/forza_ws/race_stack/install/f110_msgs/share/f110_msgs/cmake/export_f110_msgs__rosidl_generator_pyExport.cmake
[2.875s] -- Up-to-date: /home/misys/forza_ws/race_stack/install/f110_msgs/share/f110_msgs/cmake/export_f110_msgs__rosidl_generator_pyExport-noconfig.cmake
[2.875s] -- Up-to-date: /home/misys/forza_ws/race_stack/install/f110_msgs/share/f110_msgs/cmake/rosidl_cmake-extras.cmake
[2.875s] -- Up-to-date: /home/misys/forza_ws/race_stack/install/f110_msgs/share/f110_msgs/cmake/ament_cmake_export_dependencies-extras.cmake
[2.876s] -- Up-to-date: /home/misys/forza_ws/race_stack/install/f110_msgs/share/f110_msgs/cmake/ament_cmake_export_include_directories-extras.cmake
[2.876s] -- Up-to-date: /home/misys/forza_ws/race_stack/install/f110_msgs/share/f110_msgs/cmake/ament_cmake_export_libraries-extras.cmake
[2.876s] -- Up-to-date: /home/misys/forza_ws/race_stack/install/f110_msgs/share/f110_msgs/cmake/ament_cmake_export_targets-extras.cmake
[2.876s] -- Up-to-date: /home/misys/forza_ws/race_stack/install/f110_msgs/share/f110_msgs/cmake/rosidl_cmake_export_typesupport_targets-extras.cmake
[2.877s] -- Up-to-date: /home/misys/forza_ws/race_stack/install/f110_msgs/share/f110_msgs/cmake/rosidl_cmake_export_typesupport_libraries-extras.cmake
[2.877s] -- Up-to-date: /home/misys/forza_ws/race_stack/install/f110_msgs/share/f110_msgs/cmake/f110_msgsConfig.cmake
[2.877s] -- Up-to-date: /home/misys/forza_ws/race_stack/install/f110_msgs/share/f110_msgs/cmake/f110_msgsConfig-version.cmake
[2.877s] -- Up-to-date: /home/misys/forza_ws/race_stack/install/f110_msgs/share/f110_msgs/package.xml
[3.590s] Invoked command in '/home/misys/forza_ws/race_stack/build/f110_msgs' returned '0': CMAKE_PREFIX_PATH=${CMAKE_PREFIX_PATH}:/home/misys/forza_ws/race_stack/install/f1tenth_stack:/home/misys/forza_ws/race_stack/install/joy_teleop:/home/misys/forza_ws/race_stack/install/steering_lookup:/home/misys/forza_ws/race_stack/install/state_machine:/home/misys/forza_ws/race_stack/install/slam_tuner:/home/misys/forza_ws/race_stack/install/state_estimation:/home/misys/forza_ws/race_stack/install/map_editor:/home/misys/forza_ws/race_stack/install/stack_master:/home/misys/forza_ws/race_stack/install/spline_planner:/home/misys/forza_ws/race_stack/install/sector_tuner:/home/misys/forza_ws/race_stack/install/perception:/home/misys/forza_ws/race_stack/install/particle_filter:/home/misys/forza_ws/race_stack/install/opponent_publisher:/home/misys/forza_ws/race_stack/install/mouse_teleop:/home/misys/forza_ws/race_stack/install/lap_analyser:/home/misys/forza_ws/race_stack/install/key_teleop:/home/misys/forza_ws/race_stack/install/id_controller:/home/misys/forza_ws/race_stack/install/global_planner:/home/misys/forza_ws/race_stack/install/frenet_odom_republisher:/home/misys/forza_ws/race_stack/install/frenet_conversion:/home/misys/forza_ws/race_stack/install/f1tenth_gym_ros:/home/misys/forza_ws/race_stack/install/controller:/opt/ros/humble /usr/bin/cmake --install /home/misys/forza_ws/race_stack/build/f110_msgs
