[4.161s] Invoking command in '/home/misys/forza_ws/race_stack/controller': PYTHONPATH=/home/misys/forza_ws/race_stack/build/controller/prefix_override:/usr/lib/python3/dist-packages/colcon_core/task/python/colcon_distutils_commands:/home/misys/forza_ws/race_stack/install/controller/lib/python3.10/site-packages:${PYTHONPATH} /usr/bin/python3 -W ignore:setup.py install is deprecated -W ignore:easy_install command is deprecated setup.py egg_info --egg-base ../build/controller build --build-base /home/misys/forza_ws/race_stack/build/controller/build install --record /home/misys/forza_ws/race_stack/build/controller/install.log --single-version-externally-managed install_data
[5.316s] running egg_info
[5.317s] writing ../build/controller/controller.egg-info/PKG-INFO
[5.319s] writing dependency_links to ../build/controller/controller.egg-info/dependency_links.txt
[5.320s] writing entry points to ../build/controller/controller.egg-info/entry_points.txt
[5.321s] writing requirements to ../build/controller/controller.egg-info/requires.txt
[5.323s] writing top-level names to ../build/controller/controller.egg-info/top_level.txt
[5.332s] reading manifest file '../build/controller/controller.egg-info/SOURCES.txt'
[5.332s] adding license file 'LICENSE'
[5.334s] writing manifest file '../build/controller/controller.egg-info/SOURCES.txt'
[5.335s] running build
[5.335s] running build_py
[5.337s] copying controller/pp.py -> /home/misys/forza_ws/race_stack/build/controller/build/lib/controller
[5.340s] copying controller/controller_manager.py -> /home/misys/forza_ws/race_stack/build/controller/build/lib/controller
[5.341s] running install
[5.342s] running install_lib
[5.344s] copying /home/misys/forza_ws/race_stack/build/controller/build/lib/controller/pp.py -> /home/misys/forza_ws/race_stack/install/controller/lib/python3.10/site-packages/controller
[5.349s] copying /home/misys/forza_ws/race_stack/build/controller/build/lib/controller/controller_manager.py -> /home/misys/forza_ws/race_stack/install/controller/lib/python3.10/site-packages/controller
[5.351s] byte-compiling /home/misys/forza_ws/race_stack/install/controller/lib/python3.10/site-packages/controller/pp.py to pp.cpython-310.pyc
[5.367s] byte-compiling /home/misys/forza_ws/race_stack/install/controller/lib/python3.10/site-packages/controller/controller_manager.py to controller_manager.cpython-310.pyc
[5.381s] running install_data
[5.381s] running install_egg_info
[5.391s] removing '/home/misys/forza_ws/race_stack/install/controller/lib/python3.10/site-packages/controller-0.0.0-py3.10.egg-info' (and everything under it)
[5.398s] Copying ../build/controller/controller.egg-info to /home/misys/forza_ws/race_stack/install/controller/lib/python3.10/site-packages/controller-0.0.0-py3.10.egg-info
[5.399s] running install_scripts
[5.464s] Installing controller script to /home/misys/forza_ws/race_stack/install/controller/lib/controller
[5.464s] writing list of installed files to '/home/misys/forza_ws/race_stack/build/controller/install.log'
[5.620s] Invoked command in '/home/misys/forza_ws/race_stack/controller' returned '0': PYTHONPATH=/home/misys/forza_ws/race_stack/build/controller/prefix_override:/usr/lib/python3/dist-packages/colcon_core/task/python/colcon_distutils_commands:/home/misys/forza_ws/race_stack/install/controller/lib/python3.10/site-packages:${PYTHONPATH} /usr/bin/python3 -W ignore:setup.py install is deprecated -W ignore:easy_install command is deprecated setup.py egg_info --egg-base ../build/controller build --build-base /home/misys/forza_ws/race_stack/build/controller/build install --record /home/misys/forza_ws/race_stack/build/controller/install.log --single-version-externally-managed install_data
