[0.000000] (-) TimerEvent: {}
[0.000578] (-) JobUnselected: {'identifier': 'ackermann_mux'}
[0.001182] (-) JobUnselected: {'identifier': 'controller'}
[0.001677] (-) JobUnselected: {'identifier': 'f110_gym'}
[0.001728] (-) JobUnselected: {'identifier': 'f110_msgs'}
[0.001766] (-) JobUnselected: {'identifier': 'f1tenth_gym_ros'}
[0.001799] (-) JobUnselected: {'identifier': 'f1tenth_stack'}
[0.001911] (-) JobUnselected: {'identifier': 'frenet_conversion'}
[0.002341] (-) JobUnselected: {'identifier': 'frenet_odom_republisher'}
[0.002446] (-) JobUnselected: {'identifier': 'global_planner'}
[0.002763] (-) JobUnselected: {'identifier': 'id_controller'}
[0.002952] (-) JobUnselected: {'identifier': 'joy_teleop'}
[0.003171] (-) JobUnselected: {'identifier': 'key_teleop'}
[0.003227] (-) JobUnselected: {'identifier': 'lap_analyser'}
[0.003261] (-) JobUnselected: {'identifier': 'map_editor'}
[0.003293] (-) JobUnselected: {'identifier': 'mouse_teleop'}
[0.003322] (-) JobUnselected: {'identifier': 'opponent_publisher'}
[0.003350] (-) JobUnselected: {'identifier': 'particle_filter'}
[0.003378] (-) JobUnselected: {'identifier': 'perception'}
[0.003406] (-) JobUnselected: {'identifier': 'sector_tuner'}
[0.003435] (-) JobUnselected: {'identifier': 'slam_toolbox'}
[0.003464] (-) JobUnselected: {'identifier': 'slam_tuner'}
[0.003492] (-) JobUnselected: {'identifier': 'spline_planner'}
[0.003520] (-) JobUnselected: {'identifier': 'state_estimation'}
[0.003548] (-) JobUnselected: {'identifier': 'state_machine'}
[0.003652] (-) JobUnselected: {'identifier': 'steering_lookup'}
[0.004143] (-) JobUnselected: {'identifier': 'teleop_tools'}
[0.004422] (-) JobUnselected: {'identifier': 'teleop_tools_msgs'}
[0.004606] (-) JobUnselected: {'identifier': 'urg_node2'}
[0.004660] (-) JobUnselected: {'identifier': 'vesc'}
[0.004695] (-) JobUnselected: {'identifier': 'vesc_ackermann'}
[0.004726] (-) JobUnselected: {'identifier': 'vesc_driver'}
[0.004827] (-) JobUnselected: {'identifier': 'vesc_msgs'}
[0.005001] (stack_master) JobQueued: {'identifier': 'stack_master', 'dependencies': OrderedDict()}
[0.005162] (stack_master) JobStarted: {'identifier': 'stack_master'}
[0.099157] (-) TimerEvent: {}
[0.199519] (-) TimerEvent: {}
[0.299899] (-) TimerEvent: {}
[0.400306] (-) TimerEvent: {}
[0.500658] (-) TimerEvent: {}
[0.601065] (-) TimerEvent: {}
[0.685368] (stack_master) JobEnded: {'identifier': 'stack_master', 'rc': 0}
[0.689844] (-) EventReactorShutdown: {}
