[0.724s] Invoking command in '/home/misys/forza_ws/race_stack/build/vesc': AMENT_PREFIX_PATH=/home/misys/forza_ws/race_stack/install/vesc_driver:/home/misys/forza_ws/race_stack/install/vesc_ackermann:/home/misys/forza_ws/race_stack/install/vesc_msgs:${AMENT_PREFIX_PATH} CMAKE_PREFIX_PATH=/home/misys/forza_ws/race_stack/install/vesc_driver:/home/misys/forza_ws/race_stack/install/vesc_ackermann:/home/misys/forza_ws/race_stack/install/vesc_msgs:/opt/ros/humble LD_LIBRARY_PATH=/home/misys/forza_ws/race_stack/install/vesc_driver/lib:/home/misys/forza_ws/race_stack/install/vesc_ackermann/lib:/home/misys/forza_ws/race_stack/install/vesc_msgs/lib:/opt/ros/humble/opt/rviz_ogre_vendor/lib:/opt/ros/humble/lib/aarch64-linux-gnu:/opt/ros/humble/lib:/usr/local/cuda/lib64 PYTHONPATH=/home/misys/forza_ws/race_stack/install/vesc_msgs/local/lib/python3.10/dist-packages:${PYTHONPATH} /usr/bin/cmake --build /home/misys/forza_ws/race_stack/build/vesc -- -j6 -l6
[2.096s] Invoked command in '/home/misys/forza_ws/race_stack/build/vesc' returned '0': AMENT_PREFIX_PATH=/home/misys/forza_ws/race_stack/install/vesc_driver:/home/misys/forza_ws/race_stack/install/vesc_ackermann:/home/misys/forza_ws/race_stack/install/vesc_msgs:${AMENT_PREFIX_PATH} CMAKE_PREFIX_PATH=/home/misys/forza_ws/race_stack/install/vesc_driver:/home/misys/forza_ws/race_stack/install/vesc_ackermann:/home/misys/forza_ws/race_stack/install/vesc_msgs:/opt/ros/humble LD_LIBRARY_PATH=/home/misys/forza_ws/race_stack/install/vesc_driver/lib:/home/misys/forza_ws/race_stack/install/vesc_ackermann/lib:/home/misys/forza_ws/race_stack/install/vesc_msgs/lib:/opt/ros/humble/opt/rviz_ogre_vendor/lib:/opt/ros/humble/lib/aarch64-linux-gnu:/opt/ros/humble/lib:/usr/local/cuda/lib64 PYTHONPATH=/home/misys/forza_ws/race_stack/install/vesc_msgs/local/lib/python3.10/dist-packages:${PYTHONPATH} /usr/bin/cmake --build /home/misys/forza_ws/race_stack/build/vesc -- -j6 -l6
[2.099s] Invoking command in '/home/misys/forza_ws/race_stack/build/vesc': AMENT_PREFIX_PATH=/home/misys/forza_ws/race_stack/install/vesc_driver:/home/misys/forza_ws/race_stack/install/vesc_ackermann:/home/misys/forza_ws/race_stack/install/vesc_msgs:${AMENT_PREFIX_PATH} CMAKE_PREFIX_PATH=/home/misys/forza_ws/race_stack/install/vesc_driver:/home/misys/forza_ws/race_stack/install/vesc_ackermann:/home/misys/forza_ws/race_stack/install/vesc_msgs:/opt/ros/humble LD_LIBRARY_PATH=/home/misys/forza_ws/race_stack/install/vesc_driver/lib:/home/misys/forza_ws/race_stack/install/vesc_ackermann/lib:/home/misys/forza_ws/race_stack/install/vesc_msgs/lib:/opt/ros/humble/opt/rviz_ogre_vendor/lib:/opt/ros/humble/lib/aarch64-linux-gnu:/opt/ros/humble/lib:/usr/local/cuda/lib64 PYTHONPATH=/home/misys/forza_ws/race_stack/install/vesc_msgs/local/lib/python3.10/dist-packages:${PYTHONPATH} /usr/bin/cmake --install /home/misys/forza_ws/race_stack/build/vesc
[2.124s] -- Install configuration: ""
[2.124s] -- Up-to-date: /home/misys/forza_ws/race_stack/install/vesc/share/ament_index/resource_index/package_run_dependencies/vesc
[2.125s] -- Up-to-date: /home/misys/forza_ws/race_stack/install/vesc/share/ament_index/resource_index/parent_prefix_path/vesc
[2.125s] -- Up-to-date: /home/misys/forza_ws/race_stack/install/vesc/share/vesc/environment/ament_prefix_path.sh
[2.125s] -- Up-to-date: /home/misys/forza_ws/race_stack/install/vesc/share/vesc/environment/ament_prefix_path.dsv
[2.125s] -- Up-to-date: /home/misys/forza_ws/race_stack/install/vesc/share/vesc/environment/path.sh
[2.125s] -- Up-to-date: /home/misys/forza_ws/race_stack/install/vesc/share/vesc/environment/path.dsv
[2.126s] -- Up-to-date: /home/misys/forza_ws/race_stack/install/vesc/share/vesc/local_setup.bash
[2.127s] -- Up-to-date: /home/misys/forza_ws/race_stack/install/vesc/share/vesc/local_setup.sh
[2.128s] -- Up-to-date: /home/misys/forza_ws/race_stack/install/vesc/share/vesc/local_setup.zsh
[2.128s] -- Up-to-date: /home/misys/forza_ws/race_stack/install/vesc/share/vesc/local_setup.dsv
[2.129s] -- Up-to-date: /home/misys/forza_ws/race_stack/install/vesc/share/vesc/package.dsv
[2.130s] -- Up-to-date: /home/misys/forza_ws/race_stack/install/vesc/share/ament_index/resource_index/packages/vesc
[2.130s] -- Up-to-date: /home/misys/forza_ws/race_stack/install/vesc/share/vesc/cmake/vescConfig.cmake
[2.131s] -- Up-to-date: /home/misys/forza_ws/race_stack/install/vesc/share/vesc/cmake/vescConfig-version.cmake
[2.131s] -- Up-to-date: /home/misys/forza_ws/race_stack/install/vesc/share/vesc/package.xml
[2.138s] Invoked command in '/home/misys/forza_ws/race_stack/build/vesc' returned '0': AMENT_PREFIX_PATH=/home/misys/forza_ws/race_stack/install/vesc_driver:/home/misys/forza_ws/race_stack/install/vesc_ackermann:/home/misys/forza_ws/race_stack/install/vesc_msgs:${AMENT_PREFIX_PATH} CMAKE_PREFIX_PATH=/home/misys/forza_ws/race_stack/install/vesc_driver:/home/misys/forza_ws/race_stack/install/vesc_ackermann:/home/misys/forza_ws/race_stack/install/vesc_msgs:/opt/ros/humble LD_LIBRARY_PATH=/home/misys/forza_ws/race_stack/install/vesc_driver/lib:/home/misys/forza_ws/race_stack/install/vesc_ackermann/lib:/home/misys/forza_ws/race_stack/install/vesc_msgs/lib:/opt/ros/humble/opt/rviz_ogre_vendor/lib:/opt/ros/humble/lib/aarch64-linux-gnu:/opt/ros/humble/lib:/usr/local/cuda/lib64 PYTHONPATH=/home/misys/forza_ws/race_stack/install/vesc_msgs/local/lib/python3.10/dist-packages:${PYTHONPATH} /usr/bin/cmake --install /home/misys/forza_ws/race_stack/build/vesc
