[0.069s] Invoking command in '/home/misys/forza_ws/race_stack/build/f110_msgs': CMAKE_PREFIX_PATH=${CMAKE_PREFIX_PATH}:/home/misys/forza_ws/race_stack/install/f1tenth_stack:/home/misys/forza_ws/race_stack/install/joy_teleop:/home/misys/forza_ws/race_stack/install/steering_lookup:/home/misys/forza_ws/race_stack/install/state_machine:/home/misys/forza_ws/race_stack/install/slam_tuner:/home/misys/forza_ws/race_stack/install/state_estimation:/home/misys/forza_ws/race_stack/install/map_editor:/home/misys/forza_ws/race_stack/install/stack_master:/home/misys/forza_ws/race_stack/install/spline_planner:/home/misys/forza_ws/race_stack/install/sector_tuner:/home/misys/forza_ws/race_stack/install/perception:/home/misys/forza_ws/race_stack/install/particle_filter:/home/misys/forza_ws/race_stack/install/opponent_publisher:/home/misys/forza_ws/race_stack/install/mouse_teleop:/home/misys/forza_ws/race_stack/install/lap_analyser:/home/misys/forza_ws/race_stack/install/key_teleop:/home/misys/forza_ws/race_stack/install/id_controller:/home/misys/forza_ws/race_stack/install/global_planner:/home/misys/forza_ws/race_stack/install/frenet_odom_republisher:/home/misys/forza_ws/race_stack/install/frenet_conversion:/home/misys/forza_ws/race_stack/install/f1tenth_gym_ros:/home/misys/forza_ws/race_stack/install/controller:/opt/ros/humble /usr/bin/cmake --build /home/misys/forza_ws/race_stack/build/f110_msgs -- -j6 -l6
[1.077s] [  0%] Built target f110_msgs__cpp
[1.077s] [ 12%] Built target f110_msgs__rosidl_generator_c
[1.077s] [ 12%] Built target ament_cmake_python_copy_f110_msgs
[1.077s] [ 24%] Built target f110_msgs__rosidl_typesupport_cpp
[1.077s] [ 35%] Built target f110_msgs__rosidl_typesupport_fastrtps_cpp
[1.077s] [ 47%] Built target f110_msgs__rosidl_typesupport_introspection_c
[1.077s] [ 59%] Built target f110_msgs__rosidl_typesupport_introspection_cpp
[1.078s] [ 76%] Built target f110_msgs__rosidl_typesupport_c
[1.078s] [ 83%] Built target f110_msgs__rosidl_typesupport_fastrtps_c
[1.078s] [ 83%] Built target f110_msgs
[1.078s] [ 84%] Built target f110_msgs__py
[1.078s] [ 95%] Built target f110_msgs__rosidl_generator_py
[1.096s] [ 97%] Built target f110_msgs__rosidl_typesupport_introspection_c__pyext
[1.099s] [ 99%] Built target f110_msgs__rosidl_typesupport_fastrtps_c__pyext
[1.143s] [100%] Built target f110_msgs__rosidl_typesupport_c__pyext
[1.507s] running egg_info
[1.508s] writing f110_msgs.egg-info/PKG-INFO
[1.509s] writing dependency_links to f110_msgs.egg-info/dependency_links.txt
[1.509s] writing top-level names to f110_msgs.egg-info/top_level.txt
[1.514s] reading manifest file 'f110_msgs.egg-info/SOURCES.txt'
[1.515s] writing manifest file 'f110_msgs.egg-info/SOURCES.txt'
[1.595s] [100%] Built target ament_cmake_python_build_f110_msgs_egg
[1.950s] Invoked command in '/home/misys/forza_ws/race_stack/build/f110_msgs' returned '0': CMAKE_PREFIX_PATH=${CMAKE_PREFIX_PATH}:/home/misys/forza_ws/race_stack/install/f1tenth_stack:/home/misys/forza_ws/race_stack/install/joy_teleop:/home/misys/forza_ws/race_stack/install/steering_lookup:/home/misys/forza_ws/race_stack/install/state_machine:/home/misys/forza_ws/race_stack/install/slam_tuner:/home/misys/forza_ws/race_stack/install/state_estimation:/home/misys/forza_ws/race_stack/install/map_editor:/home/misys/forza_ws/race_stack/install/stack_master:/home/misys/forza_ws/race_stack/install/spline_planner:/home/misys/forza_ws/race_stack/install/sector_tuner:/home/misys/forza_ws/race_stack/install/perception:/home/misys/forza_ws/race_stack/install/particle_filter:/home/misys/forza_ws/race_stack/install/opponent_publisher:/home/misys/forza_ws/race_stack/install/mouse_teleop:/home/misys/forza_ws/race_stack/install/lap_analyser:/home/misys/forza_ws/race_stack/install/key_teleop:/home/misys/forza_ws/race_stack/install/id_controller:/home/misys/forza_ws/race_stack/install/global_planner:/home/misys/forza_ws/race_stack/install/frenet_odom_republisher:/home/misys/forza_ws/race_stack/install/frenet_conversion:/home/misys/forza_ws/race_stack/install/f1tenth_gym_ros:/home/misys/forza_ws/race_stack/install/controller:/opt/ros/humble /usr/bin/cmake --build /home/misys/forza_ws/race_stack/build/f110_msgs -- -j6 -l6
[1.956s] Invoking command in '/home/misys/forza_ws/race_stack/build/f110_msgs': CMAKE_PREFIX_PATH=${CMAKE_PREFIX_PATH}:/home/misys/forza_ws/race_stack/install/f1tenth_stack:/home/misys/forza_ws/race_stack/install/joy_teleop:/home/misys/forza_ws/race_stack/install/steering_lookup:/home/misys/forza_ws/race_stack/install/state_machine:/home/misys/forza_ws/race_stack/install/slam_tuner:/home/misys/forza_ws/race_stack/install/state_estimation:/home/misys/forza_ws/race_stack/install/map_editor:/home/misys/forza_ws/race_stack/install/stack_master:/home/misys/forza_ws/race_stack/install/spline_planner:/home/misys/forza_ws/race_stack/install/sector_tuner:/home/misys/forza_ws/race_stack/install/perception:/home/misys/forza_ws/race_stack/install/particle_filter:/home/misys/forza_ws/race_stack/install/opponent_publisher:/home/misys/forza_ws/race_stack/install/mouse_teleop:/home/misys/forza_ws/race_stack/install/lap_analyser:/home/misys/forza_ws/race_stack/install/key_teleop:/home/misys/forza_ws/race_stack/install/id_controller:/home/misys/forza_ws/race_stack/install/global_planner:/home/misys/forza_ws/race_stack/install/frenet_odom_republisher:/home/misys/forza_ws/race_stack/install/frenet_conversion:/home/misys/forza_ws/race_stack/install/f1tenth_gym_ros:/home/misys/forza_ws/race_stack/install/controller:/opt/ros/humble /usr/bin/cmake --install /home/misys/forza_ws/race_stack/build/f110_msgs
[2.022s] -- Install configuration: ""
[2.022s] -- Up-to-date: /home/misys/forza_ws/race_stack/install/f110_msgs/share/ament_index/resource_index/rosidl_interfaces/f110_msgs
[2.022s] -- Up-to-date: /home/misys/forza_ws/race_stack/install/f110_msgs/include/f110_msgs/f110_msgs
[2.022s] -- Up-to-date: /home/misys/forza_ws/race_stack/install/f110_msgs/include/f110_msgs/f110_msgs/msg
[2.022s] -- Up-to-date: /home/misys/forza_ws/race_stack/install/f110_msgs/include/f110_msgs/f110_msgs/msg/lap_data.h
[2.029s] -- Up-to-date: /home/misys/forza_ws/race_stack/install/f110_msgs/include/f110_msgs/f110_msgs/msg/wpnt.h
[2.029s] -- Up-to-date: /home/misys/forza_ws/race_stack/install/f110_msgs/include/f110_msgs/f110_msgs/msg/car_state.h
[2.030s] -- Up-to-date: /home/misys/forza_ws/race_stack/install/f110_msgs/include/f110_msgs/f110_msgs/msg/detail
[2.030s] -- Up-to-date: /home/misys/forza_ws/race_stack/install/f110_msgs/include/f110_msgs/f110_msgs/msg/detail/opp_wpnt__struct.h
[2.030s] -- Up-to-date: /home/misys/forza_ws/race_stack/install/f110_msgs/include/f110_msgs/f110_msgs/msg/detail/car_state_stamped__functions.h
[2.030s] -- Up-to-date: /home/misys/forza_ws/race_stack/install/f110_msgs/include/f110_msgs/f110_msgs/msg/detail/opp_wpnt__functions.h
[2.030s] -- Up-to-date: /home/misys/forza_ws/race_stack/install/f110_msgs/include/f110_msgs/f110_msgs/msg/detail/obstacle__struct.h
[2.030s] -- Up-to-date: /home/misys/forza_ws/race_stack/install/f110_msgs/include/f110_msgs/f110_msgs/msg/detail/opponent_trajectory__functions.c
[2.030s] -- Up-to-date: /home/misys/forza_ws/race_stack/install/f110_msgs/include/f110_msgs/f110_msgs/msg/detail/obstacle__type_support.h
[2.030s] -- Up-to-date: /home/misys/forza_ws/race_stack/install/f110_msgs/include/f110_msgs/f110_msgs/msg/detail/car_state__functions.c
[2.031s] -- Up-to-date: /home/misys/forza_ws/race_stack/install/f110_msgs/include/f110_msgs/f110_msgs/msg/detail/gap_data__functions.h
[2.031s] -- Up-to-date: /home/misys/forza_ws/race_stack/install/f110_msgs/include/f110_msgs/f110_msgs/msg/detail/wpnt__functions.h
[2.031s] -- Up-to-date: /home/misys/forza_ws/race_stack/install/f110_msgs/include/f110_msgs/f110_msgs/msg/detail/obstacle_array__functions.h
[2.031s] -- Up-to-date: /home/misys/forza_ws/race_stack/install/f110_msgs/include/f110_msgs/f110_msgs/msg/detail/wpnt__type_support.h
[2.031s] -- Up-to-date: /home/misys/forza_ws/race_stack/install/f110_msgs/include/f110_msgs/f110_msgs/msg/detail/car_state__functions.h
[2.031s] -- Up-to-date: /home/misys/forza_ws/race_stack/install/f110_msgs/include/f110_msgs/f110_msgs/msg/detail/ot_wpnt_array__type_support.h
[2.031s] -- Up-to-date: /home/misys/forza_ws/race_stack/install/f110_msgs/include/f110_msgs/f110_msgs/msg/detail/pid_data__functions.c
[2.031s] -- Up-to-date: /home/misys/forza_ws/race_stack/install/f110_msgs/include/f110_msgs/f110_msgs/msg/detail/gap_data__type_support.h
[2.031s] -- Up-to-date: /home/misys/forza_ws/race_stack/install/f110_msgs/include/f110_msgs/f110_msgs/msg/detail/wpnt_array__functions.c
[2.032s] -- Up-to-date: /home/misys/forza_ws/race_stack/install/f110_msgs/include/f110_msgs/f110_msgs/msg/detail/wpnt_array__functions.h
[2.032s] -- Up-to-date: /home/misys/forza_ws/race_stack/install/f110_msgs/include/f110_msgs/f110_msgs/msg/detail/car_state_stamped__functions.c
[2.032s] -- Up-to-date: /home/misys/forza_ws/race_stack/install/f110_msgs/include/f110_msgs/f110_msgs/msg/detail/wpnt_array__type_support.h
[2.032s] -- Up-to-date: /home/misys/forza_ws/race_stack/install/f110_msgs/include/f110_msgs/f110_msgs/msg/detail/lap_data__functions.c
[2.032s] -- Up-to-date: /home/misys/forza_ws/race_stack/install/f110_msgs/include/f110_msgs/f110_msgs/msg/detail/car_state__struct.h
[2.032s] -- Up-to-date: /home/misys/forza_ws/race_stack/install/f110_msgs/include/f110_msgs/f110_msgs/msg/detail/lap_data__functions.h
[2.032s] -- Up-to-date: /home/misys/forza_ws/race_stack/install/f110_msgs/include/f110_msgs/f110_msgs/msg/detail/car_state__type_support.h
[2.032s] -- Up-to-date: /home/misys/forza_ws/race_stack/install/f110_msgs/include/f110_msgs/f110_msgs/msg/detail/opponent_trajectory__struct.h
[2.033s] -- Up-to-date: /home/misys/forza_ws/race_stack/install/f110_msgs/include/f110_msgs/f110_msgs/msg/detail/obstacle_array__type_support.h
[2.033s] -- Up-to-date: /home/misys/forza_ws/race_stack/install/f110_msgs/include/f110_msgs/f110_msgs/msg/detail/wpnt__struct.h
[2.033s] -- Up-to-date: /home/misys/forza_ws/race_stack/install/f110_msgs/include/f110_msgs/f110_msgs/msg/detail/lap_data__type_support.h
[2.033s] -- Up-to-date: /home/misys/forza_ws/race_stack/install/f110_msgs/include/f110_msgs/f110_msgs/msg/detail/wpnt_array__struct.h
[2.033s] -- Up-to-date: /home/misys/forza_ws/race_stack/install/f110_msgs/include/f110_msgs/f110_msgs/msg/detail/gap_data__struct.h
[2.033s] -- Up-to-date: /home/misys/forza_ws/race_stack/install/f110_msgs/include/f110_msgs/f110_msgs/msg/detail/car_state_stamped__type_support.h
[2.033s] -- Up-to-date: /home/misys/forza_ws/race_stack/install/f110_msgs/include/f110_msgs/f110_msgs/msg/detail/obstacle__functions.h
[2.033s] -- Up-to-date: /home/misys/forza_ws/race_stack/install/f110_msgs/include/f110_msgs/f110_msgs/msg/detail/obstacle_array__functions.c
[2.033s] -- Up-to-date: /home/misys/forza_ws/race_stack/install/f110_msgs/include/f110_msgs/f110_msgs/msg/detail/wpnt__functions.c
[2.033s] -- Up-to-date: /home/misys/forza_ws/race_stack/install/f110_msgs/include/f110_msgs/f110_msgs/msg/detail/gap_data__functions.c
[2.034s] -- Up-to-date: /home/misys/forza_ws/race_stack/install/f110_msgs/include/f110_msgs/f110_msgs/msg/detail/opponent_trajectory__type_support.h
[2.034s] -- Up-to-date: /home/misys/forza_ws/race_stack/install/f110_msgs/include/f110_msgs/f110_msgs/msg/detail/car_state_stamped__struct.h
[2.034s] -- Up-to-date: /home/misys/forza_ws/race_stack/install/f110_msgs/include/f110_msgs/f110_msgs/msg/detail/opp_wpnt__type_support.h
[2.034s] -- Up-to-date: /home/misys/forza_ws/race_stack/install/f110_msgs/include/f110_msgs/f110_msgs/msg/detail/pid_data__type_support.h
[2.034s] -- Up-to-date: /home/misys/forza_ws/race_stack/install/f110_msgs/include/f110_msgs/f110_msgs/msg/detail/lap_data__struct.h
[2.036s] -- Up-to-date: /home/misys/forza_ws/race_stack/install/f110_msgs/include/f110_msgs/f110_msgs/msg/detail/obstacle_array__struct.h
[2.036s] -- Up-to-date: /home/misys/forza_ws/race_stack/install/f110_msgs/include/f110_msgs/f110_msgs/msg/detail/pid_data__functions.h
[2.036s] -- Up-to-date: /home/misys/forza_ws/race_stack/install/f110_msgs/include/f110_msgs/f110_msgs/msg/detail/obstacle__functions.c
[2.036s] -- Up-to-date: /home/misys/forza_ws/race_stack/install/f110_msgs/include/f110_msgs/f110_msgs/msg/detail/ot_wpnt_array__struct.h
[2.037s] -- Up-to-date: /home/misys/forza_ws/race_stack/install/f110_msgs/include/f110_msgs/f110_msgs/msg/detail/opponent_trajectory__functions.h
[2.037s] -- Up-to-date: /home/misys/forza_ws/race_stack/install/f110_msgs/include/f110_msgs/f110_msgs/msg/detail/ot_wpnt_array__functions.h
[2.037s] -- Up-to-date: /home/misys/forza_ws/race_stack/install/f110_msgs/include/f110_msgs/f110_msgs/msg/detail/ot_wpnt_array__functions.c
[2.037s] -- Up-to-date: /home/misys/forza_ws/race_stack/install/f110_msgs/include/f110_msgs/f110_msgs/msg/detail/opp_wpnt__functions.c
[2.037s] -- Up-to-date: /home/misys/forza_ws/race_stack/install/f110_msgs/include/f110_msgs/f110_msgs/msg/detail/pid_data__struct.h
[2.037s] -- Up-to-date: /home/misys/forza_ws/race_stack/install/f110_msgs/include/f110_msgs/f110_msgs/msg/opponent_trajectory.h
[2.037s] -- Up-to-date: /home/misys/forza_ws/race_stack/install/f110_msgs/include/f110_msgs/f110_msgs/msg/rosidl_generator_c__visibility_control.h
[2.037s] -- Up-to-date: /home/misys/forza_ws/race_stack/install/f110_msgs/include/f110_msgs/f110_msgs/msg/ot_wpnt_array.h
[2.037s] -- Up-to-date: /home/misys/forza_ws/race_stack/install/f110_msgs/include/f110_msgs/f110_msgs/msg/wpnt_array.h
[2.038s] -- Up-to-date: /home/misys/forza_ws/race_stack/install/f110_msgs/include/f110_msgs/f110_msgs/msg/opp_wpnt.h
[2.038s] -- Up-to-date: /home/misys/forza_ws/race_stack/install/f110_msgs/include/f110_msgs/f110_msgs/msg/obstacle_array.h
[2.038s] -- Up-to-date: /home/misys/forza_ws/race_stack/install/f110_msgs/include/f110_msgs/f110_msgs/msg/gap_data.h
[2.038s] -- Up-to-date: /home/misys/forza_ws/race_stack/install/f110_msgs/include/f110_msgs/f110_msgs/msg/car_state_stamped.h
[2.038s] -- Up-to-date: /home/misys/forza_ws/race_stack/install/f110_msgs/include/f110_msgs/f110_msgs/msg/pid_data.h
[2.038s] -- Up-to-date: /home/misys/forza_ws/race_stack/install/f110_msgs/include/f110_msgs/f110_msgs/msg/obstacle.h
[2.038s] -- Up-to-date: /home/misys/forza_ws/race_stack/install/f110_msgs/share/f110_msgs/environment/library_path.sh
[2.038s] -- Up-to-date: /home/misys/forza_ws/race_stack/install/f110_msgs/share/f110_msgs/environment/library_path.dsv
[2.038s] -- Up-to-date: /home/misys/forza_ws/race_stack/install/f110_msgs/lib/libf110_msgs__rosidl_generator_c.so
[2.047s] -- Up-to-date: /home/misys/forza_ws/race_stack/install/f110_msgs/include/f110_msgs/f110_msgs
[2.047s] -- Up-to-date: /home/misys/forza_ws/race_stack/install/f110_msgs/include/f110_msgs/f110_msgs/msg
[2.048s] -- Up-to-date: /home/misys/forza_ws/race_stack/install/f110_msgs/include/f110_msgs/f110_msgs/msg/detail
[2.048s] -- Up-to-date: /home/misys/forza_ws/race_stack/install/f110_msgs/include/f110_msgs/f110_msgs/msg/detail/opp_wpnt__rosidl_typesupport_fastrtps_c.h
[2.048s] -- Up-to-date: /home/misys/forza_ws/race_stack/install/f110_msgs/include/f110_msgs/f110_msgs/msg/detail/opponent_trajectory__rosidl_typesupport_fastrtps_c.h
[2.048s] -- Up-to-date: /home/misys/forza_ws/race_stack/install/f110_msgs/include/f110_msgs/f110_msgs/msg/detail/lap_data__rosidl_typesupport_fastrtps_c.h
[2.048s] -- Up-to-date: /home/misys/forza_ws/race_stack/install/f110_msgs/include/f110_msgs/f110_msgs/msg/detail/car_state__rosidl_typesupport_fastrtps_c.h
[2.048s] -- Up-to-date: /home/misys/forza_ws/race_stack/install/f110_msgs/include/f110_msgs/f110_msgs/msg/detail/car_state_stamped__rosidl_typesupport_fastrtps_c.h
[2.048s] -- Up-to-date: /home/misys/forza_ws/race_stack/install/f110_msgs/include/f110_msgs/f110_msgs/msg/detail/wpnt_array__rosidl_typesupport_fastrtps_c.h
[2.048s] -- Up-to-date: /home/misys/forza_ws/race_stack/install/f110_msgs/include/f110_msgs/f110_msgs/msg/detail/obstacle__rosidl_typesupport_fastrtps_c.h
[2.048s] -- Up-to-date: /home/misys/forza_ws/race_stack/install/f110_msgs/include/f110_msgs/f110_msgs/msg/detail/gap_data__rosidl_typesupport_fastrtps_c.h
[2.049s] -- Up-to-date: /home/misys/forza_ws/race_stack/install/f110_msgs/include/f110_msgs/f110_msgs/msg/detail/wpnt__rosidl_typesupport_fastrtps_c.h
[2.049s] -- Up-to-date: /home/misys/forza_ws/race_stack/install/f110_msgs/include/f110_msgs/f110_msgs/msg/detail/ot_wpnt_array__rosidl_typesupport_fastrtps_c.h
[2.049s] -- Up-to-date: /home/misys/forza_ws/race_stack/install/f110_msgs/include/f110_msgs/f110_msgs/msg/detail/obstacle_array__rosidl_typesupport_fastrtps_c.h
[2.049s] -- Up-to-date: /home/misys/forza_ws/race_stack/install/f110_msgs/include/f110_msgs/f110_msgs/msg/detail/pid_data__rosidl_typesupport_fastrtps_c.h
[2.049s] -- Up-to-date: /home/misys/forza_ws/race_stack/install/f110_msgs/include/f110_msgs/f110_msgs/msg/rosidl_typesupport_fastrtps_c__visibility_control.h
[2.049s] -- Up-to-date: /home/misys/forza_ws/race_stack/install/f110_msgs/lib/libf110_msgs__rosidl_typesupport_fastrtps_c.so
[2.049s] -- Up-to-date: /home/misys/forza_ws/race_stack/install/f110_msgs/include/f110_msgs/f110_msgs
[2.049s] -- Up-to-date: /home/misys/forza_ws/race_stack/install/f110_msgs/include/f110_msgs/f110_msgs/msg
[2.050s] -- Up-to-date: /home/misys/forza_ws/race_stack/install/f110_msgs/include/f110_msgs/f110_msgs/msg/car_state.hpp
[2.050s] -- Up-to-date: /home/misys/forza_ws/race_stack/install/f110_msgs/include/f110_msgs/f110_msgs/msg/pid_data.hpp
[2.050s] -- Up-to-date: /home/misys/forza_ws/race_stack/install/f110_msgs/include/f110_msgs/f110_msgs/msg/rosidl_generator_cpp__visibility_control.hpp
[2.050s] -- Up-to-date: /home/misys/forza_ws/race_stack/install/f110_msgs/include/f110_msgs/f110_msgs/msg/detail
[2.050s] -- Up-to-date: /home/misys/forza_ws/race_stack/install/f110_msgs/include/f110_msgs/f110_msgs/msg/detail/wpnt__traits.hpp
[2.050s] -- Up-to-date: /home/misys/forza_ws/race_stack/install/f110_msgs/include/f110_msgs/f110_msgs/msg/detail/wpnt__struct.hpp
[2.050s] -- Up-to-date: /home/misys/forza_ws/race_stack/install/f110_msgs/include/f110_msgs/f110_msgs/msg/detail/ot_wpnt_array__struct.hpp
[2.050s] -- Up-to-date: /home/misys/forza_ws/race_stack/install/f110_msgs/include/f110_msgs/f110_msgs/msg/detail/wpnt__type_support.hpp
[2.050s] -- Up-to-date: /home/misys/forza_ws/race_stack/install/f110_msgs/include/f110_msgs/f110_msgs/msg/detail/car_state__traits.hpp
[2.051s] -- Up-to-date: /home/misys/forza_ws/race_stack/install/f110_msgs/include/f110_msgs/f110_msgs/msg/detail/lap_data__traits.hpp
[2.051s] -- Up-to-date: /home/misys/forza_ws/race_stack/install/f110_msgs/include/f110_msgs/f110_msgs/msg/detail/obstacle_array__traits.hpp
[2.051s] -- Up-to-date: /home/misys/forza_ws/race_stack/install/f110_msgs/include/f110_msgs/f110_msgs/msg/detail/obstacle__traits.hpp
[2.051s] -- Up-to-date: /home/misys/forza_ws/race_stack/install/f110_msgs/include/f110_msgs/f110_msgs/msg/detail/lap_data__type_support.hpp
[2.051s] -- Up-to-date: /home/misys/forza_ws/race_stack/install/f110_msgs/include/f110_msgs/f110_msgs/msg/detail/obstacle__builder.hpp
[2.051s] -- Up-to-date: /home/misys/forza_ws/race_stack/install/f110_msgs/include/f110_msgs/f110_msgs/msg/detail/pid_data__struct.hpp
[2.051s] -- Up-to-date: /home/misys/forza_ws/race_stack/install/f110_msgs/include/f110_msgs/f110_msgs/msg/detail/car_state_stamped__type_support.hpp
[2.052s] -- Up-to-date: /home/misys/forza_ws/race_stack/install/f110_msgs/include/f110_msgs/f110_msgs/msg/detail/opponent_trajectory__builder.hpp
[2.052s] -- Up-to-date: /home/misys/forza_ws/race_stack/install/f110_msgs/include/f110_msgs/f110_msgs/msg/detail/opp_wpnt__struct.hpp
[2.052s] -- Up-to-date: /home/misys/forza_ws/race_stack/install/f110_msgs/include/f110_msgs/f110_msgs/msg/detail/car_state_stamped__builder.hpp
[2.052s] -- Up-to-date: /home/misys/forza_ws/race_stack/install/f110_msgs/include/f110_msgs/f110_msgs/msg/detail/wpnt__builder.hpp
[2.052s] -- Up-to-date: /home/misys/forza_ws/race_stack/install/f110_msgs/include/f110_msgs/f110_msgs/msg/detail/gap_data__struct.hpp
[2.052s] -- Up-to-date: /home/misys/forza_ws/race_stack/install/f110_msgs/include/f110_msgs/f110_msgs/msg/detail/opp_wpnt__traits.hpp
[2.052s] -- Up-to-date: /home/misys/forza_ws/race_stack/install/f110_msgs/include/f110_msgs/f110_msgs/msg/detail/gap_data__builder.hpp
[2.052s] -- Up-to-date: /home/misys/forza_ws/race_stack/install/f110_msgs/include/f110_msgs/f110_msgs/msg/detail/opp_wpnt__type_support.hpp
[2.052s] -- Up-to-date: /home/misys/forza_ws/race_stack/install/f110_msgs/include/f110_msgs/f110_msgs/msg/detail/wpnt_array__builder.hpp
[2.053s] -- Up-to-date: /home/misys/forza_ws/race_stack/install/f110_msgs/include/f110_msgs/f110_msgs/msg/detail/car_state__builder.hpp
[2.053s] -- Up-to-date: /home/misys/forza_ws/race_stack/install/f110_msgs/include/f110_msgs/f110_msgs/msg/detail/obstacle_array__builder.hpp
[2.053s] -- Up-to-date: /home/misys/forza_ws/race_stack/install/f110_msgs/include/f110_msgs/f110_msgs/msg/detail/wpnt_array__struct.hpp
[2.053s] -- Up-to-date: /home/misys/forza_ws/race_stack/install/f110_msgs/include/f110_msgs/f110_msgs/msg/detail/opponent_trajectory__struct.hpp
[2.053s] -- Up-to-date: /home/misys/forza_ws/race_stack/install/f110_msgs/include/f110_msgs/f110_msgs/msg/detail/opp_wpnt__builder.hpp
[2.053s] -- Up-to-date: /home/misys/forza_ws/race_stack/install/f110_msgs/include/f110_msgs/f110_msgs/msg/detail/car_state_stamped__traits.hpp
[2.053s] -- Up-to-date: /home/misys/forza_ws/race_stack/install/f110_msgs/include/f110_msgs/f110_msgs/msg/detail/gap_data__traits.hpp
[2.053s] -- Up-to-date: /home/misys/forza_ws/race_stack/install/f110_msgs/include/f110_msgs/f110_msgs/msg/detail/pid_data__builder.hpp
[2.054s] -- Up-to-date: /home/misys/forza_ws/race_stack/install/f110_msgs/include/f110_msgs/f110_msgs/msg/detail/opponent_trajectory__type_support.hpp
[2.054s] -- Up-to-date: /home/misys/forza_ws/race_stack/install/f110_msgs/include/f110_msgs/f110_msgs/msg/detail/car_state__struct.hpp
[2.054s] -- Up-to-date: /home/misys/forza_ws/race_stack/install/f110_msgs/include/f110_msgs/f110_msgs/msg/detail/wpnt_array__type_support.hpp
[2.054s] -- Up-to-date: /home/misys/forza_ws/race_stack/install/f110_msgs/include/f110_msgs/f110_msgs/msg/detail/obstacle__type_support.hpp
[2.054s] -- Up-to-date: /home/misys/forza_ws/race_stack/install/f110_msgs/include/f110_msgs/f110_msgs/msg/detail/ot_wpnt_array__type_support.hpp
[2.054s] -- Up-to-date: /home/misys/forza_ws/race_stack/install/f110_msgs/include/f110_msgs/f110_msgs/msg/detail/pid_data__traits.hpp
[2.077s] -- Up-to-date: /home/misys/forza_ws/race_stack/install/f110_msgs/include/f110_msgs/f110_msgs/msg/detail/ot_wpnt_array__builder.hpp
[2.078s] -- Up-to-date: /home/misys/forza_ws/race_stack/install/f110_msgs/include/f110_msgs/f110_msgs/msg/detail/obstacle_array__type_support.hpp
[2.079s] -- Up-to-date: /home/misys/forza_ws/race_stack/install/f110_msgs/include/f110_msgs/f110_msgs/msg/detail/ot_wpnt_array__traits.hpp
[2.079s] -- Up-to-date: /home/misys/forza_ws/race_stack/install/f110_msgs/include/f110_msgs/f110_msgs/msg/detail/car_state__type_support.hpp
[2.079s] -- Up-to-date: /home/misys/forza_ws/race_stack/install/f110_msgs/include/f110_msgs/f110_msgs/msg/detail/opponent_trajectory__traits.hpp
[2.079s] -- Up-to-date: /home/misys/forza_ws/race_stack/install/f110_msgs/include/f110_msgs/f110_msgs/msg/detail/obstacle_array__struct.hpp
[2.080s] -- Up-to-date: /home/misys/forza_ws/race_stack/install/f110_msgs/include/f110_msgs/f110_msgs/msg/detail/lap_data__struct.hpp
[2.080s] -- Up-to-date: /home/misys/forza_ws/race_stack/install/f110_msgs/include/f110_msgs/f110_msgs/msg/detail/obstacle__struct.hpp
[2.083s] -- Up-to-date: /home/misys/forza_ws/race_stack/install/f110_msgs/include/f110_msgs/f110_msgs/msg/detail/lap_data__builder.hpp
[2.084s] -- Up-to-date: /home/misys/forza_ws/race_stack/install/f110_msgs/include/f110_msgs/f110_msgs/msg/detail/gap_data__type_support.hpp
[2.084s] -- Up-to-date: /home/misys/forza_ws/race_stack/install/f110_msgs/include/f110_msgs/f110_msgs/msg/detail/pid_data__type_support.hpp
[2.084s] -- Up-to-date: /home/misys/forza_ws/race_stack/install/f110_msgs/include/f110_msgs/f110_msgs/msg/detail/car_state_stamped__struct.hpp
[2.084s] -- Up-to-date: /home/misys/forza_ws/race_stack/install/f110_msgs/include/f110_msgs/f110_msgs/msg/detail/wpnt_array__traits.hpp
[2.084s] -- Up-to-date: /home/misys/forza_ws/race_stack/install/f110_msgs/include/f110_msgs/f110_msgs/msg/wpnt.hpp
[2.084s] -- Up-to-date: /home/misys/forza_ws/race_stack/install/f110_msgs/include/f110_msgs/f110_msgs/msg/obstacle_array.hpp
[2.084s] -- Up-to-date: /home/misys/forza_ws/race_stack/install/f110_msgs/include/f110_msgs/f110_msgs/msg/opp_wpnt.hpp
[2.084s] -- Up-to-date: /home/misys/forza_ws/race_stack/install/f110_msgs/include/f110_msgs/f110_msgs/msg/ot_wpnt_array.hpp
[2.085s] -- Up-to-date: /home/misys/forza_ws/race_stack/install/f110_msgs/include/f110_msgs/f110_msgs/msg/car_state_stamped.hpp
[2.085s] -- Up-to-date: /home/misys/forza_ws/race_stack/install/f110_msgs/include/f110_msgs/f110_msgs/msg/lap_data.hpp
[2.085s] -- Up-to-date: /home/misys/forza_ws/race_stack/install/f110_msgs/include/f110_msgs/f110_msgs/msg/opponent_trajectory.hpp
[2.085s] -- Up-to-date: /home/misys/forza_ws/race_stack/install/f110_msgs/include/f110_msgs/f110_msgs/msg/gap_data.hpp
[2.085s] -- Up-to-date: /home/misys/forza_ws/race_stack/install/f110_msgs/include/f110_msgs/f110_msgs/msg/wpnt_array.hpp
[2.086s] -- Up-to-date: /home/misys/forza_ws/race_stack/install/f110_msgs/include/f110_msgs/f110_msgs/msg/obstacle.hpp
[2.086s] -- Up-to-date: /home/misys/forza_ws/race_stack/install/f110_msgs/include/f110_msgs/f110_msgs
[2.086s] -- Up-to-date: /home/misys/forza_ws/race_stack/install/f110_msgs/include/f110_msgs/f110_msgs/msg
[2.087s] -- Up-to-date: /home/misys/forza_ws/race_stack/install/f110_msgs/include/f110_msgs/f110_msgs/msg/detail
[2.087s] -- Up-to-date: /home/misys/forza_ws/race_stack/install/f110_msgs/include/f110_msgs/f110_msgs/msg/detail/wpnt_array__rosidl_typesupport_fastrtps_cpp.hpp
[2.087s] -- Up-to-date: /home/misys/forza_ws/race_stack/install/f110_msgs/include/f110_msgs/f110_msgs/msg/detail/gap_data__rosidl_typesupport_fastrtps_cpp.hpp
[2.087s] -- Up-to-date: /home/misys/forza_ws/race_stack/install/f110_msgs/include/f110_msgs/f110_msgs/msg/detail/ot_wpnt_array__rosidl_typesupport_fastrtps_cpp.hpp
[2.087s] -- Up-to-date: /home/misys/forza_ws/race_stack/install/f110_msgs/include/f110_msgs/f110_msgs/msg/detail/lap_data__rosidl_typesupport_fastrtps_cpp.hpp
[2.087s] -- Up-to-date: /home/misys/forza_ws/race_stack/install/f110_msgs/include/f110_msgs/f110_msgs/msg/detail/obstacle__rosidl_typesupport_fastrtps_cpp.hpp
[2.087s] -- Up-to-date: /home/misys/forza_ws/race_stack/install/f110_msgs/include/f110_msgs/f110_msgs/msg/detail/car_state_stamped__rosidl_typesupport_fastrtps_cpp.hpp
[2.087s] -- Up-to-date: /home/misys/forza_ws/race_stack/install/f110_msgs/include/f110_msgs/f110_msgs/msg/detail/opp_wpnt__rosidl_typesupport_fastrtps_cpp.hpp
[2.088s] -- Up-to-date: /home/misys/forza_ws/race_stack/install/f110_msgs/include/f110_msgs/f110_msgs/msg/detail/wpnt__rosidl_typesupport_fastrtps_cpp.hpp
[2.088s] -- Up-to-date: /home/misys/forza_ws/race_stack/install/f110_msgs/include/f110_msgs/f110_msgs/msg/detail/dds_fastrtps
[2.088s] -- Up-to-date: /home/misys/forza_ws/race_stack/install/f110_msgs/include/f110_msgs/f110_msgs/msg/detail/car_state__rosidl_typesupport_fastrtps_cpp.hpp
[2.088s] -- Up-to-date: /home/misys/forza_ws/race_stack/install/f110_msgs/include/f110_msgs/f110_msgs/msg/detail/pid_data__rosidl_typesupport_fastrtps_cpp.hpp
[2.088s] -- Up-to-date: /home/misys/forza_ws/race_stack/install/f110_msgs/include/f110_msgs/f110_msgs/msg/detail/obstacle_array__rosidl_typesupport_fastrtps_cpp.hpp
[2.088s] -- Up-to-date: /home/misys/forza_ws/race_stack/install/f110_msgs/include/f110_msgs/f110_msgs/msg/detail/opponent_trajectory__rosidl_typesupport_fastrtps_cpp.hpp
[2.088s] -- Up-to-date: /home/misys/forza_ws/race_stack/install/f110_msgs/include/f110_msgs/f110_msgs/msg/rosidl_typesupport_fastrtps_cpp__visibility_control.h
[2.089s] -- Up-to-date: /home/misys/forza_ws/race_stack/install/f110_msgs/lib/libf110_msgs__rosidl_typesupport_fastrtps_cpp.so
[2.089s] -- Up-to-date: /home/misys/forza_ws/race_stack/install/f110_msgs/include/f110_msgs/f110_msgs
[2.090s] -- Up-to-date: /home/misys/forza_ws/race_stack/install/f110_msgs/include/f110_msgs/f110_msgs/msg
[2.090s] -- Up-to-date: /home/misys/forza_ws/race_stack/install/f110_msgs/include/f110_msgs/f110_msgs/msg/detail
[2.090s] -- Up-to-date: /home/misys/forza_ws/race_stack/install/f110_msgs/include/f110_msgs/f110_msgs/msg/detail/car_state_stamped__rosidl_typesupport_introspection_c.h
[2.090s] -- Up-to-date: /home/misys/forza_ws/race_stack/install/f110_msgs/include/f110_msgs/f110_msgs/msg/detail/pid_data__type_support.c
[2.090s] -- Up-to-date: /home/misys/forza_ws/race_stack/install/f110_msgs/include/f110_msgs/f110_msgs/msg/detail/car_state_stamped__type_support.c
[2.090s] -- Up-to-date: /home/misys/forza_ws/race_stack/install/f110_msgs/include/f110_msgs/f110_msgs/msg/detail/obstacle_array__type_support.c
[2.090s] -- Up-to-date: /home/misys/forza_ws/race_stack/install/f110_msgs/include/f110_msgs/f110_msgs/msg/detail/pid_data__rosidl_typesupport_introspection_c.h
[2.090s] -- Up-to-date: /home/misys/forza_ws/race_stack/install/f110_msgs/include/f110_msgs/f110_msgs/msg/detail/wpnt_array__type_support.c
[2.091s] -- Up-to-date: /home/misys/forza_ws/race_stack/install/f110_msgs/include/f110_msgs/f110_msgs/msg/detail/opponent_trajectory__type_support.c
[2.091s] -- Up-to-date: /home/misys/forza_ws/race_stack/install/f110_msgs/include/f110_msgs/f110_msgs/msg/detail/car_state__rosidl_typesupport_introspection_c.h
[2.091s] -- Up-to-date: /home/misys/forza_ws/race_stack/install/f110_msgs/include/f110_msgs/f110_msgs/msg/detail/wpnt__rosidl_typesupport_introspection_c.h
[2.091s] -- Up-to-date: /home/misys/forza_ws/race_stack/install/f110_msgs/include/f110_msgs/f110_msgs/msg/detail/opp_wpnt__rosidl_typesupport_introspection_c.h
[2.091s] -- Up-to-date: /home/misys/forza_ws/race_stack/install/f110_msgs/include/f110_msgs/f110_msgs/msg/detail/car_state__type_support.c
[2.091s] -- Up-to-date: /home/misys/forza_ws/race_stack/install/f110_msgs/include/f110_msgs/f110_msgs/msg/detail/gap_data__rosidl_typesupport_introspection_c.h
[2.091s] -- Up-to-date: /home/misys/forza_ws/race_stack/install/f110_msgs/include/f110_msgs/f110_msgs/msg/detail/wpnt_array__rosidl_typesupport_introspection_c.h
[2.091s] -- Up-to-date: /home/misys/forza_ws/race_stack/install/f110_msgs/include/f110_msgs/f110_msgs/msg/detail/opp_wpnt__type_support.c
[2.091s] -- Up-to-date: /home/misys/forza_ws/race_stack/install/f110_msgs/include/f110_msgs/f110_msgs/msg/detail/obstacle_array__rosidl_typesupport_introspection_c.h
[2.092s] -- Up-to-date: /home/misys/forza_ws/race_stack/install/f110_msgs/include/f110_msgs/f110_msgs/msg/detail/wpnt__type_support.c
[2.092s] -- Up-to-date: /home/misys/forza_ws/race_stack/install/f110_msgs/include/f110_msgs/f110_msgs/msg/detail/lap_data__rosidl_typesupport_introspection_c.h
[2.092s] -- Up-to-date: /home/misys/forza_ws/race_stack/install/f110_msgs/include/f110_msgs/f110_msgs/msg/detail/obstacle__rosidl_typesupport_introspection_c.h
[2.092s] -- Up-to-date: /home/misys/forza_ws/race_stack/install/f110_msgs/include/f110_msgs/f110_msgs/msg/detail/lap_data__type_support.c
[2.092s] -- Up-to-date: /home/misys/forza_ws/race_stack/install/f110_msgs/include/f110_msgs/f110_msgs/msg/detail/ot_wpnt_array__rosidl_typesupport_introspection_c.h
[2.092s] -- Up-to-date: /home/misys/forza_ws/race_stack/install/f110_msgs/include/f110_msgs/f110_msgs/msg/detail/obstacle__type_support.c
[2.092s] -- Up-to-date: /home/misys/forza_ws/race_stack/install/f110_msgs/include/f110_msgs/f110_msgs/msg/detail/gap_data__type_support.c
[2.092s] -- Up-to-date: /home/misys/forza_ws/race_stack/install/f110_msgs/include/f110_msgs/f110_msgs/msg/detail/ot_wpnt_array__type_support.c
[2.092s] -- Up-to-date: /home/misys/forza_ws/race_stack/install/f110_msgs/include/f110_msgs/f110_msgs/msg/detail/opponent_trajectory__rosidl_typesupport_introspection_c.h
[2.093s] -- Up-to-date: /home/misys/forza_ws/race_stack/install/f110_msgs/include/f110_msgs/f110_msgs/msg/rosidl_typesupport_introspection_c__visibility_control.h
[2.093s] -- Up-to-date: /home/misys/forza_ws/race_stack/install/f110_msgs/lib/libf110_msgs__rosidl_typesupport_introspection_c.so
[2.093s] -- Up-to-date: /home/misys/forza_ws/race_stack/install/f110_msgs/lib/libf110_msgs__rosidl_typesupport_c.so
[2.093s] -- Up-to-date: /home/misys/forza_ws/race_stack/install/f110_msgs/include/f110_msgs/f110_msgs
[2.093s] -- Up-to-date: /home/misys/forza_ws/race_stack/install/f110_msgs/include/f110_msgs/f110_msgs/msg
[2.093s] -- Up-to-date: /home/misys/forza_ws/race_stack/install/f110_msgs/include/f110_msgs/f110_msgs/msg/detail
[2.094s] -- Up-to-date: /home/misys/forza_ws/race_stack/install/f110_msgs/include/f110_msgs/f110_msgs/msg/detail/ot_wpnt_array__type_support.cpp
[2.094s] -- Up-to-date: /home/misys/forza_ws/race_stack/install/f110_msgs/include/f110_msgs/f110_msgs/msg/detail/obstacle_array__rosidl_typesupport_introspection_cpp.hpp
[2.094s] -- Up-to-date: /home/misys/forza_ws/race_stack/install/f110_msgs/include/f110_msgs/f110_msgs/msg/detail/lap_data__rosidl_typesupport_introspection_cpp.hpp
[2.094s] -- Up-to-date: /home/misys/forza_ws/race_stack/install/f110_msgs/include/f110_msgs/f110_msgs/msg/detail/wpnt_array__type_support.cpp
[2.094s] -- Up-to-date: /home/misys/forza_ws/race_stack/install/f110_msgs/include/f110_msgs/f110_msgs/msg/detail/opponent_trajectory__rosidl_typesupport_introspection_cpp.hpp
[2.094s] -- Up-to-date: /home/misys/forza_ws/race_stack/install/f110_msgs/include/f110_msgs/f110_msgs/msg/detail/opp_wpnt__rosidl_typesupport_introspection_cpp.hpp
[2.094s] -- Up-to-date: /home/misys/forza_ws/race_stack/install/f110_msgs/include/f110_msgs/f110_msgs/msg/detail/opponent_trajectory__type_support.cpp
[2.094s] -- Up-to-date: /home/misys/forza_ws/race_stack/install/f110_msgs/include/f110_msgs/f110_msgs/msg/detail/obstacle_array__type_support.cpp
[2.095s] -- Up-to-date: /home/misys/forza_ws/race_stack/install/f110_msgs/include/f110_msgs/f110_msgs/msg/detail/opp_wpnt__type_support.cpp
[2.095s] -- Up-to-date: /home/misys/forza_ws/race_stack/install/f110_msgs/include/f110_msgs/f110_msgs/msg/detail/wpnt_array__rosidl_typesupport_introspection_cpp.hpp
[2.095s] -- Up-to-date: /home/misys/forza_ws/race_stack/install/f110_msgs/include/f110_msgs/f110_msgs/msg/detail/obstacle__type_support.cpp
[2.095s] -- Up-to-date: /home/misys/forza_ws/race_stack/install/f110_msgs/include/f110_msgs/f110_msgs/msg/detail/wpnt__type_support.cpp
[2.095s] -- Up-to-date: /home/misys/forza_ws/race_stack/install/f110_msgs/include/f110_msgs/f110_msgs/msg/detail/gap_data__rosidl_typesupport_introspection_cpp.hpp
[2.095s] -- Up-to-date: /home/misys/forza_ws/race_stack/install/f110_msgs/include/f110_msgs/f110_msgs/msg/detail/ot_wpnt_array__rosidl_typesupport_introspection_cpp.hpp
[2.095s] -- Up-to-date: /home/misys/forza_ws/race_stack/install/f110_msgs/include/f110_msgs/f110_msgs/msg/detail/car_state__rosidl_typesupport_introspection_cpp.hpp
[2.095s] -- Up-to-date: /home/misys/forza_ws/race_stack/install/f110_msgs/include/f110_msgs/f110_msgs/msg/detail/car_state__type_support.cpp
[2.096s] -- Up-to-date: /home/misys/forza_ws/race_stack/install/f110_msgs/include/f110_msgs/f110_msgs/msg/detail/lap_data__type_support.cpp
[2.096s] -- Up-to-date: /home/misys/forza_ws/race_stack/install/f110_msgs/include/f110_msgs/f110_msgs/msg/detail/car_state_stamped__rosidl_typesupport_introspection_cpp.hpp
[2.096s] -- Up-to-date: /home/misys/forza_ws/race_stack/install/f110_msgs/include/f110_msgs/f110_msgs/msg/detail/wpnt__rosidl_typesupport_introspection_cpp.hpp
[2.096s] -- Up-to-date: /home/misys/forza_ws/race_stack/install/f110_msgs/include/f110_msgs/f110_msgs/msg/detail/gap_data__type_support.cpp
[2.096s] -- Up-to-date: /home/misys/forza_ws/race_stack/install/f110_msgs/include/f110_msgs/f110_msgs/msg/detail/car_state_stamped__type_support.cpp
[2.096s] -- Up-to-date: /home/misys/forza_ws/race_stack/install/f110_msgs/include/f110_msgs/f110_msgs/msg/detail/pid_data__rosidl_typesupport_introspection_cpp.hpp
[2.096s] -- Up-to-date: /home/misys/forza_ws/race_stack/install/f110_msgs/include/f110_msgs/f110_msgs/msg/detail/obstacle__rosidl_typesupport_introspection_cpp.hpp
[2.096s] -- Up-to-date: /home/misys/forza_ws/race_stack/install/f110_msgs/include/f110_msgs/f110_msgs/msg/detail/pid_data__type_support.cpp
[2.096s] -- Up-to-date: /home/misys/forza_ws/race_stack/install/f110_msgs/lib/libf110_msgs__rosidl_typesupport_introspection_cpp.so
[2.113s] -- Up-to-date: /home/misys/forza_ws/race_stack/install/f110_msgs/lib/libf110_msgs__rosidl_typesupport_cpp.so
[2.113s] -- Up-to-date: /home/misys/forza_ws/race_stack/install/f110_msgs/share/f110_msgs/environment/pythonpath.sh
[2.113s] -- Up-to-date: /home/misys/forza_ws/race_stack/install/f110_msgs/share/f110_msgs/environment/pythonpath.dsv
[2.114s] -- Up-to-date: /home/misys/forza_ws/race_stack/install/f110_msgs/local/lib/python3.10/dist-packages/f110_msgs-0.0.0-py3.10.egg-info
[2.114s] -- Installing: /home/misys/forza_ws/race_stack/install/f110_msgs/local/lib/python3.10/dist-packages/f110_msgs-0.0.0-py3.10.egg-info/dependency_links.txt
[2.114s] -- Installing: /home/misys/forza_ws/race_stack/install/f110_msgs/local/lib/python3.10/dist-packages/f110_msgs-0.0.0-py3.10.egg-info/PKG-INFO
[2.114s] -- Installing: /home/misys/forza_ws/race_stack/install/f110_msgs/local/lib/python3.10/dist-packages/f110_msgs-0.0.0-py3.10.egg-info/top_level.txt
[2.114s] -- Installing: /home/misys/forza_ws/race_stack/install/f110_msgs/local/lib/python3.10/dist-packages/f110_msgs-0.0.0-py3.10.egg-info/SOURCES.txt
[2.115s] -- Up-to-date: /home/misys/forza_ws/race_stack/install/f110_msgs/local/lib/python3.10/dist-packages/f110_msgs
[2.115s] -- Up-to-date: /home/misys/forza_ws/race_stack/install/f110_msgs/local/lib/python3.10/dist-packages/f110_msgs/_f110_msgs_s.ep.rosidl_typesupport_introspection_c.c
[2.115s] -- Up-to-date: /home/misys/forza_ws/race_stack/install/f110_msgs/local/lib/python3.10/dist-packages/f110_msgs/f110_msgs_s__rosidl_typesupport_introspection_c.cpython-310-aarch64-linux-gnu.so
[2.115s] -- Up-to-date: /home/misys/forza_ws/race_stack/install/f110_msgs/local/lib/python3.10/dist-packages/f110_msgs/f110_msgs_s__rosidl_typesupport_fastrtps_c.cpython-310-aarch64-linux-gnu.so
[2.115s] -- Up-to-date: /home/misys/forza_ws/race_stack/install/f110_msgs/local/lib/python3.10/dist-packages/f110_msgs/msg
[2.116s] -- Up-to-date: /home/misys/forza_ws/race_stack/install/f110_msgs/local/lib/python3.10/dist-packages/f110_msgs/msg/_opponent_trajectory_s.c
[2.123s] -- Up-to-date: /home/misys/forza_ws/race_stack/install/f110_msgs/local/lib/python3.10/dist-packages/f110_msgs/msg/_wpnt.py
[2.123s] -- Up-to-date: /home/misys/forza_ws/race_stack/install/f110_msgs/local/lib/python3.10/dist-packages/f110_msgs/msg/_wpnt_s.c
[2.123s] -- Up-to-date: /home/misys/forza_ws/race_stack/install/f110_msgs/local/lib/python3.10/dist-packages/f110_msgs/msg/_opp_wpnt_s.c
[2.124s] -- Up-to-date: /home/misys/forza_ws/race_stack/install/f110_msgs/local/lib/python3.10/dist-packages/f110_msgs/msg/_car_state_stamped.py
[2.124s] -- Up-to-date: /home/misys/forza_ws/race_stack/install/f110_msgs/local/lib/python3.10/dist-packages/f110_msgs/msg/_opp_wpnt.py
[2.124s] -- Up-to-date: /home/misys/forza_ws/race_stack/install/f110_msgs/local/lib/python3.10/dist-packages/f110_msgs/msg/_obstacle_array.py
[2.124s] -- Up-to-date: /home/misys/forza_ws/race_stack/install/f110_msgs/local/lib/python3.10/dist-packages/f110_msgs/msg/_obstacle.py
[2.124s] -- Up-to-date: /home/misys/forza_ws/race_stack/install/f110_msgs/local/lib/python3.10/dist-packages/f110_msgs/msg/_lap_data_s.c
[2.125s] -- Up-to-date: /home/misys/forza_ws/race_stack/install/f110_msgs/local/lib/python3.10/dist-packages/f110_msgs/msg/_wpnt_array.py
[2.125s] -- Up-to-date: /home/misys/forza_ws/race_stack/install/f110_msgs/local/lib/python3.10/dist-packages/f110_msgs/msg/_obstacle_array_s.c
[2.125s] -- Up-to-date: /home/misys/forza_ws/race_stack/install/f110_msgs/local/lib/python3.10/dist-packages/f110_msgs/msg/_obstacle_s.c
[2.125s] -- Up-to-date: /home/misys/forza_ws/race_stack/install/f110_msgs/local/lib/python3.10/dist-packages/f110_msgs/msg/_car_state_s.c
[2.125s] -- Up-to-date: /home/misys/forza_ws/race_stack/install/f110_msgs/local/lib/python3.10/dist-packages/f110_msgs/msg/_wpnt_array_s.c
[2.125s] -- Up-to-date: /home/misys/forza_ws/race_stack/install/f110_msgs/local/lib/python3.10/dist-packages/f110_msgs/msg/_pid_data.py
[2.125s] -- Up-to-date: /home/misys/forza_ws/race_stack/install/f110_msgs/local/lib/python3.10/dist-packages/f110_msgs/msg/_car_state_stamped_s.c
[2.126s] -- Up-to-date: /home/misys/forza_ws/race_stack/install/f110_msgs/local/lib/python3.10/dist-packages/f110_msgs/msg/_ot_wpnt_array.py
[2.126s] -- Up-to-date: /home/misys/forza_ws/race_stack/install/f110_msgs/local/lib/python3.10/dist-packages/f110_msgs/msg/__init__.py
[2.126s] -- Up-to-date: /home/misys/forza_ws/race_stack/install/f110_msgs/local/lib/python3.10/dist-packages/f110_msgs/msg/_pid_data_s.c
[2.126s] -- Up-to-date: /home/misys/forza_ws/race_stack/install/f110_msgs/local/lib/python3.10/dist-packages/f110_msgs/msg/_opponent_trajectory.py
[2.126s] -- Up-to-date: /home/misys/forza_ws/race_stack/install/f110_msgs/local/lib/python3.10/dist-packages/f110_msgs/msg/_gap_data_s.c
[2.126s] -- Up-to-date: /home/misys/forza_ws/race_stack/install/f110_msgs/local/lib/python3.10/dist-packages/f110_msgs/msg/_lap_data.py
[2.126s] -- Up-to-date: /home/misys/forza_ws/race_stack/install/f110_msgs/local/lib/python3.10/dist-packages/f110_msgs/msg/_gap_data.py
[2.126s] -- Up-to-date: /home/misys/forza_ws/race_stack/install/f110_msgs/local/lib/python3.10/dist-packages/f110_msgs/msg/_ot_wpnt_array_s.c
[2.126s] -- Up-to-date: /home/misys/forza_ws/race_stack/install/f110_msgs/local/lib/python3.10/dist-packages/f110_msgs/msg/_car_state.py
[2.127s] -- Up-to-date: /home/misys/forza_ws/race_stack/install/f110_msgs/local/lib/python3.10/dist-packages/f110_msgs/_f110_msgs_s.ep.rosidl_typesupport_fastrtps_c.c
[2.127s] -- Up-to-date: /home/misys/forza_ws/race_stack/install/f110_msgs/local/lib/python3.10/dist-packages/f110_msgs/__init__.py
[2.127s] -- Up-to-date: /home/misys/forza_ws/race_stack/install/f110_msgs/local/lib/python3.10/dist-packages/f110_msgs/libf110_msgs__rosidl_generator_py.so
[2.127s] -- Up-to-date: /home/misys/forza_ws/race_stack/install/f110_msgs/local/lib/python3.10/dist-packages/f110_msgs/f110_msgs_s__rosidl_typesupport_c.cpython-310-aarch64-linux-gnu.so
[2.127s] -- Up-to-date: /home/misys/forza_ws/race_stack/install/f110_msgs/local/lib/python3.10/dist-packages/f110_msgs/_f110_msgs_s.ep.rosidl_typesupport_c.c
[2.174s] Listing '/home/misys/forza_ws/race_stack/install/f110_msgs/local/lib/python3.10/dist-packages/f110_msgs'...
[2.175s] Listing '/home/misys/forza_ws/race_stack/install/f110_msgs/local/lib/python3.10/dist-packages/f110_msgs/msg'...
[2.187s] -- Up-to-date: /home/misys/forza_ws/race_stack/install/f110_msgs/local/lib/python3.10/dist-packages/f110_msgs/f110_msgs_s__rosidl_typesupport_fastrtps_c.cpython-310-aarch64-linux-gnu.so
[2.188s] -- Up-to-date: /home/misys/forza_ws/race_stack/install/f110_msgs/local/lib/python3.10/dist-packages/f110_msgs/f110_msgs_s__rosidl_typesupport_introspection_c.cpython-310-aarch64-linux-gnu.so
[2.189s] -- Up-to-date: /home/misys/forza_ws/race_stack/install/f110_msgs/local/lib/python3.10/dist-packages/f110_msgs/f110_msgs_s__rosidl_typesupport_c.cpython-310-aarch64-linux-gnu.so
[2.193s] -- Up-to-date: /home/misys/forza_ws/race_stack/install/f110_msgs/lib/libf110_msgs__rosidl_generator_py.so
[2.193s] -- Up-to-date: /home/misys/forza_ws/race_stack/install/f110_msgs/share/f110_msgs/msg/CarState.idl
[2.194s] -- Up-to-date: /home/misys/forza_ws/race_stack/install/f110_msgs/share/f110_msgs/msg/CarStateStamped.idl
[2.194s] -- Up-to-date: /home/misys/forza_ws/race_stack/install/f110_msgs/share/f110_msgs/msg/GapData.idl
[2.194s] -- Up-to-date: /home/misys/forza_ws/race_stack/install/f110_msgs/share/f110_msgs/msg/LapData.idl
[2.194s] -- Up-to-date: /home/misys/forza_ws/race_stack/install/f110_msgs/share/f110_msgs/msg/OTWpntArray.idl
[2.195s] -- Up-to-date: /home/misys/forza_ws/race_stack/install/f110_msgs/share/f110_msgs/msg/Obstacle.idl
[2.195s] -- Up-to-date: /home/misys/forza_ws/race_stack/install/f110_msgs/share/f110_msgs/msg/ObstacleArray.idl
[2.195s] -- Up-to-date: /home/misys/forza_ws/race_stack/install/f110_msgs/share/f110_msgs/msg/PidData.idl
[2.195s] -- Up-to-date: /home/misys/forza_ws/race_stack/install/f110_msgs/share/f110_msgs/msg/Wpnt.idl
[2.196s] -- Up-to-date: /home/misys/forza_ws/race_stack/install/f110_msgs/share/f110_msgs/msg/WpntArray.idl
[2.196s] -- Up-to-date: /home/misys/forza_ws/race_stack/install/f110_msgs/share/f110_msgs/msg/OpponentTrajectory.idl
[2.196s] -- Up-to-date: /home/misys/forza_ws/race_stack/install/f110_msgs/share/f110_msgs/msg/OppWpnt.idl
[2.196s] -- Up-to-date: /home/misys/forza_ws/race_stack/install/f110_msgs/share/f110_msgs/msg/CarState.msg
[2.197s] -- Up-to-date: /home/misys/forza_ws/race_stack/install/f110_msgs/share/f110_msgs/msg/CarStateStamped.msg
[2.197s] -- Up-to-date: /home/misys/forza_ws/race_stack/install/f110_msgs/share/f110_msgs/msg/GapData.msg
[2.197s] -- Up-to-date: /home/misys/forza_ws/race_stack/install/f110_msgs/share/f110_msgs/msg/LapData.msg
[2.197s] -- Up-to-date: /home/misys/forza_ws/race_stack/install/f110_msgs/share/f110_msgs/msg/OTWpntArray.msg
[2.198s] -- Up-to-date: /home/misys/forza_ws/race_stack/install/f110_msgs/share/f110_msgs/msg/Obstacle.msg
[2.198s] -- Up-to-date: /home/misys/forza_ws/race_stack/install/f110_msgs/share/f110_msgs/msg/ObstacleArray.msg
[2.198s] -- Up-to-date: /home/misys/forza_ws/race_stack/install/f110_msgs/share/f110_msgs/msg/PidData.msg
[2.198s] -- Up-to-date: /home/misys/forza_ws/race_stack/install/f110_msgs/share/f110_msgs/msg/Wpnt.msg
[2.199s] -- Up-to-date: /home/misys/forza_ws/race_stack/install/f110_msgs/share/f110_msgs/msg/WpntArray.msg
[2.199s] -- Up-to-date: /home/misys/forza_ws/race_stack/install/f110_msgs/share/f110_msgs/msg/OpponentTrajectory.msg
[2.199s] -- Up-to-date: /home/misys/forza_ws/race_stack/install/f110_msgs/share/f110_msgs/msg/OppWpnt.msg
[2.199s] -- Up-to-date: /home/misys/forza_ws/race_stack/install/f110_msgs/share/f110_msgs/my_mapping_rules.yaml
[2.200s] -- Up-to-date: /home/misys/forza_ws/race_stack/install/f110_msgs/share/ament_index/resource_index/package_run_dependencies/f110_msgs
[2.200s] -- Up-to-date: /home/misys/forza_ws/race_stack/install/f110_msgs/share/ament_index/resource_index/parent_prefix_path/f110_msgs
[2.200s] -- Up-to-date: /home/misys/forza_ws/race_stack/install/f110_msgs/share/f110_msgs/environment/ament_prefix_path.sh
[2.200s] -- Up-to-date: /home/misys/forza_ws/race_stack/install/f110_msgs/share/f110_msgs/environment/ament_prefix_path.dsv
[2.201s] -- Up-to-date: /home/misys/forza_ws/race_stack/install/f110_msgs/share/f110_msgs/environment/path.sh
[2.201s] -- Up-to-date: /home/misys/forza_ws/race_stack/install/f110_msgs/share/f110_msgs/environment/path.dsv
[2.201s] -- Up-to-date: /home/misys/forza_ws/race_stack/install/f110_msgs/share/f110_msgs/local_setup.bash
[2.201s] -- Up-to-date: /home/misys/forza_ws/race_stack/install/f110_msgs/share/f110_msgs/local_setup.sh
[2.202s] -- Up-to-date: /home/misys/forza_ws/race_stack/install/f110_msgs/share/f110_msgs/local_setup.zsh
[2.202s] -- Up-to-date: /home/misys/forza_ws/race_stack/install/f110_msgs/share/f110_msgs/local_setup.dsv
[2.202s] -- Installing: /home/misys/forza_ws/race_stack/install/f110_msgs/share/f110_msgs/package.dsv
[2.203s] -- Up-to-date: /home/misys/forza_ws/race_stack/install/f110_msgs/share/ament_index/resource_index/packages/f110_msgs
[2.204s] -- Up-to-date: /home/misys/forza_ws/race_stack/install/f110_msgs/share/f110_msgs/cmake/export_f110_msgs__rosidl_generator_cExport.cmake
[2.204s] -- Up-to-date: /home/misys/forza_ws/race_stack/install/f110_msgs/share/f110_msgs/cmake/export_f110_msgs__rosidl_generator_cExport-noconfig.cmake
[2.204s] -- Up-to-date: /home/misys/forza_ws/race_stack/install/f110_msgs/share/f110_msgs/cmake/export_f110_msgs__rosidl_typesupport_fastrtps_cExport.cmake
[2.205s] -- Up-to-date: /home/misys/forza_ws/race_stack/install/f110_msgs/share/f110_msgs/cmake/export_f110_msgs__rosidl_typesupport_fastrtps_cExport-noconfig.cmake
[2.205s] -- Up-to-date: /home/misys/forza_ws/race_stack/install/f110_msgs/share/f110_msgs/cmake/export_f110_msgs__rosidl_generator_cppExport.cmake
[2.205s] -- Up-to-date: /home/misys/forza_ws/race_stack/install/f110_msgs/share/f110_msgs/cmake/export_f110_msgs__rosidl_typesupport_fastrtps_cppExport.cmake
[2.206s] -- Up-to-date: /home/misys/forza_ws/race_stack/install/f110_msgs/share/f110_msgs/cmake/export_f110_msgs__rosidl_typesupport_fastrtps_cppExport-noconfig.cmake
[2.206s] -- Up-to-date: /home/misys/forza_ws/race_stack/install/f110_msgs/share/f110_msgs/cmake/f110_msgs__rosidl_typesupport_introspection_cExport.cmake
[2.206s] -- Up-to-date: /home/misys/forza_ws/race_stack/install/f110_msgs/share/f110_msgs/cmake/f110_msgs__rosidl_typesupport_introspection_cExport-noconfig.cmake
[2.207s] -- Up-to-date: /home/misys/forza_ws/race_stack/install/f110_msgs/share/f110_msgs/cmake/f110_msgs__rosidl_typesupport_cExport.cmake
[2.207s] -- Up-to-date: /home/misys/forza_ws/race_stack/install/f110_msgs/share/f110_msgs/cmake/f110_msgs__rosidl_typesupport_cExport-noconfig.cmake
[2.207s] -- Up-to-date: /home/misys/forza_ws/race_stack/install/f110_msgs/share/f110_msgs/cmake/f110_msgs__rosidl_typesupport_introspection_cppExport.cmake
[2.208s] -- Up-to-date: /home/misys/forza_ws/race_stack/install/f110_msgs/share/f110_msgs/cmake/f110_msgs__rosidl_typesupport_introspection_cppExport-noconfig.cmake
[2.208s] -- Up-to-date: /home/misys/forza_ws/race_stack/install/f110_msgs/share/f110_msgs/cmake/f110_msgs__rosidl_typesupport_cppExport.cmake
[2.208s] -- Up-to-date: /home/misys/forza_ws/race_stack/install/f110_msgs/share/f110_msgs/cmake/f110_msgs__rosidl_typesupport_cppExport-noconfig.cmake
[2.209s] -- Up-to-date: /home/misys/forza_ws/race_stack/install/f110_msgs/share/f110_msgs/cmake/export_f110_msgs__rosidl_generator_pyExport.cmake
[2.209s] -- Up-to-date: /home/misys/forza_ws/race_stack/install/f110_msgs/share/f110_msgs/cmake/export_f110_msgs__rosidl_generator_pyExport-noconfig.cmake
[2.209s] -- Up-to-date: /home/misys/forza_ws/race_stack/install/f110_msgs/share/f110_msgs/cmake/rosidl_cmake-extras.cmake
[2.209s] -- Up-to-date: /home/misys/forza_ws/race_stack/install/f110_msgs/share/f110_msgs/cmake/ament_cmake_export_dependencies-extras.cmake
[2.210s] -- Up-to-date: /home/misys/forza_ws/race_stack/install/f110_msgs/share/f110_msgs/cmake/ament_cmake_export_include_directories-extras.cmake
[2.210s] -- Up-to-date: /home/misys/forza_ws/race_stack/install/f110_msgs/share/f110_msgs/cmake/ament_cmake_export_libraries-extras.cmake
[2.210s] -- Up-to-date: /home/misys/forza_ws/race_stack/install/f110_msgs/share/f110_msgs/cmake/ament_cmake_export_targets-extras.cmake
[2.210s] -- Up-to-date: /home/misys/forza_ws/race_stack/install/f110_msgs/share/f110_msgs/cmake/rosidl_cmake_export_typesupport_targets-extras.cmake
[2.211s] -- Up-to-date: /home/misys/forza_ws/race_stack/install/f110_msgs/share/f110_msgs/cmake/rosidl_cmake_export_typesupport_libraries-extras.cmake
[2.216s] -- Up-to-date: /home/misys/forza_ws/race_stack/install/f110_msgs/share/f110_msgs/cmake/f110_msgsConfig.cmake
[2.216s] -- Up-to-date: /home/misys/forza_ws/race_stack/install/f110_msgs/share/f110_msgs/cmake/f110_msgsConfig-version.cmake
[2.216s] -- Up-to-date: /home/misys/forza_ws/race_stack/install/f110_msgs/share/f110_msgs/package.xml
[3.007s] Invoked command in '/home/misys/forza_ws/race_stack/build/f110_msgs' returned '0': CMAKE_PREFIX_PATH=${CMAKE_PREFIX_PATH}:/home/misys/forza_ws/race_stack/install/f1tenth_stack:/home/misys/forza_ws/race_stack/install/joy_teleop:/home/misys/forza_ws/race_stack/install/steering_lookup:/home/misys/forza_ws/race_stack/install/state_machine:/home/misys/forza_ws/race_stack/install/slam_tuner:/home/misys/forza_ws/race_stack/install/state_estimation:/home/misys/forza_ws/race_stack/install/map_editor:/home/misys/forza_ws/race_stack/install/stack_master:/home/misys/forza_ws/race_stack/install/spline_planner:/home/misys/forza_ws/race_stack/install/sector_tuner:/home/misys/forza_ws/race_stack/install/perception:/home/misys/forza_ws/race_stack/install/particle_filter:/home/misys/forza_ws/race_stack/install/opponent_publisher:/home/misys/forza_ws/race_stack/install/mouse_teleop:/home/misys/forza_ws/race_stack/install/lap_analyser:/home/misys/forza_ws/race_stack/install/key_teleop:/home/misys/forza_ws/race_stack/install/id_controller:/home/misys/forza_ws/race_stack/install/global_planner:/home/misys/forza_ws/race_stack/install/frenet_odom_republisher:/home/misys/forza_ws/race_stack/install/frenet_conversion:/home/misys/forza_ws/race_stack/install/f1tenth_gym_ros:/home/misys/forza_ws/race_stack/install/controller:/opt/ros/humble /usr/bin/cmake --install /home/misys/forza_ws/race_stack/build/f110_msgs
